Scenario - 17_March_2015
Logfile written - 06/14/2016 15:30:45

Subject	Trial	Event Type	Code	Time	TTime	Uncertainty	Duration	Uncertainty	ReqTime	ReqDur	Stim Type	Pair Index

fc5	1	Response	253	20639	30473	1
fc5	2	Picture	10	20663	0	1	20165	2	0	20000	other	0
fc5	3	Picture	10	40994	0	2	40163	4	0	40000	other	0
fc5	3	Response	251	56618	15624	1
fc5	4	Picture	10	81324	0	2	40163	4	0	40000	other	0
fc5	4	Response	252	95616	14292	1
fc5	5	Nothing	91	121489	0	1			0		other	0
fc5	6	Picture	204	151651	0	2	2000	4	0	1920	other	0
fc5	7	Sound	64	163640	0	1			0		hit	10
fc5	7	Response	252	171173	7533	1
fc5	8	Picture	202	198314	0	2	2000	3	0	1920	other	0
fc5	9	Sound	62	210305	0	1			0		hit	13
fc5	9	Response	251	215621	5316	1
fc5	10	Picture	111	246143	0	2	1999	4	0	1920	other	0
fc5	10	Sound	51	250242	4099	1			4100		other	0
fc5	11	Sound	61	258137	0	1			0		hit	17
fc5	11	Response	251	262494	4357	1
fc5	12	Picture	204	292306	0	1	2000	2	0	1920	other	0
fc5	13	Sound	64	304293	0	1			0		hit	20
fc5	13	Response	252	309355	5062	2
fc5	14	Picture	113	340302	0	1	1999	3	0	1920	other	0
fc5	14	Sound	51	345141	4839	1			4840		other	0
fc5	15	Sound	63	352274	0	1			0		hit	24
fc5	15	Response	252	357532	5258	1
fc5	16	Picture	202	387131	0	1	2000	2	0	1920	other	0
fc5	17	Sound	62	399119	0	1			0		hit	27
fc5	17	Response	251	403894	4775	1
fc5	18	Picture	12	434460	0	1	2000	2	0	1920	other	0
fc5	18	Sound	51	438199	3739	1			3740		other	0
fc5	19	Sound	62	446442	0	1			0		hit	31
fc5	19	Response	251	451164	4722	2
fc5	20	Picture	4	480956	0	2	2000	3	0	1920	other	0
fc5	21	Sound	64	492927	0	1			0		hit	34
fc5	21	Response	252	498169	5242	1
fc5	22	Picture	4	528619	0	1	1999	3	0	1920	other	0
fc5	23	Sound	64	540609	0	2			0		hit	37
fc5	23	Response	252	546511	5902	1
fc5	24	Picture	23	575948	0	1	1999	3	0	1920	other	0
fc5	24	Sound	52	582097	6149	2			6150		other	0
fc5	25	Sound	63	587933	0	1			0		hit	41
fc5	25	Response	252	592205	4272	2
fc5	26	Picture	3	623443	0	2	2000	4	0	1920	other	0
fc5	27	Sound	63	635435	0	2			0		hit	44
fc5	27	Response	252	640388	4953	1
fc5	28	Picture	1	669939	0	2	2000	4	0	1920	other	0
fc5	29	Sound	61	681920	0	2			0		hit	47
fc5	29	Response	251	687678	5758	1
fc5	30	Picture	2	716269	0	1	2000	2	0	1920	other	0
fc5	31	Sound	62	728256	0	1			0		hit	50
fc5	31	Response	251	732992	4736	1
fc5	32	Picture	101	763265	0	1	1999	3	0	1920	other	0
fc5	33	Sound	61	775250	0	1			0		hit	53
fc5	33	Response	251	780076	4826	1
fc5	34	Picture	4	809427	0	2	2000	4	0	1920	other	0
fc5	35	Sound	64	821406	0	1			0		hit	56
fc5	35	Response	252	827999	6593	1
fc5	36	Picture	4	856757	0	1	1999	3	0	1920	other	0
fc5	37	Sound	64	868729	0	1			0		hit	59
fc5	37	Response	252	873550	4821	2
fc5	38	Picture	1	903752	0	2	2000	4	0	1920	other	0
fc5	39	Sound	61	915723	0	1			0		hit	62
fc5	39	Response	251	920303	4580	1
fc5	40	Picture	1	950082	0	1	2000	2	0	1920	other	0
fc5	41	Sound	61	962058	0	2			0		hit	65
fc5	41	Response	251	968121	6063	1
fc5	42	Picture	101	997411	0	2	2000	3	0	1920	other	0
fc5	43	Sound	61	1009381	0	2			0		hit	68
fc5	43	Response	251	1013258	3877	1
fc5	44	Picture	101	1044240	0	2	2000	3	0	1920	other	0
fc5	45	Sound	61	1056226	0	1			0		hit	71
fc5	45	Response	251	1061327	5101	1
fc5	46	Picture	2	1090403	0	1	2000	2	0	1920	other	0
fc5	47	Sound	62	1102382	0	1			0		hit	74
fc5	47	Response	251	1108273	5891	2
fc5	48	Picture	204	1136732	0	2	2000	3	0	1920	other	0
fc5	49	Sound	64	1148717	0	1			0		hit	77
fc5	49	Response	252	1154347	5630	1
fc5	50	Picture	24	1183395	0	1	2000	2	0	1920	other	0
fc5	50	Sound	52	1190414	7019	2			7020		other	0
fc5	51	Sound	64	1195382	0	1			0		hit	81
fc5	51	Response	252	1203610	8228	2
fc5	52	Picture	4	1229890	0	2	2000	4	0	1920	other	0
fc5	53	Sound	64	1241867	0	1			0		hit	84
fc5	53	Response	252	1247463	5596	2
fc5	54	Picture	224	1277720	0	1	1999	3	0	1920	other	0
fc5	54	Sound	52	1283449	5729	1			5730		other	0
fc5	55	Sound	64	1289699	0	1			0		hit	88
fc5	55	Response	252	1294185	4486	1
fc5	56	Picture	1	1324882	0	2	2000	3	0	1920	other	0
fc5	57	Sound	61	1336872	0	2			0		hit	91
fc5	57	Response	251	1342541	5669	2
fc5	58	Picture	212	1372045	0	1	2000	2	0	1920	other	0
fc5	58	Sound	51	1375154	3109	2			3110		other	0
fc5	59	Sound	62	1384016	0	1			0		hit	95
fc5	59	Response	251	1388073	4057	1
fc5	60	Picture	13	1419707	0	2	2000	4	0	1920	other	0
fc5	60	Sound	51	1423406	3699	1			3700		other	0
fc5	61	Sound	63	1431698	0	2			0		hit	99
fc5	61	Response	252	1436664	4966	2
fc5	62	Picture	202	1466203	0	2	2000	4	0	1920	other	0
fc5	63	Sound	62	1478184	0	1			0		hit	102
fc5	63	Response	251	1483522	5338	1
fc5	64	Picture	204	1513532	0	2	2000	4	0	1920	other	0
fc5	65	Sound	64	1525507	0	1			0		hit	105
fc5	65	Response	252	1531103	5596	1
fc5	66	Picture	1	1560028	0	2	2000	4	0	1920	other	0
fc5	67	Sound	61	1572022	0	1			0		hit	108
fc5	67	Response	251	1577595	5573	1
fc5	68	Picture	22	1606358	0	1	2000	2	0	1920	other	0
fc5	68	Sound	52	1612447	6089	2			6090		other	0
fc5	69	Sound	62	1618357	0	2			0		hit	112
fc5	69	Response	251	1625555	7198	1
fc5	70	Picture	123	1653687	0	2	2000	3	0	1920	other	0
fc5	70	Sound	52	1661356	7669	2			7670		other	0
fc5	71	Sound	63	1665680	0	2			0		hit	116
fc5	71	Response	252	1671648	5968	1
fc5	72	Picture	2	1701016	0	2	2000	3	0	1920	other	0
fc5	73	Sound	62	1713004	0	1			0		hit	119
fc5	73	Response	251	1718727	5723	1
fc5	74	Picture	103	1747512	0	2	2000	3	0	1920	other	0
fc5	75	Sound	63	1759489	0	1			0		hit	122
fc5	75	Response	252	1764011	4522	1
fc5	76	Picture	204	1794008	0	2	1999	4	0	1920	other	0
fc5	77	Sound	64	1806004	0	1			0		hit	125
fc5	77	Response	252	1812198	6194	1
fc5	78	Picture	214	1841837	0	2	2000	3	0	1920	other	0
fc5	78	Sound	51	1846106	4269	1			4270		other	0
fc5	79	Sound	64	1853836	0	1			0		hit	129
fc5	79	Response	252	1858035	4199	2
fc5	80	Picture	202	1889500	0	1	2000	2	0	1920	other	0
fc5	81	Sound	62	1901488	0	1			0		hit	132
fc5	81	Response	251	1907524	6036	1
fc5	82	Picture	101	1937329	0	1	1999	3	0	1920	other	0
fc5	83	Sound	61	1949320	0	1			0		hit	135
fc5	83	Response	251	1953420	4100	1
fc5	84	Picture	2	1984325	0	1	2000	2	0	1920	other	0
fc5	85	Sound	62	1996314	0	2			0		hit	138
fc5	85	Response	251	2001315	5001	2
fc5	86	Picture	202	2031821	0	1	1999	3	0	1920	other	0
fc5	87	Sound	62	2043817	0	1			0		hit	141
fc5	87	Response	251	2047700	3883	1
fc5	88	Picture	1	2079650	0	1	1999	3	0	1920	other	0
fc5	89	Sound	61	2091649	0	1			0		hit	144
fc5	89	Response	251	2097237	5588	1
fc5	90	Picture	2	2126146	0	1	2000	2	0	1920	other	0
fc5	91	Sound	62	2138134	0	1			0		hit	147
fc5	91	Response	251	2142397	4263	1
fc5	92	Picture	204	2172808	0	2	2000	3	0	1920	other	0
fc5	93	Sound	64	2184799	0	1			0		hit	150
fc5	93	Response	252	2190667	5868	1
fc5	94	Picture	14	2219471	0	1	2000	2	0	1920	other	0
fc5	94	Sound	51	2223980	4509	2			4510		other	0
fc5	95	Sound	64	2231464	0	1			0		hit	154
fc5	95	Response	252	2235908	4444	1
fc5	96	Picture	222	2267133	0	2	2000	4	0	1920	other	0
fc5	96	Sound	52	2275102	7969	1			7970		other	0
fc5	97	Sound	62	2279116	0	1			0		hit	158
fc5	97	Response	251	2286477	7361	2
fc5	98	Picture	103	2313963	0	1	2000	2	0	1920	other	0
fc5	99	Sound	63	2325960	0	2			0		hit	161
fc5	99	Response	252	2331970	6010	1
fc5	100	Picture	2	2361792	0	1	2000	2	0	1920	other	0
fc5	101	Sound	62	2373763	0	1			0		hit	164
fc5	101	Response	251	2378550	4787	1
fc5	102	Picture	103	2409454	0	2	2000	4	0	1920	other	0
fc5	103	Sound	63	2421445	0	1			0		hit	167
fc5	103	Response	252	2426565	5120	2
fc5	104	Picture	11	2457450	0	2	2000	3	0	1920	other	0
fc5	104	Sound	51	2461239	3789	2			3790		other	0
fc5	105	Sound	61	2469427	0	1			0		hit	171
fc5	105	Response	251	2474439	5012	1
fc5	106	Picture	103	2504613	0	1	2000	2	0	1920	other	0
fc5	107	Sound	63	2516600	0	1			0		hit	174
fc5	107	Response	252	2522656	6056	1
fc5	108	Picture	3	2552275	0	1	2000	2	0	1920	other	0
fc5	109	Sound	63	2564253	0	1			0		hit	177
fc5	109	Response	252	2569392	5139	1
fc5	110	Picture	103	2600104	0	2	2000	3	0	1920	other	0
fc5	111	Sound	63	2612085	0	1			0		hit	180
fc5	111	Response	252	2616570	4485	1
fc5	112	Picture	121	2646267	0	2	2000	3	0	1920	other	0
fc5	112	Sound	52	2651906	5639	1			5640		other	0
fc5	113	Sound	61	2658241	0	1			0		hit	184
fc5	113	Response	251	2662965	4724	1
fc5	114	Picture	103	2694263	0	1	1999	3	0	1920	other	0
fc5	115	Sound	63	2706252	0	1			0		hit	187
fc5	115	Response	252	2711437	5185	2
fc5	116	Picture	3	2741592	0	1	2000	2	0	1920	other	0
fc5	117	Sound	63	2753575	0	2			0		hit	190
fc5	117	Response	252	2759648	6073	1
fc5	118	Picture	101	2789588	0	1	2000	2	0	1920	other	0
fc5	119	Sound	61	2801587	0	1			0		hit	193
fc5	119	Response	251	2805975	4388	2
fc5	120	Picture	21	2835917	0	1	2000	2	0	1920	other	0
fc5	120	Sound	52	2844336	8419	2			8420		other	0
fc5	121	Sound	61	2847893	0	1			0		hit	197
fc5	121	Response	251	2853313	5420	1
fc5	122	Picture	202	2883413	0	1	2000	2	0	1920	other	0
fc5	123	Sound	62	2895395	0	2			0		hit	200
fc5	123	Response	251	2902420	7025	1
fc5	124	Picture	3	2931075	0	2	2000	4	0	1920	other	0
fc5	125	Sound	63	2943048	0	1			0		hit	203
fc5	125	Response	252	2947965	4917	1
fc5	126	Picture	4	2977905	0	1	1999	3	0	1920	other	0
fc5	127	Sound	64	2989892	0	1			0		hit	206
fc5	127	Response	252	2994736	4844	2
fc5	128	Picture	3	3025234	0	1	2000	2	0	1920	other	0
fc5	129	Sound	63	3037215	0	2			0		hit	209
fc5	129	Response	252	3041366	4151	2
fc5	130	Picture	3	3072230	0	1	2000	2	0	1920	other	0
fc5	131	Sound	63	3084209	0	1			0		hit	212
fc5	131	Response	252	3089074	4865	2
fc5	132	Picture	101	3118726	0	1	1999	3	0	1920	other	0
fc5	133	Sound	61	3130724	0	2			0		hit	215
fc5	133	Response	251	3135554	4830	1
fc5	134	Response	253	4178647	1011926	1


Event Type	Code	Type	Response	RT	RT Uncertainty	Time	Uncertainty	Duration	Uncertainty	ReqTime	ReqDur

Picture	10	other				20663	1	20165	2	0	20000
Picture	10	other				40994	2	40163	4	0	40000
Picture	10	other				81324	2	40163	4	0	40000
Nothing	91	other				121489	1			0
Picture	204	other				151651	2	2000	4	0	1920
Sound	64	hit	2	7533	2	163640	1			0
Picture	202	other				198314	2	2000	3	0	1920
Sound	62	hit	1	5316	2	210305	1			0
Picture	111	other				246143	2	1999	4	0	1920
Sound	51	other				250242	1			4100
Sound	61	hit	1	4357	2	258137	1			0
Picture	204	other				292306	1	2000	2	0	1920
Sound	64	hit	2	5062	3	304293	1			0
Picture	113	other				340302	1	1999	3	0	1920
Sound	51	other				345141	1			4840
Sound	63	hit	2	5258	2	352274	1			0
Picture	202	other				387131	1	2000	2	0	1920
Sound	62	hit	1	4775	2	399119	1			0
Picture	12	other				434460	1	2000	2	0	1920
Sound	51	other				438199	1			3740
Sound	62	hit	1	4722	3	446442	1			0
Picture	4	other				480956	2	2000	3	0	1920
Sound	64	hit	2	5242	2	492927	1			0
Picture	4	other				528619	1	1999	3	0	1920
Sound	64	hit	2	5902	3	540609	2			0
Picture	23	other				575948	1	1999	3	0	1920
Sound	52	other				582097	2			6150
Sound	63	hit	2	4272	3	587933	1			0
Picture	3	other				623443	2	2000	4	0	1920
Sound	63	hit	2	4953	3	635435	2			0
Picture	1	other				669939	2	2000	4	0	1920
Sound	61	hit	1	5758	3	681920	2			0
Picture	2	other				716269	1	2000	2	0	1920
Sound	62	hit	1	4736	2	728256	1			0
Picture	101	other				763265	1	1999	3	0	1920
Sound	61	hit	1	4826	2	775250	1			0
Picture	4	other				809427	2	2000	4	0	1920
Sound	64	hit	2	6593	2	821406	1			0
Picture	4	other				856757	1	1999	3	0	1920
Sound	64	hit	2	4821	3	868729	1			0
Picture	1	other				903752	2	2000	4	0	1920
Sound	61	hit	1	4580	2	915723	1			0
Picture	1	other				950082	1	2000	2	0	1920
Sound	61	hit	1	6063	3	962058	2			0
Picture	101	other				997411	2	2000	3	0	1920
Sound	61	hit	1	3877	3	1009381	2			0
Picture	101	other				1044240	2	2000	3	0	1920
Sound	61	hit	1	5101	2	1056226	1			0
Picture	2	other				1090403	1	2000	2	0	1920
Sound	62	hit	1	5891	3	1102382	1			0
Picture	204	other				1136732	2	2000	3	0	1920
Sound	64	hit	2	5630	2	1148717	1			0
Picture	24	other				1183395	1	2000	2	0	1920
Sound	52	other				1190414	2			7020
Sound	64	hit	2	8228	3	1195382	1			0
Picture	4	other				1229890	2	2000	4	0	1920
Sound	64	hit	2	5596	3	1241867	1			0
Picture	224	other				1277720	1	1999	3	0	1920
Sound	52	other				1283449	1			5730
Sound	64	hit	2	4486	2	1289699	1			0
Picture	1	other				1324882	2	2000	3	0	1920
Sound	61	hit	1	5669	4	1336872	2			0
Picture	212	other				1372045	1	2000	2	0	1920
Sound	51	other				1375154	2			3110
Sound	62	hit	1	4057	2	1384016	1			0
Picture	13	other				1419707	2	2000	4	0	1920
Sound	51	other				1423406	1			3700
Sound	63	hit	2	4966	4	1431698	2			0
Picture	202	other				1466203	2	2000	4	0	1920
Sound	62	hit	1	5338	2	1478184	1			0
Picture	204	other				1513532	2	2000	4	0	1920
Sound	64	hit	2	5596	2	1525507	1			0
Picture	1	other				1560028	2	2000	4	0	1920
Sound	61	hit	1	5573	2	1572022	1			0
Picture	22	other				1606358	1	2000	2	0	1920
Sound	52	other				1612447	2			6090
Sound	62	hit	1	7198	3	1618357	2			0
Picture	123	other				1653687	2	2000	3	0	1920
Sound	52	other				1661356	2			7670
Sound	63	hit	2	5968	3	1665680	2			0
Picture	2	other				1701016	2	2000	3	0	1920
Sound	62	hit	1	5723	2	1713004	1			0
Picture	103	other				1747512	2	2000	3	0	1920
Sound	63	hit	2	4522	2	1759489	1			0
Picture	204	other				1794008	2	1999	4	0	1920
Sound	64	hit	2	6194	2	1806004	1			0
Picture	214	other				1841837	2	2000	3	0	1920
Sound	51	other				1846106	1			4270
Sound	64	hit	2	4199	3	1853836	1			0
Picture	202	other				1889500	1	2000	2	0	1920
Sound	62	hit	1	6036	2	1901488	1			0
Picture	101	other				1937329	1	1999	3	0	1920
Sound	61	hit	1	4100	2	1949320	1			0
Picture	2	other				1984325	1	2000	2	0	1920
Sound	62	hit	1	5001	4	1996314	2			0
Picture	202	other				2031821	1	1999	3	0	1920
Sound	62	hit	1	3883	2	2043817	1			0
Picture	1	other				2079650	1	1999	3	0	1920
Sound	61	hit	1	5588	2	2091649	1			0
Picture	2	other				2126146	1	2000	2	0	1920
Sound	62	hit	1	4263	2	2138134	1			0
Picture	204	other				2172808	2	2000	3	0	1920
Sound	64	hit	2	5868	2	2184799	1			0
Picture	14	other				2219471	1	2000	2	0	1920
Sound	51	other				2223980	2			4510
Sound	64	hit	2	4444	2	2231464	1			0
Picture	222	other				2267133	2	2000	4	0	1920
Sound	52	other				2275102	1			7970
Sound	62	hit	1	7361	3	2279116	1			0
Picture	103	other				2313963	1	2000	2	0	1920
Sound	63	hit	2	6010	3	2325960	2			0
Picture	2	other				2361792	1	2000	2	0	1920
Sound	62	hit	1	4787	2	2373763	1			0
Picture	103	other				2409454	2	2000	4	0	1920
Sound	63	hit	2	5120	3	2421445	1			0
Picture	11	other				2457450	2	2000	3	0	1920
Sound	51	other				2461239	2			3790
Sound	61	hit	1	5012	2	2469427	1			0
Picture	103	other				2504613	1	2000	2	0	1920
Sound	63	hit	2	6056	2	2516600	1			0
Picture	3	other				2552275	1	2000	2	0	1920
Sound	63	hit	2	5139	2	2564253	1			0
Picture	103	other				2600104	2	2000	3	0	1920
Sound	63	hit	2	4485	2	2612085	1			0
Picture	121	other				2646267	2	2000	3	0	1920
Sound	52	other				2651906	1			5640
Sound	61	hit	1	4724	2	2658241	1			0
Picture	103	other				2694263	1	1999	3	0	1920
Sound	63	hit	2	5185	3	2706252	1			0
Picture	3	other				2741592	1	2000	2	0	1920
Sound	63	hit	2	6073	3	2753575	2			0
Picture	101	other				2789588	1	2000	2	0	1920
Sound	61	hit	1	4388	3	2801587	1			0
Picture	21	other				2835917	1	2000	2	0	1920
Sound	52	other				2844336	2			8420
Sound	61	hit	1	5420	2	2847893	1			0
Picture	202	other				2883413	1	2000	2	0	1920
Sound	62	hit	1	7025	3	2895395	2			0
Picture	3	other				2931075	2	2000	4	0	1920
Sound	63	hit	2	4917	2	2943048	1			0
Picture	4	other				2977905	1	1999	3	0	1920
Sound	64	hit	2	4844	3	2989892	1			0
Picture	3	other				3025234	1	2000	2	0	1920
Sound	63	hit	2	4151	4	3037215	2			0
Picture	3	other				3072230	1	2000	2	0	1920
Sound	63	hit	2	4865	3	3084209	1			0
Picture	101	other				3118726	1	1999	3	0	1920
Sound	61	hit	1	4830	3	3130724	2			0

The following output port codes were not sent because of a conflict on the port.
Port	Code	Time(ms)
1	90	2066.3
