Scenario - 17_March_2015
Logfile written - 06/14/2016 15:03:05

Subject	Trial	Event Type	Code	Time	TTime	Uncertainty	Duration	Uncertainty	ReqTime	ReqDur	Stim Type	Pair Index

fc5	1	Response	253	14010	23843	2
fc5	2	Picture	10	14164	0	1	20164	3	0	20000	other	0
fc5	3	Picture	10	34495	0	2	40163	4	0	40000	other	0
fc5	3	Response	251	55995	21500	1
fc5	4	Picture	10	74825	0	1	40163	3	0	40000	other	0
fc5	4	Response	252	90668	15843	1
fc5	5	Nothing	91	114990	0	1			0		other	0
fc5	6	Picture	21	145152	0	1	2000	2	0	1920	other	0
fc5	6	Sound	52	151041	5889	2			5890		other	0
fc5	7	Sound	61	157144	0	2			0		hit	11
fc5	7	Response	251	165950	8806	2
fc5	8	Picture	3	192815	0	1	1999	3	0	1920	other	0
fc5	9	Sound	63	204797	0	1			0		hit	14
fc5	9	Response	252	210365	5568	2
fc5	10	Picture	1	239644	0	1	2000	2	0	1920	other	0
fc5	11	Sound	61	251641	0	1			0		hit	17
fc5	11	Response	251	262552	10911	1
fc5	12	Picture	113	285806	0	2	2000	4	0	1920	other	0
fc5	12	Sound	51	288605	2799	1			2800		other	0
fc5	13	Sound	63	297797	0	1			0		hit	21
fc5	13	Response	252	305699	7902	1
fc5	14	Picture	202	332469	0	2	2000	3	0	1920	other	0
fc5	15	Sound	62	344462	0	1			0		hit	24
fc5	15	Response	251	349842	5380	1
fc5	16	Picture	1	380465	0	1	2000	2	0	1920	other	0
fc5	17	Sound	61	392443	0	2			0		hit	27
fc5	17	Response	251	397532	5089	2
fc5	18	Picture	4	426961	0	1	2000	2	0	1920	other	0
fc5	19	Sound	64	438958	0	2			0		hit	30
fc5	19	Response	252	444811	5853	1
fc5	20	Picture	101	473124	0	1	1999	3	0	1920	other	0
fc5	21	Sound	61	485114	0	1			0		hit	33
fc5	21	Response	251	491690	6576	1
fc5	22	Picture	4	520953	0	1	1999	3	0	1920	other	0
fc5	23	Sound	64	532946	0	2			0		hit	36
fc5	23	Response	252	538029	5083	2
fc5	24	Picture	3	568282	0	1	2000	2	0	1920	other	0
fc5	25	Sound	63	580270	0	1			0		hit	39
fc5	25	Response	252	587239	6969	1
fc5	26	Picture	224	616111	0	1	2000	2	0	1920	other	0
fc5	26	Sound	52	622450	6339	2			6340		other	0
fc5	27	Sound	64	628102	0	1			0		hit	43
fc5	27	Response	252	635574	7472	1
fc5	28	Picture	4	662774	0	1	1999	3	0	1920	other	0
fc5	29	Sound	64	674766	0	2			0		hit	46
fc5	29	Response	252	680225	5459	2
fc5	30	Picture	202	709936	0	2	2000	4	0	1920	other	0
fc5	31	Sound	62	721910	0	1			0		hit	49
fc5	31	Response	251	726358	4448	1
fc5	32	Picture	202	757932	0	2	2000	3	0	1920	other	0
fc5	33	Sound	62	769922	0	1			0		hit	52
fc5	33	Response	251	775513	5591	1
fc5	34	Picture	204	805094	0	2	2001	3	0	1920	other	0
fc5	35	Sound	64	817065	0	2			0		hit	55
fc5	35	Response	252	821519	4454	1
fc5	36	Picture	103	852257	0	2	2000	3	0	1920	other	0
fc5	37	Sound	63	864239	0	1			0		hit	58
fc5	37	Response	252	871089	6850	1
fc5	38	Picture	202	898586	0	2	2000	4	0	1920	other	0
fc5	39	Sound	62	910574	0	2			0		hit	61
fc5	39	Response	251	915848	5274	1
fc5	40	Picture	22	946082	0	2	2000	4	0	1920	other	0
fc5	40	Sound	52	953961	7879	1			7880		other	0
fc5	41	Sound	62	958077	0	1			0		hit	65
fc5	41	Response	251	966053	7976	1
fc5	42	Picture	202	993245	0	1	2000	2	0	1920	other	0
fc5	43	Sound	62	1005221	0	1			0		hit	68
fc5	43	Response	251	1011514	6293	1
fc5	44	Picture	103	1041241	0	1	1999	3	0	1920	other	0
fc5	45	Sound	63	1053232	0	2			0		hit	71
fc5	45	Response	252	1058206	4974	2
fc5	46	Picture	204	1088403	0	2	2000	4	0	1920	other	0
fc5	47	Sound	64	1100376	0	1			0		hit	74
fc5	47	Response	252	1106388	6012	1
fc5	48	Picture	23	1134733	0	1	1999	3	0	1920	other	0
fc5	48	Sound	52	1143042	8309	2			8310		other	0
fc5	49	Sound	63	1146711	0	2			0		hit	78
fc5	49	Response	252	1154976	8265	1
fc5	50	Picture	101	1182395	0	2	2000	3	0	1920	other	0
fc5	51	Sound	61	1194394	0	1			0		hit	81
fc5	51	Response	251	1199053	4659	1
fc5	52	Picture	3	1230224	0	2	2000	4	0	1920	other	0
fc5	53	Sound	63	1242196	0	1			0		hit	84
fc5	53	Response	252	1250492	8296	1
fc5	54	Picture	2	1277553	0	2	2000	4	0	1920	other	0
fc5	55	Sound	62	1289549	0	1			0		hit	87
fc5	55	Response	251	1296010	6461	1
fc5	56	Picture	3	1324383	0	1	2000	2	0	1920	other	0
fc5	57	Sound	63	1336364	0	1			0		hit	90
fc5	57	Response	252	1342546	6182	1
fc5	58	Picture	121	1372045	0	2	2000	3	0	1920	other	0
fc5	58	Sound	52	1380204	8159	2			8160		other	0
fc5	59	Sound	61	1384016	0	1			0		hit	94
fc5	59	Response	251	1391140	7124	1
fc5	60	Picture	1	1418708	0	1	2000	2	0	1920	other	0
fc5	61	Sound	61	1430681	0	1			0		hit	97
fc5	61	Response	251	1437737	7056	1
fc5	62	Picture	2	1466537	0	1	2000	2	0	1920	other	0
fc5	63	Sound	62	1478513	0	1			0		hit	100
fc5	63	Response	251	1484796	6283	1
fc5	64	Picture	103	1514033	0	1	2000	2	0	1920	other	0
fc5	65	Sound	63	1526016	0	1			0		hit	103
fc5	65	Response	252	1530638	4622	1
fc5	66	Picture	222	1561695	0	2	2000	4	0	1920	other	0
fc5	66	Sound	52	1567354	5659	2			5660		other	0
fc5	67	Sound	62	1573668	0	1			0		hit	107
fc5	67	Response	251	1580404	6736	1
fc5	68	Picture	14	1608191	0	2	2000	4	0	1920	other	0
fc5	68	Sound	51	1612421	4230	1			4230		other	0
fc5	69	Sound	64	1620183	0	1			0		hit	111
fc5	69	Response	252	1626352	6169	1
fc5	70	Picture	2	1655354	0	1	2000	2	0	1920	other	0
fc5	71	Sound	62	1667327	0	1			0		hit	114
fc5	71	Response	251	1673826	6499	1
fc5	72	Picture	103	1702183	0	1	2000	2	0	1920	other	0
fc5	73	Sound	63	1714171	0	1			0		hit	117
fc5	73	Response	252	1718703	4532	1
fc5	74	Picture	101	1748679	0	2	2000	3	0	1920	other	0
fc5	75	Sound	61	1760656	0	1			0		hit	120
fc5	75	Response	251	1766773	6117	1
fc5	76	Picture	111	1796508	0	2	2000	3	0	1920	other	0
fc5	76	Sound	51	1800237	3729	2			3730		other	0
fc5	77	Sound	61	1808488	0	1			0		hit	124
fc5	77	Response	251	1813006	4518	2
fc5	78	Picture	202	1843837	0	2	2000	3	0	1920	other	0
fc5	79	Sound	62	1855811	0	1			0		hit	127
fc5	79	Response	251	1860918	5107	1
fc5	80	Picture	1	1891500	0	1	2000	2	0	1920	other	0
fc5	81	Sound	61	1903494	0	1			0		hit	130
fc5	81	Response	251	1909343	5849	2
fc5	82	Picture	4	1937996	0	1	2000	2	0	1920	other	0
fc5	83	Sound	64	1949979	0	1			0		hit	133
fc5	83	Response	252	1955807	5828	1
fc5	84	Picture	101	1984658	0	2	2000	4	0	1920	other	0
fc5	85	Sound	61	1996644	0	1			0		hit	136
fc5	85	Response	251	2001534	4890	1
fc5	86	Picture	204	2030988	0	1	1999	3	0	1920	other	0
fc5	87	Sound	64	2042979	0	1			0		hit	139
fc5	87	Response	252	2049135	6156	1
fc5	88	Picture	13	2078484	0	1	1999	3	0	1920	other	0
fc5	88	Sound	51	2082313	3829	2			3830		other	0
fc5	89	Sound	63	2090482	0	1			0		hit	143
fc5	89	Response	252	2096565	6083	1
fc5	90	Picture	12	2126313	0	1	1999	3	0	1920	other	0
fc5	90	Sound	51	2131512	5199	2			5200		other	0
fc5	91	Sound	62	2138284	0	1			0		hit	147
fc5	91	Response	251	2143692	5408	1
fc5	92	Picture	204	2173809	0	1	1999	3	0	1920	other	0
fc5	93	Sound	64	2185787	0	1			0		hit	150
fc5	93	Response	252	2192425	6638	1
fc5	94	Picture	11	2221471	0	2	2000	3	0	1920	other	0
fc5	94	Sound	51	2224980	3509	1			3510		other	0
fc5	95	Sound	61	2233469	0	1			0		hit	154
fc5	95	Response	251	2239713	6244	1
fc5	96	Picture	3	2268634	0	1	1999	3	0	1920	other	0
fc5	97	Sound	63	2280613	0	1			0		hit	157
fc5	97	Response	252	2286203	5590	2
fc5	98	Picture	212	2316129	0	2	2000	4	0	1920	other	0
fc5	98	Sound	51	2320598	4469	2			4470		other	0
fc5	99	Sound	62	2328116	0	1			0		hit	161
fc5	99	Response	251	2333170	5054	1
fc5	100	Picture	1	2363959	0	1	2000	2	0	1920	other	0
fc5	101	Sound	61	2375948	0	1			0		hit	164
fc5	101	Response	251	2382014	6066	2
fc5	102	Picture	2	2410954	0	2	2000	4	0	1920	other	0
fc5	103	Sound	62	2422941	0	2			0		hit	167
fc5	103	Response	251	2429898	6957	1
fc5	104	Picture	1	2458617	0	2	2000	3	0	1920	other	0
fc5	105	Sound	61	2470594	0	1			0		hit	170
fc5	105	Response	251	2475638	5044	2
fc5	106	Picture	204	2506280	0	1	1999	3	0	1920	other	0
fc5	107	Sound	64	2518276	0	1			0		hit	173
fc5	107	Response	252	2525052	6776	1
fc5	108	Picture	103	2553275	0	2	2000	4	0	1920	other	0
fc5	109	Sound	63	2565270	0	2			0		hit	176
fc5	109	Response	252	2569264	3994	1
fc5	110	Picture	4	2600605	0	1	1999	3	0	1920	other	0
fc5	111	Sound	64	2612593	0	2			0		incorrect	179
fc5	111	Response	251	2621069	8476	2
fc5	111	Response	252	2623197	10604	2
fc5	112	Picture	204	2646934	0	2	2000	3	0	1920	other	0
fc5	113	Sound	64	2658929	0	1			0		hit	183
fc5	113	Response	252	2664129	5200	2
fc5	114	Picture	101	2694263	0	2	2000	4	0	1920	other	0
fc5	115	Sound	61	2706252	0	1			0		hit	186
fc5	115	Response	251	2712010	5758	1
fc5	116	Picture	4	2741092	0	2	2000	4	0	1920	other	0
fc5	117	Sound	64	2753066	0	2			0		hit	189
fc5	117	Response	252	2758577	5511	2
fc5	118	Picture	214	2787755	0	2	2000	3	0	1920	other	0
fc5	118	Sound	51	2792384	4629	2			4630		other	0
fc5	119	Sound	64	2799731	0	1			0		hit	193
fc5	119	Response	252	2805423	5692	1
fc5	120	Picture	2	2834917	0	2	2000	4	0	1920	other	0
fc5	121	Sound	62	2846905	0	1			0		hit	196
fc5	121	Response	251	2853302	6397	1
fc5	122	Picture	103	2881080	0	2	2000	3	0	1920	other	0
fc5	123	Sound	63	2893061	0	1			0		hit	199
fc5	123	Response	252	2899470	6409	2
fc5	124	Picture	101	2928243	0	1	1999	3	0	1920	other	0
fc5	125	Sound	61	2940234	0	1			0		hit	202
fc5	125	Response	251	2952630	12396	1
fc5	126	Picture	2	2974739	0	1	2000	2	0	1920	other	0
fc5	127	Sound	62	2986719	0	2			0		hit	205
fc5	127	Response	251	2991240	4521	1
fc5	128	Picture	24	3021901	0	2	2000	3	0	1920	other	0
fc5	128	Sound	52	3028260	6359	2			6360		other	0
fc5	129	Sound	64	3033893	0	1			0		hit	209
fc5	129	Response	252	3040859	6966	1
fc5	130	Picture	123	3068730	0	2	2000	4	0	1920	other	0
fc5	130	Sound	52	3074569	5839	1			5840		other	0
fc5	131	Sound	63	3080707	0	1			0		hit	213
fc5	131	Response	252	3086938	6231	1
fc5	132	Picture	3	3116726	0	2	2000	3	0	1920	other	0
fc5	133	Sound	63	3128719	0	1			0		hit	216
fc5	133	Response	252	3134037	5318	2
fc5	134	Response	253	3341631	178575	2


Event Type	Code	Type	Response	RT	RT Uncertainty	Time	Uncertainty	Duration	Uncertainty	ReqTime	ReqDur

Picture	10	other				14164	1	20164	3	0	20000
Picture	10	other				34495	2	40163	4	0	40000
Picture	10	other				74825	1	40163	3	0	40000
Nothing	91	other				114990	1			0
Picture	21	other				145152	1	2000	2	0	1920
Sound	52	other				151041	2			5890
Sound	61	hit	1	8806	4	157144	2			0
Picture	3	other				192815	1	1999	3	0	1920
Sound	63	hit	2	5568	3	204797	1			0
Picture	1	other				239644	1	2000	2	0	1920
Sound	61	hit	1	10911	2	251641	1			0
Picture	113	other				285806	2	2000	4	0	1920
Sound	51	other				288605	1			2800
Sound	63	hit	2	7902	2	297797	1			0
Picture	202	other				332469	2	2000	3	0	1920
Sound	62	hit	1	5380	2	344462	1			0
Picture	1	other				380465	1	2000	2	0	1920
Sound	61	hit	1	5089	4	392443	2			0
Picture	4	other				426961	1	2000	2	0	1920
Sound	64	hit	2	5853	3	438958	2			0
Picture	101	other				473124	1	1999	3	0	1920
Sound	61	hit	1	6576	2	485114	1			0
Picture	4	other				520953	1	1999	3	0	1920
Sound	64	hit	2	5083	4	532946	2			0
Picture	3	other				568282	1	2000	2	0	1920
Sound	63	hit	2	6969	2	580270	1			0
Picture	224	other				616111	1	2000	2	0	1920
Sound	52	other				622450	2			6340
Sound	64	hit	2	7472	2	628102	1			0
Picture	4	other				662774	1	1999	3	0	1920
Sound	64	hit	2	5459	4	674766	2			0
Picture	202	other				709936	2	2000	4	0	1920
Sound	62	hit	1	4448	2	721910	1			0
Picture	202	other				757932	2	2000	3	0	1920
Sound	62	hit	1	5591	2	769922	1			0
Picture	204	other				805094	2	2001	3	0	1920
Sound	64	hit	2	4454	3	817065	2			0
Picture	103	other				852257	2	2000	3	0	1920
Sound	63	hit	2	6850	2	864239	1			0
Picture	202	other				898586	2	2000	4	0	1920
Sound	62	hit	1	5274	3	910574	2			0
Picture	22	other				946082	2	2000	4	0	1920
Sound	52	other				953961	1			7880
Sound	62	hit	1	7976	2	958077	1			0
Picture	202	other				993245	1	2000	2	0	1920
Sound	62	hit	1	6293	2	1005221	1			0
Picture	103	other				1041241	1	1999	3	0	1920
Sound	63	hit	2	4974	4	1053232	2			0
Picture	204	other				1088403	2	2000	4	0	1920
Sound	64	hit	2	6012	2	1100376	1			0
Picture	23	other				1134733	1	1999	3	0	1920
Sound	52	other				1143042	2			8310
Sound	63	hit	2	8265	3	1146711	2			0
Picture	101	other				1182395	2	2000	3	0	1920
Sound	61	hit	1	4659	2	1194394	1			0
Picture	3	other				1230224	2	2000	4	0	1920
Sound	63	hit	2	8296	2	1242196	1			0
Picture	2	other				1277553	2	2000	4	0	1920
Sound	62	hit	1	6461	2	1289549	1			0
Picture	3	other				1324383	1	2000	2	0	1920
Sound	63	hit	2	6182	2	1336364	1			0
Picture	121	other				1372045	2	2000	3	0	1920
Sound	52	other				1380204	2			8160
Sound	61	hit	1	7124	2	1384016	1			0
Picture	1	other				1418708	1	2000	2	0	1920
Sound	61	hit	1	7056	2	1430681	1			0
Picture	2	other				1466537	1	2000	2	0	1920
Sound	62	hit	1	6283	2	1478513	1			0
Picture	103	other				1514033	1	2000	2	0	1920
Sound	63	hit	2	4622	2	1526016	1			0
Picture	222	other				1561695	2	2000	4	0	1920
Sound	52	other				1567354	2			5660
Sound	62	hit	1	6736	2	1573668	1			0
Picture	14	other				1608191	2	2000	4	0	1920
Sound	51	other				1612421	1			4230
Sound	64	hit	2	6169	2	1620183	1			0
Picture	2	other				1655354	1	2000	2	0	1920
Sound	62	hit	1	6499	2	1667327	1			0
Picture	103	other				1702183	1	2000	2	0	1920
Sound	63	hit	2	4532	2	1714171	1			0
Picture	101	other				1748679	2	2000	3	0	1920
Sound	61	hit	1	6117	2	1760656	1			0
Picture	111	other				1796508	2	2000	3	0	1920
Sound	51	other				1800237	2			3730
Sound	61	hit	1	4518	3	1808488	1			0
Picture	202	other				1843837	2	2000	3	0	1920
Sound	62	hit	1	5107	2	1855811	1			0
Picture	1	other				1891500	1	2000	2	0	1920
Sound	61	hit	1	5849	3	1903494	1			0
Picture	4	other				1937996	1	2000	2	0	1920
Sound	64	hit	2	5828	2	1949979	1			0
Picture	101	other				1984658	2	2000	4	0	1920
Sound	61	hit	1	4890	2	1996644	1			0
Picture	204	other				2030988	1	1999	3	0	1920
Sound	64	hit	2	6156	2	2042979	1			0
Picture	13	other				2078484	1	1999	3	0	1920
Sound	51	other				2082313	2			3830
Sound	63	hit	2	6083	2	2090482	1			0
Picture	12	other				2126313	1	1999	3	0	1920
Sound	51	other				2131512	2			5200
Sound	62	hit	1	5408	2	2138284	1			0
Picture	204	other				2173809	1	1999	3	0	1920
Sound	64	hit	2	6638	2	2185787	1			0
Picture	11	other				2221471	2	2000	3	0	1920
Sound	51	other				2224980	1			3510
Sound	61	hit	1	6244	2	2233469	1			0
Picture	3	other				2268634	1	1999	3	0	1920
Sound	63	hit	2	5590	3	2280613	1			0
Picture	212	other				2316129	2	2000	4	0	1920
Sound	51	other				2320598	2			4470
Sound	62	hit	1	5054	2	2328116	1			0
Picture	1	other				2363959	1	2000	2	0	1920
Sound	61	hit	1	6066	3	2375948	1			0
Picture	2	other				2410954	2	2000	4	0	1920
Sound	62	hit	1	6957	3	2422941	2			0
Picture	1	other				2458617	2	2000	3	0	1920
Sound	61	hit	1	5044	3	2470594	1			0
Picture	204	other				2506280	1	1999	3	0	1920
Sound	64	hit	2	6776	2	2518276	1			0
Picture	103	other				2553275	2	2000	4	0	1920
Sound	63	hit	2	3994	3	2565270	2			0
Picture	4	other				2600605	1	1999	3	0	1920
Sound	64	incorrect	1	8476	4	2612593	2			0
Picture	204	other				2646934	2	2000	3	0	1920
Sound	64	hit	2	5200	3	2658929	1			0
Picture	101	other				2694263	2	2000	4	0	1920
Sound	61	hit	1	5758	2	2706252	1			0
Picture	4	other				2741092	2	2000	4	0	1920
Sound	64	hit	2	5511	4	2753066	2			0
Picture	214	other				2787755	2	2000	3	0	1920
Sound	51	other				2792384	2			4630
Sound	64	hit	2	5692	2	2799731	1			0
Picture	2	other				2834917	2	2000	4	0	1920
Sound	62	hit	1	6397	2	2846905	1			0
Picture	103	other				2881080	2	2000	3	0	1920
Sound	63	hit	2	6409	3	2893061	1			0
Picture	101	other				2928243	1	1999	3	0	1920
Sound	61	hit	1	12396	2	2940234	1			0
Picture	2	other				2974739	1	2000	2	0	1920
Sound	62	hit	1	4521	3	2986719	2			0
Picture	24	other				3021901	2	2000	3	0	1920
Sound	52	other				3028260	2			6360
Sound	64	hit	2	6966	2	3033893	1			0
Picture	123	other				3068730	2	2000	4	0	1920
Sound	52	other				3074569	1			5840
Sound	63	hit	2	6231	2	3080707	1			0
Picture	3	other				3116726	2	2000	3	0	1920
Sound	63	hit	2	5318	3	3128719	1			0
