Scenario - 17_March_2015
Logfile written - 05/11/2016 10:03:54

Subject	Trial	Event Type	Code	Time	TTime	Uncertainty	Duration	Uncertainty	ReqTime	ReqDur	Stim Type	Pair Index

fc1	1	Response	253	48503	58336	1
fc1	2	Picture	10	48660	0	1	20165	2	0	20000	other	0
fc1	3	Picture	10	68992	0	1	40162	3	0	40000	other	0
fc1	3	Response	251	93233	24241	1
fc1	4	Picture	10	109321	0	2	40163	4	0	40000	other	0
fc1	4	Response	252	125470	16149	2
fc1	5	Nothing	91	149487	0	1			0		other	0
fc1	6	Picture	202	179648	0	1	2000	2	0	1920	other	0
fc1	7	Sound	62	191629	0	1			0		hit	10
fc1	7	Response	251	203982	12353	2
fc1	8	Picture	2	226310	0	2	2000	3	0	1920	other	0
fc1	9	Sound	62	238293	0	1			0		hit	13
fc1	9	Response	251	244101	5808	1
fc1	10	Picture	113	272806	0	2	2000	3	0	1920	other	0
fc1	10	Sound	51	276125	3319	2			3320		other	0
fc1	11	Sound	63	284778	0	1			0		hit	17
fc1	11	Response	252	291981	7203	1
fc1	12	Picture	1	320468	0	2	2000	3	0	1920	other	0
fc1	13	Sound	61	332460	0	1			0		hit	20
fc1	13	Response	251	341411	8951	1
fc1	14	Picture	101	367130	0	2	2000	4	0	1920	other	0
fc1	15	Sound	61	379124	0	2			0		hit	23
fc1	15	Response	251	385014	5890	1
fc1	16	Picture	212	414793	0	1	1999	3	0	1920	other	0
fc1	16	Sound	51	419652	4859	1			4860		other	0
fc1	17	Sound	62	426777	0	1			0		hit	27
fc1	17	Response	251	439765	12988	1
fc1	18	Picture	2	462122	0	1	1999	3	0	1920	other	0
fc1	19	Sound	62	474100	0	1			0		hit	30
fc1	19	Response	251	480288	6188	1
fc1	20	Picture	24	508951	0	1	1999	3	0	1920	other	0
fc1	20	Sound	52	516280	7329	2			7330		other	0
fc1	21	Sound	64	520944	0	1			0		hit	34
fc1	21	Response	252	531232	10288	1
fc1	22	Picture	12	555280	0	1	1999	3	0	1920	other	0
fc1	22	Sound	51	560179	4899	2			4900		other	0
fc1	23	Sound	62	567279	0	1			0		hit	38
fc1	23	Response	251	578383	11104	1
fc1	24	Picture	1	602442	0	1	2000	2	0	1920	other	0
fc1	25	Sound	61	614422	0	1			0		hit	41
fc1	25	Response	251	625401	10979	2
fc1	26	Picture	2	649938	0	1	1999	3	0	1920	other	0
fc1	27	Sound	62	661925	0	1			0		hit	44
fc1	27	Response	251	669312	7387	1
fc1	28	Picture	4	696100	0	1	2000	2	0	1920	other	0
fc1	29	Sound	64	708080	0	2			0		hit	47
fc1	29	Response	252	714691	6611	1
fc1	30	Picture	111	743262	0	2	2000	3	0	1920	other	0
fc1	30	Sound	51	748191	4929	2			4930		other	0
fc1	31	Sound	61	755254	0	1			0		hit	51
fc1	31	Response	251	764938	9684	1
fc1	32	Picture	204	789591	0	2	2000	4	0	1920	other	0
fc1	33	Sound	64	801589	0	1			0		hit	54
fc1	33	Response	252	808986	7397	2
fc1	34	Picture	202	837420	0	2	2000	4	0	1920	other	0
fc1	35	Sound	62	849391	0	1			0		hit	57
fc1	35	Response	251	857970	8579	1
fc1	36	Picture	3	884083	0	1	1999	3	0	1920	other	0
fc1	37	Sound	63	896055	0	1			0		hit	60
fc1	37	Response	252	903305	7250	1
fc1	38	Picture	202	930911	0	2	2000	4	0	1920	other	0
fc1	39	Sound	62	942899	0	1			0		hit	63
fc1	39	Response	251	949934	7035	2
fc1	40	Picture	2	978740	0	2	2000	4	0	1920	other	0
fc1	41	Sound	62	990731	0	1			0		hit	66
fc1	41	Response	251	997381	6650	2
fc1	42	Picture	3	1025236	0	1	2000	2	0	1920	other	0
fc1	43	Sound	63	1037216	0	1			0		hit	69
fc1	43	Response	252	1042709	5493	1
fc1	44	Picture	101	1072898	0	2	2000	4	0	1920	other	0
fc1	45	Sound	61	1084898	0	1			0		hit	72
fc1	45	Response	251	1091622	6724	1
fc1	46	Picture	21	1120894	0	1	2000	2	0	1920	other	0
fc1	46	Sound	52	1127353	6459	1			6460		other	0
fc1	47	Sound	61	1132879	0	2			0		hit	76
fc1	47	Response	251	1145959	13080	1
fc1	48	Picture	204	1168556	0	2	2000	3	0	1920	other	0
fc1	49	Sound	64	1180531	0	2			0		hit	79
fc1	49	Response	252	1188273	7742	1
fc1	50	Picture	23	1214885	0	2	2000	3	0	1920	other	0
fc1	50	Sound	52	1221004	6119	2			6120		other	0
fc1	51	Sound	63	1226867	0	1			0		incorrect	83
fc1	51	Response	251	1244854	17987	1
fc1	52	Picture	3	1262547	0	2	2000	4	0	1920	other	0
fc1	53	Sound	63	1274519	0	1			0		hit	86
fc1	53	Response	252	1284149	9630	1
fc1	54	Picture	103	1308710	0	1	1999	3	0	1920	other	0
fc1	55	Sound	63	1320704	0	2			0		hit	89
fc1	55	Response	252	1326493	5789	2
fc1	56	Picture	103	1355705	0	2	2000	4	0	1920	other	0
fc1	57	Sound	63	1367698	0	1			0		hit	92
fc1	57	Response	252	1374767	7069	2
fc1	58	Picture	1	1402368	0	1	1999	3	0	1920	other	0
fc1	59	Sound	61	1414362	0	2			0		hit	95
fc1	59	Response	251	1421854	7492	1
fc1	60	Picture	4	1449863	0	2	2000	4	0	1920	other	0
fc1	61	Sound	64	1461835	0	1			0		hit	98
fc1	61	Response	252	1468964	7129	1
fc1	62	Picture	214	1496192	0	2	2000	4	0	1920	other	0
fc1	62	Sound	51	1500901	4709	1			4710		other	0
fc1	63	Sound	64	1508170	0	1			0		hit	102
fc1	63	Response	252	1522782	14612	1
fc1	64	Picture	204	1543355	0	1	1999	3	0	1920	other	0
fc1	65	Sound	64	1555343	0	2			0		hit	105
fc1	65	Response	252	1563106	7763	1
fc1	66	Picture	202	1591017	0	1	2000	2	0	1920	other	0
fc1	67	Sound	62	1602996	0	1			0		hit	108
fc1	67	Response	251	1611881	8885	2
fc1	68	Picture	101	1637346	0	1	2000	2	0	1920	other	0
fc1	69	Sound	61	1649331	0	1			0		hit	111
fc1	69	Response	251	1663654	14323	1
fc1	70	Picture	11	1683841	0	2	2000	4	0	1920	other	0
fc1	70	Sound	51	1687270	3429	2			3430		other	0
fc1	71	Sound	61	1695816	0	1			0		hit	115
fc1	71	Response	251	1702754	6938	1
fc1	72	Picture	222	1730837	0	2	2000	3	0	1920	other	0
fc1	72	Sound	52	1737936	7099	2			7100		other	0
fc1	73	Sound	62	1742809	0	2			0		hit	119
fc1	73	Response	251	1751725	8916	1
fc1	74	Picture	4	1778000	0	1	1999	3	0	1920	other	0
fc1	75	Sound	64	1789983	0	1			0		hit	122
fc1	75	Response	252	1799961	9978	2
fc1	76	Picture	3	1824495	0	2	2000	3	0	1920	other	0
fc1	77	Sound	63	1836467	0	2			0		hit	125
fc1	77	Response	252	1852287	15820	2
fc1	78	Picture	22	1870824	0	2	2000	4	0	1920	other	0
fc1	78	Sound	52	1877523	6699	1			6700		other	0
fc1	79	Sound	62	1882803	0	1			0		hit	129
fc1	79	Response	251	1889742	6939	1
fc1	80	Picture	202	1917986	0	2	2000	4	0	1920	other	0
fc1	81	Sound	62	1929976	0	1			0		hit	132
fc1	81	Response	251	1937532	7556	2
fc1	82	Picture	1	1966149	0	1	1999	3	0	1920	other	0
fc1	83	Sound	61	1978137	0	1			0		hit	135
fc1	83	Response	251	1985405	7268	2
fc1	84	Picture	204	2013978	0	1	1999	3	0	1920	other	0
fc1	85	Sound	64	2025969	0	1			0		hit	138
fc1	85	Response	252	2033895	7926	2
fc1	86	Picture	101	2060140	0	1	2000	2	0	1920	other	0
fc1	87	Sound	61	2072124	0	2			0		hit	141
fc1	87	Response	251	2080479	8355	1
fc1	88	Picture	101	2106802	0	2	2000	3	0	1920	other	0
fc1	89	Sound	61	2118789	0	1			0		hit	144
fc1	89	Response	251	2128468	9679	1
fc1	90	Picture	1	2154631	0	2	2000	3	0	1920	other	0
fc1	91	Sound	61	2166621	0	1			0		hit	147
fc1	91	Response	251	2171945	5324	1
fc1	92	Picture	4	2202127	0	1	2000	2	0	1920	other	0
fc1	93	Sound	64	2214123	0	1			0		hit	150
fc1	93	Response	252	2220866	6743	1
fc1	94	Picture	101	2248956	0	1	2000	2	0	1920	other	0
fc1	95	Sound	61	2260937	0	1			0		hit	153
fc1	95	Response	251	2270715	9778	1
fc1	96	Picture	3	2295951	0	2	2000	4	0	1920	other	0
fc1	97	Sound	63	2307931	0	1			0		hit	156
fc1	97	Response	252	2316326	8395	2
fc1	98	Picture	14	2343947	0	1	2000	2	0	1920	other	0
fc1	98	Sound	51	2349146	5199	1			5200		other	0
fc1	99	Sound	64	2355942	0	2			0		hit	160
fc1	99	Response	252	2365611	9669	1
fc1	100	Picture	103	2391276	0	1	1999	3	0	1920	other	0
fc1	101	Sound	63	2403265	0	2			0		hit	163
fc1	101	Response	252	2408534	5269	2
fc1	102	Picture	2	2438438	0	2	2000	3	0	1920	other	0
fc1	103	Sound	62	2450409	0	1			0		hit	166
fc1	103	Response	251	2456249	5840	1
fc1	104	Picture	4	2486100	0	2	2000	4	0	1920	other	0
fc1	105	Sound	64	2498091	0	1			0		hit	169
fc1	105	Response	252	2504227	6136	1
fc1	106	Picture	103	2533429	0	2	2000	4	0	1920	other	0
fc1	107	Sound	63	2545414	0	1			0		hit	172
fc1	107	Response	252	2552119	6705	2
fc1	108	Picture	121	2581091	0	2	2000	4	0	1920	other	0
fc1	108	Sound	52	2588000	6909	2			6910		other	0
fc1	109	Sound	61	2593066	0	1			0		hit	176
fc1	109	Response	251	2604475	11409	1
fc1	110	Picture	3	2627754	0	1	2000	2	0	1920	other	0
fc1	111	Sound	63	2639730	0	1			0		hit	179
fc1	111	Response	252	2650176	10446	1
fc1	112	Picture	202	2675416	0	1	2000	3	0	1920	other	0
fc1	113	Sound	62	2687412	0	2			0		hit	182
fc1	113	Response	251	2695384	7972	1
fc1	114	Picture	13	2721578	0	2	2000	4	0	1920	other	0
fc1	114	Sound	51	2724147	2569	1			2570		other	0
fc1	115	Sound	63	2733568	0	1			0		hit	186
fc1	115	Response	252	2740472	6904	2
fc1	116	Picture	123	2767907	0	2	2000	4	0	1920	other	0
fc1	116	Sound	52	2773486	5579	2			5580		other	0
fc1	117	Sound	63	2779903	0	1			0		hit	190
fc1	117	Response	252	2791353	11450	2
fc1	118	Picture	2	2815736	0	2	2000	4	0	1920	other	0
fc1	119	Sound	62	2827735	0	1			0		hit	193
fc1	119	Response	251	2833466	5731	1
fc1	120	Picture	204	2862065	0	2	2000	3	0	1920	other	0
fc1	121	Sound	64	2874040	0	1			0		hit	196
fc1	121	Response	252	2885244	11204	2
fc1	122	Picture	4	2908561	0	1	2000	2	0	1920	other	0
fc1	123	Sound	64	2920555	0	1			0		hit	199
fc1	123	Response	252	2927918	7363	1
fc1	124	Picture	224	2955223	0	2	2000	4	0	1920	other	0
fc1	124	Sound	52	2961552	6329	2			6330		other	0
fc1	125	Sound	64	2967219	0	2			0		hit	203
fc1	125	Response	252	2978184	10965	1
fc1	126	Picture	103	3002552	0	2	2000	4	0	1920	other	0
fc1	127	Sound	63	3014542	0	1			0		hit	206
fc1	127	Response	252	3021364	6822	1
fc1	128	Picture	1	3050714	0	2	2000	4	0	1920	other	0
fc1	129	Sound	61	3062703	0	1			0		hit	209
fc1	129	Response	251	3070174	7471	1
fc1	130	Picture	103	3098377	0	1	1999	3	0	1920	other	0
fc1	131	Sound	63	3110356	0	1			0		hit	212
fc1	131	Response	252	3119193	8837	2
fc1	132	Picture	204	3145206	0	1	1999	3	0	1920	other	0
fc1	133	Sound	64	3157200	0	1			0		hit	215
fc1	133	Response	252	3163171	5971	1
fc1	134	Response	253	3428344	235143	1


Event Type	Code	Type	Response	RT	RT Uncertainty	Time	Uncertainty	Duration	Uncertainty	ReqTime	ReqDur

Picture	10	other				48660	1	20165	2	0	20000
Picture	10	other				68992	1	40162	3	0	40000
Picture	10	other				109321	2	40163	4	0	40000
Nothing	91	other				149487	1			0
Picture	202	other				179648	1	2000	2	0	1920
Sound	62	hit	1	12353	3	191629	1			0
Picture	2	other				226310	2	2000	3	0	1920
Sound	62	hit	1	5808	2	238293	1			0
Picture	113	other				272806	2	2000	3	0	1920
Sound	51	other				276125	2			3320
Sound	63	hit	2	7203	2	284778	1			0
Picture	1	other				320468	2	2000	3	0	1920
Sound	61	hit	1	8951	2	332460	1			0
Picture	101	other				367130	2	2000	4	0	1920
Sound	61	hit	1	5890	3	379124	2			0
Picture	212	other				414793	1	1999	3	0	1920
Sound	51	other				419652	1			4860
Sound	62	hit	1	12988	2	426777	1			0
Picture	2	other				462122	1	1999	3	0	1920
Sound	62	hit	1	6188	2	474100	1			0
Picture	24	other				508951	1	1999	3	0	1920
Sound	52	other				516280	2			7330
Sound	64	hit	2	10288	2	520944	1			0
Picture	12	other				555280	1	1999	3	0	1920
Sound	51	other				560179	2			4900
Sound	62	hit	1	11104	2	567279	1			0
Picture	1	other				602442	1	2000	2	0	1920
Sound	61	hit	1	10979	3	614422	1			0
Picture	2	other				649938	1	1999	3	0	1920
Sound	62	hit	1	7387	2	661925	1			0
Picture	4	other				696100	1	2000	2	0	1920
Sound	64	hit	2	6611	3	708080	2			0
Picture	111	other				743262	2	2000	3	0	1920
Sound	51	other				748191	2			4930
Sound	61	hit	1	9684	2	755254	1			0
Picture	204	other				789591	2	2000	4	0	1920
Sound	64	hit	2	7397	3	801589	1			0
Picture	202	other				837420	2	2000	4	0	1920
Sound	62	hit	1	8579	2	849391	1			0
Picture	3	other				884083	1	1999	3	0	1920
Sound	63	hit	2	7250	2	896055	1			0
Picture	202	other				930911	2	2000	4	0	1920
Sound	62	hit	1	7035	3	942899	1			0
Picture	2	other				978740	2	2000	4	0	1920
Sound	62	hit	1	6650	3	990731	1			0
Picture	3	other				1025236	1	2000	2	0	1920
Sound	63	hit	2	5493	2	1037216	1			0
Picture	101	other				1072898	2	2000	4	0	1920
Sound	61	hit	1	6724	2	1084898	1			0
Picture	21	other				1120894	1	2000	2	0	1920
Sound	52	other				1127353	1			6460
Sound	61	hit	1	13080	3	1132879	2			0
Picture	204	other				1168556	2	2000	3	0	1920
Sound	64	hit	2	7742	3	1180531	2			0
Picture	23	other				1214885	2	2000	3	0	1920
Sound	52	other				1221004	2			6120
Sound	63	incorrect	1	17987	2	1226867	1			0
Picture	3	other				1262547	2	2000	4	0	1920
Sound	63	hit	2	9630	2	1274519	1			0
Picture	103	other				1308710	1	1999	3	0	1920
Sound	63	hit	2	5789	4	1320704	2			0
Picture	103	other				1355705	2	2000	4	0	1920
Sound	63	hit	2	7069	3	1367698	1			0
Picture	1	other				1402368	1	1999	3	0	1920
Sound	61	hit	1	7492	3	1414362	2			0
Picture	4	other				1449863	2	2000	4	0	1920
Sound	64	hit	2	7129	2	1461835	1			0
Picture	214	other				1496192	2	2000	4	0	1920
Sound	51	other				1500901	1			4710
Sound	64	hit	2	14612	2	1508170	1			0
Picture	204	other				1543355	1	1999	3	0	1920
Sound	64	hit	2	7763	3	1555343	2			0
Picture	202	other				1591017	1	2000	2	0	1920
Sound	62	hit	1	8885	3	1602996	1			0
Picture	101	other				1637346	1	2000	2	0	1920
Sound	61	hit	1	14323	2	1649331	1			0
Picture	11	other				1683841	2	2000	4	0	1920
Sound	51	other				1687270	2			3430
Sound	61	hit	1	6938	2	1695816	1			0
Picture	222	other				1730837	2	2000	3	0	1920
Sound	52	other				1737936	2			7100
Sound	62	hit	1	8916	3	1742809	2			0
Picture	4	other				1778000	1	1999	3	0	1920
Sound	64	hit	2	9978	3	1789983	1			0
Picture	3	other				1824495	2	2000	3	0	1920
Sound	63	hit	2	15820	4	1836467	2			0
Picture	22	other				1870824	2	2000	4	0	1920
Sound	52	other				1877523	1			6700
Sound	62	hit	1	6939	2	1882803	1			0
Picture	202	other				1917986	2	2000	4	0	1920
Sound	62	hit	1	7556	3	1929976	1			0
Picture	1	other				1966149	1	1999	3	0	1920
Sound	61	hit	1	7268	3	1978137	1			0
Picture	204	other				2013978	1	1999	3	0	1920
Sound	64	hit	2	7926	3	2025969	1			0
Picture	101	other				2060140	1	2000	2	0	1920
Sound	61	hit	1	8355	3	2072124	2			0
Picture	101	other				2106802	2	2000	3	0	1920
Sound	61	hit	1	9679	2	2118789	1			0
Picture	1	other				2154631	2	2000	3	0	1920
Sound	61	hit	1	5324	2	2166621	1			0
Picture	4	other				2202127	1	2000	2	0	1920
Sound	64	hit	2	6743	2	2214123	1			0
Picture	101	other				2248956	1	2000	2	0	1920
Sound	61	hit	1	9778	2	2260937	1			0
Picture	3	other				2295951	2	2000	4	0	1920
Sound	63	hit	2	8395	3	2307931	1			0
Picture	14	other				2343947	1	2000	2	0	1920
Sound	51	other				2349146	1			5200
Sound	64	hit	2	9669	3	2355942	2			0
Picture	103	other				2391276	1	1999	3	0	1920
Sound	63	hit	2	5269	4	2403265	2			0
Picture	2	other				2438438	2	2000	3	0	1920
Sound	62	hit	1	5840	2	2450409	1			0
Picture	4	other				2486100	2	2000	4	0	1920
Sound	64	hit	2	6136	2	2498091	1			0
Picture	103	other				2533429	2	2000	4	0	1920
Sound	63	hit	2	6705	3	2545414	1			0
Picture	121	other				2581091	2	2000	4	0	1920
Sound	52	other				2588000	2			6910
Sound	61	hit	1	11409	2	2593066	1			0
Picture	3	other				2627754	1	2000	2	0	1920
Sound	63	hit	2	10446	2	2639730	1			0
Picture	202	other				2675416	1	2000	3	0	1920
Sound	62	hit	1	7972	3	2687412	2			0
Picture	13	other				2721578	2	2000	4	0	1920
Sound	51	other				2724147	1			2570
Sound	63	hit	2	6904	3	2733568	1			0
Picture	123	other				2767907	2	2000	4	0	1920
Sound	52	other				2773486	2			5580
Sound	63	hit	2	11450	3	2779903	1			0
Picture	2	other				2815736	2	2000	4	0	1920
Sound	62	hit	1	5731	2	2827735	1			0
Picture	204	other				2862065	2	2000	3	0	1920
Sound	64	hit	2	11204	3	2874040	1			0
Picture	4	other				2908561	1	2000	2	0	1920
Sound	64	hit	2	7363	2	2920555	1			0
Picture	224	other				2955223	2	2000	4	0	1920
Sound	52	other				2961552	2			6330
Sound	64	hit	2	10965	3	2967219	2			0
Picture	103	other				3002552	2	2000	4	0	1920
Sound	63	hit	2	6822	2	3014542	1			0
Picture	1	other				3050714	2	2000	4	0	1920
Sound	61	hit	1	7471	2	3062703	1			0
Picture	103	other				3098377	1	1999	3	0	1920
Sound	63	hit	2	8837	3	3110356	1			0
Picture	204	other				3145206	1	1999	3	0	1920
Sound	64	hit	2	5971	2	3157200	1			0
