Scenario - 17_March_2015
Logfile written - 05/11/2016 11:14:57

Subject	Trial	Event Type	Code	Time	TTime	Uncertainty	Duration	Uncertainty	ReqTime	ReqDur	Stim Type	Pair Index

fc1	1	Response	253	52033	61867	1
fc1	2	Picture	10	52160	0	1	20164	3	0	20000	other	0
fc1	3	Picture	10	72491	0	2	40163	3	0	40000	other	0
fc1	3	Response	251	91916	19425	1
fc1	4	Picture	10	112821	0	1	40163	2	0	40000	other	0
fc1	4	Response	252	129570	16749	2
fc1	5	Nothing	91	152986	0	2			0		other	0
fc1	6	Picture	204	183148	0	1	1999	3	0	1920	other	0
fc1	7	Sound	64	195128	0	1			0		hit	10
fc1	7	Response	252	201425	6297	1
fc1	8	Picture	202	229810	0	1	1999	3	0	1920	other	0
fc1	9	Sound	62	241792	0	2			0		hit	13
fc1	9	Response	251	249795	8003	2
fc1	10	Picture	111	277639	0	1	2000	2	0	1920	other	0
fc1	10	Sound	51	281738	4099	1			4100		other	0
fc1	11	Sound	61	289624	0	1			0		hit	17
fc1	11	Response	251	300380	10756	2
fc1	12	Picture	204	323801	0	2	2000	3	0	1920	other	0
fc1	13	Sound	64	335780	0	1			0		hit	20
fc1	13	Response	252	352472	16692	2
fc1	14	Picture	113	371797	0	1	1999	3	0	1920	other	0
fc1	14	Sound	51	376637	4840	1			4840		other	0
fc1	15	Sound	63	383791	0	1			0		hit	24
fc1	15	Response	252	390981	7190	1
fc1	16	Picture	202	418625	0	2	2000	4	0	1920	other	0
fc1	17	Sound	62	430605	0	1			0		hit	27
fc1	17	Response	251	436981	6376	1
fc1	18	Picture	12	465955	0	1	1999	3	0	1920	other	0
fc1	18	Sound	51	469694	3739	1			3740		other	0
fc1	19	Sound	62	477928	0	1			0		hit	31
fc1	19	Response	251	485232	7304	2
fc1	20	Picture	4	512450	0	2	2000	3	0	1920	other	0
fc1	21	Sound	64	524443	0	1			0		hit	34
fc1	21	Response	252	532495	8052	1
fc1	22	Picture	4	560113	0	1	1999	3	0	1920	other	0
fc1	23	Sound	64	572095	0	1			0		hit	37
fc1	23	Response	252	579821	7726	1
fc1	24	Picture	23	607441	0	2	2000	4	0	1920	other	0
fc1	24	Sound	52	613590	6149	2			6150		other	0
fc1	25	Sound	63	619418	0	1			0		hit	41
fc1	25	Response	252	627294	7876	1
fc1	26	Picture	3	654937	0	1	2000	2	0	1920	other	0
fc1	27	Sound	63	666920	0	2			0		hit	44
fc1	27	Response	252	672683	5763	2
fc1	28	Picture	1	701432	0	2	2000	4	0	1920	other	0
fc1	29	Sound	61	713405	0	2			0		hit	47
fc1	29	Response	251	719746	6341	2
fc1	30	Picture	2	747761	0	2	2000	4	0	1920	other	0
fc1	31	Sound	62	759740	0	2			0		hit	50
fc1	31	Response	251	769710	9970	2
fc1	32	Picture	101	794757	0	2	2000	4	0	1920	other	0
fc1	33	Sound	61	806734	0	1			0		hit	53
fc1	33	Response	251	813432	6698	2
fc1	34	Picture	4	840920	0	1	1999	3	0	1920	other	0
fc1	35	Sound	64	852920	0	1			0		hit	56
fc1	35	Response	252	858720	5800	1
fc1	36	Picture	4	888249	0	1	1999	3	0	1920	other	0
fc1	37	Sound	64	900243	0	1			0		hit	59
fc1	37	Response	252	904557	4314	2
fc1	38	Picture	1	935244	0	2	2000	3	0	1920	other	0
fc1	39	Sound	61	947236	0	2			0		hit	62
fc1	39	Response	251	953486	6250	1
fc1	40	Picture	1	981740	0	1	2000	2	0	1920	other	0
fc1	41	Sound	61	993721	0	1			0		hit	65
fc1	41	Response	251	1001474	7753	1
fc1	42	Picture	101	1029069	0	1	2000	2	0	1920	other	0
fc1	43	Sound	61	1041044	0	1			0		hit	68
fc1	43	Response	251	1045508	4464	1
fc1	44	Picture	101	1075898	0	1	2000	2	0	1920	other	0
fc1	45	Sound	61	1087888	0	1			0		hit	71
fc1	45	Response	251	1093888	6000	2
fc1	46	Picture	2	1122227	0	1	2000	3	0	1920	other	0
fc1	47	Sound	62	1134223	0	2			0		hit	74
fc1	47	Response	251	1140022	5799	2
fc1	48	Picture	204	1168556	0	1	2000	2	0	1920	other	0
fc1	49	Sound	64	1180529	0	1			0		hit	77
fc1	49	Response	252	1188231	7702	1
fc1	50	Picture	24	1215218	0	2	2000	4	0	1920	other	0
fc1	50	Sound	52	1222237	7019	2			7020		other	0
fc1	51	Sound	64	1227193	0	1			0		hit	81
fc1	51	Response	252	1236766	9573	2
fc1	52	Picture	4	1261714	0	1	2000	2	0	1920	other	0
fc1	53	Sound	64	1273708	0	1			0		hit	84
fc1	53	Response	252	1278746	5038	1
fc1	54	Picture	224	1309543	0	1	2000	2	0	1920	other	0
fc1	54	Sound	52	1315272	5729	1			5730		other	0
fc1	55	Sound	64	1321540	0	1			0		hit	88
fc1	55	Response	252	1326737	5197	2
fc1	56	Picture	1	1356705	0	2	2000	3	0	1920	other	0
fc1	57	Sound	61	1368683	0	1			0		hit	91
fc1	57	Response	251	1376476	7793	1
fc1	58	Picture	212	1403867	0	2	2000	4	0	1920	other	0
fc1	58	Sound	51	1406976	3109	2			3110		other	0
fc1	59	Sound	62	1415856	0	1			0		hit	95
fc1	59	Response	251	1420765	4909	1
fc1	60	Picture	13	1451530	0	1	1999	3	0	1920	other	0
fc1	60	Sound	51	1455229	3699	2			3700		other	0
fc1	61	Sound	63	1463508	0	2			0		hit	99
fc1	61	Response	252	1468540	5032	2
fc1	61	Response	252	1473026	9518	2
fc1	62	Picture	202	1498025	0	2	2000	3	0	1920	other	0
fc1	63	Sound	62	1510023	0	1			0		hit	103
fc1	63	Response	251	1518391	8368	1
fc1	64	Picture	204	1545354	0	2	2000	3	0	1920	other	0
fc1	65	Sound	64	1557346	0	1			0		hit	106
fc1	65	Response	252	1562159	4813	2
fc1	66	Picture	1	1591850	0	1	2000	2	0	1920	other	0
fc1	67	Sound	61	1603831	0	1			0		hit	109
fc1	67	Response	251	1611434	7603	2
fc1	68	Picture	22	1638179	0	1	2000	2	0	1920	other	0
fc1	68	Sound	52	1644268	6089	1			6090		other	0
fc1	69	Sound	62	1650166	0	1			0		hit	113
fc1	69	Response	251	1663999	13833	1
fc1	70	Picture	123	1685508	0	1	2000	2	0	1920	other	0
fc1	70	Sound	52	1693177	7669	1			7670		other	0
fc1	71	Sound	63	1697489	0	1			0		hit	117
fc1	71	Response	252	1705678	8189	2
fc1	72	Picture	2	1732837	0	1	2000	2	0	1920	other	0
fc1	73	Sound	62	1744812	0	1			0		hit	120
fc1	73	Response	251	1755508	10696	1
fc1	74	Picture	103	1779332	0	2	2000	4	0	1920	other	0
fc1	75	Sound	63	1791327	0	1			0		hit	123
fc1	75	Response	252	1796201	4874	2
fc1	76	Picture	204	1825828	0	2	1999	4	0	1920	other	0
fc1	77	Sound	64	1837811	0	2			0		hit	126
fc1	77	Response	252	1845648	7837	1
fc1	78	Picture	214	1873657	0	1	2000	2	0	1920	other	0
fc1	78	Sound	51	1877926	4269	2			4270		other	0
fc1	79	Sound	64	1885643	0	1			0		hit	130
fc1	79	Response	252	1891856	6213	2
fc1	80	Picture	202	1921153	0	1	2000	2	0	1920	other	0
fc1	81	Sound	62	1933146	0	1			0		hit	133
fc1	81	Response	251	1946592	13446	1
fc1	82	Picture	101	1968981	0	2	2000	4	0	1920	other	0
fc1	83	Sound	61	1980978	0	1			0		hit	136
fc1	83	Response	251	1985952	4974	1
fc1	84	Picture	2	2015977	0	2	2000	3	0	1920	other	0
fc1	85	Sound	62	2027971	0	1			0		hit	139
fc1	85	Response	251	2035274	7303	1
fc1	86	Picture	202	2063639	0	2	2000	4	0	1920	other	0
fc1	87	Sound	62	2075624	0	1			0		hit	142
fc1	87	Response	251	2082628	7004	1
fc1	88	Picture	1	2111468	0	2	2000	4	0	1920	other	0
fc1	89	Sound	61	2123455	0	2			0		hit	145
fc1	89	Response	251	2129548	6093	1
fc1	90	Picture	2	2157964	0	1	2000	2	0	1920	other	0
fc1	91	Sound	62	2169940	0	1			0		hit	148
fc1	91	Response	251	2175983	6043	1
fc1	92	Picture	204	2204626	0	2	2000	4	0	1920	other	0
fc1	93	Sound	64	2216605	0	1			0		hit	151
fc1	93	Response	252	2221948	5343	1
fc1	94	Picture	14	2251288	0	2	2000	4	0	1920	other	0
fc1	94	Sound	51	2255797	4509	1			4510		other	0
fc1	95	Sound	64	2263269	0	1			0		hit	155
fc1	95	Response	252	2268953	5684	1
fc1	96	Picture	222	2298951	0	1	2000	2	0	1920	other	0
fc1	96	Sound	52	2306920	7969	2			7970		other	0
fc1	97	Sound	62	2310951	0	1			0		hit	159
fc1	97	Response	251	2318410	7459	2
fc1	98	Picture	103	2345946	0	2	2000	4	0	1920	other	0
fc1	99	Sound	63	2357945	0	1			0		hit	162
fc1	99	Response	252	2369540	11595	2
fc1	100	Picture	2	2393775	0	2	2000	3	0	1920	other	0
fc1	101	Sound	62	2405747	0	1			0		hit	165
fc1	101	Response	251	2412491	6744	1
fc1	102	Picture	103	2441438	0	1	1999	3	0	1920	other	0
fc1	103	Sound	63	2453429	0	1			0		hit	168
fc1	103	Response	252	2461186	7757	1
fc1	104	Picture	11	2489433	0	1	2000	2	0	1920	other	0
fc1	104	Sound	51	2493222	3789	2			3790		other	0
fc1	105	Sound	61	2501410	0	1			0		hit	172
fc1	105	Response	251	2508133	6723	1
fc1	106	Picture	103	2536595	0	2	2000	4	0	1920	other	0
fc1	107	Sound	63	2548584	0	1			0		hit	175
fc1	107	Response	252	2557373	8789	1
fc1	108	Picture	3	2584257	0	2	2000	4	0	1920	other	0
fc1	109	Sound	63	2596236	0	1			0		hit	178
fc1	109	Response	252	2601066	4830	1
fc1	110	Picture	103	2632087	0	1	1999	3	0	1920	other	0
fc1	111	Sound	63	2644068	0	1			0		hit	181
fc1	111	Response	252	2648367	4299	1
fc1	112	Picture	121	2678249	0	1	2000	2	0	1920	other	0
fc1	112	Sound	52	2683888	5639	2			5640		other	0
fc1	113	Sound	61	2690223	0	1			0		hit	185
fc1	113	Response	251	2696044	5821	2
fc1	114	Picture	103	2726244	0	2	2000	4	0	1920	other	0
fc1	115	Sound	63	2738234	0	2			0		hit	188
fc1	115	Response	252	2745822	7588	1
fc1	116	Picture	3	2773573	0	2	2000	4	0	1920	other	0
fc1	117	Sound	63	2785557	0	2			0		hit	191
fc1	117	Response	252	2791443	5886	2
fc1	118	Picture	101	2821568	0	3	2001	5	0	1920	other	0
fc1	119	Sound	61	2833539	0	1			0		hit	194
fc1	119	Response	251	2839831	6292	2
fc1	120	Picture	21	2867898	0	1	2000	2	0	1920	other	0
fc1	120	Sound	52	2876318	8420	1			8420		other	0
fc1	121	Sound	61	2879874	0	1			0		hit	198
fc1	121	Response	251	2893896	14022	1
fc1	122	Picture	202	2915393	0	2	2000	4	0	1920	other	0
fc1	123	Sound	62	2927376	0	2			0		hit	201
fc1	123	Response	251	2938669	11293	1
fc1	124	Picture	3	2963056	0	1	1999	3	0	1920	other	0
fc1	125	Sound	63	2975029	0	1			0		hit	204
fc1	125	Response	252	2980171	5142	1
fc1	126	Picture	4	3009884	0	2	2001	3	0	1920	other	0
fc1	127	Sound	64	3021873	0	1			0		hit	207
fc1	127	Response	252	3028421	6548	1
fc1	128	Picture	3	3057214	0	1	2000	2	0	1920	other	0
fc1	129	Sound	63	3069196	0	1			0		hit	210
fc1	129	Response	252	3075030	5834	2
fc1	130	Picture	3	3104209	0	2	2000	3	0	1920	other	0
fc1	131	Sound	63	3116189	0	2			0		hit	213
fc1	131	Response	252	3122530	6341	1
fc1	132	Picture	101	3150705	0	1	2000	2	0	1920	other	0
fc1	133	Sound	61	3162704	0	1			0		hit	216
fc1	133	Response	251	3166909	4205	1
fc1	134	Response	253	3322277	123577	1


Event Type	Code	Type	Response	RT	RT Uncertainty	Time	Uncertainty	Duration	Uncertainty	ReqTime	ReqDur

Picture	10	other				52160	1	20164	3	0	20000
Picture	10	other				72491	2	40163	3	0	40000
Picture	10	other				112821	1	40163	2	0	40000
Nothing	91	other				152986	2			0
Picture	204	other				183148	1	1999	3	0	1920
Sound	64	hit	2	6297	2	195128	1			0
Picture	202	other				229810	1	1999	3	0	1920
Sound	62	hit	1	8003	4	241792	2			0
Picture	111	other				277639	1	2000	2	0	1920
Sound	51	other				281738	1			4100
Sound	61	hit	1	10756	3	289624	1			0
Picture	204	other				323801	2	2000	3	0	1920
Sound	64	hit	2	16692	3	335780	1			0
Picture	113	other				371797	1	1999	3	0	1920
Sound	51	other				376637	1			4840
Sound	63	hit	2	7190	2	383791	1			0
Picture	202	other				418625	2	2000	4	0	1920
Sound	62	hit	1	6376	2	430605	1			0
Picture	12	other				465955	1	1999	3	0	1920
Sound	51	other				469694	1			3740
Sound	62	hit	1	7304	3	477928	1			0
Picture	4	other				512450	2	2000	3	0	1920
Sound	64	hit	2	8052	2	524443	1			0
Picture	4	other				560113	1	1999	3	0	1920
Sound	64	hit	2	7726	2	572095	1			0
Picture	23	other				607441	2	2000	4	0	1920
Sound	52	other				613590	2			6150
Sound	63	hit	2	7876	2	619418	1			0
Picture	3	other				654937	1	2000	2	0	1920
Sound	63	hit	2	5763	4	666920	2			0
Picture	1	other				701432	2	2000	4	0	1920
Sound	61	hit	1	6341	4	713405	2			0
Picture	2	other				747761	2	2000	4	0	1920
Sound	62	hit	1	9970	4	759740	2			0
Picture	101	other				794757	2	2000	4	0	1920
Sound	61	hit	1	6698	3	806734	1			0
Picture	4	other				840920	1	1999	3	0	1920
Sound	64	hit	2	5800	2	852920	1			0
Picture	4	other				888249	1	1999	3	0	1920
Sound	64	hit	2	4314	3	900243	1			0
Picture	1	other				935244	2	2000	3	0	1920
Sound	61	hit	1	6250	3	947236	2			0
Picture	1	other				981740	1	2000	2	0	1920
Sound	61	hit	1	7753	2	993721	1			0
Picture	101	other				1029069	1	2000	2	0	1920
Sound	61	hit	1	4464	2	1041044	1			0
Picture	101	other				1075898	1	2000	2	0	1920
Sound	61	hit	1	6000	3	1087888	1			0
Picture	2	other				1122227	1	2000	3	0	1920
Sound	62	hit	1	5799	4	1134223	2			0
Picture	204	other				1168556	1	2000	2	0	1920
Sound	64	hit	2	7702	2	1180529	1			0
Picture	24	other				1215218	2	2000	4	0	1920
Sound	52	other				1222237	2			7020
Sound	64	hit	2	9573	3	1227193	1			0
Picture	4	other				1261714	1	2000	2	0	1920
Sound	64	hit	2	5038	2	1273708	1			0
Picture	224	other				1309543	1	2000	2	0	1920
Sound	52	other				1315272	1			5730
Sound	64	hit	2	5197	3	1321540	1			0
Picture	1	other				1356705	2	2000	3	0	1920
Sound	61	hit	1	7793	2	1368683	1			0
Picture	212	other				1403867	2	2000	4	0	1920
Sound	51	other				1406976	2			3110
Sound	62	hit	1	4909	2	1415856	1			0
Picture	13	other				1451530	1	1999	3	0	1920
Sound	51	other				1455229	2			3700
Sound	63	hit	2	5032	4	1463508	2			0
Picture	202	other				1498025	2	2000	3	0	1920
Sound	62	hit	1	8368	2	1510023	1			0
Picture	204	other				1545354	2	2000	3	0	1920
Sound	64	hit	2	4813	3	1557346	1			0
Picture	1	other				1591850	1	2000	2	0	1920
Sound	61	hit	1	7603	3	1603831	1			0
Picture	22	other				1638179	1	2000	2	0	1920
Sound	52	other				1644268	1			6090
Sound	62	hit	1	13833	2	1650166	1			0
Picture	123	other				1685508	1	2000	2	0	1920
Sound	52	other				1693177	1			7670
Sound	63	hit	2	8189	3	1697489	1			0
Picture	2	other				1732837	1	2000	2	0	1920
Sound	62	hit	1	10696	2	1744812	1			0
Picture	103	other				1779332	2	2000	4	0	1920
Sound	63	hit	2	4874	3	1791327	1			0
Picture	204	other				1825828	2	1999	4	0	1920
Sound	64	hit	2	7837	3	1837811	2			0
Picture	214	other				1873657	1	2000	2	0	1920
Sound	51	other				1877926	2			4270
Sound	64	hit	2	6213	3	1885643	1			0
Picture	202	other				1921153	1	2000	2	0	1920
Sound	62	hit	1	13446	2	1933146	1			0
Picture	101	other				1968981	2	2000	4	0	1920
Sound	61	hit	1	4974	2	1980978	1			0
Picture	2	other				2015977	2	2000	3	0	1920
Sound	62	hit	1	7303	2	2027971	1			0
Picture	202	other				2063639	2	2000	4	0	1920
Sound	62	hit	1	7004	2	2075624	1			0
Picture	1	other				2111468	2	2000	4	0	1920
Sound	61	hit	1	6093	3	2123455	2			0
Picture	2	other				2157964	1	2000	2	0	1920
Sound	62	hit	1	6043	2	2169940	1			0
Picture	204	other				2204626	2	2000	4	0	1920
Sound	64	hit	2	5343	2	2216605	1			0
Picture	14	other				2251288	2	2000	4	0	1920
Sound	51	other				2255797	1			4510
Sound	64	hit	2	5684	2	2263269	1			0
Picture	222	other				2298951	1	2000	2	0	1920
Sound	52	other				2306920	2			7970
Sound	62	hit	1	7459	3	2310951	1			0
Picture	103	other				2345946	2	2000	4	0	1920
Sound	63	hit	2	11595	3	2357945	1			0
Picture	2	other				2393775	2	2000	3	0	1920
Sound	62	hit	1	6744	2	2405747	1			0
Picture	103	other				2441438	1	1999	3	0	1920
Sound	63	hit	2	7757	2	2453429	1			0
Picture	11	other				2489433	1	2000	2	0	1920
Sound	51	other				2493222	2			3790
Sound	61	hit	1	6723	2	2501410	1			0
Picture	103	other				2536595	2	2000	4	0	1920
Sound	63	hit	2	8789	2	2548584	1			0
Picture	3	other				2584257	2	2000	4	0	1920
Sound	63	hit	2	4830	2	2596236	1			0
Picture	103	other				2632087	1	1999	3	0	1920
Sound	63	hit	2	4299	2	2644068	1			0
Picture	121	other				2678249	1	2000	2	0	1920
Sound	52	other				2683888	2			5640
Sound	61	hit	1	5821	3	2690223	1			0
Picture	103	other				2726244	2	2000	4	0	1920
Sound	63	hit	2	7588	3	2738234	2			0
Picture	3	other				2773573	2	2000	4	0	1920
Sound	63	hit	2	5886	4	2785557	2			0
Picture	101	other				2821568	3	2001	5	0	1920
Sound	61	hit	1	6292	3	2833539	1			0
Picture	21	other				2867898	1	2000	2	0	1920
Sound	52	other				2876318	1			8420
Sound	61	hit	1	14022	2	2879874	1			0
Picture	202	other				2915393	2	2000	4	0	1920
Sound	62	hit	1	11293	3	2927376	2			0
Picture	3	other				2963056	1	1999	3	0	1920
Sound	63	hit	2	5142	2	2975029	1			0
Picture	4	other				3009884	2	2001	3	0	1920
Sound	64	hit	2	6548	2	3021873	1			0
Picture	3	other				3057214	1	2000	2	0	1920
Sound	63	hit	2	5834	3	3069196	1			0
Picture	3	other				3104209	2	2000	3	0	1920
Sound	63	hit	2	6341	3	3116189	2			0
Picture	101	other				3150705	1	2000	2	0	1920
Sound	61	hit	1	4205	2	3162704	1			0
