Scenario - SeuilAuditif
Logfile written - 05/11/2016 09:50:16

Subject	Trial	Event Type	Code	Time	TTime	Uncertainty	Duration	Uncertainty	ReqTime	ReqDur	Stim Type	Pair Index

fc1	2	Sound	L_tarson_Left_0.7	538	40	1			0		other	0
fc1	3	Sound	L_tarson_Left_0.65	10715	51	1			0		other	0
fc1	4	Sound	L_tarson_Left_0.6	20862	33	1			0		other	0
fc1	5	Sound	L_tarson_Left_0.55	31039	44	1			0		other	0
fc1	6	Sound	L_tarson_Left_0.5	41216	55	1			0		other	0
fc1	7	Sound	L_tarson_Left_0.45	51363	36	1			0		other	0
fc1	8	Sound	L_tarson_Left_0.4	61540	48	1			0		other	0
fc1	9	Sound	L_tarson_Left_0.35	71717	59	1			0		other	0
fc1	10	Sound	L_tarson_Left_0.3	81864	40	1			0		other	0
fc1	11	Sound	L_tarson_Left_0.25	92041	52	1			0		other	0
fc1	12	Sound	L_tarson_Left_0.2	102188	33	1			0		other	0
fc1	12	Response	1	104503	2348	1
fc1	13	Sound	L_tarson-Left-0.15	112365	44	1			0		other	0
fc1	14	Sound	L_tarson_Left_0.15	122542	55	1			0		other	0
fc1	15	Sound	L_tarson_Left_0.2	132689	36	1			0		other	0
fc1	16	Sound	L_tarson_Left_0.25	142866	48	1			0		other	0
fc1	17	Sound	L_tarson_Left_0.3	153043	59	1			0		other	0
fc1	17	Response	1	162536	9552	1
fc1	18	Sound	L_tarson-Left-0.35	163190	40	1			0		other	0
fc1	19	Sound	L_tarson_Left_0.35	173367	52	1			0		other	0
fc1	20	Sound	L_tarson_Left_0.33	183514	33	1			0		other	0
fc1	21	Sound	L_tarson_Left_0.31	193691	44	1			0		other	0
fc1	22	Sound	L_tarson_Left_0.29	203868	55	1			0		other	0
fc1	23	Sound	L_tarson_Left_0.27	214015	37	1			0		other	0
fc1	24	Sound	L_tarson_Left_0.25	224192	48	1			0		other	0
fc1	25	Sound	L_tarson_Left_0.23	234369	59	1			0		other	0
fc1	25	Response	1	237987	3677	1
fc1	26	Sound	L_tarson-Left-0.21	244516	41	1			0		other	0
fc1	27	Sound	L_tarson_Left_0.21	254693	52	1			0		other	0
fc1	28	Sound	L_tarson_Left_0.23	264840	33	1			0		other	0
fc1	29	Sound	L_tarson_Left_0.25	275017	44	1			0		other	0
fc1	30	Sound	L_tarson_Left_0.27	285194	56	1			0		other	0
fc1	30	Response	1	294246	9108	1
fc1	31	Sound	L_tarson-Left-0.29	295341	37	1			0		other	0
fc1	32	Sound	L_tarson_Left_0.29	305518	48	1			0		other	0
fc1	33	Sound	L_tarson_Left_0.27	315665	30	1			0		other	0
fc1	34	Sound	L_tarson_Left_0.25	325842	41	1			0		other	0
fc1	35	Sound	L_tarson_Left_0.23	336019	52	1			0		other	0
fc1	35	Response	1	343474	7507	1
fc1	36	Sound	L_tarson-Left-0.21	346166	33	1			0		other	0
fc1	37	Sound	L_tarson_Left_0.21	356343	45	1			0		other	0
fc1	38	Sound	L_tarson_Left_0.23	366520	56	1			0		other	0
fc1	39	Sound	L_tarson_Left_0.25	376667	37	1			0		other	0
fc1	39	Response	1	386103	9473	1
fc1	41	Sound	H_tarson_Left_0.7	397171	43	1			0		other	0
fc1	42	Sound	H_tarson_Left_0.65	407348	54	1			0		other	0
fc1	43	Sound	H_tarson_Left_0.6	417495	36	1			0		other	0
fc1	44	Sound	H_tarson_Left_0.55	427672	47	1			0		other	0
fc1	45	Sound	H_tarson_Left_0.5	437849	58	1			0		other	0
fc1	46	Sound	H_tarson_Left_0.45	447996	39	1			0		other	0
fc1	47	Sound	H_tarson_Left_0.4	458173	51	1			0		other	0
fc1	48	Sound	H_tarson_Left_0.35	468320	32	1			0		other	0
fc1	49	Sound	H_tarson_Left_0.3	478497	43	1			0		other	0
fc1	49	Response	1	483249	4795	1
fc1	50	Sound	H_tarson-Left-0.25	488674	55	1			0		other	0
fc1	51	Sound	H_tarson_Left_0.25	498821	36	1			0		other	0
fc1	52	Sound	H_tarson_Left_0.3	508998	47	1			0		other	0
fc1	53	Sound	H_tarson_Left_0.35	519175	58	1			0		other	0
fc1	53	Response	1	527628	8511	2
fc1	54	Sound	H_tarson-Left-0.4	529322	40	1			0		other	0
fc1	55	Sound	H_tarson_Left_0.4	539499	51	1			0		other	0
fc1	56	Sound	H_tarson_Left_0.38	549646	32	1			0		other	0
fc1	57	Sound	H_tarson_Left_0.36	559823	43	1			0		other	0
fc1	58	Sound	H_tarson_Left_0.34	570000	55	1			0		other	0
fc1	59	Sound	H_tarson_Left_0.32	580147	36	1			0		other	0
fc1	60	Sound	H_tarson_Left_0.3	590324	47	1			0		other	0
fc1	61	Sound	H_tarson_Left_0.28	600501	59	1			0		other	0
fc1	62	Sound	H_tarson_Left_0.26	610648	40	1			0		other	0
fc1	63	Sound	H_tarson_Left_0.24	620825	51	1			0		other	0
fc1	64	Sound	H_tarson_Left_0.22	630972	32	1			0		other	0
fc1	65	Sound	H_tarson_Left_0.2	641149	44	1			0		other	0
fc1	65	Response	1	641314	209	1
fc1	66	Sound	H_tarson-Left-0.18	651326	55	1			0		other	0
fc1	67	Sound	H_tarson_Left_0.18	661473	36	1			0		other	0
fc1	68	Sound	H_tarson_Left_0.2	671650	47	1			0		other	0
fc1	69	Sound	H_tarson_Left_0.22	681827	59	1			0		other	0
fc1	70	Sound	H_tarson_Left_0.24	691974	40	1			0		other	0
fc1	70	Response	1	695925	3991	1
fc1	71	Sound	H_tarson-Left-0.26	702151	51	1			0		other	0
fc1	72	Sound	H_tarson_Left_0.26	712298	33	1			0		other	0
fc1	73	Sound	H_tarson_Left_0.24	722475	44	1			0		other	0
fc1	74	Sound	H_tarson_Left_0.22	732652	55	1			0		other	0
fc1	75	Sound	H_tarson_Left_0.2	742799	37	1			0		other	0
fc1	75	Response	1	752252	9490	1
fc1	76	Sound	H_tarson-Left-0.18	752976	48	1			0		other	0
fc1	77	Sound	H_tarson_Left_0.18	763153	59	1			0		other	0
fc1	78	Sound	H_tarson_Left_0.2	773300	40	1			0		other	0
fc1	79	Sound	H_tarson_Left_0.22	783477	52	1			0		other	0
fc1	80	Sound	H_tarson_Left_0.24	793624	33	1			0		other	0
fc1	81	Sound	H_tarson_Left_0.26	803801	44	1			0		other	0
fc1	81	Response	1	806937	3180	1
fc1	83	Sound	L_tarson_Right_0.7	824125	37	1			0		other	0
fc1	84	Sound	L_tarson_Right_0.65	834302	48	1			0		other	0
fc1	85	Sound	L_tarson_Right_0.6	844479	59	1			0		other	0
fc1	86	Sound	L_tarson_Right_0.55	854626	40	1			0		other	0
fc1	87	Sound	L_tarson_Right_0.5	864803	52	1			0		other	0
fc1	88	Sound	L_tarson_Right_0.45	874950	33	1			0		other	0
fc1	89	Sound	L_tarson_Right_0.4	885127	44	1			0		other	0
fc1	90	Sound	L_tarson_Right_0.35	895304	56	1			0		other	0
fc1	91	Sound	L_tarson_Right_0.3	905451	37	1			0		other	0
fc1	91	Response	1	906769	1355	2
fc1	92	Sound	L_tarson-Right-0.25	915628	48	1			0		other	0
fc1	93	Sound	L_tarson_Right_0.25	925775	30	1			0		other	0
fc1	94	Sound	L_tarson_Right_0.3	935952	41	1			0		other	0
fc1	95	Sound	L_tarson_Right_0.35	946129	52	1			0		other	0
fc1	95	Response	1	947842	1765	1
fc1	96	Sound	L_tarson-Right-0.4	956276	33	1			0		other	0
fc1	97	Sound	L_tarson_Right_0.4	966453	44	1			0		other	0
fc1	98	Sound	L_tarson_Right_0.38	976630	56	1			0		other	0
fc1	99	Sound	L_tarson_Right_0.36	986777	37	1			0		other	0
fc1	100	Sound	L_tarson_Right_0.34	996954	49	2			0		other	0
fc1	101	Sound	L_tarson_Right_0.32	1007101	30	1			0		other	0
fc1	101	Response	1	1013319	6248	2
fc1	102	Sound	L_tarson-Right-0.3	1017278	41	1			0		other	0
fc1	103	Sound	L_tarson_Right_0.3	1027455	52	1			0		other	0
fc1	104	Sound	L_tarson_Right_0.32	1037602	33	1			0		other	0
fc1	105	Sound	L_tarson_Right_0.34	1047779	45	1			0		other	0
fc1	106	Sound	L_tarson_Right_0.36	1057956	56	1			0		other	0
fc1	106	Response	1	1058947	1047	1
fc1	107	Sound	L_tarson-Right-0.38	1068103	38	1			0		other	0
fc1	108	Sound	L_tarson_Right_0.38	1078280	48	1			0		other	0
fc1	109	Sound	L_tarson_Right_0.36	1088427	30	1			0		other	0
fc1	110	Sound	L_tarson_Right_0.34	1098604	41	1			0		other	0
fc1	111	Sound	L_tarson_Right_0.32	1108781	52	1			0		other	0
fc1	112	Sound	L_tarson_Right_0.3	1118928	34	1			0		other	0
fc1	113	Sound	L_tarson_Right_0.28	1129105	45	1			0		other	0
fc1	113	Response	1	1136417	7357	2
fc1	114	Sound	L_tarson-Right-0.26	1139282	56	1			0		other	0
fc1	115	Sound	L_tarson_Right_0.26	1149429	37	1			0		other	0
fc1	116	Sound	L_tarson_Right_0.28	1159606	49	1			0		other	0
fc1	117	Sound	L_tarson_Right_0.3	1169753	30	1			0		other	0
fc1	118	Sound	L_tarson_Right_0.32	1179930	41	1			0		other	0
fc1	118	Response	1	1181920	2031	1
fc1	120	Sound	H_tarson_Right_0.7	1200254	34	1			0		other	0
fc1	121	Sound	H_tarson_Right_0.65	1210431	45	1			0		other	0
fc1	122	Sound	H_tarson_Right_0.6	1220608	57	1			0		other	0
fc1	123	Sound	H_tarson_Right_0.55	1230755	38	1			0		other	0
fc1	124	Sound	H_tarson_Right_0.5	1240932	49	1			0		other	0
fc1	125	Sound	H_tarson_Right_0.45	1251079	30	1			0		other	0
fc1	126	Sound	H_tarson_Right_0.4	1261256	42	1			0		other	0
fc1	127	Sound	H_tarson_Right_0.35	1271433	53	1			0		other	0
fc1	128	Sound	H_tarson_Right_0.3	1281580	34	1			0		other	0
fc1	128	Response	1	1288765	7219	2
fc1	129	Sound	H_tarson-Right-0.25	1291757	45	1			0		other	0
fc1	130	Sound	H_tarson_Right_0.25	1301934	57	1			0		other	0
fc1	131	Sound	H_tarson_Right_0.3	1312081	38	1			0		other	0
fc1	132	Sound	H_tarson_Right_0.35	1322258	49	1			0		other	0
fc1	132	Response	1	1327060	4851	2
fc1	133	Sound	H_tarson-Right-0.4	1332405	31	1			0		other	0
fc1	134	Sound	H_tarson_Right_0.4	1342582	42	1			0		other	0
fc1	135	Sound	H_tarson_Right_0.38	1352759	53	1			0		other	0
fc1	136	Sound	H_tarson_Right_0.36	1362906	34	1			0		other	0
fc1	137	Sound	H_tarson_Right_0.34	1373083	45	1			0		other	0
fc1	138	Sound	H_tarson_Right_0.32	1383260	57	1			0		other	0
fc1	139	Sound	H_tarson_Right_0.3	1393407	38	1			0		other	0
fc1	139	Response	1	1402348	8979	2
fc1	140	Sound	H_tarson-Right-0.28	1403584	49	1			0		other	0
fc1	141	Sound	H_tarson_Right_0.28	1413731	31	1			0		other	0
fc1	142	Sound	H_tarson_Right_0.3	1423908	42	1			0		other	0
fc1	143	Sound	H_tarson_Right_0.32	1434085	53	1			0		other	0
fc1	143	Response	1	1439865	5833	1
fc1	144	Sound	H_tarson-Right-0.34	1444232	35	1			0		other	0
fc1	145	Sound	H_tarson_Right_0.34	1454409	46	1			0		other	0
fc1	146	Sound	H_tarson_Right_0.32	1464586	57	1			0		other	0
fc1	147	Sound	H_tarson_Right_0.3	1474733	38	1			0		other	0
fc1	148	Sound	H_tarson_Right_0.28	1484910	50	1			0		other	0
fc1	149	Sound	H_tarson_Right_0.26	1495057	31	1			0		other	0
fc1	150	Sound	H_tarson_Right_0.24	1505234	42	1			0		other	0
fc1	150	Response	1	1511084	5892	1
fc1	151	Sound	H_tarson-Right-0.22	1515411	54	1			0		other	0
fc1	152	Sound	H_tarson_Right_0.22	1525558	35	1			0		other	0
fc1	153	Sound	H_tarson_Right_0.24	1535735	46	1			0		other	0
fc1	154	Sound	H_tarson_Right_0.26	1545912	57	1			0		other	0
fc1	155	Sound	H_tarson_Right_0.28	1556059	39	1			0		other	0
fc1	155	Response	1	1560632	4612	1
fc1	155	Response	1	1563845	7825	1


Event Type	Code	Type	Response	RT	RT Uncertainty	Time	Uncertainty	Duration	Uncertainty	ReqTime	ReqDur

Sound	L_tarson_Left_0.7	other				538	1			0
Sound	L_tarson_Left_0.65	other				10715	1			0
Sound	L_tarson_Left_0.6	other				20862	1			0
Sound	L_tarson_Left_0.55	other				31039	1			0
Sound	L_tarson_Left_0.5	other				41216	1			0
Sound	L_tarson_Left_0.45	other				51363	1			0
Sound	L_tarson_Left_0.4	other				61540	1			0
Sound	L_tarson_Left_0.35	other				71717	1			0
Sound	L_tarson_Left_0.3	other				81864	1			0
Sound	L_tarson_Left_0.25	other				92041	1			0
Sound	L_tarson_Left_0.2	other				102188	1			0
Sound	L_tarson-Left-0.15	other				112365	1			0
Sound	L_tarson_Left_0.15	other				122542	1			0
Sound	L_tarson_Left_0.2	other				132689	1			0
Sound	L_tarson_Left_0.25	other				142866	1			0
Sound	L_tarson_Left_0.3	other				153043	1			0
Sound	L_tarson-Left-0.35	other				163190	1			0
Sound	L_tarson_Left_0.35	other				173367	1			0
Sound	L_tarson_Left_0.33	other				183514	1			0
Sound	L_tarson_Left_0.31	other				193691	1			0
Sound	L_tarson_Left_0.29	other				203868	1			0
Sound	L_tarson_Left_0.27	other				214015	1			0
Sound	L_tarson_Left_0.25	other				224192	1			0
Sound	L_tarson_Left_0.23	other				234369	1			0
Sound	L_tarson-Left-0.21	other				244516	1			0
Sound	L_tarson_Left_0.21	other				254693	1			0
Sound	L_tarson_Left_0.23	other				264840	1			0
Sound	L_tarson_Left_0.25	other				275017	1			0
Sound	L_tarson_Left_0.27	other				285194	1			0
Sound	L_tarson-Left-0.29	other				295341	1			0
Sound	L_tarson_Left_0.29	other				305518	1			0
Sound	L_tarson_Left_0.27	other				315665	1			0
Sound	L_tarson_Left_0.25	other				325842	1			0
Sound	L_tarson_Left_0.23	other				336019	1			0
Sound	L_tarson-Left-0.21	other				346166	1			0
Sound	L_tarson_Left_0.21	other				356343	1			0
Sound	L_tarson_Left_0.23	other				366520	1			0
Sound	L_tarson_Left_0.25	other				376667	1			0
Sound	H_tarson_Left_0.7	other				397171	1			0
Sound	H_tarson_Left_0.65	other				407348	1			0
Sound	H_tarson_Left_0.6	other				417495	1			0
Sound	H_tarson_Left_0.55	other				427672	1			0
Sound	H_tarson_Left_0.5	other				437849	1			0
Sound	H_tarson_Left_0.45	other				447996	1			0
Sound	H_tarson_Left_0.4	other				458173	1			0
Sound	H_tarson_Left_0.35	other				468320	1			0
Sound	H_tarson_Left_0.3	other				478497	1			0
Sound	H_tarson-Left-0.25	other				488674	1			0
Sound	H_tarson_Left_0.25	other				498821	1			0
Sound	H_tarson_Left_0.3	other				508998	1			0
Sound	H_tarson_Left_0.35	other				519175	1			0
Sound	H_tarson-Left-0.4	other				529322	1			0
Sound	H_tarson_Left_0.4	other				539499	1			0
Sound	H_tarson_Left_0.38	other				549646	1			0
Sound	H_tarson_Left_0.36	other				559823	1			0
Sound	H_tarson_Left_0.34	other				570000	1			0
Sound	H_tarson_Left_0.32	other				580147	1			0
Sound	H_tarson_Left_0.3	other				590324	1			0
Sound	H_tarson_Left_0.28	other				600501	1			0
Sound	H_tarson_Left_0.26	other				610648	1			0
Sound	H_tarson_Left_0.24	other				620825	1			0
Sound	H_tarson_Left_0.22	other				630972	1			0
Sound	H_tarson_Left_0.2	other				641149	1			0
Sound	H_tarson-Left-0.18	other				651326	1			0
Sound	H_tarson_Left_0.18	other				661473	1			0
Sound	H_tarson_Left_0.2	other				671650	1			0
Sound	H_tarson_Left_0.22	other				681827	1			0
Sound	H_tarson_Left_0.24	other				691974	1			0
Sound	H_tarson-Left-0.26	other				702151	1			0
Sound	H_tarson_Left_0.26	other				712298	1			0
Sound	H_tarson_Left_0.24	other				722475	1			0
Sound	H_tarson_Left_0.22	other				732652	1			0
Sound	H_tarson_Left_0.2	other				742799	1			0
Sound	H_tarson-Left-0.18	other				752976	1			0
Sound	H_tarson_Left_0.18	other				763153	1			0
Sound	H_tarson_Left_0.2	other				773300	1			0
Sound	H_tarson_Left_0.22	other				783477	1			0
Sound	H_tarson_Left_0.24	other				793624	1			0
Sound	H_tarson_Left_0.26	other				803801	1			0
Sound	L_tarson_Right_0.7	other				824125	1			0
Sound	L_tarson_Right_0.65	other				834302	1			0
Sound	L_tarson_Right_0.6	other				844479	1			0
Sound	L_tarson_Right_0.55	other				854626	1			0
Sound	L_tarson_Right_0.5	other				864803	1			0
Sound	L_tarson_Right_0.45	other				874950	1			0
Sound	L_tarson_Right_0.4	other				885127	1			0
Sound	L_tarson_Right_0.35	other				895304	1			0
Sound	L_tarson_Right_0.3	other				905451	1			0
Sound	L_tarson-Right-0.25	other				915628	1			0
Sound	L_tarson_Right_0.25	other				925775	1			0
Sound	L_tarson_Right_0.3	other				935952	1			0
Sound	L_tarson_Right_0.35	other				946129	1			0
Sound	L_tarson-Right-0.4	other				956276	1			0
Sound	L_tarson_Right_0.4	other				966453	1			0
Sound	L_tarson_Right_0.38	other				976630	1			0
Sound	L_tarson_Right_0.36	other				986777	1			0
Sound	L_tarson_Right_0.34	other				996954	2			0
Sound	L_tarson_Right_0.32	other				1007101	1			0
Sound	L_tarson-Right-0.3	other				1017278	1			0
Sound	L_tarson_Right_0.3	other				1027455	1			0
Sound	L_tarson_Right_0.32	other				1037602	1			0
Sound	L_tarson_Right_0.34	other				1047779	1			0
Sound	L_tarson_Right_0.36	other				1057956	1			0
Sound	L_tarson-Right-0.38	other				1068103	1			0
Sound	L_tarson_Right_0.38	other				1078280	1			0
Sound	L_tarson_Right_0.36	other				1088427	1			0
Sound	L_tarson_Right_0.34	other				1098604	1			0
Sound	L_tarson_Right_0.32	other				1108781	1			0
Sound	L_tarson_Right_0.3	other				1118928	1			0
Sound	L_tarson_Right_0.28	other				1129105	1			0
Sound	L_tarson-Right-0.26	other				1139282	1			0
Sound	L_tarson_Right_0.26	other				1149429	1			0
Sound	L_tarson_Right_0.28	other				1159606	1			0
Sound	L_tarson_Right_0.3	other				1169753	1			0
Sound	L_tarson_Right_0.32	other				1179930	1			0
Sound	H_tarson_Right_0.7	other				1200254	1			0
Sound	H_tarson_Right_0.65	other				1210431	1			0
Sound	H_tarson_Right_0.6	other				1220608	1			0
Sound	H_tarson_Right_0.55	other				1230755	1			0
Sound	H_tarson_Right_0.5	other				1240932	1			0
Sound	H_tarson_Right_0.45	other				1251079	1			0
Sound	H_tarson_Right_0.4	other				1261256	1			0
Sound	H_tarson_Right_0.35	other				1271433	1			0
Sound	H_tarson_Right_0.3	other				1281580	1			0
Sound	H_tarson-Right-0.25	other				1291757	1			0
Sound	H_tarson_Right_0.25	other				1301934	1			0
Sound	H_tarson_Right_0.3	other				1312081	1			0
Sound	H_tarson_Right_0.35	other				1322258	1			0
Sound	H_tarson-Right-0.4	other				1332405	1			0
Sound	H_tarson_Right_0.4	other				1342582	1			0
Sound	H_tarson_Right_0.38	other				1352759	1			0
Sound	H_tarson_Right_0.36	other				1362906	1			0
Sound	H_tarson_Right_0.34	other				1373083	1			0
Sound	H_tarson_Right_0.32	other				1383260	1			0
Sound	H_tarson_Right_0.3	other				1393407	1			0
Sound	H_tarson-Right-0.28	other				1403584	1			0
Sound	H_tarson_Right_0.28	other				1413731	1			0
Sound	H_tarson_Right_0.3	other				1423908	1			0
Sound	H_tarson_Right_0.32	other				1434085	1			0
Sound	H_tarson-Right-0.34	other				1444232	1			0
Sound	H_tarson_Right_0.34	other				1454409	1			0
Sound	H_tarson_Right_0.32	other				1464586	1			0
Sound	H_tarson_Right_0.3	other				1474733	1			0
Sound	H_tarson_Right_0.28	other				1484910	1			0
Sound	H_tarson_Right_0.26	other				1495057	1			0
Sound	H_tarson_Right_0.24	other				1505234	1			0
Sound	H_tarson-Right-0.22	other				1515411	1			0
Sound	H_tarson_Right_0.22	other				1525558	1			0
Sound	H_tarson_Right_0.24	other				1535735	1			0
Sound	H_tarson_Right_0.26	other				1545912	1			0
Sound	H_tarson_Right_0.28	other				1556059	1			0
