Scenario - 17_March_2015
Logfile written - 05/26/2016 17:41:03

Subject	Trial	Event Type	Code	Time	TTime	Uncertainty	Duration	Uncertainty	ReqTime	ReqDur	Stim Type	Pair Index

fc3	1	Response	253	112360	122193	1
fc3	2	Picture	10	112487	0	2	20166	3	0	20000	other	0
fc3	3	Picture	10	132819	0	2	40163	3	0	40000	other	0
fc3	4	Picture	10	173149	0	1	40163	2	0	40000	other	0
fc3	5	Nothing	91	213314	0	1			0		other	0
fc3	6	Picture	1	243476	0	1	1998	4	0	1920	other	0
fc3	7	Sound	61	255471	0	1			0		hit	8
fc3	7	Response	251	260860	5389	2
fc3	8	Picture	123	291138	0	1	2000	2	0	1920	other	0
fc3	8	Sound	52	296937	5799	2			5800		other	0
fc3	9	Sound	63	303123	0	2			0		hit	12
fc3	9	Response	252	307967	4844	1
fc3	10	Picture	101	338800	0	1	1999	3	0	1920	other	0
fc3	11	Sound	61	350776	0	1			0		hit	15
fc3	11	Response	251	353822	3046	1
fc3	12	Picture	204	385796	0	1	1999	3	0	1920	other	0
fc3	13	Sound	64	397769	0	1			0		hit	18
fc3	13	Response	252	403091	5322	1
fc3	14	Picture	3	432791	0	2	2000	4	0	1920	other	0
fc3	15	Sound	63	444763	0	1			0		hit	21
fc3	15	Response	252	453246	8483	2
fc3	16	Picture	2	479620	0	2	2000	3	0	1920	other	0
fc3	17	Sound	62	491607	0	1			0		hit	24
fc3	17	Response	251	495157	3550	1
fc3	17	Response	251	504906	13299	1
fc3	17	Response	251	518267	26660	1
fc3	18	Picture	202	525949	0	2	2000	4	0	1920	other	0
fc3	19	Sound	62	537942	0	1			0		miss	0
fc3	20	Picture	212	572112	0	1	1999	3	0	1920	other	0
fc3	20	Sound	51	577501	5389	2			5390		other	0
fc3	21	Sound	62	584098	0	1			0		hit	32
fc3	21	Response	251	595877	11779	1
fc3	22	Picture	21	619441	0	1	1999	3	0	1920	other	0
fc3	22	Sound	52	626560	7119	2			7120		other	0
fc3	23	Sound	61	631421	0	1			0		hit	36
fc3	23	Response	251	639215	7794	1
fc3	23	Response	251	640147	8726	1
fc3	23	Response	251	641397	9976	1
fc3	23	Response	251	642647	11226	1
fc3	23	Response	251	644481	13060	1
fc3	23	Response	251	645731	14310	1
fc3	23	Response	251	647644	16223	2
fc3	23	Response	251	648895	17474	1
fc3	23	Response	251	650145	18724	1
fc3	23	Response	251	652058	20637	1
fc3	23	Response	251	653308	21887	2
fc3	23	Response	251	654559	23138	1
fc3	23	Response	251	656428	25007	1
fc3	23	Response	251	657678	26257	2
fc3	23	Response	251	658929	27508	1
fc3	23	Response	251	660773	29352	2
fc3	23	Response	251	662024	30603	1
fc3	23	Response	251	663274	31853	1
fc3	23	Response	251	665062	33641	2
fc3	24	Picture	101	665936	0	2	2000	4	0	1920	false_alarm	56
fc3	24	Response	251	666312	376	2
fc3	24	Response	251	668224	2288	1
fc3	24	Response	251	669474	3538	1
fc3	24	Response	251	671355	5419	1
fc3	24	Response	251	672605	6669	2
fc3	24	Response	251	674433	8497	1
fc3	24	Response	251	675683	9747	2
fc3	24	Response	251	677469	11533	1
fc3	25	Sound	61	677935	0	2			0		hit	65
fc3	25	Response	251	678719	784	1
fc3	25	Response	251	680453	2518	2
fc3	25	Response	251	681704	3769	1
fc3	25	Response	251	683419	5484	1
fc3	25	Response	251	684669	6734	1
fc3	25	Response	251	686356	8421	1
fc3	25	Response	251	687606	9671	2
fc3	25	Response	251	689385	11450	1
fc3	25	Response	251	690635	12700	1
fc3	25	Response	251	692354	14419	1
fc3	25	Response	251	693604	15669	1
fc3	25	Response	251	695413	17478	1
fc3	25	Response	251	696663	18728	1
fc3	25	Response	251	698485	20550	2
fc3	25	Response	251	699736	21801	1
fc3	25	Response	251	701537	23602	1
fc3	25	Response	251	702787	24852	1
fc3	25	Response	251	704553	26618	1
fc3	25	Response	251	705803	27868	1
fc3	25	Response	251	707562	29627	1
fc3	25	Response	251	708812	30877	1
fc3	25	Response	251	710551	32616	1
fc3	25	Response	251	711801	33866	1
fc3	26	Picture	2	713098	0	2	2000	4	0	1920	false_alarm	89
fc3	26	Response	251	713529	431	1
fc3	26	Response	251	714779	1681	1
fc3	26	Response	251	716474	3376	1
fc3	26	Response	251	717724	4626	2
fc3	26	Response	251	719414	6316	1
fc3	26	Response	251	720664	7566	1
fc3	26	Response	251	722337	9239	1
fc3	26	Response	251	723587	10489	1
fc3	27	Sound	62	725079	0	1			0		hit	98
fc3	27	Response	251	725229	150	1
fc3	27	Response	251	726479	1400	1
fc3	27	Response	251	728116	3037	1
fc3	27	Response	251	729366	4287	2
fc3	27	Response	251	730973	5894	1
fc3	27	Response	251	732223	7144	1
fc3	27	Response	251	733874	8795	1
fc3	27	Response	251	735751	10672	1
fc3	27	Response	251	737001	11922	1
fc3	27	Response	251	738612	13533	1
fc3	27	Response	251	740530	15451	1
fc3	27	Response	251	741780	16701	2
fc3	27	Response	251	743388	18309	2
fc3	27	Response	251	745292	20213	2
fc3	27	Response	251	747232	22153	1
fc3	27	Response	251	748482	23403	1
fc3	27	Response	251	750077	24998	2
fc3	27	Response	251	751955	26876	1
fc3	27	Response	251	753865	28786	1
fc3	27	Response	251	755773	30694	1
fc3	27	Response	251	757710	32631	1
fc3	28	Picture	4	759594	0	2	2000	3	0	1920	false_alarm	120
fc3	28	Response	251	759630	36	1
fc3	28	Response	251	761513	1919	75
fc3	28	Response	251	763464	3870	2
fc3	28	Response	251	765386	5792	2
fc3	28	Response	251	767268	7674	1
fc3	28	Response	251	769177	9583	1
fc3	28	Response	251	771048	11454	1
fc3	29	Sound	64	771593	0	2			0		incorrect	128
fc3	29	Response	251	772943	1350	1
fc3	29	Response	251	774840	3247	2
fc3	29	Response	251	776714	5121	1
fc3	29	Response	251	778574	6981	1
fc3	29	Response	251	779824	8231	1
fc3	29	Response	251	781074	9481	1
fc3	29	Response	251	782800	11207	1
fc3	29	Response	251	784664	13071	1
fc3	29	Response	251	786486	14893	1
fc3	29	Response	251	788318	16725	1
fc3	29	Response	251	790161	18568	2
fc3	29	Response	251	792001	20408	1
fc3	29	Response	251	793832	22239	1
fc3	29	Response	251	795658	24065	1
fc3	29	Response	251	797480	25887	1
fc3	29	Response	251	799305	27712	1
fc3	29	Response	251	801109	29516	2
fc3	29	Response	251	802910	31317	1
fc3	29	Response	251	804721	33128	1
fc3	29	Response	251	806449	34856	135
fc3	30	Picture	2	806590	0	1	2000	2	0	1920	false_alarm	149
fc3	30	Response	251	808272	1682	1
fc3	30	Response	251	810045	3455	1
fc3	30	Response	251	811823	5233	1
fc3	30	Response	251	813605	7015	1
fc3	30	Response	251	815358	8768	1
fc3	30	Response	251	817119	10529	1
fc3	31	Sound	62	818587	0	1			0		hit	156
fc3	31	Response	251	818856	269	1
fc3	31	Response	251	820600	2013	2
fc3	31	Response	251	822337	3750	1
fc3	31	Response	251	824064	5477	1
fc3	31	Response	251	825762	7175	1
fc3	31	Response	251	827467	8880	1
fc3	31	Response	251	829116	10529	1
fc3	31	Response	251	830781	12194	2
fc3	31	Response	251	832443	13856	2
fc3	31	Response	251	834112	15525	1
fc3	31	Response	251	835773	17186	1
fc3	31	Response	251	837431	18844	1
fc3	31	Response	251	839071	20484	1
fc3	31	Response	251	840725	22138	2
fc3	31	Response	251	842369	23782	1
fc3	31	Response	251	844012	25425	1
fc3	31	Response	251	845653	27066	1
fc3	31	Response	251	847288	28701	1
fc3	31	Response	251	848925	30338	1
fc3	31	Response	251	850557	31970	1
fc3	31	Response	251	852178	33591	1
fc3	31	Response	251	853796	35209	2
fc3	32	Picture	23	854252	0	2	2000	3	0	1920	false_alarm	179
fc3	32	Response	251	855413	1161	1
fc3	32	Response	251	857022	2770	2
fc3	32	Response	251	858636	4384	2
fc3	32	Sound	52	860101	5849	1			5850		false_alarm	183
fc3	32	Response	251	860239	5987	1
fc3	32	Response	251	861840	7588	1
fc3	32	Response	251	863440	9188	1
fc3	32	Response	251	865024	10772	1
fc3	33	Sound	63	866239	0	2			0		incorrect	188
fc3	33	Response	251	866609	370	2
fc3	33	Response	251	868202	1963	1
fc3	33	Response	251	869785	3546	1
fc3	33	Response	251	871365	5126	1
fc3	33	Response	251	872945	6706	1
fc3	33	Response	251	874522	8283	2
fc3	33	Response	251	876088	9849	2
fc3	33	Response	251	877924	11685	1
fc3	33	Response	251	879761	13522	2
fc3	33	Response	251	881576	15337	1
fc3	33	Response	251	883369	17130	1
fc3	33	Response	251	885070	18831	1
fc3	33	Response	251	886706	20467	1
fc3	33	Response	251	888281	22042	2
fc3	33	Response	251	889832	23593	1
fc3	33	Response	251	891384	25145	1
fc3	33	Response	251	892942	26703	2
fc3	33	Response	251	894496	28257	2
fc3	33	Response	251	896048	29809	2
fc3	33	Response	251	897596	31357	2
fc3	33	Response	251	899130	32891	2
fc3	33	Response	251	900660	34421	1
fc3	34	Picture	4	901914	0	2	2000	4	0	1920	false_alarm	211
fc3	34	Response	251	902192	278	1
fc3	34	Response	251	903711	1797	2
fc3	34	Response	251	905230	3316	1
fc3	34	Response	251	906749	4835	1
fc3	34	Response	251	908257	6343	2
fc3	34	Response	251	909765	7851	1
fc3	34	Response	251	911272	9358	1
fc3	34	Response	251	912778	10864	1
fc3	35	Sound	64	913921	0	2			0		incorrect	220
fc3	35	Response	251	914276	355	2
fc3	35	Response	251	915773	1852	2
fc3	35	Response	251	917269	3348	1
fc3	35	Response	251	918762	4841	1
fc3	35	Response	251	920250	6329	1
fc3	35	Response	251	921864	7943	1
fc3	35	Response	251	923521	9600	2
fc3	35	Response	251	925136	11215	2
fc3	35	Response	251	926649	12728	1
fc3	35	Response	251	928133	14212	1
fc3	35	Response	251	929585	15664	1
fc3	35	Response	251	931037	17116	2
fc3	35	Response	251	932512	18591	1
fc3	35	Response	251	933991	20070	1
fc3	35	Response	251	935466	21545	2
fc3	35	Response	251	936935	23014	1
fc3	35	Response	251	938408	24487	1
fc3	35	Response	251	939886	25965	1
fc3	35	Response	251	941361	27440	1
fc3	35	Response	251	942832	28911	1
fc3	35	Response	251	944303	30382	1
fc3	35	Response	251	945769	31848	1
fc3	35	Response	251	947233	33312	2
fc3	35	Response	251	948697	34776	2
fc3	36	Picture	113	949077	0	1	1999	3	0	1920	false_alarm	245
fc3	36	Response	251	950162	1085	1
fc3	36	Response	251	951617	2540	2
fc3	36	Sound	51	952456	3379	1			3380		false_alarm	248
fc3	36	Response	251	953069	3992	1
fc3	36	Response	251	954516	5439	2
fc3	36	Response	251	955959	6882	1
fc3	36	Response	251	957405	8328	1
fc3	36	Response	251	958849	9772	1
fc3	36	Response	251	960287	11210	1
fc3	37	Sound	63	961065	0	1			0		incorrect	255
fc3	37	Response	251	961727	662	2
fc3	37	Response	251	963158	2093	2
fc3	37	Response	251	964592	3527	1
fc3	37	Response	251	966025	4960	1
fc3	37	Response	251	967474	6409	1
fc3	37	Response	251	969026	7961	1
fc3	37	Response	251	970568	9503	1
fc3	37	Response	251	972048	10983	1
fc3	37	Response	251	973455	12390	1
fc3	37	Response	251	974880	13815	1
fc3	37	Response	251	976302	15237	2
fc3	37	Response	251	977721	16656	1
fc3	37	Response	251	979139	18074	1
fc3	37	Response	251	980553	19488	1
fc3	37	Response	251	981965	20900	1
fc3	37	Response	251	983377	22312	2
fc3	37	Response	251	984787	23722	1
fc3	37	Response	251	986198	25133	2
fc3	37	Response	251	987607	26542	1
fc3	37	Response	251	989014	27949	1
fc3	37	Response	251	990419	29354	2
fc3	37	Response	251	991823	30758	2
fc3	37	Response	251	993228	32163	1
fc3	37	Response	251	994631	33566	1
fc3	38	Picture	4	995905	0	2	2000	4	0	1920	false_alarm	280
fc3	38	Response	251	996034	129	1
fc3	38	Response	251	997435	1530	1
fc3	38	Response	251	998835	2930	1
fc3	38	Response	251	1000232	4327	1
fc3	38	Response	251	1001628	5723	2
fc3	38	Response	251	1003023	7118	1
fc3	38	Response	251	1004418	8513	1
fc3	38	Response	251	1005810	9905	2
fc3	38	Response	251	1007202	11297	1
fc3	39	Sound	64	1007909	0	1			0		incorrect	290
fc3	39	Response	251	1008591	682	2
fc3	39	Response	251	1009982	2073	1
fc3	39	Response	251	1011371	3462	1
fc3	39	Response	251	1012758	4849	1
fc3	39	Response	251	1014141	6232	1
fc3	39	Response	251	1015603	7694	2
fc3	39	Response	251	1017067	9158	2
fc3	39	Response	251	1018481	10572	2
fc3	39	Response	251	1019876	11967	1
fc3	39	Response	251	1021274	13365	1
fc3	39	Response	251	1022668	14759	1
fc3	39	Response	251	1024059	16150	1
fc3	39	Response	251	1025452	17543	1
fc3	39	Response	251	1026843	18934	1
fc3	39	Response	251	1028233	20324	1
fc3	39	Response	251	1029620	21711	2
fc3	39	Response	251	1031007	23098	1
fc3	39	Response	251	1032390	24481	1
fc3	39	Response	251	1033773	25864	1
fc3	39	Response	251	1035153	27244	1
fc3	39	Response	251	1036534	28625	2
fc3	39	Response	251	1037913	30004	1
fc3	39	Response	251	1039291	31382	1
fc3	39	Response	251	1040666	32757	1
fc3	39	Response	251	1041984	34075	79
fc3	40	Picture	101	1042068	0	1	2000	3	0	1920	false_alarm	316
fc3	40	Response	251	1043415	1347	1
fc3	40	Response	251	1044788	2720	2
fc3	40	Response	251	1046160	4092	1
fc3	40	Response	251	1047531	5463	1
fc3	40	Response	251	1048903	6835	1
fc3	40	Response	251	1050273	8205	1
fc3	40	Response	251	1051640	9572	1
fc3	40	Response	251	1053008	10940	1
fc3	41	Sound	61	1054064	0	2			0		hit	325
fc3	41	Response	251	1054374	310	2
fc3	41	Response	251	1055740	1676	1
fc3	41	Response	251	1057105	3041	1
fc3	41	Response	251	1058469	4405	2
fc3	41	Response	251	1059832	5768	1
fc3	41	Response	251	1061193	7129	2
fc3	41	Response	251	1062553	8489	1
fc3	41	Response	251	1063912	9848	2
fc3	41	Response	251	1065269	11205	2
fc3	41	Response	251	1066624	12560	1
fc3	41	Response	251	1067981	13917	1
fc3	41	Response	251	1069335	15271	2
fc3	41	Response	251	1070690	16626	1
fc3	41	Response	251	1072042	17978	1
fc3	41	Response	251	1073395	19331	1
fc3	41	Response	251	1074745	20681	2
fc3	41	Response	251	1076094	22030	1
fc3	41	Response	251	1077443	23379	1
fc3	41	Response	251	1078790	24726	2
fc3	41	Response	251	1080138	26074	1
fc3	41	Response	251	1081483	27419	2
fc3	41	Response	251	1082830	28766	1
fc3	41	Response	251	1084174	30110	1
fc3	41	Response	251	1085515	31451	1
fc3	41	Response	251	1086857	32793	1
fc3	41	Response	251	1088197	34133	2
fc3	42	Picture	2	1088730	0	2	2000	3	0	1920	false_alarm	352
fc3	42	Response	251	1089535	805	2
fc3	42	Response	251	1090874	2144	1
fc3	42	Response	251	1092211	3481	2
fc3	42	Response	251	1093547	4817	1
fc3	42	Response	251	1094883	6153	1
fc3	42	Response	251	1096215	7485	1
fc3	42	Response	251	1097554	8824	1
fc3	42	Response	251	1098897	10167	1
fc3	42	Response	251	1100240	11510	1
fc3	43	Sound	62	1100729	0	1			0		hit	362
fc3	43	Response	251	1101583	854	1
fc3	43	Response	251	1102923	2194	2
fc3	43	Response	251	1104264	3535	2
fc3	43	Response	251	1105604	4875	1
fc3	43	Response	251	1106945	6216	1
fc3	43	Response	251	1108282	7553	2
fc3	43	Response	251	1109618	8889	2
fc3	43	Response	251	1110953	10224	1
fc3	43	Response	251	1112292	11563	1
fc3	43	Response	251	1113629	12900	2
fc3	43	Response	251	1114966	14237	1
fc3	43	Response	251	1116303	15574	1
fc3	43	Response	251	1117639	16910	1
fc3	43	Response	251	1118975	18246	1
fc3	43	Response	251	1120309	19580	1
fc3	43	Response	251	1121643	20914	2
fc3	43	Response	251	1122977	22248	1
fc3	43	Response	251	1124310	23581	1
fc3	43	Response	251	1125643	24914	1
fc3	43	Response	251	1126975	26246	2
fc3	43	Response	251	1128307	27578	1
fc3	43	Response	251	1129638	28909	1
fc3	43	Response	251	1130969	30240	1
fc3	43	Response	251	1132299	31570	2
fc3	43	Response	251	1133629	32900	1
fc3	43	Response	251	1134960	34231	1
fc3	44	Picture	103	1136059	0	1	2000	2	0	1920	false_alarm	389
fc3	44	Response	251	1136289	230	2
fc3	44	Response	251	1137619	1560	1
fc3	44	Response	251	1138948	2889	1
fc3	44	Response	251	1140277	4218	1
fc3	44	Response	251	1141605	5546	1
fc3	44	Response	251	1142934	6875	1
fc3	44	Response	251	1144262	8203	1
fc3	44	Response	251	1145589	9530	2
fc3	44	Response	251	1146916	10857	2
fc3	45	Sound	63	1148052	0	1			0		incorrect	399
fc3	45	Response	251	1148243	191	2
fc3	45	Response	251	1149570	1518	1
fc3	45	Response	251	1150891	2839	1
fc3	45	Response	251	1152205	4153	1
fc3	45	Response	251	1153508	5456	2
fc3	45	Response	251	1154844	6792	1
fc3	45	Response	251	1156188	8136	2
fc3	45	Response	251	1157529	9477	1
fc3	45	Response	251	1158814	10762	1
fc3	45	Response	251	1160111	12059	2
fc3	45	Response	251	1161406	13354	1
fc3	45	Response	251	1162694	14642	1
fc3	45	Response	251	1163978	15926	1
fc3	45	Response	251	1165246	17194	1
fc3	45	Response	251	1166518	18466	2
fc3	45	Response	251	1167789	19737	1
fc3	45	Response	251	1169032	20980	1
fc3	45	Response	251	1170283	22231	1
fc3	45	Response	251	1171537	23485	1
fc3	45	Response	251	1172784	24732	2
fc3	45	Response	251	1174031	25979	1
fc3	45	Response	251	1175276	27224	2
fc3	45	Response	251	1176516	28464	1
fc3	45	Response	251	1177753	29701	1
fc3	45	Response	251	1178984	30932	1
fc3	45	Response	251	1180211	32159	2
fc3	45	Response	251	1181420	33368	1
fc3	45	Response	251	1182632	34580	1
fc3	46	Picture	202	1183055	0	1	2000	2	0	1920	false_alarm	428
fc3	46	Response	251	1183844	789	1
fc3	46	Response	251	1185061	2006	1
fc3	46	Response	251	1186274	3219	1
fc3	46	Response	251	1187487	4432	1
fc3	46	Response	251	1188694	5639	1
fc3	46	Response	251	1189904	6849	2
fc3	46	Response	251	1191088	8033	1
fc3	46	Response	251	1192286	9231	1
fc3	46	Response	251	1193480	10425	1
fc3	46	Response	251	1194676	11621	1
fc3	47	Sound	62	1195045	0	2			0		hit	439
fc3	47	Response	251	1195862	817	2
fc3	47	Response	251	1197052	2007	1
fc3	47	Response	251	1198230	3185	1
fc3	47	Response	251	1199391	4346	1
fc3	47	Response	251	1200553	5508	1
fc3	47	Response	251	1201703	6658	2
fc3	47	Response	251	1202850	7805	2
fc3	47	Response	251	1204005	8960	1
fc3	47	Response	251	1205174	10129	1
fc3	47	Response	251	1206344	11299	1
fc3	47	Response	251	1207490	12445	1
fc3	47	Response	251	1208633	13588	1
fc3	47	Response	251	1209789	14744	2
fc3	47	Response	251	1210948	15903	1
fc3	47	Response	251	1212105	17060	1
fc3	47	Response	251	1213258	18213	1
fc3	47	Response	251	1214393	19348	1
fc3	47	Response	251	1215525	20480	1
fc3	47	Response	251	1216666	21621	1
fc3	47	Response	251	1217814	22769	1
fc3	47	Response	251	1218949	23904	2
fc3	47	Response	251	1220091	25046	1
fc3	47	Response	251	1221230	26185	1
fc3	47	Response	251	1222366	27321	1
fc3	47	Response	251	1223505	28460	1
fc3	47	Response	251	1224635	29590	1
fc3	47	Response	251	1225742	30697	1
fc3	47	Response	251	1226863	31818	1
fc3	47	Response	251	1227986	32941	2
fc3	47	Response	251	1229114	34069	2
fc3	48	Picture	101	1230050	0	2	2000	4	0	1920	false_alarm	470
fc3	48	Response	251	1230235	185	1
fc3	48	Response	251	1231340	1290	2
fc3	48	Response	251	1232456	2406	1
fc3	48	Response	251	1233568	3518	1
fc3	48	Response	251	1234675	4625	1
fc3	48	Response	251	1235758	5708	1
fc3	48	Quit		1236254	6204


Event Type	Code	Type	Response	RT	RT Uncertainty	Time	Uncertainty	Duration	Uncertainty	ReqTime	ReqDur

Picture	10	other				112487	2	20166	3	0	20000
Picture	10	other				132819	2	40163	3	0	40000
Picture	10	other				173149	1	40163	2	0	40000
Nothing	91	other				213314	1			0
Picture	1	other				243476	1	1998	4	0	1920
Sound	61	hit	1	5389	3	255471	1			0
Picture	123	other				291138	1	2000	2	0	1920
Sound	52	other				296937	2			5800
Sound	63	hit	2	4844	3	303123	2			0
Picture	101	other				338800	1	1999	3	0	1920
Sound	61	hit	1	3046	2	350776	1			0
Picture	204	other				385796	1	1999	3	0	1920
Sound	64	hit	2	5322	2	397769	1			0
Picture	3	other				432791	2	2000	4	0	1920
Sound	63	hit	2	8483	3	444763	1			0
Picture	2	other				479620	2	2000	3	0	1920
Sound	62	hit	1	3550	2	491607	1			0
Picture	202	other				525949	2	2000	4	0	1920
Sound	62	miss				537942	1			0
Picture	212	other				572112	1	1999	3	0	1920
Sound	51	other				577501	2			5390
Sound	62	hit	1	11779	2	584098	1			0
Picture	21	other				619441	1	1999	3	0	1920
Sound	52	other				626560	2			7120
Sound	61	hit	1	7794	2	631421	1			0
Picture	101	false_alarm	1	376	4	665936	2	2000	4	0	1920
Sound	61	hit	1	784	3	677935	2			0
Picture	2	false_alarm	1	431	3	713098	2	2000	4	0	1920
Sound	62	hit	1	150	2	725079	1			0
Picture	4	false_alarm	1	36	3	759594	2	2000	3	0	1920
Sound	64	incorrect	1	1350	3	771593	2			0
Picture	2	false_alarm	1	1682	2	806590	1	2000	2	0	1920
Sound	62	hit	1	269	2	818587	1			0
Picture	23	false_alarm	1	1161	3	854252	2	2000	3	0	1920
Sound	52	false_alarm	1	138	2	860101	1			5850
Sound	63	incorrect	1	370	4	866239	2			0
Picture	4	false_alarm	1	278	3	901914	2	2000	4	0	1920
Sound	64	incorrect	1	355	4	913921	2			0
Picture	113	false_alarm	1	1085	2	949077	1	1999	3	0	1920
Sound	51	false_alarm	1	613	2	952456	1			3380
Sound	63	incorrect	1	662	3	961065	1			0
Picture	4	false_alarm	1	129	3	995905	2	2000	4	0	1920
Sound	64	incorrect	1	682	3	1007909	1			0
Picture	101	false_alarm	1	1347	2	1042068	1	2000	3	0	1920
Sound	61	hit	1	310	4	1054064	2			0
Picture	2	false_alarm	1	805	4	1088730	2	2000	3	0	1920
Sound	62	hit	1	854	2	1100729	1			0
Picture	103	false_alarm	1	230	3	1136059	1	2000	2	0	1920
Sound	63	incorrect	1	191	3	1148052	1			0
Picture	202	false_alarm	1	789	2	1183055	1	2000	2	0	1920
Sound	62	hit	1	817	4	1195045	2			0
Picture	101	false_alarm	1	185	3	1230050	2	2000	4	0	1920

The following output port codes were not sent because of a conflict on the port.
Port	Code	Time(ms)
1	251	75963
1	2	80659
1	101	104207
