Scenario - SeuilAuditif
Logfile written - 05/26/2016 16:22:51

Subject	Trial	Event Type	Code	Time	TTime	Uncertainty	Duration	Uncertainty	ReqTime	ReqDur	Stim Type	Pair Index

fc3	2	Sound	L_tarson_Left_0.7	539	41	1			0		other	0
fc3	3	Sound	L_tarson_Left_0.65	10716	52	1			0		other	0
fc3	4	Sound	L_tarson_Left_0.6	20863	34	1			0		other	0
fc3	5	Sound	L_tarson_Left_0.55	31040	45	1			0		other	0
fc3	6	Sound	L_tarson_Left_0.5	41217	56	1			0		other	0
fc3	7	Sound	L_tarson_Left_0.45	51364	37	1			0		other	0
fc3	8	Sound	L_tarson_Left_0.4	61541	49	1			0		other	0
fc3	9	Sound	L_tarson_Left_0.35	71688	30	1			0		other	0
fc3	10	Sound	L_tarson_Left_0.3	81865	41	1			0		other	0
fc3	11	Sound	L_tarson_Left_0.25	92042	53	1			0		other	0
fc3	12	Sound	L_tarson_Left_0.2	102189	34	1			0		other	0
fc3	12	Response	1	103301	1146	2
fc3	13	Sound	L_tarson-Left-0.15	112366	45	1			0		other	0
fc3	14	Sound	L_tarson_Left_0.15	122543	56	1			0		other	0
fc3	15	Sound	L_tarson_Left_0.2	132690	38	1			0		other	0
fc3	16	Sound	L_tarson_Left_0.25	142867	49	1			0		other	0
fc3	17	Sound	L_tarson_Left_0.3	153014	30	1			0		other	0
fc3	18	Sound	L_tarson_Left_0.35	163191	41	1			0		other	0
fc3	18	Response	1	166954	3804	1
fc3	19	Sound	L_tarson-Left-0.4	173368	53	1			0		other	0
fc3	20	Sound	L_tarson_Left_0.4	183515	34	1			0		other	0
fc3	21	Sound	L_tarson_Left_0.38	193692	45	1			0		other	0
fc3	22	Sound	L_tarson_Left_0.36	203869	57	1			0		other	0
fc3	23	Sound	L_tarson_Left_0.34	214016	38	1			0		other	0
fc3	24	Sound	L_tarson_Left_0.32	224193	49	1			0		other	0
fc3	25	Sound	L_tarson_Left_0.3	234340	31	1			0		other	0
fc3	26	Sound	L_tarson_Left_0.28	244517	42	1			0		other	0
fc3	26	Response	1	253347	8872	1
fc3	27	Sound	L_tarson-Left-0.26	254694	53	1			0		other	0
fc3	28	Sound	L_tarson_Left_0.26	264841	34	1			0		other	0
fc3	29	Sound	L_tarson_Left_0.28	275018	45	1			0		other	0
fc3	30	Sound	L_tarson_Left_0.3	285195	57	1			0		other	0
fc3	31	Sound	L_tarson_Left_0.32	295342	38	1			0		other	0
fc3	32	Sound	L_tarson_Left_0.34	305519	49	1			0		other	0
fc3	33	Sound	L_tarson_Left_0.36	315666	31	1			0		other	0
fc3	33	Response	1	319050	3415	2
fc3	34	Sound	L_tarson-Left-0.38	325843	42	1			0		other	0
fc3	35	Sound	L_tarson_Left_0.38	336020	53	1			0		other	0
fc3	36	Sound	L_tarson_Left_0.36	346167	34	1			0		other	0
fc3	37	Sound	L_tarson_Left_0.34	356344	46	1			0		other	0
fc3	38	Sound	L_tarson_Left_0.32	366521	57	1			0		other	0
fc3	39	Sound	L_tarson_Left_0.3	376668	38	1			0		other	0
fc3	40	Sound	L_tarson_Left_0.28	386845	50	1			0		other	0
fc3	40	Response	1	386901	106	1
fc3	41	Sound	L_tarson-Left-0.26	396992	31	1			0		other	0
fc3	42	Sound	L_tarson_Left_0.26	407169	42	1			0		other	0
fc3	43	Sound	L_tarson_Left_0.28	417346	54	1			0		other	0
fc3	44	Sound	L_tarson_Left_0.3	427493	35	1			0		other	0
fc3	45	Sound	L_tarson_Left_0.32	437670	46	1			0		other	0
fc3	46	Sound	L_tarson_Left_0.34	447847	57	1			0		other	0
fc3	47	Sound	L_tarson_Left_0.36	457994	38	1			0		other	0
fc3	47	Response	1	461930	3974	1
fc3	49	Sound	H_tarson_Left_0.7	478497	43	2			0		other	0
fc3	50	Sound	H_tarson_Left_0.65	488674	55	2			0		other	0
fc3	51	Sound	H_tarson_Left_0.6	498821	36	2			0		other	0
fc3	52	Sound	H_tarson_Left_0.55	508999	48	1			0		other	0
fc3	53	Sound	H_tarson_Left_0.5	519176	60	1			0		other	0
fc3	54	Sound	H_tarson_Left_0.45	529323	41	1			0		other	0
fc3	55	Sound	H_tarson_Left_0.4	539499	51	2			0		other	0
fc3	56	Sound	H_tarson_Left_0.35	549647	34	1			0		other	0
fc3	57	Sound	H_tarson_Left_0.3	559823	44	2			0		other	0
fc3	57	Response	1	564606	4827	1
fc3	58	Sound	H_tarson-Left-0.25	570001	56	1			0		other	0
fc3	59	Sound	H_tarson_Left_0.25	580148	37	1			0		other	0
fc3	60	Sound	H_tarson_Left_0.3	590325	48	1			0		other	0
fc3	61	Sound	H_tarson_Left_0.35	600502	60	1			0		other	0
fc3	62	Sound	H_tarson_Left_0.4	610649	41	1			0		other	0
fc3	62	Response	1	619664	9056	1
fc3	63	Sound	H_tarson-Left-0.45	620825	51	2			0		other	0
fc3	64	Sound	H_tarson_Left_0.45	630973	34	1			0		other	0
fc3	65	Sound	H_tarson_Left_0.43	641150	45	1			0		other	0
fc3	66	Sound	H_tarson_Left_0.41	651326	55	2			0		other	0
fc3	67	Sound	H_tarson_Left_0.39	661474	37	1			0		other	0
fc3	68	Sound	H_tarson_Left_0.37	671651	49	1			0		other	0
fc3	69	Sound	H_tarson_Left_0.35	681798	30	1			0		other	0
fc3	69	Response	1	686587	4819	1
fc3	70	Sound	H_tarson-Left-0.33	691975	41	1			0		other	0
fc3	71	Sound	H_tarson_Left_0.33	702152	53	1			0		other	0
fc3	72	Sound	H_tarson_Left_0.35	712299	34	1			0		other	0
fc3	73	Sound	H_tarson_Left_0.37	722476	45	1			0		other	0
fc3	74	Sound	H_tarson_Left_0.39	732653	57	1			0		other	0
fc3	75	Sound	H_tarson_Left_0.41	742800	38	1			0		other	0
fc3	76	Sound	H_tarson_Left_0.43	752977	49	1			0		other	0
fc3	76	Response	1	761511	8583	1
fc3	77	Sound	H_tarson-Left-0.45	763124	30	1			0		other	0
fc3	78	Sound	H_tarson_Left_0.45	773301	41	1			0		other	0
fc3	79	Sound	H_tarson_Left_0.43	783478	53	1			0		other	0
fc3	80	Sound	H_tarson_Left_0.41	793625	34	1			0		other	0
fc3	81	Sound	H_tarson_Left_0.39	803802	45	1			0		other	0
fc3	82	Sound	H_tarson_Left_0.37	813978	56	2			0		other	0
fc3	83	Sound	H_tarson_Left_0.35	824126	38	1			0		other	0
fc3	84	Sound	H_tarson_Left_0.33	834303	49	1			0		other	0
fc3	85	Sound	H_tarson_Left_0.31	844450	30	1			0		other	0
fc3	86	Sound	H_tarson_Left_0.29	854627	42	1			0		other	0
fc3	87	Sound	H_tarson_Left_0.27	864804	53	1			0		other	0
fc3	87	Response	1	874913	10162	1
fc3	88	Sound	H_tarson_Left_0.25	874951	34	1			0		other	0
fc3	89	Sound	H_tarson-Left-0.23	885128	46	1			0		other	0
fc3	90	Sound	H_tarson_Left_0.23	895305	57	1			0		other	0
fc3	91	Sound	H_tarson_Left_0.25	905451	37	2			0		other	0
fc3	92	Sound	H_tarson_Left_0.27	915629	49	1			0		other	0
fc3	93	Sound	H_tarson_Left_0.29	925776	31	1			0		other	0
fc3	94	Sound	H_tarson_Left_0.31	935953	42	1			0		other	0
fc3	95	Sound	H_tarson_Left_0.33	946130	53	1			0		other	0
fc3	95	Response	1	947159	1082	1
fc3	97	Sound	L_tarson_Right_0.7	966454	46	1			0		other	0
fc3	98	Sound	L_tarson_Right_0.65	976631	57	1			0		other	0
fc3	99	Sound	L_tarson_Right_0.6	986778	38	1			0		other	0
fc3	100	Sound	L_tarson_Right_0.55	996955	50	1			0		other	0
fc3	101	Sound	L_tarson_Right_0.5	1007102	31	1			0		other	0
fc3	102	Sound	L_tarson_Right_0.45	1017279	42	1			0		other	0
fc3	102	Response	1	1026450	9213	1
fc3	103	Sound	L_tarson-Right-0.4	1027456	53	1			0		other	0
fc3	104	Sound	L_tarson_Right_0.4	1037603	35	1			0		other	0
fc3	105	Sound	L_tarson_Right_0.45	1047780	46	1			0		other	0
fc3	106	Sound	L_tarson_Right_0.5	1057957	58	1			0		other	0
fc3	107	Sound	L_tarson_Right_0.55	1068104	39	1			0		other	0
fc3	107	Response	1	1071761	3696	2
fc3	108	Sound	L_tarson-Right-0.6	1078281	50	1			0		other	0
fc3	109	Sound	L_tarson_Right_0.6	1088428	31	1			0		other	0
fc3	110	Sound	L_tarson_Right_0.58	1098605	42	1			0		other	0
fc3	111	Sound	L_tarson_Right_0.56	1108782	54	1			0		other	0
fc3	112	Sound	L_tarson_Right_0.54	1118929	35	1			0		other	0
fc3	113	Sound	L_tarson_Right_0.52	1129106	46	1			0		other	0
fc3	114	Sound	L_tarson_Right_0.5	1139283	57	1			0		other	0
fc3	115	Sound	L_tarson_Right_0.48	1149430	39	1			0		other	0
fc3	116	Sound	L_tarson_Right_0.46	1159607	50	1			0		other	0
fc3	117	Sound	L_tarson_Right_0.44	1169754	31	1			0		other	0
fc3	117	Response	1	1176873	7150	1
fc3	118	Sound	L_tarson-Right-0.42	1179931	42	1			0		other	0
fc3	119	Sound	L_tarson_Right_0.42	1190108	54	1			0		other	0
fc3	120	Sound	L_tarson_Right_0.44	1200255	35	1			0		other	0
fc3	121	Sound	L_tarson_Right_0.46	1210432	46	1			0		other	0
fc3	122	Sound	L_tarson_Right_0.48	1220609	58	1			0		other	0
fc3	123	Sound	L_tarson_Right_0.5	1230756	39	1			0		other	0
fc3	123	Response	1	1235162	4445	1
fc3	124	Sound	L_tarson-Right-0.52	1240933	50	1			0		other	0
fc3	125	Sound	L_tarson_Right_0.52	1251080	31	1			0		other	0
fc3	126	Sound	L_tarson_Right_0.5	1261257	43	1			0		other	0
fc3	127	Sound	L_tarson_Right_0.48	1271434	54	1			0		other	0
fc3	128	Sound	L_tarson_Right_0.46	1281581	35	1			0		other	0
fc3	129	Sound	L_tarson_Right_0.44	1291758	47	1			0		other	0
fc3	130	Sound	L_tarson_Right_0.42	1301935	58	1			0		other	0
fc3	131	Sound	L_tarson_Right_0.4	1312082	39	1			0		other	0
fc3	131	Response	1	1313335	1292	1
fc3	132	Sound	L_tarson-Right-0.38	1322259	50	1			0		other	0
fc3	133	Sound	L_tarson_Right_0.38	1332406	32	1			0		other	0
fc3	134	Sound	L_tarson_Right_0.4	1342583	43	1			0		other	0
fc3	135	Sound	L_tarson_Right_0.42	1352760	54	1			0		other	0
fc3	136	Sound	L_tarson_Right_0.44	1362907	36	1			0		other	0
fc3	137	Sound	L_tarson_Right_0.46	1373084	47	1			0		other	0
fc3	138	Sound	L_tarson_Right_0.48	1383261	58	1			0		other	0
fc3	138	Response	1	1386026	2823	1
fc3	140	Sound	H_tarson_Right_0.7	1403585	50	1			0		other	0
fc3	141	Sound	H_tarson_Right_0.65	1413732	32	1			0		other	0
fc3	142	Sound	H_tarson_Right_0.6	1423909	43	1			0		other	0
fc3	143	Sound	H_tarson_Right_0.55	1434086	54	1			0		other	0
fc3	144	Sound	H_tarson_Right_0.5	1444233	36	1			0		other	0
fc3	145	Sound	H_tarson_Right_0.45	1454410	47	1			0		other	0
fc3	146	Sound	H_tarson_Right_0.4	1464587	58	1			0		other	0
fc3	146	Response	1	1470275	5746	1
fc3	147	Sound	H_tarson-Right-0.35	1474734	40	1			0		other	0
fc3	148	Sound	H_tarson_Right_0.35	1484911	51	1			0		other	0
fc3	149	Sound	H_tarson_Right_0.4	1495058	32	1			0		other	0
fc3	150	Sound	H_tarson_Right_0.45	1505235	43	1			0		other	0
fc3	151	Sound	H_tarson_Right_0.5	1515412	55	1			0		other	0
fc3	151	Response	1	1518630	3273	1
fc3	152	Sound	H_tarson-Right-0.55	1525559	36	1			0		other	0
fc3	153	Sound	H_tarson_Right_0.55	1535736	47	1			0		other	0
fc3	154	Sound	H_tarson_Right_0.53	1545913	59	1			0		other	0
fc3	155	Sound	H_tarson_Right_0.51	1556060	40	1			0		other	0
fc3	156	Sound	H_tarson_Right_0.49	1566237	51	1			0		other	0
fc3	157	Sound	H_tarson_Right_0.47	1576384	32	1			0		other	0
fc3	158	Sound	H_tarson_Right_0.45	1586561	44	1			0		other	0
fc3	159	Sound	H_tarson_Right_0.43	1596738	55	1			0		other	0
fc3	159	Response	1	1600559	3876	1
fc3	160	Sound	H_tarson-Right-0.41	1606885	36	1			0		other	0
fc3	161	Sound	H_tarson_Right_0.41	1617062	47	1			0		other	0
fc3	162	Sound	H_tarson_Right_0.43	1627239	59	1			0		other	0
fc3	163	Sound	H_tarson_Right_0.45	1637386	40	1			0		other	0
fc3	164	Sound	H_tarson_Right_0.47	1647563	51	1			0		other	0
fc3	165	Sound	H_tarson_Right_0.49	1657710	32	1			0		other	0
fc3	165	Response	1	1663509	5831	1
fc3	166	Sound	H_tarson-Right-0.51	1667887	44	1			0		other	0
fc3	167	Sound	H_tarson_Right_0.51	1678064	55	1			0		other	0
fc3	168	Sound	H_tarson_Right_0.49	1688211	36	1			0		other	0
fc3	169	Sound	H_tarson_Right_0.47	1698388	48	1			0		other	0
fc3	170	Sound	H_tarson_Right_0.45	1708565	59	1			0		other	0
fc3	171	Sound	H_tarson_Right_0.43	1718712	40	1			0		other	0
fc3	172	Sound	H_tarson_Right_0.41	1728889	51	1			0		other	0
fc3	172	Response	1	1735608	6770	1
fc3	173	Sound	H_tarson-Right-0.39	1739036	33	1			0		other	0
fc3	174	Sound	H_tarson_Right_0.39	1749213	44	1			0		other	0
fc3	175	Sound	H_tarson_Right_0.41	1759390	55	1			0		other	0
fc3	176	Sound	H_tarson_Right_0.43	1769537	37	1			0		other	0
fc3	177	Sound	H_tarson_Right_0.45	1779714	48	1			0		other	0
fc3	178	Sound	H_tarson_Right_0.47	1789891	59	1			0		other	0
fc3	179	Sound	H_tarson_Right_0.49	1800038	41	1			0		other	0
fc3	179	Response	1	1806495	6498	1


Event Type	Code	Type	Response	RT	RT Uncertainty	Time	Uncertainty	Duration	Uncertainty	ReqTime	ReqDur

Sound	L_tarson_Left_0.7	other				539	1			0
Sound	L_tarson_Left_0.65	other				10716	1			0
Sound	L_tarson_Left_0.6	other				20863	1			0
Sound	L_tarson_Left_0.55	other				31040	1			0
Sound	L_tarson_Left_0.5	other				41217	1			0
Sound	L_tarson_Left_0.45	other				51364	1			0
Sound	L_tarson_Left_0.4	other				61541	1			0
Sound	L_tarson_Left_0.35	other				71688	1			0
Sound	L_tarson_Left_0.3	other				81865	1			0
Sound	L_tarson_Left_0.25	other				92042	1			0
Sound	L_tarson_Left_0.2	other				102189	1			0
Sound	L_tarson-Left-0.15	other				112366	1			0
Sound	L_tarson_Left_0.15	other				122543	1			0
Sound	L_tarson_Left_0.2	other				132690	1			0
Sound	L_tarson_Left_0.25	other				142867	1			0
Sound	L_tarson_Left_0.3	other				153014	1			0
Sound	L_tarson_Left_0.35	other				163191	1			0
Sound	L_tarson-Left-0.4	other				173368	1			0
Sound	L_tarson_Left_0.4	other				183515	1			0
Sound	L_tarson_Left_0.38	other				193692	1			0
Sound	L_tarson_Left_0.36	other				203869	1			0
Sound	L_tarson_Left_0.34	other				214016	1			0
Sound	L_tarson_Left_0.32	other				224193	1			0
Sound	L_tarson_Left_0.3	other				234340	1			0
Sound	L_tarson_Left_0.28	other				244517	1			0
Sound	L_tarson-Left-0.26	other				254694	1			0
Sound	L_tarson_Left_0.26	other				264841	1			0
Sound	L_tarson_Left_0.28	other				275018	1			0
Sound	L_tarson_Left_0.3	other				285195	1			0
Sound	L_tarson_Left_0.32	other				295342	1			0
Sound	L_tarson_Left_0.34	other				305519	1			0
Sound	L_tarson_Left_0.36	other				315666	1			0
Sound	L_tarson-Left-0.38	other				325843	1			0
Sound	L_tarson_Left_0.38	other				336020	1			0
Sound	L_tarson_Left_0.36	other				346167	1			0
Sound	L_tarson_Left_0.34	other				356344	1			0
Sound	L_tarson_Left_0.32	other				366521	1			0
Sound	L_tarson_Left_0.3	other				376668	1			0
Sound	L_tarson_Left_0.28	other				386845	1			0
Sound	L_tarson-Left-0.26	other				396992	1			0
Sound	L_tarson_Left_0.26	other				407169	1			0
Sound	L_tarson_Left_0.28	other				417346	1			0
Sound	L_tarson_Left_0.3	other				427493	1			0
Sound	L_tarson_Left_0.32	other				437670	1			0
Sound	L_tarson_Left_0.34	other				447847	1			0
Sound	L_tarson_Left_0.36	other				457994	1			0
Sound	H_tarson_Left_0.7	other				478497	2			0
Sound	H_tarson_Left_0.65	other				488674	2			0
Sound	H_tarson_Left_0.6	other				498821	2			0
Sound	H_tarson_Left_0.55	other				508999	1			0
Sound	H_tarson_Left_0.5	other				519176	1			0
Sound	H_tarson_Left_0.45	other				529323	1			0
Sound	H_tarson_Left_0.4	other				539499	2			0
Sound	H_tarson_Left_0.35	other				549647	1			0
Sound	H_tarson_Left_0.3	other				559823	2			0
Sound	H_tarson-Left-0.25	other				570001	1			0
Sound	H_tarson_Left_0.25	other				580148	1			0
Sound	H_tarson_Left_0.3	other				590325	1			0
Sound	H_tarson_Left_0.35	other				600502	1			0
Sound	H_tarson_Left_0.4	other				610649	1			0
Sound	H_tarson-Left-0.45	other				620825	2			0
Sound	H_tarson_Left_0.45	other				630973	1			0
Sound	H_tarson_Left_0.43	other				641150	1			0
Sound	H_tarson_Left_0.41	other				651326	2			0
Sound	H_tarson_Left_0.39	other				661474	1			0
Sound	H_tarson_Left_0.37	other				671651	1			0
Sound	H_tarson_Left_0.35	other				681798	1			0
Sound	H_tarson-Left-0.33	other				691975	1			0
Sound	H_tarson_Left_0.33	other				702152	1			0
Sound	H_tarson_Left_0.35	other				712299	1			0
Sound	H_tarson_Left_0.37	other				722476	1			0
Sound	H_tarson_Left_0.39	other				732653	1			0
Sound	H_tarson_Left_0.41	other				742800	1			0
Sound	H_tarson_Left_0.43	other				752977	1			0
Sound	H_tarson-Left-0.45	other				763124	1			0
Sound	H_tarson_Left_0.45	other				773301	1			0
Sound	H_tarson_Left_0.43	other				783478	1			0
Sound	H_tarson_Left_0.41	other				793625	1			0
Sound	H_tarson_Left_0.39	other				803802	1			0
Sound	H_tarson_Left_0.37	other				813978	2			0
Sound	H_tarson_Left_0.35	other				824126	1			0
Sound	H_tarson_Left_0.33	other				834303	1			0
Sound	H_tarson_Left_0.31	other				844450	1			0
Sound	H_tarson_Left_0.29	other				854627	1			0
Sound	H_tarson_Left_0.27	other				864804	1			0
Sound	H_tarson_Left_0.25	other				874951	1			0
Sound	H_tarson-Left-0.23	other				885128	1			0
Sound	H_tarson_Left_0.23	other				895305	1			0
Sound	H_tarson_Left_0.25	other				905451	2			0
Sound	H_tarson_Left_0.27	other				915629	1			0
Sound	H_tarson_Left_0.29	other				925776	1			0
Sound	H_tarson_Left_0.31	other				935953	1			0
Sound	H_tarson_Left_0.33	other				946130	1			0
Sound	L_tarson_Right_0.7	other				966454	1			0
Sound	L_tarson_Right_0.65	other				976631	1			0
Sound	L_tarson_Right_0.6	other				986778	1			0
Sound	L_tarson_Right_0.55	other				996955	1			0
Sound	L_tarson_Right_0.5	other				1007102	1			0
Sound	L_tarson_Right_0.45	other				1017279	1			0
Sound	L_tarson-Right-0.4	other				1027456	1			0
Sound	L_tarson_Right_0.4	other				1037603	1			0
Sound	L_tarson_Right_0.45	other				1047780	1			0
Sound	L_tarson_Right_0.5	other				1057957	1			0
Sound	L_tarson_Right_0.55	other				1068104	1			0
Sound	L_tarson-Right-0.6	other				1078281	1			0
Sound	L_tarson_Right_0.6	other				1088428	1			0
Sound	L_tarson_Right_0.58	other				1098605	1			0
Sound	L_tarson_Right_0.56	other				1108782	1			0
Sound	L_tarson_Right_0.54	other				1118929	1			0
Sound	L_tarson_Right_0.52	other				1129106	1			0
Sound	L_tarson_Right_0.5	other				1139283	1			0
Sound	L_tarson_Right_0.48	other				1149430	1			0
Sound	L_tarson_Right_0.46	other				1159607	1			0
Sound	L_tarson_Right_0.44	other				1169754	1			0
Sound	L_tarson-Right-0.42	other				1179931	1			0
Sound	L_tarson_Right_0.42	other				1190108	1			0
Sound	L_tarson_Right_0.44	other				1200255	1			0
Sound	L_tarson_Right_0.46	other				1210432	1			0
Sound	L_tarson_Right_0.48	other				1220609	1			0
Sound	L_tarson_Right_0.5	other				1230756	1			0
Sound	L_tarson-Right-0.52	other				1240933	1			0
Sound	L_tarson_Right_0.52	other				1251080	1			0
Sound	L_tarson_Right_0.5	other				1261257	1			0
Sound	L_tarson_Right_0.48	other				1271434	1			0
Sound	L_tarson_Right_0.46	other				1281581	1			0
Sound	L_tarson_Right_0.44	other				1291758	1			0
Sound	L_tarson_Right_0.42	other				1301935	1			0
Sound	L_tarson_Right_0.4	other				1312082	1			0
Sound	L_tarson-Right-0.38	other				1322259	1			0
Sound	L_tarson_Right_0.38	other				1332406	1			0
Sound	L_tarson_Right_0.4	other				1342583	1			0
Sound	L_tarson_Right_0.42	other				1352760	1			0
Sound	L_tarson_Right_0.44	other				1362907	1			0
Sound	L_tarson_Right_0.46	other				1373084	1			0
Sound	L_tarson_Right_0.48	other				1383261	1			0
Sound	H_tarson_Right_0.7	other				1403585	1			0
Sound	H_tarson_Right_0.65	other				1413732	1			0
Sound	H_tarson_Right_0.6	other				1423909	1			0
Sound	H_tarson_Right_0.55	other				1434086	1			0
Sound	H_tarson_Right_0.5	other				1444233	1			0
Sound	H_tarson_Right_0.45	other				1454410	1			0
Sound	H_tarson_Right_0.4	other				1464587	1			0
Sound	H_tarson-Right-0.35	other				1474734	1			0
Sound	H_tarson_Right_0.35	other				1484911	1			0
Sound	H_tarson_Right_0.4	other				1495058	1			0
Sound	H_tarson_Right_0.45	other				1505235	1			0
Sound	H_tarson_Right_0.5	other				1515412	1			0
Sound	H_tarson-Right-0.55	other				1525559	1			0
Sound	H_tarson_Right_0.55	other				1535736	1			0
Sound	H_tarson_Right_0.53	other				1545913	1			0
Sound	H_tarson_Right_0.51	other				1556060	1			0
Sound	H_tarson_Right_0.49	other				1566237	1			0
Sound	H_tarson_Right_0.47	other				1576384	1			0
Sound	H_tarson_Right_0.45	other				1586561	1			0
Sound	H_tarson_Right_0.43	other				1596738	1			0
Sound	H_tarson-Right-0.41	other				1606885	1			0
Sound	H_tarson_Right_0.41	other				1617062	1			0
Sound	H_tarson_Right_0.43	other				1627239	1			0
Sound	H_tarson_Right_0.45	other				1637386	1			0
Sound	H_tarson_Right_0.47	other				1647563	1			0
Sound	H_tarson_Right_0.49	other				1657710	1			0
Sound	H_tarson-Right-0.51	other				1667887	1			0
Sound	H_tarson_Right_0.51	other				1678064	1			0
Sound	H_tarson_Right_0.49	other				1688211	1			0
Sound	H_tarson_Right_0.47	other				1698388	1			0
Sound	H_tarson_Right_0.45	other				1708565	1			0
Sound	H_tarson_Right_0.43	other				1718712	1			0
Sound	H_tarson_Right_0.41	other				1728889	1			0
Sound	H_tarson-Right-0.39	other				1739036	1			0
Sound	H_tarson_Right_0.39	other				1749213	1			0
Sound	H_tarson_Right_0.41	other				1759390	1			0
Sound	H_tarson_Right_0.43	other				1769537	1			0
Sound	H_tarson_Right_0.45	other				1779714	1			0
Sound	H_tarson_Right_0.47	other				1789891	1			0
Sound	H_tarson_Right_0.49	other				1800038	1			0
