Scenario - 17_March_2015
Logfile written - 05/11/2017 16:02:30

Subject	Trial	Event Type	Code	Time	TTime	Uncertainty	Duration	Uncertainty	ReqTime	ReqDur	Stim Type	Pair Index

	1	Response	253	9197	19030	1
	2	Picture	10	9331	0	1	20164	3	0	20000	other	0
	3	Picture	10	29662	0	2	40163	3	0	40000	other	0
	3	Response	251	46357	16695	1
	4	Picture	10	69991	0	2	40163	4	0	40000	other	0
	4	Response	252	85710	15719	1
	5	Nothing	91	110156	0	1			0		other	0
	6	Picture	204	140318	0	2	2000	3	0	1920	other	0
	7	Sound	64	152293	0	1			0		hit	10
	7	Response	252	159095	6802	2
	8	Picture	222	187147	0	1	1999	3	0	1920	other	0
	8	Sound	52	194546	7399	2			7400		other	0
	9	Sound	62	199137	0	1			0		hit	14
	9	Response	251	209138	10001	2
	10	Picture	12	234476	0	1	1999	3	0	1920	other	0
	10	Sound	51	239285	4809	2			4810		other	0
	11	Sound	62	246459	0	2			0		hit	18
	11	Response	251	252465	6006	1
	12	Picture	204	282471	0	1	2000	2	0	1920	other	0
	13	Sound	64	294470	0	2			0		hit	21
	13	Response	252	300772	6302	1
	14	Picture	22	328800	0	2	1999	4	0	1920	other	0
	14	Sound	52	336909	8109	2			8110		other	0
	15	Sound	62	340775	0	1			0		hit	25
	15	Response	251	348258	7483	1
	16	Picture	4	375295	0	2	2000	4	0	1920	other	0
	17	Sound	64	387290	0	1			0		hit	28
	17	Response	252	400065	12775	1
	18	Picture	13	423291	0	1	1999	3	0	1920	other	0
	18	Sound	51	428410	5119	2			5120		other	0
	19	Sound	63	435271	0	1			0		hit	32
	19	Response	252	441930	6659	1
	20	Picture	103	469786	0	2	2000	3	0	1920	other	0
	21	Sound	63	481785	0	1			0		hit	35
	21	Response	252	487491	5706	1
	22	Picture	3	516948	0	2	2000	4	0	1920	other	0
	23	Sound	63	528928	0	1			0		hit	38
	23	Response	252	534284	5356	1
	24	Picture	2	564777	0	2	2000	3	0	1920	other	0
	25	Sound	62	576759	0	2			0		hit	41
	25	Response	251	582586	5827	1
	26	Picture	101	611106	0	2	2000	3	0	1920	other	0
	27	Sound	61	623094	0	2			0		hit	44
	27	Response	251	631640	8546	2
	28	Picture	1	658435	0	1	2000	2	0	1920	other	0
	29	Sound	61	670417	0	1			0		hit	47
	29	Response	251	676383	5966	1
	30	Picture	3	706430	0	2	2000	3	0	1920	other	0
	31	Sound	63	718428	0	1			0		hit	50
	31	Response	252	724894	6466	2
	31	Response	252	729356	10928	1
	32	Picture	1	753426	0	1	2000	2	0	1920	other	0
	33	Sound	61	765421	0	1			0		hit	54
	33	Response	251	771989	6568	1
	34	Picture	3	800088	0	1	2000	2	0	1920	other	0
	35	Sound	63	812085	0	1			0		hit	57
	35	Response	252	818085	6000	2
	36	Picture	214	847583	0	2	2000	4	0	1920	other	0
	36	Sound	51	852133	4550	1			4550		other	0
	37	Sound	64	859558	0	1			0		hit	61
	37	Response	252	865612	6054	1
	37	Response	251	870678	11120	1
	37	Response	251	870781	11223	1
	38	Picture	14	893745	0	2	2000	4	0	1920	other	0
	38	Sound	51	899134	5389	1			5390		other	0
	39	Sound	64	905743	0	1			0		hit	67
	39	Response	252	911173	5430	1
	39	Response	251	915895	10152	2
	40	Picture	202	940575	0	1	1999	3	0	1920	other	0
	41	Sound	62	952556	0	2			0		hit	71
	41	Response	251	959492	6936	2
	42	Picture	4	987737	0	1	2000	2	0	1920	other	0
	43	Sound	64	999729	0	1			0		hit	74
	43	Response	252	1006181	6452	1
	44	Picture	101	1034899	0	1	2000	2	0	1920	other	0
	45	Sound	61	1046872	0	2			0		hit	77
	45	Response	251	1054230	7358	1
	46	Picture	24	1081394	0	2	2000	3	0	1920	other	0
	46	Sound	52	1087233	5839	2			5840		other	0
	47	Sound	64	1093387	0	1			0		incorrect	81
	47	Response	251	1113926	20539	1
	48	Picture	103	1129056	0	2	2000	4	0	1920	other	0
	49	Sound	63	1141039	0	1			0		hit	84
	49	Response	252	1147222	6183	2
	49	Response	251	1152381	11342	1
	50	Picture	121	1176385	0	2	2000	3	0	1920	other	0
	50	Sound	52	1184694	8309	1			8310		other	0
	51	Sound	61	1188361	0	1			0		hit	89
	51	Response	251	1196453	8092	1
	52	Picture	103	1222714	0	2	2000	3	0	1920	other	0
	53	Sound	63	1234696	0	1			0		hit	92
	53	Response	252	1242288	7592	1
	54	Picture	2	1269210	0	1	1999	3	0	1920	other	0
	55	Sound	62	1281210	0	1			0		hit	95
	55	Response	251	1287182	5972	1
	56	Picture	111	1315872	0	1	1999	3	0	1920	other	0
	56	Sound	51	1318911	3039	2			3040		other	0
	57	Sound	61	1327844	0	2			0		hit	99
	57	Response	251	1340317	12473	1
	58	Picture	101	1362201	0	1	1999	3	0	1920	other	0
	59	Sound	61	1374179	0	1			0		hit	102
	59	Response	251	1379855	5676	1
	60	Picture	103	1409030	0	1	1999	3	0	1920	other	0
	61	Sound	63	1421023	0	1			0		hit	105
	61	Response	252	1427399	6376	1
	62	Picture	204	1456858	0	2	2000	4	0	1920	other	0
	63	Sound	64	1468854	0	1			0		hit	108
	63	Response	252	1474951	6097	1
	63	Response	251	1479889	11035	2
	64	Picture	4	1504020	0	2	2000	4	0	1920	other	0
	65	Sound	64	1515997	0	1			0		hit	112
	65	Response	252	1521390	5393	2
	66	Picture	101	1550349	0	2	2000	4	0	1920	other	0
	67	Sound	61	1562332	0	1			0		hit	115
	67	Response	251	1569764	7432	2
	68	Picture	202	1597511	0	2	2000	3	0	1920	other	0
	69	Sound	62	1609505	0	1			0		hit	118
	69	Response	251	1620018	10513	1
	70	Picture	2	1644007	0	1	2000	2	0	1920	other	0
	71	Sound	62	1655989	0	2			0		hit	121
	71	Response	251	1661838	5849	2
	72	Picture	113	1691669	0	2	2000	3	0	1920	other	0
	72	Sound	51	1694538	2869	2			2870		other	0
	73	Sound	63	1703641	0	1			0		hit	125
	73	Response	252	1709508	5867	1
	74	Picture	101	1738998	0	1	1999	4	0	1920	other	0
	75	Sound	61	1750994	0	1			0		hit	128
	75	Response	251	1758837	7843	1
	76	Picture	204	1787160	0	1	1999	3	0	1920	other	0
	77	Sound	64	1799154	0	2			0		hit	131
	77	Response	252	1808829	9675	2
	78	Picture	4	1833489	0	1	1999	3	0	1920	other	0
	79	Sound	64	1845459	0	2			0		hit	134
	79	Response	252	1851723	6264	1
	80	Picture	103	1879818	0	1	1999	3	0	1920	other	0
	81	Sound	63	1891794	0	1			0		hit	137
	81	Response	252	1896613	4819	2
	82	Picture	204	1926646	0	2	2000	4	0	1920	other	0
	83	Sound	64	1938638	0	1			0		hit	140
	83	Response	252	1944210	5572	2
	84	Picture	202	1974475	0	2	2000	3	0	1920	other	0
	85	Sound	62	1986469	0	1			0		hit	143
	85	Response	251	1993373	6904	1
	86	Picture	1	2021304	0	2	2000	3	0	1920	other	0
	87	Sound	61	2033283	0	1			0		hit	146
	87	Response	251	2039355	6072	2
	88	Picture	2	2068633	0	1	1999	3	0	1920	other	0
	89	Sound	62	2080606	0	1			0		hit	149
	89	Response	251	2086080	5474	1
	90	Picture	3	2116128	0	2	2000	4	0	1920	other	0
	91	Sound	63	2128108	0	1			0		hit	152
	91	Response	252	2134064	5956	1
	92	Picture	1	2163957	0	1	2000	2	0	1920	other	0
	93	Sound	61	2175939	0	1			0		hit	155
	93	Response	251	2182915	6976	1
	94	Picture	4	2211286	0	1	2000	2	0	1920	other	0
	95	Sound	64	2223262	0	1			0		hit	158
	95	Response	252	2230606	7344	2
	96	Picture	3	2259114	0	2	2000	4	0	1920	other	0
	97	Sound	63	2271093	0	1			0		hit	161
	97	Response	252	2277293	6200	1
	98	Picture	23	2306277	0	1	1999	3	0	1920	other	0
	98	Sound	52	2312816	6539	2			6540		other	0
	99	Sound	63	2318266	0	1			0		hit	165
	99	Response	252	2324014	5748	1
	99	Response	252	2327157	8891	2
	100	Picture	3	2352605	0	2	2000	4	0	1920	other	0
	101	Sound	63	2364601	0	1			0		hit	169
	101	Response	252	2370832	6231	1
	102	Picture	1	2398934	0	2	2000	4	0	1920	other	0
	103	Sound	61	2410906	0	1			0		hit	172
	103	Response	251	2418800	7894	1
	104	Picture	103	2446596	0	2	2000	4	0	1920	other	0
	105	Sound	63	2458587	0	2			0		hit	175
	105	Response	252	2464382	5795	2
	106	Picture	204	2493257	0	3	2001	5	0	1920	other	0
	107	Sound	64	2505251	0	2			0		incorrect	178
	107	Response	251	2511035	5784	1
	108	Picture	202	2540421	0	1	1999	3	0	1920	other	0
	109	Sound	62	2552394	0	2			0		hit	181
	109	Response	251	2558517	6123	1
	110	Picture	202	2587750	0	1	1999	3	0	1920	other	0
	111	Sound	62	2599747	0	1			0		hit	184
	111	Response	251	2608385	8638	2
	112	Picture	2	2635245	0	1	2000	2	0	1920	other	0
	113	Sound	62	2647219	0	2			0		hit	187
	113	Response	251	2652876	5657	1
	114	Picture	1	2682407	0	2	2000	3	0	1920	other	0
	115	Sound	61	2694392	0	1			0		hit	190
	115	Response	251	2702017	7625	2
	116	Picture	224	2730069	0	2	2000	3	0	1920	other	0
	116	Sound	52	2735688	5619	1			5620		other	0
	117	Sound	64	2742044	0	1			0		hit	194
	117	Response	252	2749483	7439	1
	118	Picture	11	2776731	0	2	2000	4	0	1920	other	0
	118	Sound	51	2781570	4839	1			4840		other	0
	119	Sound	61	2788708	0	1			0		hit	198
	119	Response	251	2794129	5421	1
	120	Picture	202	2823727	0	2	2000	3	0	1920	other	0
	121	Sound	62	2835701	0	1			0		hit	201
	121	Response	251	2842822	7121	1
	122	Picture	123	2870889	0	1	2000	2	0	1920	other	0
	122	Sound	52	2879288	8399	2			8400		other	0
	123	Sound	63	2882874	0	1			0		hit	205
	123	Response	252	2890402	7528	2
	124	Picture	21	2917885	0	1	1999	3	0	1920	other	0
	124	Sound	52	2923884	5999	2			6000		other	0
	125	Sound	61	2929868	0	1			0		hit	209
	125	Response	251	2936270	6402	2
	126	Picture	2	2964380	0	2	2000	3	0	1920	other	0
	127	Sound	62	2976352	0	1			0		hit	212
	127	Response	251	2983043	6691	1
	128	Picture	101	3011042	0	2	2000	3	0	1920	other	0
	129	Sound	61	3023016	0	1			0		hit	215
	129	Response	251	3030516	7500	1
	130	Picture	4	3059038	0	1	1999	3	0	1920	other	0
	131	Sound	64	3071027	0	1			0		hit	218
	131	Response	252	3078187	7160	1
	132	Picture	212	3106866	0	2	2000	3	0	1920	other	0
	132	Sound	51	3111715	4849	2			4850		other	0
	133	Sound	62	3118859	0	1			0		hit	222
	133	Response	251	3125152	6293	1
	134	Response	251	3210900	56205	2
	134	Response	251	3211008	56313	1
	134	Response	253	3304310	149615	2


Event Type	Code	Type	Response	RT	RT Uncertainty	Time	Uncertainty	Duration	Uncertainty	ReqTime	ReqDur

Picture	10	other				9331	1	20164	3	0	20000
Picture	10	other				29662	2	40163	3	0	40000
Picture	10	other				69991	2	40163	4	0	40000
Nothing	91	other				110156	1			0
Picture	204	other				140318	2	2000	3	0	1920
Sound	64	hit	2	6802	3	152293	1			0
Picture	222	other				187147	1	1999	3	0	1920
Sound	52	other				194546	2			7400
Sound	62	hit	1	10001	3	199137	1			0
Picture	12	other				234476	1	1999	3	0	1920
Sound	51	other				239285	2			4810
Sound	62	hit	1	6006	3	246459	2			0
Picture	204	other				282471	1	2000	2	0	1920
Sound	64	hit	2	6302	3	294470	2			0
Picture	22	other				328800	2	1999	4	0	1920
Sound	52	other				336909	2			8110
Sound	62	hit	1	7483	2	340775	1			0
Picture	4	other				375295	2	2000	4	0	1920
Sound	64	hit	2	12775	2	387290	1			0
Picture	13	other				423291	1	1999	3	0	1920
Sound	51	other				428410	2			5120
Sound	63	hit	2	6659	2	435271	1			0
Picture	103	other				469786	2	2000	3	0	1920
Sound	63	hit	2	5706	2	481785	1			0
Picture	3	other				516948	2	2000	4	0	1920
Sound	63	hit	2	5356	2	528928	1			0
Picture	2	other				564777	2	2000	3	0	1920
Sound	62	hit	1	5827	3	576759	2			0
Picture	101	other				611106	2	2000	3	0	1920
Sound	61	hit	1	8546	4	623094	2			0
Picture	1	other				658435	1	2000	2	0	1920
Sound	61	hit	1	5966	2	670417	1			0
Picture	3	other				706430	2	2000	3	0	1920
Sound	63	hit	2	6466	3	718428	1			0
Picture	1	other				753426	1	2000	2	0	1920
Sound	61	hit	1	6568	2	765421	1			0
Picture	3	other				800088	1	2000	2	0	1920
Sound	63	hit	2	6000	3	812085	1			0
Picture	214	other				847583	2	2000	4	0	1920
Sound	51	other				852133	1			4550
Sound	64	hit	2	6054	2	859558	1			0
Picture	14	other				893745	2	2000	4	0	1920
Sound	51	other				899134	1			5390
Sound	64	hit	2	5430	2	905743	1			0
Picture	202	other				940575	1	1999	3	0	1920
Sound	62	hit	1	6936	4	952556	2			0
Picture	4	other				987737	1	2000	2	0	1920
Sound	64	hit	2	6452	2	999729	1			0
Picture	101	other				1034899	1	2000	2	0	1920
Sound	61	hit	1	7358	3	1046872	2			0
Picture	24	other				1081394	2	2000	3	0	1920
Sound	52	other				1087233	2			5840
Sound	64	incorrect	1	20539	2	1093387	1			0
Picture	103	other				1129056	2	2000	4	0	1920
Sound	63	hit	2	6183	3	1141039	1			0
Picture	121	other				1176385	2	2000	3	0	1920
Sound	52	other				1184694	1			8310
Sound	61	hit	1	8092	2	1188361	1			0
Picture	103	other				1222714	2	2000	3	0	1920
Sound	63	hit	2	7592	2	1234696	1			0
Picture	2	other				1269210	1	1999	3	0	1920
Sound	62	hit	1	5972	2	1281210	1			0
Picture	111	other				1315872	1	1999	3	0	1920
Sound	51	other				1318911	2			3040
Sound	61	hit	1	12473	3	1327844	2			0
Picture	101	other				1362201	1	1999	3	0	1920
Sound	61	hit	1	5676	2	1374179	1			0
Picture	103	other				1409030	1	1999	3	0	1920
Sound	63	hit	2	6376	2	1421023	1			0
Picture	204	other				1456858	2	2000	4	0	1920
Sound	64	hit	2	6097	2	1468854	1			0
Picture	4	other				1504020	2	2000	4	0	1920
Sound	64	hit	2	5393	3	1515997	1			0
Picture	101	other				1550349	2	2000	4	0	1920
Sound	61	hit	1	7432	3	1562332	1			0
Picture	202	other				1597511	2	2000	3	0	1920
Sound	62	hit	1	10513	2	1609505	1			0
Picture	2	other				1644007	1	2000	2	0	1920
Sound	62	hit	1	5849	4	1655989	2			0
Picture	113	other				1691669	2	2000	3	0	1920
Sound	51	other				1694538	2			2870
Sound	63	hit	2	5867	2	1703641	1			0
Picture	101	other				1738998	1	1999	4	0	1920
Sound	61	hit	1	7843	2	1750994	1			0
Picture	204	other				1787160	1	1999	3	0	1920
Sound	64	hit	2	9675	4	1799154	2			0
Picture	4	other				1833489	1	1999	3	0	1920
Sound	64	hit	2	6264	3	1845459	2			0
Picture	103	other				1879818	1	1999	3	0	1920
Sound	63	hit	2	4819	3	1891794	1			0
Picture	204	other				1926646	2	2000	4	0	1920
Sound	64	hit	2	5572	3	1938638	1			0
Picture	202	other				1974475	2	2000	3	0	1920
Sound	62	hit	1	6904	2	1986469	1			0
Picture	1	other				2021304	2	2000	3	0	1920
Sound	61	hit	1	6072	3	2033283	1			0
Picture	2	other				2068633	1	1999	3	0	1920
Sound	62	hit	1	5474	2	2080606	1			0
Picture	3	other				2116128	2	2000	4	0	1920
Sound	63	hit	2	5956	2	2128108	1			0
Picture	1	other				2163957	1	2000	2	0	1920
Sound	61	hit	1	6976	2	2175939	1			0
Picture	4	other				2211286	1	2000	2	0	1920
Sound	64	hit	2	7344	3	2223262	1			0
Picture	3	other				2259114	2	2000	4	0	1920
Sound	63	hit	2	6200	2	2271093	1			0
Picture	23	other				2306277	1	1999	3	0	1920
Sound	52	other				2312816	2			6540
Sound	63	hit	2	5748	2	2318266	1			0
Picture	3	other				2352605	2	2000	4	0	1920
Sound	63	hit	2	6231	2	2364601	1			0
Picture	1	other				2398934	2	2000	4	0	1920
Sound	61	hit	1	7894	2	2410906	1			0
Picture	103	other				2446596	2	2000	4	0	1920
Sound	63	hit	2	5795	4	2458587	2			0
Picture	204	other				2493257	3	2001	5	0	1920
Sound	64	incorrect	1	5784	3	2505251	2			0
Picture	202	other				2540421	1	1999	3	0	1920
Sound	62	hit	1	6123	3	2552394	2			0
Picture	202	other				2587750	1	1999	3	0	1920
Sound	62	hit	1	8638	3	2599747	1			0
Picture	2	other				2635245	1	2000	2	0	1920
Sound	62	hit	1	5657	3	2647219	2			0
Picture	1	other				2682407	2	2000	3	0	1920
Sound	61	hit	1	7625	3	2694392	1			0
Picture	224	other				2730069	2	2000	3	0	1920
Sound	52	other				2735688	1			5620
Sound	64	hit	2	7439	2	2742044	1			0
Picture	11	other				2776731	2	2000	4	0	1920
Sound	51	other				2781570	1			4840
Sound	61	hit	1	5421	2	2788708	1			0
Picture	202	other				2823727	2	2000	3	0	1920
Sound	62	hit	1	7121	2	2835701	1			0
Picture	123	other				2870889	1	2000	2	0	1920
Sound	52	other				2879288	2			8400
Sound	63	hit	2	7528	3	2882874	1			0
Picture	21	other				2917885	1	1999	3	0	1920
Sound	52	other				2923884	2			6000
Sound	61	hit	1	6402	3	2929868	1			0
Picture	2	other				2964380	2	2000	3	0	1920
Sound	62	hit	1	6691	2	2976352	1			0
Picture	101	other				3011042	2	2000	3	0	1920
Sound	61	hit	1	7500	2	3023016	1			0
Picture	4	other				3059038	1	1999	3	0	1920
Sound	64	hit	2	7160	2	3071027	1			0
Picture	212	other				3106866	2	2000	3	0	1920
Sound	51	other				3111715	2			4850
Sound	62	hit	1	6293	2	3118859	1			0
