Scenario - 17_March_2015
Logfile written - 05/11/2017 15:56:06

Subject	Trial	Event Type	Code	Time	TTime	Uncertainty	Duration	Uncertainty	ReqTime	ReqDur	Stim Type	Pair Index

	1	Response	251	6805	16638	2
	1	Response	253	27977	37810	1
	2	Picture	10	27995	0	2	20165	3	0	20000	other	0
	3	Picture	10	48327	0	1	40162	3	0	40000	other	0
	3	Response	251	70615	22288	1
	4	Picture	10	88656	0	2	40163	4	0	40000	other	0
	4	Response	252	105101	16445	1
	5	Nothing	91	128821	0	1			0		other	0
	6	Picture	12	158983	0	1	2000	2	0	1920	other	0
	6	Sound	51	164092	5109	1			5110		other	0
	7	Sound	62	170971	0	1			0		hit	12
	7	Response	251	177341	6370	2
	8	Picture	3	205645	0	1	2000	2	0	1920	other	0
	9	Sound	63	217635	0	1			0		hit	15
	9	Response	252	224736	7101	1
	10	Picture	22	252973	0	2	2000	4	0	1920	other	0
	10	Sound	52	261212	8239	2			8240		other	0
	11	Sound	62	264957	0	2			0		hit	19
	11	Response	251	273204	8247	2
	12	Picture	204	299136	0	2	2000	3	0	1920	other	0
	13	Sound	64	311113	0	1			0		hit	22
	13	Response	252	319134	8021	1
	14	Picture	204	345632	0	1	1999	3	0	1920	other	0
	15	Sound	64	357627	0	1			0		hit	25
	15	Response	252	366522	8895	2
	16	Picture	2	393127	0	2	2000	3	0	1920	other	0
	17	Sound	62	405099	0	2			0		hit	28
	17	Response	251	411971	6872	1
	18	Picture	2	439789	0	2	2000	3	0	1920	other	0
	19	Sound	62	451764	0	1			0		hit	31
	19	Response	251	458212	6448	1
	20	Picture	204	486118	0	2	2000	3	0	1920	other	0
	21	Sound	64	498098	0	1			0		hit	34
	21	Response	252	504852	6754	2
	22	Picture	1	532447	0	1	2000	2	0	1920	other	0
	23	Sound	61	544433	0	1			0		hit	37
	23	Response	251	554848	10415	1
	24	Picture	123	579609	0	2	2000	3	0	1920	other	0
	24	Sound	52	586678	7069	2			7070		other	0
	25	Sound	63	591606	0	1			0		hit	41
	25	Response	252	599429	7823	1
	26	Picture	103	626105	0	1	1999	3	0	1920	other	0
	27	Sound	63	638090	0	2			0		hit	44
	27	Response	252	644071	5981	2
	27	Response	252	648328	10238	2
	28	Picture	11	673434	0	1	1999	3	0	1920	other	0
	28	Sound	51	678073	4639	1			4640		other	0
	29	Sound	61	685413	0	1			0		hit	49
	29	Response	251	696538	11125	1
	30	Picture	202	720595	0	2	2000	4	0	1920	other	0
	31	Sound	62	732586	0	1			0		hit	52
	31	Response	251	746995	14409	1
	32	Picture	204	767591	0	1	2000	2	0	1920	other	0
	33	Sound	64	779579	0	2			0		hit	55
	33	Response	252	787085	7506	2
	34	Picture	101	813753	0	2	2000	4	0	1920	other	0
	35	Sound	61	825734	0	2			0		hit	58
	35	Response	251	834923	9189	1
	36	Picture	4	860415	0	2	2000	4	0	1920	other	0
	37	Sound	64	872399	0	1			0		hit	61
	37	Response	252	880538	8139	1
	38	Picture	1	906744	0	2	2000	4	0	1920	other	0
	39	Sound	61	918733	0	2			0		hit	64
	39	Response	251	926349	7616	1
	40	Picture	1	954073	0	2	2000	3	0	1920	other	0
	41	Sound	61	966056	0	1			0		hit	67
	41	Response	251	972003	5947	1
	42	Picture	103	1001569	0	1	1999	3	0	1920	other	0
	43	Sound	63	1013558	0	1			0		hit	70
	43	Response	252	1020971	7413	1
	44	Picture	202	1048897	0	2	2000	3	0	1920	other	0
	45	Sound	62	1060881	0	1			0		hit	73
	45	Response	251	1067336	6455	1
	46	Picture	103	1095226	0	2	2000	3	0	1920	other	0
	47	Sound	63	1107216	0	1			0		hit	76
	47	Response	252	1114025	6809	1
	48	Picture	2	1141555	0	2	2000	4	0	1920	other	0
	49	Sound	62	1153550	0	2			0		hit	79
	49	Response	251	1160388	6838	2
	50	Picture	204	1189551	0	1	1999	3	0	1920	other	0
	51	Sound	64	1201531	0	2			0		hit	82
	51	Response	252	1210371	8840	1
	52	Picture	103	1236213	0	1	1999	3	0	1920	other	0
	53	Sound	63	1248195	0	2			0		hit	85
	53	Response	252	1255348	7153	2
	54	Picture	101	1283375	0	1	2000	2	0	1920	other	0
	55	Sound	61	1295368	0	2			0		hit	88
	55	Response	251	1302287	6919	2
	56	Picture	3	1330370	0	2	2000	4	0	1920	other	0
	57	Sound	63	1342362	0	1			0		hit	91
	57	Response	252	1349717	7355	2
	58	Picture	103	1377366	0	1	2000	2	0	1920	other	0
	59	Sound	63	1389355	0	1			0		hit	94
	59	Response	252	1395225	5870	1
	60	Picture	23	1424028	0	2	2000	3	0	1920	other	0
	60	Sound	52	1430447	6419	2			6420		other	0
	61	Sound	63	1436019	0	1			0		hit	98
	61	Response	252	1442731	6712	1
	62	Picture	24	1471857	0	1	2000	2	0	1920	other	0
	62	Sound	52	1478146	6289	2			6290		other	0
	63	Sound	64	1483850	0	2			0		hit	102
	63	Response	252	1495225	11375	1
	64	Picture	3	1519519	0	1	2000	2	0	1920	other	0
	65	Sound	63	1531502	0	2			0		hit	105
	65	Response	252	1538676	7174	1
	66	Picture	4	1566181	0	2	2000	3	0	1920	other	0
	67	Sound	64	1578166	0	2			0		hit	108
	67	Response	252	1584624	6458	1
	68	Picture	2	1613677	0	1	1999	3	0	1920	other	0
	69	Sound	62	1625669	0	1			0		hit	111
	69	Response	251	1632857	7188	2
	70	Picture	202	1660505	0	2	2000	3	0	1920	other	0
	71	Sound	62	1672482	0	1			0		hit	114
	71	Response	251	1678779	6297	2
	72	Picture	101	1707334	0	2	2000	4	0	1920	other	0
	73	Sound	61	1719326	0	1			0		hit	117
	73	Response	251	1727933	8607	1
	74	Picture	4	1754996	0	2	2000	3	0	1920	other	0
	75	Sound	64	1766978	0	1			0		hit	120
	75	Response	252	1776291	9313	2
	76	Picture	212	1801325	0	2	2000	3	0	1920	other	0
	76	Sound	51	1805954	4629	1			4630		other	0
	77	Sound	62	1813312	0	2			0		incorrect	124
	77	Response	252	1826099	12787	2
	78	Picture	101	1848154	0	2	2000	3	0	1920	other	0
	79	Sound	61	1860126	0	1			0		hit	127
	79	Response	251	1867537	7411	1
	80	Picture	1	1896149	0	2	2000	4	0	1920	other	0
	81	Sound	61	1908137	0	1			0		hit	130
	81	Response	251	1914667	6530	1
	82	Picture	224	1943145	0	1	2000	2	0	1920	other	0
	82	Sound	52	1949254	6109	2			6110		other	0
	83	Sound	64	1955131	0	1			0		hit	134
	83	Response	252	1961510	6379	1
	84	Picture	13	1990307	0	1	2000	2	0	1920	other	0
	84	Sound	51	1993716	3409	2			3410		other	0
	85	Sound	63	2002303	0	2			0		hit	138
	85	Response	252	2008282	5979	2
	85	Response	251	2014484	12181	1
	86	Picture	101	2037969	0	2	2000	3	0	1920	other	0
	87	Sound	61	2049955	0	2			0		hit	142
	87	Response	251	2055878	5923	1
	88	Picture	2	2085464	0	2	2000	4	0	1920	other	0
	89	Sound	62	2097458	0	1			0		hit	145
	89	Response	251	2110167	12709	1
	90	Picture	121	2133460	0	1	2000	2	0	1920	other	0
	90	Sound	52	2139119	5659	1			5660		other	0
	91	Sound	61	2145439	0	1			0		hit	149
	91	Response	251	2151501	6062	2
	92	Picture	202	2181122	0	2	2000	3	0	1920	other	0
	93	Sound	62	2193120	0	2			0		hit	152
	93	Response	251	2198743	5623	2
	94	Picture	4	2228284	0	2	2000	3	0	1920	other	0
	95	Sound	64	2240263	0	2			0		hit	155
	95	Response	252	2247029	6766	2
	96	Picture	3	2276113	0	1	2000	2	0	1920	other	0
	97	Sound	63	2288095	0	1			0		hit	158
	97	Response	252	2293997	5902	2
	98	Picture	2	2322275	0	2	2000	4	0	1920	other	0
	99	Sound	62	2334250	0	1			0		hit	161
	99	Response	251	2340354	6104	1
	100	Picture	222	2368771	0	1	1999	3	0	1920	other	0
	100	Sound	52	2377040	8269	2			8270		other	0
	101	Sound	62	2380764	0	2			0		hit	165
	101	Response	251	2388051	7287	2
	102	Picture	101	2414933	0	1	2000	2	0	1920	other	0
	103	Sound	61	2426920	0	1			0		hit	168
	103	Response	251	2432748	5828	1
	104	Picture	103	2461761	0	2	2000	4	0	1920	other	0
	105	Sound	63	2473733	0	2			0		hit	171
	105	Response	252	2479728	5995	1
	106	Picture	111	2509424	0	1	2000	2	0	1920	other	0
	106	Sound	51	2512263	2839	1			2840		other	0
	107	Sound	61	2521415	0	1			0		hit	175
	107	Response	251	2529637	8222	1
	108	Picture	204	2557253	0	1	1999	3	0	1920	other	0
	109	Sound	64	2569246	0	2			0		hit	178
	109	Response	252	2575293	6047	1
	110	Picture	14	2604248	0	1	2000	2	0	1920	other	0
	110	Sound	51	2608747	4499	2			4500		other	0
	111	Sound	64	2616240	0	1			0		hit	182
	111	Response	252	2622318	6078	1
	111	Response	252	2625156	8916	2
	112	Picture	3	2651243	0	2	2000	4	0	1920	other	0
	113	Sound	63	2663233	0	1			0		hit	186
	113	Response	252	2668919	5686	2
	114	Picture	202	2698906	0	1	1999	3	0	1920	other	0
	115	Sound	62	2710885	0	1			0		hit	189
	115	Response	251	2717172	6287	1
	116	Picture	3	2746401	0	2	2000	3	0	1920	other	0
	117	Sound	63	2758387	0	1			0		hit	192
	117	Response	252	2764083	5696	1
	118	Picture	4	2792730	0	1	2000	2	0	1920	other	0
	119	Sound	64	2804722	0	1			0		hit	195
	119	Response	252	2811123	6401	2
	120	Picture	113	2839225	0	2	2000	4	0	1920	other	0
	120	Sound	51	2844134	4909	1			4910		other	0
	121	Sound	63	2851206	0	2			0		hit	199
	121	Response	252	2857439	6233	1
	122	Picture	1	2887387	0	2	2000	4	0	1920	other	0
	123	Sound	61	2899367	0	1			0		hit	202
	123	Response	251	2906832	7465	2
	124	Picture	21	2935050	0	1	1999	3	0	1920	other	0
	124	Sound	52	2942769	7719	2			7720		other	0
	125	Sound	61	2947049	0	1			0		hit	206
	125	Response	251	2955070	8021	1
	125	Response	252	2961327	14278	1
	126	Picture	1	2982545	0	2	2000	3	0	1920	other	0
	127	Sound	61	2994521	0	1			0		hit	210
	127	Response	251	3002198	7677	1
	128	Picture	214	3030207	0	2	2000	3	0	1920	other	0
	128	Sound	51	3032746	2539	2			2540		other	0
	129	Sound	64	3042203	0	1			0		hit	214
	129	Response	252	3048210	6007	1
	130	Picture	4	3077369	0	2	2000	3	0	1920	other	0
	131	Sound	64	3089346	0	1			0		hit	217
	131	Response	252	3095512	6166	1
	131	Response	252	3099364	10018	1
	132	Picture	202	3125531	0	2	2000	3	0	1920	other	0
	133	Sound	62	3137506	0	2			0		hit	221
	133	Response	251	3143746	6240	1
	134	Response	251	3361637	189777	2
	134	Response	251	3380200	208340	2
	134	Response	253	3518845	346985	2


Event Type	Code	Type	Response	RT	RT Uncertainty	Time	Uncertainty	Duration	Uncertainty	ReqTime	ReqDur

Picture	10	other				27995	2	20165	3	0	20000
Picture	10	other				48327	1	40162	3	0	40000
Picture	10	other				88656	2	40163	4	0	40000
Nothing	91	other				128821	1			0
Picture	12	other				158983	1	2000	2	0	1920
Sound	51	other				164092	1			5110
Sound	62	hit	1	6370	3	170971	1			0
Picture	3	other				205645	1	2000	2	0	1920
Sound	63	hit	2	7101	2	217635	1			0
Picture	22	other				252973	2	2000	4	0	1920
Sound	52	other				261212	2			8240
Sound	62	hit	1	8247	4	264957	2			0
Picture	204	other				299136	2	2000	3	0	1920
Sound	64	hit	2	8021	2	311113	1			0
Picture	204	other				345632	1	1999	3	0	1920
Sound	64	hit	2	8895	3	357627	1			0
Picture	2	other				393127	2	2000	3	0	1920
Sound	62	hit	1	6872	3	405099	2			0
Picture	2	other				439789	2	2000	3	0	1920
Sound	62	hit	1	6448	2	451764	1			0
Picture	204	other				486118	2	2000	3	0	1920
Sound	64	hit	2	6754	3	498098	1			0
Picture	1	other				532447	1	2000	2	0	1920
Sound	61	hit	1	10415	2	544433	1			0
Picture	123	other				579609	2	2000	3	0	1920
Sound	52	other				586678	2			7070
Sound	63	hit	2	7823	2	591606	1			0
Picture	103	other				626105	1	1999	3	0	1920
Sound	63	hit	2	5981	4	638090	2			0
Picture	11	other				673434	1	1999	3	0	1920
Sound	51	other				678073	1			4640
Sound	61	hit	1	11125	2	685413	1			0
Picture	202	other				720595	2	2000	4	0	1920
Sound	62	hit	1	14409	2	732586	1			0
Picture	204	other				767591	1	2000	2	0	1920
Sound	64	hit	2	7506	4	779579	2			0
Picture	101	other				813753	2	2000	4	0	1920
Sound	61	hit	1	9189	3	825734	2			0
Picture	4	other				860415	2	2000	4	0	1920
Sound	64	hit	2	8139	2	872399	1			0
Picture	1	other				906744	2	2000	4	0	1920
Sound	61	hit	1	7616	3	918733	2			0
Picture	1	other				954073	2	2000	3	0	1920
Sound	61	hit	1	5947	2	966056	1			0
Picture	103	other				1001569	1	1999	3	0	1920
Sound	63	hit	2	7413	2	1013558	1			0
Picture	202	other				1048897	2	2000	3	0	1920
Sound	62	hit	1	6455	2	1060881	1			0
Picture	103	other				1095226	2	2000	3	0	1920
Sound	63	hit	2	6809	2	1107216	1			0
Picture	2	other				1141555	2	2000	4	0	1920
Sound	62	hit	1	6838	4	1153550	2			0
Picture	204	other				1189551	1	1999	3	0	1920
Sound	64	hit	2	8840	3	1201531	2			0
Picture	103	other				1236213	1	1999	3	0	1920
Sound	63	hit	2	7153	4	1248195	2			0
Picture	101	other				1283375	1	2000	2	0	1920
Sound	61	hit	1	6919	4	1295368	2			0
Picture	3	other				1330370	2	2000	4	0	1920
Sound	63	hit	2	7355	3	1342362	1			0
Picture	103	other				1377366	1	2000	2	0	1920
Sound	63	hit	2	5870	2	1389355	1			0
Picture	23	other				1424028	2	2000	3	0	1920
Sound	52	other				1430447	2			6420
Sound	63	hit	2	6712	2	1436019	1			0
Picture	24	other				1471857	1	2000	2	0	1920
Sound	52	other				1478146	2			6290
Sound	64	hit	2	11375	3	1483850	2			0
Picture	3	other				1519519	1	2000	2	0	1920
Sound	63	hit	2	7174	3	1531502	2			0
Picture	4	other				1566181	2	2000	3	0	1920
Sound	64	hit	2	6458	3	1578166	2			0
Picture	2	other				1613677	1	1999	3	0	1920
Sound	62	hit	1	7188	3	1625669	1			0
Picture	202	other				1660505	2	2000	3	0	1920
Sound	62	hit	1	6297	3	1672482	1			0
Picture	101	other				1707334	2	2000	4	0	1920
Sound	61	hit	1	8607	2	1719326	1			0
Picture	4	other				1754996	2	2000	3	0	1920
Sound	64	hit	2	9313	3	1766978	1			0
Picture	212	other				1801325	2	2000	3	0	1920
Sound	51	other				1805954	1			4630
Sound	62	incorrect	2	12787	4	1813312	2			0
Picture	101	other				1848154	2	2000	3	0	1920
Sound	61	hit	1	7411	2	1860126	1			0
Picture	1	other				1896149	2	2000	4	0	1920
Sound	61	hit	1	6530	2	1908137	1			0
Picture	224	other				1943145	1	2000	2	0	1920
Sound	52	other				1949254	2			6110
Sound	64	hit	2	6379	2	1955131	1			0
Picture	13	other				1990307	1	2000	2	0	1920
Sound	51	other				1993716	2			3410
Sound	63	hit	2	5979	4	2002303	2			0
Picture	101	other				2037969	2	2000	3	0	1920
Sound	61	hit	1	5923	3	2049955	2			0
Picture	2	other				2085464	2	2000	4	0	1920
Sound	62	hit	1	12709	2	2097458	1			0
Picture	121	other				2133460	1	2000	2	0	1920
Sound	52	other				2139119	1			5660
Sound	61	hit	1	6062	3	2145439	1			0
Picture	202	other				2181122	2	2000	3	0	1920
Sound	62	hit	1	5623	4	2193120	2			0
Picture	4	other				2228284	2	2000	3	0	1920
Sound	64	hit	2	6766	4	2240263	2			0
Picture	3	other				2276113	1	2000	2	0	1920
Sound	63	hit	2	5902	3	2288095	1			0
Picture	2	other				2322275	2	2000	4	0	1920
Sound	62	hit	1	6104	2	2334250	1			0
Picture	222	other				2368771	1	1999	3	0	1920
Sound	52	other				2377040	2			8270
Sound	62	hit	1	7287	4	2380764	2			0
Picture	101	other				2414933	1	2000	2	0	1920
Sound	61	hit	1	5828	2	2426920	1			0
Picture	103	other				2461761	2	2000	4	0	1920
Sound	63	hit	2	5995	3	2473733	2			0
Picture	111	other				2509424	1	2000	2	0	1920
Sound	51	other				2512263	1			2840
Sound	61	hit	1	8222	2	2521415	1			0
Picture	204	other				2557253	1	1999	3	0	1920
Sound	64	hit	2	6047	3	2569246	2			0
Picture	14	other				2604248	1	2000	2	0	1920
Sound	51	other				2608747	2			4500
Sound	64	hit	2	6078	2	2616240	1			0
Picture	3	other				2651243	2	2000	4	0	1920
Sound	63	hit	2	5686	3	2663233	1			0
Picture	202	other				2698906	1	1999	3	0	1920
Sound	62	hit	1	6287	2	2710885	1			0
Picture	3	other				2746401	2	2000	3	0	1920
Sound	63	hit	2	5696	2	2758387	1			0
Picture	4	other				2792730	1	2000	2	0	1920
Sound	64	hit	2	6401	3	2804722	1			0
Picture	113	other				2839225	2	2000	4	0	1920
Sound	51	other				2844134	1			4910
Sound	63	hit	2	6233	3	2851206	2			0
Picture	1	other				2887387	2	2000	4	0	1920
Sound	61	hit	1	7465	3	2899367	1			0
Picture	21	other				2935050	1	1999	3	0	1920
Sound	52	other				2942769	2			7720
Sound	61	hit	1	8021	2	2947049	1			0
Picture	1	other				2982545	2	2000	3	0	1920
Sound	61	hit	1	7677	2	2994521	1			0
Picture	214	other				3030207	2	2000	3	0	1920
Sound	51	other				3032746	2			2540
Sound	64	hit	2	6007	2	3042203	1			0
Picture	4	other				3077369	2	2000	3	0	1920
Sound	64	hit	2	6166	2	3089346	1			0
Picture	202	other				3125531	2	2000	3	0	1920
Sound	62	hit	1	6240	3	3137506	2			0

The following output port codes were not sent because of a conflict on the port.
Port	Code	Time(ms)
1	90	2799.6
