Scenario - 17_March_2015
Logfile written - 05/11/2017 15:48:42

Subject	Trial	Event Type	Code	Time	TTime	Uncertainty	Duration	Uncertainty	ReqTime	ReqDur	Stim Type	Pair Index

	1	Response	253	20350	30183	1
	2	Picture	10	20496	0	1	20165	2	0	20000	other	0
	3	Picture	10	40827	0	2	40163	4	0	40000	other	0
	3	Response	251	57850	17023	1
	4	Picture	10	81157	0	1	40163	2	0	40000	other	0
	4	Response	252	96408	15251	2
	4	Response	251	102765	21608	1
	5	Nothing	91	121322	0	1			0		other	0
	6	Picture	103	151483	0	2	2000	4	0	1920	other	0
	7	Sound	63	163458	0	1			0		hit	11
	7	Response	252	170090	6632	1
	8	Picture	202	197812	0	2	2000	4	0	1920	other	0
	9	Sound	62	209793	0	1			0		hit	14
	9	Response	251	216381	6588	2
	10	Picture	204	243974	0	2	2001	3	0	1920	other	0
	11	Sound	64	255948	0	1			0		hit	17
	11	Response	252	265321	9373	1
	12	Picture	111	291803	0	2	2000	4	0	1920	other	0
	12	Sound	51	296142	4339	2			4340		other	0
	13	Sound	61	303779	0	2			0		hit	21
	13	Response	251	310359	6580	1
	14	Picture	222	339632	0	1	2000	2	0	1920	other	0
	14	Sound	52	346431	6799	1			6800		other	0
	15	Sound	62	351611	0	1			0		hit	25
	15	Response	251	358195	6584	1
	16	Picture	3	385961	0	2	2000	3	0	1920	other	0
	17	Sound	63	397945	0	2			0		hit	28
	17	Response	252	405080	7135	2
	18	Picture	103	433123	0	2	2000	4	0	1920	other	0
	19	Sound	63	445118	0	2			0		hit	31
	19	Response	252	449978	4860	2
	19	Response	251	454165	9047	1
	20	Picture	202	480285	0	2	2000	4	0	1920	other	0
	21	Sound	62	492261	0	2			0		hit	35
	21	Response	251	497827	5566	2
	22	Picture	3	528114	0	2	2000	3	0	1920	other	0
	23	Sound	63	540093	0	1			0		hit	38
	23	Response	252	546201	6108	2
	24	Picture	1	574610	0	1	1999	3	0	1920	other	0
	25	Sound	61	586607	0	1			0		hit	41
	25	Response	251	592697	6090	1
	26	Picture	23	622272	0	1	2000	2	0	1920	other	0
	26	Sound	52	630311	8039	2			8040		other	0
	27	Sound	63	634259	0	1			0		hit	45
	27	Response	252	648812	14553	1
	27	Response	251	654973	20714	1
	28	Picture	12	669434	0	1	2000	2	0	1920	other	0
	28	Sound	51	674043	4609	1			4610		other	0
	29	Sound	62	681432	0	1			0		hit	50
	29	Response	251	688638	7206	1
	30	Picture	4	716596	0	1	2000	2	0	1920	other	0
	31	Sound	64	728575	0	1			0		hit	53
	31	Response	252	739319	10744	1
	32	Picture	1	763425	0	1	2000	2	0	1920	other	0
	33	Sound	61	775419	0	1			0		hit	56
	33	Response	251	786926	11507	1
	34	Picture	2	810920	0	2	2000	3	0	1920	other	0
	35	Sound	62	822891	0	1			0		hit	59
	35	Response	251	829736	6845	1
	36	Picture	202	857916	0	1	1999	3	0	1920	other	0
	37	Sound	62	869914	0	1			0		hit	62
	37	Response	251	875970	6056	1
	38	Picture	11	905745	0	1	1999	3	0	1920	other	0
	38	Sound	51	909894	4149	2			4150		other	0
	39	Sound	61	917716	0	1			0		hit	66
	39	Response	251	924790	7074	1
	40	Picture	1	953573	0	2	2000	3	0	1920	other	0
	41	Sound	61	965547	0	1			0		hit	69
	41	Response	251	971226	5679	1
	42	Picture	2	1000735	0	2	2000	4	0	1920	other	0
	43	Sound	62	1012720	0	1			0		hit	72
	43	Response	251	1018335	5615	1
	44	Picture	24	1046898	0	1	1999	3	0	1920	other	0
	44	Sound	52	1053137	6239	1			6240		other	0
	45	Sound	64	1058875	0	1			0		hit	76
	45	Response	252	1066843	7968	1
	46	Picture	14	1093227	0	1	1999	3	0	1920	other	0
	46	Sound	51	1095996	2769	1			2770		other	0
	47	Sound	64	1105210	0	1			0		hit	80
	47	Response	252	1112350	7140	1
	48	Picture	4	1141222	0	1	2000	2	0	1920	other	0
	49	Sound	64	1153221	0	1			0		hit	83
	49	Response	252	1160420	7199	1
	50	Picture	101	1188051	0	1	1999	3	0	1920	other	0
	51	Sound	61	1200035	0	1			0		hit	86
	51	Response	251	1206552	6517	2
	52	Picture	204	1235879	0	2	2000	4	0	1920	other	0
	53	Sound	64	1247866	0	1			0		hit	89
	53	Response	252	1255716	7850	1
	54	Picture	101	1283875	0	1	2000	2	0	1920	other	0
	55	Sound	61	1295847	0	1			0		hit	92
	55	Response	251	1302187	6340	1
	56	Picture	1	1331204	0	1	1999	3	0	1920	other	0
	57	Sound	61	1343200	0	1			0		hit	95
	57	Response	251	1348597	5397	1
	58	Picture	21	1378033	0	1	1999	3	0	1920	other	0
	58	Sound	52	1385732	7699	2			7700		other	0
	59	Sound	61	1390013	0	2			0		hit	99
	59	Response	251	1396569	6556	2
	60	Picture	113	1425861	0	2	2000	3	0	1920	other	0
	60	Sound	51	1428450	2589	2			2590		other	0
	61	Sound	63	1437845	0	1			0		hit	103
	61	Response	252	1444107	6262	1
	62	Picture	103	1472523	0	2	2000	4	0	1920	other	0
	63	Sound	63	1484509	0	1			0		hit	106
	63	Response	252	1490596	6087	2
	64	Picture	204	1519519	0	1	2000	2	0	1920	other	0
	65	Sound	64	1531502	0	1			0		hit	109
	65	Response	252	1539083	7581	2
	65	Response	251	1546768	15266	2
	65	Response	251	1546871	15369	1
	66	Picture	202	1566348	0	1	2000	2	0	1920	other	0
	67	Sound	62	1578346	0	1			0		hit	114
	67	Response	251	1585328	6982	1
	68	Picture	4	1614176	0	2	2000	4	0	1920	other	0
	69	Sound	64	1626147	0	2			0		hit	117
	69	Response	252	1634478	8331	2
	70	Picture	103	1662172	0	1	2000	2	0	1920	other	0
	71	Sound	63	1674158	0	2			0		hit	120
	71	Response	252	1680910	6752	1
	72	Picture	4	1710167	0	2	2000	3	0	1920	other	0
	73	Sound	64	1722139	0	2			0		hit	123
	73	Response	252	1728847	6708	1
	74	Picture	13	1757329	0	2	2000	4	0	1920	other	0
	74	Sound	51	1762668	5339	2			5340		other	0
	75	Sound	63	1769312	0	2			0		hit	127
	75	Response	252	1774520	5208	2
	76	Picture	123	1805158	0	2	2000	3	0	1920	other	0
	76	Sound	52	1812637	7479	1			7480		other	0
	77	Sound	63	1817144	0	1			0		hit	131
	77	Response	252	1823065	5921	2
	77	Response	251	1827988	10844	1
	78	Picture	204	1851487	0	1	2000	2	0	1920	other	0
	79	Sound	64	1863478	0	2			0		hit	135
	79	Response	252	1869556	6078	2
	79	Response	251	1874209	10731	1
	80	Picture	22	1898149	0	2	2000	3	0	1920	other	0
	80	Sound	52	1905158	7009	2			7010		other	0
	81	Sound	62	1910143	0	1			0		hit	140
	81	Response	251	1916156	6013	2
	82	Picture	3	1945311	0	2	2000	3	0	1920	other	0
	83	Sound	63	1957286	0	1			0		hit	143
	83	Response	252	1963991	6705	2
	84	Picture	3	1993306	0	2	2000	4	0	1920	other	0
	85	Sound	63	2005296	0	2			0		hit	146
	85	Response	252	2011209	5913	1
	86	Picture	103	2040969	0	1	1999	3	0	1920	other	0
	87	Sound	63	2052948	0	2			0		hit	149
	87	Response	252	2058694	5746	1
	88	Picture	4	2087964	0	2	2000	3	0	1920	other	0
	89	Sound	64	2099942	0	1			0		hit	152
	89	Response	252	2107675	7733	1
	89	Response	251	2112729	12787	2
	90	Picture	2	2134293	0	2	2000	3	0	1920	other	0
	91	Sound	62	2146276	0	2			0		hit	156
	91	Response	251	2154311	8035	2
	92	Picture	202	2181455	0	2	2000	4	0	1920	other	0
	93	Sound	62	2193449	0	2			0		hit	159
	93	Response	251	2203669	10220	2
	94	Picture	121	2227951	0	1	2000	2	0	1920	other	0
	94	Sound	52	2233680	5729	1			5730		other	0
	95	Sound	61	2239934	0	1			0		hit	163
	95	Response	251	2246643	6709	1
	96	Picture	101	2275613	0	1	2000	2	0	1920	other	0
	97	Sound	61	2287586	0	1			0		hit	166
	97	Response	251	2293938	6352	2
	98	Picture	2	2322608	0	2	2000	3	0	1920	other	0
	99	Sound	62	2334579	0	1			0		hit	169
	99	Response	251	2340592	6013	1
	100	Picture	212	2370770	0	2	2000	4	0	1920	other	0
	100	Sound	51	2375799	5029	2			5030		other	0
	101	Sound	62	2382770	0	1			0		hit	173
	101	Response	251	2387720	4950	1
	102	Picture	2	2417099	0	2	2000	4	0	1920	other	0
	103	Sound	62	2429075	0	1			0		hit	176
	103	Response	251	2434792	5717	3
	104	Picture	4	2464095	0	1	2000	2	0	1920	other	0
	105	Sound	64	2476068	0	1			0		hit	179
	105	Response	252	2482915	6847	1
	106	Picture	224	2512090	0	2	2000	3	0	1920	other	0
	106	Sound	52	2518519	6429	2			6430		other	0
	107	Sound	64	2524079	0	1			0		hit	183
	107	Response	252	2530560	6481	1
	107	Response	251	2535613	11534	2
	108	Picture	2	2558586	0	1	1999	3	0	1920	other	0
	109	Sound	62	2570563	0	2			0		hit	187
	109	Response	251	2576613	6050	2
	110	Picture	204	2605915	0	1	1999	3	0	1920	other	0
	111	Sound	64	2617886	0	1			0		hit	190
	111	Response	252	2625854	7968	1
	112	Picture	101	2653410	0	1	2000	2	0	1920	other	0
	113	Sound	61	2665388	0	1			0		hit	193
	113	Response	251	2670949	5561	2
	114	Picture	214	2701239	0	1	2000	2	0	1920	other	0
	114	Sound	51	2704028	2789	2			2790		other	0
	115	Sound	64	2713220	0	1			0		hit	197
	115	Response	252	2719273	6053	2
	116	Picture	202	2747901	0	1	2000	2	0	1920	other	0
	117	Sound	62	2759884	0	1			0		hit	200
	117	Response	251	2765300	5416	2
	118	Picture	3	2794730	0	1	2000	2	0	1920	other	0
	119	Sound	63	2806727	0	2			0		hit	203
	119	Response	252	2813772	7045	1
	120	Picture	1	2842059	0	1	1999	3	0	1920	other	0
	121	Sound	61	2854050	0	1			0		hit	206
	121	Response	251	2861342	7292	1
	122	Picture	1	2889387	0	2	2000	3	0	1920	other	0
	123	Sound	61	2901372	0	2			0		hit	209
	123	Response	251	2907847	6475	1
	124	Picture	3	2936716	0	2	2000	3	0	1920	other	0
	125	Sound	63	2948695	0	1			0		hit	212
	125	Response	252	2955086	6391	1
	126	Picture	204	2983212	0	1	1999	3	0	1920	other	0
	127	Sound	64	2995209	0	2			0		hit	215
	127	Response	252	3002422	7213	1
	127	Response	252	3006172	10963	1
	128	Picture	101	3029374	0	1	2000	2	0	1920	other	0
	129	Sound	61	3041365	0	1			0		hit	219
	129	Response	251	3047970	6605	1
	130	Picture	103	3075536	0	2	2000	3	0	1920	other	0
	131	Sound	63	3087520	0	1			0		incorrect	222
	131	Response	251	3095804	8284	1
	132	Picture	101	3123531	0	2	2000	4	0	1920	other	0
	133	Sound	61	3135531	0	1			0		hit	225
	133	Response	251	3142927	7396	1
	134	Response	253	3294104	124077	1


Event Type	Code	Type	Response	RT	RT Uncertainty	Time	Uncertainty	Duration	Uncertainty	ReqTime	ReqDur

Picture	10	other				20496	1	20165	2	0	20000
Picture	10	other				40827	2	40163	4	0	40000
Picture	10	other				81157	1	40163	2	0	40000
Nothing	91	other				121322	1			0
Picture	103	other				151483	2	2000	4	0	1920
Sound	63	hit	2	6632	2	163458	1			0
Picture	202	other				197812	2	2000	4	0	1920
Sound	62	hit	1	6588	3	209793	1			0
Picture	204	other				243974	2	2001	3	0	1920
Sound	64	hit	2	9373	2	255948	1			0
Picture	111	other				291803	2	2000	4	0	1920
Sound	51	other				296142	2			4340
Sound	61	hit	1	6580	3	303779	2			0
Picture	222	other				339632	1	2000	2	0	1920
Sound	52	other				346431	1			6800
Sound	62	hit	1	6584	2	351611	1			0
Picture	3	other				385961	2	2000	3	0	1920
Sound	63	hit	2	7135	4	397945	2			0
Picture	103	other				433123	2	2000	4	0	1920
Sound	63	hit	2	4860	4	445118	2			0
Picture	202	other				480285	2	2000	4	0	1920
Sound	62	hit	1	5566	4	492261	2			0
Picture	3	other				528114	2	2000	3	0	1920
Sound	63	hit	2	6108	3	540093	1			0
Picture	1	other				574610	1	1999	3	0	1920
Sound	61	hit	1	6090	2	586607	1			0
Picture	23	other				622272	1	2000	2	0	1920
Sound	52	other				630311	2			8040
Sound	63	hit	2	14553	2	634259	1			0
Picture	12	other				669434	1	2000	2	0	1920
Sound	51	other				674043	1			4610
Sound	62	hit	1	7206	2	681432	1			0
Picture	4	other				716596	1	2000	2	0	1920
Sound	64	hit	2	10744	2	728575	1			0
Picture	1	other				763425	1	2000	2	0	1920
Sound	61	hit	1	11507	2	775419	1			0
Picture	2	other				810920	2	2000	3	0	1920
Sound	62	hit	1	6845	2	822891	1			0
Picture	202	other				857916	1	1999	3	0	1920
Sound	62	hit	1	6056	2	869914	1			0
Picture	11	other				905745	1	1999	3	0	1920
Sound	51	other				909894	2			4150
Sound	61	hit	1	7074	2	917716	1			0
Picture	1	other				953573	2	2000	3	0	1920
Sound	61	hit	1	5679	2	965547	1			0
Picture	2	other				1000735	2	2000	4	0	1920
Sound	62	hit	1	5615	2	1012720	1			0
Picture	24	other				1046898	1	1999	3	0	1920
Sound	52	other				1053137	1			6240
Sound	64	hit	2	7968	2	1058875	1			0
Picture	14	other				1093227	1	1999	3	0	1920
Sound	51	other				1095996	1			2770
Sound	64	hit	2	7140	2	1105210	1			0
Picture	4	other				1141222	1	2000	2	0	1920
Sound	64	hit	2	7199	2	1153221	1			0
Picture	101	other				1188051	1	1999	3	0	1920
Sound	61	hit	1	6517	3	1200035	1			0
Picture	204	other				1235879	2	2000	4	0	1920
Sound	64	hit	2	7850	2	1247866	1			0
Picture	101	other				1283875	1	2000	2	0	1920
Sound	61	hit	1	6340	2	1295847	1			0
Picture	1	other				1331204	1	1999	3	0	1920
Sound	61	hit	1	5397	2	1343200	1			0
Picture	21	other				1378033	1	1999	3	0	1920
Sound	52	other				1385732	2			7700
Sound	61	hit	1	6556	4	1390013	2			0
Picture	113	other				1425861	2	2000	3	0	1920
Sound	51	other				1428450	2			2590
Sound	63	hit	2	6262	2	1437845	1			0
Picture	103	other				1472523	2	2000	4	0	1920
Sound	63	hit	2	6087	3	1484509	1			0
Picture	204	other				1519519	1	2000	2	0	1920
Sound	64	hit	2	7581	3	1531502	1			0
Picture	202	other				1566348	1	2000	2	0	1920
Sound	62	hit	1	6982	2	1578346	1			0
Picture	4	other				1614176	2	2000	4	0	1920
Sound	64	hit	2	8331	4	1626147	2			0
Picture	103	other				1662172	1	2000	2	0	1920
Sound	63	hit	2	6752	3	1674158	2			0
Picture	4	other				1710167	2	2000	3	0	1920
Sound	64	hit	2	6708	3	1722139	2			0
Picture	13	other				1757329	2	2000	4	0	1920
Sound	51	other				1762668	2			5340
Sound	63	hit	2	5208	4	1769312	2			0
Picture	123	other				1805158	2	2000	3	0	1920
Sound	52	other				1812637	1			7480
Sound	63	hit	2	5921	3	1817144	1			0
Picture	204	other				1851487	1	2000	2	0	1920
Sound	64	hit	2	6078	4	1863478	2			0
Picture	22	other				1898149	2	2000	3	0	1920
Sound	52	other				1905158	2			7010
Sound	62	hit	1	6013	3	1910143	1			0
Picture	3	other				1945311	2	2000	3	0	1920
Sound	63	hit	2	6705	3	1957286	1			0
Picture	3	other				1993306	2	2000	4	0	1920
Sound	63	hit	2	5913	3	2005296	2			0
Picture	103	other				2040969	1	1999	3	0	1920
Sound	63	hit	2	5746	3	2052948	2			0
Picture	4	other				2087964	2	2000	3	0	1920
Sound	64	hit	2	7733	2	2099942	1			0
Picture	2	other				2134293	2	2000	3	0	1920
Sound	62	hit	1	8035	4	2146276	2			0
Picture	202	other				2181455	2	2000	4	0	1920
Sound	62	hit	1	10220	4	2193449	2			0
Picture	121	other				2227951	1	2000	2	0	1920
Sound	52	other				2233680	1			5730
Sound	61	hit	1	6709	2	2239934	1			0
Picture	101	other				2275613	1	2000	2	0	1920
Sound	61	hit	1	6352	3	2287586	1			0
Picture	2	other				2322608	2	2000	3	0	1920
Sound	62	hit	1	6013	2	2334579	1			0
Picture	212	other				2370770	2	2000	4	0	1920
Sound	51	other				2375799	2			5030
Sound	62	hit	1	4950	2	2382770	1			0
Picture	2	other				2417099	2	2000	4	0	1920
Sound	62	hit	1	5717	4	2429075	1			0
Picture	4	other				2464095	1	2000	2	0	1920
Sound	64	hit	2	6847	2	2476068	1			0
Picture	224	other				2512090	2	2000	3	0	1920
Sound	52	other				2518519	2			6430
Sound	64	hit	2	6481	2	2524079	1			0
Picture	2	other				2558586	1	1999	3	0	1920
Sound	62	hit	1	6050	4	2570563	2			0
Picture	204	other				2605915	1	1999	3	0	1920
Sound	64	hit	2	7968	2	2617886	1			0
Picture	101	other				2653410	1	2000	2	0	1920
Sound	61	hit	1	5561	3	2665388	1			0
Picture	214	other				2701239	1	2000	2	0	1920
Sound	51	other				2704028	2			2790
Sound	64	hit	2	6053	3	2713220	1			0
Picture	202	other				2747901	1	2000	2	0	1920
Sound	62	hit	1	5416	3	2759884	1			0
Picture	3	other				2794730	1	2000	2	0	1920
Sound	63	hit	2	7045	3	2806727	2			0
Picture	1	other				2842059	1	1999	3	0	1920
Sound	61	hit	1	7292	2	2854050	1			0
Picture	1	other				2889387	2	2000	3	0	1920
Sound	61	hit	1	6475	3	2901372	2			0
Picture	3	other				2936716	2	2000	3	0	1920
Sound	63	hit	2	6391	2	2948695	1			0
Picture	204	other				2983212	1	1999	3	0	1920
Sound	64	hit	2	7213	3	2995209	2			0
Picture	101	other				3029374	1	2000	2	0	1920
Sound	61	hit	1	6605	2	3041365	1			0
Picture	103	other				3075536	2	2000	3	0	1920
Sound	63	incorrect	1	8284	2	3087520	1			0
Picture	101	other				3123531	2	2000	4	0	1920
Sound	61	hit	1	7396	2	3135531	1			0
