Scenario - 17_March_2015
Logfile written - 05/11/2017 15:24:24

Subject	Trial	Event Type	Code	Time	TTime	Uncertainty	Duration	Uncertainty	ReqTime	ReqDur	Stim Type	Pair Index

colcl	1	Response	253	15490	25323	1
colcl	2	Picture	10	15663	0	2	20165	3	0	20000	other	0
colcl	3	Picture	10	35995	0	1	40162	3	0	40000	other	0
colcl	3	Response	251	49744	13749	1
colcl	4	Picture	10	76324	0	2	40163	3	0	40000	other	0
colcl	4	Response	252	92539	16215	1
colcl	5	Nothing	91	116489	0	1			0		other	0
colcl	6	Picture	2	146651	0	1	1999	3	0	1920	other	0
colcl	7	Sound	62	158639	0	1			0		hit	10
colcl	7	Response	251	171544	12905	1
colcl	8	Picture	101	193646	0	2	2000	3	0	1920	other	0
colcl	9	Sound	61	205632	0	1			0		hit	13
colcl	9	Response	251	212272	6640	1
colcl	10	Picture	123	240142	0	1	1999	3	0	1920	other	0
colcl	10	Sound	52	247201	7059	2			7060		other	0
colcl	11	Sound	63	252116	0	2			0		hit	17
colcl	11	Response	252	266821	14705	1
colcl	12	Picture	101	286304	0	1	2000	2	0	1920	other	0
colcl	13	Sound	61	298302	0	1			0		hit	20
colcl	13	Response	251	306173	7871	1
colcl	14	Picture	103	333633	0	1	2000	2	0	1920	other	0
colcl	15	Sound	63	345624	0	2			0		hit	23
colcl	15	Response	252	354010	8386	1
colcl	16	Picture	4	381462	0	1	1999	3	0	1920	other	0
colcl	17	Sound	64	393456	0	1			0		hit	26
colcl	17	Response	252	403035	9579	1
colcl	18	Picture	11	428624	0	1	1999	3	0	1920	other	0
colcl	18	Sound	51	431334	2710	1			2710		other	0
colcl	19	Sound	61	440599	0	1			0		hit	30
colcl	19	Response	251	446601	6002	1
colcl	20	Picture	22	474952	0	2	2000	4	0	1920	other	0
colcl	20	Sound	52	482511	7559	2			7560		other	0
colcl	21	Sound	62	486933	0	2			0		hit	34
colcl	21	Response	251	494700	7767	1
colcl	22	Picture	1	522781	0	2	2000	3	0	1920	other	0
colcl	23	Sound	61	534765	0	1			0		hit	37
colcl	23	Response	251	543024	8259	1
colcl	24	Picture	2	569443	0	2	2000	4	0	1920	other	0
colcl	25	Sound	62	581429	0	1			0		hit	40
colcl	25	Response	251	588689	7260	1
colcl	26	Picture	204	615772	0	2	2000	4	0	1920	other	0
colcl	27	Sound	64	627764	0	1			0		hit	43
colcl	27	Response	252	634499	6735	2
colcl	28	Picture	4	662934	0	2	2000	4	0	1920	other	0
colcl	29	Sound	64	674907	0	1			0		hit	46
colcl	29	Response	252	681778	6871	1
colcl	30	Picture	111	710930	0	1	2000	2	0	1920	other	0
colcl	30	Sound	51	714449	3519	2			3520		other	0
colcl	31	Sound	61	722918	0	1			0		hit	50
colcl	31	Response	251	728886	5968	1
colcl	32	Picture	3	757759	0	1	1999	3	0	1920	other	0
colcl	33	Sound	63	769731	0	2			0		hit	53
colcl	33	Response	252	778126	8395	1
colcl	34	Picture	24	804254	0	2	2000	3	0	1920	other	0
colcl	34	Sound	52	811553	7299	1			7300		other	0
colcl	35	Sound	64	816246	0	1			0		hit	57
colcl	35	Response	252	823526	7280	1
colcl	36	Picture	1	850916	0	2	2000	3	0	1920	other	0
colcl	37	Sound	61	862910	0	1			0		hit	60
colcl	37	Response	251	868755	5845	1
colcl	38	Picture	3	898412	0	1	1999	3	0	1920	other	0
colcl	39	Sound	63	910412	0	1			0		hit	63
colcl	39	Response	252	917406	6994	1
colcl	40	Picture	202	945574	0	1	2000	2	0	1920	other	0
colcl	41	Sound	62	957555	0	1			0		hit	66
colcl	41	Response	251	967850	10295	1
colcl	42	Picture	2	992736	0	2	2000	3	0	1920	other	0
colcl	43	Sound	62	1004728	0	1			0		hit	69
colcl	43	Response	251	1011525	6797	1
colcl	44	Picture	4	1040398	0	2	2000	3	0	1920	other	0
colcl	45	Sound	64	1052380	0	1			0		hit	72
colcl	45	Response	252	1058857	6477	1
colcl	46	Picture	3	1087227	0	2	2000	3	0	1920	other	0
colcl	47	Sound	63	1099223	0	2			0		hit	75
colcl	47	Response	252	1107181	7958	1
colcl	48	Picture	204	1135056	0	1	1999	3	0	1920	other	0
colcl	49	Sound	64	1147055	0	1			0		hit	78
colcl	49	Response	252	1154487	7432	1
colcl	50	Picture	13	1183218	0	1	2000	2	0	1920	other	0
colcl	50	Sound	51	1186217	2999	1			3000		other	0
colcl	51	Sound	63	1195215	0	2			0		hit	82
colcl	51	Response	252	1201556	6341	1
colcl	52	Picture	3	1229380	0	1	2000	2	0	1920	other	0
colcl	53	Sound	63	1241371	0	1			0		hit	85
colcl	53	Response	252	1248796	7425	1
colcl	54	Picture	204	1277042	0	2	2000	3	0	1920	other	0
colcl	55	Sound	64	1289022	0	2			0		hit	88
colcl	55	Response	252	1295606	6584	1
colcl	56	Picture	1	1324204	0	2	2000	4	0	1920	other	0
colcl	57	Sound	61	1336195	0	2			0		hit	91
colcl	57	Response	251	1344582	8387	2
colcl	58	Picture	1	1371200	0	1	2000	2	0	1920	other	0
colcl	59	Sound	61	1383189	0	1			0		hit	94
colcl	59	Response	251	1390068	6879	2
colcl	60	Picture	103	1418028	0	2	2000	4	0	1920	other	0
colcl	61	Sound	63	1430002	0	2			0		hit	97
colcl	61	Response	252	1436862	6860	1
colcl	62	Picture	2	1464857	0	2	2000	4	0	1920	other	0
colcl	63	Sound	62	1476846	0	1			0		hit	100
colcl	63	Response	251	1487352	10506	1
colcl	64	Picture	103	1512353	0	1	2000	2	0	1920	other	0
colcl	65	Sound	63	1524348	0	2			0		hit	103
colcl	65	Response	252	1530537	6189	1
colcl	66	Picture	4	1558681	0	2	2000	4	0	1920	other	0
colcl	67	Sound	64	1570653	0	1			0		hit	106
colcl	67	Response	252	1576808	6155	1
colcl	68	Picture	113	1605844	0	1	2000	2	0	1920	other	0
colcl	68	Sound	51	1610963	5119	2			5120		other	0
colcl	69	Sound	63	1617826	0	1			0		hit	110
colcl	69	Response	252	1623996	6170	2
colcl	70	Picture	103	1652006	0	2	2000	3	0	1920	other	0
colcl	71	Sound	63	1663981	0	2			0		hit	113
colcl	71	Response	252	1669598	5617	1
colcl	72	Picture	204	1698835	0	1	2000	2	0	1920	other	0
colcl	73	Sound	64	1710825	0	1			0		hit	116
colcl	73	Response	252	1716699	5874	2
colcl	74	Picture	202	1745997	0	1	2000	2	0	1920	other	0
colcl	75	Sound	62	1757968	0	1			0		hit	119
colcl	75	Response	251	1765677	7709	2
colcl	76	Picture	224	1793492	0	2	2000	4	0	1920	other	0
colcl	76	Sound	52	1799781	6289	2			6290		other	0
colcl	77	Sound	64	1805470	0	1			0		hit	123
colcl	77	Response	252	1811971	6501	1
colcl	78	Picture	1	1840321	0	2	2000	4	0	1920	other	0
colcl	79	Sound	61	1852314	0	1			0		hit	126
colcl	79	Response	251	1860276	7962	1
colcl	80	Picture	23	1886983	0	2	2000	4	0	1920	other	0
colcl	80	Sound	52	1894932	7949	1			7950		other	0
colcl	81	Sound	63	1898978	0	1			0		incorrect	130
colcl	81	Response	251	1915142	16164	1
colcl	82	Picture	103	1933812	0	2	2000	4	0	1920	other	0
colcl	83	Sound	63	1945792	0	1			0		hit	133
colcl	83	Response	252	1956566	10774	1
colcl	84	Picture	212	1980808	0	1	2000	2	0	1920	other	0
colcl	84	Sound	51	1985787	4979	1			4980		other	0
colcl	85	Sound	62	1992785	0	1			0		hit	137
colcl	85	Response	251	1999416	6631	1
colcl	86	Picture	204	2028637	0	1	1999	3	0	1920	other	0
colcl	87	Sound	64	2040616	0	1			0		hit	140
colcl	87	Response	252	2047552	6936	1
colcl	88	Picture	101	2076299	0	1	1999	3	0	1920	other	0
colcl	89	Sound	61	2088298	0	1			0		hit	143
colcl	89	Response	251	2095351	7053	2
colcl	90	Picture	101	2124127	0	2	2000	3	0	1920	other	0
colcl	91	Sound	61	2136099	0	2			0		hit	146
colcl	91	Response	251	2144251	8152	1
colcl	92	Picture	4	2171956	0	2	2000	3	0	1920	other	0
colcl	93	Sound	64	2183931	0	1			0		hit	149
colcl	93	Response	252	2190515	6584	1
colcl	94	Picture	202	2219785	0	1	1999	3	0	1920	other	0
colcl	95	Sound	62	2231762	0	1			0		hit	152
colcl	95	Response	251	2240975	9213	2
colcl	96	Picture	222	2266614	0	1	2000	2	0	1920	other	0
colcl	96	Sound	52	2274743	8129	2			8130		other	0
colcl	97	Sound	62	2278606	0	1			0		hit	156
colcl	97	Response	251	2286780	8174	1
colcl	98	Picture	121	2313776	0	1	1999	3	0	1920	other	0
colcl	98	Sound	52	2321515	7739	2			7740		other	0
colcl	99	Sound	61	2325749	0	1			0		hit	160
colcl	99	Response	251	2333208	7459	1
colcl	100	Picture	1	2360938	0	1	2000	2	0	1920	other	0
colcl	101	Sound	61	2372922	0	1			0		hit	163
colcl	101	Response	251	2379268	6346	2
colcl	102	Picture	101	2407100	0	2	2000	3	0	1920	other	0
colcl	103	Sound	61	2419077	0	1			0		hit	166
colcl	103	Response	251	2425685	6608	1
colcl	104	Picture	2	2455095	0	2	2000	4	0	1920	other	0
colcl	105	Sound	62	2467088	0	1			0		hit	169
colcl	105	Response	251	2477196	10108	2
colcl	106	Picture	202	2502258	0	1	2000	2	0	1920	other	0
colcl	107	Sound	62	2514231	0	1			0		hit	172
colcl	107	Response	251	2522159	7928	1
colcl	108	Picture	14	2548753	0	2	2000	3	0	1920	other	0
colcl	108	Sound	51	2552472	3719	2			3720		other	0
colcl	109	Sound	64	2560745	0	2			0		hit	176
colcl	109	Response	252	2566980	6235	1
colcl	110	Picture	202	2594915	0	2	2000	4	0	1920	other	0
colcl	111	Sound	62	2606901	0	1			0		hit	179
colcl	111	Response	251	2615446	8545	1
colcl	112	Picture	3	2641578	0	1	1999	3	0	1920	other	0
colcl	113	Sound	63	2653565	0	1			0		hit	182
colcl	113	Response	252	2660178	6613	2
colcl	114	Picture	2	2688573	0	2	2000	3	0	1920	other	0
colcl	115	Sound	62	2700558	0	1			0		hit	185
colcl	115	Response	251	2708402	7844	2
colcl	116	Picture	103	2735069	0	1	1999	3	0	1920	other	0
colcl	117	Sound	63	2747042	0	2			0		hit	188
colcl	117	Response	252	2754971	7929	2
colcl	118	Picture	214	2783064	0	2	2000	3	0	1920	other	0
colcl	118	Sound	51	2786463	3399	2			3400		other	0
colcl	119	Sound	64	2795054	0	1			0		hit	192
colcl	119	Response	252	2801516	6462	1
colcl	120	Picture	101	2829393	0	2	2000	3	0	1920	other	0
colcl	121	Sound	61	2841388	0	1			0		hit	195
colcl	121	Response	251	2850983	9595	2
colcl	122	Picture	12	2877221	0	2	2000	4	0	1920	other	0
colcl	122	Sound	51	2880500	3279	2			3280		other	0
colcl	123	Sound	62	2889220	0	1			0		hit	199
colcl	123	Response	251	2896467	7247	2
colcl	124	Picture	21	2923550	0	2	2000	4	0	1920	other	0
colcl	124	Sound	52	2931729	8179	2			8180		other	0
colcl	125	Sound	61	2935525	0	1			0		hit	203
colcl	125	Response	251	2943821	8296	1
colcl	126	Picture	4	2970379	0	2	2000	3	0	1920	other	0
colcl	127	Sound	64	2982368	0	1			0		hit	206
colcl	127	Response	252	2988436	6068	1
colcl	127	Response	252	2992692	10324	2
colcl	128	Picture	204	3018208	0	2	2000	3	0	1920	other	0
colcl	129	Sound	64	3030200	0	1			0		hit	210
colcl	129	Response	252	3037614	7414	1
colcl	130	Picture	3	3064870	0	2	2000	4	0	1920	other	0
colcl	131	Sound	63	3076864	0	1			0		hit	213
colcl	131	Response	252	3083899	7035	1
colcl	132	Picture	202	3111532	0	2	2000	4	0	1920	other	0
colcl	133	Sound	62	3123528	0	1			0		hit	216
colcl	133	Response	251	3132142	8614	2
colcl	134	Response	251	3281896	123368	1
colcl	134	Response	251	3313418	154890	1
colcl	134	Response	251	3315752	157224	1
colcl	134	Response	251	3316410	157882	2
colcl	134	Response	251	3326123	167595	2
colcl	134	Response	251	3622460	463932	1
colcl	134	Response	253	3987866	829338	1


Event Type	Code	Type	Response	RT	RT Uncertainty	Time	Uncertainty	Duration	Uncertainty	ReqTime	ReqDur

Picture	10	other				15663	2	20165	3	0	20000
Picture	10	other				35995	1	40162	3	0	40000
Picture	10	other				76324	2	40163	3	0	40000
Nothing	91	other				116489	1			0
Picture	2	other				146651	1	1999	3	0	1920
Sound	62	hit	1	12905	2	158639	1			0
Picture	101	other				193646	2	2000	3	0	1920
Sound	61	hit	1	6640	2	205632	1			0
Picture	123	other				240142	1	1999	3	0	1920
Sound	52	other				247201	2			7060
Sound	63	hit	2	14705	3	252116	2			0
Picture	101	other				286304	1	2000	2	0	1920
Sound	61	hit	1	7871	2	298302	1			0
Picture	103	other				333633	1	2000	2	0	1920
Sound	63	hit	2	8386	3	345624	2			0
Picture	4	other				381462	1	1999	3	0	1920
Sound	64	hit	2	9579	2	393456	1			0
Picture	11	other				428624	1	1999	3	0	1920
Sound	51	other				431334	1			2710
Sound	61	hit	1	6002	2	440599	1			0
Picture	22	other				474952	2	2000	4	0	1920
Sound	52	other				482511	2			7560
Sound	62	hit	1	7767	3	486933	2			0
Picture	1	other				522781	2	2000	3	0	1920
Sound	61	hit	1	8259	2	534765	1			0
Picture	2	other				569443	2	2000	4	0	1920
Sound	62	hit	1	7260	2	581429	1			0
Picture	204	other				615772	2	2000	4	0	1920
Sound	64	hit	2	6735	3	627764	1			0
Picture	4	other				662934	2	2000	4	0	1920
Sound	64	hit	2	6871	2	674907	1			0
Picture	111	other				710930	1	2000	2	0	1920
Sound	51	other				714449	2			3520
Sound	61	hit	1	5968	2	722918	1			0
Picture	3	other				757759	1	1999	3	0	1920
Sound	63	hit	2	8395	3	769731	2			0
Picture	24	other				804254	2	2000	3	0	1920
Sound	52	other				811553	1			7300
Sound	64	hit	2	7280	2	816246	1			0
Picture	1	other				850916	2	2000	3	0	1920
Sound	61	hit	1	5845	2	862910	1			0
Picture	3	other				898412	1	1999	3	0	1920
Sound	63	hit	2	6994	2	910412	1			0
Picture	202	other				945574	1	2000	2	0	1920
Sound	62	hit	1	10295	2	957555	1			0
Picture	2	other				992736	2	2000	3	0	1920
Sound	62	hit	1	6797	2	1004728	1			0
Picture	4	other				1040398	2	2000	3	0	1920
Sound	64	hit	2	6477	2	1052380	1			0
Picture	3	other				1087227	2	2000	3	0	1920
Sound	63	hit	2	7958	3	1099223	2			0
Picture	204	other				1135056	1	1999	3	0	1920
Sound	64	hit	2	7432	2	1147055	1			0
Picture	13	other				1183218	1	2000	2	0	1920
Sound	51	other				1186217	1			3000
Sound	63	hit	2	6341	3	1195215	2			0
Picture	3	other				1229380	1	2000	2	0	1920
Sound	63	hit	2	7425	2	1241371	1			0
Picture	204	other				1277042	2	2000	3	0	1920
Sound	64	hit	2	6584	3	1289022	2			0
Picture	1	other				1324204	2	2000	4	0	1920
Sound	61	hit	1	8387	4	1336195	2			0
Picture	1	other				1371200	1	2000	2	0	1920
Sound	61	hit	1	6879	3	1383189	1			0
Picture	103	other				1418028	2	2000	4	0	1920
Sound	63	hit	2	6860	3	1430002	2			0
Picture	2	other				1464857	2	2000	4	0	1920
Sound	62	hit	1	10506	2	1476846	1			0
Picture	103	other				1512353	1	2000	2	0	1920
Sound	63	hit	2	6189	3	1524348	2			0
Picture	4	other				1558681	2	2000	4	0	1920
Sound	64	hit	2	6155	2	1570653	1			0
Picture	113	other				1605844	1	2000	2	0	1920
Sound	51	other				1610963	2			5120
Sound	63	hit	2	6170	3	1617826	1			0
Picture	103	other				1652006	2	2000	3	0	1920
Sound	63	hit	2	5617	3	1663981	2			0
Picture	204	other				1698835	1	2000	2	0	1920
Sound	64	hit	2	5874	3	1710825	1			0
Picture	202	other				1745997	1	2000	2	0	1920
Sound	62	hit	1	7709	3	1757968	1			0
Picture	224	other				1793492	2	2000	4	0	1920
Sound	52	other				1799781	2			6290
Sound	64	hit	2	6501	2	1805470	1			0
Picture	1	other				1840321	2	2000	4	0	1920
Sound	61	hit	1	7962	2	1852314	1			0
Picture	23	other				1886983	2	2000	4	0	1920
Sound	52	other				1894932	1			7950
Sound	63	incorrect	1	16164	2	1898978	1			0
Picture	103	other				1933812	2	2000	4	0	1920
Sound	63	hit	2	10774	2	1945792	1			0
Picture	212	other				1980808	1	2000	2	0	1920
Sound	51	other				1985787	1			4980
Sound	62	hit	1	6631	2	1992785	1			0
Picture	204	other				2028637	1	1999	3	0	1920
Sound	64	hit	2	6936	2	2040616	1			0
Picture	101	other				2076299	1	1999	3	0	1920
Sound	61	hit	1	7053	3	2088298	1			0
Picture	101	other				2124127	2	2000	3	0	1920
Sound	61	hit	1	8152	3	2136099	2			0
Picture	4	other				2171956	2	2000	3	0	1920
Sound	64	hit	2	6584	2	2183931	1			0
Picture	202	other				2219785	1	1999	3	0	1920
Sound	62	hit	1	9213	3	2231762	1			0
Picture	222	other				2266614	1	2000	2	0	1920
Sound	52	other				2274743	2			8130
Sound	62	hit	1	8174	2	2278606	1			0
Picture	121	other				2313776	1	1999	3	0	1920
Sound	52	other				2321515	2			7740
Sound	61	hit	1	7459	2	2325749	1			0
Picture	1	other				2360938	1	2000	2	0	1920
Sound	61	hit	1	6346	3	2372922	1			0
Picture	101	other				2407100	2	2000	3	0	1920
Sound	61	hit	1	6608	2	2419077	1			0
Picture	2	other				2455095	2	2000	4	0	1920
Sound	62	hit	1	10108	3	2467088	1			0
Picture	202	other				2502258	1	2000	2	0	1920
Sound	62	hit	1	7928	2	2514231	1			0
Picture	14	other				2548753	2	2000	3	0	1920
Sound	51	other				2552472	2			3720
Sound	64	hit	2	6235	3	2560745	2			0
Picture	202	other				2594915	2	2000	4	0	1920
Sound	62	hit	1	8545	2	2606901	1			0
Picture	3	other				2641578	1	1999	3	0	1920
Sound	63	hit	2	6613	3	2653565	1			0
Picture	2	other				2688573	2	2000	3	0	1920
Sound	62	hit	1	7844	3	2700558	1			0
Picture	103	other				2735069	1	1999	3	0	1920
Sound	63	hit	2	7929	4	2747042	2			0
Picture	214	other				2783064	2	2000	3	0	1920
Sound	51	other				2786463	2			3400
Sound	64	hit	2	6462	2	2795054	1			0
Picture	101	other				2829393	2	2000	3	0	1920
Sound	61	hit	1	9595	3	2841388	1			0
Picture	12	other				2877221	2	2000	4	0	1920
Sound	51	other				2880500	2			3280
Sound	62	hit	1	7247	3	2889220	1			0
Picture	21	other				2923550	2	2000	4	0	1920
Sound	52	other				2931729	2			8180
Sound	61	hit	1	8296	2	2935525	1			0
Picture	4	other				2970379	2	2000	3	0	1920
Sound	64	hit	2	6068	2	2982368	1			0
Picture	204	other				3018208	2	2000	3	0	1920
Sound	64	hit	2	7414	2	3030200	1			0
Picture	3	other				3064870	2	2000	4	0	1920
Sound	63	hit	2	7035	2	3076864	1			0
Picture	202	other				3111532	2	2000	4	0	1920
Sound	62	hit	1	8614	3	3123528	1			0
