Scenario - 17_March_2015
Logfile written - 05/11/2017 15:06:14

Subject	Trial	Event Type	Code	Time	TTime	Uncertainty	Duration	Uncertainty	ReqTime	ReqDur	Stim Type	Pair Index

colcl	1	Response	253	9068	18901	1
colcl	2	Picture	10	9164	0	1	20165	2	0	20000	other	0
colcl	3	Picture	10	29495	0	2	40163	3	0	40000	other	0
colcl	3	Response	251	46110	16615	1
colcl	4	Picture	10	69825	0	1	40163	2	0	40000	other	0
colcl	4	Response	252	85382	15557	2
colcl	5	Nothing	91	109990	0	1			0		other	0
colcl	6	Picture	1	140151	0	2	2000	4	0	1920	other	0
colcl	7	Sound	61	152144	0	1			0		hit	10
colcl	7	Response	251	159402	7258	2
colcl	8	Picture	123	187647	0	1	2000	2	0	1920	other	0
colcl	8	Sound	52	193446	5799	1			5800		other	0
colcl	9	Sound	63	199646	0	1			0		hit	14
colcl	9	Response	252	207990	8344	2
colcl	10	Picture	101	235475	0	2	2000	4	0	1920	other	0
colcl	11	Sound	61	247447	0	1			0		hit	17
colcl	11	Response	251	254645	7198	1
colcl	12	Picture	204	282471	0	1	2000	2	0	1920	other	0
colcl	13	Sound	64	294470	0	2			0		hit	20
colcl	13	Response	252	300699	6229	1
colcl	14	Picture	3	329466	0	2	2000	4	0	1920	other	0
colcl	15	Sound	63	341464	0	1			0		hit	23
colcl	15	Response	252	347955	6491	1
colcl	16	Picture	2	376295	0	2	2000	3	0	1920	other	0
colcl	17	Sound	62	388278	0	1			0		hit	26
colcl	17	Response	251	395652	7374	1
colcl	18	Picture	202	422624	0	2	2000	4	0	1920	other	0
colcl	19	Sound	62	434612	0	1			0		hit	29
colcl	19	Response	251	442449	7837	1
colcl	20	Picture	212	468786	0	2	2000	4	0	1920	other	0
colcl	20	Sound	51	474175	5389	1			5390		other	0
colcl	21	Sound	62	480767	0	2			0		hit	33
colcl	21	Response	251	488601	7834	1
colcl	22	Picture	21	516115	0	2	2000	3	0	1920	other	0
colcl	22	Sound	52	523234	7119	2			7120		other	0
colcl	23	Sound	61	528090	0	1			0		hit	37
colcl	23	Response	251	535625	7535	2
colcl	24	Picture	101	562611	0	1	2000	2	0	1920	other	0
colcl	25	Sound	61	574604	0	2			0		hit	40
colcl	25	Response	251	580624	6020	1
colcl	26	Picture	2	609773	0	1	2000	2	0	1920	other	0
colcl	27	Sound	62	621747	0	2			0		hit	43
colcl	27	Response	251	629768	8021	1
colcl	28	Picture	4	656269	0	1	1999	3	0	1920	other	0
colcl	29	Sound	64	668262	0	1			0		hit	46
colcl	29	Response	252	676136	7874	2
colcl	30	Picture	2	703264	0	1	2000	2	0	1920	other	0
colcl	31	Sound	62	715255	0	1			0		hit	49
colcl	31	Response	251	726178	10923	1
colcl	32	Picture	23	750926	0	2	2000	3	0	1920	other	0
colcl	32	Sound	52	756775	5849	1			5850		other	0
colcl	33	Sound	63	762907	0	1			0		hit	53
colcl	33	Response	252	769518	6611	2
colcl	34	Picture	4	798588	0	1	2000	2	0	1920	other	0
colcl	35	Sound	64	810559	0	1			0		hit	56
colcl	35	Response	252	817628	7069	2
colcl	36	Picture	113	845584	0	1	1999	3	0	1920	other	0
colcl	36	Sound	51	848963	3379	2			3380		other	0
colcl	37	Sound	63	857582	0	1			0		hit	60
colcl	37	Response	252	863660	6078	2
colcl	38	Picture	4	892412	0	2	2000	4	0	1920	other	0
colcl	39	Sound	64	904396	0	1			0		hit	63
colcl	39	Response	252	911401	7005	2
colcl	40	Picture	101	938575	0	1	1999	3	0	1920	other	0
colcl	41	Sound	61	950551	0	1			0		hit	66
colcl	41	Response	251	958071	7520	1
colcl	42	Picture	2	985237	0	1	2000	2	0	1920	other	0
colcl	43	Sound	62	997215	0	1			0		hit	69
colcl	43	Response	251	1011330	14115	1
colcl	44	Picture	103	1032565	0	2	2000	4	0	1920	other	0
colcl	45	Sound	63	1044537	0	2			0		hit	72
colcl	45	Response	252	1050462	5925	2
colcl	46	Picture	202	1079561	0	2	2000	3	0	1920	other	0
colcl	47	Sound	62	1091561	0	1			0		hit	75
colcl	47	Response	251	1102259	10698	1
colcl	48	Picture	101	1126557	0	1	1999	3	0	1920	other	0
colcl	49	Sound	61	1138554	0	1			0		hit	78
colcl	49	Response	251	1145237	6683	1
colcl	50	Picture	103	1174052	0	1	2000	2	0	1920	other	0
colcl	51	Sound	63	1186026	0	2			0		hit	81
colcl	51	Response	252	1192283	6257	2
colcl	52	Picture	24	1221214	0	2	2000	3	0	1920	other	0
colcl	52	Sound	52	1229363	8149	1			8150		other	0
colcl	53	Sound	64	1233199	0	1			0		incorrect	85
colcl	53	Response	251	1247482	14283	2
colcl	54	Picture	1	1267710	0	1	1999	3	0	1920	other	0
colcl	55	Sound	61	1279684	0	1			0		hit	88
colcl	55	Response	251	1291271	11587	1
colcl	56	Picture	202	1314372	0	1	2000	2	0	1920	other	0
colcl	57	Sound	62	1326348	0	1			0		hit	91
colcl	57	Response	251	1336338	9990	2
colcl	58	Picture	101	1361867	0	2	2000	3	0	1920	other	0
colcl	59	Sound	61	1373850	0	1			0		hit	94
colcl	59	Response	251	1382649	8799	1
colcl	60	Picture	204	1409029	0	2	2000	4	0	1920	other	0
colcl	61	Sound	64	1421023	0	1			0		hit	97
colcl	61	Response	252	1427341	6318	1
colcl	62	Picture	224	1456358	0	2	2000	3	0	1920	other	0
colcl	62	Sound	52	1464338	7980	1			7980		other	0
colcl	63	Sound	64	1468345	0	2			0		hit	101
colcl	63	Response	252	1475432	7087	1
colcl	64	Picture	103	1503853	0	2	2000	4	0	1920	other	0
colcl	65	Sound	63	1515848	0	1			0		hit	104
colcl	65	Response	252	1523051	7203	1
colcl	66	Picture	3	1550849	0	2	2000	3	0	1920	other	0
colcl	67	Sound	63	1562841	0	1			0		hit	107
colcl	67	Response	252	1569879	7038	1
colcl	68	Picture	1	1598845	0	1	1999	3	0	1920	other	0
colcl	69	Sound	61	1610822	0	1			0		hit	110
colcl	69	Response	251	1618978	8156	2
colcl	70	Picture	12	1646340	0	2	2000	3	0	1920	other	0
colcl	70	Sound	51	1650679	4339	2			4340		other	0
colcl	71	Sound	62	1658324	0	1			0		hit	114
colcl	71	Response	251	1666438	8114	2
colcl	72	Picture	4	1692669	0	1	2000	2	0	1920	other	0
colcl	73	Sound	64	1704659	0	1			0		hit	117
colcl	73	Response	252	1710313	5654	1
colcl	74	Picture	13	1738998	0	1	1999	3	0	1920	other	0
colcl	74	Sound	51	1742137	3139	2			3140		other	0
colcl	75	Sound	63	1750994	0	1			0		hit	121
colcl	75	Response	252	1757478	6484	1
colcl	76	Picture	204	1785660	0	1	2000	2	0	1920	other	0
colcl	77	Sound	64	1797658	0	1			0		hit	124
colcl	77	Response	252	1803216	5558	1
colcl	78	Picture	222	1833155	0	2	2000	3	0	1920	other	0
colcl	78	Sound	52	1839614	6459	1			6460		other	0
colcl	79	Sound	62	1845130	0	1			0		hit	128
colcl	79	Response	251	1854113	8983	1
colcl	80	Picture	3	1879818	0	1	1999	3	0	1920	other	0
colcl	81	Sound	63	1891794	0	1			0		hit	131
colcl	81	Response	252	1898114	6320	1
colcl	81	Response	252	1901864	10070	2
colcl	82	Picture	202	1927313	0	2	2000	3	0	1920	other	0
colcl	83	Sound	62	1939296	0	2			0		hit	135
colcl	83	Response	251	1949009	9713	1
colcl	84	Picture	204	1973808	0	2	2000	4	0	1920	other	0
colcl	85	Sound	64	1985781	0	1			0		hit	138
colcl	85	Response	252	1993061	7280	1
colcl	86	Picture	2	2020137	0	2	2000	4	0	1920	other	0
colcl	87	Sound	62	2032116	0	1			0		hit	141
colcl	87	Response	251	2041461	9345	2
colcl	88	Picture	121	2066300	0	1	1999	3	0	1920	other	0
colcl	88	Sound	52	2074539	8239	1			8240		other	0
colcl	89	Sound	61	2078271	0	1			0		hit	145
colcl	89	Response	251	2090105	11834	2
colcl	90	Picture	202	2113962	0	1	2000	2	0	1920	other	0
colcl	91	Sound	62	2125953	0	1			0		hit	148
colcl	91	Response	251	2133499	7546	2
colcl	92	Picture	1	2161790	0	2	2000	4	0	1920	other	0
colcl	93	Sound	61	2173784	0	1			0		hit	151
colcl	93	Response	251	2180911	7127	2
colcl	94	Picture	11	2209619	0	2	2000	4	0	1920	other	0
colcl	94	Sound	51	2214188	4569	2			4570		other	0
colcl	95	Sound	61	2221615	0	2			0		hit	155
colcl	95	Response	251	2227997	6382	1
colcl	96	Picture	3	2256448	0	2	2000	3	0	1920	other	0
colcl	97	Sound	63	2268429	0	1			0		hit	158
colcl	97	Response	252	2274902	6473	2
colcl	98	Picture	14	2304277	0	1	1999	3	0	1920	other	0
colcl	98	Sound	51	2307937	3660	1			3660		other	0
colcl	99	Sound	64	2316261	0	1			0		hit	162
colcl	99	Response	252	2322339	6078	1
colcl	100	Picture	4	2350439	0	2	2000	3	0	1920	other	0
colcl	101	Sound	64	2362416	0	1			0		hit	165
colcl	101	Response	252	2368735	6319	2
colcl	101	Response	252	2372182	9766	1
colcl	102	Picture	204	2398434	0	2	2000	4	0	1920	other	0
colcl	103	Sound	64	2410427	0	1			0		hit	169
colcl	103	Response	252	2416496	6069	1
colcl	104	Picture	214	2445930	0	1	2000	2	0	1920	other	0
colcl	104	Sound	51	2450089	4159	2			4160		other	0
colcl	105	Sound	64	2457929	0	1			0		hit	173
colcl	105	Response	252	2462928	4999	2
colcl	106	Picture	22	2492592	0	1	2000	2	0	1920	other	0
colcl	106	Sound	52	2499471	6879	2			6880		other	0
colcl	107	Sound	62	2504563	0	1			0		hit	177
colcl	107	Response	251	2512143	7580	1
colcl	108	Picture	3	2539921	0	1	2000	2	0	1920	other	0
colcl	109	Sound	63	2551915	0	2			0		hit	180
colcl	109	Response	252	2558676	6761	2
colcl	110	Picture	1	2587416	0	2	2000	3	0	1920	other	0
colcl	111	Sound	61	2599388	0	1			0		hit	183
colcl	111	Response	251	2609919	10531	1
colcl	112	Picture	101	2633745	0	2	2000	3	0	1920	other	0
colcl	113	Sound	61	2645723	0	1			0		hit	186
colcl	113	Response	251	2651004	5281	1
colcl	114	Picture	111	2681240	0	2	2000	4	0	1920	other	0
colcl	114	Sound	51	2683839	2599	1			2600		other	0
colcl	115	Sound	61	2693225	0	1			0		hit	190
colcl	115	Response	251	2698924	5699	1
colcl	116	Picture	204	2728902	0	2	2000	4	0	1920	other	0
colcl	117	Sound	64	2740877	0	1			0		hit	193
colcl	117	Response	252	2747100	6223	1
colcl	118	Picture	1	2775398	0	2	2000	3	0	1920	other	0
colcl	119	Sound	61	2787391	0	1			0		hit	196
colcl	119	Response	251	2794681	7290	1
colcl	120	Picture	4	2822560	0	2	2000	4	0	1920	other	0
colcl	121	Sound	64	2834534	0	1			0		hit	199
colcl	121	Response	252	2840652	6118	1
colcl	122	Picture	103	2869555	0	2	2001	3	0	1920	other	0
colcl	123	Sound	63	2881527	0	2			0		hit	202
colcl	123	Response	252	2891592	10065	1
colcl	124	Picture	103	2917551	0	2	2000	3	0	1920	other	0
colcl	125	Sound	63	2929538	0	2			0		hit	205
colcl	125	Response	252	2935305	5767	1
colcl	126	Picture	3	2965380	0	1	2000	2	0	1920	other	0
colcl	127	Sound	63	2977370	0	1			0		hit	208
colcl	127	Response	252	2983268	5898	1
colcl	128	Picture	2	3013042	0	1	2000	2	0	1920	other	0
colcl	129	Sound	62	3025022	0	1			0		hit	211
colcl	129	Response	251	3032632	7610	1
colcl	130	Picture	103	3061204	0	2	2000	3	0	1920	other	0
colcl	131	Sound	63	3073182	0	1			0		hit	214
colcl	131	Response	252	3079910	6728	2
colcl	132	Picture	202	3109199	0	2	2000	4	0	1920	other	0
colcl	133	Sound	62	3121193	0	1			0		hit	217
colcl	133	Response	251	3130218	9025	2
colcl	134	Response	253	3222343	65482	2


Event Type	Code	Type	Response	RT	RT Uncertainty	Time	Uncertainty	Duration	Uncertainty	ReqTime	ReqDur

Picture	10	other				9164	1	20165	2	0	20000
Picture	10	other				29495	2	40163	3	0	40000
Picture	10	other				69825	1	40163	2	0	40000
Nothing	91	other				109990	1			0
Picture	1	other				140151	2	2000	4	0	1920
Sound	61	hit	1	7258	3	152144	1			0
Picture	123	other				187647	1	2000	2	0	1920
Sound	52	other				193446	1			5800
Sound	63	hit	2	8344	3	199646	1			0
Picture	101	other				235475	2	2000	4	0	1920
Sound	61	hit	1	7198	2	247447	1			0
Picture	204	other				282471	1	2000	2	0	1920
Sound	64	hit	2	6229	3	294470	2			0
Picture	3	other				329466	2	2000	4	0	1920
Sound	63	hit	2	6491	2	341464	1			0
Picture	2	other				376295	2	2000	3	0	1920
Sound	62	hit	1	7374	2	388278	1			0
Picture	202	other				422624	2	2000	4	0	1920
Sound	62	hit	1	7837	2	434612	1			0
Picture	212	other				468786	2	2000	4	0	1920
Sound	51	other				474175	1			5390
Sound	62	hit	1	7834	3	480767	2			0
Picture	21	other				516115	2	2000	3	0	1920
Sound	52	other				523234	2			7120
Sound	61	hit	1	7535	3	528090	1			0
Picture	101	other				562611	1	2000	2	0	1920
Sound	61	hit	1	6020	3	574604	2			0
Picture	2	other				609773	1	2000	2	0	1920
Sound	62	hit	1	8021	3	621747	2			0
Picture	4	other				656269	1	1999	3	0	1920
Sound	64	hit	2	7874	3	668262	1			0
Picture	2	other				703264	1	2000	2	0	1920
Sound	62	hit	1	10923	2	715255	1			0
Picture	23	other				750926	2	2000	3	0	1920
Sound	52	other				756775	1			5850
Sound	63	hit	2	6611	3	762907	1			0
Picture	4	other				798588	1	2000	2	0	1920
Sound	64	hit	2	7069	3	810559	1			0
Picture	113	other				845584	1	1999	3	0	1920
Sound	51	other				848963	2			3380
Sound	63	hit	2	6078	3	857582	1			0
Picture	4	other				892412	2	2000	4	0	1920
Sound	64	hit	2	7005	3	904396	1			0
Picture	101	other				938575	1	1999	3	0	1920
Sound	61	hit	1	7520	2	950551	1			0
Picture	2	other				985237	1	2000	2	0	1920
Sound	62	hit	1	14115	2	997215	1			0
Picture	103	other				1032565	2	2000	4	0	1920
Sound	63	hit	2	5925	4	1044537	2			0
Picture	202	other				1079561	2	2000	3	0	1920
Sound	62	hit	1	10698	2	1091561	1			0
Picture	101	other				1126557	1	1999	3	0	1920
Sound	61	hit	1	6683	2	1138554	1			0
Picture	103	other				1174052	1	2000	2	0	1920
Sound	63	hit	2	6257	4	1186026	2			0
Picture	24	other				1221214	2	2000	3	0	1920
Sound	52	other				1229363	1			8150
Sound	64	incorrect	1	14283	3	1233199	1			0
Picture	1	other				1267710	1	1999	3	0	1920
Sound	61	hit	1	11587	2	1279684	1			0
Picture	202	other				1314372	1	2000	2	0	1920
Sound	62	hit	1	9990	3	1326348	1			0
Picture	101	other				1361867	2	2000	3	0	1920
Sound	61	hit	1	8799	2	1373850	1			0
Picture	204	other				1409029	2	2000	4	0	1920
Sound	64	hit	2	6318	2	1421023	1			0
Picture	224	other				1456358	2	2000	3	0	1920
Sound	52	other				1464338	1			7980
Sound	64	hit	2	7087	3	1468345	2			0
Picture	103	other				1503853	2	2000	4	0	1920
Sound	63	hit	2	7203	2	1515848	1			0
Picture	3	other				1550849	2	2000	3	0	1920
Sound	63	hit	2	7038	2	1562841	1			0
Picture	1	other				1598845	1	1999	3	0	1920
Sound	61	hit	1	8156	3	1610822	1			0
Picture	12	other				1646340	2	2000	3	0	1920
Sound	51	other				1650679	2			4340
Sound	62	hit	1	8114	3	1658324	1			0
Picture	4	other				1692669	1	2000	2	0	1920
Sound	64	hit	2	5654	2	1704659	1			0
Picture	13	other				1738998	1	1999	3	0	1920
Sound	51	other				1742137	2			3140
Sound	63	hit	2	6484	2	1750994	1			0
Picture	204	other				1785660	1	2000	2	0	1920
Sound	64	hit	2	5558	2	1797658	1			0
Picture	222	other				1833155	2	2000	3	0	1920
Sound	52	other				1839614	1			6460
Sound	62	hit	1	8983	2	1845130	1			0
Picture	3	other				1879818	1	1999	3	0	1920
Sound	63	hit	2	6320	2	1891794	1			0
Picture	202	other				1927313	2	2000	3	0	1920
Sound	62	hit	1	9713	3	1939296	2			0
Picture	204	other				1973808	2	2000	4	0	1920
Sound	64	hit	2	7280	2	1985781	1			0
Picture	2	other				2020137	2	2000	4	0	1920
Sound	62	hit	1	9345	3	2032116	1			0
Picture	121	other				2066300	1	1999	3	0	1920
Sound	52	other				2074539	1			8240
Sound	61	hit	1	11834	3	2078271	1			0
Picture	202	other				2113962	1	2000	2	0	1920
Sound	62	hit	1	7546	3	2125953	1			0
Picture	1	other				2161790	2	2000	4	0	1920
Sound	61	hit	1	7127	3	2173784	1			0
Picture	11	other				2209619	2	2000	4	0	1920
Sound	51	other				2214188	2			4570
Sound	61	hit	1	6382	3	2221615	2			0
Picture	3	other				2256448	2	2000	3	0	1920
Sound	63	hit	2	6473	3	2268429	1			0
Picture	14	other				2304277	1	1999	3	0	1920
Sound	51	other				2307937	1			3660
Sound	64	hit	2	6078	2	2316261	1			0
Picture	4	other				2350439	2	2000	3	0	1920
Sound	64	hit	2	6319	3	2362416	1			0
Picture	204	other				2398434	2	2000	4	0	1920
Sound	64	hit	2	6069	2	2410427	1			0
Picture	214	other				2445930	1	2000	2	0	1920
Sound	51	other				2450089	2			4160
Sound	64	hit	2	4999	3	2457929	1			0
Picture	22	other				2492592	1	2000	2	0	1920
Sound	52	other				2499471	2			6880
Sound	62	hit	1	7580	2	2504563	1			0
Picture	3	other				2539921	1	2000	2	0	1920
Sound	63	hit	2	6761	4	2551915	2			0
Picture	1	other				2587416	2	2000	3	0	1920
Sound	61	hit	1	10531	2	2599388	1			0
Picture	101	other				2633745	2	2000	3	0	1920
Sound	61	hit	1	5281	2	2645723	1			0
Picture	111	other				2681240	2	2000	4	0	1920
Sound	51	other				2683839	1			2600
Sound	61	hit	1	5699	2	2693225	1			0
Picture	204	other				2728902	2	2000	4	0	1920
Sound	64	hit	2	6223	2	2740877	1			0
Picture	1	other				2775398	2	2000	3	0	1920
Sound	61	hit	1	7290	2	2787391	1			0
Picture	4	other				2822560	2	2000	4	0	1920
Sound	64	hit	2	6118	2	2834534	1			0
Picture	103	other				2869555	2	2001	3	0	1920
Sound	63	hit	2	10065	3	2881527	2			0
Picture	103	other				2917551	2	2000	3	0	1920
Sound	63	hit	2	5767	3	2929538	2			0
Picture	3	other				2965380	1	2000	2	0	1920
Sound	63	hit	2	5898	2	2977370	1			0
Picture	2	other				3013042	1	2000	2	0	1920
Sound	62	hit	1	7610	2	3025022	1			0
Picture	103	other				3061204	2	2000	3	0	1920
Sound	63	hit	2	6728	3	3073182	1			0
Picture	202	other				3109199	2	2000	4	0	1920
Sound	62	hit	1	9025	3	3121193	1			0
