Scenario - 17_March_2015
Logfile written - 03/22/2017 16:19:42

Subject	Trial	Event Type	Code	Time	TTime	Uncertainty	Duration	Uncertainty	ReqTime	ReqDur	Stim Type	Pair Index

yc25	1	Response	253	7039	16872	1
yc25	2	Picture	10	7164	0	2	20165	3	0	20000	other	0
yc25	3	Picture	10	27495	0	2	40163	3	0	40000	other	0
yc25	3	Response	251	42807	15312	1
yc25	4	Picture	10	67825	0	1	40163	2	0	40000	other	0
yc25	4	Response	252	80688	12863	2
yc25	5	Nothing	91	107989	0	1			0		other	0
yc25	6	Picture	12	138151	0	2	2000	3	0	1920	other	0
yc25	6	Sound	51	143260	5109	2			5110		other	0
yc25	7	Sound	62	150138	0	1			0		hit	11
yc25	7	Response	251	153665	3527	1
yc25	8	Picture	3	184813	0	2	2000	3	0	1920	other	0
yc25	9	Sound	63	196802	0	1			0		hit	14
yc25	9	Response	252	199671	2869	2
yc25	10	Picture	22	232142	0	1	2000	2	0	1920	other	0
yc25	10	Sound	52	240381	8239	1			8240		other	0
yc25	11	Sound	62	244124	0	1			0		hit	18
yc25	11	Response	251	247648	3524	1
yc25	12	Picture	204	278304	0	1	2000	2	0	1920	other	0
yc25	13	Sound	64	290279	0	2			0		hit	21
yc25	13	Response	252	293878	3599	2
yc25	14	Picture	204	324799	0	2	2000	4	0	1920	other	0
yc25	15	Sound	64	336794	0	1			0		hit	24
yc25	15	Response	252	339850	3056	1
yc25	16	Picture	2	372294	0	2	2000	4	0	1920	other	0
yc25	17	Sound	62	384266	0	1			0		hit	27
yc25	17	Response	251	388646	4380	1
yc25	18	Picture	2	418957	0	1	1999	3	0	1920	other	0
yc25	19	Sound	62	430930	0	1			0		hit	30
yc25	19	Response	251	434472	3542	2
yc25	20	Picture	204	465285	0	2	2000	3	0	1920	other	0
yc25	21	Sound	64	477264	0	2			0		hit	33
yc25	21	Response	252	480682	3418	1
yc25	22	Picture	1	511614	0	2	2000	3	0	1920	other	0
yc25	23	Sound	61	523599	0	1			0		hit	36
yc25	23	Response	251	527297	3698	1
yc25	24	Picture	123	558776	0	2	2000	3	0	1920	other	0
yc25	24	Sound	52	565845	7069	1			7070		other	0
yc25	25	Sound	63	570772	0	1			0		hit	40
yc25	25	Response	252	574369	3597	1
yc25	26	Picture	103	605272	0	1	1999	3	0	1920	other	0
yc25	27	Sound	63	617256	0	1			0		hit	43
yc25	27	Response	252	620429	3173	2
yc25	28	Picture	11	652600	0	2	2000	3	0	1920	other	0
yc25	28	Sound	51	657239	4639	1			4640		other	0
yc25	29	Sound	61	664579	0	1			0		hit	47
yc25	29	Response	251	668646	4067	1
yc25	30	Picture	202	699762	0	2	2000	3	0	1920	other	0
yc25	31	Sound	62	711751	0	2			0		hit	50
yc25	31	Response	251	715080	3329	2
yc25	32	Picture	204	746758	0	1	1999	3	0	1920	other	0
yc25	33	Sound	64	758744	0	2			0		hit	53
yc25	33	Response	252	761841	3097	2
yc25	34	Picture	101	792920	0	1	1999	3	0	1920	other	0
yc25	35	Sound	61	804900	0	1			0		hit	56
yc25	35	Response	251	808629	3729	2
yc25	36	Picture	4	839582	0	1	2000	2	0	1920	other	0
yc25	37	Sound	64	851564	0	1			0		hit	59
yc25	37	Response	252	854884	3320	2
yc25	38	Picture	1	885910	0	2	2000	4	0	1920	other	0
yc25	39	Sound	61	897898	0	2			0		hit	62
yc25	39	Response	251	901111	3213	2
yc25	40	Picture	1	933239	0	2	2000	3	0	1920	other	0
yc25	41	Sound	61	945221	0	1			0		hit	65
yc25	41	Response	251	948550	3329	1
yc25	42	Picture	103	980734	0	2	2000	4	0	1920	other	0
yc25	43	Sound	63	992723	0	1			0		hit	68
yc25	43	Response	252	995658	2935	1
yc25	44	Picture	202	1028063	0	1	2000	2	0	1920	other	0
yc25	45	Sound	62	1040045	0	1			0		hit	71
yc25	45	Response	251	1042896	2851	1
yc25	46	Picture	103	1074392	0	1	2000	2	0	1920	other	0
yc25	47	Sound	63	1086380	0	1			0		hit	74
yc25	47	Response	252	1089161	2781	1
yc25	48	Picture	2	1120721	0	1	1999	3	0	1920	other	0
yc25	49	Sound	62	1132715	0	1			0		hit	77
yc25	49	Response	251	1135901	3186	1
yc25	50	Picture	204	1168716	0	1	2000	2	0	1920	other	0
yc25	51	Sound	64	1180696	0	1			0		hit	80
yc25	51	Response	252	1182813	2117	1
yc25	52	Picture	103	1215378	0	1	2000	2	0	1920	other	0
yc25	53	Sound	63	1227359	0	2			0		hit	83
yc25	53	Response	252	1230125	2766	1
yc25	54	Picture	101	1262540	0	1	2000	2	0	1920	other	0
yc25	55	Sound	61	1274532	0	2			0		hit	86
yc25	55	Response	251	1278763	4231	2
yc25	56	Picture	3	1309535	0	2	2000	3	0	1920	other	0
yc25	57	Sound	63	1321526	0	1			0		hit	89
yc25	57	Response	252	1324114	2588	1
yc25	58	Picture	103	1356531	0	1	1999	3	0	1920	other	0
yc25	59	Sound	63	1368519	0	1			0		hit	92
yc25	59	Response	252	1372195	3676	1
yc25	60	Picture	23	1403193	0	1	1999	3	0	1920	other	0
yc25	60	Sound	52	1409612	6419	2			6420		other	0
yc25	61	Sound	63	1415183	0	1			0		hit	96
yc25	61	Response	252	1418798	3615	1
yc25	62	Picture	24	1451021	0	2	2000	3	0	1920	other	0
yc25	62	Sound	52	1457310	6289	2			6290		other	0
yc25	63	Sound	64	1463014	0	1			0		hit	100
yc25	63	Response	252	1466610	3596	1
yc25	64	Picture	3	1498683	0	2	2000	3	0	1920	other	0
yc25	65	Sound	63	1510666	0	1			0		hit	103
yc25	65	Response	252	1513355	2689	1
yc25	66	Picture	4	1545345	0	2	2000	3	0	1920	other	0
yc25	67	Sound	64	1557330	0	1			0		hit	106
yc25	67	Response	252	1560646	3316	1
yc25	68	Picture	2	1592840	0	2	2000	4	0	1920	other	0
yc25	69	Sound	62	1604832	0	1			0		hit	109
yc25	69	Response	251	1608696	3864	1
yc25	70	Picture	202	1639669	0	2	2000	3	0	1920	other	0
yc25	71	Sound	62	1651645	0	1			0		hit	112
yc25	71	Response	251	1655096	3451	1
yc25	72	Picture	101	1686498	0	1	2000	2	0	1920	other	0
yc25	73	Sound	61	1698489	0	1			0		incorrect	115
yc25	73	Response	252	1701961	3472	1
yc25	74	Picture	4	1734160	0	1	2000	2	0	1920	other	0
yc25	75	Sound	64	1746140	0	2			0		hit	118
yc25	75	Response	252	1749288	3148	1
yc25	76	Picture	212	1780489	0	1	1999	3	0	1920	other	0
yc25	76	Sound	51	1785118	4629	2			4630		other	0
yc25	77	Sound	62	1792475	0	1			0		hit	122
yc25	77	Response	251	1797115	4640	1
yc25	78	Picture	101	1827317	0	2	2000	3	0	1920	other	0
yc25	79	Sound	61	1839289	0	1			0		hit	125
yc25	79	Response	251	1843204	3915	1
yc25	80	Picture	1	1875312	0	2	2000	4	0	1920	other	0
yc25	81	Sound	61	1887300	0	1			0		hit	128
yc25	81	Response	251	1890916	3616	2
yc25	82	Picture	224	1922308	0	1	2000	2	0	1920	other	0
yc25	82	Sound	52	1928417	6109	1			6110		other	0
yc25	83	Sound	64	1934293	0	1			0		hit	132
yc25	83	Response	252	1937707	3414	2
yc25	84	Picture	13	1969470	0	1	1999	4	0	1920	other	0
yc25	84	Sound	51	1972879	3409	2			3410		other	0
yc25	85	Sound	63	1981466	0	1			0		hit	136
yc25	85	Response	252	1986249	4783	2
yc25	86	Picture	101	2017132	0	1	1999	3	0	1920	other	0
yc25	87	Sound	61	2029117	0	2			0		hit	139
yc25	87	Response	251	2032657	3540	1
yc25	88	Picture	2	2064627	0	2	2000	3	0	1920	other	0
yc25	89	Sound	62	2076619	0	1			0		hit	142
yc25	89	Response	251	2080118	3499	1
yc25	90	Picture	121	2112622	0	2	2000	4	0	1920	other	0
yc25	90	Sound	52	2118282	5660	1			5660		other	0
yc25	91	Sound	61	2124600	0	2			0		hit	146
yc25	91	Response	251	2128678	4078	1
yc25	92	Picture	202	2160284	0	2	2000	3	0	1920	other	0
yc25	93	Sound	62	2172282	0	1			0		hit	149
yc25	93	Response	251	2175481	3199	1
yc25	94	Picture	4	2207446	0	2	2000	3	0	1920	other	0
yc25	95	Sound	64	2219425	0	1			0		hit	152
yc25	95	Response	252	2222470	3045	1
yc25	96	Picture	3	2255275	0	1	2000	2	0	1920	other	0
yc25	97	Sound	63	2267256	0	1			0		hit	155
yc25	97	Response	252	2270818	3562	2
yc25	98	Picture	2	2301437	0	1	2000	2	0	1920	other	0
yc25	99	Sound	62	2313411	0	1			0		hit	158
yc25	99	Response	251	2317193	3782	2
yc25	100	Picture	222	2347932	0	2	2000	4	0	1920	other	0
yc25	100	Sound	52	2356201	8269	2			8270		other	0
yc25	101	Sound	62	2359926	0	1			0		hit	162
yc25	101	Response	251	2363544	3618	1
yc25	102	Picture	101	2394094	0	2	2000	4	0	1920	other	0
yc25	103	Sound	61	2406081	0	1			0		hit	165
yc25	103	Response	251	2410043	3962	1
yc25	104	Picture	103	2440923	0	1	2000	3	0	1920	other	0
yc25	105	Sound	63	2452894	0	2			0		hit	168
yc25	105	Response	252	2456432	3538	2
yc25	106	Picture	111	2488585	0	2	2000	3	0	1920	other	0
yc25	106	Sound	51	2491424	2839	2			2840		other	0
yc25	107	Sound	61	2500576	0	1			0		hit	172
yc25	107	Response	251	2504859	4283	1
yc25	108	Picture	204	2536414	0	1	1999	3	0	1920	other	0
yc25	109	Sound	64	2548407	0	1			0		hit	175
yc25	109	Response	252	2551201	2794	1
yc25	110	Picture	14	2583409	0	2	2000	3	0	1920	other	0
yc25	110	Sound	51	2587908	4499	2			4500		other	0
yc25	111	Sound	64	2595400	0	2			0		hit	179
yc25	111	Response	252	2601006	5606	1
yc25	112	Picture	3	2630404	0	2	2000	3	0	1920	other	0
yc25	113	Sound	63	2642393	0	2			0		hit	182
yc25	113	Response	252	2645624	3231	2
yc25	114	Picture	202	2678066	0	2	2000	4	0	1920	other	0
yc25	115	Sound	62	2690045	0	1			0		hit	185
yc25	115	Response	251	2693865	3820	2
yc25	116	Picture	3	2725562	0	1	1999	3	0	1920	other	0
yc25	117	Sound	63	2737547	0	1			0		hit	188
yc25	117	Response	252	2741542	3995	1
yc25	118	Picture	4	2771890	0	2	2000	4	0	1920	other	0
yc25	119	Sound	64	2783882	0	1			0		hit	191
yc25	119	Response	252	2789257	5375	2
yc25	120	Picture	113	2818385	0	3	2000	5	0	1920	other	0
yc25	120	Sound	51	2823294	4909	1			4910		other	0
yc25	121	Sound	63	2830366	0	2			0		hit	195
yc25	121	Response	252	2833071	2705	1
yc25	122	Picture	1	2866548	0	1	1999	3	0	1920	other	0
yc25	123	Sound	61	2878527	0	1			0		hit	198
yc25	123	Response	251	2883140	4613	2
yc25	124	Picture	21	2914210	0	1	1999	3	0	1920	other	0
yc25	124	Sound	52	2921929	7719	2			7720		other	0
yc25	125	Sound	61	2926208	0	2			0		hit	202
yc25	125	Response	251	2931852	5644	1
yc25	126	Picture	1	2961705	0	1	2000	2	0	1920	other	0
yc25	127	Sound	61	2973681	0	1			0		hit	205
yc25	127	Response	251	2977451	3770	2
yc25	128	Picture	214	3009367	0	1	1999	3	0	1920	other	0
yc25	128	Sound	51	3011906	2539	2			2540		other	0
yc25	129	Sound	64	3021362	0	1			0		hit	209
yc25	129	Response	252	3023925	2563	1
yc25	129	Response	252	3034713	13351	1
yc25	129	Response	252	3037829	16467	2
yc25	129	Response	252	3040804	19442	1
yc25	129	Response	252	3048310	26948	1
yc25	129	Response	252	3051139	29777	1
yc25	130	Picture	4	3056529	0	1	1999	3	0	1920	other	0
yc25	131	Sound	64	3068505	0	1			0		hit	217
yc25	131	Response	252	3071811	3306	2
yc25	132	Picture	202	3104691	0	1	1999	3	0	1920	other	0
yc25	133	Sound	62	3116666	0	1			0		hit	220
yc25	133	Response	251	3119568	2902	1
yc25	134	Response	253	3408539	257520	2


Event Type	Code	Type	Response	RT	RT Uncertainty	Time	Uncertainty	Duration	Uncertainty	ReqTime	ReqDur

Picture	10	other				7164	2	20165	3	0	20000
Picture	10	other				27495	2	40163	3	0	40000
Picture	10	other				67825	1	40163	2	0	40000
Nothing	91	other				107989	1			0
Picture	12	other				138151	2	2000	3	0	1920
Sound	51	other				143260	2			5110
Sound	62	hit	1	3527	2	150138	1			0
Picture	3	other				184813	2	2000	3	0	1920
Sound	63	hit	2	2869	3	196802	1			0
Picture	22	other				232142	1	2000	2	0	1920
Sound	52	other				240381	1			8240
Sound	62	hit	1	3524	2	244124	1			0
Picture	204	other				278304	1	2000	2	0	1920
Sound	64	hit	2	3599	4	290279	2			0
Picture	204	other				324799	2	2000	4	0	1920
Sound	64	hit	2	3056	2	336794	1			0
Picture	2	other				372294	2	2000	4	0	1920
Sound	62	hit	1	4380	2	384266	1			0
Picture	2	other				418957	1	1999	3	0	1920
Sound	62	hit	1	3542	3	430930	1			0
Picture	204	other				465285	2	2000	3	0	1920
Sound	64	hit	2	3418	3	477264	2			0
Picture	1	other				511614	2	2000	3	0	1920
Sound	61	hit	1	3698	2	523599	1			0
Picture	123	other				558776	2	2000	3	0	1920
Sound	52	other				565845	1			7070
Sound	63	hit	2	3597	2	570772	1			0
Picture	103	other				605272	1	1999	3	0	1920
Sound	63	hit	2	3173	3	617256	1			0
Picture	11	other				652600	2	2000	3	0	1920
Sound	51	other				657239	1			4640
Sound	61	hit	1	4067	2	664579	1			0
Picture	202	other				699762	2	2000	3	0	1920
Sound	62	hit	1	3329	4	711751	2			0
Picture	204	other				746758	1	1999	3	0	1920
Sound	64	hit	2	3097	4	758744	2			0
Picture	101	other				792920	1	1999	3	0	1920
Sound	61	hit	1	3729	3	804900	1			0
Picture	4	other				839582	1	2000	2	0	1920
Sound	64	hit	2	3320	3	851564	1			0
Picture	1	other				885910	2	2000	4	0	1920
Sound	61	hit	1	3213	4	897898	2			0
Picture	1	other				933239	2	2000	3	0	1920
Sound	61	hit	1	3329	2	945221	1			0
Picture	103	other				980734	2	2000	4	0	1920
Sound	63	hit	2	2935	2	992723	1			0
Picture	202	other				1028063	1	2000	2	0	1920
Sound	62	hit	1	2851	2	1040045	1			0
Picture	103	other				1074392	1	2000	2	0	1920
Sound	63	hit	2	2781	2	1086380	1			0
Picture	2	other				1120721	1	1999	3	0	1920
Sound	62	hit	1	3186	2	1132715	1			0
Picture	204	other				1168716	1	2000	2	0	1920
Sound	64	hit	2	2117	2	1180696	1			0
Picture	103	other				1215378	1	2000	2	0	1920
Sound	63	hit	2	2766	3	1227359	2			0
Picture	101	other				1262540	1	2000	2	0	1920
Sound	61	hit	1	4231	4	1274532	2			0
Picture	3	other				1309535	2	2000	3	0	1920
Sound	63	hit	2	2588	2	1321526	1			0
Picture	103	other				1356531	1	1999	3	0	1920
Sound	63	hit	2	3676	2	1368519	1			0
Picture	23	other				1403193	1	1999	3	0	1920
Sound	52	other				1409612	2			6420
Sound	63	hit	2	3615	2	1415183	1			0
Picture	24	other				1451021	2	2000	3	0	1920
Sound	52	other				1457310	2			6290
Sound	64	hit	2	3596	2	1463014	1			0
Picture	3	other				1498683	2	2000	3	0	1920
Sound	63	hit	2	2689	2	1510666	1			0
Picture	4	other				1545345	2	2000	3	0	1920
Sound	64	hit	2	3316	2	1557330	1			0
Picture	2	other				1592840	2	2000	4	0	1920
Sound	62	hit	1	3864	2	1604832	1			0
Picture	202	other				1639669	2	2000	3	0	1920
Sound	62	hit	1	3451	2	1651645	1			0
Picture	101	other				1686498	1	2000	2	0	1920
Sound	61	incorrect	2	3472	2	1698489	1			0
Picture	4	other				1734160	1	2000	2	0	1920
Sound	64	hit	2	3148	3	1746140	2			0
Picture	212	other				1780489	1	1999	3	0	1920
Sound	51	other				1785118	2			4630
Sound	62	hit	1	4640	2	1792475	1			0
Picture	101	other				1827317	2	2000	3	0	1920
Sound	61	hit	1	3915	2	1839289	1			0
Picture	1	other				1875312	2	2000	4	0	1920
Sound	61	hit	1	3616	3	1887300	1			0
Picture	224	other				1922308	1	2000	2	0	1920
Sound	52	other				1928417	1			6110
Sound	64	hit	2	3414	3	1934293	1			0
Picture	13	other				1969470	1	1999	4	0	1920
Sound	51	other				1972879	2			3410
Sound	63	hit	2	4783	3	1981466	1			0
Picture	101	other				2017132	1	1999	3	0	1920
Sound	61	hit	1	3540	3	2029117	2			0
Picture	2	other				2064627	2	2000	3	0	1920
Sound	62	hit	1	3499	2	2076619	1			0
Picture	121	other				2112622	2	2000	4	0	1920
Sound	52	other				2118282	1			5660
Sound	61	hit	1	4078	3	2124600	2			0
Picture	202	other				2160284	2	2000	3	0	1920
Sound	62	hit	1	3199	2	2172282	1			0
Picture	4	other				2207446	2	2000	3	0	1920
Sound	64	hit	2	3045	2	2219425	1			0
Picture	3	other				2255275	1	2000	2	0	1920
Sound	63	hit	2	3562	3	2267256	1			0
Picture	2	other				2301437	1	2000	2	0	1920
Sound	62	hit	1	3782	3	2313411	1			0
Picture	222	other				2347932	2	2000	4	0	1920
Sound	52	other				2356201	2			8270
Sound	62	hit	1	3618	2	2359926	1			0
Picture	101	other				2394094	2	2000	4	0	1920
Sound	61	hit	1	3962	2	2406081	1			0
Picture	103	other				2440923	1	2000	3	0	1920
Sound	63	hit	2	3538	4	2452894	2			0
Picture	111	other				2488585	2	2000	3	0	1920
Sound	51	other				2491424	2			2840
Sound	61	hit	1	4283	2	2500576	1			0
Picture	204	other				2536414	1	1999	3	0	1920
Sound	64	hit	2	2794	2	2548407	1			0
Picture	14	other				2583409	2	2000	3	0	1920
Sound	51	other				2587908	2			4500
Sound	64	hit	2	5606	3	2595400	2			0
Picture	3	other				2630404	2	2000	3	0	1920
Sound	63	hit	2	3231	4	2642393	2			0
Picture	202	other				2678066	2	2000	4	0	1920
Sound	62	hit	1	3820	3	2690045	1			0
Picture	3	other				2725562	1	1999	3	0	1920
Sound	63	hit	2	3995	2	2737547	1			0
Picture	4	other				2771890	2	2000	4	0	1920
Sound	64	hit	2	5375	3	2783882	1			0
Picture	113	other				2818385	3	2000	5	0	1920
Sound	51	other				2823294	1			4910
Sound	63	hit	2	2705	3	2830366	2			0
Picture	1	other				2866548	1	1999	3	0	1920
Sound	61	hit	1	4613	3	2878527	1			0
Picture	21	other				2914210	1	1999	3	0	1920
Sound	52	other				2921929	2			7720
Sound	61	hit	1	5644	3	2926208	2			0
Picture	1	other				2961705	1	2000	2	0	1920
Sound	61	hit	1	3770	3	2973681	1			0
Picture	214	other				3009367	1	1999	3	0	1920
Sound	51	other				3011906	2			2540
Sound	64	hit	2	2563	2	3021362	1			0
Picture	4	other				3056529	1	1999	3	0	1920
Sound	64	hit	2	3306	3	3068505	1			0
Picture	202	other				3104691	1	1999	3	0	1920
Sound	62	hit	1	2902	2	3116666	1			0
