Scenario - 17_March_2015
Logfile written - 03/22/2017 16:34:01

Subject	Trial	Event Type	Code	Time	TTime	Uncertainty	Duration	Uncertainty	ReqTime	ReqDur	Stim Type	Pair Index

yc25	1	Response	253	22491	32324	1
yc25	2	Picture	10	22662	0	2	20165	4	0	20000	other	0
yc25	3	Picture	10	42994	0	1	40162	3	0	40000	other	0
yc25	3	Response	251	64093	21099	1
yc25	4	Picture	10	83323	0	2	40163	3	0	40000	other	0
yc25	4	Response	252	95837	12514	1
yc25	5	Nothing	91	123488	0	1			0		other	0
yc25	6	Picture	21	153650	0	1	1999	3	0	1920	other	0
yc25	6	Sound	52	159539	5889	2			5890		other	0
yc25	7	Sound	61	165642	0	1			0		hit	11
yc25	7	Response	251	169021	3379	2
yc25	8	Picture	3	201311	0	2	2000	4	0	1920	other	0
yc25	9	Sound	63	213294	0	1			0		hit	14
yc25	9	Response	252	216529	3235	1
yc25	10	Picture	1	248140	0	2	2000	3	0	1920	other	0
yc25	11	Sound	61	260137	0	2			0		hit	17
yc25	11	Response	251	263117	2980	1
yc25	12	Picture	113	294302	0	2	2000	4	0	1920	other	0
yc25	12	Sound	51	297101	2799	1			2800		other	0
yc25	13	Sound	63	306292	0	2			0		hit	21
yc25	13	Response	252	308866	2574	1
yc25	14	Picture	202	340964	0	2	2000	4	0	1920	other	0
yc25	15	Sound	62	352956	0	2			0		hit	24
yc25	15	Response	251	356353	3397	2
yc25	16	Picture	1	388960	0	1	1999	3	0	1920	other	0
yc25	17	Sound	61	400937	0	2			0		hit	27
yc25	17	Response	251	404922	3985	2
yc25	18	Picture	4	435455	0	2	2000	3	0	1920	other	0
yc25	19	Sound	64	447452	0	1			0		hit	30
yc25	19	Response	252	451060	3608	1
yc25	20	Picture	101	481617	0	2	2000	3	0	1920	other	0
yc25	21	Sound	61	493607	0	1			0		hit	33
yc25	21	Response	251	497109	3502	1
yc25	22	Picture	4	529446	0	1	2000	2	0	1920	other	0
yc25	23	Sound	64	541438	0	1			0		hit	36
yc25	23	Response	252	544146	2708	2
yc25	24	Picture	3	576774	0	2	2000	4	0	1920	other	0
yc25	25	Sound	63	588760	0	2			0		hit	39
yc25	25	Response	252	591876	3116	1
yc25	26	Picture	224	624603	0	1	2000	2	0	1920	other	0
yc25	26	Sound	52	630942	6339	2			6340		other	0
yc25	27	Sound	64	636592	0	1			0		hit	43
yc25	27	Response	252	639671	3079	2
yc25	28	Picture	4	671265	0	1	2000	2	0	1920	other	0
yc25	29	Sound	64	683256	0	1			0		hit	46
yc25	29	Response	252	687044	3788	1
yc25	30	Picture	202	718426	0	2	2001	3	0	1920	other	0
yc25	31	Sound	62	730398	0	2			0		hit	49
yc25	31	Response	251	733692	3294	2
yc25	32	Picture	202	766422	0	2	2000	3	0	1920	other	0
yc25	33	Sound	62	778410	0	1			0		hit	52
yc25	33	Response	251	781553	3143	2
yc25	34	Picture	204	813584	0	2	2000	3	0	1920	other	0
yc25	35	Sound	64	825582	0	2			0		hit	55
yc25	35	Response	252	828957	3375	1
yc25	36	Picture	103	860746	0	2	2000	3	0	1920	other	0
yc25	37	Sound	63	872725	0	1			0		hit	58
yc25	37	Response	252	876055	3330	1
yc25	38	Picture	202	907075	0	2	2000	3	0	1920	other	0
yc25	39	Sound	62	919060	0	1			0		hit	61
yc25	39	Response	251	922594	3534	1
yc25	40	Picture	22	954570	0	2	2000	3	0	1920	other	0
yc25	40	Sound	52	962449	7879	2			7880		other	0
yc25	41	Sound	62	966562	0	1			0		hit	65
yc25	41	Response	251	969951	3389	1
yc25	42	Picture	202	1001732	0	2	2000	3	0	1920	other	0
yc25	43	Sound	62	1013705	0	1			0		hit	68
yc25	43	Response	251	1016511	2806	1
yc25	44	Picture	103	1049728	0	1	1999	3	0	1920	other	0
yc25	45	Sound	63	1061716	0	1			0		hit	71
yc25	45	Response	252	1064483	2767	2
yc25	46	Picture	204	1096889	0	2	2000	4	0	1920	other	0
yc25	47	Sound	64	1108888	0	2			0		hit	74
yc25	47	Response	252	1112537	3649	1
yc25	48	Picture	23	1143218	0	2	2000	3	0	1920	other	0
yc25	48	Sound	52	1151527	8309	2			8310		other	0
yc25	49	Sound	63	1155193	0	1			0		hit	78
yc25	49	Response	252	1158287	3094	2
yc25	50	Picture	101	1190880	0	2	2000	4	0	1920	other	0
yc25	51	Sound	61	1202875	0	1			0		hit	81
yc25	51	Response	251	1205994	3119	1
yc25	52	Picture	3	1238709	0	1	1999	3	0	1920	other	0
yc25	53	Sound	63	1250706	0	1			0		hit	84
yc25	53	Response	252	1254267	3561	1
yc25	54	Picture	2	1286038	0	1	1999	3	0	1920	other	0
yc25	55	Sound	62	1298028	0	2			0		hit	87
yc25	55	Response	251	1300972	2944	1
yc25	56	Picture	3	1332866	0	2	2000	3	0	1920	other	0
yc25	57	Sound	63	1344842	0	1			0		hit	90
yc25	57	Response	252	1347468	2626	1
yc25	58	Picture	121	1380528	0	1	1999	3	0	1920	other	0
yc25	58	Sound	52	1388687	8159	2			8160		other	0
yc25	59	Sound	61	1392524	0	1			0		incorrect	94
yc25	59	Response	252	1396028	3504	2
yc25	60	Picture	1	1427190	0	2	2000	3	0	1920	other	0
yc25	61	Sound	61	1439188	0	1			0		hit	97
yc25	61	Response	251	1442813	3625	1
yc25	62	Picture	2	1475019	0	1	1999	3	0	1920	other	0
yc25	63	Sound	62	1487019	0	1			0		hit	100
yc25	63	Response	251	1490357	3338	1
yc25	64	Picture	103	1522514	0	2	2000	3	0	1920	other	0
yc25	65	Sound	63	1534491	0	1			0		hit	103
yc25	65	Response	252	1537158	2667	1
yc25	66	Picture	222	1570176	0	1	2000	2	0	1920	other	0
yc25	66	Sound	52	1575835	5659	2			5660		other	0
yc25	67	Sound	62	1582173	0	1			0		hit	107
yc25	67	Response	251	1585362	3189	1
yc25	68	Picture	14	1616671	0	2	2000	4	0	1920	other	0
yc25	68	Sound	51	1620900	4229	1			4230		other	0
yc25	69	Sound	64	1628657	0	1			0		hit	111
yc25	69	Response	252	1631827	3170	1
yc25	70	Picture	2	1663833	0	2	2000	3	0	1920	other	0
yc25	71	Sound	62	1675830	0	1			0		hit	114
yc25	71	Response	251	1679818	3988	1
yc25	72	Picture	103	1710662	0	1	2000	2	0	1920	other	0
yc25	73	Sound	63	1722643	0	2			0		hit	117
yc25	73	Response	252	1726122	3479	1
yc25	74	Picture	101	1757157	0	2	2000	4	0	1920	other	0
yc25	75	Sound	61	1769128	0	1			0		hit	120
yc25	75	Response	251	1772405	3277	1
yc25	76	Picture	111	1804986	0	1	2000	2	0	1920	other	0
yc25	76	Sound	51	1808715	3729	2			3730		other	0
yc25	77	Sound	61	1816959	0	1			0		hit	124
yc25	77	Response	251	1821286	4327	1
yc25	78	Picture	202	1852315	0	1	1999	3	0	1920	other	0
yc25	79	Sound	62	1864311	0	2			0		hit	127
yc25	79	Response	251	1867472	3161	2
yc25	80	Picture	1	1899977	0	1	1999	3	0	1920	other	0
yc25	81	Sound	61	1911963	0	1			0		hit	130
yc25	81	Response	251	1915509	3546	2
yc25	82	Picture	4	1946472	0	2	2000	3	0	1920	other	0
yc25	83	Sound	64	1958447	0	2			0		hit	133
yc25	83	Response	252	1962257	3810	1
yc25	84	Picture	101	1993134	0	1	2000	2	0	1920	other	0
yc25	85	Sound	61	2005111	0	1			0		hit	136
yc25	85	Response	251	2010586	5475	1
yc25	86	Picture	204	2039463	0	1	2000	2	0	1920	other	0
yc25	87	Sound	64	2051446	0	1			0		hit	139
yc25	87	Response	252	2054689	3243	2
yc25	88	Picture	13	2086958	0	2	2000	3	0	1920	other	0
yc25	88	Sound	51	2090787	3829	2			3830		other	0
yc25	89	Sound	63	2098948	0	1			0		hit	143
yc25	89	Response	252	2102343	3395	1
yc25	90	Picture	12	2134786	0	2	2000	4	0	1920	other	0
yc25	90	Sound	51	2139985	5199	1			5200		other	0
yc25	91	Sound	62	2146779	0	2			0		hit	147
yc25	91	Response	251	2150068	3289	1
yc25	92	Picture	204	2182282	0	2	2000	3	0	1920	other	0
yc25	93	Sound	64	2194281	0	2			0		hit	150
yc25	93	Response	252	2198131	3850	2
yc25	94	Picture	11	2229944	0	1	2000	2	0	1920	other	0
yc25	94	Sound	51	2233453	3509	2			3510		other	0
yc25	95	Sound	61	2241933	0	1			0		hit	154
yc25	95	Response	251	2245660	3727	1
yc25	96	Picture	3	2277106	0	1	2000	2	0	1920	other	0
yc25	97	Sound	63	2289106	0	1			0		hit	157
yc25	97	Response	252	2293159	4053	1
yc25	98	Picture	212	2324601	0	2	2000	3	0	1920	other	0
yc25	98	Sound	51	2329070	4469	1			4470		other	0
yc25	99	Sound	62	2336578	0	1			0		hit	161
yc25	99	Response	251	2339749	3171	2
yc25	100	Picture	1	2372430	0	1	2000	2	0	1920	other	0
yc25	101	Sound	61	2384409	0	2			0		hit	164
yc25	101	Response	251	2388313	3904	1
yc25	102	Picture	2	2419425	0	2	2000	3	0	1920	other	0
yc25	103	Sound	62	2431402	0	2			0		hit	167
yc25	103	Response	251	2434738	3336	1
yc25	104	Picture	1	2467087	0	2	2000	3	0	1920	other	0
yc25	105	Sound	61	2479084	0	1			0		hit	170
yc25	105	Response	251	2482903	3819	2
yc25	106	Picture	204	2514915	0	2	2000	4	0	1920	other	0
yc25	107	Sound	64	2526915	0	1			0		hit	173
yc25	107	Response	252	2529851	2936	1
yc25	108	Picture	103	2561911	0	1	2000	2	0	1920	other	0
yc25	109	Sound	63	2573908	0	2			0		hit	176
yc25	109	Response	252	2577035	3127	1
yc25	110	Picture	4	2609240	0	1	1999	3	0	1920	other	0
yc25	111	Sound	64	2621231	0	1			0		hit	179
yc25	111	Response	252	2623952	2721	2
yc25	112	Picture	204	2655568	0	2	2000	4	0	1920	other	0
yc25	113	Sound	64	2667566	0	1			0		hit	182
yc25	113	Response	252	2670969	3403	1
yc25	114	Picture	101	2702897	0	1	2000	2	0	1920	other	0
yc25	115	Sound	61	2714888	0	1			0		hit	185
yc25	115	Response	251	2718026	3138	1
yc25	116	Picture	4	2749726	0	1	2000	2	0	1920	other	0
yc25	117	Sound	64	2761702	0	1			0		hit	188
yc25	117	Response	252	2764492	2790	1
yc25	118	Picture	214	2796388	0	1	2000	2	0	1920	other	0
yc25	118	Sound	51	2801017	4629	2			4630		other	0
yc25	119	Sound	64	2808366	0	1			0		hit	192
yc25	119	Response	252	2811898	3532	2
yc25	120	Picture	2	2843550	0	1	2000	2	0	1920	other	0
yc25	121	Sound	62	2855538	0	2			0		hit	195
yc25	121	Response	251	2859378	3840	2
yc25	122	Picture	103	2889879	0	1	1999	3	0	1920	other	0
yc25	123	Sound	63	2901873	0	1			0		hit	198
yc25	123	Response	252	2905030	3157	1
yc25	124	Picture	101	2937041	0	1	1999	3	0	1920	other	0
yc25	125	Sound	61	2949016	0	1			0		hit	201
yc25	125	Response	251	2951708	2692	2
yc25	126	Picture	2	2983536	0	1	1999	3	0	1920	other	0
yc25	127	Sound	62	2995530	0	1			0		hit	204
yc25	127	Response	251	2999255	3725	2
yc25	128	Picture	24	3030698	0	1	2000	2	0	1920	other	0
yc25	128	Sound	52	3037057	6359	1			6360		other	0
yc25	129	Sound	64	3042673	0	1			0		hit	208
yc25	129	Response	252	3045647	2974	1
yc25	130	Picture	123	3077526	0	2	2000	4	0	1920	other	0
yc25	130	Sound	52	3083365	5839	1			5840		other	0
yc25	131	Sound	63	3089517	0	1			0		hit	212
yc25	131	Response	252	3092675	3158	1
yc25	132	Picture	3	3125522	0	1	2000	2	0	1920	other	0
yc25	133	Sound	63	3137498	0	1			0		hit	215
yc25	133	Response	252	3140185	2687	2
yc25	134	Response	253	3738382	566531	2


Event Type	Code	Type	Response	RT	RT Uncertainty	Time	Uncertainty	Duration	Uncertainty	ReqTime	ReqDur

Picture	10	other				22662	2	20165	4	0	20000
Picture	10	other				42994	1	40162	3	0	40000
Picture	10	other				83323	2	40163	3	0	40000
Nothing	91	other				123488	1			0
Picture	21	other				153650	1	1999	3	0	1920
Sound	52	other				159539	2			5890
Sound	61	hit	1	3379	3	165642	1			0
Picture	3	other				201311	2	2000	4	0	1920
Sound	63	hit	2	3235	2	213294	1			0
Picture	1	other				248140	2	2000	3	0	1920
Sound	61	hit	1	2980	3	260137	2			0
Picture	113	other				294302	2	2000	4	0	1920
Sound	51	other				297101	1			2800
Sound	63	hit	2	2574	3	306292	2			0
Picture	202	other				340964	2	2000	4	0	1920
Sound	62	hit	1	3397	4	352956	2			0
Picture	1	other				388960	1	1999	3	0	1920
Sound	61	hit	1	3985	4	400937	2			0
Picture	4	other				435455	2	2000	3	0	1920
Sound	64	hit	2	3608	2	447452	1			0
Picture	101	other				481617	2	2000	3	0	1920
Sound	61	hit	1	3502	2	493607	1			0
Picture	4	other				529446	1	2000	2	0	1920
Sound	64	hit	2	2708	3	541438	1			0
Picture	3	other				576774	2	2000	4	0	1920
Sound	63	hit	2	3116	3	588760	2			0
Picture	224	other				624603	1	2000	2	0	1920
Sound	52	other				630942	2			6340
Sound	64	hit	2	3079	3	636592	1			0
Picture	4	other				671265	1	2000	2	0	1920
Sound	64	hit	2	3788	2	683256	1			0
Picture	202	other				718426	2	2001	3	0	1920
Sound	62	hit	1	3294	4	730398	2			0
Picture	202	other				766422	2	2000	3	0	1920
Sound	62	hit	1	3143	3	778410	1			0
Picture	204	other				813584	2	2000	3	0	1920
Sound	64	hit	2	3375	3	825582	2			0
Picture	103	other				860746	2	2000	3	0	1920
Sound	63	hit	2	3330	2	872725	1			0
Picture	202	other				907075	2	2000	3	0	1920
Sound	62	hit	1	3534	2	919060	1			0
Picture	22	other				954570	2	2000	3	0	1920
Sound	52	other				962449	2			7880
Sound	62	hit	1	3389	2	966562	1			0
Picture	202	other				1001732	2	2000	3	0	1920
Sound	62	hit	1	2806	2	1013705	1			0
Picture	103	other				1049728	1	1999	3	0	1920
Sound	63	hit	2	2767	3	1061716	1			0
Picture	204	other				1096889	2	2000	4	0	1920
Sound	64	hit	2	3649	3	1108888	2			0
Picture	23	other				1143218	2	2000	3	0	1920
Sound	52	other				1151527	2			8310
Sound	63	hit	2	3094	3	1155193	1			0
Picture	101	other				1190880	2	2000	4	0	1920
Sound	61	hit	1	3119	2	1202875	1			0
Picture	3	other				1238709	1	1999	3	0	1920
Sound	63	hit	2	3561	2	1250706	1			0
Picture	2	other				1286038	1	1999	3	0	1920
Sound	62	hit	1	2944	3	1298028	2			0
Picture	3	other				1332866	2	2000	3	0	1920
Sound	63	hit	2	2626	2	1344842	1			0
Picture	121	other				1380528	1	1999	3	0	1920
Sound	52	other				1388687	2			8160
Sound	61	incorrect	2	3504	3	1392524	1			0
Picture	1	other				1427190	2	2000	3	0	1920
Sound	61	hit	1	3625	2	1439188	1			0
Picture	2	other				1475019	1	1999	3	0	1920
Sound	62	hit	1	3338	2	1487019	1			0
Picture	103	other				1522514	2	2000	3	0	1920
Sound	63	hit	2	2667	2	1534491	1			0
Picture	222	other				1570176	1	2000	2	0	1920
Sound	52	other				1575835	2			5660
Sound	62	hit	1	3189	2	1582173	1			0
Picture	14	other				1616671	2	2000	4	0	1920
Sound	51	other				1620900	1			4230
Sound	64	hit	2	3170	2	1628657	1			0
Picture	2	other				1663833	2	2000	3	0	1920
Sound	62	hit	1	3988	2	1675830	1			0
Picture	103	other				1710662	1	2000	2	0	1920
Sound	63	hit	2	3479	3	1722643	2			0
Picture	101	other				1757157	2	2000	4	0	1920
Sound	61	hit	1	3277	2	1769128	1			0
Picture	111	other				1804986	1	2000	2	0	1920
Sound	51	other				1808715	2			3730
Sound	61	hit	1	4327	2	1816959	1			0
Picture	202	other				1852315	1	1999	3	0	1920
Sound	62	hit	1	3161	4	1864311	2			0
Picture	1	other				1899977	1	1999	3	0	1920
Sound	61	hit	1	3546	3	1911963	1			0
Picture	4	other				1946472	2	2000	3	0	1920
Sound	64	hit	2	3810	3	1958447	2			0
Picture	101	other				1993134	1	2000	2	0	1920
Sound	61	hit	1	5475	2	2005111	1			0
Picture	204	other				2039463	1	2000	2	0	1920
Sound	64	hit	2	3243	3	2051446	1			0
Picture	13	other				2086958	2	2000	3	0	1920
Sound	51	other				2090787	2			3830
Sound	63	hit	2	3395	2	2098948	1			0
Picture	12	other				2134786	2	2000	4	0	1920
Sound	51	other				2139985	1			5200
Sound	62	hit	1	3289	3	2146779	2			0
Picture	204	other				2182282	2	2000	3	0	1920
Sound	64	hit	2	3850	4	2194281	2			0
Picture	11	other				2229944	1	2000	2	0	1920
Sound	51	other				2233453	2			3510
Sound	61	hit	1	3727	2	2241933	1			0
Picture	3	other				2277106	1	2000	2	0	1920
Sound	63	hit	2	4053	2	2289106	1			0
Picture	212	other				2324601	2	2000	3	0	1920
Sound	51	other				2329070	1			4470
Sound	62	hit	1	3171	3	2336578	1			0
Picture	1	other				2372430	1	2000	2	0	1920
Sound	61	hit	1	3904	3	2384409	2			0
Picture	2	other				2419425	2	2000	3	0	1920
Sound	62	hit	1	3336	3	2431402	2			0
Picture	1	other				2467087	2	2000	3	0	1920
Sound	61	hit	1	3819	3	2479084	1			0
Picture	204	other				2514915	2	2000	4	0	1920
Sound	64	hit	2	2936	2	2526915	1			0
Picture	103	other				2561911	1	2000	2	0	1920
Sound	63	hit	2	3127	3	2573908	2			0
Picture	4	other				2609240	1	1999	3	0	1920
Sound	64	hit	2	2721	3	2621231	1			0
Picture	204	other				2655568	2	2000	4	0	1920
Sound	64	hit	2	3403	2	2667566	1			0
Picture	101	other				2702897	1	2000	2	0	1920
Sound	61	hit	1	3138	2	2714888	1			0
Picture	4	other				2749726	1	2000	2	0	1920
Sound	64	hit	2	2790	2	2761702	1			0
Picture	214	other				2796388	1	2000	2	0	1920
Sound	51	other				2801017	2			4630
Sound	64	hit	2	3532	3	2808366	1			0
Picture	2	other				2843550	1	2000	2	0	1920
Sound	62	hit	1	3840	4	2855538	2			0
Picture	103	other				2889879	1	1999	3	0	1920
Sound	63	hit	2	3157	2	2901873	1			0
Picture	101	other				2937041	1	1999	3	0	1920
Sound	61	hit	1	2692	3	2949016	1			0
Picture	2	other				2983536	1	1999	3	0	1920
Sound	62	hit	1	3725	3	2995530	1			0
Picture	24	other				3030698	1	2000	2	0	1920
Sound	52	other				3037057	1			6360
Sound	64	hit	2	2974	2	3042673	1			0
Picture	123	other				3077526	2	2000	4	0	1920
Sound	52	other				3083365	1			5840
Sound	63	hit	2	3158	2	3089517	1			0
Picture	3	other				3125522	1	2000	2	0	1920
Sound	63	hit	2	2687	3	3137498	1			0
