Scenario - 17_March_2015
Logfile written - 03/22/2017 16:27:00

Subject	Trial	Event Type	Code	Time	TTime	Uncertainty	Duration	Uncertainty	ReqTime	ReqDur	Stim Type	Pair Index

yc25	1	Response	253	13859	23693	1
yc25	2	Picture	10	13997	0	1	20164	3	0	20000	other	0
yc25	3	Picture	10	34328	0	1	40162	3	0	40000	other	0
yc25	3	Response	251	49371	15043	2
yc25	4	Picture	10	74657	0	2	40163	3	0	40000	other	0
yc25	4	Response	252	87150	12493	2
yc25	5	Nothing	91	114822	0	1			0		other	0
yc25	6	Picture	204	144984	0	1	1999	3	0	1920	other	0
yc25	7	Sound	64	156963	0	1			0		hit	10
yc25	7	Response	252	160398	3435	2
yc25	8	Picture	222	191812	0	2	2000	3	0	1920	other	0
yc25	8	Sound	52	199211	7399	1			7400		other	0
yc25	9	Sound	62	203806	0	2			0		hit	14
yc25	9	Response	251	209630	5824	1
yc25	10	Picture	12	239141	0	1	2000	2	0	1920	other	0
yc25	10	Sound	51	243950	4809	2			4810		other	0
yc25	11	Sound	62	251129	0	1			0		hit	18
yc25	11	Response	251	254740	3611	1
yc25	12	Picture	204	287136	0	2	2000	3	0	1920	other	0
yc25	13	Sound	64	299110	0	1			0		hit	21
yc25	13	Response	252	302002	2892	1
yc25	14	Picture	22	333465	0	2	2000	3	0	1920	other	0
yc25	14	Sound	52	341574	8109	2			8110		other	0
yc25	15	Sound	62	345444	0	2			0		hit	25
yc25	15	Response	251	349157	3713	2
yc25	16	Picture	4	379960	0	2	2000	3	0	1920	other	0
yc25	17	Sound	64	391959	0	1			0		hit	28
yc25	17	Response	252	394902	2943	1
yc25	18	Picture	13	427956	0	1	1999	3	0	1920	other	0
yc25	18	Sound	51	433075	5119	2			5120		other	0
yc25	19	Sound	63	439940	0	1			0		hit	32
yc25	19	Response	252	443512	3572	1
yc25	20	Picture	103	474451	0	1	2000	2	0	1920	other	0
yc25	21	Sound	63	486424	0	1			0		hit	35
yc25	21	Response	252	489729	3305	1
yc25	22	Picture	3	521446	0	2	2000	3	0	1920	other	0
yc25	23	Sound	63	533417	0	1			0		hit	38
yc25	23	Response	252	536529	3112	1
yc25	24	Picture	2	569275	0	1	2000	2	0	1920	other	0
yc25	25	Sound	62	581248	0	2			0		hit	41
yc25	25	Response	251	586009	4761	1
yc25	26	Picture	101	615604	0	1	1999	3	0	1920	other	0
yc25	27	Sound	61	627583	0	1			0		hit	44
yc25	27	Response	251	631790	4207	1
yc25	28	Picture	1	662932	0	2	2000	3	0	1920	other	0
yc25	29	Sound	61	674906	0	1			0		hit	47
yc25	29	Response	251	678907	4001	2
yc25	30	Picture	3	710928	0	1	1999	3	0	1920	other	0
yc25	31	Sound	63	722916	0	2			0		hit	50
yc25	31	Response	252	726072	3156	1
yc25	32	Picture	1	757923	0	1	2000	2	0	1920	other	0
yc25	33	Sound	61	769910	0	1			0		hit	53
yc25	33	Response	251	774308	4398	2
yc25	34	Picture	3	804585	0	2	2000	3	0	1920	other	0
yc25	35	Sound	63	816574	0	1			0		hit	56
yc25	35	Response	252	819127	2553	1
yc25	36	Picture	214	852080	0	2	2000	3	0	1920	other	0
yc25	36	Sound	51	856629	4549	2			4550		other	0
yc25	37	Sound	64	864076	0	1			0		hit	60
yc25	37	Response	252	868306	4230	2
yc25	38	Picture	14	898242	0	2	2000	3	0	1920	other	0
yc25	38	Sound	51	903631	5389	2			5390		other	0
yc25	39	Sound	64	910231	0	1			0		hit	64
yc25	39	Response	252	914110	3879	2
yc25	40	Picture	202	945071	0	2	2000	3	0	1920	other	0
yc25	41	Sound	62	957044	0	2			0		hit	67
yc25	41	Response	251	960517	3473	2
yc25	42	Picture	4	992233	0	1	2000	2	0	1920	other	0
yc25	43	Sound	64	1004217	0	1			0		hit	70
yc25	43	Response	252	1007344	3127	1
yc25	44	Picture	101	1039395	0	1	2000	2	0	1920	other	0
yc25	45	Sound	61	1051390	0	1			0		hit	73
yc25	45	Response	251	1054801	3411	2
yc25	46	Picture	24	1085890	0	2	2000	4	0	1920	other	0
yc25	46	Sound	52	1091729	5839	2			5840		other	0
yc25	47	Sound	64	1097874	0	1			0		hit	77
yc25	47	Response	252	1101118	3244	1
yc25	48	Picture	103	1133386	0	1	2000	2	0	1920	other	0
yc25	49	Sound	63	1145376	0	1			0		hit	80
yc25	49	Response	252	1148835	3459	2
yc25	50	Picture	121	1180714	0	2	2000	4	0	1920	other	0
yc25	50	Sound	52	1189023	8309	2			8310		other	0
yc25	51	Sound	61	1192699	0	1			0		hit	84
yc25	51	Response	251	1197245	4546	1
yc25	52	Picture	103	1227043	0	2	2000	3	0	1920	other	0
yc25	53	Sound	63	1239033	0	2			0		hit	87
yc25	53	Response	252	1241758	2725	2
yc25	54	Picture	2	1273539	0	1	1999	3	0	1920	other	0
yc25	55	Sound	62	1285518	0	1			0		hit	90
yc25	55	Response	251	1288837	3319	2
yc25	56	Picture	111	1320034	0	1	2000	2	0	1920	other	0
yc25	56	Sound	51	1323073	3039	2			3040		other	0
yc25	57	Sound	61	1332032	0	1			0		hit	94
yc25	57	Response	251	1335512	3480	1
yc25	58	Picture	101	1366363	0	1	2000	2	0	1920	other	0
yc25	59	Sound	61	1378337	0	1			0		hit	97
yc25	59	Response	251	1382030	3693	1
yc25	60	Picture	103	1413191	0	2	2000	3	0	1920	other	0
yc25	61	Sound	63	1425180	0	2			0		hit	100
yc25	61	Response	252	1427418	2238	1
yc25	62	Picture	204	1461020	0	1	2000	2	0	1920	other	0
yc25	63	Sound	64	1473012	0	1			0		hit	103
yc25	63	Response	252	1476375	3363	1
yc25	64	Picture	4	1508182	0	1	2000	2	0	1920	other	0
yc25	65	Sound	64	1520155	0	1			0		hit	106
yc25	65	Response	252	1523301	3146	1
yc25	66	Picture	101	1554511	0	1	1999	3	0	1920	other	0
yc25	67	Sound	61	1566489	0	1			0		hit	109
yc25	67	Response	251	1569880	3391	2
yc25	68	Picture	202	1601673	0	1	1999	3	0	1920	other	0
yc25	69	Sound	62	1613662	0	1			0		hit	112
yc25	69	Response	251	1617038	3376	1
yc25	70	Picture	2	1648168	0	1	2000	2	0	1920	other	0
yc25	71	Sound	62	1660146	0	2			0		hit	115
yc25	71	Response	251	1664038	3892	2
yc25	72	Picture	113	1695830	0	1	2000	2	0	1920	other	0
yc25	72	Sound	51	1698699	2869	1			2870		other	0
yc25	73	Sound	63	1707828	0	1			0		hit	119
yc25	73	Response	252	1710065	2237	1
yc25	74	Picture	101	1743325	0	2	2000	3	0	1920	other	0
yc25	75	Sound	61	1755300	0	1			0		hit	122
yc25	75	Response	251	1758996	3696	1
yc25	76	Picture	204	1791487	0	2	2000	3	0	1920	other	0
yc25	77	Sound	64	1803461	0	1			0		hit	125
yc25	77	Response	252	1806776	3315	1
yc25	78	Picture	4	1837816	0	1	2000	2	0	1920	other	0
yc25	79	Sound	64	1849795	0	2			0		hit	128
yc25	79	Response	252	1852875	3080	1
yc25	80	Picture	103	1884145	0	1	1999	3	0	1920	other	0
yc25	81	Sound	63	1896130	0	1			0		hit	131
yc25	81	Response	252	1899025	2895	1
yc25	82	Picture	204	1930973	0	2	2000	4	0	1920	other	0
yc25	83	Sound	64	1942944	0	1			0		hit	134
yc25	83	Response	252	1946174	3230	1
yc25	84	Picture	202	1978802	0	2	2000	3	0	1920	other	0
yc25	85	Sound	62	1990775	0	1			0		hit	137
yc25	85	Response	251	1994669	3894	1
yc25	86	Picture	1	2025631	0	1	1999	3	0	1920	other	0
yc25	87	Sound	61	2037618	0	2			0		hit	140
yc25	87	Response	251	2041839	4221	1
yc25	88	Picture	2	2072959	0	2	2000	3	0	1920	other	0
yc25	89	Sound	62	2084941	0	1			0		hit	143
yc25	89	Response	251	2088331	3390	1
yc25	90	Picture	3	2120621	0	2	2000	3	0	1920	other	0
yc25	91	Sound	63	2132593	0	1			0		hit	146
yc25	91	Response	252	2135907	3314	1
yc25	92	Picture	1	2168450	0	1	2000	2	0	1920	other	0
yc25	93	Sound	61	2180424	0	1			0		hit	149
yc25	93	Response	251	2183739	3315	1
yc25	94	Picture	4	2215778	0	2	2000	4	0	1920	other	0
yc25	95	Sound	64	2227776	0	1			0		hit	152
yc25	95	Response	252	2230571	2795	2
yc25	96	Picture	3	2263607	0	2	2000	3	0	1920	other	0
yc25	97	Sound	63	2275578	0	1			0		hit	155
yc25	97	Response	252	2278351	2773	1
yc25	98	Picture	23	2310769	0	2	2000	3	0	1920	other	0
yc25	98	Sound	52	2317308	6539	2			6540		other	0
yc25	99	Sound	63	2322750	0	1			0		hit	159
yc25	99	Response	252	2326294	3544	1
yc25	100	Picture	3	2357098	0	1	2000	2	0	1920	other	0
yc25	101	Sound	63	2369085	0	1			0		hit	162
yc25	101	Response	252	2372147	3062	1
yc25	102	Picture	1	2403427	0	1	1999	3	0	1920	other	0
yc25	103	Sound	61	2415420	0	1			0		hit	165
yc25	103	Response	251	2419091	3671	1
yc25	104	Picture	103	2451089	0	1	1999	3	0	1920	other	0
yc25	105	Sound	63	2463071	0	2			0		hit	168
yc25	105	Response	252	2467443	4372	2
yc25	106	Picture	204	2497751	0	1	1999	3	0	1920	other	0
yc25	107	Sound	64	2509735	0	2			0		hit	171
yc25	107	Response	252	2513300	3565	1
yc25	108	Picture	202	2544913	0	1	1999	3	0	1920	other	0
yc25	109	Sound	62	2556908	0	1			0		hit	174
yc25	109	Response	251	2560372	3464	1
yc25	110	Picture	202	2592241	0	2	2000	4	0	1920	other	0
yc25	111	Sound	62	2604231	0	1			0		hit	177
yc25	111	Response	251	2607233	3002	1
yc25	112	Picture	2	2639736	0	2	2000	4	0	1920	other	0
yc25	113	Sound	62	2651732	0	2			0		hit	180
yc25	113	Response	251	2655285	3553	2
yc25	114	Picture	1	2687065	0	2	2000	3	0	1920	other	0
yc25	115	Sound	61	2699055	0	1			0		hit	183
yc25	115	Response	251	2703169	4114	1
yc25	116	Picture	224	2734727	0	2	2000	3	0	1920	other	0
yc25	116	Sound	52	2740346	5619	2			5620		other	0
yc25	117	Sound	64	2746707	0	1			0		hit	187
yc25	117	Response	252	2750251	3544	1
yc25	118	Picture	11	2781389	0	2	2000	3	0	1920	other	0
yc25	118	Sound	51	2786228	4839	1			4840		other	0
yc25	119	Sound	61	2793371	0	1			0		hit	191
yc25	119	Response	251	2797403	4032	2
yc25	120	Picture	202	2828385	0	2	1999	4	0	1920	other	0
yc25	121	Sound	62	2840364	0	1			0		hit	194
yc25	121	Response	251	2843630	3266	2
yc25	122	Picture	123	2875546	0	2	2000	4	0	1920	other	0
yc25	122	Sound	52	2883945	8399	1			8400		other	0
yc25	123	Sound	63	2887537	0	1			0		hit	198
yc25	123	Response	252	2891153	3616	1
yc25	124	Picture	21	2922542	0	1	2000	2	0	1920	other	0
yc25	124	Sound	52	2928541	5999	2			6000		other	0
yc25	125	Sound	61	2934530	0	1			0		hit	202
yc25	125	Response	251	2938407	3877	2
yc25	126	Picture	2	2969037	0	2	2000	3	0	1920	other	0
yc25	127	Sound	62	2981014	0	1			0		hit	205
yc25	127	Response	251	2984525	3511	1
yc25	128	Picture	101	3015699	0	2	2000	3	0	1920	other	0
yc25	129	Sound	61	3027678	0	1			0		hit	208
yc25	129	Response	251	3031641	3963	2
yc25	130	Picture	4	3063694	0	2	2000	4	0	1920	other	0
yc25	131	Sound	64	3075689	0	1			0		hit	211
yc25	131	Response	252	3078415	2726	1
yc25	132	Picture	212	3111523	0	2	2000	3	0	1920	other	0
yc25	132	Sound	51	3116372	4849	2			4850		other	0
yc25	133	Sound	62	3123520	0	2			0		hit	215
yc25	133	Response	251	3127264	3744	1
yc25	134	Response	253	3478797	319445	2


Event Type	Code	Type	Response	RT	RT Uncertainty	Time	Uncertainty	Duration	Uncertainty	ReqTime	ReqDur

Picture	10	other				13997	1	20164	3	0	20000
Picture	10	other				34328	1	40162	3	0	40000
Picture	10	other				74657	2	40163	3	0	40000
Nothing	91	other				114822	1			0
Picture	204	other				144984	1	1999	3	0	1920
Sound	64	hit	2	3435	3	156963	1			0
Picture	222	other				191812	2	2000	3	0	1920
Sound	52	other				199211	1			7400
Sound	62	hit	1	5824	3	203806	2			0
Picture	12	other				239141	1	2000	2	0	1920
Sound	51	other				243950	2			4810
Sound	62	hit	1	3611	2	251129	1			0
Picture	204	other				287136	2	2000	3	0	1920
Sound	64	hit	2	2892	2	299110	1			0
Picture	22	other				333465	2	2000	3	0	1920
Sound	52	other				341574	2			8110
Sound	62	hit	1	3713	4	345444	2			0
Picture	4	other				379960	2	2000	3	0	1920
Sound	64	hit	2	2943	2	391959	1			0
Picture	13	other				427956	1	1999	3	0	1920
Sound	51	other				433075	2			5120
Sound	63	hit	2	3572	2	439940	1			0
Picture	103	other				474451	1	2000	2	0	1920
Sound	63	hit	2	3305	2	486424	1			0
Picture	3	other				521446	2	2000	3	0	1920
Sound	63	hit	2	3112	2	533417	1			0
Picture	2	other				569275	1	2000	2	0	1920
Sound	62	hit	1	4761	3	581248	2			0
Picture	101	other				615604	1	1999	3	0	1920
Sound	61	hit	1	4207	2	627583	1			0
Picture	1	other				662932	2	2000	3	0	1920
Sound	61	hit	1	4001	3	674906	1			0
Picture	3	other				710928	1	1999	3	0	1920
Sound	63	hit	2	3156	3	722916	2			0
Picture	1	other				757923	1	2000	2	0	1920
Sound	61	hit	1	4398	3	769910	1			0
Picture	3	other				804585	2	2000	3	0	1920
Sound	63	hit	2	2553	2	816574	1			0
Picture	214	other				852080	2	2000	3	0	1920
Sound	51	other				856629	2			4550
Sound	64	hit	2	4230	3	864076	1			0
Picture	14	other				898242	2	2000	3	0	1920
Sound	51	other				903631	2			5390
Sound	64	hit	2	3879	3	910231	1			0
Picture	202	other				945071	2	2000	3	0	1920
Sound	62	hit	1	3473	4	957044	2			0
Picture	4	other				992233	1	2000	2	0	1920
Sound	64	hit	2	3127	2	1004217	1			0
Picture	101	other				1039395	1	2000	2	0	1920
Sound	61	hit	1	3411	3	1051390	1			0
Picture	24	other				1085890	2	2000	4	0	1920
Sound	52	other				1091729	2			5840
Sound	64	hit	2	3244	2	1097874	1			0
Picture	103	other				1133386	1	2000	2	0	1920
Sound	63	hit	2	3459	3	1145376	1			0
Picture	121	other				1180714	2	2000	4	0	1920
Sound	52	other				1189023	2			8310
Sound	61	hit	1	4546	2	1192699	1			0
Picture	103	other				1227043	2	2000	3	0	1920
Sound	63	hit	2	2725	4	1239033	2			0
Picture	2	other				1273539	1	1999	3	0	1920
Sound	62	hit	1	3319	3	1285518	1			0
Picture	111	other				1320034	1	2000	2	0	1920
Sound	51	other				1323073	2			3040
Sound	61	hit	1	3480	2	1332032	1			0
Picture	101	other				1366363	1	2000	2	0	1920
Sound	61	hit	1	3693	2	1378337	1			0
Picture	103	other				1413191	2	2000	3	0	1920
Sound	63	hit	2	2238	3	1425180	2			0
Picture	204	other				1461020	1	2000	2	0	1920
Sound	64	hit	2	3363	2	1473012	1			0
Picture	4	other				1508182	1	2000	2	0	1920
Sound	64	hit	2	3146	2	1520155	1			0
Picture	101	other				1554511	1	1999	3	0	1920
Sound	61	hit	1	3391	3	1566489	1			0
Picture	202	other				1601673	1	1999	3	0	1920
Sound	62	hit	1	3376	2	1613662	1			0
Picture	2	other				1648168	1	2000	2	0	1920
Sound	62	hit	1	3892	4	1660146	2			0
Picture	113	other				1695830	1	2000	2	0	1920
Sound	51	other				1698699	1			2870
Sound	63	hit	2	2237	2	1707828	1			0
Picture	101	other				1743325	2	2000	3	0	1920
Sound	61	hit	1	3696	2	1755300	1			0
Picture	204	other				1791487	2	2000	3	0	1920
Sound	64	hit	2	3315	2	1803461	1			0
Picture	4	other				1837816	1	2000	2	0	1920
Sound	64	hit	2	3080	3	1849795	2			0
Picture	103	other				1884145	1	1999	3	0	1920
Sound	63	hit	2	2895	2	1896130	1			0
Picture	204	other				1930973	2	2000	4	0	1920
Sound	64	hit	2	3230	2	1942944	1			0
Picture	202	other				1978802	2	2000	3	0	1920
Sound	62	hit	1	3894	2	1990775	1			0
Picture	1	other				2025631	1	1999	3	0	1920
Sound	61	hit	1	4221	3	2037618	2			0
Picture	2	other				2072959	2	2000	3	0	1920
Sound	62	hit	1	3390	2	2084941	1			0
Picture	3	other				2120621	2	2000	3	0	1920
Sound	63	hit	2	3314	2	2132593	1			0
Picture	1	other				2168450	1	2000	2	0	1920
Sound	61	hit	1	3315	2	2180424	1			0
Picture	4	other				2215778	2	2000	4	0	1920
Sound	64	hit	2	2795	3	2227776	1			0
Picture	3	other				2263607	2	2000	3	0	1920
Sound	63	hit	2	2773	2	2275578	1			0
Picture	23	other				2310769	2	2000	3	0	1920
Sound	52	other				2317308	2			6540
Sound	63	hit	2	3544	2	2322750	1			0
Picture	3	other				2357098	1	2000	2	0	1920
Sound	63	hit	2	3062	2	2369085	1			0
Picture	1	other				2403427	1	1999	3	0	1920
Sound	61	hit	1	3671	2	2415420	1			0
Picture	103	other				2451089	1	1999	3	0	1920
Sound	63	hit	2	4372	4	2463071	2			0
Picture	204	other				2497751	1	1999	3	0	1920
Sound	64	hit	2	3565	3	2509735	2			0
Picture	202	other				2544913	1	1999	3	0	1920
Sound	62	hit	1	3464	2	2556908	1			0
Picture	202	other				2592241	2	2000	4	0	1920
Sound	62	hit	1	3002	2	2604231	1			0
Picture	2	other				2639736	2	2000	4	0	1920
Sound	62	hit	1	3553	4	2651732	2			0
Picture	1	other				2687065	2	2000	3	0	1920
Sound	61	hit	1	4114	2	2699055	1			0
Picture	224	other				2734727	2	2000	3	0	1920
Sound	52	other				2740346	2			5620
Sound	64	hit	2	3544	2	2746707	1			0
Picture	11	other				2781389	2	2000	3	0	1920
Sound	51	other				2786228	1			4840
Sound	61	hit	1	4032	3	2793371	1			0
Picture	202	other				2828385	2	1999	4	0	1920
Sound	62	hit	1	3266	3	2840364	1			0
Picture	123	other				2875546	2	2000	4	0	1920
Sound	52	other				2883945	1			8400
Sound	63	hit	2	3616	2	2887537	1			0
Picture	21	other				2922542	1	2000	2	0	1920
Sound	52	other				2928541	2			6000
Sound	61	hit	1	3877	3	2934530	1			0
Picture	2	other				2969037	2	2000	3	0	1920
Sound	62	hit	1	3511	2	2981014	1			0
Picture	101	other				3015699	2	2000	3	0	1920
Sound	61	hit	1	3963	3	3027678	1			0
Picture	4	other				3063694	2	2000	4	0	1920
Sound	64	hit	2	2726	2	3075689	1			0
Picture	212	other				3111523	2	2000	3	0	1920
Sound	51	other				3116372	2			4850
Sound	62	hit	1	3744	3	3123520	2			0
