Scenario - 17_March_2015
Logfile written - 03/22/2017 16:09:52

Subject	Trial	Event Type	Code	Time	TTime	Uncertainty	Duration	Uncertainty	ReqTime	ReqDur	Stim Type	Pair Index

yc25	1	Response	253	28457	38291	1
yc25	2	Picture	10	28495	0	1	20165	2	0	20000	other	0
yc25	3	Picture	10	48827	0	1	40162	3	0	40000	other	0
yc25	3	Response	251	62694	13867	1
yc25	4	Picture	10	89156	0	1	40163	2	0	40000	other	0
yc25	4	Response	252	101745	12589	1
yc25	5	Nothing	91	129321	0	1			0		other	0
yc25	6	Picture	103	159482	0	2	2000	4	0	1920	other	0
yc25	7	Sound	63	171480	0	1			0		hit	10
yc25	7	Response	252	174896	3416	1
yc25	8	Picture	202	205811	0	1	2000	2	0	1920	other	0
yc25	9	Sound	62	217784	0	2			0		hit	13
yc25	9	Response	251	220892	3108	1
yc25	10	Picture	204	251973	0	2	2000	4	0	1920	other	0
yc25	11	Sound	64	263970	0	1			0		hit	16
yc25	11	Response	252	267498	3528	1
yc25	12	Picture	111	299802	0	1	1999	3	0	1920	other	0
yc25	12	Sound	51	304141	4339	2			4340		other	0
yc25	13	Sound	61	311801	0	1			0		incorrect	20
yc25	13	Response	252	314992	3191	1
yc25	14	Picture	222	347601	0	40	2029	41	0	1920	other	0
yc25	14	Sound	52	354400	6799	1			6800		other	0
yc25	15	Sound	62	359572	0	2			0		hit	24
yc25	15	Response	251	363876	4304	1
yc25	16	Picture	3	393959	0	2	2000	3	0	1920	other	0
yc25	17	Sound	63	405937	0	1			0		hit	27
yc25	17	Response	252	409045	3108	1
yc25	18	Picture	103	441121	0	2	2000	3	0	1920	other	0
yc25	19	Sound	63	453110	0	1			0		hit	30
yc25	19	Response	252	457408	4298	1
yc25	20	Picture	202	488283	0	2	2000	3	0	1920	other	0
yc25	21	Sound	62	500282	0	2			0		hit	33
yc25	21	Response	251	503519	3237	2
yc25	22	Picture	3	536112	0	2	1999	4	0	1920	other	0
yc25	23	Sound	63	548084	0	1			0		hit	36
yc25	23	Response	252	551465	3381	1
yc25	24	Picture	1	582440	0	2	2000	4	0	1920	other	0
yc25	25	Sound	61	594419	0	1			0		hit	39
yc25	25	Response	251	598046	3627	2
yc25	26	Picture	23	630102	0	2	2000	3	0	1920	other	0
yc25	26	Sound	52	638141	8039	1			8040		other	0
yc25	27	Sound	63	642100	0	1			0		hit	43
yc25	27	Response	252	645868	3768	1
yc25	28	Picture	12	677264	0	2	2000	3	0	1920	other	0
yc25	28	Sound	51	681873	4609	1			4610		other	0
yc25	29	Sound	62	689243	0	1			0		incorrect	47
yc25	29	Response	252	692391	3148	1
yc25	29	Response	251	693905	4662	1
yc25	30	Picture	4	724426	0	2	2000	3	0	1920	other	0
yc25	31	Sound	64	736416	0	1			0		hit	51
yc25	31	Response	252	740940	4524	1
yc25	32	Picture	1	771255	0	2	2000	3	0	1920	other	0
yc25	33	Sound	61	783229	0	2			0		hit	54
yc25	33	Response	251	786628	3399	2
yc25	34	Picture	2	818750	0	2	2000	4	0	1920	other	0
yc25	35	Sound	62	830731	0	2			0		hit	57
yc25	35	Response	251	835536	4805	1
yc25	36	Picture	202	865746	0	1	1999	3	0	1920	other	0
yc25	37	Sound	62	877725	0	1			0		hit	60
yc25	37	Response	251	881010	3285	2
yc25	38	Picture	11	913574	0	2	2000	4	0	1920	other	0
yc25	38	Sound	51	917723	4149	1			4150		other	0
yc25	39	Sound	61	925556	0	1			0		hit	64
yc25	39	Response	251	929234	3678	1
yc25	40	Picture	1	961403	0	1	2000	2	0	1920	other	0
yc25	41	Sound	61	973387	0	1			0		hit	67
yc25	41	Response	251	977157	3770	2
yc25	42	Picture	2	1008565	0	1	2000	2	0	1920	other	0
yc25	43	Sound	62	1020560	0	1			0		hit	70
yc25	43	Response	251	1024462	3902	2
yc25	44	Picture	24	1054727	0	2	2000	3	0	1920	other	0
yc25	44	Sound	52	1060966	6239	1			6240		other	0
yc25	45	Sound	64	1066715	0	1			0		hit	74
yc25	45	Response	252	1069877	3162	2
yc25	46	Picture	14	1101056	0	1	1999	3	0	1920	other	0
yc25	46	Sound	51	1103825	2769	2			2770		other	0
yc25	47	Sound	64	1113050	0	1			0		hit	78
yc25	47	Response	252	1116339	3289	1
yc25	48	Picture	4	1149051	0	1	2000	2	0	1920	other	0
yc25	49	Sound	64	1161031	0	1			0		hit	81
yc25	49	Response	252	1163704	2673	1
yc25	50	Picture	101	1195880	0	1	1999	3	0	1920	other	0
yc25	51	Sound	61	1207874	0	2			0		hit	84
yc25	51	Response	251	1210944	3070	2
yc25	52	Picture	204	1243708	0	2	2000	4	0	1920	other	0
yc25	53	Sound	64	1255706	0	1			0		hit	87
yc25	53	Response	252	1258397	2691	1
yc25	54	Picture	101	1291703	0	2	2000	4	0	1920	other	0
yc25	55	Sound	61	1303686	0	2			0		hit	90
yc25	55	Response	251	1306903	3217	1
yc25	56	Picture	1	1339032	0	2	2000	3	0	1920	other	0
yc25	57	Sound	61	1351009	0	1			0		hit	93
yc25	57	Response	251	1354435	3426	2
yc25	58	Picture	21	1385861	0	1	2000	2	0	1920	other	0
yc25	58	Sound	52	1393560	7699	1			7700		other	0
yc25	59	Sound	61	1397852	0	2			0		hit	97
yc25	59	Response	251	1401779	3927	1
yc25	60	Picture	113	1433689	0	2	2000	4	0	1920	other	0
yc25	60	Sound	51	1436278	2589	2			2590		other	0
yc25	61	Sound	63	1445684	0	1			0		hit	101
yc25	61	Response	252	1448457	2773	1
yc25	62	Picture	103	1480352	0	1	1999	3	0	1920	other	0
yc25	63	Sound	63	1492348	0	1			0		hit	104
yc25	63	Response	252	1495911	3563	1
yc25	64	Picture	204	1527347	0	1	2000	2	0	1920	other	0
yc25	65	Sound	64	1539341	0	1			0		hit	107
yc25	65	Response	252	1543256	3915	2
yc25	66	Picture	202	1574176	0	1	1999	3	0	1920	other	0
yc25	67	Sound	62	1586154	0	2			0		hit	110
yc25	67	Response	251	1590534	4380	2
yc25	68	Picture	4	1622004	0	2	2000	3	0	1920	other	0
yc25	69	Sound	64	1633986	0	1			0		hit	113
yc25	69	Response	252	1637044	3058	2
yc25	70	Picture	103	1669999	0	2	2000	4	0	1920	other	0
yc25	71	Sound	63	1681997	0	1			0		hit	116
yc25	71	Response	252	1686590	4593	1
yc25	72	Picture	4	1718161	0	2	2000	4	0	1920	other	0
yc25	73	Sound	64	1730157	0	1			0		hit	119
yc25	73	Response	252	1733242	3085	2
yc25	74	Picture	13	1765323	0	2	2000	4	0	1920	other	0
yc25	74	Sound	51	1770662	5339	1			5340		other	0
yc25	75	Sound	63	1777300	0	1			0		hit	123
yc25	75	Response	252	1780457	3157	2
yc25	76	Picture	123	1813152	0	2	2000	3	0	1920	other	0
yc25	76	Sound	52	1820631	7479	2			7480		other	0
yc25	77	Sound	63	1825131	0	2			0		hit	127
yc25	77	Response	252	1828391	3260	1
yc25	78	Picture	204	1859481	0	1	1999	3	0	1920	other	0
yc25	79	Sound	64	1871466	0	1			0		hit	130
yc25	79	Response	252	1874935	3469	1
yc25	80	Picture	22	1906143	0	1	1999	3	0	1920	other	0
yc25	80	Sound	52	1913152	7009	1			7010		other	0
yc25	81	Sound	62	1918130	0	1			0		hit	134
yc25	81	Response	251	1921211	3081	1
yc25	82	Picture	3	1953305	0	1	1999	3	0	1920	other	0
yc25	83	Sound	63	1965303	0	1			0		hit	137
yc25	83	Response	252	1968515	3212	2
yc25	84	Picture	3	2001300	0	1	2000	2	0	1920	other	0
yc25	85	Sound	63	2013284	0	1			0		hit	140
yc25	85	Response	252	2017026	3742	2
yc25	86	Picture	103	2048962	0	1	2000	2	0	1920	other	0
yc25	87	Sound	63	2060935	0	2			0		hit	143
yc25	87	Response	252	2063965	3030	1
yc25	88	Picture	4	2095957	0	2	2000	3	0	1920	other	0
yc25	89	Sound	64	2107929	0	1			0		hit	146
yc25	89	Response	252	2112188	4259	1
yc25	90	Picture	2	2142286	0	1	2000	2	0	1920	other	0
yc25	91	Sound	62	2154263	0	2			0		hit	149
yc25	91	Response	251	2158132	3869	1
yc25	92	Picture	202	2189448	0	2	2000	3	0	1920	other	0
yc25	93	Sound	62	2201436	0	1			0		hit	152
yc25	93	Response	251	2204675	3239	2
yc25	94	Picture	121	2235943	0	2	2000	4	0	1920	other	0
yc25	94	Sound	52	2241672	5729	1			5730		other	0
yc25	95	Sound	61	2247920	0	2			0		hit	156
yc25	95	Response	251	2252108	4188	1
yc25	96	Picture	101	2283605	0	2	2000	4	0	1920	other	0
yc25	97	Sound	61	2295602	0	1			0		hit	159
yc25	97	Response	251	2299622	4020	1
yc25	98	Picture	2	2330601	0	1	1920	84	0	1920	other	0
yc25	99	Sound	62	2342595	0	2			0		hit	162
yc25	99	Response	251	2346712	4117	1
yc25	100	Picture	212	2378763	0	1	1999	3	0	1920	other	0
yc25	100	Sound	51	2383792	5029	2			5030		other	0
yc25	101	Sound	62	2390756	0	1			0		hit	166
yc25	101	Response	251	2394329	3573	1
yc25	102	Picture	2	2425091	0	2	2000	3	0	1920	other	0
yc25	103	Sound	62	2437091	0	1			0		hit	169
yc25	103	Response	251	2440697	3606	2
yc25	104	Picture	4	2472087	0	1	2000	2	0	1920	other	0
yc25	105	Sound	64	2484084	0	1			0		hit	172
yc25	105	Response	252	2486958	2874	2
yc25	106	Picture	224	2520249	0	1	1999	3	0	1920	other	0
yc25	106	Sound	52	2526678	6429	2			6430		other	0
yc25	107	Sound	64	2532244	0	2			0		hit	176
yc25	107	Response	252	2535595	3351	1
yc25	108	Picture	2	2566744	0	1	2000	2	0	1920	other	0
yc25	109	Sound	62	2578729	0	1			0		hit	179
yc25	109	Response	251	2581974	3245	1
yc25	110	Picture	204	2614073	0	1	1999	3	0	1920	other	0
yc25	111	Sound	64	2626051	0	1			0		hit	182
yc25	111	Response	252	2628806	2755	2
yc25	112	Picture	101	2661567	0	2	2000	4	0	1920	other	0
yc25	113	Sound	61	2673553	0	1			0		hit	185
yc25	113	Response	251	2677003	3450	1
yc25	114	Picture	214	2709396	0	2	2000	4	0	1920	other	0
yc25	114	Sound	51	2712185	2789	2			2790		other	0
yc25	115	Sound	64	2721384	0	2			0		hit	189
yc25	115	Response	252	2725505	4121	1
yc25	116	Picture	202	2756059	0	1	1999	3	0	1920	other	0
yc25	117	Sound	62	2768048	0	2			0		hit	192
yc25	117	Response	251	2771660	3612	1
yc25	118	Picture	3	2803054	0	1	2000	2	0	1920	other	0
yc25	119	Sound	63	2815041	0	2			0		hit	195
yc25	119	Response	252	2817566	2525	2
yc25	120	Picture	1	2850382	0	2	2000	4	0	1920	other	0
yc25	121	Sound	61	2862364	0	1			0		hit	198
yc25	121	Response	251	2865703	3339	2
yc25	122	Picture	1	2897711	0	2	2000	3	0	1920	other	0
yc25	123	Sound	61	2909686	0	2			0		hit	201
yc25	123	Response	251	2913359	3673	1
yc25	124	Picture	3	2945040	0	1	2000	2	0	1920	other	0
yc25	125	Sound	63	2957039	0	1			0		hit	204
yc25	125	Response	252	2959674	2635	1
yc25	126	Picture	204	2991535	0	2	2000	3	0	1920	other	0
yc25	127	Sound	64	3003523	0	1			0		hit	207
yc25	127	Response	252	3006856	3333	1
yc25	128	Picture	101	3037697	0	2	2000	3	0	1920	other	0
yc25	129	Sound	61	3049678	0	1			0		hit	210
yc25	129	Response	251	3052909	3231	1
yc25	130	Picture	103	3083859	0	2	2000	4	0	1920	other	0
yc25	131	Sound	63	3095833	0	2			0		hit	213
yc25	131	Response	252	3098507	2674	1
yc25	132	Picture	101	3131855	0	1	1999	3	0	1920	other	0
yc25	133	Sound	61	3143844	0	1			0		hit	216
yc25	133	Response	251	3147250	3406	1
yc25	134	Response	253	3340120	161770	1


Event Type	Code	Type	Response	RT	RT Uncertainty	Time	Uncertainty	Duration	Uncertainty	ReqTime	ReqDur

Picture	10	other				28495	1	20165	2	0	20000
Picture	10	other				48827	1	40162	3	0	40000
Picture	10	other				89156	1	40163	2	0	40000
Nothing	91	other				129321	1			0
Picture	103	other				159482	2	2000	4	0	1920
Sound	63	hit	2	3416	2	171480	1			0
Picture	202	other				205811	1	2000	2	0	1920
Sound	62	hit	1	3108	3	217784	2			0
Picture	204	other				251973	2	2000	4	0	1920
Sound	64	hit	2	3528	2	263970	1			0
Picture	111	other				299802	1	1999	3	0	1920
Sound	51	other				304141	2			4340
Sound	61	incorrect	2	3191	2	311801	1			0
Picture	222	other				347601	40	2029	41	0	1920
Sound	52	other				354400	1			6800
Sound	62	hit	1	4304	3	359572	2			0
Picture	3	other				393959	2	2000	3	0	1920
Sound	63	hit	2	3108	2	405937	1			0
Picture	103	other				441121	2	2000	3	0	1920
Sound	63	hit	2	4298	2	453110	1			0
Picture	202	other				488283	2	2000	3	0	1920
Sound	62	hit	1	3237	4	500282	2			0
Picture	3	other				536112	2	1999	4	0	1920
Sound	63	hit	2	3381	2	548084	1			0
Picture	1	other				582440	2	2000	4	0	1920
Sound	61	hit	1	3627	3	594419	1			0
Picture	23	other				630102	2	2000	3	0	1920
Sound	52	other				638141	1			8040
Sound	63	hit	2	3768	2	642100	1			0
Picture	12	other				677264	2	2000	3	0	1920
Sound	51	other				681873	1			4610
Sound	62	incorrect	2	3148	2	689243	1			0
Picture	4	other				724426	2	2000	3	0	1920
Sound	64	hit	2	4524	2	736416	1			0
Picture	1	other				771255	2	2000	3	0	1920
Sound	61	hit	1	3399	4	783229	2			0
Picture	2	other				818750	2	2000	4	0	1920
Sound	62	hit	1	4805	3	830731	2			0
Picture	202	other				865746	1	1999	3	0	1920
Sound	62	hit	1	3285	3	877725	1			0
Picture	11	other				913574	2	2000	4	0	1920
Sound	51	other				917723	1			4150
Sound	61	hit	1	3678	2	925556	1			0
Picture	1	other				961403	1	2000	2	0	1920
Sound	61	hit	1	3770	3	973387	1			0
Picture	2	other				1008565	1	2000	2	0	1920
Sound	62	hit	1	3902	3	1020560	1			0
Picture	24	other				1054727	2	2000	3	0	1920
Sound	52	other				1060966	1			6240
Sound	64	hit	2	3162	3	1066715	1			0
Picture	14	other				1101056	1	1999	3	0	1920
Sound	51	other				1103825	2			2770
Sound	64	hit	2	3289	2	1113050	1			0
Picture	4	other				1149051	1	2000	2	0	1920
Sound	64	hit	2	2673	2	1161031	1			0
Picture	101	other				1195880	1	1999	3	0	1920
Sound	61	hit	1	3070	4	1207874	2			0
Picture	204	other				1243708	2	2000	4	0	1920
Sound	64	hit	2	2691	2	1255706	1			0
Picture	101	other				1291703	2	2000	4	0	1920
Sound	61	hit	1	3217	3	1303686	2			0
Picture	1	other				1339032	2	2000	3	0	1920
Sound	61	hit	1	3426	3	1351009	1			0
Picture	21	other				1385861	1	2000	2	0	1920
Sound	52	other				1393560	1			7700
Sound	61	hit	1	3927	3	1397852	2			0
Picture	113	other				1433689	2	2000	4	0	1920
Sound	51	other				1436278	2			2590
Sound	63	hit	2	2773	2	1445684	1			0
Picture	103	other				1480352	1	1999	3	0	1920
Sound	63	hit	2	3563	2	1492348	1			0
Picture	204	other				1527347	1	2000	2	0	1920
Sound	64	hit	2	3915	3	1539341	1			0
Picture	202	other				1574176	1	1999	3	0	1920
Sound	62	hit	1	4380	4	1586154	2			0
Picture	4	other				1622004	2	2000	3	0	1920
Sound	64	hit	2	3058	3	1633986	1			0
Picture	103	other				1669999	2	2000	4	0	1920
Sound	63	hit	2	4593	2	1681997	1			0
Picture	4	other				1718161	2	2000	4	0	1920
Sound	64	hit	2	3085	3	1730157	1			0
Picture	13	other				1765323	2	2000	4	0	1920
Sound	51	other				1770662	1			5340
Sound	63	hit	2	3157	3	1777300	1			0
Picture	123	other				1813152	2	2000	3	0	1920
Sound	52	other				1820631	2			7480
Sound	63	hit	2	3260	3	1825131	2			0
Picture	204	other				1859481	1	1999	3	0	1920
Sound	64	hit	2	3469	2	1871466	1			0
Picture	22	other				1906143	1	1999	3	0	1920
Sound	52	other				1913152	1			7010
Sound	62	hit	1	3081	2	1918130	1			0
Picture	3	other				1953305	1	1999	3	0	1920
Sound	63	hit	2	3212	3	1965303	1			0
Picture	3	other				2001300	1	2000	2	0	1920
Sound	63	hit	2	3742	3	2013284	1			0
Picture	103	other				2048962	1	2000	2	0	1920
Sound	63	hit	2	3030	3	2060935	2			0
Picture	4	other				2095957	2	2000	3	0	1920
Sound	64	hit	2	4259	2	2107929	1			0
Picture	2	other				2142286	1	2000	2	0	1920
Sound	62	hit	1	3869	3	2154263	2			0
Picture	202	other				2189448	2	2000	3	0	1920
Sound	62	hit	1	3239	3	2201436	1			0
Picture	121	other				2235943	2	2000	4	0	1920
Sound	52	other				2241672	1			5730
Sound	61	hit	1	4188	3	2247920	2			0
Picture	101	other				2283605	2	2000	4	0	1920
Sound	61	hit	1	4020	2	2295602	1			0
Picture	2	other				2330601	1	1920	84	0	1920
Sound	62	hit	1	4117	3	2342595	2			0
Picture	212	other				2378763	1	1999	3	0	1920
Sound	51	other				2383792	2			5030
Sound	62	hit	1	3573	2	2390756	1			0
Picture	2	other				2425091	2	2000	3	0	1920
Sound	62	hit	1	3606	3	2437091	1			0
Picture	4	other				2472087	1	2000	2	0	1920
Sound	64	hit	2	2874	3	2484084	1			0
Picture	224	other				2520249	1	1999	3	0	1920
Sound	52	other				2526678	2			6430
Sound	64	hit	2	3351	3	2532244	2			0
Picture	2	other				2566744	1	2000	2	0	1920
Sound	62	hit	1	3245	2	2578729	1			0
Picture	204	other				2614073	1	1999	3	0	1920
Sound	64	hit	2	2755	3	2626051	1			0
Picture	101	other				2661567	2	2000	4	0	1920
Sound	61	hit	1	3450	2	2673553	1			0
Picture	214	other				2709396	2	2000	4	0	1920
Sound	51	other				2712185	2			2790
Sound	64	hit	2	4121	3	2721384	2			0
Picture	202	other				2756059	1	1999	3	0	1920
Sound	62	hit	1	3612	3	2768048	2			0
Picture	3	other				2803054	1	2000	2	0	1920
Sound	63	hit	2	2525	4	2815041	2			0
Picture	1	other				2850382	2	2000	4	0	1920
Sound	61	hit	1	3339	3	2862364	1			0
Picture	1	other				2897711	2	2000	3	0	1920
Sound	61	hit	1	3673	3	2909686	2			0
Picture	3	other				2945040	1	2000	2	0	1920
Sound	63	hit	2	2635	2	2957039	1			0
Picture	204	other				2991535	2	2000	3	0	1920
Sound	64	hit	2	3333	2	3003523	1			0
Picture	101	other				3037697	2	2000	3	0	1920
Sound	61	hit	1	3231	2	3049678	1			0
Picture	103	other				3083859	2	2000	4	0	1920
Sound	63	hit	2	2674	3	3095833	2			0
Picture	101	other				3131855	1	1999	3	0	1920
Sound	61	hit	1	3406	2	3143844	1			0

The following output port codes were not sent because of a conflict on the port.
Port	Code	Time(ms)
1	90	2849.5
