Scenario - 17_March_2015
Logfile written - 03/22/2017 15:28:55

Subject	Trial	Event Type	Code	Time	TTime	Uncertainty	Duration	Uncertainty	ReqTime	ReqDur	Stim Type	Pair Index

yc25	1	Response	253	10964	20798	2
yc25	2	Picture	10	10997	0	1	20164	3	0	20000	other	0
yc25	3	Picture	10	31328	0	2	40163	3	0	40000	other	0
yc25	3	Response	251	46259	14931	1
yc25	4	Picture	10	71657	0	2	40163	4	0	40000	other	0
yc25	4	Response	252	83914	12257	1
yc25	5	Nothing	91	111822	0	1			0		other	0
yc25	6	Picture	1	141984	0	1	2000	2	0	1920	other	0
yc25	7	Sound	61	153969	0	2			0		hit	10
yc25	7	Response	251	158810	4841	1
yc25	8	Picture	123	189479	0	2	2000	3	0	1920	other	0
yc25	8	Sound	52	195278	5799	2			5800		other	0
yc25	9	Sound	63	201471	0	2			0		hit	14
yc25	9	Response	252	204411	2940	2
yc25	10	Picture	101	237308	0	1	1998	4	0	1920	other	0
yc25	11	Sound	61	249303	0	1			0		hit	17
yc25	11	Response	251	252732	3429	1
yc25	12	Picture	204	284470	0	1	1999	3	0	1920	other	0
yc25	13	Sound	64	296446	0	1			0		hit	20
yc25	13	Response	252	299666	3220	1
yc25	14	Picture	3	331465	0	2	2000	3	0	1920	other	0
yc25	15	Sound	63	343439	0	1			0		hit	23
yc25	15	Response	252	347821	4382	1
yc25	16	Picture	2	378294	0	2	1999	4	0	1920	other	0
yc25	17	Sound	62	390282	0	2			0		hit	26
yc25	17	Response	251	393844	3562	1
yc25	18	Picture	202	424623	0	1	1999	3	0	1920	other	0
yc25	19	Sound	62	436617	0	1			0		hit	29
yc25	19	Response	251	440099	3482	1
yc25	20	Picture	212	470785	0	1	2000	2	0	1920	other	0
yc25	20	Sound	51	476174	5389	2			5390		other	0
yc25	21	Sound	62	482772	0	1			0		hit	33
yc25	21	Response	251	486603	3831	2
yc25	22	Picture	21	518113	0	2	2000	3	0	1920	other	0
yc25	22	Sound	52	525232	7119	2			7120		other	0
yc25	23	Sound	61	530095	0	1			0		hit	37
yc25	23	Response	251	534948	4853	1
yc25	24	Picture	101	564609	0	1	1999	3	0	1920	other	0
yc25	25	Sound	61	576609	0	1			0		hit	40
yc25	25	Response	251	580502	3893	2
yc25	26	Picture	2	611771	0	1	1999	3	0	1920	other	0
yc25	27	Sound	62	623752	0	1			0		hit	43
yc25	27	Response	251	628260	4508	1
yc25	28	Picture	4	658266	0	2	2000	3	0	1920	other	0
yc25	29	Sound	64	670266	0	1			0		hit	46
yc25	29	Response	252	672861	2595	2
yc25	30	Picture	2	705261	0	2	2000	3	0	1920	other	0
yc25	31	Sound	62	717259	0	1			0		hit	49
yc25	31	Response	251	722775	5516	1
yc25	32	Picture	23	752923	0	2	2000	4	0	1920	other	0
yc25	32	Sound	52	758772	5849	2			5850		other	0
yc25	33	Sound	63	764911	0	1			0		hit	53
yc25	33	Response	252	768066	3155	1
yc25	34	Picture	4	800585	0	2	2000	4	0	1920	other	0
yc25	35	Sound	64	812562	0	2			0		hit	56
yc25	35	Response	252	815860	3298	1
yc25	36	Picture	113	847747	0	2	2000	3	0	1920	other	0
yc25	36	Sound	51	851126	3379	2			3380		other	0
yc25	37	Sound	63	859735	0	2			0		hit	60
yc25	37	Response	252	862478	2743	1
yc25	38	Picture	4	894576	0	1	2000	2	0	1920	other	0
yc25	39	Sound	64	906549	0	1			0		hit	63
yc25	39	Response	252	909697	3148	1
yc25	40	Picture	101	940738	0	1	1999	3	0	1920	other	0
yc25	41	Sound	61	952734	0	1			0		hit	66
yc25	41	Response	251	956490	3756	1
yc25	42	Picture	2	987400	0	2	2000	3	0	1920	other	0
yc25	43	Sound	62	999398	0	1			0		hit	69
yc25	43	Response	251	1003687	4289	2
yc25	44	Picture	103	1034729	0	1	2000	2	0	1920	other	0
yc25	45	Sound	63	1046720	0	2			0		hit	72
yc25	45	Response	252	1049652	2932	1
yc25	46	Picture	202	1081724	0	2	2000	3	0	1920	other	0
yc25	47	Sound	62	1093714	0	1			0		hit	75
yc25	47	Response	251	1097706	3992	1
yc25	48	Picture	101	1128720	0	1	1999	3	0	1920	other	0
yc25	49	Sound	61	1140707	0	1			0		hit	78
yc25	49	Response	251	1144793	4086	2
yc25	50	Picture	103	1176215	0	1	1999	3	0	1920	other	0
yc25	51	Sound	63	1188209	0	1			0		hit	81
yc25	51	Response	252	1191046	2837	1
yc25	52	Picture	24	1223376	0	2	2001	3	0	1920	other	0
yc25	52	Sound	52	1231525	8149	1			8150		other	0
yc25	53	Sound	64	1235352	0	1			0		hit	85
yc25	53	Response	252	1239572	4220	1
yc25	54	Picture	1	1269872	0	2	2000	3	0	1920	other	0
yc25	55	Sound	61	1281866	0	1			0		hit	88
yc25	55	Response	251	1285595	3729	2
yc25	56	Picture	202	1316534	0	2	2000	4	0	1920	other	0
yc25	57	Sound	62	1328530	0	1			0		hit	91
yc25	57	Response	251	1332457	3927	1
yc25	58	Picture	101	1364030	0	1	1999	3	0	1920	other	0
yc25	59	Sound	61	1376002	0	1			0		hit	94
yc25	59	Response	251	1380599	4597	2
yc25	60	Picture	204	1411191	0	2	2000	4	0	1920	other	0
yc25	61	Sound	64	1423175	0	1			0		hit	97
yc25	61	Response	252	1426403	3228	2
yc25	62	Picture	224	1458520	0	2	2000	3	0	1920	other	0
yc25	62	Sound	52	1466499	7979	1			7980		other	0
yc25	63	Sound	64	1470497	0	1			0		hit	101
yc25	63	Response	252	1474423	3926	1
yc25	64	Picture	103	1506015	0	2	2000	4	0	1920	other	0
yc25	65	Sound	63	1517999	0	1			0		hit	104
yc25	65	Response	252	1521428	3429	2
yc25	66	Picture	3	1553011	0	1	2000	2	0	1920	other	0
yc25	67	Sound	63	1564992	0	2			0		hit	107
yc25	67	Response	252	1568054	3062	1
yc25	68	Picture	1	1601006	0	2	2000	3	0	1920	other	0
yc25	69	Sound	61	1613003	0	2			0		hit	110
yc25	69	Response	251	1616899	3896	2
yc25	70	Picture	12	1648501	0	2	2000	3	0	1920	other	0
yc25	70	Sound	51	1652840	4339	1			4340		other	0
yc25	71	Sound	62	1660475	0	2			0		hit	114
yc25	71	Response	251	1665807	5332	2
yc25	72	Picture	4	1694830	0	2	2000	3	0	1920	other	0
yc25	73	Sound	64	1706810	0	1			0		hit	117
yc25	73	Response	252	1710342	3532	1
yc25	74	Picture	13	1741159	0	1	2000	2	0	1920	other	0
yc25	74	Sound	51	1744298	3139	2			3140		other	0
yc25	75	Sound	63	1753145	0	1			0		hit	121
yc25	75	Response	252	1757994	4849	1
yc25	76	Picture	204	1787821	0	1	2000	2	0	1920	other	0
yc25	77	Sound	64	1799809	0	1			0		hit	124
yc25	77	Response	252	1802839	3030	1
yc25	78	Picture	222	1835316	0	2	2000	3	0	1920	other	0
yc25	78	Sound	52	1841775	6459	2			6460		other	0
yc25	79	Sound	62	1847311	0	1			0		hit	128
yc25	79	Response	251	1850888	3577	1
yc25	80	Picture	3	1882145	0	1	2000	2	0	1920	other	0
yc25	81	Sound	63	1894124	0	1			0		hit	131
yc25	81	Response	252	1897755	3631	1
yc25	82	Picture	202	1929640	0	2	2000	3	0	1920	other	0
yc25	83	Sound	62	1941626	0	2			0		hit	134
yc25	83	Response	251	1946142	4516	1
yc25	84	Picture	204	1976135	0	2	2000	4	0	1920	other	0
yc25	85	Sound	64	1988111	0	1			0		hit	137
yc25	85	Response	252	1992893	4782	2
yc25	86	Picture	2	2022464	0	2	2000	4	0	1920	other	0
yc25	87	Sound	62	2034445	0	2			0		hit	140
yc25	87	Response	251	2038622	4177	2
yc25	88	Picture	121	2068626	0	2	2000	4	0	1920	other	0
yc25	88	Sound	52	2076865	8239	2			8240		other	0
yc25	89	Sound	61	2080600	0	2			0		incorrect	144
yc25	89	Response	252	2084233	3633	1
yc25	90	Picture	202	2116288	0	2	2000	4	0	1920	other	0
yc25	91	Sound	62	2128282	0	1			0		hit	147
yc25	91	Response	251	2133487	5205	1
yc25	92	Picture	1	2164117	0	1	2000	2	0	1920	other	0
yc25	93	Sound	61	2176113	0	2			0		hit	150
yc25	93	Response	251	2180876	4763	1
yc25	94	Picture	11	2211946	0	1	1999	3	0	1920	other	0
yc25	94	Sound	51	2216515	4569	2			4570		other	0
yc25	95	Sound	61	2223945	0	1			0		hit	154
yc25	95	Response	251	2228274	4329	1
yc25	96	Picture	3	2258774	0	2	2000	4	0	1920	other	0
yc25	97	Sound	63	2270758	0	1			0		hit	157
yc25	97	Response	252	2274317	3559	1
yc25	98	Picture	14	2306603	0	1	2000	2	0	1920	other	0
yc25	98	Sound	51	2310262	3659	2			3660		other	0
yc25	99	Sound	64	2318589	0	2			0		hit	161
yc25	99	Response	252	2324046	5457	1
yc25	100	Picture	4	2352765	0	1	2000	2	0	1920	other	0
yc25	101	Sound	64	2364745	0	1			0		hit	164
yc25	101	Response	252	2368238	3493	1
yc25	102	Picture	204	2400760	0	2	2000	3	0	1920	other	0
yc25	103	Sound	64	2412755	0	2			0		hit	167
yc25	103	Response	252	2416343	3588	1
yc25	104	Picture	214	2448255	0	2	2000	4	0	1920	other	0
yc25	104	Sound	51	2452414	4159	2			4160		other	0
yc25	105	Sound	64	2460227	0	2			0		hit	171
yc25	105	Response	252	2463664	3437	1
yc25	106	Picture	22	2494917	0	2	2000	4	0	1920	other	0
yc25	106	Sound	52	2501796	6879	2			6880		other	0
yc25	107	Sound	62	2506892	0	1			0		hit	175
yc25	107	Response	251	2510512	3620	2
yc25	108	Picture	3	2542246	0	1	2000	2	0	1920	other	0
yc25	109	Sound	63	2554244	0	1			0		hit	178
yc25	109	Response	252	2558092	3848	1
yc25	110	Picture	1	2589741	0	2	2000	4	0	1920	other	0
yc25	111	Sound	61	2601716	0	1			0		hit	181
yc25	111	Response	251	2606226	4510	1
yc25	112	Picture	101	2636070	0	2	2000	3	0	1920	other	0
yc25	113	Sound	61	2648051	0	1			0		hit	184
yc25	113	Response	251	2651986	3935	1
yc25	114	Picture	111	2683565	0	2	2000	4	0	1920	other	0
yc25	114	Sound	51	2686164	2599	1			2600		other	0
yc25	115	Sound	61	2695553	0	1			0		hit	188
yc25	115	Response	251	2698878	3325	2
yc25	116	Picture	204	2731227	0	2	2000	3	0	1920	other	0
yc25	117	Sound	64	2743204	0	2			0		hit	191
yc25	117	Response	252	2747223	4019	2
yc25	118	Picture	1	2777723	0	1	1999	3	0	1920	other	0
yc25	119	Sound	61	2789719	0	1			0		hit	194
yc25	119	Response	251	2793567	3848	1
yc25	120	Picture	4	2824885	0	2	1999	4	0	1920	other	0
yc25	121	Sound	64	2836862	0	1			0		hit	197
yc25	121	Response	252	2840335	3473	2
yc25	122	Picture	103	2871880	0	2	2000	3	0	1920	other	0
yc25	123	Sound	63	2883855	0	1			0		hit	200
yc25	123	Response	252	2889966	6111	1
yc25	124	Picture	103	2919875	0	2	2000	4	0	1920	other	0
yc25	125	Sound	63	2931866	0	1			0		hit	203
yc25	125	Response	252	2934498	2632	2
yc25	126	Picture	3	2967704	0	1	2000	2	0	1920	other	0
yc25	127	Sound	63	2979697	0	1			0		hit	206
yc25	127	Response	252	2982751	3054	2
yc25	128	Picture	2	3015366	0	1	2000	2	0	1920	other	0
yc25	129	Sound	62	3027349	0	1			0		hit	209
yc25	129	Response	251	3031502	4153	1
yc25	130	Picture	103	3063528	0	1	1999	3	0	1920	other	0
yc25	131	Sound	63	3075509	0	1			0		hit	212
yc25	131	Response	252	3078421	2912	1
yc25	132	Picture	202	3111523	0	1	2000	2	0	1920	other	0
yc25	133	Sound	62	3123520	0	1			0		hit	215
yc25	133	Response	251	3126854	3334	1
yc25	134	Response	253	3551821	392636	1


Event Type	Code	Type	Response	RT	RT Uncertainty	Time	Uncertainty	Duration	Uncertainty	ReqTime	ReqDur

Picture	10	other				10997	1	20164	3	0	20000
Picture	10	other				31328	2	40163	3	0	40000
Picture	10	other				71657	2	40163	4	0	40000
Nothing	91	other				111822	1			0
Picture	1	other				141984	1	2000	2	0	1920
Sound	61	hit	1	4841	3	153969	2			0
Picture	123	other				189479	2	2000	3	0	1920
Sound	52	other				195278	2			5800
Sound	63	hit	2	2940	4	201471	2			0
Picture	101	other				237308	1	1998	4	0	1920
Sound	61	hit	1	3429	2	249303	1			0
Picture	204	other				284470	1	1999	3	0	1920
Sound	64	hit	2	3220	2	296446	1			0
Picture	3	other				331465	2	2000	3	0	1920
Sound	63	hit	2	4382	2	343439	1			0
Picture	2	other				378294	2	1999	4	0	1920
Sound	62	hit	1	3562	3	390282	2			0
Picture	202	other				424623	1	1999	3	0	1920
Sound	62	hit	1	3482	2	436617	1			0
Picture	212	other				470785	1	2000	2	0	1920
Sound	51	other				476174	2			5390
Sound	62	hit	1	3831	3	482772	1			0
Picture	21	other				518113	2	2000	3	0	1920
Sound	52	other				525232	2			7120
Sound	61	hit	1	4853	2	530095	1			0
Picture	101	other				564609	1	1999	3	0	1920
Sound	61	hit	1	3893	3	576609	1			0
Picture	2	other				611771	1	1999	3	0	1920
Sound	62	hit	1	4508	2	623752	1			0
Picture	4	other				658266	2	2000	3	0	1920
Sound	64	hit	2	2595	3	670266	1			0
Picture	2	other				705261	2	2000	3	0	1920
Sound	62	hit	1	5516	2	717259	1			0
Picture	23	other				752923	2	2000	4	0	1920
Sound	52	other				758772	2			5850
Sound	63	hit	2	3155	2	764911	1			0
Picture	4	other				800585	2	2000	4	0	1920
Sound	64	hit	2	3298	3	812562	2			0
Picture	113	other				847747	2	2000	3	0	1920
Sound	51	other				851126	2			3380
Sound	63	hit	2	2743	3	859735	2			0
Picture	4	other				894576	1	2000	2	0	1920
Sound	64	hit	2	3148	2	906549	1			0
Picture	101	other				940738	1	1999	3	0	1920
Sound	61	hit	1	3756	2	952734	1			0
Picture	2	other				987400	2	2000	3	0	1920
Sound	62	hit	1	4289	3	999398	1			0
Picture	103	other				1034729	1	2000	2	0	1920
Sound	63	hit	2	2932	3	1046720	2			0
Picture	202	other				1081724	2	2000	3	0	1920
Sound	62	hit	1	3992	2	1093714	1			0
Picture	101	other				1128720	1	1999	3	0	1920
Sound	61	hit	1	4086	3	1140707	1			0
Picture	103	other				1176215	1	1999	3	0	1920
Sound	63	hit	2	2837	2	1188209	1			0
Picture	24	other				1223376	2	2001	3	0	1920
Sound	52	other				1231525	1			8150
Sound	64	hit	2	4220	2	1235352	1			0
Picture	1	other				1269872	2	2000	3	0	1920
Sound	61	hit	1	3729	3	1281866	1			0
Picture	202	other				1316534	2	2000	4	0	1920
Sound	62	hit	1	3927	2	1328530	1			0
Picture	101	other				1364030	1	1999	3	0	1920
Sound	61	hit	1	4597	3	1376002	1			0
Picture	204	other				1411191	2	2000	4	0	1920
Sound	64	hit	2	3228	3	1423175	1			0
Picture	224	other				1458520	2	2000	3	0	1920
Sound	52	other				1466499	1			7980
Sound	64	hit	2	3926	2	1470497	1			0
Picture	103	other				1506015	2	2000	4	0	1920
Sound	63	hit	2	3429	3	1517999	1			0
Picture	3	other				1553011	1	2000	2	0	1920
Sound	63	hit	2	3062	3	1564992	2			0
Picture	1	other				1601006	2	2000	3	0	1920
Sound	61	hit	1	3896	4	1613003	2			0
Picture	12	other				1648501	2	2000	3	0	1920
Sound	51	other				1652840	1			4340
Sound	62	hit	1	5332	4	1660475	2			0
Picture	4	other				1694830	2	2000	3	0	1920
Sound	64	hit	2	3532	2	1706810	1			0
Picture	13	other				1741159	1	2000	2	0	1920
Sound	51	other				1744298	2			3140
Sound	63	hit	2	4849	2	1753145	1			0
Picture	204	other				1787821	1	2000	2	0	1920
Sound	64	hit	2	3030	2	1799809	1			0
Picture	222	other				1835316	2	2000	3	0	1920
Sound	52	other				1841775	2			6460
Sound	62	hit	1	3577	2	1847311	1			0
Picture	3	other				1882145	1	2000	2	0	1920
Sound	63	hit	2	3631	2	1894124	1			0
Picture	202	other				1929640	2	2000	3	0	1920
Sound	62	hit	1	4516	3	1941626	2			0
Picture	204	other				1976135	2	2000	4	0	1920
Sound	64	hit	2	4782	3	1988111	1			0
Picture	2	other				2022464	2	2000	4	0	1920
Sound	62	hit	1	4177	4	2034445	2			0
Picture	121	other				2068626	2	2000	4	0	1920
Sound	52	other				2076865	2			8240
Sound	61	incorrect	2	3633	3	2080600	2			0
Picture	202	other				2116288	2	2000	4	0	1920
Sound	62	hit	1	5205	2	2128282	1			0
Picture	1	other				2164117	1	2000	2	0	1920
Sound	61	hit	1	4763	3	2176113	2			0
Picture	11	other				2211946	1	1999	3	0	1920
Sound	51	other				2216515	2			4570
Sound	61	hit	1	4329	2	2223945	1			0
Picture	3	other				2258774	2	2000	4	0	1920
Sound	63	hit	2	3559	2	2270758	1			0
Picture	14	other				2306603	1	2000	2	0	1920
Sound	51	other				2310262	2			3660
Sound	64	hit	2	5457	3	2318589	2			0
Picture	4	other				2352765	1	2000	2	0	1920
Sound	64	hit	2	3493	2	2364745	1			0
Picture	204	other				2400760	2	2000	3	0	1920
Sound	64	hit	2	3588	3	2412755	2			0
Picture	214	other				2448255	2	2000	4	0	1920
Sound	51	other				2452414	2			4160
Sound	64	hit	2	3437	3	2460227	2			0
Picture	22	other				2494917	2	2000	4	0	1920
Sound	52	other				2501796	2			6880
Sound	62	hit	1	3620	3	2506892	1			0
Picture	3	other				2542246	1	2000	2	0	1920
Sound	63	hit	2	3848	2	2554244	1			0
Picture	1	other				2589741	2	2000	4	0	1920
Sound	61	hit	1	4510	2	2601716	1			0
Picture	101	other				2636070	2	2000	3	0	1920
Sound	61	hit	1	3935	2	2648051	1			0
Picture	111	other				2683565	2	2000	4	0	1920
Sound	51	other				2686164	1			2600
Sound	61	hit	1	3325	3	2695553	1			0
Picture	204	other				2731227	2	2000	3	0	1920
Sound	64	hit	2	4019	4	2743204	2			0
Picture	1	other				2777723	1	1999	3	0	1920
Sound	61	hit	1	3848	2	2789719	1			0
Picture	4	other				2824885	2	1999	4	0	1920
Sound	64	hit	2	3473	3	2836862	1			0
Picture	103	other				2871880	2	2000	3	0	1920
Sound	63	hit	2	6111	2	2883855	1			0
Picture	103	other				2919875	2	2000	4	0	1920
Sound	63	hit	2	2632	3	2931866	1			0
Picture	3	other				2967704	1	2000	2	0	1920
Sound	63	hit	2	3054	3	2979697	1			0
Picture	2	other				3015366	1	2000	2	0	1920
Sound	62	hit	1	4153	2	3027349	1			0
Picture	103	other				3063528	1	1999	3	0	1920
Sound	63	hit	2	2912	2	3075509	1			0
Picture	202	other				3111523	1	2000	2	0	1920
Sound	62	hit	1	3334	2	3123520	1			0

The following output port codes were not sent because of a conflict on the port.
Port	Code	Time(ms)
1	90	1099.7
