Scenario - 17_March_2015
Logfile written - 04/07/2017 15:54:50

Subject	Trial	Event Type	Code	Time	TTime	Uncertainty	Duration	Uncertainty	ReqTime	ReqDur	Stim Type	Pair Index

bilan	1	Response	253	22103	31936	1
bilan	2	Picture	10	22162	0	2	20165	4	0	20000	other	0
bilan	3	Picture	10	42494	0	1	40163	2	0	40000	other	0
bilan	3	Response	251	65424	22930	1
bilan	4	Picture	10	82823	0	2	40163	3	0	40000	other	0
bilan	4	Response	252	98071	15248	2
bilan	5	Nothing	91	122988	0	1			0		other	0
bilan	6	Picture	2	153150	0	1	1999	3	0	1920	other	0
bilan	7	Sound	62	165133	0	2			0		hit	10
bilan	7	Response	251	171480	6347	2
bilan	8	Picture	101	200145	0	1	2000	2	0	1920	other	0
bilan	9	Sound	61	212126	0	2			0		incorrect	13
bilan	9	Response	252	226238	14112	1
bilan	10	Picture	123	246640	0	2	2000	4	0	1920	other	0
bilan	10	Sound	52	253700	7060	1			7060		other	0
bilan	11	Sound	63	258611	0	1			0		hit	17
bilan	11	Response	252	265680	7069	1
bilan	12	Picture	101	292802	0	2	2000	4	0	1920	other	0
bilan	13	Sound	61	304796	0	1			0		hit	20
bilan	13	Response	251	313565	8769	1
bilan	14	Picture	103	340131	0	2	2000	3	0	1920	other	0
bilan	15	Sound	63	352118	0	2			0		hit	23
bilan	15	Response	252	357630	5512	2
bilan	16	Picture	4	387960	0	1	1999	3	0	1920	other	0
bilan	17	Sound	64	399950	0	1			0		incorrect	26
bilan	17	Response	251	415916	15966	1
bilan	18	Picture	11	435121	0	2	2000	4	0	1920	other	0
bilan	18	Sound	51	437830	2709	1			2710		other	0
bilan	19	Sound	61	447092	0	2			0		hit	30
bilan	19	Response	251	453867	6775	2
bilan	20	Picture	22	481450	0	2	2000	3	0	1920	other	0
bilan	20	Sound	52	489009	7559	2			7560		other	0
bilan	21	Sound	62	493427	0	1			0		hit	34
bilan	21	Response	251	501891	8464	1
bilan	22	Picture	1	529279	0	2	2000	3	0	1920	other	0
bilan	23	Sound	61	541258	0	2			0		hit	37
bilan	23	Response	251	546654	5396	1
bilan	24	Picture	2	575941	0	2	2000	3	0	1920	other	0
bilan	25	Sound	62	587922	0	1			0		hit	40
bilan	25	Response	251	593306	5384	2
bilan	26	Picture	204	622270	0	1	2000	2	0	1920	other	0
bilan	27	Sound	64	634257	0	1			0		hit	43
bilan	27	Response	252	648515	14258	1
bilan	28	Picture	4	669432	0	1	1999	3	0	1920	other	0
bilan	29	Sound	64	681430	0	1			0		hit	46
bilan	29	Response	252	687538	6108	2
bilan	30	Picture	111	717427	0	2	2000	3	0	1920	other	0
bilan	30	Sound	51	720946	3519	1			3520		other	0
bilan	31	Sound	61	729411	0	1			0		hit	50
bilan	31	Response	251	734474	5063	1
bilan	32	Picture	3	764256	0	1	2000	2	0	1920	other	0
bilan	33	Sound	63	776254	0	1			0		hit	53
bilan	33	Response	252	785112	8858	1
bilan	34	Picture	24	810751	0	2	2000	3	0	1920	other	0
bilan	34	Sound	52	818050	7299	1			7300		other	0
bilan	35	Sound	64	822739	0	1			0		incorrect	57
bilan	35	Response	251	833321	10582	1
bilan	36	Picture	1	857247	0	1	1999	3	0	1920	other	0
bilan	37	Sound	61	869223	0	1			0		hit	60
bilan	37	Response	251	875740	6517	1
bilan	38	Picture	3	904742	0	1	2000	2	0	1920	other	0
bilan	39	Sound	63	916725	0	1			0		hit	63
bilan	39	Response	252	925330	8605	1
bilan	40	Picture	202	951737	0	2	2000	3	0	1920	other	0
bilan	41	Sound	62	963718	0	1			0		hit	66
bilan	41	Response	251	968882	5164	2
bilan	42	Picture	2	998899	0	2	2000	3	0	1920	other	0
bilan	43	Sound	62	1010891	0	1			0		hit	69
bilan	43	Response	251	1016259	5368	2
bilan	44	Picture	4	1046561	0	1	2000	2	0	1920	other	0
bilan	45	Sound	64	1058542	0	2			0		hit	72
bilan	45	Response	252	1066828	8286	1
bilan	46	Picture	3	1093390	0	1	2000	3	0	1920	other	0
bilan	47	Sound	63	1105386	0	1			0		hit	75
bilan	47	Response	252	1113164	7778	1
bilan	48	Picture	204	1141218	0	2	2000	4	0	1920	other	0
bilan	49	Sound	64	1153217	0	2			0		incorrect	78
bilan	49	Response	251	1166632	13415	1
bilan	50	Picture	13	1189380	0	2	2000	3	0	1920	other	0
bilan	50	Sound	51	1192379	2999	2			3000		other	0
bilan	51	Sound	63	1201378	0	1			0		hit	82
bilan	51	Response	252	1208829	7451	1
bilan	52	Picture	3	1235542	0	2	2000	4	0	1920	other	0
bilan	53	Sound	63	1247533	0	1			0		hit	85
bilan	53	Response	252	1254357	6824	1
bilan	54	Picture	204	1283204	0	2	2000	3	0	1920	other	0
bilan	55	Sound	64	1295185	0	1			0		hit	88
bilan	55	Response	252	1304270	9085	1
bilan	56	Picture	1	1330366	0	2	2000	3	0	1920	other	0
bilan	57	Sound	61	1342357	0	2			0		hit	91
bilan	57	Response	251	1347797	5440	1
bilan	57	Response	251	1349826	7469	1
bilan	58	Picture	1	1377362	0	1	2000	2	0	1920	other	0
bilan	59	Sound	61	1389351	0	1			0		hit	95
bilan	59	Response	251	1396571	7220	2
bilan	60	Picture	103	1424190	0	2	2000	4	0	1920	other	0
bilan	61	Sound	63	1436164	0	1			0		hit	98
bilan	61	Response	252	1441721	5557	2
bilan	62	Picture	2	1471019	0	2	2000	3	0	1920	other	0
bilan	63	Sound	62	1483008	0	1			0		hit	101
bilan	63	Response	251	1489708	6700	1
bilan	64	Picture	103	1518514	0	2	2000	4	0	1920	other	0
bilan	65	Sound	63	1530510	0	1			0		hit	104
bilan	65	Response	252	1536963	6453	1
bilan	66	Picture	4	1564843	0	2	2000	3	0	1920	other	0
bilan	67	Sound	64	1576815	0	1			0		hit	107
bilan	67	Response	252	1583022	6207	2
bilan	68	Picture	113	1612005	0	2	2000	3	0	1920	other	0
bilan	68	Sound	51	1617124	5119	1			5120		other	0
bilan	69	Sound	63	1623987	0	1			0		hit	111
bilan	69	Response	252	1632460	8473	2
bilan	70	Picture	103	1658167	0	2	2000	3	0	1920	other	0
bilan	71	Sound	63	1670142	0	2			0		hit	114
bilan	71	Response	252	1676068	5926	2
bilan	72	Picture	204	1704996	0	1	2000	2	0	1920	other	0
bilan	73	Sound	64	1716986	0	1			0		hit	117
bilan	73	Response	252	1722490	5504	1
bilan	74	Picture	202	1752158	0	1	2000	2	0	1920	other	0
bilan	75	Sound	62	1764129	0	1			0		hit	120
bilan	75	Response	251	1770144	6015	1
bilan	76	Picture	224	1799653	0	2	2000	3	0	1920	other	0
bilan	76	Sound	52	1805942	6289	1			6290		other	0
bilan	77	Sound	64	1811631	0	1			0		hit	124
bilan	77	Response	252	1817897	6266	2
bilan	78	Picture	1	1846482	0	1	2000	2	0	1920	other	0
bilan	79	Sound	61	1858474	0	1			0		hit	127
bilan	79	Response	251	1866912	8438	2
bilan	80	Picture	23	1893144	0	1	2000	2	0	1920	other	0
bilan	80	Sound	52	1901093	7949	2			7950		other	0
bilan	81	Sound	63	1905138	0	1			0		hit	131
bilan	81	Response	252	1911343	6205	1
bilan	82	Picture	103	1939973	0	1	1999	3	0	1920	other	0
bilan	83	Sound	63	1951952	0	1			0		hit	134
bilan	83	Response	252	1959878	7926	2
bilan	84	Picture	212	1986968	0	1	2000	2	0	1920	other	0
bilan	84	Sound	51	1991947	4979	2			4980		other	0
bilan	85	Sound	62	1998945	0	1			0		hit	138
bilan	85	Response	251	2004060	5115	2
bilan	86	Picture	204	2034797	0	1	1999	3	0	1920	other	0
bilan	87	Sound	64	2046776	0	1			0		hit	141
bilan	87	Response	252	2053190	6414	2
bilan	88	Picture	101	2082458	0	2	2000	4	0	1920	other	0
bilan	89	Sound	61	2094458	0	1			0		hit	144
bilan	89	Response	251	2104867	10409	1
bilan	90	Picture	101	2130287	0	2	2000	3	0	1920	other	0
bilan	91	Sound	61	2142259	0	1			0		hit	147
bilan	91	Response	251	2154711	12452	1
bilan	92	Picture	4	2178282	0	2	2000	4	0	1920	other	0
bilan	93	Sound	64	2190270	0	1			0		hit	150
bilan	93	Response	252	2196142	5872	1
bilan	94	Picture	202	2226111	0	1	2000	2	0	1920	other	0
bilan	95	Sound	62	2238101	0	2			0		hit	153
bilan	95	Response	251	2245015	6914	1
bilan	96	Picture	222	2272939	0	2	2000	4	0	1920	other	0
bilan	96	Sound	52	2281068	8129	2			8130		other	0
bilan	97	Sound	62	2284915	0	1			0		hit	157
bilan	97	Response	251	2292783	7868	1
bilan	98	Picture	121	2320102	0	1	2000	2	0	1920	other	0
bilan	98	Sound	52	2327841	7739	2			7740		other	0
bilan	99	Sound	61	2332088	0	1			0		hit	161
bilan	99	Response	251	2342662	10574	1
bilan	100	Picture	1	2367263	0	2	2000	4	0	1920	other	0
bilan	101	Sound	61	2379260	0	2			0		hit	164
bilan	101	Response	251	2384668	5408	1
bilan	102	Picture	101	2413426	0	1	2000	2	0	1920	other	0
bilan	103	Sound	61	2425416	0	1			0		hit	167
bilan	103	Response	251	2430927	5511	1
bilan	104	Picture	2	2461421	0	1	2000	2	0	1920	other	0
bilan	105	Sound	62	2473396	0	2			0		hit	170
bilan	105	Response	251	2479109	5713	1
bilan	106	Picture	202	2508416	0	2	2000	3	0	1920	other	0
bilan	107	Sound	62	2520390	0	1			0		hit	173
bilan	107	Response	251	2524978	4588	2
bilan	108	Picture	14	2554912	0	1	2000	2	0	1920	other	0
bilan	108	Sound	51	2558631	3719	2			3720		other	0
bilan	109	Sound	64	2566904	0	1			0		hit	177
bilan	109	Response	252	2571963	5059	1
bilan	110	Picture	202	2601074	0	1	2000	2	0	1920	other	0
bilan	111	Sound	62	2613059	0	1			0		hit	180
bilan	111	Response	251	2631540	18481	2
bilan	112	Picture	3	2647736	0	1	1999	3	0	1920	other	0
bilan	113	Sound	63	2659723	0	1			0		hit	183
bilan	113	Response	252	2668164	8441	1
bilan	114	Picture	2	2694731	0	2	2000	3	0	1920	other	0
bilan	115	Sound	62	2706716	0	1			0		hit	186
bilan	115	Response	251	2712359	5643	1
bilan	116	Picture	103	2741227	0	1	1999	3	0	1920	other	0
bilan	117	Sound	63	2753200	0	2			0		hit	189
bilan	117	Response	252	2757643	4443	1
bilan	118	Picture	214	2789222	0	1	1999	3	0	1920	other	0
bilan	118	Sound	51	2792621	3399	2			3400		other	0
bilan	119	Sound	64	2801211	0	2			0		hit	193
bilan	119	Response	252	2805712	4501	2
bilan	120	Picture	101	2835550	0	2	2000	4	0	1920	other	0
bilan	121	Sound	61	2847546	0	1			0		hit	196
bilan	121	Response	251	2853868	6322	2
bilan	122	Picture	12	2883379	0	2	2000	3	0	1920	other	0
bilan	122	Sound	51	2886658	3279	1			3280		other	0
bilan	123	Sound	62	2895377	0	1			0		hit	200
bilan	123	Response	251	2902289	6912	1
bilan	124	Picture	21	2929708	0	1	2000	2	0	1920	other	0
bilan	124	Sound	52	2937887	8179	1			8180		other	0
bilan	125	Sound	61	2941682	0	1			0		hit	204
bilan	125	Response	251	2947072	5390	1
bilan	126	Picture	4	2976536	0	2	2000	4	0	1920	other	0
bilan	127	Sound	64	2988526	0	1			0		hit	207
bilan	127	Response	252	2993243	4717	2
bilan	128	Picture	204	3024365	0	2	2000	3	0	1920	other	0
bilan	129	Sound	64	3036357	0	1			0		hit	210
bilan	129	Response	252	3041222	4865	1
bilan	130	Picture	3	3071027	0	2	2000	3	0	1920	other	0
bilan	131	Sound	63	3083021	0	1			0		hit	213
bilan	131	Response	252	3089622	6601	1
bilan	132	Picture	202	3117689	0	2	2000	3	0	1920	other	0
bilan	133	Sound	62	3129685	0	1			0		hit	216
bilan	133	Response	251	3136444	6759	1
bilan	134	Response	253	3301447	136762	1


Event Type	Code	Type	Response	RT	RT Uncertainty	Time	Uncertainty	Duration	Uncertainty	ReqTime	ReqDur

Picture	10	other				22162	2	20165	4	0	20000
Picture	10	other				42494	1	40163	2	0	40000
Picture	10	other				82823	2	40163	3	0	40000
Nothing	91	other				122988	1			0
Picture	2	other				153150	1	1999	3	0	1920
Sound	62	hit	1	6347	4	165133	2			0
Picture	101	other				200145	1	2000	2	0	1920
Sound	61	incorrect	2	14112	3	212126	2			0
Picture	123	other				246640	2	2000	4	0	1920
Sound	52	other				253700	1			7060
Sound	63	hit	2	7069	2	258611	1			0
Picture	101	other				292802	2	2000	4	0	1920
Sound	61	hit	1	8769	2	304796	1			0
Picture	103	other				340131	2	2000	3	0	1920
Sound	63	hit	2	5512	4	352118	2			0
Picture	4	other				387960	1	1999	3	0	1920
Sound	64	incorrect	1	15966	2	399950	1			0
Picture	11	other				435121	2	2000	4	0	1920
Sound	51	other				437830	1			2710
Sound	61	hit	1	6775	4	447092	2			0
Picture	22	other				481450	2	2000	3	0	1920
Sound	52	other				489009	2			7560
Sound	62	hit	1	8464	2	493427	1			0
Picture	1	other				529279	2	2000	3	0	1920
Sound	61	hit	1	5396	3	541258	2			0
Picture	2	other				575941	2	2000	3	0	1920
Sound	62	hit	1	5384	3	587922	1			0
Picture	204	other				622270	1	2000	2	0	1920
Sound	64	hit	2	14258	2	634257	1			0
Picture	4	other				669432	1	1999	3	0	1920
Sound	64	hit	2	6108	3	681430	1			0
Picture	111	other				717427	2	2000	3	0	1920
Sound	51	other				720946	1			3520
Sound	61	hit	1	5063	2	729411	1			0
Picture	3	other				764256	1	2000	2	0	1920
Sound	63	hit	2	8858	2	776254	1			0
Picture	24	other				810751	2	2000	3	0	1920
Sound	52	other				818050	1			7300
Sound	64	incorrect	1	10582	2	822739	1			0
Picture	1	other				857247	1	1999	3	0	1920
Sound	61	hit	1	6517	2	869223	1			0
Picture	3	other				904742	1	2000	2	0	1920
Sound	63	hit	2	8605	2	916725	1			0
Picture	202	other				951737	2	2000	3	0	1920
Sound	62	hit	1	5164	3	963718	1			0
Picture	2	other				998899	2	2000	3	0	1920
Sound	62	hit	1	5368	3	1010891	1			0
Picture	4	other				1046561	1	2000	2	0	1920
Sound	64	hit	2	8286	3	1058542	2			0
Picture	3	other				1093390	1	2000	3	0	1920
Sound	63	hit	2	7778	2	1105386	1			0
Picture	204	other				1141218	2	2000	4	0	1920
Sound	64	incorrect	1	13415	3	1153217	2			0
Picture	13	other				1189380	2	2000	3	0	1920
Sound	51	other				1192379	2			3000
Sound	63	hit	2	7451	2	1201378	1			0
Picture	3	other				1235542	2	2000	4	0	1920
Sound	63	hit	2	6824	2	1247533	1			0
Picture	204	other				1283204	2	2000	3	0	1920
Sound	64	hit	2	9085	2	1295185	1			0
Picture	1	other				1330366	2	2000	3	0	1920
Sound	61	hit	1	5440	3	1342357	2			0
Picture	1	other				1377362	1	2000	2	0	1920
Sound	61	hit	1	7220	3	1389351	1			0
Picture	103	other				1424190	2	2000	4	0	1920
Sound	63	hit	2	5557	3	1436164	1			0
Picture	2	other				1471019	2	2000	3	0	1920
Sound	62	hit	1	6700	2	1483008	1			0
Picture	103	other				1518514	2	2000	4	0	1920
Sound	63	hit	2	6453	2	1530510	1			0
Picture	4	other				1564843	2	2000	3	0	1920
Sound	64	hit	2	6207	3	1576815	1			0
Picture	113	other				1612005	2	2000	3	0	1920
Sound	51	other				1617124	1			5120
Sound	63	hit	2	8473	3	1623987	1			0
Picture	103	other				1658167	2	2000	3	0	1920
Sound	63	hit	2	5926	4	1670142	2			0
Picture	204	other				1704996	1	2000	2	0	1920
Sound	64	hit	2	5504	2	1716986	1			0
Picture	202	other				1752158	1	2000	2	0	1920
Sound	62	hit	1	6015	2	1764129	1			0
Picture	224	other				1799653	2	2000	3	0	1920
Sound	52	other				1805942	1			6290
Sound	64	hit	2	6266	3	1811631	1			0
Picture	1	other				1846482	1	2000	2	0	1920
Sound	61	hit	1	8438	3	1858474	1			0
Picture	23	other				1893144	1	2000	2	0	1920
Sound	52	other				1901093	2			7950
Sound	63	hit	2	6205	2	1905138	1			0
Picture	103	other				1939973	1	1999	3	0	1920
Sound	63	hit	2	7926	3	1951952	1			0
Picture	212	other				1986968	1	2000	2	0	1920
Sound	51	other				1991947	2			4980
Sound	62	hit	1	5115	3	1998945	1			0
Picture	204	other				2034797	1	1999	3	0	1920
Sound	64	hit	2	6414	3	2046776	1			0
Picture	101	other				2082458	2	2000	4	0	1920
Sound	61	hit	1	10409	2	2094458	1			0
Picture	101	other				2130287	2	2000	3	0	1920
Sound	61	hit	1	12452	2	2142259	1			0
Picture	4	other				2178282	2	2000	4	0	1920
Sound	64	hit	2	5872	2	2190270	1			0
Picture	202	other				2226111	1	2000	2	0	1920
Sound	62	hit	1	6914	3	2238101	2			0
Picture	222	other				2272939	2	2000	4	0	1920
Sound	52	other				2281068	2			8130
Sound	62	hit	1	7868	2	2284915	1			0
Picture	121	other				2320102	1	2000	2	0	1920
Sound	52	other				2327841	2			7740
Sound	61	hit	1	10574	2	2332088	1			0
Picture	1	other				2367263	2	2000	4	0	1920
Sound	61	hit	1	5408	3	2379260	2			0
Picture	101	other				2413426	1	2000	2	0	1920
Sound	61	hit	1	5511	2	2425416	1			0
Picture	2	other				2461421	1	2000	2	0	1920
Sound	62	hit	1	5713	3	2473396	2			0
Picture	202	other				2508416	2	2000	3	0	1920
Sound	62	hit	1	4588	3	2520390	1			0
Picture	14	other				2554912	1	2000	2	0	1920
Sound	51	other				2558631	2			3720
Sound	64	hit	2	5059	2	2566904	1			0
Picture	202	other				2601074	1	2000	2	0	1920
Sound	62	hit	1	18481	3	2613059	1			0
Picture	3	other				2647736	1	1999	3	0	1920
Sound	63	hit	2	8441	2	2659723	1			0
Picture	2	other				2694731	2	2000	3	0	1920
Sound	62	hit	1	5643	2	2706716	1			0
Picture	103	other				2741227	1	1999	3	0	1920
Sound	63	hit	2	4443	3	2753200	2			0
Picture	214	other				2789222	1	1999	3	0	1920
Sound	51	other				2792621	2			3400
Sound	64	hit	2	4501	4	2801211	2			0
Picture	101	other				2835550	2	2000	4	0	1920
Sound	61	hit	1	6322	3	2847546	1			0
Picture	12	other				2883379	2	2000	3	0	1920
Sound	51	other				2886658	1			3280
Sound	62	hit	1	6912	2	2895377	1			0
Picture	21	other				2929708	1	2000	2	0	1920
Sound	52	other				2937887	1			8180
Sound	61	hit	1	5390	2	2941682	1			0
Picture	4	other				2976536	2	2000	4	0	1920
Sound	64	hit	2	4717	3	2988526	1			0
Picture	204	other				3024365	2	2000	3	0	1920
Sound	64	hit	2	4865	2	3036357	1			0
Picture	3	other				3071027	2	2000	3	0	1920
Sound	63	hit	2	6601	2	3083021	1			0
Picture	202	other				3117689	2	2000	3	0	1920
Sound	62	hit	1	6759	2	3129685	1			0
