Scenario - 17_March_2015
Logfile written - 04/07/2017 15:40:28

Subject	Trial	Event Type	Code	Time	TTime	Uncertainty	Duration	Uncertainty	ReqTime	ReqDur	Stim Type	Pair Index

bilan	1	Response	253	72320	82153	1
bilan	2	Picture	10	72491	0	1	20164	3	0	20000	other	0
bilan	3	Picture	10	92822	0	2	40163	3	0	40000	other	0
bilan	3	Response	251	117907	25085	1
bilan	4	Picture	10	133151	0	2	40163	4	0	40000	other	0
bilan	4	Response	252	150369	17218	2
bilan	5	Nothing	91	173316	0	1			0		other	0
bilan	6	Picture	204	203644	0	2	2000	4	0	1920	other	0
bilan	7	Sound	64	215629	0	1			0		hit	10
bilan	7	Response	252	225493	9864	2
bilan	8	Picture	202	250306	0	2	2000	4	0	1920	other	0
bilan	9	Sound	62	262293	0	1			0		hit	13
bilan	9	Response	251	271479	9186	1
bilan	10	Picture	111	298135	0	2	2000	3	0	1920	other	0
bilan	10	Sound	51	302234	4099	1			4100		other	0
bilan	11	Sound	61	310124	0	1			0		hit	17
bilan	11	Response	251	332014	21890	2
bilan	12	Picture	204	344297	0	2	2000	4	0	1920	other	0
bilan	13	Sound	64	356279	0	1			0		hit	20
bilan	13	Response	252	371949	15670	1
bilan	14	Picture	113	392292	0	2	2000	4	0	1920	other	0
bilan	14	Sound	51	397131	4839	2			4840		other	0
bilan	15	Sound	63	404290	0	1			0		hit	24
bilan	15	Response	252	416651	12361	1
bilan	16	Picture	202	439121	0	2	2000	3	0	1920	other	0
bilan	17	Sound	62	451104	0	1			0		hit	27
bilan	17	Response	251	459781	8677	2
bilan	18	Picture	12	486450	0	1	1999	3	0	1920	other	0
bilan	18	Sound	51	490189	3739	1			3740		other	0
bilan	19	Sound	62	498426	0	1			0		hit	31
bilan	19	Response	251	505469	7043	2
bilan	20	Picture	4	532945	0	2	2000	3	0	1920	other	0
bilan	21	Sound	64	544940	0	2			0		hit	34
bilan	21	Response	252	555469	10529	1
bilan	22	Picture	4	580607	0	2	2000	3	0	1920	other	0
bilan	23	Sound	64	592592	0	1			0		hit	37
bilan	23	Response	252	601604	9012	2
bilan	24	Picture	23	627936	0	1	2000	2	0	1920	other	0
bilan	24	Sound	52	634085	6149	1			6150		other	0
bilan	25	Sound	63	639914	0	2			0		hit	41
bilan	25	Response	252	648751	8837	2
bilan	26	Picture	3	675431	0	2	2000	3	0	1920	other	0
bilan	27	Sound	63	687416	0	2			0		hit	44
bilan	27	Response	252	698215	10799	2
bilan	28	Picture	1	721927	0	1	1999	3	0	1920	other	0
bilan	29	Sound	61	733901	0	1			0		hit	47
bilan	29	Response	251	739477	5576	1
bilan	30	Picture	2	768255	0	2	2000	4	0	1920	other	0
bilan	31	Sound	62	780236	0	1			0		hit	50
bilan	31	Response	251	789969	9733	1
bilan	32	Picture	101	815251	0	1	1999	3	0	1920	other	0
bilan	33	Sound	61	827229	0	1			0		hit	53
bilan	33	Response	251	836276	9047	1
bilan	34	Picture	4	861413	0	1	1999	3	0	1920	other	0
bilan	35	Sound	64	873384	0	1			0		hit	56
bilan	35	Response	252	885608	12224	1
bilan	36	Picture	4	908741	0	2	2000	3	0	1920	other	0
bilan	37	Sound	64	920736	0	1			0		hit	59
bilan	37	Response	252	931342	10606	1
bilan	38	Picture	1	955737	0	1	2000	2	0	1920	other	0
bilan	39	Sound	61	967729	0	1			0		hit	62
bilan	39	Response	251	976459	8730	2
bilan	40	Picture	1	1002232	0	2	2000	3	0	1920	other	0
bilan	41	Sound	61	1014214	0	1			0		hit	65
bilan	41	Response	251	1021329	7115	1
bilan	42	Picture	101	1049561	0	1	1999	3	0	1920	other	0
bilan	43	Sound	61	1061536	0	1			0		hit	68
bilan	43	Response	251	1069238	7702	2
bilan	44	Picture	101	1096389	0	2	2000	4	0	1920	other	0
bilan	45	Sound	61	1108380	0	1			0		hit	71
bilan	45	Response	251	1113012	4632	1
bilan	46	Picture	2	1142718	0	2	2000	4	0	1920	other	0
bilan	47	Sound	62	1154714	0	2			0		hit	74
bilan	47	Response	251	1166106	11392	1
bilan	48	Picture	204	1189047	0	2	2000	3	0	1920	other	0
bilan	49	Sound	64	1201019	0	1			0		hit	77
bilan	49	Response	252	1207155	6136	1
bilan	50	Picture	24	1235709	0	2	2000	3	0	1920	other	0
bilan	50	Sound	52	1242728	7019	1			7020		other	0
bilan	51	Sound	64	1247683	0	1			0		hit	81
bilan	51	Response	252	1255758	8075	1
bilan	52	Picture	4	1282204	0	2	2000	4	0	1920	other	0
bilan	53	Sound	64	1294197	0	2			0		hit	84
bilan	53	Response	252	1300921	6724	1
bilan	54	Picture	224	1330033	0	1	2000	2	0	1920	other	0
bilan	54	Sound	52	1335762	5729	1			5730		other	0
bilan	55	Sound	64	1342029	0	1			0		hit	88
bilan	55	Response	252	1348014	5985	1
bilan	56	Picture	1	1377195	0	2	2000	3	0	1920	other	0
bilan	57	Sound	61	1389171	0	2			0		hit	91
bilan	57	Response	251	1409535	20364	2
bilan	58	Picture	212	1424357	0	2	2000	3	0	1920	other	0
bilan	58	Sound	51	1427466	3109	2			3110		other	0
bilan	59	Sound	62	1436344	0	1			0		hit	95
bilan	59	Response	251	1444484	8140	2
bilan	60	Picture	13	1472019	0	2	2000	3	0	1920	other	0
bilan	60	Sound	51	1475718	3699	2			3700		other	0
bilan	61	Sound	63	1483996	0	1			0		hit	99
bilan	61	Response	252	1490516	6520	2
bilan	62	Picture	202	1518514	0	2	2000	4	0	1920	other	0
bilan	63	Sound	62	1530510	0	1			0		hit	102
bilan	63	Response	251	1537493	6983	1
bilan	64	Picture	204	1565843	0	1	2000	2	0	1920	other	0
bilan	65	Sound	64	1577832	0	2			0		hit	105
bilan	65	Response	252	1584668	6836	1
bilan	66	Picture	1	1612338	0	2	2000	4	0	1920	other	0
bilan	67	Sound	61	1624317	0	1			0		hit	108
bilan	67	Response	251	1632520	8203	1
bilan	68	Picture	22	1658667	0	2	2000	3	0	1920	other	0
bilan	68	Sound	52	1664756	6089	2			6090		other	0
bilan	69	Sound	62	1670651	0	2			0		hit	112
bilan	69	Response	251	1677650	6999	2
bilan	70	Picture	123	1705996	0	1	1999	3	0	1920	other	0
bilan	70	Sound	52	1713665	7669	2			7670		other	0
bilan	71	Sound	63	1717974	0	1			0		hit	116
bilan	71	Response	252	1725713	7739	1
bilan	72	Picture	2	1753324	0	2	2000	3	0	1920	other	0
bilan	73	Sound	62	1765296	0	2			0		hit	119
bilan	73	Response	251	1774205	8909	1
bilan	74	Picture	103	1799820	0	1	2000	2	0	1920	other	0
bilan	75	Sound	63	1811811	0	1			0		hit	122
bilan	75	Response	252	1817806	5995	1
bilan	76	Picture	204	1846315	0	2	2000	3	0	1920	other	0
bilan	77	Sound	64	1858295	0	1			0		hit	125
bilan	77	Response	252	1863778	5483	1
bilan	78	Picture	214	1894144	0	1	2000	2	0	1920	other	0
bilan	78	Sound	51	1898413	4269	2			4270		other	0
bilan	79	Sound	64	1906126	0	1			0		hit	129
bilan	79	Response	252	1912387	6261	1
bilan	80	Picture	202	1941639	0	2	2000	3	0	1920	other	0
bilan	81	Sound	62	1953628	0	2			0		hit	132
bilan	81	Response	251	1958403	4775	2
bilan	82	Picture	101	1989468	0	1	1999	3	0	1920	other	0
bilan	83	Sound	61	2001460	0	1			0		hit	135
bilan	83	Response	251	2012335	10875	2
bilan	84	Picture	2	2036463	0	2	2000	3	0	1920	other	0
bilan	85	Sound	62	2048453	0	1			0		hit	138
bilan	85	Response	251	2056320	7867	2
bilan	86	Picture	202	2084125	0	2	2000	3	0	1920	other	0
bilan	87	Sound	62	2096104	0	2			0		hit	141
bilan	87	Response	251	2101849	5745	2
bilan	88	Picture	1	2131954	0	1	1999	3	0	1920	other	0
bilan	89	Sound	61	2143936	0	1			0		hit	144
bilan	89	Response	251	2151554	7618	1
bilan	90	Picture	2	2178449	0	2	2000	3	0	1920	other	0
bilan	91	Sound	62	2190420	0	1			0		hit	147
bilan	91	Response	251	2197415	6995	1
bilan	92	Picture	204	2225111	0	2	2000	3	0	1920	other	0
bilan	93	Sound	64	2237084	0	1			0		hit	150
bilan	93	Response	252	2244729	7645	2
bilan	94	Picture	14	2271773	0	2	2000	3	0	1920	other	0
bilan	94	Sound	51	2276282	4509	1			4510		other	0
bilan	95	Sound	64	2283748	0	1			0		hit	154
bilan	95	Response	252	2289828	6080	1
bilan	96	Picture	222	2319435	0	1	2000	2	0	1920	other	0
bilan	96	Sound	52	2327404	7969	2			7970		other	0
bilan	97	Sound	62	2331430	0	1			0		hit	158
bilan	97	Response	251	2340267	8837	1
bilan	98	Picture	103	2366430	0	2	2000	3	0	1920	other	0
bilan	99	Sound	63	2378423	0	1			0		hit	161
bilan	99	Response	252	2390345	11922	2
bilan	100	Picture	2	2414259	0	2	2000	3	0	1920	other	0
bilan	101	Sound	62	2426254	0	1			0		hit	164
bilan	101	Response	251	2433377	7123	1
bilan	102	Picture	103	2461921	0	1	2000	2	0	1920	other	0
bilan	103	Sound	63	2473906	0	1			0		hit	167
bilan	103	Response	252	2481580	7674	2
bilan	104	Picture	11	2509916	0	2	2000	3	0	1920	other	0
bilan	104	Sound	51	2513705	3789	1			3790		other	0
bilan	105	Sound	61	2521917	0	1			0		hit	171
bilan	105	Response	251	2527872	5955	2
bilan	106	Picture	103	2557078	0	1	2000	2	0	1920	other	0
bilan	107	Sound	63	2569059	0	2			0		hit	174
bilan	107	Response	252	2578895	9836	1
bilan	108	Picture	3	2604740	0	2	2000	3	0	1920	other	0
bilan	109	Sound	63	2616711	0	1			0		hit	177
bilan	109	Response	252	2623565	6854	1
bilan	110	Picture	103	2652569	0	1	1999	3	0	1920	other	0
bilan	111	Sound	63	2664542	0	2			0		hit	180
bilan	111	Response	252	2670663	6121	1
bilan	112	Picture	121	2698731	0	1	2000	3	0	1920	other	0
bilan	112	Sound	52	2704370	5639	2			5640		other	0
bilan	113	Sound	61	2710727	0	1			0		hit	184
bilan	113	Response	251	2719745	9018	2
bilan	114	Picture	103	2746893	0	1	1999	3	0	1920	other	0
bilan	115	Sound	63	2758888	0	1			0		hit	187
bilan	115	Response	252	2765152	6264	1
bilan	116	Picture	3	2794221	0	2	2000	3	0	1920	other	0
bilan	117	Sound	63	2806210	0	2			0		hit	190
bilan	117	Response	252	2816943	10733	2
bilan	118	Picture	101	2842217	0	1	1999	3	0	1920	other	0
bilan	119	Sound	61	2854191	0	2			0		hit	193
bilan	119	Response	251	2859728	5537	2
bilan	120	Picture	21	2888545	0	2	2000	3	0	1920	other	0
bilan	120	Sound	52	2896964	8419	2			8420		other	0
bilan	121	Sound	61	2900526	0	1			0		hit	197
bilan	121	Response	251	2911119	10593	1
bilan	122	Picture	202	2936041	0	1	1999	3	0	1920	other	0
bilan	123	Sound	62	2948028	0	1			0		hit	200
bilan	123	Response	251	2955887	7859	2
bilan	124	Picture	3	2983703	0	1	1999	3	0	1920	other	0
bilan	125	Sound	63	2995680	0	1			0		hit	203
bilan	125	Response	252	3005480	9800	2
bilan	126	Picture	4	3030531	0	2	2000	3	0	1920	other	0
bilan	127	Sound	64	3042523	0	1			0		hit	206
bilan	127	Response	252	3057284	14761	1
bilan	128	Picture	3	3077860	0	1	2000	2	0	1920	other	0
bilan	129	Sound	63	3089846	0	1			0		hit	209
bilan	129	Response	252	3098091	8245	1
bilan	130	Picture	3	3124855	0	2	2000	3	0	1920	other	0
bilan	131	Sound	63	3136839	0	1			0		hit	212
bilan	131	Response	252	3142938	6099	2
bilan	132	Picture	101	3171351	0	1	1999	3	0	1920	other	0
bilan	133	Sound	61	3183323	0	1			0		hit	215
bilan	133	Response	251	3192383	9060	1
bilan	134	Response	253	3411502	192156	1


Event Type	Code	Type	Response	RT	RT Uncertainty	Time	Uncertainty	Duration	Uncertainty	ReqTime	ReqDur

Picture	10	other				72491	1	20164	3	0	20000
Picture	10	other				92822	2	40163	3	0	40000
Picture	10	other				133151	2	40163	4	0	40000
Nothing	91	other				173316	1			0
Picture	204	other				203644	2	2000	4	0	1920
Sound	64	hit	2	9864	3	215629	1			0
Picture	202	other				250306	2	2000	4	0	1920
Sound	62	hit	1	9186	2	262293	1			0
Picture	111	other				298135	2	2000	3	0	1920
Sound	51	other				302234	1			4100
Sound	61	hit	1	21890	3	310124	1			0
Picture	204	other				344297	2	2000	4	0	1920
Sound	64	hit	2	15670	2	356279	1			0
Picture	113	other				392292	2	2000	4	0	1920
Sound	51	other				397131	2			4840
Sound	63	hit	2	12361	2	404290	1			0
Picture	202	other				439121	2	2000	3	0	1920
Sound	62	hit	1	8677	3	451104	1			0
Picture	12	other				486450	1	1999	3	0	1920
Sound	51	other				490189	1			3740
Sound	62	hit	1	7043	3	498426	1			0
Picture	4	other				532945	2	2000	3	0	1920
Sound	64	hit	2	10529	3	544940	2			0
Picture	4	other				580607	2	2000	3	0	1920
Sound	64	hit	2	9012	3	592592	1			0
Picture	23	other				627936	1	2000	2	0	1920
Sound	52	other				634085	1			6150
Sound	63	hit	2	8837	4	639914	2			0
Picture	3	other				675431	2	2000	3	0	1920
Sound	63	hit	2	10799	4	687416	2			0
Picture	1	other				721927	1	1999	3	0	1920
Sound	61	hit	1	5576	2	733901	1			0
Picture	2	other				768255	2	2000	4	0	1920
Sound	62	hit	1	9733	2	780236	1			0
Picture	101	other				815251	1	1999	3	0	1920
Sound	61	hit	1	9047	2	827229	1			0
Picture	4	other				861413	1	1999	3	0	1920
Sound	64	hit	2	12224	2	873384	1			0
Picture	4	other				908741	2	2000	3	0	1920
Sound	64	hit	2	10606	2	920736	1			0
Picture	1	other				955737	1	2000	2	0	1920
Sound	61	hit	1	8730	3	967729	1			0
Picture	1	other				1002232	2	2000	3	0	1920
Sound	61	hit	1	7115	2	1014214	1			0
Picture	101	other				1049561	1	1999	3	0	1920
Sound	61	hit	1	7702	3	1061536	1			0
Picture	101	other				1096389	2	2000	4	0	1920
Sound	61	hit	1	4632	2	1108380	1			0
Picture	2	other				1142718	2	2000	4	0	1920
Sound	62	hit	1	11392	3	1154714	2			0
Picture	204	other				1189047	2	2000	3	0	1920
Sound	64	hit	2	6136	2	1201019	1			0
Picture	24	other				1235709	2	2000	3	0	1920
Sound	52	other				1242728	1			7020
Sound	64	hit	2	8075	2	1247683	1			0
Picture	4	other				1282204	2	2000	4	0	1920
Sound	64	hit	2	6724	3	1294197	2			0
Picture	224	other				1330033	1	2000	2	0	1920
Sound	52	other				1335762	1			5730
Sound	64	hit	2	5985	2	1342029	1			0
Picture	1	other				1377195	2	2000	3	0	1920
Sound	61	hit	1	20364	4	1389171	2			0
Picture	212	other				1424357	2	2000	3	0	1920
Sound	51	other				1427466	2			3110
Sound	62	hit	1	8140	3	1436344	1			0
Picture	13	other				1472019	2	2000	3	0	1920
Sound	51	other				1475718	2			3700
Sound	63	hit	2	6520	3	1483996	1			0
Picture	202	other				1518514	2	2000	4	0	1920
Sound	62	hit	1	6983	2	1530510	1			0
Picture	204	other				1565843	1	2000	2	0	1920
Sound	64	hit	2	6836	3	1577832	2			0
Picture	1	other				1612338	2	2000	4	0	1920
Sound	61	hit	1	8203	2	1624317	1			0
Picture	22	other				1658667	2	2000	3	0	1920
Sound	52	other				1664756	2			6090
Sound	62	hit	1	6999	4	1670651	2			0
Picture	123	other				1705996	1	1999	3	0	1920
Sound	52	other				1713665	2			7670
Sound	63	hit	2	7739	2	1717974	1			0
Picture	2	other				1753324	2	2000	3	0	1920
Sound	62	hit	1	8909	3	1765296	2			0
Picture	103	other				1799820	1	2000	2	0	1920
Sound	63	hit	2	5995	2	1811811	1			0
Picture	204	other				1846315	2	2000	3	0	1920
Sound	64	hit	2	5483	2	1858295	1			0
Picture	214	other				1894144	1	2000	2	0	1920
Sound	51	other				1898413	2			4270
Sound	64	hit	2	6261	2	1906126	1			0
Picture	202	other				1941639	2	2000	3	0	1920
Sound	62	hit	1	4775	4	1953628	2			0
Picture	101	other				1989468	1	1999	3	0	1920
Sound	61	hit	1	10875	3	2001460	1			0
Picture	2	other				2036463	2	2000	3	0	1920
Sound	62	hit	1	7867	3	2048453	1			0
Picture	202	other				2084125	2	2000	3	0	1920
Sound	62	hit	1	5745	4	2096104	2			0
Picture	1	other				2131954	1	1999	3	0	1920
Sound	61	hit	1	7618	2	2143936	1			0
Picture	2	other				2178449	2	2000	3	0	1920
Sound	62	hit	1	6995	2	2190420	1			0
Picture	204	other				2225111	2	2000	3	0	1920
Sound	64	hit	2	7645	3	2237084	1			0
Picture	14	other				2271773	2	2000	3	0	1920
Sound	51	other				2276282	1			4510
Sound	64	hit	2	6080	2	2283748	1			0
Picture	222	other				2319435	1	2000	2	0	1920
Sound	52	other				2327404	2			7970
Sound	62	hit	1	8837	2	2331430	1			0
Picture	103	other				2366430	2	2000	3	0	1920
Sound	63	hit	2	11922	3	2378423	1			0
Picture	2	other				2414259	2	2000	3	0	1920
Sound	62	hit	1	7123	2	2426254	1			0
Picture	103	other				2461921	1	2000	2	0	1920
Sound	63	hit	2	7674	3	2473906	1			0
Picture	11	other				2509916	2	2000	3	0	1920
Sound	51	other				2513705	1			3790
Sound	61	hit	1	5955	3	2521917	1			0
Picture	103	other				2557078	1	2000	2	0	1920
Sound	63	hit	2	9836	3	2569059	2			0
Picture	3	other				2604740	2	2000	3	0	1920
Sound	63	hit	2	6854	2	2616711	1			0
Picture	103	other				2652569	1	1999	3	0	1920
Sound	63	hit	2	6121	3	2664542	2			0
Picture	121	other				2698731	1	2000	3	0	1920
Sound	52	other				2704370	2			5640
Sound	61	hit	1	9018	3	2710727	1			0
Picture	103	other				2746893	1	1999	3	0	1920
Sound	63	hit	2	6264	2	2758888	1			0
Picture	3	other				2794221	2	2000	3	0	1920
Sound	63	hit	2	10733	4	2806210	2			0
Picture	101	other				2842217	1	1999	3	0	1920
Sound	61	hit	1	5537	4	2854191	2			0
Picture	21	other				2888545	2	2000	3	0	1920
Sound	52	other				2896964	2			8420
Sound	61	hit	1	10593	2	2900526	1			0
Picture	202	other				2936041	1	1999	3	0	1920
Sound	62	hit	1	7859	3	2948028	1			0
Picture	3	other				2983703	1	1999	3	0	1920
Sound	63	hit	2	9800	3	2995680	1			0
Picture	4	other				3030531	2	2000	3	0	1920
Sound	64	hit	2	14761	2	3042523	1			0
Picture	3	other				3077860	1	2000	2	0	1920
Sound	63	hit	2	8245	2	3089846	1			0
Picture	3	other				3124855	2	2000	3	0	1920
Sound	63	hit	2	6099	3	3136839	1			0
Picture	101	other				3171351	1	1999	3	0	1920
Sound	61	hit	1	9060	2	3183323	1			0
