Scenario - 17_March_2015
Logfile written - 04/07/2017 15:47:52

Subject	Trial	Event Type	Code	Time	TTime	Uncertainty	Duration	Uncertainty	ReqTime	ReqDur	Stim Type	Pair Index

bilan	1	Response	253	35701	45535	1
bilan	2	Picture	10	35828	0	1	20163	5	0	20000	other	0
bilan	3	Picture	10	56159	0	2	40162	4	0	40000	other	0
bilan	3	Response	251	77445	21286	1
bilan	4	Picture	10	96488	0	2	40163	4	0	40000	other	0
bilan	4	Response	252	110667	14179	1
bilan	5	Nothing	91	136653	0	1			0		other	0
bilan	6	Picture	12	166815	0	1	2000	2	0	1920	other	0
bilan	6	Sound	51	171924	5109	2			5110		other	0
bilan	7	Sound	62	178813	0	1			0		hit	11
bilan	7	Response	251	186040	7227	1
bilan	8	Picture	3	213477	0	1	2000	2	0	1920	other	0
bilan	9	Sound	63	225477	0	1			0		hit	14
bilan	9	Response	252	235508	10031	1
bilan	10	Picture	22	260805	0	2	2000	4	0	1920	other	0
bilan	10	Sound	52	269044	8239	2			8240		other	0
bilan	11	Sound	62	272799	0	2			0		hit	18
bilan	11	Response	251	281420	8621	2
bilan	12	Picture	204	306968	0	1	1999	3	0	1920	other	0
bilan	13	Sound	64	318955	0	1			0		hit	21
bilan	13	Response	252	325820	6865	2
bilan	14	Picture	204	353630	0	1	1999	3	0	1920	other	0
bilan	15	Sound	64	365619	0	1			0		hit	24
bilan	15	Response	252	371667	6048	1
bilan	16	Picture	2	401125	0	1	1999	3	0	1920	other	0
bilan	17	Sound	62	413121	0	1			0		hit	27
bilan	17	Response	251	421464	8343	1
bilan	18	Picture	2	447787	0	1	2000	2	0	1920	other	0
bilan	19	Sound	62	459784	0	2			0		hit	30
bilan	19	Response	251	466494	6710	1
bilan	20	Picture	204	494116	0	1	1999	3	0	1920	other	0
bilan	21	Sound	64	506089	0	1			0		hit	33
bilan	21	Response	252	510723	4634	1
bilan	22	Picture	1	540444	0	2	2000	3	0	1920	other	0
bilan	23	Sound	61	552424	0	1			0		hit	36
bilan	23	Response	251	563301	10877	1
bilan	24	Picture	123	587606	0	2	2000	3	0	1920	other	0
bilan	24	Sound	52	594675	7069	2			7070		other	0
bilan	25	Sound	63	599597	0	1			0		hit	40
bilan	25	Response	252	611280	11683	2
bilan	26	Picture	103	634102	0	1	2000	2	0	1920	other	0
bilan	27	Sound	63	646081	0	1			0		hit	43
bilan	27	Response	252	652223	6142	2
bilan	28	Picture	11	681430	0	2	2000	4	0	1920	other	0
bilan	28	Sound	51	686069	4639	2			4640		other	0
bilan	29	Sound	61	693403	0	2			0		hit	47
bilan	29	Response	251	705132	11729	1
bilan	30	Picture	202	728592	0	2	2000	4	0	1920	other	0
bilan	31	Sound	62	740576	0	1			0		hit	50
bilan	31	Response	251	747980	7404	1
bilan	32	Picture	204	775588	0	1	2000	2	0	1920	other	0
bilan	33	Sound	64	787569	0	2			0		hit	53
bilan	33	Response	252	793034	5465	2
bilan	34	Picture	101	821750	0	1	2000	2	0	1920	other	0
bilan	35	Sound	61	833724	0	2			0		hit	56
bilan	35	Response	251	842187	8463	2
bilan	36	Picture	4	868412	0	1	2000	2	0	1920	other	0
bilan	37	Sound	64	880388	0	2			0		hit	59
bilan	37	Response	252	887404	7016	1
bilan	38	Picture	1	914741	0	1	1999	3	0	1920	other	0
bilan	39	Sound	61	926723	0	1			0		hit	62
bilan	39	Response	251	933575	6852	1
bilan	40	Picture	1	962069	0	2	2000	3	0	1920	other	0
bilan	41	Sound	61	974045	0	2			0		hit	65
bilan	41	Response	251	980930	6885	1
bilan	42	Picture	103	1009565	0	1	1999	3	0	1920	other	0
bilan	43	Sound	63	1021548	0	1			0		hit	68
bilan	43	Response	252	1026300	4752	2
bilan	44	Picture	202	1056893	0	2	2000	3	0	1920	other	0
bilan	45	Sound	62	1068870	0	1			0		hit	71
bilan	45	Response	251	1075590	6720	1
bilan	46	Picture	103	1103222	0	1	2000	2	0	1920	other	0
bilan	47	Sound	63	1115205	0	1			0		hit	74
bilan	47	Response	252	1119809	4604	1
bilan	48	Picture	2	1149551	0	1	2000	2	0	1920	other	0
bilan	49	Sound	62	1161539	0	2			0		hit	77
bilan	49	Response	251	1167834	6295	1
bilan	50	Picture	204	1197546	0	1	2000	2	0	1920	other	0
bilan	51	Sound	64	1209520	0	1			0		hit	80
bilan	51	Response	252	1216631	7111	1
bilan	52	Picture	103	1244208	0	1	2000	2	0	1920	other	0
bilan	53	Sound	63	1256184	0	1			0		hit	83
bilan	53	Response	252	1270440	14256	1
bilan	54	Picture	101	1291370	0	1	2000	2	0	1920	other	0
bilan	55	Sound	61	1303357	0	1			0		hit	86
bilan	55	Response	251	1308941	5584	1
bilan	56	Picture	3	1338365	0	2	2000	3	0	1920	other	0
bilan	57	Sound	63	1350350	0	1			0		hit	89
bilan	57	Response	252	1357459	7109	2
bilan	58	Picture	103	1385361	0	1	2000	2	0	1920	other	0
bilan	59	Sound	63	1397343	0	2			0		hit	92
bilan	59	Response	252	1403871	6528	2
bilan	60	Picture	23	1432023	0	1	1999	3	0	1920	other	0
bilan	60	Sound	52	1438442	6419	2			6420		other	0
bilan	61	Sound	63	1444007	0	1			0		hit	96
bilan	61	Response	252	1449581	5574	1
bilan	62	Picture	24	1479851	0	2	2000	3	0	1920	other	0
bilan	62	Sound	52	1486140	6289	2			6290		other	0
bilan	63	Sound	64	1491839	0	1			0		incorrect	100
bilan	63	Response	251	1498180	6341	1
bilan	63	Response	252	1501065	9226	1
bilan	64	Picture	3	1527513	0	2	2000	3	0	1920	other	0
bilan	65	Sound	63	1539490	0	1			0		hit	104
bilan	65	Response	252	1547730	8240	2
bilan	66	Picture	4	1574175	0	2	2000	4	0	1920	other	0
bilan	67	Sound	64	1586154	0	1			0		hit	107
bilan	67	Response	252	1592521	6367	2
bilan	68	Picture	2	1621671	0	1	1999	3	0	1920	other	0
bilan	69	Sound	62	1633656	0	2			0		hit	110
bilan	69	Response	251	1641003	7347	1
bilan	70	Picture	202	1668499	0	2	2000	3	0	1920	other	0
bilan	71	Sound	62	1680470	0	1			0		hit	113
bilan	71	Response	251	1688365	7895	1
bilan	72	Picture	101	1715328	0	2	2000	3	0	1920	other	0
bilan	73	Sound	61	1727313	0	2			0		hit	116
bilan	73	Response	251	1746414	19101	1
bilan	74	Picture	4	1762990	0	1	2000	2	0	1920	other	0
bilan	75	Sound	64	1774965	0	1			0		hit	119
bilan	75	Response	252	1780174	5209	2
bilan	76	Picture	212	1809319	0	1	1999	3	0	1920	other	0
bilan	76	Sound	51	1813948	4629	2			4630		other	0
bilan	77	Sound	62	1821300	0	1			0		hit	123
bilan	77	Response	251	1827350	6050	2
bilan	78	Picture	101	1856147	0	2	2000	4	0	1920	other	0
bilan	79	Sound	61	1868143	0	1			0		hit	126
bilan	79	Response	251	1875803	7660	2
bilan	80	Picture	1	1904143	0	1	1999	3	0	1920	other	0
bilan	81	Sound	61	1916124	0	1			0		hit	129
bilan	81	Response	251	1922041	5917	1
bilan	82	Picture	224	1951138	0	2	2000	3	0	1920	other	0
bilan	82	Sound	52	1957247	6109	2			6110		other	0
bilan	83	Sound	64	1963117	0	1			0		hit	133
bilan	83	Response	252	1970650	7533	1
bilan	84	Picture	13	1998300	0	2	2000	3	0	1920	other	0
bilan	84	Sound	51	2001709	3409	2			3410		other	0
bilan	85	Sound	63	2010290	0	1			0		hit	137
bilan	85	Response	252	2021332	11042	2
bilan	85	Response	251	2030718	20428	2
bilan	85	Response	251	2031240	20950	2
bilan	85	Response	251	2031343	21053	1
bilan	85	Response	251	2033371	23081	1
bilan	86	Picture	101	2045962	0	1	2000	2	0	1920	other	0
bilan	87	Sound	61	2057942	0	1			0		hit	144
bilan	87	Response	251	2064989	7047	2
bilan	88	Picture	2	2093457	0	2	2000	3	0	1920	other	0
bilan	89	Sound	62	2105444	0	1			0		hit	147
bilan	89	Response	251	2113483	8039	2
bilan	90	Picture	121	2141453	0	1	1999	3	0	1920	other	0
bilan	90	Sound	52	2147112	5659	1			5660		other	0
bilan	91	Sound	61	2153425	0	1			0		hit	151
bilan	91	Response	251	2160232	6807	2
bilan	92	Picture	202	2189114	0	2	2000	4	0	1920	other	0
bilan	93	Sound	62	2201106	0	2			0		hit	154
bilan	93	Response	251	2207786	6680	2
bilan	94	Picture	4	2236276	0	2	2000	4	0	1920	other	0
bilan	95	Sound	64	2248249	0	1			0		hit	157
bilan	95	Response	252	2254705	6456	2
bilan	96	Picture	3	2284105	0	2	2000	3	0	1920	other	0
bilan	97	Sound	63	2296080	0	2			0		hit	160
bilan	97	Response	252	2302874	6794	2
bilan	98	Picture	2	2330267	0	2	2000	3	0	1920	other	0
bilan	99	Sound	62	2342265	0	2			0		hit	163
bilan	99	Response	251	2352456	10191	2
bilan	100	Picture	222	2376763	0	1	1999	3	0	1920	other	0
bilan	100	Sound	52	2385032	8269	2			8270		other	0
bilan	101	Sound	62	2388750	0	1			0		hit	167
bilan	101	Response	251	2395733	6983	1
bilan	102	Picture	101	2422925	0	1	1999	3	0	1920	other	0
bilan	103	Sound	61	2434905	0	1			0		hit	170
bilan	103	Response	251	2442860	7955	1
bilan	104	Picture	103	2469753	0	2	2000	4	0	1920	other	0
bilan	105	Sound	63	2481748	0	2			0		hit	173
bilan	105	Response	252	2486781	5033	1
bilan	106	Picture	111	2517415	0	2	2000	4	0	1920	other	0
bilan	106	Sound	51	2520255	2840	1			2840		other	0
bilan	107	Sound	61	2529400	0	1			0		hit	177
bilan	107	Response	251	2537199	7799	1
bilan	108	Picture	204	2565244	0	1	1999	3	0	1920	other	0
bilan	109	Sound	64	2577231	0	2			0		hit	180
bilan	109	Response	252	2585167	7936	1
bilan	110	Picture	14	2612073	0	1	1999	3	0	1920	other	0
bilan	110	Sound	51	2616572	4499	1			4500		other	0
bilan	111	Sound	64	2624045	0	1			0		hit	184
bilan	111	Response	252	2629162	5117	2
bilan	112	Picture	3	2658901	0	2	2000	3	0	1920	other	0
bilan	113	Sound	63	2670888	0	2			0		hit	187
bilan	113	Response	252	2679038	8150	1
bilan	114	Picture	202	2706563	0	2	2000	3	0	1920	other	0
bilan	115	Sound	62	2718540	0	1			0		hit	190
bilan	115	Response	251	2728538	9998	2
bilan	116	Picture	3	2754058	0	2	2000	4	0	1920	other	0
bilan	117	Sound	63	2766042	0	1			0		hit	193
bilan	117	Response	252	2775735	9693	102
bilan	118	Picture	4	2800387	0	2	2000	3	0	1920	other	0
bilan	119	Sound	64	2812377	0	1			0		hit	196
bilan	119	Response	252	2819533	7156	2
bilan	120	Picture	113	2846883	0	1	1999	3	0	1920	other	0
bilan	120	Sound	51	2851792	4909	2			4910		other	0
bilan	121	Sound	63	2858861	0	1			0		hit	200
bilan	121	Response	252	2864763	5902	2
bilan	122	Picture	1	2895045	0	1	1999	3	0	1920	other	0
bilan	123	Sound	61	2907022	0	1			0		hit	203
bilan	123	Response	251	2914170	7148	2
bilan	124	Picture	21	2942707	0	1	1999	3	0	1920	other	0
bilan	124	Sound	52	2950426	7719	1			7720		other	0
bilan	125	Sound	61	2954703	0	2			0		hit	207
bilan	125	Response	251	2964741	10038	1
bilan	126	Picture	1	2990202	0	1	2000	2	0	1920	other	0
bilan	127	Sound	61	3002175	0	2			0		hit	210
bilan	127	Response	251	3012078	9903	1
bilan	128	Picture	214	3037864	0	1	1999	3	0	1920	other	0
bilan	128	Sound	51	3040403	2539	1			2540		other	0
bilan	129	Sound	64	3049857	0	1			0		hit	214
bilan	129	Response	252	3055434	5577	1
bilan	130	Picture	4	3085026	0	1	1999	3	0	1920	other	0
bilan	131	Sound	64	3097000	0	1			0		hit	217
bilan	131	Response	252	3104766	7766	1
bilan	132	Picture	202	3133188	0	1	1999	3	0	1920	other	0
bilan	133	Sound	62	3145161	0	1			0		hit	220
bilan	133	Response	251	3153491	8330	2
bilan	134	Response	253	3670554	491038	2


Event Type	Code	Type	Response	RT	RT Uncertainty	Time	Uncertainty	Duration	Uncertainty	ReqTime	ReqDur

Picture	10	other				35828	1	20163	5	0	20000
Picture	10	other				56159	2	40162	4	0	40000
Picture	10	other				96488	2	40163	4	0	40000
Nothing	91	other				136653	1			0
Picture	12	other				166815	1	2000	2	0	1920
Sound	51	other				171924	2			5110
Sound	62	hit	1	7227	2	178813	1			0
Picture	3	other				213477	1	2000	2	0	1920
Sound	63	hit	2	10031	2	225477	1			0
Picture	22	other				260805	2	2000	4	0	1920
Sound	52	other				269044	2			8240
Sound	62	hit	1	8621	4	272799	2			0
Picture	204	other				306968	1	1999	3	0	1920
Sound	64	hit	2	6865	3	318955	1			0
Picture	204	other				353630	1	1999	3	0	1920
Sound	64	hit	2	6048	2	365619	1			0
Picture	2	other				401125	1	1999	3	0	1920
Sound	62	hit	1	8343	2	413121	1			0
Picture	2	other				447787	1	2000	2	0	1920
Sound	62	hit	1	6710	3	459784	2			0
Picture	204	other				494116	1	1999	3	0	1920
Sound	64	hit	2	4634	2	506089	1			0
Picture	1	other				540444	2	2000	3	0	1920
Sound	61	hit	1	10877	2	552424	1			0
Picture	123	other				587606	2	2000	3	0	1920
Sound	52	other				594675	2			7070
Sound	63	hit	2	11683	3	599597	1			0
Picture	103	other				634102	1	2000	2	0	1920
Sound	63	hit	2	6142	3	646081	1			0
Picture	11	other				681430	2	2000	4	0	1920
Sound	51	other				686069	2			4640
Sound	61	hit	1	11729	3	693403	2			0
Picture	202	other				728592	2	2000	4	0	1920
Sound	62	hit	1	7404	2	740576	1			0
Picture	204	other				775588	1	2000	2	0	1920
Sound	64	hit	2	5465	4	787569	2			0
Picture	101	other				821750	1	2000	2	0	1920
Sound	61	hit	1	8463	4	833724	2			0
Picture	4	other				868412	1	2000	2	0	1920
Sound	64	hit	2	7016	3	880388	2			0
Picture	1	other				914741	1	1999	3	0	1920
Sound	61	hit	1	6852	2	926723	1			0
Picture	1	other				962069	2	2000	3	0	1920
Sound	61	hit	1	6885	3	974045	2			0
Picture	103	other				1009565	1	1999	3	0	1920
Sound	63	hit	2	4752	3	1021548	1			0
Picture	202	other				1056893	2	2000	3	0	1920
Sound	62	hit	1	6720	2	1068870	1			0
Picture	103	other				1103222	1	2000	2	0	1920
Sound	63	hit	2	4604	2	1115205	1			0
Picture	2	other				1149551	1	2000	2	0	1920
Sound	62	hit	1	6295	3	1161539	2			0
Picture	204	other				1197546	1	2000	2	0	1920
Sound	64	hit	2	7111	2	1209520	1			0
Picture	103	other				1244208	1	2000	2	0	1920
Sound	63	hit	2	14256	2	1256184	1			0
Picture	101	other				1291370	1	2000	2	0	1920
Sound	61	hit	1	5584	2	1303357	1			0
Picture	3	other				1338365	2	2000	3	0	1920
Sound	63	hit	2	7109	3	1350350	1			0
Picture	103	other				1385361	1	2000	2	0	1920
Sound	63	hit	2	6528	4	1397343	2			0
Picture	23	other				1432023	1	1999	3	0	1920
Sound	52	other				1438442	2			6420
Sound	63	hit	2	5574	2	1444007	1			0
Picture	24	other				1479851	2	2000	3	0	1920
Sound	52	other				1486140	2			6290
Sound	64	incorrect	1	6341	2	1491839	1			0
Picture	3	other				1527513	2	2000	3	0	1920
Sound	63	hit	2	8240	3	1539490	1			0
Picture	4	other				1574175	2	2000	4	0	1920
Sound	64	hit	2	6367	3	1586154	1			0
Picture	2	other				1621671	1	1999	3	0	1920
Sound	62	hit	1	7347	3	1633656	2			0
Picture	202	other				1668499	2	2000	3	0	1920
Sound	62	hit	1	7895	2	1680470	1			0
Picture	101	other				1715328	2	2000	3	0	1920
Sound	61	hit	1	19101	3	1727313	2			0
Picture	4	other				1762990	1	2000	2	0	1920
Sound	64	hit	2	5209	3	1774965	1			0
Picture	212	other				1809319	1	1999	3	0	1920
Sound	51	other				1813948	2			4630
Sound	62	hit	1	6050	3	1821300	1			0
Picture	101	other				1856147	2	2000	4	0	1920
Sound	61	hit	1	7660	3	1868143	1			0
Picture	1	other				1904143	1	1999	3	0	1920
Sound	61	hit	1	5917	2	1916124	1			0
Picture	224	other				1951138	2	2000	3	0	1920
Sound	52	other				1957247	2			6110
Sound	64	hit	2	7533	2	1963117	1			0
Picture	13	other				1998300	2	2000	3	0	1920
Sound	51	other				2001709	2			3410
Sound	63	hit	2	11042	3	2010290	1			0
Picture	101	other				2045962	1	2000	2	0	1920
Sound	61	hit	1	7047	3	2057942	1			0
Picture	2	other				2093457	2	2000	3	0	1920
Sound	62	hit	1	8039	3	2105444	1			0
Picture	121	other				2141453	1	1999	3	0	1920
Sound	52	other				2147112	1			5660
Sound	61	hit	1	6807	3	2153425	1			0
Picture	202	other				2189114	2	2000	4	0	1920
Sound	62	hit	1	6680	4	2201106	2			0
Picture	4	other				2236276	2	2000	4	0	1920
Sound	64	hit	2	6456	3	2248249	1			0
Picture	3	other				2284105	2	2000	3	0	1920
Sound	63	hit	2	6794	4	2296080	2			0
Picture	2	other				2330267	2	2000	3	0	1920
Sound	62	hit	1	10191	4	2342265	2			0
Picture	222	other				2376763	1	1999	3	0	1920
Sound	52	other				2385032	2			8270
Sound	62	hit	1	6983	2	2388750	1			0
Picture	101	other				2422925	1	1999	3	0	1920
Sound	61	hit	1	7955	2	2434905	1			0
Picture	103	other				2469753	2	2000	4	0	1920
Sound	63	hit	2	5033	3	2481748	2			0
Picture	111	other				2517415	2	2000	4	0	1920
Sound	51	other				2520255	1			2840
Sound	61	hit	1	7799	2	2529400	1			0
Picture	204	other				2565244	1	1999	3	0	1920
Sound	64	hit	2	7936	3	2577231	2			0
Picture	14	other				2612073	1	1999	3	0	1920
Sound	51	other				2616572	1			4500
Sound	64	hit	2	5117	3	2624045	1			0
Picture	3	other				2658901	2	2000	3	0	1920
Sound	63	hit	2	8150	3	2670888	2			0
Picture	202	other				2706563	2	2000	3	0	1920
Sound	62	hit	1	9998	3	2718540	1			0
Picture	3	other				2754058	2	2000	4	0	1920
Sound	63	hit	2	9693	103	2766042	1			0
Picture	4	other				2800387	2	2000	3	0	1920
Sound	64	hit	2	7156	3	2812377	1			0
Picture	113	other				2846883	1	1999	3	0	1920
Sound	51	other				2851792	2			4910
Sound	63	hit	2	5902	3	2858861	1			0
Picture	1	other				2895045	1	1999	3	0	1920
Sound	61	hit	1	7148	3	2907022	1			0
Picture	21	other				2942707	1	1999	3	0	1920
Sound	52	other				2950426	1			7720
Sound	61	hit	1	10038	3	2954703	2			0
Picture	1	other				2990202	1	2000	2	0	1920
Sound	61	hit	1	9903	3	3002175	2			0
Picture	214	other				3037864	1	1999	3	0	1920
Sound	51	other				3040403	1			2540
Sound	64	hit	2	5577	2	3049857	1			0
Picture	4	other				3085026	1	1999	3	0	1920
Sound	64	hit	2	7766	2	3097000	1			0
Picture	202	other				3133188	1	1999	3	0	1920
Sound	62	hit	1	8330	3	3145161	1			0
