Scenario - 17_March_2015
Logfile written - 06/09/2016 11:03:59

Subject	Trial	Event Type	Code	Time	TTime	Uncertainty	Duration	Uncertainty	ReqTime	ReqDur	Stim Type	Pair Index

fp4	1	Response	253	8339	18172	1
fp4	2	Picture	10	8498	0	1	20165	2	0	20000	other	0
fp4	3	Picture	10	28829	0	2	40163	4	0	40000	other	0
fp4	3	Response	251	64440	35611	1
fp4	4	Picture	10	69159	0	1	40163	3	0	40000	other	0
fp4	4	Response	252	98571	29412	1
fp4	5	Sound	111	109402	0	2			0		hit	8
fp4	5	Response	251	122909	13507	1
fp4	6	Sound	122	140472	0	2			0		hit	10
fp4	6	Response	252	149290	8818	1
fp4	7	Sound	111	171542	0	2			0		hit	12
fp4	7	Response	251	177661	6119	2
fp4	8	Sound	121	202612	0	1			0		hit	14
fp4	8	Response	252	214384	11772	1
fp4	9	Sound	112	233682	0	1			0		hit	16
fp4	9	Response	251	240347	6665	1
fp4	10	Sound	111	264752	0	2			0		hit	18
fp4	10	Response	251	273044	8292	1
fp4	11	Sound	122	295822	0	2			0		hit	20
fp4	11	Response	252	304239	8417	1
fp4	12	Sound	111	326892	0	2			0		hit	22
fp4	12	Response	251	331948	5056	1
fp4	13	Sound	121	357962	0	1			0		hit	24
fp4	13	Response	252	367497	9535	1
fp4	14	Sound	112	389032	0	1			0		hit	26
fp4	14	Response	251	397272	8240	1
fp4	15	Sound	121	420102	0	1			0		hit	28
fp4	15	Response	252	429171	9069	1
fp4	16	Sound	121	451172	0	1			0		hit	30
fp4	16	Response	252	467855	16683	1
fp4	17	Sound	112	482242	0	1			0		hit	32
fp4	17	Response	251	489965	7723	1
fp4	18	Sound	112	513312	0	1			0		hit	34
fp4	18	Response	251	521895	8583	1
fp4	19	Sound	122	544382	0	1			0		hit	36
fp4	19	Response	252	555980	11598	1
fp4	20	Sound	122	575452	0	1			0		hit	38
fp4	20	Response	252	584833	9381	1


Event Type	Code	Type	Response	RT	RT Uncertainty	Time	Uncertainty	Duration	Uncertainty	ReqTime	ReqDur

Picture	10	other				8498	1	20165	2	0	20000
Picture	10	other				28829	2	40163	4	0	40000
Picture	10	other				69159	1	40163	3	0	40000
Sound	111	hit	1	13507	3	109402	2			0
Sound	122	hit	2	8818	3	140472	2			0
Sound	111	hit	1	6119	4	171542	2			0
Sound	121	hit	2	11772	2	202612	1			0
Sound	112	hit	1	6665	2	233682	1			0
Sound	111	hit	1	8292	3	264752	2			0
Sound	122	hit	2	8417	3	295822	2			0
Sound	111	hit	1	5056	3	326892	2			0
Sound	121	hit	2	9535	2	357962	1			0
Sound	112	hit	1	8240	2	389032	1			0
Sound	121	hit	2	9069	2	420102	1			0
Sound	121	hit	2	16683	2	451172	1			0
Sound	112	hit	1	7723	2	482242	1			0
Sound	112	hit	1	8583	2	513312	1			0
Sound	122	hit	2	11598	2	544382	1			0
Sound	122	hit	2	9381	2	575452	1			0
