Scenario - 17_March_2015
Logfile written - 06/09/2016 11:30:46

Subject	Trial	Event Type	Code	Time	TTime	Uncertainty	Duration	Uncertainty	ReqTime	ReqDur	Stim Type	Pair Index

fp4	1	Response	253	10001	19835	1
fp4	2	Picture	10	10164	0	1	20165	2	0	20000	other	0
fp4	3	Picture	10	30495	0	2	40164	3	0	40000	other	0
fp4	3	Response	251	58121	27626	2
fp4	4	Picture	10	70825	0	2	40164	3	0	40000	other	0
fp4	4	Response	252	88480	17655	2
fp4	5	Nothing	91	110991	0	1			0		other	0
fp4	6	Picture	204	141153	0	1	1999	3	0	1920	other	0
fp4	7	Sound	64	153134	0	1			0		hit	10
fp4	7	Response	252	161542	8408	1
fp4	8	Picture	222	187982	0	2	2000	3	0	1920	other	0
fp4	8	Sound	52	195381	7399	2			7400		other	0
fp4	9	Sound	62	199978	0	2			0		hit	14
fp4	9	Response	251	211956	11978	1
fp4	10	Picture	12	235311	0	2	2000	4	0	1920	other	0
fp4	10	Sound	51	240121	4810	1			4810		other	0
fp4	11	Sound	62	247302	0	1			0		hit	18
fp4	11	Response	251	261016	13714	1
fp4	12	Picture	204	283307	0	2	2000	4	0	1920	other	0
fp4	13	Sound	64	295284	0	1			0		hit	21
fp4	13	Response	252	302725	7441	1
fp4	14	Picture	22	329637	0	1	2000	2	0	1920	other	0
fp4	14	Sound	52	337746	8109	2			8110		other	0
fp4	15	Sound	62	341619	0	2			0		hit	25
fp4	15	Response	251	350941	9322	2
fp4	16	Picture	4	376133	0	2	2000	3	0	1920	other	0
fp4	17	Sound	64	388105	0	1			0		hit	28
fp4	17	Response	252	395722	7617	2
fp4	18	Picture	13	424129	0	2	2000	3	0	1920	other	0
fp4	18	Sound	51	429248	5119	2			5120		other	0
fp4	19	Sound	63	436116	0	2			0		incorrect	32
fp4	19	Response	251	451789	15673	2
fp4	19	Response	252	453169	17053	2
fp4	20	Picture	103	470625	0	1	2000	2	0	1920	other	0
fp4	21	Sound	63	482602	0	1			0		hit	36
fp4	21	Response	252	492444	9842	1
fp4	21	Response	251	496223	13621	1
fp4	22	Picture	3	517621	0	1	2000	2	0	1920	other	0
fp4	23	Sound	63	529596	0	1			0		hit	40
fp4	23	Response	252	543515	13919	2
fp4	23	Response	251	548035	18439	2
fp4	24	Picture	2	565450	0	2	2000	4	0	1920	other	0
fp4	25	Sound	62	577428	0	1			0		hit	44
fp4	25	Response	251	585681	8253	2
fp4	26	Picture	101	611780	0	1	2000	2	0	1920	other	0
fp4	27	Sound	61	623763	0	2			0		hit	47
fp4	27	Response	251	631802	8039	1
fp4	28	Picture	1	659109	0	2	2000	3	0	1920	other	0
fp4	29	Sound	61	671087	0	1			0		hit	50
fp4	29	Response	251	693106	22019	1
fp4	30	Picture	3	707105	0	2	2000	3	0	1920	other	0
fp4	31	Sound	63	719099	0	1			0		hit	53
fp4	31	Response	252	729749	10650	2
fp4	32	Picture	1	754101	0	1	2000	2	0	1920	other	0
fp4	33	Sound	61	766093	0	1			0		hit	56
fp4	33	Response	251	782825	16732	2
fp4	34	Picture	3	800764	0	1	2000	2	0	1920	other	0
fp4	35	Sound	63	812757	0	2			0		hit	59
fp4	35	Response	252	823139	10382	2
fp4	35	Response	251	827326	14569	1
fp4	36	Picture	214	848260	0	1	2000	2	0	1920	other	0
fp4	36	Sound	51	852809	4549	1			4550		other	0
fp4	37	Sound	64	860231	0	1			0		hit	64
fp4	37	Response	252	870765	10534	2
fp4	38	Picture	14	894423	0	1	1999	3	0	1920	other	0
fp4	38	Sound	51	899812	5389	2			5390		other	0
fp4	39	Sound	64	906416	0	2			0		hit	68
fp4	39	Response	252	914024	7608	2
fp4	40	Picture	202	941252	0	2	2000	3	0	1920	other	0
fp4	41	Sound	62	953231	0	1			0		hit	71
fp4	41	Response	251	963651	10420	2
fp4	42	Picture	4	988415	0	1	1999	3	0	1920	other	0
fp4	43	Sound	64	1000405	0	1			0		hit	74
fp4	43	Response	252	1024713	24308	1
fp4	44	Picture	101	1035577	0	2	2000	4	0	1920	other	0
fp4	45	Sound	61	1047548	0	2			0		hit	77
fp4	45	Response	251	1059873	12325	1
fp4	46	Picture	24	1082073	0	2	2000	4	0	1920	other	0
fp4	46	Sound	52	1087912	5839	2			5840		other	0
fp4	47	Sound	64	1094063	0	2			0		hit	81
fp4	47	Response	252	1114093	20030	1
fp4	48	Picture	103	1129569	0	2	2000	4	0	1920	other	0
fp4	49	Sound	63	1141567	0	1			0		hit	84
fp4	49	Response	252	1153381	11814	2
fp4	50	Picture	121	1176899	0	1	2000	2	0	1920	other	0
fp4	50	Sound	52	1185208	8309	2			8310		other	0
fp4	51	Sound	61	1188890	0	1			0		hit	88
fp4	51	Response	251	1199062	10172	1
fp4	52	Picture	103	1223228	0	2	2000	4	0	1920	other	0
fp4	53	Sound	63	1235225	0	2			0		hit	91
fp4	53	Response	252	1244211	8986	1
fp4	54	Picture	2	1269724	0	2	2000	4	0	1920	other	0
fp4	55	Sound	62	1281711	0	1			0		hit	94
fp4	55	Response	251	1290145	8434	1
fp4	56	Picture	111	1316220	0	2	2000	4	0	1920	other	0
fp4	56	Sound	51	1319259	3039	2			3040		other	0
fp4	57	Sound	61	1328196	0	1			0		hit	98
fp4	57	Response	251	1343301	15105	2
fp4	58	Picture	101	1362550	0	1	2000	2	0	1920	other	0
fp4	59	Sound	61	1374532	0	1			0		hit	101
fp4	59	Response	251	1381968	7436	2
fp4	60	Picture	103	1409379	0	2	2000	3	0	1920	other	0
fp4	61	Sound	63	1421376	0	1			0		hit	104
fp4	61	Response	252	1430379	9003	1
fp4	61	Response	251	1435375	13999	2
fp4	62	Picture	204	1457209	0	1	1999	3	0	1920	other	0
fp4	63	Sound	64	1469208	0	1			0		hit	108
fp4	63	Response	252	1479503	10295	2
fp4	64	Picture	4	1504371	0	2	2000	4	0	1920	other	0
fp4	65	Sound	64	1516352	0	1			0		hit	111
fp4	65	Response	252	1525059	8707	1
fp4	65	Response	251	1529042	12690	1
fp4	66	Picture	101	1550701	0	1	1999	3	0	1920	other	0
fp4	67	Sound	61	1562688	0	1			0		hit	115
fp4	67	Response	251	1569586	6898	2
fp4	68	Picture	202	1597863	0	2	2000	4	0	1920	other	0
fp4	69	Sound	62	1609861	0	1			0		hit	118
fp4	69	Response	251	1619114	9253	1
fp4	70	Picture	2	1644359	0	2	2000	4	0	1920	other	0
fp4	71	Sound	62	1656346	0	2			0		hit	121
fp4	71	Response	251	1663553	7207	2
fp4	72	Picture	113	1692022	0	2	2000	3	0	1920	other	0
fp4	72	Sound	51	1694891	2869	2			2870		other	0
fp4	73	Sound	63	1703999	0	1			0		hit	125
fp4	73	Response	252	1712372	8373	2
fp4	73	Response	251	1715980	11981	1
fp4	74	Picture	101	1739351	0	2	2000	4	0	1920	other	0
fp4	75	Sound	61	1751322	0	2			0		hit	129
fp4	75	Response	251	1762463	11141	2
fp4	76	Picture	204	1787347	0	2	2000	4	0	1920	other	0
fp4	77	Sound	64	1799334	0	1			0		hit	132
fp4	77	Response	252	1810353	11019	2
fp4	78	Picture	4	1833677	0	1	2000	2	0	1920	other	0
fp4	79	Sound	64	1845670	0	1			0		hit	135
fp4	79	Response	252	1854092	8422	1
fp4	79	Response	251	1857695	12025	2
fp4	79	Response	251	1867843	22173	2
fp4	79	Response	251	1868149	22479	1
fp4	79	Response	251	1868338	22668	2
fp4	80	Picture	103	1880006	0	2	2000	4	0	1920	other	0
fp4	81	Sound	63	1892005	0	2			0		hit	142
fp4	81	Response	252	1902289	10284	1
fp4	81	Response	251	1905761	13756	1
fp4	81	Response	251	1921483	29478	1
fp4	81	Response	251	1921687	29682	1
fp4	81	Response	251	1922152	30147	1
fp4	82	Picture	204	1926836	0	1	1999	3	0	1920	other	0
fp4	83	Sound	64	1938820	0	1			0		hit	149
fp4	83	Response	252	1946417	7597	1
fp4	83	Response	251	1949692	10872	1
fp4	84	Picture	202	1974665	0	1	2000	2	0	1920	other	0
fp4	85	Sound	62	1986652	0	2			0		hit	153
fp4	85	Response	251	1996536	9884	1
fp4	86	Picture	1	2021494	0	2	2000	4	0	1920	other	0
fp4	87	Sound	61	2033467	0	1			0		hit	156
fp4	87	Response	251	2042285	8818	1
fp4	88	Picture	2	2068824	0	1	1999	3	0	1920	other	0
fp4	89	Sound	62	2080820	0	1			0		hit	159
fp4	89	Response	251	2088327	7507	2
fp4	90	Picture	3	2116486	0	2	2000	4	0	1920	other	0
fp4	91	Sound	63	2128472	0	2			0		hit	162
fp4	91	Response	252	2137631	9159	1
fp4	91	Response	251	2140890	12418	1
fp4	92	Picture	1	2164316	0	1	1999	3	0	1920	other	0
fp4	93	Sound	61	2176305	0	1			0		hit	166
fp4	93	Response	251	2185859	9554	2
fp4	94	Picture	4	2211645	0	2	2000	3	0	1920	other	0
fp4	95	Sound	64	2223628	0	1			0		hit	169
fp4	95	Response	252	2231837	8209	1
fp4	96	Picture	3	2259474	0	2	2000	4	0	1920	other	0
fp4	97	Sound	63	2271460	0	1			0		hit	172
fp4	97	Response	252	2283560	12100	2
fp4	98	Picture	23	2306637	0	2	2000	3	0	1920	other	0
fp4	98	Sound	52	2313176	6539	1			6540		other	0
fp4	99	Sound	63	2318634	0	1			0		hit	176
fp4	99	Response	252	2330473	11839	2
fp4	100	Picture	3	2352967	0	1	1999	3	0	1920	other	0
fp4	101	Sound	63	2364940	0	1			0		hit	179
fp4	101	Response	252	2371836	6896	2
fp4	102	Picture	1	2399296	0	1	2000	2	0	1920	other	0
fp4	103	Sound	61	2411275	0	1			0		hit	182
fp4	103	Response	251	2418973	7698	2
fp4	104	Picture	103	2446958	0	2	2000	4	0	1920	other	0
fp4	105	Sound	63	2458958	0	1			0		hit	185
fp4	105	Response	252	2467187	8229	1
fp4	105	Response	251	2471064	12106	2
fp4	106	Picture	204	2493621	0	2	2000	4	0	1920	other	0
fp4	107	Sound	64	2505593	0	1			0		hit	189
fp4	107	Response	252	2518931	13338	1
fp4	108	Picture	202	2540784	0	1	2000	2	0	1920	other	0
fp4	109	Sound	62	2552766	0	1			0		hit	192
fp4	109	Response	251	2564936	12170	1
fp4	110	Picture	202	2588113	0	2	2000	4	0	1920	other	0
fp4	111	Sound	62	2600090	0	1			0		miss	0
fp4	111	Response	252	2631220	31130	1
fp4	112	Picture	2	2635609	0	2	2000	3	0	1920	other	0
fp4	113	Sound	62	2647592	0	2			0		incorrect	198
fp4	113	Response	252	2661817	14225	2
fp4	114	Picture	1	2682772	0	2	1999	4	0	1920	other	0
fp4	115	Sound	61	2694766	0	1			0		incorrect	201
fp4	115	Response	252	2704460	9694	1
fp4	116	Picture	224	2730435	0	1	1999	3	0	1920	other	0
fp4	116	Sound	52	2736054	5619	2			5620		other	0
fp4	117	Sound	64	2742419	0	1			0		hit	205
fp4	117	Response	252	2751691	9272	1
fp4	118	Picture	11	2777097	0	2	2000	4	0	1920	other	0
fp4	118	Sound	51	2781936	4839	2			4840		other	0
fp4	119	Sound	61	2789084	0	1			0		hit	209
fp4	119	Response	251	2797212	8128	1
fp4	120	Picture	202	2824094	0	1	1999	3	0	1920	other	0
fp4	121	Sound	62	2836078	0	1			0		hit	212
fp4	121	Response	251	2843816	7738	1
fp4	122	Picture	123	2871256	0	2	2000	3	0	1920	other	0
fp4	122	Sound	52	2879655	8399	1			8400		other	0
fp4	123	Sound	63	2883251	0	2			0		hit	216
fp4	123	Response	252	2892106	8855	2
fp4	124	Picture	21	2918252	0	2	2000	3	0	1920	other	0
fp4	124	Sound	52	2924251	5999	1			6000		other	0
fp4	125	Sound	61	2930245	0	2			0		hit	220
fp4	125	Response	251	2954222	23977	1
fp4	126	Picture	2	2964748	0	2	2000	3	0	1920	other	0
fp4	127	Sound	62	2976731	0	1			0		hit	223
fp4	127	Response	251	2984790	8059	1
fp4	128	Picture	101	3011411	0	1	2000	2	0	1920	other	0
fp4	129	Sound	61	3023396	0	1			0		hit	226
fp4	129	Response	251	3040384	16988	1
fp4	130	Picture	4	3059407	0	1	2000	2	0	1920	other	0
fp4	131	Sound	64	3071377	0	2			0		hit	229
fp4	131	Response	252	3079359	7982	1
fp4	132	Picture	212	3107236	0	2	2000	3	0	1920	other	0
fp4	132	Sound	51	3112085	4849	1			4850		other	0
fp4	133	Sound	62	3119210	0	1			0		hit	233
fp4	133	Response	251	3129630	10420	1
fp4	134	Response	253	3360832	205767	2


Event Type	Code	Type	Response	RT	RT Uncertainty	Time	Uncertainty	Duration	Uncertainty	ReqTime	ReqDur

Picture	10	other				10164	1	20165	2	0	20000
Picture	10	other				30495	2	40164	3	0	40000
Picture	10	other				70825	2	40164	3	0	40000
Nothing	91	other				110991	1			0
Picture	204	other				141153	1	1999	3	0	1920
Sound	64	hit	2	8408	2	153134	1			0
Picture	222	other				187982	2	2000	3	0	1920
Sound	52	other				195381	2			7400
Sound	62	hit	1	11978	3	199978	2			0
Picture	12	other				235311	2	2000	4	0	1920
Sound	51	other				240121	1			4810
Sound	62	hit	1	13714	2	247302	1			0
Picture	204	other				283307	2	2000	4	0	1920
Sound	64	hit	2	7441	2	295284	1			0
Picture	22	other				329637	1	2000	2	0	1920
Sound	52	other				337746	2			8110
Sound	62	hit	1	9322	4	341619	2			0
Picture	4	other				376133	2	2000	3	0	1920
Sound	64	hit	2	7617	3	388105	1			0
Picture	13	other				424129	2	2000	3	0	1920
Sound	51	other				429248	2			5120
Sound	63	incorrect	1	15673	4	436116	2			0
Picture	103	other				470625	1	2000	2	0	1920
Sound	63	hit	2	9842	2	482602	1			0
Picture	3	other				517621	1	2000	2	0	1920
Sound	63	hit	2	13919	3	529596	1			0
Picture	2	other				565450	2	2000	4	0	1920
Sound	62	hit	1	8253	3	577428	1			0
Picture	101	other				611780	1	2000	2	0	1920
Sound	61	hit	1	8039	3	623763	2			0
Picture	1	other				659109	2	2000	3	0	1920
Sound	61	hit	1	22019	2	671087	1			0
Picture	3	other				707105	2	2000	3	0	1920
Sound	63	hit	2	10650	3	719099	1			0
Picture	1	other				754101	1	2000	2	0	1920
Sound	61	hit	1	16732	3	766093	1			0
Picture	3	other				800764	1	2000	2	0	1920
Sound	63	hit	2	10382	4	812757	2			0
Picture	214	other				848260	1	2000	2	0	1920
Sound	51	other				852809	1			4550
Sound	64	hit	2	10534	3	860231	1			0
Picture	14	other				894423	1	1999	3	0	1920
Sound	51	other				899812	2			5390
Sound	64	hit	2	7608	4	906416	2			0
Picture	202	other				941252	2	2000	3	0	1920
Sound	62	hit	1	10420	3	953231	1			0
Picture	4	other				988415	1	1999	3	0	1920
Sound	64	hit	2	24308	2	1000405	1			0
Picture	101	other				1035577	2	2000	4	0	1920
Sound	61	hit	1	12325	3	1047548	2			0
Picture	24	other				1082073	2	2000	4	0	1920
Sound	52	other				1087912	2			5840
Sound	64	hit	2	20030	3	1094063	2			0
Picture	103	other				1129569	2	2000	4	0	1920
Sound	63	hit	2	11814	3	1141567	1			0
Picture	121	other				1176899	1	2000	2	0	1920
Sound	52	other				1185208	2			8310
Sound	61	hit	1	10172	2	1188890	1			0
Picture	103	other				1223228	2	2000	4	0	1920
Sound	63	hit	2	8986	3	1235225	2			0
Picture	2	other				1269724	2	2000	4	0	1920
Sound	62	hit	1	8434	2	1281711	1			0
Picture	111	other				1316220	2	2000	4	0	1920
Sound	51	other				1319259	2			3040
Sound	61	hit	1	15105	3	1328196	1			0
Picture	101	other				1362550	1	2000	2	0	1920
Sound	61	hit	1	7436	3	1374532	1			0
Picture	103	other				1409379	2	2000	3	0	1920
Sound	63	hit	2	9003	2	1421376	1			0
Picture	204	other				1457209	1	1999	3	0	1920
Sound	64	hit	2	10295	3	1469208	1			0
Picture	4	other				1504371	2	2000	4	0	1920
Sound	64	hit	2	8707	2	1516352	1			0
Picture	101	other				1550701	1	1999	3	0	1920
Sound	61	hit	1	6898	3	1562688	1			0
Picture	202	other				1597863	2	2000	4	0	1920
Sound	62	hit	1	9253	2	1609861	1			0
Picture	2	other				1644359	2	2000	4	0	1920
Sound	62	hit	1	7207	4	1656346	2			0
Picture	113	other				1692022	2	2000	3	0	1920
Sound	51	other				1694891	2			2870
Sound	63	hit	2	8373	3	1703999	1			0
Picture	101	other				1739351	2	2000	4	0	1920
Sound	61	hit	1	11141	4	1751322	2			0
Picture	204	other				1787347	2	2000	4	0	1920
Sound	64	hit	2	11019	3	1799334	1			0
Picture	4	other				1833677	1	2000	2	0	1920
Sound	64	hit	2	8422	2	1845670	1			0
Picture	103	other				1880006	2	2000	4	0	1920
Sound	63	hit	2	10284	3	1892005	2			0
Picture	204	other				1926836	1	1999	3	0	1920
Sound	64	hit	2	7597	2	1938820	1			0
Picture	202	other				1974665	1	2000	2	0	1920
Sound	62	hit	1	9884	3	1986652	2			0
Picture	1	other				2021494	2	2000	4	0	1920
Sound	61	hit	1	8818	2	2033467	1			0
Picture	2	other				2068824	1	1999	3	0	1920
Sound	62	hit	1	7507	3	2080820	1			0
Picture	3	other				2116486	2	2000	4	0	1920
Sound	63	hit	2	9159	3	2128472	2			0
Picture	1	other				2164316	1	1999	3	0	1920
Sound	61	hit	1	9554	3	2176305	1			0
Picture	4	other				2211645	2	2000	3	0	1920
Sound	64	hit	2	8209	2	2223628	1			0
Picture	3	other				2259474	2	2000	4	0	1920
Sound	63	hit	2	12100	3	2271460	1			0
Picture	23	other				2306637	2	2000	3	0	1920
Sound	52	other				2313176	1			6540
Sound	63	hit	2	11839	3	2318634	1			0
Picture	3	other				2352967	1	1999	3	0	1920
Sound	63	hit	2	6896	3	2364940	1			0
Picture	1	other				2399296	1	2000	2	0	1920
Sound	61	hit	1	7698	3	2411275	1			0
Picture	103	other				2446958	2	2000	4	0	1920
Sound	63	hit	2	8229	2	2458958	1			0
Picture	204	other				2493621	2	2000	4	0	1920
Sound	64	hit	2	13338	2	2505593	1			0
Picture	202	other				2540784	1	2000	2	0	1920
Sound	62	hit	1	12170	2	2552766	1			0
Picture	202	other				2588113	2	2000	4	0	1920
Sound	62	miss				2600090	1			0
Picture	2	other				2635609	2	2000	3	0	1920
Sound	62	incorrect	2	14225	4	2647592	2			0
Picture	1	other				2682772	2	1999	4	0	1920
Sound	61	incorrect	2	9694	2	2694766	1			0
Picture	224	other				2730435	1	1999	3	0	1920
Sound	52	other				2736054	2			5620
Sound	64	hit	2	9272	2	2742419	1			0
Picture	11	other				2777097	2	2000	4	0	1920
Sound	51	other				2781936	2			4840
Sound	61	hit	1	8128	2	2789084	1			0
Picture	202	other				2824094	1	1999	3	0	1920
Sound	62	hit	1	7738	2	2836078	1			0
Picture	123	other				2871256	2	2000	3	0	1920
Sound	52	other				2879655	1			8400
Sound	63	hit	2	8855	4	2883251	2			0
Picture	21	other				2918252	2	2000	3	0	1920
Sound	52	other				2924251	1			6000
Sound	61	hit	1	23977	3	2930245	2			0
Picture	2	other				2964748	2	2000	3	0	1920
Sound	62	hit	1	8059	2	2976731	1			0
Picture	101	other				3011411	1	2000	2	0	1920
Sound	61	hit	1	16988	2	3023396	1			0
Picture	4	other				3059407	1	2000	2	0	1920
Sound	64	hit	2	7982	3	3071377	2			0
Picture	212	other				3107236	2	2000	3	0	1920
Sound	51	other				3112085	1			4850
Sound	62	hit	1	10420	2	3119210	1			0
