Scenario - 17_March_2015
Logfile written - 06/09/2016 11:24:35

Subject	Trial	Event Type	Code	Time	TTime	Uncertainty	Duration	Uncertainty	ReqTime	ReqDur	Stim Type	Pair Index

fp4	1	Response	253	20110	29944	1
fp4	2	Picture	10	20163	0	2	20165	3	0	20000	other	0
fp4	3	Picture	10	40494	0	2	40164	3	0	40000	other	0
fp4	3	Response	251	62381	21887	2
fp4	4	Picture	10	80825	0	1	40162	3	0	40000	other	0
fp4	4	Response	252	96615	15790	1
fp4	5	Nothing	91	120990	0	1			0		other	0
fp4	6	Picture	21	151152	0	1	2000	2	0	1920	other	0
fp4	6	Sound	52	157041	5889	2			5890		other	0
fp4	7	Sound	61	163132	0	1			0		hit	11
fp4	7	Response	251	175395	12263	2
fp4	8	Picture	3	198815	0	1	1999	3	0	1920	other	0
fp4	9	Sound	63	210814	0	1			0		hit	14
fp4	9	Response	252	220590	9776	2
fp4	10	Picture	1	245644	0	1	1999	3	0	1920	other	0
fp4	11	Sound	61	257629	0	1			0		hit	17
fp4	11	Response	251	268186	10557	1
fp4	12	Picture	113	291807	0	1	2000	2	0	1920	other	0
fp4	12	Sound	51	294606	2799	2			2800		other	0
fp4	13	Sound	63	303785	0	1			0		hit	21
fp4	13	Response	252	314323	10538	1
fp4	14	Picture	202	338470	0	1	1999	3	0	1920	other	0
fp4	15	Sound	62	350450	0	1			0		hit	24
fp4	15	Response	251	358695	8245	1
fp4	16	Picture	1	386466	0	1	1999	3	0	1920	other	0
fp4	17	Sound	61	398461	0	1			0		hit	27
fp4	17	Response	251	406125	7664	1
fp4	18	Picture	4	432962	0	1	1999	3	0	1920	other	0
fp4	19	Sound	64	444946	0	2			0		hit	30
fp4	19	Response	252	451663	6717	1
fp4	20	Picture	101	479124	0	2	2000	4	0	1920	other	0
fp4	21	Sound	61	491103	0	1			0		hit	33
fp4	21	Response	251	497742	6639	2
fp4	22	Picture	4	526954	0	1	1999	3	0	1920	other	0
fp4	23	Sound	64	538935	0	1			0		hit	36
fp4	23	Response	252	545716	6781	2
fp4	23	Response	251	549869	10934	1
fp4	24	Picture	3	574283	0	1	2000	2	0	1920	other	0
fp4	25	Sound	63	586258	0	1			0		miss	0
fp4	26	Picture	224	622112	0	2	2000	3	0	1920	false_alarm	41
fp4	26	Response	252	626490	4378	2
fp4	26	Sound	52	628451	6339	1			6340		other	0
fp4	27	Sound	64	634120	0	1			0		hit	44
fp4	27	Response	252	647431	13311	2
fp4	28	Picture	4	668775	0	1	2000	2	0	1920	other	0
fp4	29	Sound	64	680755	0	1			0		hit	47
fp4	29	Response	252	687978	7223	1
fp4	30	Picture	202	715938	0	1	1999	3	0	1920	other	0
fp4	31	Sound	62	727929	0	1			0		hit	50
fp4	31	Response	251	735770	7841	2
fp4	32	Picture	202	764100	0	2	2000	3	0	1920	other	0
fp4	33	Sound	62	776090	0	1			0		hit	53
fp4	33	Response	251	782166	6076	1
fp4	34	Picture	204	811263	0	2	2000	3	0	1920	other	0
fp4	35	Sound	64	823234	0	1			0		hit	56
fp4	35	Response	252	832325	9091	1
fp4	36	Picture	103	858426	0	1	2000	2	0	1920	other	0
fp4	37	Sound	63	870408	0	1			0		hit	59
fp4	37	Response	252	879253	8845	1
fp4	38	Picture	202	904755	0	2	2000	3	0	1920	other	0
fp4	39	Sound	62	916743	0	1			0		hit	62
fp4	39	Response	251	924916	8173	2
fp4	40	Picture	22	952251	0	2	2000	3	0	1920	other	0
fp4	40	Sound	52	960130	7879	2			7880		other	0
fp4	41	Sound	62	964246	0	2			0		hit	66
fp4	41	Response	251	972829	8583	2
fp4	42	Picture	202	999414	0	1	2000	2	0	1920	other	0
fp4	43	Sound	62	1011390	0	1			0		hit	69
fp4	43	Response	251	1020703	9313	2
fp4	44	Picture	103	1047410	0	1	2000	2	0	1920	other	0
fp4	45	Sound	63	1059402	0	1			0		hit	72
fp4	45	Response	252	1067964	8562	1
fp4	46	Picture	204	1094572	0	2	2000	4	0	1920	other	0
fp4	47	Sound	64	1106546	0	1			0		hit	75
fp4	47	Response	252	1115424	8878	1
fp4	47	Response	251	1118893	12347	1
fp4	48	Picture	23	1140902	0	1	2000	2	0	1920	other	0
fp4	48	Sound	52	1149211	8309	1			8310		other	0
fp4	49	Sound	63	1152881	0	1			0		incorrect	80
fp4	49	Response	251	1159967	7086	1
fp4	49	Response	252	1162041	9160	1
fp4	49	Response	251	1165724	12843	2
fp4	49	Response	251	1186956	34075	1
fp4	49	Response	251	1187103	34222	2
fp4	49	Response	251	1187409	34528	1
fp4	50	Picture	101	1188565	0	1	1999	3	0	1920	false_alarm	87
fp4	50	Response	251	1193595	5030	1
fp4	50	Response	251	1193784	5219	2
fp4	51	Sound	61	1200564	0	1			0		hit	90
fp4	51	Response	251	1208883	8319	1
fp4	52	Picture	3	1236394	0	2	2000	4	0	1920	other	0
fp4	53	Sound	63	1248366	0	1			0		hit	93
fp4	53	Response	252	1258824	10458	1
fp4	54	Picture	2	1283723	0	2	2000	3	0	1920	other	0
fp4	55	Sound	62	1295719	0	2			0		hit	96
fp4	55	Response	251	1303011	7292	1
fp4	56	Picture	3	1330552	0	3	2000	5	0	1920	other	0
fp4	57	Sound	63	1342534	0	1			0		hit	99
fp4	57	Response	252	1349732	7198	1
fp4	57	Response	251	1353394	10860	1
fp4	58	Picture	121	1378215	0	2	2000	4	0	1920	other	0
fp4	58	Sound	52	1386374	8159	2			8160		other	0
fp4	59	Sound	61	1390186	0	2			0		hit	104
fp4	59	Response	251	1396544	6358	1
fp4	60	Picture	1	1424878	0	1	2000	2	0	1920	other	0
fp4	61	Sound	61	1436851	0	1			0		hit	107
fp4	61	Response	251	1446056	9205	1
fp4	62	Picture	2	1472707	0	2	2000	3	0	1920	other	0
fp4	63	Sound	62	1484683	0	2			0		hit	110
fp4	63	Response	251	1492596	7913	2
fp4	64	Picture	103	1520203	0	2	2000	4	0	1920	other	0
fp4	65	Sound	63	1532186	0	2			0		hit	113
fp4	65	Response	252	1540829	8643	1
fp4	65	Response	251	1544755	12569	2
fp4	65	Response	251	1550541	18355	1
fp4	65	Response	251	1550643	18457	2
fp4	65	Response	251	1550747	18561	2
fp4	65	Response	251	1551089	18903	2
fp4	65	Response	251	1554447	22261	1
fp4	65	Response	251	1556746	24560	2
fp4	65	Response	251	1557572	25386	1
fp4	65	Response	251	1561621	29435	2
fp4	65	Response	251	1562083	29897	1
fp4	65	Response	251	1565111	32925	1
fp4	65	Response	251	1565331	33145	1
fp4	66	Picture	222	1567866	0	1	2000	2	0	1920	other	0
fp4	66	Sound	52	1573525	5659	2			5660		other	0
fp4	67	Sound	62	1579839	0	1			0		hit	129
fp4	67	Response	251	1581047	1208	1
fp4	67	Response	251	1589058	9219	2
fp4	68	Picture	14	1614195	0	2	2000	4	0	1920	other	0
fp4	68	Sound	51	1618424	4229	2			4230		other	0
fp4	69	Sound	64	1626175	0	1			0		hit	134
fp4	69	Response	252	1635797	9622	1
fp4	69	Response	251	1640235	14060	1
fp4	70	Picture	2	1661358	0	2	2000	3	0	1920	other	0
fp4	71	Sound	62	1673348	0	1			0		hit	138
fp4	71	Response	251	1683098	9750	2
fp4	72	Picture	103	1708187	0	2	2000	4	0	1920	other	0
fp4	73	Sound	63	1720163	0	1			0		hit	141
fp4	73	Response	252	1728333	8170	2
fp4	73	Response	251	1732224	12061	2
fp4	74	Picture	101	1754684	0	1	1999	3	0	1920	false_alarm	144
fp4	74	Response	251	1758216	3532	1
fp4	75	Sound	61	1766678	0	1			0		hit	146
fp4	75	Response	251	1775345	8667	1
fp4	76	Picture	111	1802513	0	1	2000	2	0	1920	other	0
fp4	76	Sound	51	1806242	3729	2			3730		other	0
fp4	77	Sound	61	1814510	0	1			0		hit	150
fp4	77	Response	251	1823155	8645	1
fp4	78	Picture	202	1849842	0	2	2000	3	0	1920	other	0
fp4	79	Sound	62	1861834	0	1			0		hit	153
fp4	79	Response	251	1872588	10754	2
fp4	80	Picture	1	1897505	0	1	2000	2	0	1920	other	0
fp4	81	Sound	61	1909486	0	1			0		hit	156
fp4	81	Response	251	1918095	8609	1
fp4	82	Picture	4	1944001	0	1	2000	2	0	1920	other	0
fp4	83	Sound	64	1955971	0	2			0		hit	159
fp4	83	Response	252	1964042	8071	2
fp4	84	Picture	101	1990664	0	1	2000	2	0	1920	other	0
fp4	85	Sound	61	2002636	0	1			0		hit	162
fp4	85	Response	251	2009515	6879	1
fp4	86	Picture	204	2036993	0	2	2000	3	0	1920	other	0
fp4	87	Sound	64	2048972	0	1			0		incorrect	165
fp4	87	Response	251	2054011	5039	1
fp4	87	Response	252	2055743	6771	1
fp4	87	Response	251	2059381	10409	1
fp4	88	Picture	13	2084489	0	2	2000	4	0	1920	other	0
fp4	88	Sound	51	2088318	3829	2			3830		other	0
fp4	89	Sound	63	2096475	0	1			0		hit	171
fp4	89	Response	252	2104990	8515	2
fp4	89	Response	251	2108420	11945	1
fp4	90	Picture	12	2132318	0	2	2000	4	0	1920	other	0
fp4	90	Sound	51	2137517	5199	2			5200		other	0
fp4	91	Sound	62	2144307	0	1			0		hit	176
fp4	91	Response	251	2151583	7276	1
fp4	92	Picture	204	2179815	0	1	1999	3	0	1920	other	0
fp4	93	Sound	64	2191810	0	1			0		hit	179
fp4	93	Response	252	2200470	8660	2
fp4	93	Response	251	2204873	13063	1
fp4	94	Picture	11	2227477	0	1	2000	2	0	1920	other	0
fp4	94	Sound	51	2230986	3509	2			3510		other	0
fp4	95	Sound	61	2239463	0	1			0		hit	184
fp4	95	Response	251	2246819	7356	1
fp4	96	Picture	3	2274640	0	1	1999	3	0	1920	other	0
fp4	97	Sound	63	2286636	0	1			0		hit	187
fp4	97	Response	252	2298466	11830	1
fp4	98	Picture	212	2322136	0	1	2000	2	0	1920	other	0
fp4	98	Sound	51	2326605	4469	2			4470		other	0
fp4	99	Sound	62	2334109	0	1			0		hit	191
fp4	99	Response	251	2341812	7703	1
fp4	100	Picture	1	2369965	0	1	2000	2	0	1920	other	0
fp4	101	Sound	61	2381941	0	2			0		hit	194
fp4	101	Response	251	2388965	7024	1
fp4	102	Picture	2	2416961	0	2	2000	3	0	1920	other	0
fp4	103	Sound	62	2428936	0	1			0		hit	197
fp4	103	Response	251	2438765	9829	1
fp4	104	Picture	1	2464624	0	1	2000	2	0	1920	other	0
fp4	105	Sound	61	2476618	0	1			0		hit	200
fp4	105	Response	251	2485144	8526	2
fp4	106	Picture	204	2512453	0	2	2000	3	0	1920	other	0
fp4	107	Sound	64	2524450	0	2			0		hit	203
fp4	107	Response	252	2535549	11099	1
fp4	108	Picture	103	2559449	0	2	2000	3	0	1920	other	0
fp4	109	Sound	63	2571444	0	2			0		hit	206
fp4	109	Response	252	2585114	13670	1
fp4	109	Response	251	2588896	17452	1
fp4	110	Picture	4	2606778	0	2	2000	4	0	1920	other	0
fp4	111	Sound	64	2618768	0	1			0		hit	210
fp4	111	Response	252	2626484	7716	1
fp4	111	Response	251	2629705	10937	2
fp4	111	Response	251	2634241	15473	1
fp4	112	Picture	204	2653108	0	1	2000	2	0	1920	other	0
fp4	113	Sound	64	2665103	0	2			0		hit	215
fp4	113	Response	252	2675009	9906	1
fp4	113	Response	251	2678285	13182	1
fp4	113	Response	251	2682481	17378	1
fp4	114	Picture	101	2700437	0	2	2000	3	0	1920	other	0
fp4	115	Sound	61	2712427	0	1			0		hit	220
fp4	115	Response	251	2720149	7722	1
fp4	116	Picture	4	2747266	0	2	2000	4	0	1920	other	0
fp4	117	Sound	64	2759241	0	1			0		hit	223
fp4	117	Response	252	2766451	7210	1
fp4	117	Response	251	2770228	10987	1
fp4	117	Response	251	2772143	12902	2
fp4	118	Picture	214	2793929	0	2	2000	4	0	1920	other	0
fp4	118	Sound	51	2798558	4629	2			4630		other	0
fp4	119	Sound	64	2805906	0	1			0		incorrect	229
fp4	119	Response	251	2812659	6753	1
fp4	119	Response	252	2814732	8826	1
fp4	119	Response	251	2817767	11861	1
fp4	120	Picture	2	2841092	0	1	2000	2	0	1920	other	0
fp4	121	Sound	62	2853080	0	1			0		hit	234
fp4	121	Response	251	2862089	9009	1
fp4	122	Picture	103	2887255	0	1	2000	2	0	1920	other	0
fp4	123	Sound	63	2899236	0	1			0		hit	237
fp4	123	Response	252	2908198	8962	1
fp4	123	Response	251	2911615	12379	1
fp4	124	Picture	101	2934417	0	2	2000	4	0	1920	other	0
fp4	125	Sound	61	2946409	0	2			0		hit	241
fp4	125	Response	251	2955527	9118	1
fp4	126	Picture	2	2980914	0	1	1999	3	0	1920	other	0
fp4	127	Sound	62	2992895	0	1			0		hit	244
fp4	127	Response	251	3001219	8324	2
fp4	128	Picture	24	3028076	0	2	2000	3	0	1920	other	0
fp4	128	Sound	52	3034435	6359	1			6360		other	0
fp4	129	Sound	64	3040068	0	2			0		hit	248
fp4	129	Response	252	3050367	10299	2
fp4	129	Response	251	3054778	14710	1
fp4	129	Response	251	3066764	26696	1
fp4	129	Response	251	3067781	27713	1
fp4	130	Picture	123	3074906	0	1	1999	3	0	1920	other	0
fp4	130	Sound	52	3080745	5839	1			5840		other	0
fp4	131	Sound	63	3086883	0	1			0		hit	255
fp4	131	Response	252	3095161	8278	1
fp4	131	Response	251	3099323	12440	2
fp4	132	Picture	3	3122902	0	1	1999	3	0	1920	other	0
fp4	133	Sound	63	3134894	0	2			0		hit	259
fp4	133	Response	252	3141642	6748	1
fp4	133	Response	251	3145503	10609	2
fp4	134	Response	252	3225278	56047	1
fp4	134	Response	253	3437100	267869	1


Event Type	Code	Type	Response	RT	RT Uncertainty	Time	Uncertainty	Duration	Uncertainty	ReqTime	ReqDur

Picture	10	other				20163	2	20165	3	0	20000
Picture	10	other				40494	2	40164	3	0	40000
Picture	10	other				80825	1	40162	3	0	40000
Nothing	91	other				120990	1			0
Picture	21	other				151152	1	2000	2	0	1920
Sound	52	other				157041	2			5890
Sound	61	hit	1	12263	3	163132	1			0
Picture	3	other				198815	1	1999	3	0	1920
Sound	63	hit	2	9776	3	210814	1			0
Picture	1	other				245644	1	1999	3	0	1920
Sound	61	hit	1	10557	2	257629	1			0
Picture	113	other				291807	1	2000	2	0	1920
Sound	51	other				294606	2			2800
Sound	63	hit	2	10538	2	303785	1			0
Picture	202	other				338470	1	1999	3	0	1920
Sound	62	hit	1	8245	2	350450	1			0
Picture	1	other				386466	1	1999	3	0	1920
Sound	61	hit	1	7664	2	398461	1			0
Picture	4	other				432962	1	1999	3	0	1920
Sound	64	hit	2	6717	3	444946	2			0
Picture	101	other				479124	2	2000	4	0	1920
Sound	61	hit	1	6639	3	491103	1			0
Picture	4	other				526954	1	1999	3	0	1920
Sound	64	hit	2	6781	3	538935	1			0
Picture	3	other				574283	1	2000	2	0	1920
Sound	63	miss				586258	1			0
Picture	224	false_alarm	2	4378	4	622112	2	2000	3	0	1920
Sound	52	other				628451	1			6340
Sound	64	hit	2	13311	3	634120	1			0
Picture	4	other				668775	1	2000	2	0	1920
Sound	64	hit	2	7223	2	680755	1			0
Picture	202	other				715938	1	1999	3	0	1920
Sound	62	hit	1	7841	3	727929	1			0
Picture	202	other				764100	2	2000	3	0	1920
Sound	62	hit	1	6076	2	776090	1			0
Picture	204	other				811263	2	2000	3	0	1920
Sound	64	hit	2	9091	2	823234	1			0
Picture	103	other				858426	1	2000	2	0	1920
Sound	63	hit	2	8845	2	870408	1			0
Picture	202	other				904755	2	2000	3	0	1920
Sound	62	hit	1	8173	3	916743	1			0
Picture	22	other				952251	2	2000	3	0	1920
Sound	52	other				960130	2			7880
Sound	62	hit	1	8583	4	964246	2			0
Picture	202	other				999414	1	2000	2	0	1920
Sound	62	hit	1	9313	3	1011390	1			0
Picture	103	other				1047410	1	2000	2	0	1920
Sound	63	hit	2	8562	2	1059402	1			0
Picture	204	other				1094572	2	2000	4	0	1920
Sound	64	hit	2	8878	2	1106546	1			0
Picture	23	other				1140902	1	2000	2	0	1920
Sound	52	other				1149211	1			8310
Sound	63	incorrect	1	7086	2	1152881	1			0
Picture	101	false_alarm	1	5030	2	1188565	1	1999	3	0	1920
Sound	61	hit	1	8319	2	1200564	1			0
Picture	3	other				1236394	2	2000	4	0	1920
Sound	63	hit	2	10458	2	1248366	1			0
Picture	2	other				1283723	2	2000	3	0	1920
Sound	62	hit	1	7292	3	1295719	2			0
Picture	3	other				1330552	3	2000	5	0	1920
Sound	63	hit	2	7198	2	1342534	1			0
Picture	121	other				1378215	2	2000	4	0	1920
Sound	52	other				1386374	2			8160
Sound	61	hit	1	6358	3	1390186	2			0
Picture	1	other				1424878	1	2000	2	0	1920
Sound	61	hit	1	9205	2	1436851	1			0
Picture	2	other				1472707	2	2000	3	0	1920
Sound	62	hit	1	7913	4	1484683	2			0
Picture	103	other				1520203	2	2000	4	0	1920
Sound	63	hit	2	8643	3	1532186	2			0
Picture	222	other				1567866	1	2000	2	0	1920
Sound	52	other				1573525	2			5660
Sound	62	hit	1	1208	2	1579839	1			0
Picture	14	other				1614195	2	2000	4	0	1920
Sound	51	other				1618424	2			4230
Sound	64	hit	2	9622	2	1626175	1			0
Picture	2	other				1661358	2	2000	3	0	1920
Sound	62	hit	1	9750	3	1673348	1			0
Picture	103	other				1708187	2	2000	4	0	1920
Sound	63	hit	2	8170	3	1720163	1			0
Picture	101	false_alarm	1	3532	2	1754684	1	1999	3	0	1920
Sound	61	hit	1	8667	2	1766678	1			0
Picture	111	other				1802513	1	2000	2	0	1920
Sound	51	other				1806242	2			3730
Sound	61	hit	1	8645	2	1814510	1			0
Picture	202	other				1849842	2	2000	3	0	1920
Sound	62	hit	1	10754	3	1861834	1			0
Picture	1	other				1897505	1	2000	2	0	1920
Sound	61	hit	1	8609	2	1909486	1			0
Picture	4	other				1944001	1	2000	2	0	1920
Sound	64	hit	2	8071	4	1955971	2			0
Picture	101	other				1990664	1	2000	2	0	1920
Sound	61	hit	1	6879	2	2002636	1			0
Picture	204	other				2036993	2	2000	3	0	1920
Sound	64	incorrect	1	5039	2	2048972	1			0
Picture	13	other				2084489	2	2000	4	0	1920
Sound	51	other				2088318	2			3830
Sound	63	hit	2	8515	3	2096475	1			0
Picture	12	other				2132318	2	2000	4	0	1920
Sound	51	other				2137517	2			5200
Sound	62	hit	1	7276	2	2144307	1			0
Picture	204	other				2179815	1	1999	3	0	1920
Sound	64	hit	2	8660	3	2191810	1			0
Picture	11	other				2227477	1	2000	2	0	1920
Sound	51	other				2230986	2			3510
Sound	61	hit	1	7356	2	2239463	1			0
Picture	3	other				2274640	1	1999	3	0	1920
Sound	63	hit	2	11830	2	2286636	1			0
Picture	212	other				2322136	1	2000	2	0	1920
Sound	51	other				2326605	2			4470
Sound	62	hit	1	7703	2	2334109	1			0
Picture	1	other				2369965	1	2000	2	0	1920
Sound	61	hit	1	7024	3	2381941	2			0
Picture	2	other				2416961	2	2000	3	0	1920
Sound	62	hit	1	9829	2	2428936	1			0
Picture	1	other				2464624	1	2000	2	0	1920
Sound	61	hit	1	8526	3	2476618	1			0
Picture	204	other				2512453	2	2000	3	0	1920
Sound	64	hit	2	11099	3	2524450	2			0
Picture	103	other				2559449	2	2000	3	0	1920
Sound	63	hit	2	13670	3	2571444	2			0
Picture	4	other				2606778	2	2000	4	0	1920
Sound	64	hit	2	7716	2	2618768	1			0
Picture	204	other				2653108	1	2000	2	0	1920
Sound	64	hit	2	9906	3	2665103	2			0
Picture	101	other				2700437	2	2000	3	0	1920
Sound	61	hit	1	7722	2	2712427	1			0
Picture	4	other				2747266	2	2000	4	0	1920
Sound	64	hit	2	7210	2	2759241	1			0
Picture	214	other				2793929	2	2000	4	0	1920
Sound	51	other				2798558	2			4630
Sound	64	incorrect	1	6753	2	2805906	1			0
Picture	2	other				2841092	1	2000	2	0	1920
Sound	62	hit	1	9009	2	2853080	1			0
Picture	103	other				2887255	1	2000	2	0	1920
Sound	63	hit	2	8962	2	2899236	1			0
Picture	101	other				2934417	2	2000	4	0	1920
Sound	61	hit	1	9118	3	2946409	2			0
Picture	2	other				2980914	1	1999	3	0	1920
Sound	62	hit	1	8324	3	2992895	1			0
Picture	24	other				3028076	2	2000	3	0	1920
Sound	52	other				3034435	1			6360
Sound	64	hit	2	10299	4	3040068	2			0
Picture	123	other				3074906	1	1999	3	0	1920
Sound	52	other				3080745	1			5840
Sound	63	hit	2	8278	2	3086883	1			0
Picture	3	other				3122902	1	1999	3	0	1920
Sound	63	hit	2	6748	3	3134894	2			0
