Scenario - 17_March_2015
Logfile written - 06/09/2016 12:07:35

Subject	Trial	Event Type	Code	Time	TTime	Uncertainty	Duration	Uncertainty	ReqTime	ReqDur	Stim Type	Pair Index

fp4	1	Response	253	7000	16833	1
fp4	2	Picture	10	7164	0	2	20165	3	0	20000	other	0
fp4	3	Picture	10	27496	0	2	40163	3	0	40000	other	0
fp4	3	Response	251	45613	18117	1
fp4	4	Picture	10	67826	0	1	40163	2	0	40000	other	0
fp4	4	Response	252	85232	17406	1
fp4	5	Nothing	91	107991	0	1			0		other	0
fp4	6	Picture	1	138153	0	2	2000	4	0	1920	other	0
fp4	7	Sound	61	150141	0	1			0		hit	10
fp4	7	Response	251	157341	7200	1
fp4	8	Picture	123	185649	0	2	2000	4	0	1920	other	0
fp4	8	Sound	52	191448	5799	1			5800		other	0
fp4	9	Sound	63	197644	0	1			0		hit	14
fp4	9	Response	252	208730	11086	1
fp4	10	Picture	101	233478	0	2	2000	4	0	1920	other	0
fp4	11	Sound	61	245476	0	1			0		hit	17
fp4	11	Response	251	253085	7609	2
fp4	12	Picture	204	280641	0	2	2000	3	0	1920	other	0
fp4	13	Sound	64	292620	0	1			0		hit	20
fp4	13	Response	252	299188	6568	1
fp4	14	Picture	3	327637	0	2	2000	3	0	1920	other	0
fp4	15	Sound	63	339614	0	1			0		hit	23
fp4	15	Response	252	349086	9472	1
fp4	16	Picture	2	374466	0	2	2001	3	0	1920	other	0
fp4	17	Sound	62	386458	0	2			0		hit	26
fp4	17	Response	251	391393	4935	2
fp4	18	Picture	202	420796	0	1	2000	2	0	1920	other	0
fp4	19	Sound	62	432794	0	1			0		hit	29
fp4	19	Response	251	440259	7465	1
fp4	20	Picture	212	466959	0	1	2000	2	0	1920	other	0
fp4	20	Sound	51	472348	5389	1			5390		other	0
fp4	21	Sound	62	478950	0	1			0		hit	33
fp4	21	Response	251	484747	5797	1
fp4	22	Picture	21	514288	0	2	2000	3	0	1920	other	0
fp4	22	Sound	52	521407	7119	2			7120		other	0
fp4	23	Sound	61	526273	0	1			0		hit	37
fp4	23	Response	251	531420	5147	1
fp4	24	Picture	101	560784	0	2	2000	4	0	1920	other	0
fp4	25	Sound	61	572759	0	1			0		hit	40
fp4	25	Response	251	578252	5493	2
fp4	26	Picture	2	607947	0	2	2000	3	0	1920	other	0
fp4	27	Sound	62	619932	0	1			0		hit	43
fp4	27	Response	251	626896	6964	1
fp4	28	Picture	4	654443	0	1	2000	2	0	1920	other	0
fp4	29	Sound	64	666417	0	2			0		hit	46
fp4	29	Response	252	678291	11874	1
fp4	30	Picture	2	701439	0	1	2000	2	0	1920	other	0
fp4	31	Sound	62	713412	0	1			0		hit	49
fp4	31	Response	251	719328	5916	2
fp4	32	Picture	23	749102	0	1	2000	2	0	1920	other	0
fp4	32	Sound	52	754951	5849	1			5850		other	0
fp4	33	Sound	63	761094	0	1			0		hit	53
fp4	33	Response	252	770746	9652	1
fp4	34	Picture	4	796764	0	2	2000	3	0	1920	other	0
fp4	35	Sound	64	808747	0	1			0		hit	56
fp4	35	Response	252	815882	7135	1
fp4	36	Picture	113	843927	0	2	2000	3	0	1920	other	0
fp4	36	Sound	51	847306	3379	2			3380		other	0
fp4	37	Sound	63	855920	0	2			0		hit	60
fp4	37	Response	252	866360	10440	1
fp4	37	Response	251	870223	14303	1
fp4	38	Picture	4	890756	0	2	2000	4	0	1920	other	0
fp4	39	Sound	64	902735	0	1			0		hit	64
fp4	39	Response	252	918874	16139	1
fp4	39	Response	251	923143	20408	1
fp4	40	Picture	101	936919	0	2	2000	3	0	1920	other	0
fp4	41	Sound	61	948891	0	1			0		hit	68
fp4	41	Response	251	956593	7702	1
fp4	42	Picture	2	983582	0	1	2000	2	0	1920	other	0
fp4	43	Sound	62	995556	0	1			0		hit	71
fp4	43	Response	251	1002288	6732	1
fp4	44	Picture	103	1030745	0	1	2000	2	0	1920	other	0
fp4	45	Sound	63	1042729	0	2			0		hit	74
fp4	45	Response	252	1055580	12851	1
fp4	46	Picture	202	1077741	0	1	2000	2	0	1920	other	0
fp4	47	Sound	62	1089724	0	1			0		hit	77
fp4	47	Response	251	1100043	10319	1
fp4	48	Picture	101	1124737	0	1	1999	3	0	1920	other	0
fp4	49	Sound	61	1136718	0	1			0		hit	80
fp4	49	Response	251	1157006	20288	1
fp4	50	Picture	103	1172233	0	1	1999	3	0	1920	other	0
fp4	51	Sound	63	1184221	0	1			0		hit	83
fp4	51	Response	252	1202158	17937	1
fp4	52	Picture	24	1219395	0	2	2000	4	0	1920	other	0
fp4	52	Sound	52	1227544	8149	2			8150		other	0
fp4	53	Sound	64	1231394	0	1			0		hit	87
fp4	53	Response	252	1245533	14139	2
fp4	54	Picture	1	1265891	0	2	2000	4	0	1920	other	0
fp4	55	Sound	61	1277879	0	2			0		hit	90
fp4	55	Response	251	1284647	6768	2
fp4	56	Picture	202	1312554	0	2	2000	4	0	1920	other	0
fp4	57	Sound	62	1324544	0	2			0		hit	93
fp4	57	Response	251	1341399	16855	1
fp4	58	Picture	101	1360050	0	2	2000	4	0	1920	other	0
fp4	59	Sound	61	1372047	0	2			0		hit	96
fp4	59	Response	251	1390999	18952	2
fp4	60	Picture	204	1407213	0	1	2000	2	0	1920	other	0
fp4	61	Sound	64	1419191	0	1			0		hit	99
fp4	61	Response	252	1430338	11147	1
fp4	62	Picture	224	1454542	0	2	2000	3	0	1920	other	0
fp4	62	Sound	52	1462522	7980	1			7980		other	0
fp4	63	Sound	64	1466514	0	2			0		hit	103
fp4	63	Response	252	1474367	7853	2
fp4	63	Response	251	1478032	11518	1
fp4	64	Picture	103	1502038	0	2	2000	4	0	1920	other	0
fp4	65	Sound	63	1514017	0	2			0		hit	107
fp4	65	Response	252	1521941	7924	2
fp4	65	Response	251	1525624	11607	1
fp4	66	Picture	3	1549034	0	2	2000	4	0	1920	other	0
fp4	67	Sound	63	1561011	0	2			0		hit	111
fp4	67	Response	252	1568541	7530	1
fp4	67	Response	251	1572388	11377	2
fp4	68	Picture	1	1597030	0	2	2000	4	0	1920	other	0
fp4	69	Sound	61	1609023	0	2			0		hit	115
fp4	69	Response	251	1616324	7301	2
fp4	70	Picture	12	1644526	0	2	2000	4	0	1920	other	0
fp4	70	Sound	51	1648865	4339	2			4340		other	0
fp4	71	Sound	62	1656526	0	1			0		hit	119
fp4	71	Response	251	1666825	10299	2
fp4	72	Picture	4	1691022	0	2	2000	4	0	1920	other	0
fp4	73	Sound	64	1703011	0	2			0		hit	122
fp4	73	Response	252	1720116	17105	2
fp4	73	Response	251	1724233	21222	1
fp4	74	Picture	13	1737352	0	1	2000	2	0	1920	other	0
fp4	74	Sound	51	1740491	3139	1			3140		other	0
fp4	75	Sound	63	1749347	0	1			0		hit	127
fp4	75	Response	252	1757468	8121	1
fp4	75	Response	251	1761486	12139	1
fp4	76	Picture	204	1784015	0	1	1999	3	0	1920	other	0
fp4	77	Sound	64	1796012	0	1			0		hit	131
fp4	77	Response	252	1803941	7929	1
fp4	77	Response	251	1807873	11861	1
fp4	78	Picture	222	1831510	0	2	2000	4	0	1920	other	0
fp4	78	Sound	52	1837969	6459	2			6460		other	0
fp4	79	Sound	62	1843485	0	1			0		hit	136
fp4	79	Response	251	1860183	16698	1
fp4	80	Picture	3	1878173	0	2	2000	4	0	1920	other	0
fp4	81	Sound	63	1890150	0	1			0		hit	139
fp4	81	Response	252	1901027	10877	1
fp4	81	Response	251	1905121	14971	2
fp4	82	Picture	202	1925669	0	2	2000	4	0	1920	other	0
fp4	83	Sound	62	1937653	0	1			0		hit	143
fp4	83	Response	251	1940449	2796	1
fp4	84	Picture	204	1972166	0	2	1999	5	0	1920	other	0
fp4	85	Sound	64	1984138	0	1			0		hit	146
fp4	85	Response	252	1991753	7615	2
fp4	85	Response	251	1996265	12127	1
fp4	86	Picture	2	2018495	0	1	2000	2	0	1920	other	0
fp4	87	Sound	62	2030473	0	2			0		hit	150
fp4	87	Response	251	2037581	7108	1
fp4	88	Picture	121	2064657	0	2	2001	3	0	1920	other	0
fp4	88	Sound	52	2072896	8239	1			8240		other	0
fp4	89	Sound	61	2076629	0	2			0		hit	154
fp4	89	Response	251	2088026	11397	1
fp4	90	Picture	202	2112320	0	2	2000	3	0	1920	other	0
fp4	91	Sound	62	2124312	0	1			0		hit	157
fp4	91	Response	251	2134403	10091	1
fp4	92	Picture	1	2160149	0	2	2000	4	0	1920	other	0
fp4	93	Sound	61	2172144	0	1			0		hit	160
fp4	93	Response	251	2183268	11124	2
fp4	94	Picture	11	2207979	0	1	2000	2	0	1920	other	0
fp4	94	Sound	51	2212548	4569	2			4570		other	0
fp4	95	Sound	61	2219976	0	2			0		hit	164
fp4	95	Response	251	2226146	6170	1
fp4	96	Picture	3	2254808	0	2	2000	4	0	1920	other	0
fp4	97	Sound	63	2266791	0	1			0		hit	167
fp4	97	Response	252	2287880	21089	2
fp4	97	Response	251	2291920	25129	1
fp4	98	Picture	14	2302637	0	2	2001	3	0	1920	other	0
fp4	98	Sound	51	2306296	3659	2			3660		other	0
fp4	99	Sound	64	2314623	0	1			0		hit	172
fp4	99	Response	252	2322168	7545	2
fp4	99	Response	251	2325803	11180	2
fp4	100	Picture	4	2348800	0	2	2000	4	0	1920	other	0
fp4	101	Sound	64	2360779	0	1			0		hit	176
fp4	101	Response	252	2368405	7626	2
fp4	101	Response	251	2372180	11401	1
fp4	102	Picture	204	2396796	0	2	2000	3	0	1920	other	0
fp4	103	Sound	64	2408791	0	1			0		hit	180
fp4	103	Response	252	2421554	12763	1
fp4	103	Response	251	2425831	17040	1
fp4	104	Picture	214	2444292	0	2	2000	3	0	1920	other	0
fp4	104	Sound	51	2448451	4159	2			4160		other	0
fp4	105	Sound	64	2456264	0	1			0		hit	185
fp4	105	Response	252	2463254	6990	1
fp4	105	Response	251	2467152	10888	1
fp4	106	Picture	22	2490955	0	1	2000	2	0	1920	other	0
fp4	106	Sound	52	2497834	6879	2			6880		other	0
fp4	107	Sound	62	2502929	0	1			0		hit	190
fp4	107	Response	251	2512083	9154	2
fp4	108	Picture	3	2538284	0	2	2000	4	0	1920	other	0
fp4	109	Sound	63	2550282	0	1			0		hit	193
fp4	109	Response	252	2565813	15531	1
fp4	110	Picture	1	2585780	0	2	2000	4	0	1920	other	0
fp4	111	Sound	61	2597755	0	1			0		hit	196
fp4	111	Response	251	2607095	9340	2
fp4	112	Picture	101	2632110	0	1	2000	2	0	1920	other	0
fp4	113	Sound	61	2644091	0	1			0		hit	199
fp4	113	Response	251	2655817	11726	1
fp4	114	Picture	111	2679606	0	1	2000	2	0	1920	other	0
fp4	114	Sound	51	2682205	2599	1			2600		other	0
fp4	115	Sound	61	2691594	0	1			0		hit	203
fp4	115	Response	251	2699132	7538	2
fp4	116	Picture	204	2727268	0	2	2000	4	0	1920	other	0
fp4	117	Sound	64	2739246	0	1			0		hit	206
fp4	117	Response	252	2758367	19121	1
fp4	118	Picture	1	2773765	0	1	1999	3	0	1920	other	0
fp4	119	Sound	61	2785761	0	1			0		hit	209
fp4	119	Response	251	2793730	7969	2
fp4	120	Picture	4	2820927	0	2	2000	4	0	1920	other	0
fp4	121	Sound	64	2832905	0	1			0		hit	212
fp4	121	Response	252	2846271	13366	2
fp4	122	Picture	103	2867923	0	2	2000	4	0	1920	other	0
fp4	123	Sound	63	2879899	0	2			0		hit	215
fp4	123	Response	252	2890730	10831	1
fp4	124	Picture	103	2915919	0	2	2000	3	0	1920	other	0
fp4	125	Sound	63	2927911	0	1			0		hit	218
fp4	125	Response	252	2937811	9900	1
fp4	125	Response	251	2941430	13519	1
fp4	126	Picture	3	2963748	0	2	2000	4	0	1920	other	0
fp4	127	Sound	63	2975743	0	2			0		incorrect	222
fp4	127	Response	251	2982200	6457	2
fp4	127	Response	251	2984394	8651	1
fp4	127	Response	252	2987672	11929	1
fp4	127	Response	251	2991249	15506	2
fp4	128	Picture	2	3011411	0	2	2000	4	0	1920	other	0
fp4	129	Sound	62	3023396	0	1			0		hit	228
fp4	129	Response	251	3030736	7340	2
fp4	130	Picture	103	3059574	0	1	2000	2	0	1920	other	0
fp4	131	Sound	63	3071557	0	1			0		hit	231
fp4	131	Response	252	3081382	9825	2
fp4	131	Response	251	3085310	13753	1
fp4	132	Picture	202	3107570	0	1	2000	2	0	1920	other	0
fp4	133	Sound	62	3119569	0	1			0		hit	235
fp4	133	Response	251	3126479	6910	1
fp4	134	Response	253	3304472	149240	1


Event Type	Code	Type	Response	RT	RT Uncertainty	Time	Uncertainty	Duration	Uncertainty	ReqTime	ReqDur

Picture	10	other				7164	2	20165	3	0	20000
Picture	10	other				27496	2	40163	3	0	40000
Picture	10	other				67826	1	40163	2	0	40000
Nothing	91	other				107991	1			0
Picture	1	other				138153	2	2000	4	0	1920
Sound	61	hit	1	7200	2	150141	1			0
Picture	123	other				185649	2	2000	4	0	1920
Sound	52	other				191448	1			5800
Sound	63	hit	2	11086	2	197644	1			0
Picture	101	other				233478	2	2000	4	0	1920
Sound	61	hit	1	7609	3	245476	1			0
Picture	204	other				280641	2	2000	3	0	1920
Sound	64	hit	2	6568	2	292620	1			0
Picture	3	other				327637	2	2000	3	0	1920
Sound	63	hit	2	9472	2	339614	1			0
Picture	2	other				374466	2	2001	3	0	1920
Sound	62	hit	1	4935	4	386458	2			0
Picture	202	other				420796	1	2000	2	0	1920
Sound	62	hit	1	7465	2	432794	1			0
Picture	212	other				466959	1	2000	2	0	1920
Sound	51	other				472348	1			5390
Sound	62	hit	1	5797	2	478950	1			0
Picture	21	other				514288	2	2000	3	0	1920
Sound	52	other				521407	2			7120
Sound	61	hit	1	5147	2	526273	1			0
Picture	101	other				560784	2	2000	4	0	1920
Sound	61	hit	1	5493	3	572759	1			0
Picture	2	other				607947	2	2000	3	0	1920
Sound	62	hit	1	6964	2	619932	1			0
Picture	4	other				654443	1	2000	2	0	1920
Sound	64	hit	2	11874	3	666417	2			0
Picture	2	other				701439	1	2000	2	0	1920
Sound	62	hit	1	5916	3	713412	1			0
Picture	23	other				749102	1	2000	2	0	1920
Sound	52	other				754951	1			5850
Sound	63	hit	2	9652	2	761094	1			0
Picture	4	other				796764	2	2000	3	0	1920
Sound	64	hit	2	7135	2	808747	1			0
Picture	113	other				843927	2	2000	3	0	1920
Sound	51	other				847306	2			3380
Sound	63	hit	2	10440	3	855920	2			0
Picture	4	other				890756	2	2000	4	0	1920
Sound	64	hit	2	16139	2	902735	1			0
Picture	101	other				936919	2	2000	3	0	1920
Sound	61	hit	1	7702	2	948891	1			0
Picture	2	other				983582	1	2000	2	0	1920
Sound	62	hit	1	6732	2	995556	1			0
Picture	103	other				1030745	1	2000	2	0	1920
Sound	63	hit	2	12851	3	1042729	2			0
Picture	202	other				1077741	1	2000	2	0	1920
Sound	62	hit	1	10319	2	1089724	1			0
Picture	101	other				1124737	1	1999	3	0	1920
Sound	61	hit	1	20288	2	1136718	1			0
Picture	103	other				1172233	1	1999	3	0	1920
Sound	63	hit	2	17937	2	1184221	1			0
Picture	24	other				1219395	2	2000	4	0	1920
Sound	52	other				1227544	2			8150
Sound	64	hit	2	14139	3	1231394	1			0
Picture	1	other				1265891	2	2000	4	0	1920
Sound	61	hit	1	6768	4	1277879	2			0
Picture	202	other				1312554	2	2000	4	0	1920
Sound	62	hit	1	16855	3	1324544	2			0
Picture	101	other				1360050	2	2000	4	0	1920
Sound	61	hit	1	18952	4	1372047	2			0
Picture	204	other				1407213	1	2000	2	0	1920
Sound	64	hit	2	11147	2	1419191	1			0
Picture	224	other				1454542	2	2000	3	0	1920
Sound	52	other				1462522	1			7980
Sound	64	hit	2	7853	4	1466514	2			0
Picture	103	other				1502038	2	2000	4	0	1920
Sound	63	hit	2	7924	4	1514017	2			0
Picture	3	other				1549034	2	2000	4	0	1920
Sound	63	hit	2	7530	3	1561011	2			0
Picture	1	other				1597030	2	2000	4	0	1920
Sound	61	hit	1	7301	4	1609023	2			0
Picture	12	other				1644526	2	2000	4	0	1920
Sound	51	other				1648865	2			4340
Sound	62	hit	1	10299	3	1656526	1			0
Picture	4	other				1691022	2	2000	4	0	1920
Sound	64	hit	2	17105	4	1703011	2			0
Picture	13	other				1737352	1	2000	2	0	1920
Sound	51	other				1740491	1			3140
Sound	63	hit	2	8121	2	1749347	1			0
Picture	204	other				1784015	1	1999	3	0	1920
Sound	64	hit	2	7929	2	1796012	1			0
Picture	222	other				1831510	2	2000	4	0	1920
Sound	52	other				1837969	2			6460
Sound	62	hit	1	16698	2	1843485	1			0
Picture	3	other				1878173	2	2000	4	0	1920
Sound	63	hit	2	10877	2	1890150	1			0
Picture	202	other				1925669	2	2000	4	0	1920
Sound	62	hit	1	2796	2	1937653	1			0
Picture	204	other				1972166	2	1999	5	0	1920
Sound	64	hit	2	7615	3	1984138	1			0
Picture	2	other				2018495	1	2000	2	0	1920
Sound	62	hit	1	7108	3	2030473	2			0
Picture	121	other				2064657	2	2001	3	0	1920
Sound	52	other				2072896	1			8240
Sound	61	hit	1	11397	3	2076629	2			0
Picture	202	other				2112320	2	2000	3	0	1920
Sound	62	hit	1	10091	2	2124312	1			0
Picture	1	other				2160149	2	2000	4	0	1920
Sound	61	hit	1	11124	3	2172144	1			0
Picture	11	other				2207979	1	2000	2	0	1920
Sound	51	other				2212548	2			4570
Sound	61	hit	1	6170	3	2219976	2			0
Picture	3	other				2254808	2	2000	4	0	1920
Sound	63	hit	2	21089	3	2266791	1			0
Picture	14	other				2302637	2	2001	3	0	1920
Sound	51	other				2306296	2			3660
Sound	64	hit	2	7545	3	2314623	1			0
Picture	4	other				2348800	2	2000	4	0	1920
Sound	64	hit	2	7626	3	2360779	1			0
Picture	204	other				2396796	2	2000	3	0	1920
Sound	64	hit	2	12763	2	2408791	1			0
Picture	214	other				2444292	2	2000	3	0	1920
Sound	51	other				2448451	2			4160
Sound	64	hit	2	6990	2	2456264	1			0
Picture	22	other				2490955	1	2000	2	0	1920
Sound	52	other				2497834	2			6880
Sound	62	hit	1	9154	3	2502929	1			0
Picture	3	other				2538284	2	2000	4	0	1920
Sound	63	hit	2	15531	2	2550282	1			0
Picture	1	other				2585780	2	2000	4	0	1920
Sound	61	hit	1	9340	3	2597755	1			0
Picture	101	other				2632110	1	2000	2	0	1920
Sound	61	hit	1	11726	2	2644091	1			0
Picture	111	other				2679606	1	2000	2	0	1920
Sound	51	other				2682205	1			2600
Sound	61	hit	1	7538	3	2691594	1			0
Picture	204	other				2727268	2	2000	4	0	1920
Sound	64	hit	2	19121	2	2739246	1			0
Picture	1	other				2773765	1	1999	3	0	1920
Sound	61	hit	1	7969	3	2785761	1			0
Picture	4	other				2820927	2	2000	4	0	1920
Sound	64	hit	2	13366	3	2832905	1			0
Picture	103	other				2867923	2	2000	4	0	1920
Sound	63	hit	2	10831	3	2879899	2			0
Picture	103	other				2915919	2	2000	3	0	1920
Sound	63	hit	2	9900	2	2927911	1			0
Picture	3	other				2963748	2	2000	4	0	1920
Sound	63	incorrect	1	6457	4	2975743	2			0
Picture	2	other				3011411	2	2000	4	0	1920
Sound	62	hit	1	7340	3	3023396	1			0
Picture	103	other				3059574	1	2000	2	0	1920
Sound	63	hit	2	9825	3	3071557	1			0
Picture	202	other				3107570	1	2000	2	0	1920
Sound	62	hit	1	6910	2	3119569	1			0
