Scenario - 17_March_2015
Logfile written - 05/11/2016 15:42:13

Subject	Trial	Event Type	Code	Time	TTime	Uncertainty	Duration	Uncertainty	ReqTime	ReqDur	Stim Type	Pair Index

fp1	1	Response	253	32994	42827	1
fp1	2	Picture	10	33162	0	1	20165	2	0	20000	other	0
fp1	3	Picture	10	53493	0	2	40163	4	0	40000	other	0
fp1	3	Response	251	69968	16475	2
fp1	4	Picture	10	93822	0	2	40164	3	0	40000	other	0
fp1	4	Response	252	108495	14673	2
fp1	5	Nothing	91	133988	0	1			0		other	0
fp1	6	Picture	1	164149	0	2	2000	4	0	1920	other	0
fp1	7	Sound	61	176120	0	2			0		hit	10
fp1	7	Response	251	195616	19496	1
fp1	8	Picture	123	211645	0	2	2000	3	0	1920	other	0
fp1	8	Sound	52	217444	5799	1			5800		other	0
fp1	9	Sound	63	223623	0	1			0		hit	14
fp1	9	Response	252	236654	13031	2
fp1	10	Picture	101	259307	0	2	2000	4	0	1920	other	0
fp1	11	Sound	61	271305	0	1			0		hit	17
fp1	11	Response	251	278261	6956	1
fp1	12	Picture	204	306470	0	1	2000	2	0	1920	other	0
fp1	13	Sound	64	318448	0	2			0		hit	20
fp1	13	Response	252	326971	8523	1
fp1	14	Picture	3	353465	0	2	2000	3	0	1920	other	0
fp1	15	Sound	63	365442	0	1			0		hit	23
fp1	15	Response	252	372544	7102	1
fp1	16	Picture	2	400294	0	2	2000	3	0	1920	other	0
fp1	17	Sound	62	412286	0	1			0		hit	26
fp1	17	Response	251	420382	8096	2
fp1	18	Picture	202	446623	0	2	2000	4	0	1920	other	0
fp1	19	Sound	62	458621	0	2			0		hit	29
fp1	19	Response	251	464796	6175	1
fp1	20	Picture	212	492786	0	1	1999	3	0	1920	other	0
fp1	20	Sound	51	498175	5389	1			5390		other	0
fp1	21	Sound	62	504777	0	1			0		hit	33
fp1	21	Response	251	511363	6586	2
fp1	22	Picture	21	540115	0	1	1999	3	0	1920	other	0
fp1	22	Sound	52	547234	7119	1			7120		other	0
fp1	23	Sound	61	552100	0	1			0		hit	37
fp1	23	Response	251	560834	8734	1
fp1	24	Picture	101	586610	0	2	2000	4	0	1920	other	0
fp1	25	Sound	61	598585	0	1			0		hit	40
fp1	25	Response	251	609254	10669	1
fp1	26	Picture	2	633772	0	2	2000	4	0	1920	other	0
fp1	27	Sound	62	645758	0	1			0		hit	43
fp1	27	Response	251	652248	6490	2
fp1	28	Picture	4	680268	0	2	2000	4	0	1920	other	0
fp1	29	Sound	64	692243	0	1			0		hit	46
fp1	29	Response	252	700151	7908	1
fp1	30	Picture	2	727264	0	1	2000	2	0	1920	other	0
fp1	31	Sound	62	739237	0	1			0		hit	49
fp1	31	Response	251	745936	6699	2
fp1	32	Picture	23	774926	0	2	2000	3	0	1920	other	0
fp1	32	Sound	52	780775	5849	2			5850		other	0
fp1	33	Sound	63	786919	0	1			0		hit	53
fp1	33	Response	252	792969	6050	1
fp1	34	Picture	4	822588	0	2	2000	4	0	1920	other	0
fp1	35	Sound	64	834571	0	1			0		hit	56
fp1	35	Response	252	844405	9834	1
fp1	36	Picture	113	869750	0	2	2000	4	0	1920	other	0
fp1	36	Sound	51	873129	3379	2			3380		other	0
fp1	37	Sound	63	881744	0	1			0		hit	60
fp1	37	Response	252	888048	6304	2
fp1	38	Picture	4	916580	0	1	1999	3	0	1920	other	0
fp1	39	Sound	64	928558	0	1			0		hit	63
fp1	39	Response	252	935172	6614	1
fp1	40	Picture	101	962742	0	2	2000	3	0	1920	other	0
fp1	41	Sound	61	974714	0	1			0		hit	66
fp1	41	Response	251	985446	10732	1
fp1	42	Picture	2	1009404	0	2	2000	3	0	1920	other	0
fp1	43	Sound	62	1021378	0	1			0		hit	69
fp1	43	Response	251	1029648	8270	1
fp1	44	Picture	103	1056567	0	1	1999	3	0	1920	other	0
fp1	45	Sound	63	1068551	0	2			0		hit	72
fp1	45	Response	252	1074605	6054	2
fp1	46	Picture	202	1103562	0	2	2000	3	0	1920	other	0
fp1	47	Sound	62	1115545	0	1			0		hit	75
fp1	47	Response	251	1123430	7885	1
fp1	48	Picture	101	1150558	0	1	2000	2	0	1920	other	0
fp1	49	Sound	61	1162539	0	1			0		hit	78
fp1	49	Response	251	1167090	4551	1
fp1	50	Picture	103	1198053	0	2	2000	4	0	1920	other	0
fp1	51	Sound	63	1210041	0	2			0		hit	81
fp1	51	Response	252	1217016	6975	1
fp1	52	Picture	24	1245216	0	1	2000	2	0	1920	other	0
fp1	52	Sound	52	1253365	8149	2			8150		other	0
fp1	53	Sound	64	1257215	0	1			0		hit	85
fp1	53	Response	252	1268708	11493	1
fp1	54	Picture	1	1291711	0	2	2000	4	0	1920	other	0
fp1	55	Sound	61	1303699	0	2			0		hit	88
fp1	55	Response	251	1312526	8827	1
fp1	56	Picture	202	1338374	0	1	2000	2	0	1920	other	0
fp1	57	Sound	62	1350364	0	1			0		hit	91
fp1	57	Response	251	1355045	4681	2
fp1	58	Picture	101	1385869	0	2	2000	3	0	1920	other	0
fp1	59	Sound	61	1397867	0	1			0		hit	94
fp1	59	Response	251	1403007	5140	1
fp1	60	Picture	204	1433031	0	2	2001	3	0	1920	other	0
fp1	61	Sound	64	1445010	0	1			0		hit	97
fp1	61	Response	252	1452629	7619	2
fp1	62	Picture	224	1480361	0	1	1999	3	0	1920	other	0
fp1	62	Sound	52	1488340	7979	2			7980		other	0
fp1	63	Sound	64	1492333	0	1			0		hit	101
fp1	63	Response	252	1508622	16289	2
fp1	64	Picture	103	1527856	0	2	2000	3	0	1920	other	0
fp1	65	Sound	63	1539835	0	1			0		hit	104
fp1	65	Response	252	1547291	7456	2
fp1	66	Picture	3	1574852	0	1	2000	2	0	1920	other	0
fp1	67	Sound	63	1586829	0	1			0		hit	107
fp1	67	Response	252	1594577	7748	1
fp1	68	Picture	1	1622847	0	2	2000	3	0	1920	other	0
fp1	69	Sound	61	1634840	0	2			0		hit	110
fp1	69	Response	251	1641078	6238	1
fp1	70	Picture	12	1670343	0	1	2000	2	0	1920	other	0
fp1	70	Sound	51	1674682	4339	1			4340		other	0
fp1	71	Sound	62	1682343	0	1			0		hit	114
fp1	71	Response	251	1688785	6442	2
fp1	71	Quit		1707195	24852


Event Type	Code	Type	Response	RT	RT Uncertainty	Time	Uncertainty	Duration	Uncertainty	ReqTime	ReqDur

Picture	10	other				33162	1	20165	2	0	20000
Picture	10	other				53493	2	40163	4	0	40000
Picture	10	other				93822	2	40164	3	0	40000
Nothing	91	other				133988	1			0
Picture	1	other				164149	2	2000	4	0	1920
Sound	61	hit	1	19496	3	176120	2			0
Picture	123	other				211645	2	2000	3	0	1920
Sound	52	other				217444	1			5800
Sound	63	hit	2	13031	3	223623	1			0
Picture	101	other				259307	2	2000	4	0	1920
Sound	61	hit	1	6956	2	271305	1			0
Picture	204	other				306470	1	2000	2	0	1920
Sound	64	hit	2	8523	3	318448	2			0
Picture	3	other				353465	2	2000	3	0	1920
Sound	63	hit	2	7102	2	365442	1			0
Picture	2	other				400294	2	2000	3	0	1920
Sound	62	hit	1	8096	3	412286	1			0
Picture	202	other				446623	2	2000	4	0	1920
Sound	62	hit	1	6175	3	458621	2			0
Picture	212	other				492786	1	1999	3	0	1920
Sound	51	other				498175	1			5390
Sound	62	hit	1	6586	3	504777	1			0
Picture	21	other				540115	1	1999	3	0	1920
Sound	52	other				547234	1			7120
Sound	61	hit	1	8734	2	552100	1			0
Picture	101	other				586610	2	2000	4	0	1920
Sound	61	hit	1	10669	2	598585	1			0
Picture	2	other				633772	2	2000	4	0	1920
Sound	62	hit	1	6490	3	645758	1			0
Picture	4	other				680268	2	2000	4	0	1920
Sound	64	hit	2	7908	2	692243	1			0
Picture	2	other				727264	1	2000	2	0	1920
Sound	62	hit	1	6699	3	739237	1			0
Picture	23	other				774926	2	2000	3	0	1920
Sound	52	other				780775	2			5850
Sound	63	hit	2	6050	2	786919	1			0
Picture	4	other				822588	2	2000	4	0	1920
Sound	64	hit	2	9834	2	834571	1			0
Picture	113	other				869750	2	2000	4	0	1920
Sound	51	other				873129	2			3380
Sound	63	hit	2	6304	3	881744	1			0
Picture	4	other				916580	1	1999	3	0	1920
Sound	64	hit	2	6614	2	928558	1			0
Picture	101	other				962742	2	2000	3	0	1920
Sound	61	hit	1	10732	2	974714	1			0
Picture	2	other				1009404	2	2000	3	0	1920
Sound	62	hit	1	8270	2	1021378	1			0
Picture	103	other				1056567	1	1999	3	0	1920
Sound	63	hit	2	6054	4	1068551	2			0
Picture	202	other				1103562	2	2000	3	0	1920
Sound	62	hit	1	7885	2	1115545	1			0
Picture	101	other				1150558	1	2000	2	0	1920
Sound	61	hit	1	4551	2	1162539	1			0
Picture	103	other				1198053	2	2000	4	0	1920
Sound	63	hit	2	6975	3	1210041	2			0
Picture	24	other				1245216	1	2000	2	0	1920
Sound	52	other				1253365	2			8150
Sound	64	hit	2	11493	2	1257215	1			0
Picture	1	other				1291711	2	2000	4	0	1920
Sound	61	hit	1	8827	3	1303699	2			0
Picture	202	other				1338374	1	2000	2	0	1920
Sound	62	hit	1	4681	3	1350364	1			0
Picture	101	other				1385869	2	2000	3	0	1920
Sound	61	hit	1	5140	2	1397867	1			0
Picture	204	other				1433031	2	2001	3	0	1920
Sound	64	hit	2	7619	3	1445010	1			0
Picture	224	other				1480361	1	1999	3	0	1920
Sound	52	other				1488340	2			7980
Sound	64	hit	2	16289	3	1492333	1			0
Picture	103	other				1527856	2	2000	3	0	1920
Sound	63	hit	2	7456	3	1539835	1			0
Picture	3	other				1574852	1	2000	2	0	1920
Sound	63	hit	2	7748	2	1586829	1			0
Picture	1	other				1622847	2	2000	3	0	1920
Sound	61	hit	1	6238	3	1634840	2			0
Picture	12	other				1670343	1	2000	2	0	1920
Sound	51	other				1674682	1			4340
Sound	62	hit	1	6442	3	1682343	1			0
