Scenario - 17_March_2015
Logfile written - 07/04/2017 15:02:18

Subject	Trial	Event Type	Code	Time	TTime	Uncertainty	Duration	Uncertainty	ReqTime	ReqDur	Stim Type	Pair Index

lebal	1	Response	253	7863	17696	2
lebal	2	Picture	10	7997	0	2	20165	3	0	20000	other	0
lebal	3	Picture	10	28328	0	2	40163	3	0	40000	other	0
lebal	3	Response	251	48634	20306	2
lebal	4	Picture	10	68657	0	2	40163	3	0	40000	other	0
lebal	4	Response	252	82417	13760	1
lebal	5	Nothing	91	108821	0	1			0		other	0
lebal	6	Picture	204	138983	0	1	2000	2	0	1920	other	0
lebal	7	Sound	64	150975	0	1			0		hit	10
lebal	7	Response	252	154175	3200	1
lebal	8	Picture	222	185811	0	2	2000	4	0	1920	other	0
lebal	8	Sound	52	193210	7399	2			7400		other	0
lebal	9	Sound	62	197788	0	1			0		hit	14
lebal	9	Response	251	202527	4739	1
lebal	10	Picture	12	232973	0	1	1999	3	0	1920	other	0
lebal	10	Sound	51	237782	4809	1			4810		other	0
lebal	11	Sound	62	244960	0	1			0		incorrect	18
lebal	11	Response	252	251576	6616	1
lebal	12	Picture	204	280968	0	1	1999	3	0	1920	other	0
lebal	13	Sound	64	292941	0	1			0		hit	21
lebal	13	Response	252	298179	5238	1
lebal	14	Picture	22	327129	0	2	2000	4	0	1920	other	0
lebal	14	Sound	52	335238	8109	2			8110		other	0
lebal	15	Sound	62	339125	0	2			0		hit	25
lebal	15	Response	251	345581	6456	1
lebal	16	Picture	4	373624	0	2	2000	4	0	1920	other	0
lebal	17	Sound	64	385609	0	1			0		hit	28
lebal	17	Response	252	390823	5214	1
lebal	18	Picture	13	421619	0	2	2000	3	0	1920	other	0
lebal	18	Sound	51	426738	5119	2			5120		other	0
lebal	19	Sound	63	433590	0	1			0		hit	32
lebal	19	Response	252	438728	5138	2
lebal	20	Picture	103	468114	0	2	2000	3	0	1920	other	0
lebal	21	Sound	63	480104	0	1			0		hit	35
lebal	21	Response	252	486782	6678	1
lebal	22	Picture	3	515276	0	1	2000	2	0	1920	other	0
lebal	23	Sound	63	527276	0	1			0		hit	38
lebal	23	Response	252	532991	5715	1
lebal	24	Picture	2	563104	0	1	2000	2	0	1920	other	0
lebal	25	Sound	62	575077	0	1			0		hit	41
lebal	25	Response	251	578938	3861	1
lebal	26	Picture	101	609432	0	2	2000	3	0	1920	other	0
lebal	27	Sound	61	621411	0	1			0		hit	44
lebal	27	Response	251	625794	4383	1
lebal	28	Picture	1	656760	0	2	2000	4	0	1920	other	0
lebal	29	Sound	61	668733	0	1			0		hit	47
lebal	29	Response	251	674151	5418	1
lebal	30	Picture	3	704755	0	2	2000	3	0	1920	other	0
lebal	31	Sound	63	716744	0	1			0		hit	50
lebal	31	Response	252	723791	7047	1
lebal	32	Picture	1	751750	0	2	2000	3	0	1920	other	0
lebal	33	Sound	61	763736	0	1			0		hit	53
lebal	33	Response	251	771480	7744	1
lebal	34	Picture	3	798412	0	1	2000	2	0	1920	other	0
lebal	35	Sound	63	810400	0	1			0		hit	56
lebal	35	Response	252	814530	4130	1
lebal	36	Picture	214	845907	0	1	2000	2	0	1920	other	0
lebal	36	Sound	51	850456	4549	2			4550		other	0
lebal	37	Sound	64	857901	0	1			0		hit	60
lebal	37	Response	252	862033	4132	2
lebal	38	Picture	14	892068	0	2	2000	4	0	1920	other	0
lebal	38	Sound	51	897457	5389	1			5390		other	0
lebal	39	Sound	64	904056	0	1			0		hit	64
lebal	39	Response	252	907626	3570	1
lebal	40	Picture	202	938897	0	1	2000	2	0	1920	other	0
lebal	41	Sound	62	950869	0	1			0		hit	67
lebal	41	Response	251	954427	3558	1
lebal	42	Picture	4	986058	0	2	2000	3	0	1920	other	0
lebal	43	Sound	64	998042	0	1			0		hit	70
lebal	43	Response	252	1002144	4102	1
lebal	44	Picture	101	1033220	0	1	2000	2	0	1920	other	0
lebal	45	Sound	61	1045214	0	1			0		hit	73
lebal	45	Response	251	1049172	3958	1
lebal	46	Picture	24	1079715	0	1	2000	2	0	1920	other	0
lebal	46	Sound	52	1085554	5839	2			5840		other	0
lebal	47	Sound	64	1091698	0	1			0		hit	77
lebal	47	Response	252	1095664	3966	1
lebal	48	Picture	103	1127210	0	1	1999	3	0	1920	other	0
lebal	49	Sound	63	1139199	0	2			0		incorrect	80
lebal	49	Response	251	1143853	4654	1
lebal	49	Response	252	1144434	5235	2
lebal	50	Picture	121	1174538	0	2	2000	3	0	1920	other	0
lebal	50	Sound	52	1182847	8309	2			8310		other	0
lebal	51	Sound	61	1186521	0	2			0		hit	85
lebal	51	Response	251	1191681	5160	2
lebal	52	Picture	103	1220866	0	2	2000	4	0	1920	other	0
lebal	53	Sound	63	1232856	0	1			0		hit	88
lebal	53	Response	252	1237271	4415	2
lebal	54	Picture	2	1267361	0	2	2000	3	0	1920	other	0
lebal	55	Sound	62	1279340	0	1			0		hit	91
lebal	55	Response	251	1282859	3519	2
lebal	56	Picture	111	1313856	0	2	2000	4	0	1920	other	0
lebal	56	Sound	51	1316895	3039	2			3040		other	0
lebal	57	Sound	61	1325853	0	2			0		hit	95
lebal	57	Response	251	1332095	6242	1
lebal	58	Picture	101	1360184	0	2	2000	4	0	1920	other	0
lebal	59	Sound	61	1372158	0	1			0		hit	98
lebal	59	Response	251	1376367	4209	2
lebal	60	Picture	103	1407013	0	1	2000	2	0	1920	other	0
lebal	61	Sound	63	1419001	0	1			0		hit	101
lebal	61	Response	252	1422753	3752	1
lebal	62	Picture	204	1454841	0	2	2000	3	0	1920	other	0
lebal	63	Sound	64	1466832	0	1			0		hit	104
lebal	63	Response	252	1471284	4452	2
lebal	64	Picture	4	1502002	0	2	2000	4	0	1920	other	0
lebal	65	Sound	64	1513974	0	1			0		hit	107
lebal	65	Response	252	1518076	4102	2
lebal	66	Picture	101	1548331	0	2	2000	3	0	1920	other	0
lebal	67	Sound	61	1560309	0	1			0		hit	110
lebal	67	Response	251	1564093	3784	2
lebal	68	Picture	202	1595493	0	1	1999	3	0	1920	other	0
lebal	69	Sound	62	1607481	0	1			0		hit	113
lebal	69	Response	251	1613987	6506	2
lebal	70	Picture	2	1641987	0	2	2000	4	0	1920	other	0
lebal	71	Sound	62	1653965	0	1			0		hit	116
lebal	71	Response	251	1657479	3514	1
lebal	72	Picture	113	1689649	0	1	2000	2	0	1920	other	0
lebal	72	Sound	51	1692518	2869	1			2870		other	0
lebal	73	Sound	63	1701646	0	1			0		hit	120
lebal	73	Response	252	1704606	2960	1
lebal	74	Picture	101	1737144	0	2	2000	3	0	1920	other	0
lebal	75	Sound	61	1749118	0	1			0		hit	123
lebal	75	Response	251	1751997	2879	2
lebal	76	Picture	204	1785305	0	2	2000	3	0	1920	other	0
lebal	77	Sound	64	1797278	0	1			0		hit	126
lebal	77	Response	252	1802167	4889	1
lebal	78	Picture	4	1831634	0	1	2000	2	0	1920	other	0
lebal	79	Sound	64	1843612	0	1			0		hit	129
lebal	79	Response	252	1846646	3034	2
lebal	80	Picture	103	1877962	0	2	2000	3	0	1920	other	0
lebal	81	Sound	63	1889946	0	2			0		hit	132
lebal	81	Response	252	1893163	3217	1
lebal	82	Picture	204	1924790	0	2	2000	3	0	1920	other	0
lebal	83	Sound	64	1936789	0	1			0		hit	135
lebal	83	Response	252	1940053	3264	2
lebal	84	Picture	202	1972618	0	2	2000	4	0	1920	other	0
lebal	85	Sound	62	1984590	0	1			0		hit	138
lebal	85	Response	251	1988091	3501	1
lebal	86	Picture	1	2019447	0	1	2000	2	0	1920	other	0
lebal	87	Sound	61	2031433	0	2			0		hit	141
lebal	87	Response	251	2036465	5032	2
lebal	88	Picture	2	2066775	0	2	2000	3	0	1920	other	0
lebal	89	Sound	62	2078755	0	2			0		hit	144
lebal	89	Response	251	2084698	5943	2
lebal	90	Picture	3	2114270	0	2	1999	4	0	1920	other	0
lebal	91	Sound	63	2126257	0	1			0		hit	147
lebal	91	Response	252	2131158	4901	1
lebal	92	Picture	1	2162098	0	2	2000	3	0	1920	other	0
lebal	93	Sound	61	2174088	0	1			0		hit	150
lebal	93	Response	251	2177963	3875	2
lebal	94	Picture	4	2209426	0	2	2000	3	0	1920	other	0
lebal	95	Sound	64	2221410	0	1			0		hit	153
lebal	95	Response	252	2226895	5485	2
lebal	96	Picture	3	2257255	0	1	1999	3	0	1920	other	0
lebal	97	Sound	63	2269241	0	1			0		hit	156
lebal	97	Response	252	2272980	3739	1
lebal	98	Picture	23	2304416	0	2	2000	3	0	1920	other	0
lebal	98	Sound	52	2310955	6539	2			6540		other	0
lebal	99	Sound	63	2316413	0	1			0		hit	160
lebal	99	Response	252	2319758	3345	1
lebal	100	Picture	3	2350744	0	2	2000	4	0	1920	other	0
lebal	101	Sound	63	2362717	0	2			0		hit	163
lebal	101	Response	252	2367208	4491	2
lebal	102	Picture	1	2397073	0	1	1999	3	0	1920	other	0
lebal	103	Sound	61	2409052	0	1			0		hit	166
lebal	103	Response	251	2413121	4069	1
lebal	104	Picture	103	2444734	0	2	2000	4	0	1920	other	0
lebal	105	Sound	63	2456733	0	1			0		hit	169
lebal	105	Response	252	2461613	4880	1
lebal	106	Picture	204	2491396	0	1	2000	2	0	1920	other	0
lebal	107	Sound	64	2503366	0	2			0		hit	172
lebal	107	Response	252	2506675	3309	2
lebal	108	Picture	202	2538557	0	2	2000	4	0	1920	other	0
lebal	109	Sound	62	2550539	0	1			0		incorrect	175
lebal	109	Response	252	2554306	3767	1
lebal	109	Response	251	2558694	8155	1
lebal	110	Picture	202	2585886	0	1	1999	3	0	1920	other	0
lebal	111	Sound	62	2597861	0	1			0		hit	179
lebal	111	Response	251	2602864	5003	2
lebal	112	Picture	2	2633381	0	1	1999	3	0	1920	other	0
lebal	113	Sound	62	2645362	0	1			0		hit	182
lebal	113	Response	251	2649068	3706	2
lebal	114	Picture	1	2680542	0	2	2000	3	0	1920	other	0
lebal	115	Sound	61	2692535	0	1			0		hit	185
lebal	115	Response	251	2697879	5344	2
lebal	116	Picture	224	2728204	0	1	1999	3	0	1920	other	0
lebal	116	Sound	52	2733823	5619	2			5620		other	0
lebal	117	Sound	64	2740186	0	1			0		hit	189
lebal	117	Response	252	2743896	3710	1
lebal	118	Picture	11	2774865	0	2	2000	4	0	1920	other	0
lebal	118	Sound	51	2779704	4839	1			4840		other	0
lebal	119	Sound	61	2786849	0	2			0		hit	193
lebal	119	Response	251	2790927	4078	1
lebal	120	Picture	202	2821860	0	2	2000	3	0	1920	other	0
lebal	121	Sound	62	2833842	0	1			0		hit	196
lebal	121	Response	251	2837377	3535	1
lebal	122	Picture	123	2869022	0	1	2000	2	0	1920	other	0
lebal	122	Sound	52	2877421	8399	2			8400		other	0
lebal	123	Sound	63	2881014	0	2			0		hit	200
lebal	123	Response	252	2886436	5422	2
lebal	124	Picture	21	2916017	0	1	2000	2	0	1920	other	0
lebal	124	Sound	52	2922016	5999	2			6000		other	0
lebal	125	Sound	61	2928007	0	1			0		hit	204
lebal	125	Response	251	2933041	5034	1
lebal	126	Picture	2	2962512	0	1	2000	2	0	1920	other	0
lebal	127	Sound	62	2974491	0	1			0		hit	207
lebal	127	Response	251	2979140	4649	1
lebal	128	Picture	101	3009173	0	2	2000	4	0	1920	other	0
lebal	129	Sound	61	3021155	0	1			0		hit	210
lebal	129	Response	251	3024580	3425	2
lebal	130	Picture	4	3057168	0	2	2000	3	0	1920	other	0
lebal	131	Sound	64	3069165	0	1			0		hit	213
lebal	131	Response	252	3075106	5941	1
lebal	132	Picture	212	3104996	0	2	2000	3	0	1920	other	0
lebal	132	Sound	51	3109845	4849	1			4850		other	0
lebal	133	Sound	62	3116996	0	1			0		hit	217
lebal	133	Response	251	3121776	4780	1
lebal	134	Response	253	3268699	115875	1


Event Type	Code	Type	Response	RT	RT Uncertainty	Time	Uncertainty	Duration	Uncertainty	ReqTime	ReqDur

Picture	10	other				7997	2	20165	3	0	20000
Picture	10	other				28328	2	40163	3	0	40000
Picture	10	other				68657	2	40163	3	0	40000
Nothing	91	other				108821	1			0
Picture	204	other				138983	1	2000	2	0	1920
Sound	64	hit	2	3200	2	150975	1			0
Picture	222	other				185811	2	2000	4	0	1920
Sound	52	other				193210	2			7400
Sound	62	hit	1	4739	2	197788	1			0
Picture	12	other				232973	1	1999	3	0	1920
Sound	51	other				237782	1			4810
Sound	62	incorrect	2	6616	2	244960	1			0
Picture	204	other				280968	1	1999	3	0	1920
Sound	64	hit	2	5238	2	292941	1			0
Picture	22	other				327129	2	2000	4	0	1920
Sound	52	other				335238	2			8110
Sound	62	hit	1	6456	3	339125	2			0
Picture	4	other				373624	2	2000	4	0	1920
Sound	64	hit	2	5214	2	385609	1			0
Picture	13	other				421619	2	2000	3	0	1920
Sound	51	other				426738	2			5120
Sound	63	hit	2	5138	3	433590	1			0
Picture	103	other				468114	2	2000	3	0	1920
Sound	63	hit	2	6678	2	480104	1			0
Picture	3	other				515276	1	2000	2	0	1920
Sound	63	hit	2	5715	2	527276	1			0
Picture	2	other				563104	1	2000	2	0	1920
Sound	62	hit	1	3861	2	575077	1			0
Picture	101	other				609432	2	2000	3	0	1920
Sound	61	hit	1	4383	2	621411	1			0
Picture	1	other				656760	2	2000	4	0	1920
Sound	61	hit	1	5418	2	668733	1			0
Picture	3	other				704755	2	2000	3	0	1920
Sound	63	hit	2	7047	2	716744	1			0
Picture	1	other				751750	2	2000	3	0	1920
Sound	61	hit	1	7744	2	763736	1			0
Picture	3	other				798412	1	2000	2	0	1920
Sound	63	hit	2	4130	2	810400	1			0
Picture	214	other				845907	1	2000	2	0	1920
Sound	51	other				850456	2			4550
Sound	64	hit	2	4132	3	857901	1			0
Picture	14	other				892068	2	2000	4	0	1920
Sound	51	other				897457	1			5390
Sound	64	hit	2	3570	2	904056	1			0
Picture	202	other				938897	1	2000	2	0	1920
Sound	62	hit	1	3558	2	950869	1			0
Picture	4	other				986058	2	2000	3	0	1920
Sound	64	hit	2	4102	2	998042	1			0
Picture	101	other				1033220	1	2000	2	0	1920
Sound	61	hit	1	3958	2	1045214	1			0
Picture	24	other				1079715	1	2000	2	0	1920
Sound	52	other				1085554	2			5840
Sound	64	hit	2	3966	2	1091698	1			0
Picture	103	other				1127210	1	1999	3	0	1920
Sound	63	incorrect	1	4654	3	1139199	2			0
Picture	121	other				1174538	2	2000	3	0	1920
Sound	52	other				1182847	2			8310
Sound	61	hit	1	5160	4	1186521	2			0
Picture	103	other				1220866	2	2000	4	0	1920
Sound	63	hit	2	4415	3	1232856	1			0
Picture	2	other				1267361	2	2000	3	0	1920
Sound	62	hit	1	3519	3	1279340	1			0
Picture	111	other				1313856	2	2000	4	0	1920
Sound	51	other				1316895	2			3040
Sound	61	hit	1	6242	3	1325853	2			0
Picture	101	other				1360184	2	2000	4	0	1920
Sound	61	hit	1	4209	3	1372158	1			0
Picture	103	other				1407013	1	2000	2	0	1920
Sound	63	hit	2	3752	2	1419001	1			0
Picture	204	other				1454841	2	2000	3	0	1920
Sound	64	hit	2	4452	3	1466832	1			0
Picture	4	other				1502002	2	2000	4	0	1920
Sound	64	hit	2	4102	3	1513974	1			0
Picture	101	other				1548331	2	2000	3	0	1920
Sound	61	hit	1	3784	3	1560309	1			0
Picture	202	other				1595493	1	1999	3	0	1920
Sound	62	hit	1	6506	3	1607481	1			0
Picture	2	other				1641987	2	2000	4	0	1920
Sound	62	hit	1	3514	2	1653965	1			0
Picture	113	other				1689649	1	2000	2	0	1920
Sound	51	other				1692518	1			2870
Sound	63	hit	2	2960	2	1701646	1			0
Picture	101	other				1737144	2	2000	3	0	1920
Sound	61	hit	1	2879	3	1749118	1			0
Picture	204	other				1785305	2	2000	3	0	1920
Sound	64	hit	2	4889	2	1797278	1			0
Picture	4	other				1831634	1	2000	2	0	1920
Sound	64	hit	2	3034	3	1843612	1			0
Picture	103	other				1877962	2	2000	3	0	1920
Sound	63	hit	2	3217	3	1889946	2			0
Picture	204	other				1924790	2	2000	3	0	1920
Sound	64	hit	2	3264	3	1936789	1			0
Picture	202	other				1972618	2	2000	4	0	1920
Sound	62	hit	1	3501	2	1984590	1			0
Picture	1	other				2019447	1	2000	2	0	1920
Sound	61	hit	1	5032	4	2031433	2			0
Picture	2	other				2066775	2	2000	3	0	1920
Sound	62	hit	1	5943	4	2078755	2			0
Picture	3	other				2114270	2	1999	4	0	1920
Sound	63	hit	2	4901	2	2126257	1			0
Picture	1	other				2162098	2	2000	3	0	1920
Sound	61	hit	1	3875	3	2174088	1			0
Picture	4	other				2209426	2	2000	3	0	1920
Sound	64	hit	2	5485	3	2221410	1			0
Picture	3	other				2257255	1	1999	3	0	1920
Sound	63	hit	2	3739	2	2269241	1			0
Picture	23	other				2304416	2	2000	3	0	1920
Sound	52	other				2310955	2			6540
Sound	63	hit	2	3345	2	2316413	1			0
Picture	3	other				2350744	2	2000	4	0	1920
Sound	63	hit	2	4491	4	2362717	2			0
Picture	1	other				2397073	1	1999	3	0	1920
Sound	61	hit	1	4069	2	2409052	1			0
Picture	103	other				2444734	2	2000	4	0	1920
Sound	63	hit	2	4880	2	2456733	1			0
Picture	204	other				2491396	1	2000	2	0	1920
Sound	64	hit	2	3309	4	2503366	2			0
Picture	202	other				2538557	2	2000	4	0	1920
Sound	62	incorrect	2	3767	2	2550539	1			0
Picture	202	other				2585886	1	1999	3	0	1920
Sound	62	hit	1	5003	3	2597861	1			0
Picture	2	other				2633381	1	1999	3	0	1920
Sound	62	hit	1	3706	3	2645362	1			0
Picture	1	other				2680542	2	2000	3	0	1920
Sound	61	hit	1	5344	3	2692535	1			0
Picture	224	other				2728204	1	1999	3	0	1920
Sound	52	other				2733823	2			5620
Sound	64	hit	2	3710	2	2740186	1			0
Picture	11	other				2774865	2	2000	4	0	1920
Sound	51	other				2779704	1			4840
Sound	61	hit	1	4078	3	2786849	2			0
Picture	202	other				2821860	2	2000	3	0	1920
Sound	62	hit	1	3535	2	2833842	1			0
Picture	123	other				2869022	1	2000	2	0	1920
Sound	52	other				2877421	2			8400
Sound	63	hit	2	5422	4	2881014	2			0
Picture	21	other				2916017	1	2000	2	0	1920
Sound	52	other				2922016	2			6000
Sound	61	hit	1	5034	2	2928007	1			0
Picture	2	other				2962512	1	2000	2	0	1920
Sound	62	hit	1	4649	2	2974491	1			0
Picture	101	other				3009173	2	2000	4	0	1920
Sound	61	hit	1	3425	3	3021155	1			0
Picture	4	other				3057168	2	2000	3	0	1920
Sound	64	hit	2	5941	2	3069165	1			0
Picture	212	other				3104996	2	2000	3	0	1920
Sound	51	other				3109845	1			4850
Sound	62	hit	1	4780	2	3116996	1			0
