Scenario - 17_March_2015
Logfile written - 07/04/2017 15:45:39

Subject	Trial	Event Type	Code	Time	TTime	Uncertainty	Duration	Uncertainty	ReqTime	ReqDur	Stim Type	Pair Index

lebal	1	Response	253	5449	15282	2
lebal	2	Picture	10	5497	0	2	20165	3	0	20000	other	0
lebal	3	Picture	10	25828	0	2	40163	3	0	40000	other	0
lebal	3	Response	251	40730	14902	1
lebal	4	Picture	10	66157	0	2	40163	3	0	40000	other	0
lebal	4	Response	252	79906	13749	1
lebal	5	Nothing	91	106322	0	1			0		other	0
lebal	6	Picture	1	136483	0	2	2000	3	0	1920	other	0
lebal	7	Sound	61	148462	0	1			0		hit	10
lebal	7	Response	251	155417	6955	2
lebal	8	Picture	123	183978	0	2	2000	3	0	1920	other	0
lebal	8	Sound	52	189777	5799	1			5800		other	0
lebal	9	Sound	63	195963	0	2			0		hit	14
lebal	9	Response	252	200419	4456	1
lebal	10	Picture	101	231640	0	1	1999	3	0	1920	other	0
lebal	11	Sound	61	243615	0	1			0		hit	17
lebal	11	Response	251	248393	4778	1
lebal	12	Picture	204	278635	0	1	1999	3	0	1920	other	0
lebal	13	Sound	64	290607	0	2			0		hit	20
lebal	13	Response	252	294782	4175	1
lebal	14	Picture	3	325629	0	2	2000	4	0	1920	other	0
lebal	15	Sound	63	337600	0	1			0		hit	23
lebal	15	Response	252	344504	6904	1
lebal	16	Picture	2	372458	0	1	2000	2	0	1920	other	0
lebal	17	Sound	62	384443	0	1			0		hit	26
lebal	17	Response	251	392793	8350	1
lebal	17	Response	251	403914	19471	1
lebal	18	Picture	202	418786	0	2	2000	3	0	1920	other	0
lebal	19	Sound	62	430778	0	1			0		hit	30
lebal	19	Response	251	438011	7233	1
lebal	20	Picture	212	464948	0	1	1999	3	0	1920	other	0
lebal	20	Sound	51	470337	5389	2			5390		other	0
lebal	21	Sound	62	476932	0	1			0		hit	34
lebal	21	Response	251	481987	5055	2
lebal	22	Picture	21	512276	0	1	2000	2	0	1920	other	0
lebal	22	Sound	52	519395	7119	2			7120		other	0
lebal	23	Sound	61	524254	0	2			0		hit	38
lebal	23	Response	251	530092	5838	2
lebal	24	Picture	101	558771	0	1	2000	2	0	1920	other	0
lebal	25	Sound	61	570768	0	1			0		hit	41
lebal	25	Response	251	574402	3634	2
lebal	26	Picture	2	605932	0	2	2000	4	0	1920	other	0
lebal	27	Sound	62	617911	0	1			0		hit	44
lebal	27	Response	251	622203	4292	1
lebal	28	Picture	4	652428	0	1	1999	3	0	1920	other	0
lebal	29	Sound	64	664424	0	2			0		hit	47
lebal	29	Response	252	669222	4798	1
lebal	30	Picture	2	699422	0	2	2000	4	0	1920	other	0
lebal	31	Sound	62	711417	0	1			0		hit	50
lebal	31	Response	251	715405	3988	1
lebal	32	Picture	23	747084	0	1	2000	2	0	1920	other	0
lebal	32	Sound	52	752933	5849	2			5850		other	0
lebal	33	Sound	63	759068	0	2			0		hit	54
lebal	33	Response	252	764101	5033	1
lebal	34	Picture	4	794746	0	1	1999	3	0	1920	other	0
lebal	35	Sound	64	806720	0	1			0		hit	57
lebal	35	Response	252	811693	4973	2
lebal	36	Picture	113	841740	0	2	2000	4	0	1920	other	0
lebal	36	Sound	51	845119	3379	2			3380		other	0
lebal	37	Sound	63	853712	0	2			0		hit	61
lebal	37	Response	252	858951	5239	2
lebal	38	Picture	4	888402	0	2	2000	3	0	1920	other	0
lebal	39	Sound	64	900376	0	1			0		hit	64
lebal	39	Response	252	905615	5239	2
lebal	40	Picture	101	934564	0	1	2000	2	0	1920	other	0
lebal	41	Sound	61	946561	0	1			0		hit	67
lebal	41	Response	251	950766	4205	1
lebal	42	Picture	2	981225	0	2	2000	3	0	1920	other	0
lebal	43	Sound	62	993224	0	1			0		hit	70
lebal	43	Response	251	997454	4230	2
lebal	44	Picture	103	1028554	0	1	2000	2	0	1920	other	0
lebal	45	Sound	63	1040546	0	1			0		hit	73
lebal	45	Response	252	1046510	5964	1
lebal	46	Picture	202	1075549	0	1	1999	3	0	1920	other	0
lebal	47	Sound	62	1087539	0	1			0		hit	76
lebal	47	Response	251	1093006	5467	1
lebal	48	Picture	101	1122543	0	2	2000	4	0	1920	other	0
lebal	49	Sound	61	1134532	0	1			0		hit	79
lebal	49	Response	251	1139009	4477	1
lebal	50	Picture	103	1170038	0	2	2000	3	0	1920	other	0
lebal	51	Sound	63	1182033	0	2			0		hit	82
lebal	51	Response	252	1187084	5051	2
lebal	52	Picture	24	1217200	0	2	2000	3	0	1920	other	0
lebal	52	Sound	52	1225349	8149	2			8150		other	0
lebal	53	Sound	64	1229176	0	1			0		hit	86
lebal	53	Response	252	1235306	6130	1
lebal	54	Picture	1	1263695	0	1	2000	2	0	1920	other	0
lebal	55	Sound	61	1275690	0	1			0		hit	89
lebal	55	Response	251	1281227	5537	1
lebal	56	Picture	202	1310357	0	1	1999	3	0	1920	other	0
lebal	57	Sound	62	1322353	0	1			0		hit	92
lebal	57	Response	251	1325941	3588	2
lebal	58	Picture	101	1357851	0	2	2000	4	0	1920	other	0
lebal	59	Sound	61	1369825	0	1			0		hit	95
lebal	59	Response	251	1373431	3606	1
lebal	60	Picture	204	1405013	0	2	2000	3	0	1920	other	0
lebal	61	Sound	64	1416997	0	1			0		hit	98
lebal	61	Response	252	1420090	3093	1
lebal	62	Picture	224	1452341	0	2	2000	3	0	1920	other	0
lebal	62	Sound	52	1460320	7979	1			7980		other	0
lebal	63	Sound	64	1464319	0	1			0		hit	102
lebal	63	Response	252	1468941	4622	1
lebal	64	Picture	103	1499836	0	2	2000	3	0	1920	other	0
lebal	65	Sound	63	1511821	0	1			0		hit	105
lebal	65	Response	252	1515706	3885	1
lebal	66	Picture	3	1546831	0	2	2000	3	0	1920	other	0
lebal	67	Sound	63	1558813	0	2			0		hit	108
lebal	67	Response	252	1562034	3221	1
lebal	68	Picture	1	1594826	0	1	2000	2	0	1920	other	0
lebal	69	Sound	61	1606824	0	1			0		hit	111
lebal	69	Response	251	1611361	4537	2
lebal	70	Picture	12	1642321	0	1	1999	3	0	1920	other	0
lebal	70	Sound	51	1646661	4340	1			4340		other	0
lebal	71	Sound	62	1654296	0	1			0		hit	115
lebal	71	Response	251	1660022	5726	1
lebal	72	Picture	4	1688649	0	2	2000	3	0	1920	other	0
lebal	73	Sound	64	1700630	0	1			0		incorrect	118
lebal	73	Response	251	1704905	4275	2
lebal	73	Response	252	1705709	5079	1
lebal	74	Picture	13	1734977	0	2	2000	4	0	1920	other	0
lebal	74	Sound	51	1738116	3139	1			3140		other	0
lebal	75	Sound	63	1746964	0	1			0		hit	123
lebal	75	Response	252	1750852	3888	1
lebal	76	Picture	204	1781639	0	2	2000	3	0	1920	other	0
lebal	77	Sound	64	1793627	0	2			0		hit	126
lebal	77	Response	252	1799056	5429	1
lebal	78	Picture	222	1829134	0	2	2000	3	0	1920	other	0
lebal	78	Sound	52	1835593	6459	2			6460		other	0
lebal	79	Sound	62	1841129	0	1			0		hit	130
lebal	79	Response	251	1845741	4612	1
lebal	80	Picture	3	1875962	0	2	2000	4	0	1920	other	0
lebal	81	Sound	63	1887942	0	1			0		hit	133
lebal	81	Response	252	1891700	3758	2
lebal	82	Picture	202	1923457	0	2	2000	3	0	1920	other	0
lebal	83	Sound	62	1935444	0	1			0		hit	136
lebal	83	Response	251	1939696	4252	2
lebal	84	Picture	204	1969952	0	2	2000	3	0	1920	other	0
lebal	85	Sound	64	1981928	0	1			0		hit	139
lebal	85	Response	252	1985468	3540	1
lebal	86	Picture	2	2016280	0	2	2000	4	0	1920	other	0
lebal	87	Sound	62	2028262	0	1			0		hit	142
lebal	87	Response	251	2032494	4232	1
lebal	88	Picture	121	2062442	0	2	2000	3	0	1920	other	0
lebal	88	Sound	52	2070681	8239	2			8240		other	0
lebal	89	Sound	61	2074417	0	1			0		hit	146
lebal	89	Response	251	2079028	4611	1
lebal	90	Picture	202	2110104	0	1	1999	3	0	1920	other	0
lebal	91	Sound	62	2122098	0	1			0		hit	149
lebal	91	Response	251	2126194	4096	1
lebal	92	Picture	1	2157932	0	1	2000	2	0	1920	other	0
lebal	93	Sound	61	2169929	0	1			0		incorrect	152
lebal	93	Response	252	2174084	4155	1
lebal	93	Response	251	2177154	7225	1
lebal	94	Picture	11	2205760	0	1	2000	2	0	1920	other	0
lebal	94	Sound	51	2210329	4569	2			4570		other	0
lebal	95	Sound	61	2217760	0	1			0		hit	157
lebal	95	Response	251	2224920	7160	1
lebal	96	Picture	3	2252588	0	2	2000	3	0	1920	other	0
lebal	97	Sound	63	2264573	0	1			0		hit	160
lebal	97	Response	252	2270655	6082	2
lebal	98	Picture	14	2300416	0	2	2000	4	0	1920	other	0
lebal	98	Sound	51	2304075	3659	2			3660		other	0
lebal	99	Sound	64	2312404	0	1			0		hit	164
lebal	99	Response	252	2317566	5162	2
lebal	100	Picture	4	2346578	0	2	2000	3	0	1920	other	0
lebal	101	Sound	64	2358558	0	2			0		hit	167
lebal	101	Response	252	2362361	3803	1
lebal	102	Picture	204	2394573	0	2	1999	4	0	1920	other	0
lebal	103	Sound	64	2406569	0	1			0		hit	170
lebal	103	Response	252	2410648	4079	1
lebal	104	Picture	214	2442068	0	1	2000	2	0	1920	other	0
lebal	104	Sound	51	2446227	4159	1			4160		other	0
lebal	105	Sound	64	2454041	0	1			0		hit	174
lebal	105	Response	252	2457753	3712	2
lebal	106	Picture	22	2488729	0	2	2000	4	0	1920	other	0
lebal	106	Sound	52	2495608	6879	2			6880		other	0
lebal	107	Sound	62	2500704	0	1			0		hit	178
lebal	107	Response	251	2505856	5152	2
lebal	108	Picture	3	2536058	0	1	2000	2	0	1920	other	0
lebal	109	Sound	63	2548056	0	1			0		hit	181
lebal	109	Response	252	2553832	5776	2
lebal	110	Picture	1	2583553	0	1	1999	3	0	1920	other	0
lebal	111	Sound	61	2595528	0	1			0		hit	184
lebal	111	Response	251	2600249	4721	2
lebal	112	Picture	101	2629881	0	1	2000	2	0	1920	other	0
lebal	113	Sound	61	2641862	0	1			0		hit	187
lebal	113	Response	251	2645393	3531	1
lebal	114	Picture	111	2677376	0	1	1999	3	0	1920	other	0
lebal	114	Sound	51	2679975	2599	2			2600		other	0
lebal	115	Sound	61	2689364	0	1			0		hit	191
lebal	115	Response	251	2692574	3210	1
lebal	116	Picture	204	2725037	0	2	2000	3	0	1920	other	0
lebal	117	Sound	64	2737015	0	1			0		hit	194
lebal	117	Response	252	2740629	3614	1
lebal	118	Picture	1	2771532	0	2	2000	4	0	1920	other	0
lebal	119	Sound	61	2783529	0	1			0		hit	197
lebal	119	Response	251	2788597	5068	1
lebal	120	Picture	4	2818694	0	1	2000	2	0	1920	other	0
lebal	121	Sound	64	2830671	0	1			0		hit	200
lebal	121	Response	252	2836654	5983	1
lebal	121	Response	252	2838783	8112	1
lebal	122	Picture	103	2865689	0	1	1999	3	0	1920	other	0
lebal	123	Sound	63	2877664	0	1			0		hit	204
lebal	123	Response	252	2882515	4851	1
lebal	124	Picture	103	2913684	0	1	1999	3	0	1920	other	0
lebal	125	Sound	63	2925674	0	1			0		hit	207
lebal	125	Response	252	2929396	3722	2
lebal	126	Picture	3	2961512	0	1	2000	2	0	1920	other	0
lebal	127	Sound	63	2973505	0	1			0		hit	210
lebal	127	Response	252	2977520	4015	1
lebal	128	Picture	2	3009173	0	2	2000	4	0	1920	other	0
lebal	129	Sound	62	3021156	0	2			0		hit	213
lebal	129	Response	251	3024939	3783	2
lebal	130	Picture	103	3057335	0	1	1999	3	0	1920	other	0
lebal	131	Sound	63	3069316	0	2			0		hit	216
lebal	131	Response	252	3073225	3909	1
lebal	132	Picture	202	3105329	0	2	2000	4	0	1920	other	0
lebal	133	Sound	62	3117327	0	1			0		hit	219
lebal	133	Response	251	3120719	3392	1
lebal	134	Response	253	3778746	625755	1


Event Type	Code	Type	Response	RT	RT Uncertainty	Time	Uncertainty	Duration	Uncertainty	ReqTime	ReqDur

Picture	10	other				5497	2	20165	3	0	20000
Picture	10	other				25828	2	40163	3	0	40000
Picture	10	other				66157	2	40163	3	0	40000
Nothing	91	other				106322	1			0
Picture	1	other				136483	2	2000	3	0	1920
Sound	61	hit	1	6955	3	148462	1			0
Picture	123	other				183978	2	2000	3	0	1920
Sound	52	other				189777	1			5800
Sound	63	hit	2	4456	3	195963	2			0
Picture	101	other				231640	1	1999	3	0	1920
Sound	61	hit	1	4778	2	243615	1			0
Picture	204	other				278635	1	1999	3	0	1920
Sound	64	hit	2	4175	3	290607	2			0
Picture	3	other				325629	2	2000	4	0	1920
Sound	63	hit	2	6904	2	337600	1			0
Picture	2	other				372458	1	2000	2	0	1920
Sound	62	hit	1	8350	2	384443	1			0
Picture	202	other				418786	2	2000	3	0	1920
Sound	62	hit	1	7233	2	430778	1			0
Picture	212	other				464948	1	1999	3	0	1920
Sound	51	other				470337	2			5390
Sound	62	hit	1	5055	3	476932	1			0
Picture	21	other				512276	1	2000	2	0	1920
Sound	52	other				519395	2			7120
Sound	61	hit	1	5838	4	524254	2			0
Picture	101	other				558771	1	2000	2	0	1920
Sound	61	hit	1	3634	3	570768	1			0
Picture	2	other				605932	2	2000	4	0	1920
Sound	62	hit	1	4292	2	617911	1			0
Picture	4	other				652428	1	1999	3	0	1920
Sound	64	hit	2	4798	3	664424	2			0
Picture	2	other				699422	2	2000	4	0	1920
Sound	62	hit	1	3988	2	711417	1			0
Picture	23	other				747084	1	2000	2	0	1920
Sound	52	other				752933	2			5850
Sound	63	hit	2	5033	3	759068	2			0
Picture	4	other				794746	1	1999	3	0	1920
Sound	64	hit	2	4973	3	806720	1			0
Picture	113	other				841740	2	2000	4	0	1920
Sound	51	other				845119	2			3380
Sound	63	hit	2	5239	4	853712	2			0
Picture	4	other				888402	2	2000	3	0	1920
Sound	64	hit	2	5239	3	900376	1			0
Picture	101	other				934564	1	2000	2	0	1920
Sound	61	hit	1	4205	2	946561	1			0
Picture	2	other				981225	2	2000	3	0	1920
Sound	62	hit	1	4230	3	993224	1			0
Picture	103	other				1028554	1	2000	2	0	1920
Sound	63	hit	2	5964	2	1040546	1			0
Picture	202	other				1075549	1	1999	3	0	1920
Sound	62	hit	1	5467	2	1087539	1			0
Picture	101	other				1122543	2	2000	4	0	1920
Sound	61	hit	1	4477	2	1134532	1			0
Picture	103	other				1170038	2	2000	3	0	1920
Sound	63	hit	2	5051	4	1182033	2			0
Picture	24	other				1217200	2	2000	3	0	1920
Sound	52	other				1225349	2			8150
Sound	64	hit	2	6130	2	1229176	1			0
Picture	1	other				1263695	1	2000	2	0	1920
Sound	61	hit	1	5537	2	1275690	1			0
Picture	202	other				1310357	1	1999	3	0	1920
Sound	62	hit	1	3588	3	1322353	1			0
Picture	101	other				1357851	2	2000	4	0	1920
Sound	61	hit	1	3606	2	1369825	1			0
Picture	204	other				1405013	2	2000	3	0	1920
Sound	64	hit	2	3093	2	1416997	1			0
Picture	224	other				1452341	2	2000	3	0	1920
Sound	52	other				1460320	1			7980
Sound	64	hit	2	4622	2	1464319	1			0
Picture	103	other				1499836	2	2000	3	0	1920
Sound	63	hit	2	3885	2	1511821	1			0
Picture	3	other				1546831	2	2000	3	0	1920
Sound	63	hit	2	3221	3	1558813	2			0
Picture	1	other				1594826	1	2000	2	0	1920
Sound	61	hit	1	4537	3	1606824	1			0
Picture	12	other				1642321	1	1999	3	0	1920
Sound	51	other				1646661	1			4340
Sound	62	hit	1	5726	2	1654296	1			0
Picture	4	other				1688649	2	2000	3	0	1920
Sound	64	incorrect	1	4275	3	1700630	1			0
Picture	13	other				1734977	2	2000	4	0	1920
Sound	51	other				1738116	1			3140
Sound	63	hit	2	3888	2	1746964	1			0
Picture	204	other				1781639	2	2000	3	0	1920
Sound	64	hit	2	5429	3	1793627	2			0
Picture	222	other				1829134	2	2000	3	0	1920
Sound	52	other				1835593	2			6460
Sound	62	hit	1	4612	2	1841129	1			0
Picture	3	other				1875962	2	2000	4	0	1920
Sound	63	hit	2	3758	3	1887942	1			0
Picture	202	other				1923457	2	2000	3	0	1920
Sound	62	hit	1	4252	3	1935444	1			0
Picture	204	other				1969952	2	2000	3	0	1920
Sound	64	hit	2	3540	2	1981928	1			0
Picture	2	other				2016280	2	2000	4	0	1920
Sound	62	hit	1	4232	2	2028262	1			0
Picture	121	other				2062442	2	2000	3	0	1920
Sound	52	other				2070681	2			8240
Sound	61	hit	1	4611	2	2074417	1			0
Picture	202	other				2110104	1	1999	3	0	1920
Sound	62	hit	1	4096	2	2122098	1			0
Picture	1	other				2157932	1	2000	2	0	1920
Sound	61	incorrect	2	4155	2	2169929	1			0
Picture	11	other				2205760	1	2000	2	0	1920
Sound	51	other				2210329	2			4570
Sound	61	hit	1	7160	2	2217760	1			0
Picture	3	other				2252588	2	2000	3	0	1920
Sound	63	hit	2	6082	3	2264573	1			0
Picture	14	other				2300416	2	2000	4	0	1920
Sound	51	other				2304075	2			3660
Sound	64	hit	2	5162	3	2312404	1			0
Picture	4	other				2346578	2	2000	3	0	1920
Sound	64	hit	2	3803	3	2358558	2			0
Picture	204	other				2394573	2	1999	4	0	1920
Sound	64	hit	2	4079	2	2406569	1			0
Picture	214	other				2442068	1	2000	2	0	1920
Sound	51	other				2446227	1			4160
Sound	64	hit	2	3712	3	2454041	1			0
Picture	22	other				2488729	2	2000	4	0	1920
Sound	52	other				2495608	2			6880
Sound	62	hit	1	5152	3	2500704	1			0
Picture	3	other				2536058	1	2000	2	0	1920
Sound	63	hit	2	5776	3	2548056	1			0
Picture	1	other				2583553	1	1999	3	0	1920
Sound	61	hit	1	4721	3	2595528	1			0
Picture	101	other				2629881	1	2000	2	0	1920
Sound	61	hit	1	3531	2	2641862	1			0
Picture	111	other				2677376	1	1999	3	0	1920
Sound	51	other				2679975	2			2600
Sound	61	hit	1	3210	2	2689364	1			0
Picture	204	other				2725037	2	2000	3	0	1920
Sound	64	hit	2	3614	2	2737015	1			0
Picture	1	other				2771532	2	2000	4	0	1920
Sound	61	hit	1	5068	2	2783529	1			0
Picture	4	other				2818694	1	2000	2	0	1920
Sound	64	hit	2	5983	2	2830671	1			0
Picture	103	other				2865689	1	1999	3	0	1920
Sound	63	hit	2	4851	2	2877664	1			0
Picture	103	other				2913684	1	1999	3	0	1920
Sound	63	hit	2	3722	3	2925674	1			0
Picture	3	other				2961512	1	2000	2	0	1920
Sound	63	hit	2	4015	2	2973505	1			0
Picture	2	other				3009173	2	2000	4	0	1920
Sound	62	hit	1	3783	4	3021156	2			0
Picture	103	other				3057335	1	1999	3	0	1920
Sound	63	hit	2	3909	3	3069316	2			0
Picture	202	other				3105329	2	2000	4	0	1920
Sound	62	hit	1	3392	2	3117327	1			0

The following output port codes were not sent because of a conflict on the port.
Port	Code	Time(ms)
1	90	549.8
