Scenario - 17_March_2015
Logfile written - 07/04/2017 15:09:08

Subject	Trial	Event Type	Code	Time	TTime	Uncertainty	Duration	Uncertainty	ReqTime	ReqDur	Stim Type	Pair Index

lebal	1	Response	253	43397	53230	1
lebal	2	Picture	10	43493	0	2	20165	3	0	20000	other	0
lebal	3	Picture	10	63824	0	2	40163	3	0	40000	other	0
lebal	3	Response	251	79943	16119	2
lebal	4	Picture	10	104153	0	2	40163	3	0	40000	other	0
lebal	4	Response	252	118119	13966	1
lebal	5	Nothing	91	144318	0	1			0		other	0
lebal	6	Picture	103	174479	0	2	2000	4	0	1920	other	0
lebal	7	Sound	63	186473	0	1			0		hit	10
lebal	7	Response	252	190551	4078	2
lebal	8	Picture	101	221307	0	2	2000	4	0	1920	other	0
lebal	9	Sound	61	233286	0	2			0		hit	13
lebal	9	Response	251	237675	4389	1
lebal	10	Picture	1	268469	0	2	2000	3	0	1920	other	0
lebal	11	Sound	61	280459	0	1			0		hit	16
lebal	11	Response	251	285258	4799	1
lebal	12	Picture	24	315964	0	1	2000	2	0	1920	other	0
lebal	12	Sound	52	322193	6229	1			6230		other	0
lebal	13	Sound	64	327960	0	2			0		hit	20
lebal	13	Response	252	332755	4795	1
lebal	14	Picture	4	362626	0	1	1999	3	0	1920	other	0
lebal	15	Sound	64	374624	0	1			0		hit	23
lebal	15	Response	252	380382	5758	1
lebal	16	Picture	21	409121	0	1	1999	3	0	1920	other	0
lebal	16	Sound	52	416530	7409	2			7410		other	0
lebal	17	Sound	61	421108	0	1			0		hit	27
lebal	17	Response	251	425936	4828	2
lebal	18	Picture	204	456782	0	1	2000	2	0	1920	other	0
lebal	19	Sound	64	468759	0	1			0		hit	30
lebal	19	Response	252	473548	4789	2
lebal	20	Picture	11	503277	0	1	2000	3	0	1920	other	0
lebal	20	Sound	51	507546	4269	2			4270		other	0
lebal	21	Sound	61	515273	0	1			0		hit	34
lebal	21	Response	251	519159	3886	2
lebal	22	Picture	1	550605	0	2	2000	4	0	1920	other	0
lebal	23	Sound	61	562595	0	1			0		hit	37
lebal	23	Response	251	566473	3878	2
lebal	24	Picture	3	596933	0	2	2000	4	0	1920	other	0
lebal	25	Sound	63	608929	0	1			0		hit	40
lebal	25	Response	252	614936	6007	1
lebal	26	Picture	123	643429	0	1	1999	3	0	1920	other	0
lebal	26	Sound	52	649738	6309	2			6310		other	0
lebal	27	Sound	63	655413	0	1			0		hit	44
lebal	27	Response	252	659131	3718	1
lebal	28	Picture	214	690424	0	1	1999	3	0	1920	other	0
lebal	28	Sound	51	695273	4849	2			4850		other	0
lebal	29	Sound	64	702406	0	1			0		hit	48
lebal	29	Response	252	707912	5506	1
lebal	29	Response	252	710244	7838	1
lebal	30	Picture	202	737418	0	2	2000	4	0	1920	other	0
lebal	31	Sound	62	749399	0	1			0		hit	52
lebal	31	Response	251	754308	4909	1
lebal	32	Picture	4	784247	0	1	1999	3	0	1920	other	0
lebal	33	Sound	64	796242	0	1			0		hit	55
lebal	33	Response	252	802569	6327	1
lebal	34	Picture	3	832242	0	1	1999	3	0	1920	other	0
lebal	35	Sound	63	844222	0	1			0		hit	58
lebal	35	Response	252	848267	4045	1
lebal	36	Picture	101	878403	0	2	2000	3	0	1920	other	0
lebal	37	Sound	61	890377	0	1			0		hit	61
lebal	37	Response	251	901693	11316	1
lebal	38	Picture	22	925732	0	1	1999	3	0	1920	other	0
lebal	38	Sound	52	933991	8259	1			8260		other	0
lebal	39	Sound	62	937729	0	1			0		hit	65
lebal	39	Response	251	942867	5138	1
lebal	40	Picture	212	973560	0	1	1999	3	0	1920	other	0
lebal	40	Sound	51	976599	3039	2			3040		other	0
lebal	41	Sound	62	985560	0	1			0		hit	69
lebal	41	Response	251	990170	4610	2
lebal	42	Picture	103	1021388	0	1	2000	2	0	1920	other	0
lebal	43	Sound	63	1033361	0	1			0		hit	72
lebal	43	Response	252	1038430	5069	1
lebal	44	Picture	103	1068549	0	2	2000	4	0	1920	other	0
lebal	45	Sound	63	1080533	0	1			0		hit	75
lebal	45	Response	252	1084303	3770	1
lebal	46	Picture	3	1116211	0	1	2000	2	0	1920	other	0
lebal	47	Sound	63	1128184	0	1			0		hit	78
lebal	47	Response	252	1132363	4179	1
lebal	48	Picture	2	1163872	0	2	2000	4	0	1920	other	0
lebal	49	Sound	62	1175865	0	2			0		hit	81
lebal	49	Response	251	1181182	5317	1
lebal	50	Picture	202	1210534	0	2	2000	4	0	1920	other	0
lebal	51	Sound	62	1222529	0	1			0		hit	84
lebal	51	Response	251	1226406	3877	2
lebal	52	Picture	12	1257029	0	2	2000	3	0	1920	other	0
lebal	52	Sound	51	1260158	3129	2			3130		other	0
lebal	53	Sound	62	1269013	0	1			0		hit	88
lebal	53	Response	251	1272768	3755	1
lebal	54	Picture	3	1303357	0	2	2000	4	0	1920	other	0
lebal	55	Sound	63	1315347	0	1			0		hit	91
lebal	55	Response	252	1319400	4053	1
lebal	56	Picture	1	1350519	0	2	2000	3	0	1920	other	0
lebal	57	Sound	61	1362490	0	1			0		hit	94
lebal	57	Response	251	1367666	5176	1
lebal	58	Picture	204	1396847	0	2	2000	4	0	1920	other	0
lebal	59	Sound	64	1408824	0	1			0		hit	97
lebal	59	Response	252	1416879	8055	2
lebal	60	Picture	4	1444842	0	2	2000	4	0	1920	other	0
lebal	61	Sound	64	1456834	0	1			0		hit	100
lebal	61	Response	252	1461454	4620	1
lebal	62	Picture	204	1491171	0	1	1999	3	0	1920	other	0
lebal	63	Sound	64	1503169	0	1			0		hit	103
lebal	63	Response	252	1507140	3971	1
lebal	64	Picture	4	1538499	0	1	2000	2	0	1920	other	0
lebal	65	Sound	64	1550491	0	1			0		hit	106
lebal	65	Response	252	1554460	3969	1
lebal	66	Picture	204	1584661	0	1	1999	3	0	1920	other	0
lebal	67	Sound	64	1596645	0	1			0		hit	109
lebal	67	Response	252	1600843	4198	1
lebal	68	Picture	113	1632155	0	2	2000	3	0	1920	other	0
lebal	68	Sound	51	1634704	2549	1			2550		other	0
lebal	69	Sound	63	1644147	0	1			0		hit	113
lebal	69	Response	252	1647624	3477	1
lebal	70	Picture	103	1680150	0	2	2000	3	0	1920	other	0
lebal	71	Sound	63	1692127	0	2			0		hit	116
lebal	71	Response	252	1695614	3487	2
lebal	72	Picture	14	1726645	0	2	2000	4	0	1920	other	0
lebal	72	Sound	51	1730474	3829	2			3830		other	0
lebal	73	Sound	64	1738641	0	1			0		hit	120
lebal	73	Response	252	1742567	3926	1
lebal	74	Picture	202	1773140	0	2	2000	3	0	1920	other	0
lebal	75	Sound	62	1785125	0	1			0		hit	123
lebal	75	Response	251	1789574	4449	2
lebal	76	Picture	204	1819302	0	1	2000	2	0	1920	other	0
lebal	77	Sound	64	1831280	0	1			0		hit	126
lebal	77	Response	252	1834854	3574	1
lebal	78	Picture	4	1865463	0	3	2000	5	0	1920	other	0
lebal	79	Sound	64	1877434	0	2			0		hit	129
lebal	79	Response	252	1881354	3920	2
lebal	80	Picture	101	1911792	0	1	2000	2	0	1920	other	0
lebal	81	Sound	61	1923769	0	1			0		hit	132
lebal	81	Response	251	1928508	4739	2
lebal	82	Picture	103	1959787	0	1	1999	3	0	1920	other	0
lebal	83	Sound	63	1971779	0	1			0		hit	135
lebal	83	Response	252	1975396	3617	2
lebal	84	Picture	202	2007781	0	2	2000	4	0	1920	other	0
lebal	85	Sound	62	2019759	0	2			0		hit	138
lebal	85	Response	251	2025858	6099	1
lebal	86	Picture	3	2055776	0	2	2000	4	0	1920	other	0
lebal	87	Sound	63	2067770	0	1			0		hit	141
lebal	87	Response	252	2072926	5156	2
lebal	88	Picture	101	2102605	0	1	1999	3	0	1920	other	0
lebal	89	Sound	61	2114583	0	1			0		hit	144
lebal	89	Response	251	2118547	3964	2
lebal	90	Picture	202	2149099	0	2	2000	4	0	1920	other	0
lebal	91	Sound	62	2161097	0	1			0		hit	147
lebal	91	Response	251	2164674	3577	2
lebal	92	Picture	2	2196094	0	2	2000	4	0	1920	other	0
lebal	93	Sound	62	2208090	0	1			0		hit	150
lebal	93	Response	251	2212862	4772	1
lebal	94	Picture	4	2242756	0	2	2000	3	0	1920	other	0
lebal	95	Sound	64	2254753	0	2			0		hit	153
lebal	95	Response	252	2257940	3187	1
lebal	96	Picture	23	2289584	0	2	2000	4	0	1920	other	0
lebal	96	Sound	52	2297973	8389	2			8390		other	0
lebal	97	Sound	63	2301567	0	1			0		hit	157
lebal	97	Response	252	2305944	4377	1
lebal	98	Picture	103	2337413	0	1	1999	3	0	1920	other	0
lebal	99	Sound	63	2349397	0	1			0		hit	160
lebal	99	Response	252	2353107	3710	1
lebal	100	Picture	202	2384407	0	2	2000	4	0	1920	other	0
lebal	101	Sound	62	2396390	0	1			0		hit	163
lebal	101	Response	251	2399539	3149	2
lebal	102	Picture	2	2431569	0	2	1920	89	0	1920	other	0
lebal	103	Sound	62	2443563	0	1			0		incorrect	166
lebal	103	Response	252	2446761	3198	2
lebal	104	Picture	1	2478897	0	2	2000	4	0	1920	other	0
lebal	105	Sound	61	2490885	0	1			0		hit	169
lebal	105	Response	251	2495777	4892	1
lebal	106	Picture	121	2525059	0	2	2000	3	0	1920	other	0
lebal	106	Sound	52	2532719	7660	1			7660		other	0
lebal	107	Sound	61	2537039	0	1			0		hit	173
lebal	107	Response	251	2540504	3465	1
lebal	108	Picture	2	2572720	0	2	2000	4	0	1920	other	0
lebal	109	Sound	62	2584720	0	2			0		incorrect	176
lebal	109	Response	252	2588454	3734	2
lebal	110	Picture	101	2619382	0	2	2000	3	0	1920	other	0
lebal	111	Sound	61	2631354	0	1			0		incorrect	179
lebal	111	Response	252	2635700	4346	1
lebal	112	Picture	3	2667210	0	2	2000	4	0	1920	other	0
lebal	113	Sound	63	2679185	0	1			0		hit	182
lebal	113	Response	252	2684287	5102	2
lebal	114	Picture	2	2714205	0	2	2000	3	0	1920	other	0
lebal	115	Sound	62	2726177	0	2			0		hit	185
lebal	115	Response	251	2730768	4591	2
lebal	116	Picture	224	2761700	0	2	2000	3	0	1920	other	0
lebal	116	Sound	52	2769589	7889	2			7890		other	0
lebal	117	Sound	64	2773679	0	1			0		hit	189
lebal	117	Response	252	2780606	6927	2
lebal	118	Picture	1	2809195	0	1	2000	2	0	1920	other	0
lebal	119	Sound	61	2821181	0	1			0		hit	192
lebal	119	Response	251	2825093	3912	1
lebal	120	Picture	101	2856190	0	1	2000	2	0	1920	other	0
lebal	121	Sound	61	2868173	0	2			0		hit	195
lebal	121	Response	251	2871669	3496	2
lebal	122	Picture	1	2904351	0	2	2000	4	0	1920	other	0
lebal	123	Sound	61	2916334	0	1			0		hit	198
lebal	123	Response	251	2920349	4015	1
lebal	124	Picture	204	2952513	0	1	2000	2	0	1920	other	0
lebal	125	Sound	64	2964494	0	1			0		hit	201
lebal	125	Response	252	2968673	4179	1
lebal	126	Picture	222	2999508	0	1	2000	2	0	1920	other	0
lebal	126	Sound	52	3005067	5559	1			5560		other	0
lebal	127	Sound	62	3011486	0	2			0		hit	205
lebal	127	Response	251	3016075	4589	2
lebal	128	Picture	111	3046669	0	2	2000	4	0	1920	other	0
lebal	128	Sound	51	3050778	4109	2			4110		other	0
lebal	129	Sound	61	3058659	0	1			0		incorrect	209
lebal	129	Response	252	3063602	4943	1
lebal	130	Picture	2	3092831	0	1	2000	2	0	1920	other	0
lebal	131	Sound	62	3104813	0	2			0		incorrect	212
lebal	131	Response	252	3109231	4418	2
lebal	132	Picture	13	3140659	0	2	2000	3	0	1920	other	0
lebal	132	Sound	51	3144418	3759	2			3760		other	0
lebal	133	Sound	63	3152644	0	2			0		hit	216
lebal	133	Response	252	3160593	7949	1
lebal	134	Response	253	3333192	145871	1


Event Type	Code	Type	Response	RT	RT Uncertainty	Time	Uncertainty	Duration	Uncertainty	ReqTime	ReqDur

Picture	10	other				43493	2	20165	3	0	20000
Picture	10	other				63824	2	40163	3	0	40000
Picture	10	other				104153	2	40163	3	0	40000
Nothing	91	other				144318	1			0
Picture	103	other				174479	2	2000	4	0	1920
Sound	63	hit	2	4078	3	186473	1			0
Picture	101	other				221307	2	2000	4	0	1920
Sound	61	hit	1	4389	3	233286	2			0
Picture	1	other				268469	2	2000	3	0	1920
Sound	61	hit	1	4799	2	280459	1			0
Picture	24	other				315964	1	2000	2	0	1920
Sound	52	other				322193	1			6230
Sound	64	hit	2	4795	3	327960	2			0
Picture	4	other				362626	1	1999	3	0	1920
Sound	64	hit	2	5758	2	374624	1			0
Picture	21	other				409121	1	1999	3	0	1920
Sound	52	other				416530	2			7410
Sound	61	hit	1	4828	3	421108	1			0
Picture	204	other				456782	1	2000	2	0	1920
Sound	64	hit	2	4789	3	468759	1			0
Picture	11	other				503277	1	2000	3	0	1920
Sound	51	other				507546	2			4270
Sound	61	hit	1	3886	3	515273	1			0
Picture	1	other				550605	2	2000	4	0	1920
Sound	61	hit	1	3878	3	562595	1			0
Picture	3	other				596933	2	2000	4	0	1920
Sound	63	hit	2	6007	2	608929	1			0
Picture	123	other				643429	1	1999	3	0	1920
Sound	52	other				649738	2			6310
Sound	63	hit	2	3718	2	655413	1			0
Picture	214	other				690424	1	1999	3	0	1920
Sound	51	other				695273	2			4850
Sound	64	hit	2	5506	2	702406	1			0
Picture	202	other				737418	2	2000	4	0	1920
Sound	62	hit	1	4909	2	749399	1			0
Picture	4	other				784247	1	1999	3	0	1920
Sound	64	hit	2	6327	2	796242	1			0
Picture	3	other				832242	1	1999	3	0	1920
Sound	63	hit	2	4045	2	844222	1			0
Picture	101	other				878403	2	2000	3	0	1920
Sound	61	hit	1	11316	2	890377	1			0
Picture	22	other				925732	1	1999	3	0	1920
Sound	52	other				933991	1			8260
Sound	62	hit	1	5138	2	937729	1			0
Picture	212	other				973560	1	1999	3	0	1920
Sound	51	other				976599	2			3040
Sound	62	hit	1	4610	3	985560	1			0
Picture	103	other				1021388	1	2000	2	0	1920
Sound	63	hit	2	5069	2	1033361	1			0
Picture	103	other				1068549	2	2000	4	0	1920
Sound	63	hit	2	3770	2	1080533	1			0
Picture	3	other				1116211	1	2000	2	0	1920
Sound	63	hit	2	4179	2	1128184	1			0
Picture	2	other				1163872	2	2000	4	0	1920
Sound	62	hit	1	5317	3	1175865	2			0
Picture	202	other				1210534	2	2000	4	0	1920
Sound	62	hit	1	3877	3	1222529	1			0
Picture	12	other				1257029	2	2000	3	0	1920
Sound	51	other				1260158	2			3130
Sound	62	hit	1	3755	2	1269013	1			0
Picture	3	other				1303357	2	2000	4	0	1920
Sound	63	hit	2	4053	2	1315347	1			0
Picture	1	other				1350519	2	2000	3	0	1920
Sound	61	hit	1	5176	2	1362490	1			0
Picture	204	other				1396847	2	2000	4	0	1920
Sound	64	hit	2	8055	3	1408824	1			0
Picture	4	other				1444842	2	2000	4	0	1920
Sound	64	hit	2	4620	2	1456834	1			0
Picture	204	other				1491171	1	1999	3	0	1920
Sound	64	hit	2	3971	2	1503169	1			0
Picture	4	other				1538499	1	2000	2	0	1920
Sound	64	hit	2	3969	2	1550491	1			0
Picture	204	other				1584661	1	1999	3	0	1920
Sound	64	hit	2	4198	2	1596645	1			0
Picture	113	other				1632155	2	2000	3	0	1920
Sound	51	other				1634704	1			2550
Sound	63	hit	2	3477	2	1644147	1			0
Picture	103	other				1680150	2	2000	3	0	1920
Sound	63	hit	2	3487	4	1692127	2			0
Picture	14	other				1726645	2	2000	4	0	1920
Sound	51	other				1730474	2			3830
Sound	64	hit	2	3926	2	1738641	1			0
Picture	202	other				1773140	2	2000	3	0	1920
Sound	62	hit	1	4449	3	1785125	1			0
Picture	204	other				1819302	1	2000	2	0	1920
Sound	64	hit	2	3574	2	1831280	1			0
Picture	4	other				1865463	3	2000	5	0	1920
Sound	64	hit	2	3920	4	1877434	2			0
Picture	101	other				1911792	1	2000	2	0	1920
Sound	61	hit	1	4739	3	1923769	1			0
Picture	103	other				1959787	1	1999	3	0	1920
Sound	63	hit	2	3617	3	1971779	1			0
Picture	202	other				2007781	2	2000	4	0	1920
Sound	62	hit	1	6099	3	2019759	2			0
Picture	3	other				2055776	2	2000	4	0	1920
Sound	63	hit	2	5156	3	2067770	1			0
Picture	101	other				2102605	1	1999	3	0	1920
Sound	61	hit	1	3964	3	2114583	1			0
Picture	202	other				2149099	2	2000	4	0	1920
Sound	62	hit	1	3577	3	2161097	1			0
Picture	2	other				2196094	2	2000	4	0	1920
Sound	62	hit	1	4772	2	2208090	1			0
Picture	4	other				2242756	2	2000	3	0	1920
Sound	64	hit	2	3187	3	2254753	2			0
Picture	23	other				2289584	2	2000	4	0	1920
Sound	52	other				2297973	2			8390
Sound	63	hit	2	4377	2	2301567	1			0
Picture	103	other				2337413	1	1999	3	0	1920
Sound	63	hit	2	3710	2	2349397	1			0
Picture	202	other				2384407	2	2000	4	0	1920
Sound	62	hit	1	3149	3	2396390	1			0
Picture	2	other				2431569	2	1920	89	0	1920
Sound	62	incorrect	2	3198	3	2443563	1			0
Picture	1	other				2478897	2	2000	4	0	1920
Sound	61	hit	1	4892	2	2490885	1			0
Picture	121	other				2525059	2	2000	3	0	1920
Sound	52	other				2532719	1			7660
Sound	61	hit	1	3465	2	2537039	1			0
Picture	2	other				2572720	2	2000	4	0	1920
Sound	62	incorrect	2	3734	4	2584720	2			0
Picture	101	other				2619382	2	2000	3	0	1920
Sound	61	incorrect	2	4346	2	2631354	1			0
Picture	3	other				2667210	2	2000	4	0	1920
Sound	63	hit	2	5102	3	2679185	1			0
Picture	2	other				2714205	2	2000	3	0	1920
Sound	62	hit	1	4591	4	2726177	2			0
Picture	224	other				2761700	2	2000	3	0	1920
Sound	52	other				2769589	2			7890
Sound	64	hit	2	6927	3	2773679	1			0
Picture	1	other				2809195	1	2000	2	0	1920
Sound	61	hit	1	3912	2	2821181	1			0
Picture	101	other				2856190	1	2000	2	0	1920
Sound	61	hit	1	3496	4	2868173	2			0
Picture	1	other				2904351	2	2000	4	0	1920
Sound	61	hit	1	4015	2	2916334	1			0
Picture	204	other				2952513	1	2000	2	0	1920
Sound	64	hit	2	4179	2	2964494	1			0
Picture	222	other				2999508	1	2000	2	0	1920
Sound	52	other				3005067	1			5560
Sound	62	hit	1	4589	4	3011486	2			0
Picture	111	other				3046669	2	2000	4	0	1920
Sound	51	other				3050778	2			4110
Sound	61	incorrect	2	4943	2	3058659	1			0
Picture	2	other				3092831	1	2000	2	0	1920
Sound	62	incorrect	2	4418	4	3104813	2			0
Picture	13	other				3140659	2	2000	3	0	1920
Sound	51	other				3144418	2			3760
Sound	63	hit	2	7949	3	3152644	2			0
