Scenario - 17_March_2015
Logfile written - 07/04/2017 14:55:43

Subject	Trial	Event Type	Code	Time	TTime	Uncertainty	Duration	Uncertainty	ReqTime	ReqDur	Stim Type	Pair Index

lebal	1	Response	253	13442	23275	2
lebal	2	Picture	10	13496	0	2	20165	4	0	20000	other	0
lebal	3	Picture	10	33828	0	1	40162	2	0	40000	other	0
lebal	3	Response	251	50115	16287	1
lebal	4	Picture	10	74156	0	2	40163	3	0	40000	other	0
lebal	4	Response	252	87170	13014	1
lebal	5	Nothing	91	114321	0	1			0		other	0
lebal	6	Picture	202	144482	0	2	2000	3	0	1920	other	0
lebal	7	Sound	62	156482	0	1			0		hit	10
lebal	7	Response	251	162207	5725	1
lebal	8	Picture	2	191144	0	2	2000	3	0	1920	other	0
lebal	9	Sound	62	203115	0	2			0		hit	13
lebal	9	Response	251	206932	3817	1
lebal	10	Picture	113	237639	0	1	2000	2	0	1920	other	0
lebal	10	Sound	51	240958	3319	1			3320		other	0
lebal	11	Sound	63	249629	0	1			0		hit	17
lebal	11	Response	252	253965	4336	2
lebal	12	Picture	1	285300	0	2	2000	4	0	1920	other	0
lebal	13	Sound	61	297280	0	2			0		hit	20
lebal	13	Response	251	301636	4356	2
lebal	14	Picture	101	331962	0	2	2000	3	0	1920	other	0
lebal	15	Sound	61	343944	0	1			0		hit	23
lebal	15	Response	251	347812	3868	1
lebal	16	Picture	212	379623	0	2	2000	4	0	1920	other	0
lebal	16	Sound	51	384482	4859	2			4860		other	0
lebal	17	Sound	62	391595	0	1			0		hit	27
lebal	17	Response	251	396965	5370	1
lebal	18	Picture	2	426952	0	2	2000	3	0	1920	other	0
lebal	19	Sound	62	438947	0	1			0		hit	30
lebal	19	Response	251	443439	4492	2
lebal	20	Picture	24	473780	0	2	2000	3	0	1920	other	0
lebal	20	Sound	52	481109	7329	2			7330		other	0
lebal	21	Sound	64	485760	0	2			0		hit	34
lebal	21	Response	252	490083	4323	1
lebal	22	Picture	12	520109	0	1	1999	3	0	1920	other	0
lebal	22	Sound	51	525008	4899	2			4900		other	0
lebal	23	Sound	62	532095	0	1			0		hit	38
lebal	23	Response	251	535657	3562	2
lebal	24	Picture	1	567270	0	2	2000	3	0	1920	other	0
lebal	25	Sound	61	579267	0	1			0		hit	41
lebal	25	Response	251	584565	5298	1
lebal	26	Picture	2	614765	0	2	2000	3	0	1920	other	0
lebal	27	Sound	62	626739	0	1			0		hit	44
lebal	27	Response	251	630838	4099	1
lebal	28	Picture	4	660927	0	1	1999	3	0	1920	other	0
lebal	29	Sound	64	672923	0	1			0		hit	47
lebal	29	Response	252	678434	5511	2
lebal	30	Picture	111	708088	0	2	2000	3	0	1920	other	0
lebal	30	Sound	51	713017	4929	1			4930		other	0
lebal	31	Sound	61	720066	0	1			0		hit	51
lebal	31	Response	251	725705	5639	1
lebal	32	Picture	204	754416	0	2	2000	4	0	1920	other	0
lebal	33	Sound	64	766400	0	1			0		hit	54
lebal	33	Response	252	771314	4914	1
lebal	34	Picture	202	802245	0	1	1999	3	0	1920	other	0
lebal	35	Sound	62	814231	0	1			0		hit	57
lebal	35	Response	251	818435	4204	1
lebal	36	Picture	3	848907	0	1	1999	3	0	1920	other	0
lebal	37	Sound	63	860894	0	1			0		hit	60
lebal	37	Response	252	865453	4559	1
lebal	38	Picture	202	895735	0	1	1999	3	0	1920	other	0
lebal	39	Sound	62	907707	0	2			0		hit	63
lebal	39	Response	251	912161	4454	2
lebal	40	Picture	2	943563	0	1	2000	2	0	1920	other	0
lebal	41	Sound	62	955538	0	1			0		hit	66
lebal	41	Response	251	960015	4477	2
lebal	42	Picture	3	990058	0	1	2000	2	0	1920	other	0
lebal	43	Sound	63	1002052	0	1			0		hit	69
lebal	43	Response	252	1005971	3919	1
lebal	44	Picture	101	1037719	0	2	2000	4	0	1920	other	0
lebal	45	Sound	61	1049703	0	2			0		hit	72
lebal	45	Response	251	1054486	4783	2
lebal	46	Picture	21	1085714	0	2	2000	3	0	1920	other	0
lebal	46	Sound	52	1092173	6459	1			6460		other	0
lebal	47	Sound	61	1097714	0	1			0		hit	76
lebal	47	Response	251	1102305	4591	2
lebal	48	Picture	204	1133376	0	1	1999	3	0	1920	other	0
lebal	49	Sound	64	1145365	0	1			0		hit	79
lebal	49	Response	252	1148226	2861	1
lebal	50	Picture	23	1179704	0	2	2000	3	0	1920	other	0
lebal	50	Sound	52	1185823	6119	2			6120		other	0
lebal	51	Sound	63	1191699	0	2			0		hit	83
lebal	51	Response	252	1195802	4103	2
lebal	52	Picture	3	1227366	0	1	1999	3	0	1920	other	0
lebal	53	Sound	63	1239351	0	1			0		hit	86
lebal	53	Response	252	1244931	5580	2
lebal	54	Picture	103	1273527	0	2	2000	4	0	1920	other	0
lebal	55	Sound	63	1285505	0	1			0		hit	89
lebal	55	Response	252	1289035	3530	1
lebal	56	Picture	103	1320522	0	2	2000	4	0	1920	other	0
lebal	57	Sound	63	1332498	0	1			0		hit	92
lebal	57	Response	252	1336408	3910	1
lebal	58	Picture	1	1367184	0	1	2000	2	0	1920	other	0
lebal	59	Sound	61	1379162	0	1			0		incorrect	95
lebal	59	Response	252	1383991	4829	2
lebal	59	Response	251	1385156	5994	2
lebal	60	Picture	4	1414679	0	1	1999	3	0	1920	other	0
lebal	61	Sound	64	1426663	0	1			0		hit	99
lebal	61	Response	252	1430454	3791	2
lebal	62	Picture	214	1461174	0	1	1999	3	0	1920	other	0
lebal	62	Sound	51	1465883	4709	1			4710		other	0
lebal	63	Sound	64	1473147	0	1			0		hit	103
lebal	63	Response	252	1478027	4880	2
lebal	64	Picture	204	1508335	0	2	2000	4	0	1920	other	0
lebal	65	Sound	64	1520319	0	2			0		hit	106
lebal	65	Response	252	1525624	5305	1
lebal	66	Picture	202	1555997	0	1	2000	2	0	1920	other	0
lebal	67	Sound	62	1567971	0	1			0		hit	109
lebal	67	Response	251	1571545	3574	1
lebal	68	Picture	101	1602325	0	2	2000	3	0	1920	other	0
lebal	69	Sound	61	1614305	0	1			0		hit	112
lebal	69	Response	251	1619670	5365	1
lebal	70	Picture	11	1648820	0	2	2000	3	0	1920	other	0
lebal	70	Sound	51	1652249	3429	1			3430		other	0
lebal	71	Sound	61	1660819	0	1			0		hit	116
lebal	71	Response	251	1664584	3765	1
lebal	72	Picture	222	1695815	0	2	2000	3	0	1920	other	0
lebal	72	Sound	52	1702914	7099	2			7100		other	0
lebal	73	Sound	62	1707812	0	1			0		hit	120
lebal	73	Response	251	1711835	4023	1
lebal	74	Picture	4	1743143	0	2	2000	4	0	1920	other	0
lebal	75	Sound	64	1755134	0	1			0		hit	123
lebal	75	Response	252	1760218	5084	1
lebal	76	Picture	3	1789638	0	2	2000	4	0	1920	other	0
lebal	77	Sound	63	1801617	0	2			0		hit	126
lebal	77	Response	252	1808662	7045	1
lebal	78	Picture	22	1835967	0	1	1999	3	0	1920	other	0
lebal	78	Sound	52	1842666	6699	1			6700		other	0
lebal	79	Sound	62	1847952	0	1			0		hit	130
lebal	79	Response	251	1851403	3451	2
lebal	80	Picture	202	1883128	0	2	2000	4	0	1920	other	0
lebal	81	Sound	62	1895124	0	1			0		hit	133
lebal	81	Response	251	1898871	3747	1
lebal	82	Picture	1	1931290	0	1	2000	2	0	1920	other	0
lebal	83	Sound	61	1943284	0	1			0		hit	136
lebal	83	Response	251	1946711	3427	1
lebal	84	Picture	204	1979118	0	1	2000	2	0	1920	other	0
lebal	85	Sound	64	1991115	0	1			0		hit	139
lebal	85	Response	252	1995646	4531	1
lebal	86	Picture	101	2025279	0	2	2000	4	0	1920	other	0
lebal	87	Sound	61	2037270	0	1			0		hit	142
lebal	87	Response	251	2041298	4028	1
lebal	88	Picture	101	2071941	0	2	2000	3	0	1920	other	0
lebal	89	Sound	61	2083933	0	1			0		hit	145
lebal	89	Response	251	2087716	3783	1
lebal	90	Picture	1	2119769	0	2	2000	4	0	1920	other	0
lebal	91	Sound	61	2131764	0	1			0		hit	148
lebal	91	Response	251	2135201	3437	1
lebal	92	Picture	4	2167264	0	2	2000	4	0	1920	other	0
lebal	93	Sound	64	2179236	0	1			0		hit	151
lebal	93	Response	252	2183758	4522	2
lebal	94	Picture	101	2214092	0	2	2000	4	0	1920	other	0
lebal	95	Sound	61	2226079	0	1			0		hit	154
lebal	95	Response	251	2229783	3704	1
lebal	96	Picture	3	2261087	0	2	2000	4	0	1920	other	0
lebal	97	Sound	63	2273071	0	2			0		hit	157
lebal	97	Response	252	2278172	5101	1
lebal	98	Picture	14	2308916	0	1	1999	3	0	1920	other	0
lebal	98	Sound	51	2314115	5199	2			5200		other	0
lebal	99	Sound	64	2320902	0	2			0		hit	161
lebal	99	Response	252	2324788	3886	2
lebal	100	Picture	103	2356244	0	1	2000	2	0	1920	other	0
lebal	101	Sound	63	2368224	0	2			0		hit	164
lebal	101	Response	252	2371702	3478	1
lebal	102	Picture	2	2403405	0	2	2000	4	0	1920	other	0
lebal	103	Sound	62	2415397	0	1			0		hit	167
lebal	103	Response	251	2418585	3188	1
lebal	104	Picture	4	2451067	0	2	2000	3	0	1920	other	0
lebal	105	Sound	64	2463048	0	1			0		hit	170
lebal	105	Response	252	2466418	3370	1
lebal	106	Picture	103	2498395	0	2	2000	3	0	1920	other	0
lebal	107	Sound	63	2510370	0	1			0		hit	173
lebal	107	Response	252	2513880	3510	1
lebal	108	Picture	121	2546057	0	1	1999	3	0	1920	other	0
lebal	108	Sound	52	2552966	6909	2			6910		other	0
lebal	109	Sound	61	2558051	0	1			0		hit	177
lebal	109	Response	251	2562715	4664	1
lebal	110	Picture	3	2592718	0	2	2000	4	0	1920	other	0
lebal	111	Sound	63	2604715	0	1			0		hit	180
lebal	111	Response	252	2610009	5294	2
lebal	112	Picture	202	2640380	0	2	2000	3	0	1920	other	0
lebal	113	Sound	62	2652366	0	1			0		hit	183
lebal	113	Response	251	2658236	5870	1
lebal	114	Picture	13	2686542	0	1	1999	3	0	1920	other	0
lebal	114	Sound	51	2689111	2569	2			2570		other	0
lebal	115	Sound	63	2698521	0	1			0		hit	187
lebal	115	Response	252	2702931	4410	1
lebal	116	Picture	123	2732870	0	1	2000	2	0	1920	other	0
lebal	116	Sound	52	2738450	5580	1			5580		other	0
lebal	117	Sound	63	2744855	0	1			0		hit	191
lebal	117	Response	252	2748261	3406	2
lebal	118	Picture	2	2780698	0	2	2000	3	0	1920	other	0
lebal	119	Sound	62	2792686	0	1			0		hit	194
lebal	119	Response	251	2797517	4831	2
lebal	120	Picture	204	2827026	0	2	2000	3	0	1920	other	0
lebal	121	Sound	64	2839020	0	1			0		hit	197
lebal	121	Response	252	2842344	3324	2
lebal	122	Picture	4	2873688	0	2	1999	4	0	1920	other	0
lebal	123	Sound	64	2885683	0	2			0		hit	200
lebal	123	Response	252	2890686	5003	1
lebal	124	Picture	224	2920350	0	1	1999	3	0	1920	other	0
lebal	124	Sound	52	2926679	6329	2			6330		other	0
lebal	125	Sound	64	2932347	0	1			0		hit	204
lebal	125	Response	252	2936916	4569	2
lebal	126	Picture	103	2967678	0	2	2000	3	0	1920	other	0
lebal	127	Sound	63	2979669	0	1			0		hit	207
lebal	127	Response	252	2983222	3553	1
lebal	128	Picture	1	3015839	0	2	2000	4	0	1920	other	0
lebal	129	Sound	61	3027829	0	1			0		hit	210
lebal	129	Response	251	3032301	4472	1
lebal	130	Picture	103	3063501	0	1	2000	2	0	1920	other	0
lebal	131	Sound	63	3075480	0	2			0		hit	213
lebal	131	Response	252	3080647	5167	1
lebal	132	Picture	204	3110329	0	2	2000	4	0	1920	other	0
lebal	133	Sound	64	3122323	0	2			0		hit	216
lebal	133	Response	252	3126667	4344	1
lebal	134	Response	253	3247719	89395	1


Event Type	Code	Type	Response	RT	RT Uncertainty	Time	Uncertainty	Duration	Uncertainty	ReqTime	ReqDur

Picture	10	other				13496	2	20165	4	0	20000
Picture	10	other				33828	1	40162	2	0	40000
Picture	10	other				74156	2	40163	3	0	40000
Nothing	91	other				114321	1			0
Picture	202	other				144482	2	2000	3	0	1920
Sound	62	hit	1	5725	2	156482	1			0
Picture	2	other				191144	2	2000	3	0	1920
Sound	62	hit	1	3817	3	203115	2			0
Picture	113	other				237639	1	2000	2	0	1920
Sound	51	other				240958	1			3320
Sound	63	hit	2	4336	3	249629	1			0
Picture	1	other				285300	2	2000	4	0	1920
Sound	61	hit	1	4356	4	297280	2			0
Picture	101	other				331962	2	2000	3	0	1920
Sound	61	hit	1	3868	2	343944	1			0
Picture	212	other				379623	2	2000	4	0	1920
Sound	51	other				384482	2			4860
Sound	62	hit	1	5370	2	391595	1			0
Picture	2	other				426952	2	2000	3	0	1920
Sound	62	hit	1	4492	3	438947	1			0
Picture	24	other				473780	2	2000	3	0	1920
Sound	52	other				481109	2			7330
Sound	64	hit	2	4323	3	485760	2			0
Picture	12	other				520109	1	1999	3	0	1920
Sound	51	other				525008	2			4900
Sound	62	hit	1	3562	3	532095	1			0
Picture	1	other				567270	2	2000	3	0	1920
Sound	61	hit	1	5298	2	579267	1			0
Picture	2	other				614765	2	2000	3	0	1920
Sound	62	hit	1	4099	2	626739	1			0
Picture	4	other				660927	1	1999	3	0	1920
Sound	64	hit	2	5511	3	672923	1			0
Picture	111	other				708088	2	2000	3	0	1920
Sound	51	other				713017	1			4930
Sound	61	hit	1	5639	2	720066	1			0
Picture	204	other				754416	2	2000	4	0	1920
Sound	64	hit	2	4914	2	766400	1			0
Picture	202	other				802245	1	1999	3	0	1920
Sound	62	hit	1	4204	2	814231	1			0
Picture	3	other				848907	1	1999	3	0	1920
Sound	63	hit	2	4559	2	860894	1			0
Picture	202	other				895735	1	1999	3	0	1920
Sound	62	hit	1	4454	4	907707	2			0
Picture	2	other				943563	1	2000	2	0	1920
Sound	62	hit	1	4477	3	955538	1			0
Picture	3	other				990058	1	2000	2	0	1920
Sound	63	hit	2	3919	2	1002052	1			0
Picture	101	other				1037719	2	2000	4	0	1920
Sound	61	hit	1	4783	4	1049703	2			0
Picture	21	other				1085714	2	2000	3	0	1920
Sound	52	other				1092173	1			6460
Sound	61	hit	1	4591	3	1097714	1			0
Picture	204	other				1133376	1	1999	3	0	1920
Sound	64	hit	2	2861	2	1145365	1			0
Picture	23	other				1179704	2	2000	3	0	1920
Sound	52	other				1185823	2			6120
Sound	63	hit	2	4103	4	1191699	2			0
Picture	3	other				1227366	1	1999	3	0	1920
Sound	63	hit	2	5580	3	1239351	1			0
Picture	103	other				1273527	2	2000	4	0	1920
Sound	63	hit	2	3530	2	1285505	1			0
Picture	103	other				1320522	2	2000	4	0	1920
Sound	63	hit	2	3910	2	1332498	1			0
Picture	1	other				1367184	1	2000	2	0	1920
Sound	61	incorrect	2	4829	3	1379162	1			0
Picture	4	other				1414679	1	1999	3	0	1920
Sound	64	hit	2	3791	3	1426663	1			0
Picture	214	other				1461174	1	1999	3	0	1920
Sound	51	other				1465883	1			4710
Sound	64	hit	2	4880	3	1473147	1			0
Picture	204	other				1508335	2	2000	4	0	1920
Sound	64	hit	2	5305	3	1520319	2			0
Picture	202	other				1555997	1	2000	2	0	1920
Sound	62	hit	1	3574	2	1567971	1			0
Picture	101	other				1602325	2	2000	3	0	1920
Sound	61	hit	1	5365	2	1614305	1			0
Picture	11	other				1648820	2	2000	3	0	1920
Sound	51	other				1652249	1			3430
Sound	61	hit	1	3765	2	1660819	1			0
Picture	222	other				1695815	2	2000	3	0	1920
Sound	52	other				1702914	2			7100
Sound	62	hit	1	4023	2	1707812	1			0
Picture	4	other				1743143	2	2000	4	0	1920
Sound	64	hit	2	5084	2	1755134	1			0
Picture	3	other				1789638	2	2000	4	0	1920
Sound	63	hit	2	7045	3	1801617	2			0
Picture	22	other				1835967	1	1999	3	0	1920
Sound	52	other				1842666	1			6700
Sound	62	hit	1	3451	3	1847952	1			0
Picture	202	other				1883128	2	2000	4	0	1920
Sound	62	hit	1	3747	2	1895124	1			0
Picture	1	other				1931290	1	2000	2	0	1920
Sound	61	hit	1	3427	2	1943284	1			0
Picture	204	other				1979118	1	2000	2	0	1920
Sound	64	hit	2	4531	2	1991115	1			0
Picture	101	other				2025279	2	2000	4	0	1920
Sound	61	hit	1	4028	2	2037270	1			0
Picture	101	other				2071941	2	2000	3	0	1920
Sound	61	hit	1	3783	2	2083933	1			0
Picture	1	other				2119769	2	2000	4	0	1920
Sound	61	hit	1	3437	2	2131764	1			0
Picture	4	other				2167264	2	2000	4	0	1920
Sound	64	hit	2	4522	3	2179236	1			0
Picture	101	other				2214092	2	2000	4	0	1920
Sound	61	hit	1	3704	2	2226079	1			0
Picture	3	other				2261087	2	2000	4	0	1920
Sound	63	hit	2	5101	3	2273071	2			0
Picture	14	other				2308916	1	1999	3	0	1920
Sound	51	other				2314115	2			5200
Sound	64	hit	2	3886	4	2320902	2			0
Picture	103	other				2356244	1	2000	2	0	1920
Sound	63	hit	2	3478	3	2368224	2			0
Picture	2	other				2403405	2	2000	4	0	1920
Sound	62	hit	1	3188	2	2415397	1			0
Picture	4	other				2451067	2	2000	3	0	1920
Sound	64	hit	2	3370	2	2463048	1			0
Picture	103	other				2498395	2	2000	3	0	1920
Sound	63	hit	2	3510	2	2510370	1			0
Picture	121	other				2546057	1	1999	3	0	1920
Sound	52	other				2552966	2			6910
Sound	61	hit	1	4664	2	2558051	1			0
Picture	3	other				2592718	2	2000	4	0	1920
Sound	63	hit	2	5294	3	2604715	1			0
Picture	202	other				2640380	2	2000	3	0	1920
Sound	62	hit	1	5870	2	2652366	1			0
Picture	13	other				2686542	1	1999	3	0	1920
Sound	51	other				2689111	2			2570
Sound	63	hit	2	4410	2	2698521	1			0
Picture	123	other				2732870	1	2000	2	0	1920
Sound	52	other				2738450	1			5580
Sound	63	hit	2	3406	3	2744855	1			0
Picture	2	other				2780698	2	2000	3	0	1920
Sound	62	hit	1	4831	3	2792686	1			0
Picture	204	other				2827026	2	2000	3	0	1920
Sound	64	hit	2	3324	3	2839020	1			0
Picture	4	other				2873688	2	1999	4	0	1920
Sound	64	hit	2	5003	3	2885683	2			0
Picture	224	other				2920350	1	1999	3	0	1920
Sound	52	other				2926679	2			6330
Sound	64	hit	2	4569	3	2932347	1			0
Picture	103	other				2967678	2	2000	3	0	1920
Sound	63	hit	2	3553	2	2979669	1			0
Picture	1	other				3015839	2	2000	4	0	1920
Sound	61	hit	1	4472	2	3027829	1			0
Picture	103	other				3063501	1	2000	2	0	1920
Sound	63	hit	2	5167	3	3075480	2			0
Picture	204	other				3110329	2	2000	4	0	1920
Sound	64	hit	2	4344	3	3122323	2			0
