Scenario - 17_March_2015
Logfile written - 07/04/2017 15:51:17

Subject	Trial	Event Type	Code	Time	TTime	Uncertainty	Duration	Uncertainty	ReqTime	ReqDur	Stim Type	Pair Index

lebal	1	Response	253	-4669	5164	1
lebal	2	Picture	10	-4501	0	2	20164	3	0	20000	other	0
lebal	3	Picture	10	15830	0	1	40162	2	0	40000	other	0
lebal	3	Response	251	31426	15596	2
lebal	4	Picture	10	56158	0	2	40163	3	0	40000	other	0
lebal	4	Response	252	68812	12654	1
lebal	5	Nothing	91	96323	0	1			0		other	0
lebal	6	Picture	204	126484	0	2	2000	3	0	1920	other	0
lebal	7	Sound	64	138463	0	1			0		hit	10
lebal	7	Response	252	141892	3429	1
lebal	8	Picture	202	173146	0	2	2000	3	0	1920	other	0
lebal	9	Sound	62	185126	0	2			0		hit	13
lebal	9	Response	251	189826	4700	1
lebal	10	Picture	111	220974	0	1	2000	2	0	1920	other	0
lebal	10	Sound	51	225074	4100	1			4100		other	0
lebal	11	Sound	61	232957	0	1			0		hit	17
lebal	11	Response	251	237867	4910	1
lebal	12	Picture	204	267136	0	1	1999	3	0	1920	other	0
lebal	13	Sound	64	279112	0	1			0		hit	20
lebal	13	Response	252	282276	3164	1
lebal	14	Picture	113	315131	0	1	1999	3	0	1920	other	0
lebal	14	Sound	51	319970	4839	2			4840		other	0
lebal	15	Sound	63	327122	0	2			0		hit	24
lebal	15	Response	252	331331	4209	2
lebal	16	Picture	202	361959	0	1	2000	2	0	1920	other	0
lebal	17	Sound	62	373935	0	2			0		hit	27
lebal	17	Response	251	378032	4097	2
lebal	18	Picture	12	409287	0	2	2000	3	0	1920	other	0
lebal	18	Sound	51	413026	3739	1			3740		other	0
lebal	19	Sound	62	421257	0	2			0		hit	31
lebal	19	Response	251	425026	3769	1
lebal	20	Picture	4	455782	0	2	2000	3	0	1920	other	0
lebal	21	Sound	64	467771	0	1			0		hit	34
lebal	21	Response	252	472462	4691	1
lebal	22	Picture	4	503443	0	2	2000	4	0	1920	other	0
lebal	23	Sound	64	515423	0	1			0		hit	37
lebal	23	Response	252	524016	8593	1
lebal	24	Picture	23	550772	0	1	2000	2	0	1920	other	0
lebal	24	Sound	52	556921	6149	2			6150		other	0
lebal	25	Sound	63	562745	0	1			0		hit	41
lebal	25	Response	252	566750	4005	1
lebal	26	Picture	3	598267	0	1	1999	3	0	1920	other	0
lebal	27	Sound	63	610246	0	1			0		hit	44
lebal	27	Response	252	615769	5523	1
lebal	28	Picture	1	644762	0	1	1999	3	0	1920	other	0
lebal	29	Sound	61	656760	0	1			0		hit	47
lebal	29	Response	251	661363	4603	2
lebal	30	Picture	2	691257	0	1	1999	3	0	1920	other	0
lebal	31	Sound	62	703244	0	1			0		hit	50
lebal	31	Response	251	707054	3810	1
lebal	32	Picture	101	738252	0	1	1999	3	0	1920	other	0
lebal	33	Sound	61	750237	0	1			0		hit	53
lebal	33	Response	251	754732	4495	1
lebal	34	Picture	4	784413	0	2	2000	4	0	1920	other	0
lebal	35	Sound	64	796391	0	2			0		hit	56
lebal	35	Response	252	801907	5516	2
lebal	36	Picture	4	831741	0	2	2000	4	0	1920	other	0
lebal	37	Sound	64	843713	0	2			0		hit	59
lebal	37	Response	252	848205	4492	2
lebal	38	Picture	1	878736	0	2	2000	4	0	1920	other	0
lebal	39	Sound	61	890736	0	1			0		hit	62
lebal	39	Response	251	895163	4427	1
lebal	40	Picture	1	925232	0	1	1999	3	0	1920	other	0
lebal	41	Sound	61	937220	0	1			0		hit	65
lebal	41	Response	251	941252	4032	1
lebal	42	Picture	101	972560	0	1	2000	2	0	1920	other	0
lebal	43	Sound	61	984542	0	1			0		hit	68
lebal	43	Response	251	987961	3419	1
lebal	44	Picture	101	1019388	0	1	2000	2	0	1920	other	0
lebal	45	Sound	61	1031385	0	1			0		hit	71
lebal	45	Response	251	1035325	3940	1
lebal	46	Picture	2	1065716	0	2	2000	3	0	1920	other	0
lebal	47	Sound	62	1077689	0	2			0		hit	74
lebal	47	Response	251	1084526	6837	2
lebal	48	Picture	204	1112045	0	1	2000	2	0	1920	other	0
lebal	49	Sound	64	1124024	0	1			0		hit	77
lebal	49	Response	252	1127676	3652	2
lebal	50	Picture	24	1158706	0	2	2000	3	0	1920	other	0
lebal	50	Sound	52	1165725	7019	2			7020		other	0
lebal	51	Sound	64	1170687	0	1			0		hit	81
lebal	51	Response	252	1177930	7243	2
lebal	52	Picture	4	1205201	0	2	2000	4	0	1920	other	0
lebal	53	Sound	64	1217201	0	1			0		hit	84
lebal	53	Response	252	1222383	5182	1
lebal	54	Picture	224	1253029	0	2	2000	4	0	1920	other	0
lebal	54	Sound	52	1258758	5729	1			5730		other	0
lebal	55	Sound	64	1265002	0	1			0		hit	88
lebal	55	Response	252	1269365	4363	1
lebal	56	Picture	1	1300191	0	1	2000	2	0	1920	other	0
lebal	57	Sound	61	1312174	0	1			0		hit	91
lebal	57	Response	251	1316115	3941	2
lebal	58	Picture	212	1347353	0	1	1999	3	0	1920	other	0
lebal	58	Sound	51	1350462	3109	2			3110		other	0
lebal	59	Sound	62	1359347	0	1			0		hit	95
lebal	59	Response	251	1367174	7827	1
lebal	60	Picture	13	1395014	0	2	2000	3	0	1920	other	0
lebal	60	Sound	51	1398713	3699	2			3700		other	0
lebal	61	Sound	63	1406998	0	1			0		hit	99
lebal	61	Response	252	1412462	5464	1
lebal	62	Picture	202	1441509	0	2	2000	3	0	1920	other	0
lebal	63	Sound	62	1453482	0	1			0		hit	102
lebal	63	Response	251	1457961	4479	1
lebal	64	Picture	204	1488837	0	2	2000	3	0	1920	other	0
lebal	65	Sound	64	1500834	0	1			0		hit	105
lebal	65	Response	252	1506980	6146	1
lebal	66	Picture	1	1535332	0	2	2000	3	0	1920	other	0
lebal	67	Sound	61	1547318	0	1			0		hit	108
lebal	67	Response	251	1552345	5027	1
lebal	68	Picture	22	1581661	0	1	2000	2	0	1920	other	0
lebal	68	Sound	52	1587750	6089	2			6090		other	0
lebal	69	Sound	62	1593652	0	1			0		hit	112
lebal	69	Response	251	1600870	7218	2
lebal	70	Picture	123	1628989	0	1	2000	2	0	1920	other	0
lebal	70	Sound	52	1636658	7669	2			7670		other	0
lebal	71	Sound	63	1640974	0	1			0		hit	116
lebal	71	Response	252	1647132	6158	1
lebal	72	Picture	2	1676317	0	2	2000	3	0	1920	other	0
lebal	73	Sound	62	1688296	0	1			0		hit	119
lebal	73	Response	251	1699974	11678	1
lebal	74	Picture	103	1722812	0	2	2000	3	0	1920	other	0
lebal	75	Sound	63	1734810	0	1			0		hit	122
lebal	75	Response	252	1738601	3791	1
lebal	76	Picture	204	1769307	0	2	2000	3	0	1920	other	0
lebal	77	Sound	64	1781294	0	1			0		incorrect	125
lebal	77	Response	251	1786739	5445	1
lebal	77	Response	252	1790154	8860	1
lebal	78	Picture	214	1817135	0	2	2000	3	0	1920	other	0
lebal	78	Sound	51	1821404	4269	1			4270		other	0
lebal	79	Sound	64	1829125	0	1			0		hit	130
lebal	79	Response	252	1832914	3789	1
lebal	80	Picture	202	1864630	0	2	2000	3	0	1920	other	0
lebal	81	Sound	62	1876626	0	1			0		hit	133
lebal	81	Response	251	1880494	3868	1
lebal	82	Picture	101	1912458	0	2	2000	3	0	1920	other	0
lebal	83	Sound	61	1924457	0	1			0		incorrect	136
lebal	83	Response	252	1933612	9155	1
lebal	84	Picture	2	1959453	0	2	2000	3	0	1920	other	0
lebal	85	Sound	62	1971450	0	1			0		hit	139
lebal	85	Response	251	1978201	6751	1
lebal	86	Picture	202	2007115	0	1	1999	3	0	1920	other	0
lebal	87	Sound	62	2019101	0	1			0		hit	142
lebal	87	Response	251	2023920	4819	2
lebal	88	Picture	1	2054943	0	1	2000	2	0	1920	other	0
lebal	89	Sound	61	2066932	0	1			0		hit	145
lebal	89	Response	251	2071286	4354	1
lebal	90	Picture	2	2101438	0	1	2000	2	0	1920	other	0
lebal	91	Sound	62	2113416	0	1			0		hit	148
lebal	91	Response	251	2118317	4901	1
lebal	92	Picture	204	2148100	0	1	1999	3	0	1920	other	0
lebal	93	Sound	64	2160079	0	2			0		hit	151
lebal	93	Response	252	2165532	5453	1
lebal	94	Picture	14	2194761	0	2	2000	3	0	1920	other	0
lebal	94	Sound	51	2199270	4509	1			4510		other	0
lebal	95	Sound	64	2206743	0	1			0		hit	155
lebal	95	Response	252	2210470	3727	1
lebal	96	Picture	222	2242422	0	2	2001	3	0	1920	other	0
lebal	96	Sound	52	2250391	7969	2			7970		other	0
lebal	97	Sound	62	2254394	0	1			0		hit	159
lebal	97	Response	251	2259707	5313	2
lebal	98	Picture	103	2289251	0	1	2000	2	0	1920	other	0
lebal	99	Sound	63	2301237	0	1			0		hit	162
lebal	99	Response	252	2305704	4467	2
lebal	100	Picture	2	2337079	0	1	2000	2	0	1920	other	0
lebal	101	Sound	62	2349068	0	1			0		hit	165
lebal	101	Response	251	2352816	3748	1
lebal	102	Picture	103	2384741	0	1	1999	3	0	1920	other	0
lebal	103	Sound	63	2396719	0	1			0		hit	168
lebal	103	Response	252	2400314	3595	1
lebal	104	Picture	11	2432736	0	1	1999	3	0	1920	other	0
lebal	104	Sound	51	2436525	3789	1			3790		other	0
lebal	105	Sound	61	2444730	0	1			0		hit	172
lebal	105	Response	251	2449211	4481	2
lebal	106	Picture	103	2479897	0	1	2000	2	0	1920	other	0
lebal	107	Sound	63	2491872	0	2			0		hit	175
lebal	107	Response	252	2497145	5273	1
lebal	108	Picture	3	2527558	0	2	2000	4	0	1920	other	0
lebal	109	Sound	63	2539553	0	2			0		hit	178
lebal	109	Response	252	2545350	5797	2
lebal	110	Picture	103	2575387	0	1	2000	2	0	1920	other	0
lebal	111	Sound	63	2587384	0	1			0		hit	181
lebal	111	Response	252	2591157	3773	1
lebal	112	Picture	121	2621548	0	2	2000	4	0	1920	other	0
lebal	112	Sound	52	2627187	5639	2			5640		other	0
lebal	113	Sound	61	2633539	0	1			0		hit	185
lebal	113	Response	251	2638316	4777	1
lebal	114	Picture	103	2669543	0	2	2000	4	0	1920	other	0
lebal	115	Sound	63	2681519	0	2			0		hit	188
lebal	115	Response	252	2686842	5323	1
lebal	116	Picture	3	2716871	0	2	2000	4	0	1920	other	0
lebal	117	Sound	63	2728871	0	2			0		hit	191
lebal	117	Response	252	2732897	4026	2
lebal	118	Picture	101	2764866	0	2	2000	3	0	1920	other	0
lebal	119	Sound	61	2776852	0	1			0		hit	194
lebal	119	Response	251	2781106	4254	2
lebal	120	Picture	21	2811195	0	1	1999	3	0	1920	other	0
lebal	120	Sound	52	2819614	8419	2			8420		other	0
lebal	121	Sound	61	2823186	0	1			0		hit	198
lebal	121	Response	251	2827305	4119	1
lebal	122	Picture	202	2858689	0	2	2000	4	0	1920	other	0
lebal	123	Sound	62	2870688	0	1			0		hit	201
lebal	123	Response	251	2873943	3255	1
lebal	124	Picture	3	2906351	0	1	2000	2	0	1920	other	0
lebal	125	Sound	63	2918339	0	1			0		incorrect	204
lebal	125	Response	251	2921994	3655	2
lebal	125	Response	252	2924681	6342	1
lebal	126	Picture	4	2953179	0	2	2000	4	0	1920	other	0
lebal	127	Sound	64	2965152	0	1			0		hit	208
lebal	127	Response	252	2970392	5240	1
lebal	128	Picture	3	3000508	0	1	1999	3	0	1920	other	0
lebal	129	Sound	63	3012504	0	1			0		hit	211
lebal	129	Response	252	3016682	4178	1
lebal	130	Picture	3	3047503	0	1	1999	3	0	1920	other	0
lebal	131	Sound	63	3059497	0	1			0		hit	214
lebal	131	Response	252	3063451	3954	1
lebal	132	Picture	101	3093997	0	2	2000	4	0	1920	other	0
lebal	133	Sound	61	3105981	0	1			0		hit	217
lebal	133	Response	251	3110445	4464	1
lebal	134	Response	253	3235687	93695	1


Event Type	Code	Type	Response	RT	RT Uncertainty	Time	Uncertainty	Duration	Uncertainty	ReqTime	ReqDur

Picture	10	other				-4501	2	20164	3	0	20000
Picture	10	other				15830	1	40162	2	0	40000
Picture	10	other				56158	2	40163	3	0	40000
Nothing	91	other				96323	1			0
Picture	204	other				126484	2	2000	3	0	1920
Sound	64	hit	2	3429	2	138463	1			0
Picture	202	other				173146	2	2000	3	0	1920
Sound	62	hit	1	4700	3	185126	2			0
Picture	111	other				220974	1	2000	2	0	1920
Sound	51	other				225074	1			4100
Sound	61	hit	1	4910	2	232957	1			0
Picture	204	other				267136	1	1999	3	0	1920
Sound	64	hit	2	3164	2	279112	1			0
Picture	113	other				315131	1	1999	3	0	1920
Sound	51	other				319970	2			4840
Sound	63	hit	2	4209	4	327122	2			0
Picture	202	other				361959	1	2000	2	0	1920
Sound	62	hit	1	4097	4	373935	2			0
Picture	12	other				409287	2	2000	3	0	1920
Sound	51	other				413026	1			3740
Sound	62	hit	1	3769	3	421257	2			0
Picture	4	other				455782	2	2000	3	0	1920
Sound	64	hit	2	4691	2	467771	1			0
Picture	4	other				503443	2	2000	4	0	1920
Sound	64	hit	2	8593	2	515423	1			0
Picture	23	other				550772	1	2000	2	0	1920
Sound	52	other				556921	2			6150
Sound	63	hit	2	4005	2	562745	1			0
Picture	3	other				598267	1	1999	3	0	1920
Sound	63	hit	2	5523	2	610246	1			0
Picture	1	other				644762	1	1999	3	0	1920
Sound	61	hit	1	4603	3	656760	1			0
Picture	2	other				691257	1	1999	3	0	1920
Sound	62	hit	1	3810	2	703244	1			0
Picture	101	other				738252	1	1999	3	0	1920
Sound	61	hit	1	4495	2	750237	1			0
Picture	4	other				784413	2	2000	4	0	1920
Sound	64	hit	2	5516	4	796391	2			0
Picture	4	other				831741	2	2000	4	0	1920
Sound	64	hit	2	4492	4	843713	2			0
Picture	1	other				878736	2	2000	4	0	1920
Sound	61	hit	1	4427	2	890736	1			0
Picture	1	other				925232	1	1999	3	0	1920
Sound	61	hit	1	4032	2	937220	1			0
Picture	101	other				972560	1	2000	2	0	1920
Sound	61	hit	1	3419	2	984542	1			0
Picture	101	other				1019388	1	2000	2	0	1920
Sound	61	hit	1	3940	2	1031385	1			0
Picture	2	other				1065716	2	2000	3	0	1920
Sound	62	hit	1	6837	4	1077689	2			0
Picture	204	other				1112045	1	2000	2	0	1920
Sound	64	hit	2	3652	3	1124024	1			0
Picture	24	other				1158706	2	2000	3	0	1920
Sound	52	other				1165725	2			7020
Sound	64	hit	2	7243	3	1170687	1			0
Picture	4	other				1205201	2	2000	4	0	1920
Sound	64	hit	2	5182	2	1217201	1			0
Picture	224	other				1253029	2	2000	4	0	1920
Sound	52	other				1258758	1			5730
Sound	64	hit	2	4363	2	1265002	1			0
Picture	1	other				1300191	1	2000	2	0	1920
Sound	61	hit	1	3941	3	1312174	1			0
Picture	212	other				1347353	1	1999	3	0	1920
Sound	51	other				1350462	2			3110
Sound	62	hit	1	7827	2	1359347	1			0
Picture	13	other				1395014	2	2000	3	0	1920
Sound	51	other				1398713	2			3700
Sound	63	hit	2	5464	2	1406998	1			0
Picture	202	other				1441509	2	2000	3	0	1920
Sound	62	hit	1	4479	2	1453482	1			0
Picture	204	other				1488837	2	2000	3	0	1920
Sound	64	hit	2	6146	2	1500834	1			0
Picture	1	other				1535332	2	2000	3	0	1920
Sound	61	hit	1	5027	2	1547318	1			0
Picture	22	other				1581661	1	2000	2	0	1920
Sound	52	other				1587750	2			6090
Sound	62	hit	1	7218	3	1593652	1			0
Picture	123	other				1628989	1	2000	2	0	1920
Sound	52	other				1636658	2			7670
Sound	63	hit	2	6158	2	1640974	1			0
Picture	2	other				1676317	2	2000	3	0	1920
Sound	62	hit	1	11678	2	1688296	1			0
Picture	103	other				1722812	2	2000	3	0	1920
Sound	63	hit	2	3791	2	1734810	1			0
Picture	204	other				1769307	2	2000	3	0	1920
Sound	64	incorrect	1	5445	2	1781294	1			0
Picture	214	other				1817135	2	2000	3	0	1920
Sound	51	other				1821404	1			4270
Sound	64	hit	2	3789	2	1829125	1			0
Picture	202	other				1864630	2	2000	3	0	1920
Sound	62	hit	1	3868	2	1876626	1			0
Picture	101	other				1912458	2	2000	3	0	1920
Sound	61	incorrect	2	9155	2	1924457	1			0
Picture	2	other				1959453	2	2000	3	0	1920
Sound	62	hit	1	6751	2	1971450	1			0
Picture	202	other				2007115	1	1999	3	0	1920
Sound	62	hit	1	4819	3	2019101	1			0
Picture	1	other				2054943	1	2000	2	0	1920
Sound	61	hit	1	4354	2	2066932	1			0
Picture	2	other				2101438	1	2000	2	0	1920
Sound	62	hit	1	4901	2	2113416	1			0
Picture	204	other				2148100	1	1999	3	0	1920
Sound	64	hit	2	5453	3	2160079	2			0
Picture	14	other				2194761	2	2000	3	0	1920
Sound	51	other				2199270	1			4510
Sound	64	hit	2	3727	2	2206743	1			0
Picture	222	other				2242422	2	2001	3	0	1920
Sound	52	other				2250391	2			7970
Sound	62	hit	1	5313	3	2254394	1			0
Picture	103	other				2289251	1	2000	2	0	1920
Sound	63	hit	2	4467	3	2301237	1			0
Picture	2	other				2337079	1	2000	2	0	1920
Sound	62	hit	1	3748	2	2349068	1			0
Picture	103	other				2384741	1	1999	3	0	1920
Sound	63	hit	2	3595	2	2396719	1			0
Picture	11	other				2432736	1	1999	3	0	1920
Sound	51	other				2436525	1			3790
Sound	61	hit	1	4481	3	2444730	1			0
Picture	103	other				2479897	1	2000	2	0	1920
Sound	63	hit	2	5273	3	2491872	2			0
Picture	3	other				2527558	2	2000	4	0	1920
Sound	63	hit	2	5797	4	2539553	2			0
Picture	103	other				2575387	1	2000	2	0	1920
Sound	63	hit	2	3773	2	2587384	1			0
Picture	121	other				2621548	2	2000	4	0	1920
Sound	52	other				2627187	2			5640
Sound	61	hit	1	4777	2	2633539	1			0
Picture	103	other				2669543	2	2000	4	0	1920
Sound	63	hit	2	5323	3	2681519	2			0
Picture	3	other				2716871	2	2000	4	0	1920
Sound	63	hit	2	4026	4	2728871	2			0
Picture	101	other				2764866	2	2000	3	0	1920
Sound	61	hit	1	4254	3	2776852	1			0
Picture	21	other				2811195	1	1999	3	0	1920
Sound	52	other				2819614	2			8420
Sound	61	hit	1	4119	2	2823186	1			0
Picture	202	other				2858689	2	2000	4	0	1920
Sound	62	hit	1	3255	2	2870688	1			0
Picture	3	other				2906351	1	2000	2	0	1920
Sound	63	incorrect	1	3655	3	2918339	1			0
Picture	4	other				2953179	2	2000	4	0	1920
Sound	64	hit	2	5240	2	2965152	1			0
Picture	3	other				3000508	1	1999	3	0	1920
Sound	63	hit	2	4178	2	3012504	1			0
Picture	3	other				3047503	1	1999	3	0	1920
Sound	63	hit	2	3954	2	3059497	1			0
Picture	101	other				3093997	2	2000	4	0	1920
Sound	61	hit	1	4464	2	3105981	1			0
