Scenario - SeuilAuditif
Logfile written - 03/31/2017 14:56:59

Subject	Trial	Event Type	Code	Time	TTime	Uncertainty	Duration	Uncertainty	ReqTime	ReqDur	Stim Type	Pair Index

eskmi	2	Sound	L_tarson_Left_0.7	538	40	1			0		other	0
eskmi	3	Sound	L_tarson_Left_0.65	10715	51	1			0		other	0
eskmi	4	Sound	L_tarson_Left_0.6	20862	33	1			0		other	0
eskmi	5	Sound	L_tarson_Left_0.55	31039	44	1			0		other	0
eskmi	6	Sound	L_tarson_Left_0.5	41216	55	1			0		other	0
eskmi	7	Sound	L_tarson_Left_0.45	51362	36	2			0		other	0
eskmi	8	Sound	L_tarson_Left_0.4	61539	47	1			0		other	0
eskmi	9	Sound	L_tarson_Left_0.35	71716	59	1			0		other	0
eskmi	10	Sound	L_tarson_Left_0.3	81863	40	1			0		other	0
eskmi	11	Sound	L_tarson_Left_0.25	92040	51	1			0		other	0
eskmi	12	Sound	L_tarson_Left_0.2	102187	32	1			0		other	0
eskmi	13	Sound	L_tarson_Left_0.15	112364	44	1			0		other	0
eskmi	13	Response	1	121315	8995	2
eskmi	14	Sound	L_tarson-Left-9.99999999999999e-002	122541	55	1			0		other	0
eskmi	15	Sound	L_tarson_Left_9.99999999999999e-002	132688	36	1			0		other	0
eskmi	16	Sound	L_tarson_Left_0.15	142865	48	1			0		other	0
eskmi	17	Sound	L_tarson_Left_0.2	153041	59	2			0		other	0
eskmi	18	Sound	L_tarson_Left_0.25	163188	40	2			0		other	0
eskmi	18	Response	1	166455	3307	1
eskmi	19	Sound	L_tarson-Left-0.3	173365	51	1			0		other	0
eskmi	20	Sound	L_tarson_Left_0.3	183512	32	1			0		other	0
eskmi	21	Sound	L_tarson_Left_0.28	193689	43	1			0		other	0
eskmi	22	Sound	L_tarson_Left_0.26	203866	55	1			0		other	0
eskmi	23	Sound	L_tarson_Left_0.24	214013	36	1			0		other	0
eskmi	24	Sound	L_tarson_Left_0.22	224190	48	1			0		other	0
eskmi	25	Sound	L_tarson_Left_0.2	234367	59	1			0		other	0
eskmi	26	Sound	L_tarson_Left_0.18	244513	39	2			0		other	0
eskmi	27	Sound	L_tarson_Left_0.16	254690	51	2			0		other	0
eskmi	27	Response	1	259668	5029	1
eskmi	28	Sound	L_tarson-Left-0.14	264837	32	2			0		other	0
eskmi	29	Sound	L_tarson_Left_0.14	275014	43	1			0		other	0
eskmi	30	Sound	L_tarson_Left_0.16	285191	54	1			0		other	0
eskmi	31	Sound	L_tarson_Left_0.18	295338	36	1			0		other	0
eskmi	32	Sound	L_tarson_Left_0.2	305515	47	1			0		other	0
eskmi	32	Response	1	309192	3724	1
eskmi	33	Sound	L_tarson-Left-0.22	315692	59	1			0		other	0
eskmi	34	Sound	L_tarson_Left_0.22	325839	40	1			0		other	0
eskmi	35	Sound	L_tarson_Left_0.2	336016	51	1			0		other	0
eskmi	36	Sound	L_tarson_Left_0.18	346162	31	2			0		other	0
eskmi	37	Sound	L_tarson_Left_0.16	356339	43	2			0		other	0
eskmi	38	Sound	L_tarson_Left_0.14	366516	54	1			0		other	0
eskmi	38	Response	1	372006	5544	2
eskmi	39	Sound	L_tarson-Left-0.12	376663	35	1			0		other	0
eskmi	40	Sound	L_tarson_Left_0.12	386840	47	1			0		other	0
eskmi	41	Sound	L_tarson_Left_0.14	397017	58	1			0		other	0
eskmi	42	Sound	L_tarson_Left_0.16	407164	40	1			0		other	0
eskmi	43	Sound	L_tarson_Left_0.18	417341	51	1			0		other	0
eskmi	43	Response	1	418469	1179	1
eskmi	45	Sound	H_tarson_Left_0.7	437844	56	1			0		other	0
eskmi	46	Sound	H_tarson_Left_0.65	447992	38	1			0		other	0
eskmi	47	Sound	H_tarson_Left_0.6	458168	49	1			0		other	0
eskmi	48	Sound	H_tarson_Left_0.55	468315	30	1			0		other	0
eskmi	49	Sound	H_tarson_Left_0.5	478492	41	1			0		other	0
eskmi	50	Sound	H_tarson_Left_0.45	488669	53	1			0		other	0
eskmi	51	Sound	H_tarson_Left_0.4	498816	34	1			0		other	0
eskmi	52	Sound	H_tarson_Left_0.35	508993	45	1			0		other	0
eskmi	53	Sound	H_tarson_Left_0.3	519169	56	2			0		other	0
eskmi	54	Sound	H_tarson_Left_0.25	529316	37	2			0		other	0
eskmi	55	Sound	H_tarson_Left_0.2	539493	48	1			0		other	0
eskmi	56	Sound	H_tarson_Left_0.15	549640	30	1			0		other	0
eskmi	56	Response	1	554763	5153	1
eskmi	57	Sound	H_tarson-Left-9.99999999999999e-002	559817	41	1			0		other	0
eskmi	58	Sound	H_tarson_Left_9.99999999999999e-002	569994	53	1			0		other	0
eskmi	59	Sound	H_tarson_Left_0.15	580141	34	1			0		other	0
eskmi	60	Sound	H_tarson_Left_0.2	590318	45	1			0		other	0
eskmi	60	Response	1	595654	5381	1
eskmi	61	Sound	H_tarson-Left-0.25	600495	56	1			0		other	0
eskmi	62	Sound	H_tarson_Left_0.25	610642	38	1			0		other	0
eskmi	63	Sound	H_tarson_Left_0.23	620818	48	2			0		other	0
eskmi	64	Sound	H_tarson_Left_0.21	630965	29	2			0		other	0
eskmi	65	Sound	H_tarson_Left_0.19	641142	41	1			0		other	0
eskmi	66	Sound	H_tarson_Left_0.17	651319	52	1			0		other	0
eskmi	67	Sound	H_tarson_Left_0.15	661466	33	1			0		other	0
eskmi	67	Response	1	664332	2899	1
eskmi	68	Sound	H_tarson-Left-0.13	671643	45	1			0		other	0
eskmi	69	Sound	H_tarson_Left_0.13	681820	56	1			0		other	0
eskmi	70	Sound	H_tarson_Left_0.15	691967	37	1			0		other	0
eskmi	71	Sound	H_tarson_Left_0.17	702143	48	2			0		other	0
eskmi	71	Response	1	705297	3202	1
eskmi	72	Sound	H_tarson-Left-0.19	712291	30	1			0		other	0
eskmi	73	Sound	H_tarson_Left_0.19	722467	40	2			0		other	0
eskmi	74	Sound	H_tarson_Left_0.17	732644	52	1			0		other	0
eskmi	75	Sound	H_tarson_Left_0.15	742791	33	1			0		other	0
eskmi	76	Sound	H_tarson_Left_0.13	752968	45	1			0		other	0
eskmi	77	Sound	H_tarson_Left_0.11	763145	56	1			0		other	0
eskmi	77	Response	1	768870	5781	1
eskmi	78	Sound	H_tarson-Left-8.99999999999999e-002	773292	37	1			0		other	0
eskmi	79	Sound	H_tarson_Left_8.99999999999999e-002	783469	48	1			0		other	0
eskmi	80	Sound	H_tarson_Left_0.11	793616	30	1			0		other	0
eskmi	81	Sound	H_tarson_Left_0.13	803792	40	2			0		other	0
eskmi	82	Sound	H_tarson_Left_0.15	813969	51	2			0		other	0
eskmi	83	Sound	H_tarson_Left_0.17	824116	33	2			0		other	0
eskmi	84	Sound	H_tarson_Left_0.19	834293	44	1			0		other	0
eskmi	84	Response	1	836648	2399	2
eskmi	86	Sound	L_tarson_Right_0.7	854617	37	1			0		other	0
eskmi	87	Sound	L_tarson_Right_0.65	864794	48	1			0		other	0
eskmi	88	Sound	L_tarson_Right_0.6	874971	60	1			0		other	0
eskmi	89	Sound	L_tarson_Right_0.55	885118	41	1			0		other	0
eskmi	90	Sound	L_tarson_Right_0.5	895295	52	1			0		other	0
eskmi	91	Sound	L_tarson_Right_0.45	905442	34	1			0		other	0
eskmi	92	Sound	L_tarson_Right_0.4	915618	44	2			0		other	0
eskmi	93	Sound	L_tarson_Right_0.35	925795	55	1			0		other	0
eskmi	94	Sound	L_tarson_Right_0.3	935942	37	1			0		other	0
eskmi	95	Sound	L_tarson_Right_0.25	946119	48	1			0		other	0
eskmi	96	Sound	L_tarson_Right_0.2	956296	59	1			0		other	0
eskmi	97	Sound	L_tarson_Right_0.15	966443	40	1			0		other	0
eskmi	97	Response	1	969825	3422	1
eskmi	98	Sound	L_tarson-Right-9.99999999999999e-002	976620	52	1			0		other	0
eskmi	99	Sound	L_tarson_Right_9.99999999999999e-002	986767	33	1			0		other	0
eskmi	100	Sound	L_tarson_Right_0.15	996944	45	1			0		other	0
eskmi	101	Sound	L_tarson_Right_0.2	1007120	55	2			0		other	0
eskmi	102	Sound	L_tarson_Right_0.25	1017267	36	2			0		other	0
eskmi	102	Response	1	1019292	2061	1
eskmi	103	Sound	L_tarson-Right-0.3	1027444	48	2			0		other	0
eskmi	104	Sound	L_tarson_Right_0.3	1037621	59	1			0		other	0
eskmi	105	Sound	L_tarson_Right_0.28	1047768	40	1			0		other	0
eskmi	106	Sound	L_tarson_Right_0.26	1057945	52	1			0		other	0
eskmi	107	Sound	L_tarson_Right_0.24	1068092	33	1			0		other	0
eskmi	108	Sound	L_tarson_Right_0.22	1078269	44	1			0		other	0
eskmi	108	Response	1	1080962	2737	2
eskmi	109	Sound	L_tarson-Right-0.2	1088446	56	1			0		other	0
eskmi	110	Sound	L_tarson_Right_0.2	1098593	37	1			0		other	0
eskmi	111	Sound	L_tarson_Right_0.22	1108770	48	1			0		other	0
eskmi	112	Sound	L_tarson_Right_0.24	1118946	59	1			0		other	0
eskmi	112	Response	1	1122797	3910	1
eskmi	113	Sound	L_tarson-Right-0.26	1129093	40	1			0		other	0
eskmi	114	Sound	L_tarson_Right_0.26	1139270	51	1			0		other	0
eskmi	115	Sound	L_tarson_Right_0.24	1149417	33	1			0		other	0
eskmi	116	Sound	L_tarson_Right_0.22	1159594	44	1			0		other	0
eskmi	117	Sound	L_tarson_Right_0.2	1169771	55	1			0		other	0
eskmi	118	Sound	L_tarson_Right_0.18	1179918	37	1			0		other	0
eskmi	118	Response	1	1182557	2676	2
eskmi	119	Sound	L_tarson-Right-0.16	1190095	48	1			0		other	0
eskmi	120	Sound	L_tarson_Right_0.16	1200271	59	2			0		other	0
eskmi	121	Sound	L_tarson_Right_0.18	1210418	40	2			0		other	0
eskmi	122	Sound	L_tarson_Right_0.2	1220595	51	1			0		other	0
eskmi	123	Sound	L_tarson_Right_0.22	1230742	32	1			0		other	0
eskmi	123	Response	1	1232126	1416	1
eskmi	125	Sound	H_tarson_Right_0.7	1251096	55	1			0		other	0
eskmi	126	Sound	H_tarson_Right_0.65	1261243	36	1			0		other	0
eskmi	127	Sound	H_tarson_Right_0.6	1271420	48	1			0		other	0
eskmi	128	Sound	H_tarson_Right_0.55	1281597	59	1			0		other	0
eskmi	129	Sound	H_tarson_Right_0.5	1291744	40	1			0		other	0
eskmi	130	Sound	H_tarson_Right_0.45	1301920	51	2			0		other	0
eskmi	131	Sound	H_tarson_Right_0.4	1312067	32	2			0		other	0
eskmi	132	Sound	H_tarson_Right_0.35	1322244	43	2			0		other	0
eskmi	133	Sound	H_tarson_Right_0.3	1332421	55	1			0		other	0
eskmi	134	Sound	H_tarson_Right_0.25	1342568	36	1			0		other	0
eskmi	135	Sound	H_tarson_Right_0.2	1352745	47	1			0		other	0
eskmi	136	Sound	H_tarson_Right_0.15	1362922	59	1			0		other	0
eskmi	136	Response	1	1366807	3944	1
eskmi	137	Sound	H_tarson-Right-9.99999999999999e-002	1373069	40	1			0		other	0
eskmi	138	Sound	H_tarson_Right_9.99999999999999e-002	1383246	51	1			0		other	0
eskmi	139	Sound	H_tarson_Right_0.15	1393393	33	1			0		other	0
eskmi	140	Sound	H_tarson_Right_0.2	1403569	43	2			0		other	0
eskmi	140	Response	1	1407013	3487	1
eskmi	141	Sound	H_tarson-Right-0.25	1413746	55	2			0		other	0
eskmi	142	Sound	H_tarson_Right_0.25	1423893	36	2			0		other	0
eskmi	143	Sound	H_tarson_Right_0.23	1434070	47	1			0		other	0
eskmi	144	Sound	H_tarson_Right_0.21	1444247	59	1			0		other	0
eskmi	145	Sound	H_tarson_Right_0.19	1454394	40	1			0		other	0
eskmi	146	Sound	H_tarson_Right_0.17	1464571	51	1			0		other	0
eskmi	146	Response	1	1468176	3656	1
eskmi	147	Sound	H_tarson-Right-0.15	1474718	33	1			0		other	0
eskmi	148	Sound	H_tarson_Right_0.15	1484895	44	1			0		other	0
eskmi	149	Sound	H_tarson_Right_0.17	1495072	55	1			0		other	0
eskmi	150	Sound	H_tarson_Right_0.19	1505219	36	1			0		other	0
eskmi	150	Response	1	1507616	2433	2
eskmi	151	Sound	H_tarson-Right-0.21	1515395	47	1			0		other	0
eskmi	152	Sound	H_tarson_Right_0.21	1525572	59	1			0		other	0
eskmi	153	Sound	H_tarson_Right_0.19	1535719	39	1			0		other	0
eskmi	154	Sound	H_tarson_Right_0.17	1545896	51	1			0		other	0
eskmi	154	Response	1	1552280	6435	1
eskmi	155	Sound	H_tarson-Right-0.15	1556043	32	1			0		other	0
eskmi	156	Sound	H_tarson_Right_0.15	1566220	44	1			0		other	0
eskmi	157	Sound	H_tarson_Right_0.17	1576397	55	1			0		other	0
eskmi	158	Sound	H_tarson_Right_0.19	1586544	36	1			0		other	0
eskmi	159	Sound	H_tarson_Right_0.21	1596720	47	2			0		other	0
eskmi	160	Sound	H_tarson_Right_0.23	1606897	58	2			0		other	0
eskmi	160	Response	1	1607149	310	1


Event Type	Code	Type	Response	RT	RT Uncertainty	Time	Uncertainty	Duration	Uncertainty	ReqTime	ReqDur

Sound	L_tarson_Left_0.7	other				538	1			0
Sound	L_tarson_Left_0.65	other				10715	1			0
Sound	L_tarson_Left_0.6	other				20862	1			0
Sound	L_tarson_Left_0.55	other				31039	1			0
Sound	L_tarson_Left_0.5	other				41216	1			0
Sound	L_tarson_Left_0.45	other				51362	2			0
Sound	L_tarson_Left_0.4	other				61539	1			0
Sound	L_tarson_Left_0.35	other				71716	1			0
Sound	L_tarson_Left_0.3	other				81863	1			0
Sound	L_tarson_Left_0.25	other				92040	1			0
Sound	L_tarson_Left_0.2	other				102187	1			0
Sound	L_tarson_Left_0.15	other				112364	1			0
Sound	L_tarson-Left-9.99999999999999e-002	other				122541	1			0
Sound	L_tarson_Left_9.99999999999999e-002	other				132688	1			0
Sound	L_tarson_Left_0.15	other				142865	1			0
Sound	L_tarson_Left_0.2	other				153041	2			0
Sound	L_tarson_Left_0.25	other				163188	2			0
Sound	L_tarson-Left-0.3	other				173365	1			0
Sound	L_tarson_Left_0.3	other				183512	1			0
Sound	L_tarson_Left_0.28	other				193689	1			0
Sound	L_tarson_Left_0.26	other				203866	1			0
Sound	L_tarson_Left_0.24	other				214013	1			0
Sound	L_tarson_Left_0.22	other				224190	1			0
Sound	L_tarson_Left_0.2	other				234367	1			0
Sound	L_tarson_Left_0.18	other				244513	2			0
Sound	L_tarson_Left_0.16	other				254690	2			0
Sound	L_tarson-Left-0.14	other				264837	2			0
Sound	L_tarson_Left_0.14	other				275014	1			0
Sound	L_tarson_Left_0.16	other				285191	1			0
Sound	L_tarson_Left_0.18	other				295338	1			0
Sound	L_tarson_Left_0.2	other				305515	1			0
Sound	L_tarson-Left-0.22	other				315692	1			0
Sound	L_tarson_Left_0.22	other				325839	1			0
Sound	L_tarson_Left_0.2	other				336016	1			0
Sound	L_tarson_Left_0.18	other				346162	2			0
Sound	L_tarson_Left_0.16	other				356339	2			0
Sound	L_tarson_Left_0.14	other				366516	1			0
Sound	L_tarson-Left-0.12	other				376663	1			0
Sound	L_tarson_Left_0.12	other				386840	1			0
Sound	L_tarson_Left_0.14	other				397017	1			0
Sound	L_tarson_Left_0.16	other				407164	1			0
Sound	L_tarson_Left_0.18	other				417341	1			0
Sound	H_tarson_Left_0.7	other				437844	1			0
Sound	H_tarson_Left_0.65	other				447992	1			0
Sound	H_tarson_Left_0.6	other				458168	1			0
Sound	H_tarson_Left_0.55	other				468315	1			0
Sound	H_tarson_Left_0.5	other				478492	1			0
Sound	H_tarson_Left_0.45	other				488669	1			0
Sound	H_tarson_Left_0.4	other				498816	1			0
Sound	H_tarson_Left_0.35	other				508993	1			0
Sound	H_tarson_Left_0.3	other				519169	2			0
Sound	H_tarson_Left_0.25	other				529316	2			0
Sound	H_tarson_Left_0.2	other				539493	1			0
Sound	H_tarson_Left_0.15	other				549640	1			0
Sound	H_tarson-Left-9.99999999999999e-002	other				559817	1			0
Sound	H_tarson_Left_9.99999999999999e-002	other				569994	1			0
Sound	H_tarson_Left_0.15	other				580141	1			0
Sound	H_tarson_Left_0.2	other				590318	1			0
Sound	H_tarson-Left-0.25	other				600495	1			0
Sound	H_tarson_Left_0.25	other				610642	1			0
Sound	H_tarson_Left_0.23	other				620818	2			0
Sound	H_tarson_Left_0.21	other				630965	2			0
Sound	H_tarson_Left_0.19	other				641142	1			0
Sound	H_tarson_Left_0.17	other				651319	1			0
Sound	H_tarson_Left_0.15	other				661466	1			0
Sound	H_tarson-Left-0.13	other				671643	1			0
Sound	H_tarson_Left_0.13	other				681820	1			0
Sound	H_tarson_Left_0.15	other				691967	1			0
Sound	H_tarson_Left_0.17	other				702143	2			0
Sound	H_tarson-Left-0.19	other				712291	1			0
Sound	H_tarson_Left_0.19	other				722467	2			0
Sound	H_tarson_Left_0.17	other				732644	1			0
Sound	H_tarson_Left_0.15	other				742791	1			0
Sound	H_tarson_Left_0.13	other				752968	1			0
Sound	H_tarson_Left_0.11	other				763145	1			0
Sound	H_tarson-Left-8.99999999999999e-002	other				773292	1			0
Sound	H_tarson_Left_8.99999999999999e-002	other				783469	1			0
Sound	H_tarson_Left_0.11	other				793616	1			0
Sound	H_tarson_Left_0.13	other				803792	2			0
Sound	H_tarson_Left_0.15	other				813969	2			0
Sound	H_tarson_Left_0.17	other				824116	2			0
Sound	H_tarson_Left_0.19	other				834293	1			0
Sound	L_tarson_Right_0.7	other				854617	1			0
Sound	L_tarson_Right_0.65	other				864794	1			0
Sound	L_tarson_Right_0.6	other				874971	1			0
Sound	L_tarson_Right_0.55	other				885118	1			0
Sound	L_tarson_Right_0.5	other				895295	1			0
Sound	L_tarson_Right_0.45	other				905442	1			0
Sound	L_tarson_Right_0.4	other				915618	2			0
Sound	L_tarson_Right_0.35	other				925795	1			0
Sound	L_tarson_Right_0.3	other				935942	1			0
Sound	L_tarson_Right_0.25	other				946119	1			0
Sound	L_tarson_Right_0.2	other				956296	1			0
Sound	L_tarson_Right_0.15	other				966443	1			0
Sound	L_tarson-Right-9.99999999999999e-002	other				976620	1			0
Sound	L_tarson_Right_9.99999999999999e-002	other				986767	1			0
Sound	L_tarson_Right_0.15	other				996944	1			0
Sound	L_tarson_Right_0.2	other				1007120	2			0
Sound	L_tarson_Right_0.25	other				1017267	2			0
Sound	L_tarson-Right-0.3	other				1027444	2			0
Sound	L_tarson_Right_0.3	other				1037621	1			0
Sound	L_tarson_Right_0.28	other				1047768	1			0
Sound	L_tarson_Right_0.26	other				1057945	1			0
Sound	L_tarson_Right_0.24	other				1068092	1			0
Sound	L_tarson_Right_0.22	other				1078269	1			0
Sound	L_tarson-Right-0.2	other				1088446	1			0
Sound	L_tarson_Right_0.2	other				1098593	1			0
Sound	L_tarson_Right_0.22	other				1108770	1			0
Sound	L_tarson_Right_0.24	other				1118946	1			0
Sound	L_tarson-Right-0.26	other				1129093	1			0
Sound	L_tarson_Right_0.26	other				1139270	1			0
Sound	L_tarson_Right_0.24	other				1149417	1			0
Sound	L_tarson_Right_0.22	other				1159594	1			0
Sound	L_tarson_Right_0.2	other				1169771	1			0
Sound	L_tarson_Right_0.18	other				1179918	1			0
Sound	L_tarson-Right-0.16	other				1190095	1			0
Sound	L_tarson_Right_0.16	other				1200271	2			0
Sound	L_tarson_Right_0.18	other				1210418	2			0
Sound	L_tarson_Right_0.2	other				1220595	1			0
Sound	L_tarson_Right_0.22	other				1230742	1			0
Sound	H_tarson_Right_0.7	other				1251096	1			0
Sound	H_tarson_Right_0.65	other				1261243	1			0
Sound	H_tarson_Right_0.6	other				1271420	1			0
Sound	H_tarson_Right_0.55	other				1281597	1			0
Sound	H_tarson_Right_0.5	other				1291744	1			0
Sound	H_tarson_Right_0.45	other				1301920	2			0
Sound	H_tarson_Right_0.4	other				1312067	2			0
Sound	H_tarson_Right_0.35	other				1322244	2			0
Sound	H_tarson_Right_0.3	other				1332421	1			0
Sound	H_tarson_Right_0.25	other				1342568	1			0
Sound	H_tarson_Right_0.2	other				1352745	1			0
Sound	H_tarson_Right_0.15	other				1362922	1			0
Sound	H_tarson-Right-9.99999999999999e-002	other				1373069	1			0
Sound	H_tarson_Right_9.99999999999999e-002	other				1383246	1			0
Sound	H_tarson_Right_0.15	other				1393393	1			0
Sound	H_tarson_Right_0.2	other				1403569	2			0
Sound	H_tarson-Right-0.25	other				1413746	2			0
Sound	H_tarson_Right_0.25	other				1423893	2			0
Sound	H_tarson_Right_0.23	other				1434070	1			0
Sound	H_tarson_Right_0.21	other				1444247	1			0
Sound	H_tarson_Right_0.19	other				1454394	1			0
Sound	H_tarson_Right_0.17	other				1464571	1			0
Sound	H_tarson-Right-0.15	other				1474718	1			0
Sound	H_tarson_Right_0.15	other				1484895	1			0
Sound	H_tarson_Right_0.17	other				1495072	1			0
Sound	H_tarson_Right_0.19	other				1505219	1			0
Sound	H_tarson-Right-0.21	other				1515395	1			0
Sound	H_tarson_Right_0.21	other				1525572	1			0
Sound	H_tarson_Right_0.19	other				1535719	1			0
Sound	H_tarson_Right_0.17	other				1545896	1			0
Sound	H_tarson-Right-0.15	other				1556043	1			0
Sound	H_tarson_Right_0.15	other				1566220	1			0
Sound	H_tarson_Right_0.17	other				1576397	1			0
Sound	H_tarson_Right_0.19	other				1586544	1			0
Sound	H_tarson_Right_0.21	other				1596720	2			0
Sound	H_tarson_Right_0.23	other				1606897	2			0
