Scenario - 17_March_2015
Logfile written - 03/31/2017 17:05:33

Subject	Trial	Event Type	Code	Time	TTime	Uncertainty	Duration	Uncertainty	ReqTime	ReqDur	Stim Type	Pair Index

eskmi	1	Response	253	28739	38573	1
eskmi	2	Picture	10	28828	0	2	20165	4	0	20000	other	0
eskmi	3	Picture	10	49160	0	1	40163	2	0	40000	other	0
eskmi	3	Response	251	62537	13377	1
eskmi	4	Picture	10	89489	0	2	40163	3	0	40000	other	0
eskmi	4	Response	252	102502	13013	1
eskmi	5	Nothing	91	129654	0	1			0		other	0
eskmi	6	Picture	1	159815	0	2	2000	4	0	1920	other	0
eskmi	7	Sound	61	171809	0	1			0		hit	10
eskmi	7	Response	251	177130	5321	1
eskmi	8	Picture	123	207478	0	1	1999	3	0	1920	other	0
eskmi	8	Sound	52	213277	5799	2			5800		other	0
eskmi	9	Sound	63	219461	0	1			0		hit	14
eskmi	9	Response	252	223992	4531	1
eskmi	10	Picture	101	255139	0	2	2000	4	0	1920	other	0
eskmi	11	Sound	61	267112	0	1			0		hit	17
eskmi	11	Response	251	270623	3511	2
eskmi	12	Picture	204	302134	0	2	2001	3	0	1920	other	0
eskmi	13	Sound	64	314106	0	1			0		hit	20
eskmi	13	Response	252	317619	3513	2
eskmi	14	Picture	3	349130	0	1	2000	2	0	1920	other	0
eskmi	15	Sound	63	361129	0	1			0		hit	23
eskmi	15	Response	252	368219	7090	1
eskmi	16	Picture	2	395959	0	1	1999	3	0	1920	other	0
eskmi	17	Sound	62	407942	0	1			0		hit	26
eskmi	17	Response	251	412150	4208	1
eskmi	18	Picture	202	442287	0	2	2000	4	0	1920	other	0
eskmi	19	Sound	62	454277	0	1			0		hit	29
eskmi	19	Response	251	459817	5540	2
eskmi	20	Picture	212	488449	0	2	2000	4	0	1920	other	0
eskmi	20	Sound	51	493838	5389	2			5390		other	0
eskmi	21	Sound	62	500432	0	1			0		hit	33
eskmi	21	Response	251	504520	4088	1
eskmi	22	Picture	21	535778	0	2	2000	3	0	1920	other	0
eskmi	22	Sound	52	542897	7119	1			7120		other	0
eskmi	23	Sound	61	547754	0	2			0		hit	37
eskmi	23	Response	251	552979	5225	1
eskmi	24	Picture	101	582274	0	1	1999	3	0	1920	other	0
eskmi	25	Sound	61	594269	0	1			0		hit	40
eskmi	25	Response	251	598741	4472	1
eskmi	26	Picture	2	629436	0	1	1999	3	0	1920	other	0
eskmi	27	Sound	62	641412	0	1			0		hit	43
eskmi	27	Response	251	649768	8356	2
eskmi	28	Picture	4	675931	0	1	1999	3	0	1920	other	0
eskmi	29	Sound	64	687926	0	1			0		hit	46
eskmi	29	Response	252	692954	5028	1
eskmi	30	Picture	2	722926	0	2	2000	4	0	1920	other	0
eskmi	31	Sound	62	734919	0	1			0		hit	49
eskmi	31	Response	251	738416	3497	1
eskmi	32	Picture	23	770588	0	2	2000	3	0	1920	other	0
eskmi	32	Sound	52	776437	5849	1			5850		other	0
eskmi	33	Sound	63	782571	0	1			0		hit	53
eskmi	33	Response	252	788352	5781	2
eskmi	34	Picture	4	818250	0	2	2000	3	0	1920	other	0
eskmi	35	Sound	64	830222	0	2			0		hit	56
eskmi	35	Response	252	835471	5249	2
eskmi	36	Picture	113	865245	0	2	2000	4	0	1920	other	0
eskmi	36	Sound	51	868624	3379	2			3380		other	0
eskmi	37	Sound	63	877216	0	1			0		hit	60
eskmi	37	Response	252	886907	9691	2
eskmi	37	Response	252	889458	12242	1
eskmi	38	Picture	4	911907	0	2	2000	4	0	1920	other	0
eskmi	39	Sound	64	923880	0	1			0		hit	64
eskmi	39	Response	252	930109	6229	1
eskmi	40	Picture	101	958070	0	1	1999	3	0	1920	other	0
eskmi	41	Sound	61	970065	0	1			0		hit	67
eskmi	41	Response	251	978833	8768	1
eskmi	42	Picture	2	1004732	0	1	1999	3	0	1920	other	0
eskmi	43	Sound	62	1016729	0	1			0		hit	70
eskmi	43	Response	251	1022690	5961	2
eskmi	44	Picture	103	1052060	0	2	2000	4	0	1920	other	0
eskmi	45	Sound	63	1064051	0	1			0		hit	73
eskmi	45	Response	252	1067927	3876	2
eskmi	46	Picture	202	1099056	0	1	1999	3	0	1920	other	0
eskmi	47	Sound	62	1111044	0	2			0		hit	76
eskmi	47	Response	251	1121072	10028	2
eskmi	48	Picture	101	1146051	0	2	2000	3	0	1920	other	0
eskmi	49	Sound	61	1158037	0	2			0		hit	79
eskmi	49	Response	251	1164203	6166	2
eskmi	50	Picture	103	1193546	0	2	2000	3	0	1920	other	0
eskmi	51	Sound	63	1205540	0	1			0		hit	82
eskmi	51	Response	252	1210618	5078	2
eskmi	52	Picture	24	1240708	0	2	2000	3	0	1920	other	0
eskmi	52	Sound	52	1248857	8149	2			8150		other	0
eskmi	53	Sound	64	1252682	0	2			0		hit	86
eskmi	53	Response	252	1262619	9937	1
eskmi	54	Picture	1	1287204	0	1	2000	2	0	1920	other	0
eskmi	55	Sound	61	1299197	0	1			0		hit	89
eskmi	55	Response	251	1304137	4940	1
eskmi	56	Picture	202	1333866	0	1	1999	3	0	1920	other	0
eskmi	57	Sound	62	1345861	0	1			0		incorrect	92
eskmi	57	Response	252	1353481	7620	2
eskmi	58	Picture	101	1381361	0	2	2000	3	0	1920	other	0
eskmi	59	Sound	61	1393333	0	1			0		incorrect	95
eskmi	59	Response	252	1409005	15672	1
eskmi	60	Picture	204	1428523	0	2	2000	3	0	1920	other	0
eskmi	61	Sound	64	1440506	0	1			0		hit	98
eskmi	61	Response	252	1446403	5897	2
eskmi	61	Response	252	1448230	7724	1
eskmi	62	Picture	224	1475852	0	1	1999	3	0	1920	other	0
eskmi	62	Sound	52	1483831	7979	2			7980		other	0
eskmi	63	Sound	64	1487828	0	1			0		hit	103
eskmi	63	Response	252	1493288	5460	1
eskmi	64	Picture	103	1523347	0	1	2000	2	0	1920	other	0
eskmi	65	Sound	63	1535330	0	1			0		hit	106
eskmi	65	Response	252	1543234	7904	1
eskmi	66	Picture	3	1570342	0	2	2000	4	0	1920	other	0
eskmi	67	Sound	63	1582323	0	2			0		hit	109
eskmi	67	Response	252	1586723	4400	1
eskmi	68	Picture	1	1618338	0	1	1999	3	0	1920	other	0
eskmi	69	Sound	61	1630334	0	1			0		hit	112
eskmi	69	Response	251	1635670	5336	1
eskmi	70	Picture	12	1665833	0	1	1999	3	0	1920	other	0
eskmi	70	Sound	51	1670172	4339	1			4340		other	0
eskmi	71	Sound	62	1677806	0	1			0		hit	116
eskmi	71	Response	251	1682537	4731	1
eskmi	72	Picture	4	1712161	0	2	2000	4	0	1920	other	0
eskmi	73	Sound	64	1724141	0	1			0		hit	119
eskmi	73	Response	252	1728974	4833	1
eskmi	74	Picture	13	1758490	0	2	2000	3	0	1920	other	0
eskmi	74	Sound	51	1761629	3139	1			3140		other	0
eskmi	75	Sound	63	1770476	0	1			0		hit	123
eskmi	75	Response	252	1779354	8878	2
eskmi	76	Picture	204	1805152	0	2	2000	3	0	1920	other	0
eskmi	77	Sound	64	1817139	0	2			0		hit	126
eskmi	77	Response	252	1821855	4716	2
eskmi	78	Picture	222	1852647	0	2	2000	4	0	1920	other	0
eskmi	78	Sound	52	1859106	6459	2			6460		other	0
eskmi	79	Sound	62	1864642	0	1			0		hit	130
eskmi	79	Response	251	1871882	7240	1
eskmi	80	Picture	3	1899476	0	2	2000	3	0	1920	other	0
eskmi	81	Sound	63	1911455	0	1			0		hit	133
eskmi	81	Response	252	1915260	3805	1
eskmi	82	Picture	202	1946971	0	2	2000	4	0	1920	other	0
eskmi	83	Sound	62	1958957	0	1			0		hit	136
eskmi	83	Response	251	1962491	3534	1
eskmi	84	Picture	204	1993467	0	1	2000	2	0	1920	other	0
eskmi	85	Sound	64	2005442	0	1			0		hit	139
eskmi	85	Response	252	2009219	3777	1
eskmi	86	Picture	2	2039796	0	1	1999	3	0	1920	other	0
eskmi	87	Sound	62	2051776	0	2			0		hit	142
eskmi	87	Response	251	2055952	4176	1
eskmi	88	Picture	121	2085958	0	1	1999	3	0	1920	other	0
eskmi	88	Sound	52	2094197	8239	1			8240		other	0
eskmi	89	Sound	61	2097931	0	2			0		incorrect	146
eskmi	89	Response	252	2102230	4299	1
eskmi	90	Picture	202	2133620	0	1	2000	2	0	1920	other	0
eskmi	91	Sound	62	2145613	0	1			0		hit	149
eskmi	91	Response	251	2153439	7826	1
eskmi	92	Picture	1	2181448	0	2	2000	4	0	1920	other	0
eskmi	93	Sound	61	2193444	0	2			0		hit	152
eskmi	93	Response	251	2198540	5096	1
eskmi	94	Picture	11	2229277	0	1	2000	2	0	1920	other	0
eskmi	94	Sound	51	2233846	4569	1			4570		other	0
eskmi	95	Sound	61	2241276	0	1			0		hit	156
eskmi	95	Response	251	2245652	4376	2
eskmi	96	Picture	3	2276105	0	2	2000	4	0	1920	other	0
eskmi	97	Sound	63	2288089	0	1			0		hit	159
eskmi	97	Response	252	2294409	6320	1
eskmi	98	Picture	14	2323934	0	2	2000	3	0	1920	other	0
eskmi	98	Sound	51	2327593	3659	1			3660		other	0
eskmi	99	Sound	64	2335921	0	1			0		hit	163
eskmi	99	Response	252	2341981	6060	1
eskmi	100	Picture	4	2370096	0	2	2000	3	0	1920	other	0
eskmi	101	Sound	64	2382075	0	2			0		hit	166
eskmi	101	Response	252	2388237	6162	1
eskmi	102	Picture	204	2418091	0	2	2000	4	0	1920	other	0
eskmi	103	Sound	64	2430086	0	2			0		hit	169
eskmi	103	Response	252	2434246	4160	1
eskmi	104	Picture	214	2465587	0	2	2000	3	0	1920	other	0
eskmi	104	Sound	51	2469746	4159	1			4160		other	0
eskmi	105	Sound	64	2477559	0	1			0		hit	173
eskmi	105	Response	252	2481605	4046	1
eskmi	106	Picture	22	2512249	0	1	2000	2	0	1920	other	0
eskmi	106	Sound	52	2519128	6879	2			6880		other	0
eskmi	107	Sound	62	2524223	0	1			0		hit	177
eskmi	107	Response	251	2529788	5565	1
eskmi	108	Picture	3	2559578	0	1	1999	3	0	1920	other	0
eskmi	109	Sound	63	2571575	0	1			0		hit	180
eskmi	109	Response	252	2575712	4137	1
eskmi	110	Picture	1	2607073	0	1	1999	3	0	1920	other	0
eskmi	111	Sound	61	2619047	0	1			0		hit	183
eskmi	111	Response	251	2623884	4837	2
eskmi	112	Picture	101	2653401	0	2	2000	4	0	1920	other	0
eskmi	113	Sound	61	2665382	0	1			0		hit	186
eskmi	113	Response	251	2670292	4910	2
eskmi	114	Picture	111	2700897	0	1	1999	3	0	1920	other	0
eskmi	114	Sound	51	2703496	2599	1			2600		other	0
eskmi	115	Sound	61	2712884	0	1			0		hit	190
eskmi	115	Response	251	2717474	4590	2
eskmi	116	Picture	204	2748559	0	1	2000	2	0	1920	other	0
eskmi	117	Sound	64	2760535	0	2			0		hit	193
eskmi	117	Response	252	2766226	5691	1
eskmi	118	Picture	1	2795054	0	2	2000	3	0	1920	other	0
eskmi	119	Sound	61	2807050	0	1			0		hit	196
eskmi	119	Response	251	2812192	5142	1
eskmi	120	Picture	4	2842216	0	2	2000	3	0	1920	other	0
eskmi	121	Sound	64	2854193	0	1			0		hit	199
eskmi	121	Response	252	2860454	6261	2
eskmi	122	Picture	103	2889211	0	2	2000	3	0	1920	other	0
eskmi	123	Sound	63	2901186	0	1			0		hit	202
eskmi	123	Response	252	2906339	5153	1
eskmi	124	Picture	103	2937207	0	1	1999	3	0	1920	other	0
eskmi	125	Sound	63	2949197	0	1			0		hit	205
eskmi	125	Response	252	2952867	3670	1
eskmi	125	Response	252	2954797	5600	1
eskmi	126	Picture	3	2985035	0	2	2000	3	0	1920	other	0
eskmi	127	Sound	63	2997028	0	1			0		hit	209
eskmi	127	Response	252	3001133	4105	2
eskmi	128	Picture	2	3032697	0	2	2000	3	0	1920	other	0
eskmi	129	Sound	62	3044680	0	1			0		hit	212
eskmi	129	Response	251	3048879	4199	1
eskmi	130	Picture	103	3080859	0	2	2000	3	0	1920	other	0
eskmi	131	Sound	63	3092840	0	1			0		hit	215
eskmi	131	Response	252	3096606	3766	1
eskmi	132	Picture	202	3128854	0	2	2000	4	0	1920	other	0
eskmi	133	Sound	62	3140851	0	1			0		hit	218
eskmi	133	Response	251	3145433	4582	2
eskmi	134	Quit		3445200	268684


Event Type	Code	Type	Response	RT	RT Uncertainty	Time	Uncertainty	Duration	Uncertainty	ReqTime	ReqDur

Picture	10	other				28828	2	20165	4	0	20000
Picture	10	other				49160	1	40163	2	0	40000
Picture	10	other				89489	2	40163	3	0	40000
Nothing	91	other				129654	1			0
Picture	1	other				159815	2	2000	4	0	1920
Sound	61	hit	1	5321	2	171809	1			0
Picture	123	other				207478	1	1999	3	0	1920
Sound	52	other				213277	2			5800
Sound	63	hit	2	4531	2	219461	1			0
Picture	101	other				255139	2	2000	4	0	1920
Sound	61	hit	1	3511	3	267112	1			0
Picture	204	other				302134	2	2001	3	0	1920
Sound	64	hit	2	3513	3	314106	1			0
Picture	3	other				349130	1	2000	2	0	1920
Sound	63	hit	2	7090	2	361129	1			0
Picture	2	other				395959	1	1999	3	0	1920
Sound	62	hit	1	4208	2	407942	1			0
Picture	202	other				442287	2	2000	4	0	1920
Sound	62	hit	1	5540	3	454277	1			0
Picture	212	other				488449	2	2000	4	0	1920
Sound	51	other				493838	2			5390
Sound	62	hit	1	4088	2	500432	1			0
Picture	21	other				535778	2	2000	3	0	1920
Sound	52	other				542897	1			7120
Sound	61	hit	1	5225	3	547754	2			0
Picture	101	other				582274	1	1999	3	0	1920
Sound	61	hit	1	4472	2	594269	1			0
Picture	2	other				629436	1	1999	3	0	1920
Sound	62	hit	1	8356	3	641412	1			0
Picture	4	other				675931	1	1999	3	0	1920
Sound	64	hit	2	5028	2	687926	1			0
Picture	2	other				722926	2	2000	4	0	1920
Sound	62	hit	1	3497	2	734919	1			0
Picture	23	other				770588	2	2000	3	0	1920
Sound	52	other				776437	1			5850
Sound	63	hit	2	5781	3	782571	1			0
Picture	4	other				818250	2	2000	3	0	1920
Sound	64	hit	2	5249	4	830222	2			0
Picture	113	other				865245	2	2000	4	0	1920
Sound	51	other				868624	2			3380
Sound	63	hit	2	9691	3	877216	1			0
Picture	4	other				911907	2	2000	4	0	1920
Sound	64	hit	2	6229	2	923880	1			0
Picture	101	other				958070	1	1999	3	0	1920
Sound	61	hit	1	8768	2	970065	1			0
Picture	2	other				1004732	1	1999	3	0	1920
Sound	62	hit	1	5961	3	1016729	1			0
Picture	103	other				1052060	2	2000	4	0	1920
Sound	63	hit	2	3876	3	1064051	1			0
Picture	202	other				1099056	1	1999	3	0	1920
Sound	62	hit	1	10028	4	1111044	2			0
Picture	101	other				1146051	2	2000	3	0	1920
Sound	61	hit	1	6166	4	1158037	2			0
Picture	103	other				1193546	2	2000	3	0	1920
Sound	63	hit	2	5078	3	1205540	1			0
Picture	24	other				1240708	2	2000	3	0	1920
Sound	52	other				1248857	2			8150
Sound	64	hit	2	9937	3	1252682	2			0
Picture	1	other				1287204	1	2000	2	0	1920
Sound	61	hit	1	4940	2	1299197	1			0
Picture	202	other				1333866	1	1999	3	0	1920
Sound	62	incorrect	2	7620	3	1345861	1			0
Picture	101	other				1381361	2	2000	3	0	1920
Sound	61	incorrect	2	15672	2	1393333	1			0
Picture	204	other				1428523	2	2000	3	0	1920
Sound	64	hit	2	5897	3	1440506	1			0
Picture	224	other				1475852	1	1999	3	0	1920
Sound	52	other				1483831	2			7980
Sound	64	hit	2	5460	2	1487828	1			0
Picture	103	other				1523347	1	2000	2	0	1920
Sound	63	hit	2	7904	2	1535330	1			0
Picture	3	other				1570342	2	2000	4	0	1920
Sound	63	hit	2	4400	3	1582323	2			0
Picture	1	other				1618338	1	1999	3	0	1920
Sound	61	hit	1	5336	2	1630334	1			0
Picture	12	other				1665833	1	1999	3	0	1920
Sound	51	other				1670172	1			4340
Sound	62	hit	1	4731	2	1677806	1			0
Picture	4	other				1712161	2	2000	4	0	1920
Sound	64	hit	2	4833	2	1724141	1			0
Picture	13	other				1758490	2	2000	3	0	1920
Sound	51	other				1761629	1			3140
Sound	63	hit	2	8878	3	1770476	1			0
Picture	204	other				1805152	2	2000	3	0	1920
Sound	64	hit	2	4716	4	1817139	2			0
Picture	222	other				1852647	2	2000	4	0	1920
Sound	52	other				1859106	2			6460
Sound	62	hit	1	7240	2	1864642	1			0
Picture	3	other				1899476	2	2000	3	0	1920
Sound	63	hit	2	3805	2	1911455	1			0
Picture	202	other				1946971	2	2000	4	0	1920
Sound	62	hit	1	3534	2	1958957	1			0
Picture	204	other				1993467	1	2000	2	0	1920
Sound	64	hit	2	3777	2	2005442	1			0
Picture	2	other				2039796	1	1999	3	0	1920
Sound	62	hit	1	4176	3	2051776	2			0
Picture	121	other				2085958	1	1999	3	0	1920
Sound	52	other				2094197	1			8240
Sound	61	incorrect	2	4299	3	2097931	2			0
Picture	202	other				2133620	1	2000	2	0	1920
Sound	62	hit	1	7826	2	2145613	1			0
Picture	1	other				2181448	2	2000	4	0	1920
Sound	61	hit	1	5096	3	2193444	2			0
Picture	11	other				2229277	1	2000	2	0	1920
Sound	51	other				2233846	1			4570
Sound	61	hit	1	4376	3	2241276	1			0
Picture	3	other				2276105	2	2000	4	0	1920
Sound	63	hit	2	6320	2	2288089	1			0
Picture	14	other				2323934	2	2000	3	0	1920
Sound	51	other				2327593	1			3660
Sound	64	hit	2	6060	2	2335921	1			0
Picture	4	other				2370096	2	2000	3	0	1920
Sound	64	hit	2	6162	3	2382075	2			0
Picture	204	other				2418091	2	2000	4	0	1920
Sound	64	hit	2	4160	3	2430086	2			0
Picture	214	other				2465587	2	2000	3	0	1920
Sound	51	other				2469746	1			4160
Sound	64	hit	2	4046	2	2477559	1			0
Picture	22	other				2512249	1	2000	2	0	1920
Sound	52	other				2519128	2			6880
Sound	62	hit	1	5565	2	2524223	1			0
Picture	3	other				2559578	1	1999	3	0	1920
Sound	63	hit	2	4137	2	2571575	1			0
Picture	1	other				2607073	1	1999	3	0	1920
Sound	61	hit	1	4837	3	2619047	1			0
Picture	101	other				2653401	2	2000	4	0	1920
Sound	61	hit	1	4910	3	2665382	1			0
Picture	111	other				2700897	1	1999	3	0	1920
Sound	51	other				2703496	1			2600
Sound	61	hit	1	4590	3	2712884	1			0
Picture	204	other				2748559	1	2000	2	0	1920
Sound	64	hit	2	5691	3	2760535	2			0
Picture	1	other				2795054	2	2000	3	0	1920
Sound	61	hit	1	5142	2	2807050	1			0
Picture	4	other				2842216	2	2000	3	0	1920
Sound	64	hit	2	6261	3	2854193	1			0
Picture	103	other				2889211	2	2000	3	0	1920
Sound	63	hit	2	5153	2	2901186	1			0
Picture	103	other				2937207	1	1999	3	0	1920
Sound	63	hit	2	3670	2	2949197	1			0
Picture	3	other				2985035	2	2000	3	0	1920
Sound	63	hit	2	4105	3	2997028	1			0
Picture	2	other				3032697	2	2000	3	0	1920
Sound	62	hit	1	4199	2	3044680	1			0
Picture	103	other				3080859	2	2000	3	0	1920
Sound	63	hit	2	3766	2	3092840	1			0
Picture	202	other				3128854	2	2000	4	0	1920
Sound	62	hit	1	4582	3	3140851	1			0
