Scenario - 17_March_2015
Logfile written - 03/31/2017 16:50:58

Subject	Trial	Event Type	Code	Time	TTime	Uncertainty	Duration	Uncertainty	ReqTime	ReqDur	Stim Type	Pair Index

eskmi	1	Response	253	37816	47650	2
eskmi	2	Picture	10	37994	0	2	20164	4	0	20000	other	0
eskmi	3	Picture	10	58326	0	1	40162	3	0	40000	other	0
eskmi	3	Response	251	72980	14654	1
eskmi	4	Picture	10	98654	0	2	40163	4	0	40000	other	0
eskmi	4	Response	252	110976	12322	2
eskmi	5	Nothing	91	138819	0	1			0		other	0
eskmi	6	Picture	202	168981	0	2	2000	3	0	1920	other	0
eskmi	7	Sound	62	180968	0	2			0		hit	10
eskmi	7	Response	251	185862	4894	1
eskmi	8	Picture	123	215143	0	2	2000	4	0	1920	other	0
eskmi	8	Sound	52	220732	5589	1			5590		other	0
eskmi	9	Sound	63	227123	0	2			0		hit	14
eskmi	9	Response	252	230600	3477	1
eskmi	10	Picture	12	262638	0	2	2000	4	0	1920	other	0
eskmi	10	Sound	51	265397	2759	2			2760		other	0
eskmi	11	Sound	62	274625	0	2			0		hit	18
eskmi	11	Response	251	277912	3287	2
eskmi	12	Picture	1	310134	0	1	2000	2	0	1920	other	0
eskmi	13	Sound	61	322127	0	2			0		hit	21
eskmi	13	Response	251	327263	5136	1
eskmi	14	Picture	214	356296	0	1	2000	2	0	1920	other	0
eskmi	14	Sound	51	361055	4759	2			4760		other	0
eskmi	15	Sound	64	368283	0	1			0		hit	25
eskmi	15	Response	252	374945	6662	1
eskmi	16	Picture	224	404291	0	2	2000	3	0	1920	other	0
eskmi	16	Sound	52	410330	6039	1			6040		other	0
eskmi	17	Sound	64	416263	0	2			0		hit	29
eskmi	17	Response	252	420461	4198	1
eskmi	18	Picture	3	450787	0	1	1999	3	0	1920	other	0
eskmi	19	Sound	63	462778	0	1			0		hit	32
eskmi	19	Response	252	467206	4428	1
eskmi	20	Picture	21	497782	0	2	2000	3	0	1920	other	0
eskmi	20	Sound	52	505541	7759	1			7760		other	0
eskmi	21	Sound	61	509771	0	1			0		hit	36
eskmi	21	Response	251	515388	5617	1
eskmi	22	Picture	2	545611	0	1	1999	3	0	1920	other	0
eskmi	23	Sound	62	557602	0	2			0		hit	39
eskmi	23	Response	251	561849	4247	1
eskmi	24	Picture	1	593273	0	1	1999	3	0	1920	other	0
eskmi	25	Sound	61	605254	0	1			0		hit	42
eskmi	25	Response	251	609650	4396	1
eskmi	26	Picture	204	639768	0	1	2000	2	0	1920	other	0
eskmi	27	Sound	64	651768	0	2			0		hit	45
eskmi	27	Response	252	657336	5568	1
eskmi	28	Picture	101	686763	0	2	2000	3	0	1920	other	0
eskmi	29	Sound	61	698761	0	2			0		hit	48
eskmi	29	Response	251	706180	7419	1
eskmi	30	Picture	101	734758	0	2	2000	4	0	1920	other	0
eskmi	31	Sound	61	746743	0	1			0		hit	51
eskmi	31	Response	251	751316	4573	2
eskmi	32	Picture	113	781087	0	2	2000	3	0	1920	other	0
eskmi	32	Sound	51	786226	5139	2			5140		other	0
eskmi	33	Sound	63	793077	0	1			0		hit	55
eskmi	33	Response	252	797335	4258	1
eskmi	34	Picture	4	829083	0	1	1999	3	0	1920	other	0
eskmi	35	Sound	64	841058	0	1			0		hit	58
eskmi	35	Response	252	846606	5548	1
eskmi	36	Picture	23	875411	0	2	2000	3	0	1920	other	0
eskmi	36	Sound	52	882050	6639	2			6640		other	0
eskmi	37	Sound	63	887393	0	1			0		hit	62
eskmi	37	Response	252	891234	3841	1
eskmi	38	Picture	3	923406	0	2	2000	4	0	1920	other	0
eskmi	39	Sound	63	935404	0	1			0		hit	65
eskmi	39	Response	252	938785	3381	2
eskmi	40	Picture	22	970902	0	1	2000	2	0	1920	other	0
eskmi	40	Sound	52	976811	5909	2			5910		other	0
eskmi	41	Sound	62	982876	0	1			0		hit	69
eskmi	41	Response	251	986327	3451	1
eskmi	42	Picture	14	1018897	0	1	2000	2	0	1920	other	0
eskmi	42	Sound	51	1022946	4049	1			4050		other	0
eskmi	43	Sound	64	1030887	0	1			0		hit	73
eskmi	43	Response	252	1035083	4196	1
eskmi	44	Picture	4	1065392	0	2	2000	3	0	1920	other	0
eskmi	45	Sound	64	1077371	0	1			0		hit	76
eskmi	45	Response	252	1081529	4158	1
eskmi	46	Picture	101	1111554	0	2	2000	4	0	1920	other	0
eskmi	47	Sound	61	1123526	0	1			0		hit	79
eskmi	47	Response	251	1128353	4827	1
eskmi	48	Picture	202	1158883	0	2	2000	4	0	1920	other	0
eskmi	49	Sound	62	1170879	0	1			0		hit	82
eskmi	49	Response	251	1175782	4903	2
eskmi	50	Picture	204	1206878	0	2	2000	3	0	1920	other	0
eskmi	51	Sound	64	1218860	0	1			0		hit	85
eskmi	51	Response	252	1223384	4524	1
eskmi	52	Picture	2	1253041	0	1	1999	3	0	1920	other	0
eskmi	53	Sound	62	1265015	0	1			0		hit	88
eskmi	53	Response	251	1269685	4670	2
eskmi	54	Picture	103	1299203	0	1	1999	3	0	1920	other	0
eskmi	55	Sound	63	1311200	0	1			0		hit	91
eskmi	55	Response	252	1314675	3475	1
eskmi	56	Picture	204	1346365	0	1	1999	3	0	1920	other	0
eskmi	57	Sound	64	1358342	0	2			0		hit	94
eskmi	57	Response	252	1362163	3821	1
eskmi	58	Picture	2	1394027	0	1	1999	3	0	1920	other	0
eskmi	59	Sound	62	1406024	0	1			0		hit	97
eskmi	59	Response	251	1410140	4116	1
eskmi	60	Picture	1	1441522	0	1	1999	3	0	1920	other	0
eskmi	61	Sound	61	1453496	0	1			0		hit	100
eskmi	61	Response	251	1458352	4856	2
eskmi	62	Picture	24	1489350	0	2	2000	4	0	1920	other	0
eskmi	62	Sound	52	1495679	6329	1			6330		other	0
eskmi	63	Sound	64	1501328	0	1			0		incorrect	104
eskmi	63	Response	251	1508230	6902	1
eskmi	63	Response	252	1512677	11349	1
eskmi	64	Picture	222	1536346	0	1	2000	2	0	1920	other	0
eskmi	64	Sound	52	1542005	5659	2			5660		other	0
eskmi	65	Sound	62	1548321	0	1			0		hit	109
eskmi	65	Response	251	1556140	7819	1
eskmi	66	Picture	1	1582674	0	2	2000	4	0	1920	other	0
eskmi	67	Sound	61	1594655	0	2			0		hit	112
eskmi	67	Response	251	1601577	6922	1
eskmi	68	Picture	204	1630336	0	2	2000	4	0	1920	other	0
eskmi	69	Sound	64	1642307	0	1			0		hit	115
eskmi	69	Response	252	1651767	9460	2
eskmi	70	Picture	101	1678331	0	2	2000	4	0	1920	other	0
eskmi	71	Sound	61	1690318	0	1			0		hit	118
eskmi	71	Response	251	1696442	6124	1
eskmi	72	Picture	3	1724494	0	1	1999	3	0	1920	other	0
eskmi	73	Sound	63	1736473	0	1			0		hit	121
eskmi	73	Response	252	1741086	4613	1
eskmi	74	Picture	1	1771489	0	2	2000	3	0	1920	other	0
eskmi	75	Sound	61	1783466	0	1			0		hit	124
eskmi	75	Response	251	1789236	5770	2
eskmi	76	Picture	204	1819151	0	2	2000	3	0	1920	other	0
eskmi	77	Sound	64	1831148	0	1			0		hit	127
eskmi	77	Response	252	1837202	6054	1
eskmi	78	Picture	121	1865646	0	2	2000	4	0	1920	other	0
eskmi	78	Sound	52	1873685	8039	2			8040		other	0
eskmi	79	Sound	61	1877632	0	2			0		hit	131
eskmi	79	Response	251	1884108	6476	1
eskmi	80	Picture	4	1912308	0	2	2000	4	0	1920	other	0
eskmi	81	Sound	64	1924296	0	1			0		hit	134
eskmi	81	Response	252	1929667	5371	2
eskmi	81	Response	252	1932303	8007	1
eskmi	82	Picture	2	1959970	0	2	2000	3	0	1920	other	0
eskmi	83	Sound	62	1971948	0	1			0		hit	138
eskmi	83	Response	251	1980597	8649	1
eskmi	84	Picture	2	2006132	0	2	2000	4	0	1920	other	0
eskmi	85	Sound	62	2018103	0	1			0		hit	141
eskmi	85	Response	251	2022465	4362	2
eskmi	86	Picture	202	2053794	0	2	2000	4	0	1920	other	0
eskmi	87	Sound	62	2065785	0	1			0		hit	144
eskmi	87	Response	251	2070950	5165	2
eskmi	88	Picture	212	2101123	0	1	2000	2	0	1920	other	0
eskmi	88	Sound	51	2106002	4879	1			4880		other	0
eskmi	89	Sound	62	2113107	0	1			0		hit	148
eskmi	89	Response	251	2116886	3779	1
eskmi	90	Picture	3	2147618	0	2	2000	4	0	1920	other	0
eskmi	91	Sound	63	2159591	0	2			0		hit	151
eskmi	91	Response	252	2163869	4278	2
eskmi	92	Picture	3	2194947	0	1	2000	2	0	1920	other	0
eskmi	93	Sound	63	2206944	0	1			0		hit	154
eskmi	93	Response	252	2210736	3792	1
eskmi	94	Picture	101	2242109	0	1	2000	2	0	1920	other	0
eskmi	95	Sound	61	2254087	0	1			0		hit	157
eskmi	95	Response	251	2259216	5129	2
eskmi	96	Picture	103	2290271	0	1	2000	2	0	1920	other	0
eskmi	97	Sound	63	2302247	0	2			0		hit	160
eskmi	97	Response	252	2306285	4038	1
eskmi	98	Picture	1	2337766	0	2	2000	4	0	1920	other	0
eskmi	99	Sound	61	2349749	0	2			0		hit	163
eskmi	99	Response	251	2354826	5077	2
eskmi	100	Picture	103	2385761	0	2	2000	4	0	1920	other	0
eskmi	101	Sound	63	2397760	0	1			0		hit	166
eskmi	101	Response	252	2400953	3193	1
eskmi	102	Picture	4	2432257	0	1	2000	2	0	1920	other	0
eskmi	103	Sound	64	2444245	0	1			0		hit	169
eskmi	103	Response	252	2449952	5707	2
eskmi	104	Picture	202	2480252	0	1	2000	2	0	1920	other	0
eskmi	105	Sound	62	2492225	0	2			0		hit	172
eskmi	105	Response	251	2496780	4555	1
eskmi	106	Picture	4	2526581	0	1	2000	2	0	1920	other	0
eskmi	107	Sound	64	2538560	0	1			0		hit	175
eskmi	107	Response	252	2545446	6886	2
eskmi	108	Picture	202	2574576	0	2	2000	3	0	1920	other	0
eskmi	109	Sound	62	2586571	0	1			0		hit	178
eskmi	109	Response	251	2592073	5502	1
eskmi	110	Picture	11	2622405	0	1	2000	2	0	1920	other	0
eskmi	110	Sound	51	2627574	5169	2			5170		other	0
eskmi	111	Sound	61	2634402	0	2			0		hit	182
eskmi	111	Response	251	2639559	5157	2
eskmi	112	Picture	2	2669900	0	1	2000	2	0	1920	other	0
eskmi	113	Sound	62	2681874	0	2			0		hit	185
eskmi	113	Response	251	2688592	6718	1
eskmi	114	Picture	103	2716062	0	1	2000	2	0	1920	other	0
eskmi	115	Sound	63	2728060	0	1			0		hit	188
eskmi	115	Response	252	2731573	3513	1
eskmi	116	Picture	103	2762891	0	1	2000	2	0	1920	other	0
eskmi	117	Sound	63	2774873	0	1			0		hit	191
eskmi	117	Response	252	2778468	3595	1
eskmi	118	Picture	3	2809553	0	1	1999	3	0	1920	other	0
eskmi	119	Sound	63	2821537	0	1			0		hit	194
eskmi	119	Response	252	2825279	3742	1
eskmi	120	Picture	4	2856715	0	1	2000	2	0	1920	other	0
eskmi	121	Sound	64	2868710	0	1			0		hit	197
eskmi	121	Response	252	2873150	4440	1
eskmi	122	Picture	202	2903210	0	1	2000	2	0	1920	other	0
eskmi	123	Sound	62	2915194	0	1			0		hit	200
eskmi	123	Response	251	2918554	3360	2
eskmi	124	Picture	103	2949872	0	2	2000	4	0	1920	other	0
eskmi	125	Sound	63	2961858	0	1			0		hit	203
eskmi	125	Response	252	2966009	4151	2
eskmi	126	Picture	111	2998034	0	2	2000	3	0	1920	other	0
eskmi	126	Sound	51	3000563	2529	2			2530		other	0
eskmi	127	Sound	61	3010019	0	1			0		hit	207
eskmi	127	Response	251	3014809	4790	1
eskmi	128	Picture	13	3044863	0	1	2000	2	0	1920	other	0
eskmi	128	Sound	51	3049152	4289	2			4290		other	0
eskmi	129	Sound	63	3056862	0	2			0		hit	211
eskmi	129	Response	252	3060318	3456	2
eskmi	130	Picture	204	3091192	0	1	1999	3	0	1920	other	0
eskmi	131	Sound	64	3103167	0	1			0		hit	214
eskmi	131	Response	252	3108270	5103	1
eskmi	132	Picture	101	3137687	0	1	2000	2	0	1920	other	0
eskmi	133	Sound	61	3149681	0	2			0		hit	217
eskmi	133	Response	251	3155297	5616	1
eskmi	134	Response	253	3350840	165491	1


Event Type	Code	Type	Response	RT	RT Uncertainty	Time	Uncertainty	Duration	Uncertainty	ReqTime	ReqDur

Picture	10	other				37994	2	20164	4	0	20000
Picture	10	other				58326	1	40162	3	0	40000
Picture	10	other				98654	2	40163	4	0	40000
Nothing	91	other				138819	1			0
Picture	202	other				168981	2	2000	3	0	1920
Sound	62	hit	1	4894	3	180968	2			0
Picture	123	other				215143	2	2000	4	0	1920
Sound	52	other				220732	1			5590
Sound	63	hit	2	3477	3	227123	2			0
Picture	12	other				262638	2	2000	4	0	1920
Sound	51	other				265397	2			2760
Sound	62	hit	1	3287	4	274625	2			0
Picture	1	other				310134	1	2000	2	0	1920
Sound	61	hit	1	5136	3	322127	2			0
Picture	214	other				356296	1	2000	2	0	1920
Sound	51	other				361055	2			4760
Sound	64	hit	2	6662	2	368283	1			0
Picture	224	other				404291	2	2000	3	0	1920
Sound	52	other				410330	1			6040
Sound	64	hit	2	4198	3	416263	2			0
Picture	3	other				450787	1	1999	3	0	1920
Sound	63	hit	2	4428	2	462778	1			0
Picture	21	other				497782	2	2000	3	0	1920
Sound	52	other				505541	1			7760
Sound	61	hit	1	5617	2	509771	1			0
Picture	2	other				545611	1	1999	3	0	1920
Sound	62	hit	1	4247	3	557602	2			0
Picture	1	other				593273	1	1999	3	0	1920
Sound	61	hit	1	4396	2	605254	1			0
Picture	204	other				639768	1	2000	2	0	1920
Sound	64	hit	2	5568	3	651768	2			0
Picture	101	other				686763	2	2000	3	0	1920
Sound	61	hit	1	7419	3	698761	2			0
Picture	101	other				734758	2	2000	4	0	1920
Sound	61	hit	1	4573	3	746743	1			0
Picture	113	other				781087	2	2000	3	0	1920
Sound	51	other				786226	2			5140
Sound	63	hit	2	4258	2	793077	1			0
Picture	4	other				829083	1	1999	3	0	1920
Sound	64	hit	2	5548	2	841058	1			0
Picture	23	other				875411	2	2000	3	0	1920
Sound	52	other				882050	2			6640
Sound	63	hit	2	3841	2	887393	1			0
Picture	3	other				923406	2	2000	4	0	1920
Sound	63	hit	2	3381	3	935404	1			0
Picture	22	other				970902	1	2000	2	0	1920
Sound	52	other				976811	2			5910
Sound	62	hit	1	3451	2	982876	1			0
Picture	14	other				1018897	1	2000	2	0	1920
Sound	51	other				1022946	1			4050
Sound	64	hit	2	4196	2	1030887	1			0
Picture	4	other				1065392	2	2000	3	0	1920
Sound	64	hit	2	4158	2	1077371	1			0
Picture	101	other				1111554	2	2000	4	0	1920
Sound	61	hit	1	4827	2	1123526	1			0
Picture	202	other				1158883	2	2000	4	0	1920
Sound	62	hit	1	4903	3	1170879	1			0
Picture	204	other				1206878	2	2000	3	0	1920
Sound	64	hit	2	4524	2	1218860	1			0
Picture	2	other				1253041	1	1999	3	0	1920
Sound	62	hit	1	4670	3	1265015	1			0
Picture	103	other				1299203	1	1999	3	0	1920
Sound	63	hit	2	3475	2	1311200	1			0
Picture	204	other				1346365	1	1999	3	0	1920
Sound	64	hit	2	3821	3	1358342	2			0
Picture	2	other				1394027	1	1999	3	0	1920
Sound	62	hit	1	4116	2	1406024	1			0
Picture	1	other				1441522	1	1999	3	0	1920
Sound	61	hit	1	4856	3	1453496	1			0
Picture	24	other				1489350	2	2000	4	0	1920
Sound	52	other				1495679	1			6330
Sound	64	incorrect	1	6902	2	1501328	1			0
Picture	222	other				1536346	1	2000	2	0	1920
Sound	52	other				1542005	2			5660
Sound	62	hit	1	7819	2	1548321	1			0
Picture	1	other				1582674	2	2000	4	0	1920
Sound	61	hit	1	6922	3	1594655	2			0
Picture	204	other				1630336	2	2000	4	0	1920
Sound	64	hit	2	9460	3	1642307	1			0
Picture	101	other				1678331	2	2000	4	0	1920
Sound	61	hit	1	6124	2	1690318	1			0
Picture	3	other				1724494	1	1999	3	0	1920
Sound	63	hit	2	4613	2	1736473	1			0
Picture	1	other				1771489	2	2000	3	0	1920
Sound	61	hit	1	5770	3	1783466	1			0
Picture	204	other				1819151	2	2000	3	0	1920
Sound	64	hit	2	6054	2	1831148	1			0
Picture	121	other				1865646	2	2000	4	0	1920
Sound	52	other				1873685	2			8040
Sound	61	hit	1	6476	3	1877632	2			0
Picture	4	other				1912308	2	2000	4	0	1920
Sound	64	hit	2	5371	3	1924296	1			0
Picture	2	other				1959970	2	2000	3	0	1920
Sound	62	hit	1	8649	2	1971948	1			0
Picture	2	other				2006132	2	2000	4	0	1920
Sound	62	hit	1	4362	3	2018103	1			0
Picture	202	other				2053794	2	2000	4	0	1920
Sound	62	hit	1	5165	3	2065785	1			0
Picture	212	other				2101123	1	2000	2	0	1920
Sound	51	other				2106002	1			4880
Sound	62	hit	1	3779	2	2113107	1			0
Picture	3	other				2147618	2	2000	4	0	1920
Sound	63	hit	2	4278	4	2159591	2			0
Picture	3	other				2194947	1	2000	2	0	1920
Sound	63	hit	2	3792	2	2206944	1			0
Picture	101	other				2242109	1	2000	2	0	1920
Sound	61	hit	1	5129	3	2254087	1			0
Picture	103	other				2290271	1	2000	2	0	1920
Sound	63	hit	2	4038	3	2302247	2			0
Picture	1	other				2337766	2	2000	4	0	1920
Sound	61	hit	1	5077	4	2349749	2			0
Picture	103	other				2385761	2	2000	4	0	1920
Sound	63	hit	2	3193	2	2397760	1			0
Picture	4	other				2432257	1	2000	2	0	1920
Sound	64	hit	2	5707	3	2444245	1			0
Picture	202	other				2480252	1	2000	2	0	1920
Sound	62	hit	1	4555	3	2492225	2			0
Picture	4	other				2526581	1	2000	2	0	1920
Sound	64	hit	2	6886	3	2538560	1			0
Picture	202	other				2574576	2	2000	3	0	1920
Sound	62	hit	1	5502	2	2586571	1			0
Picture	11	other				2622405	1	2000	2	0	1920
Sound	51	other				2627574	2			5170
Sound	61	hit	1	5157	4	2634402	2			0
Picture	2	other				2669900	1	2000	2	0	1920
Sound	62	hit	1	6718	3	2681874	2			0
Picture	103	other				2716062	1	2000	2	0	1920
Sound	63	hit	2	3513	2	2728060	1			0
Picture	103	other				2762891	1	2000	2	0	1920
Sound	63	hit	2	3595	2	2774873	1			0
Picture	3	other				2809553	1	1999	3	0	1920
Sound	63	hit	2	3742	2	2821537	1			0
Picture	4	other				2856715	1	2000	2	0	1920
Sound	64	hit	2	4440	2	2868710	1			0
Picture	202	other				2903210	1	2000	2	0	1920
Sound	62	hit	1	3360	3	2915194	1			0
Picture	103	other				2949872	2	2000	4	0	1920
Sound	63	hit	2	4151	3	2961858	1			0
Picture	111	other				2998034	2	2000	3	0	1920
Sound	51	other				3000563	2			2530
Sound	61	hit	1	4790	2	3010019	1			0
Picture	13	other				3044863	1	2000	2	0	1920
Sound	51	other				3049152	2			4290
Sound	63	hit	2	3456	4	3056862	2			0
Picture	204	other				3091192	1	1999	3	0	1920
Sound	64	hit	2	5103	2	3103167	1			0
Picture	101	other				3137687	1	2000	2	0	1920
Sound	61	hit	1	5616	3	3149681	2			0
