Scenario - 17_March_2015
Logfile written - 06/16/2016 10:44:44

Subject	Trial	Event Type	Code	Time	TTime	Uncertainty	Duration	Uncertainty	ReqTime	ReqDur	Stim Type	Pair Index

fc6	1	Response	253	12477	22310	1
fc6	2	Picture	10	12497	0	1	20165	3	0	20000	other	0
fc6	3	Picture	10	32829	0	1	40163	2	0	40000	other	0
fc6	4	Picture	10	73159	0	1	40163	2	0	40000	other	0
fc6	5	Nothing	91	113323	0	2			0		other	0
fc6	6	Picture	103	143486	0	1	2000	2	0	1920	other	0
fc6	7	Sound	63	155469	0	1			0		hit	8
fc6	7	Response	252	160943	5474	1
fc6	8	Picture	101	190315	0	1	2000	2	0	1920	other	0
fc6	9	Sound	61	202313	0	1			0		hit	11
fc6	9	Response	251	207142	4829	2
fc6	10	Picture	1	237477	0	2	2000	4	0	1920	other	0
fc6	11	Sound	61	249456	0	2			0		hit	14
fc6	11	Response	251	254448	4992	1
fc6	12	Picture	24	284973	0	2	2000	4	0	1920	other	0
fc6	12	Sound	52	291202	6229	2			6230		other	0
fc6	13	Sound	64	296959	0	1			0		hit	18
fc6	13	Response	252	302533	5574	1
fc6	14	Picture	4	331636	0	2	2000	3	0	1920	other	0
fc6	15	Sound	64	343624	0	1			0		hit	21
fc6	15	Response	252	349420	5796	2
fc6	15	Response	252	352531	8907	1
fc6	16	Picture	21	378132	0	1	2000	2	0	1920	other	0
fc6	16	Sound	52	385541	7409	2			7410		other	0
fc6	17	Sound	61	390109	0	1			0		hit	26
fc6	17	Response	251	395059	4950	1
fc6	18	Picture	204	425794	0	2	2000	4	0	1920	other	0
fc6	19	Sound	64	437791	0	2			0		hit	29
fc6	19	Response	252	444134	6343	1
fc6	20	Picture	11	472290	0	2	2000	4	0	1920	other	0
fc6	20	Sound	51	476559	4269	2			4270		other	0
fc6	21	Sound	61	484276	0	2			0		hit	33
fc6	21	Response	251	488384	4108	1
fc6	22	Picture	1	519620	0	1	2000	2	0	1920	other	0
fc6	23	Sound	61	531600	0	1			0		hit	36
fc6	23	Response	251	538490	6890	1
fc6	24	Picture	3	565949	0	1	2000	2	0	1920	other	0
fc6	25	Sound	63	577935	0	1			0		hit	39
fc6	25	Response	252	582645	4710	1
fc6	26	Picture	123	612445	0	1	2000	2	0	1920	other	0
fc6	26	Sound	52	618754	6309	2			6310		other	0
fc6	27	Sound	63	624420	0	1			0		hit	43
fc6	27	Response	252	630019	5599	1
fc6	28	Picture	214	659441	0	1	2000	2	0	1920	other	0
fc6	28	Sound	51	664290	4849	2			4850		other	0
fc6	29	Sound	64	671414	0	2			0		hit	47
fc6	29	Response	252	678172	6758	1
fc6	30	Picture	202	706437	0	1	1999	3	0	1920	other	0
fc6	31	Sound	62	718408	0	1			0		hit	50
fc6	31	Response	251	722772	4364	1
fc6	32	Picture	4	753266	0	1	2000	2	0	1920	other	0
fc6	33	Sound	64	765253	0	1			0		hit	53
fc6	33	Response	252	772736	7483	2
fc6	34	Picture	3	801262	0	1	2000	2	0	1920	other	0
fc6	35	Sound	63	813234	0	1			0		hit	56
fc6	35	Response	252	818452	5218	1
fc6	36	Picture	101	847424	0	2	2000	4	0	1920	other	0
fc6	37	Sound	61	859420	0	1			0		hit	59
fc6	37	Response	251	864082	4662	2
fc6	38	Picture	22	894754	0	1	1999	3	0	1920	other	0
fc6	38	Sound	52	903013	8259	2			8260		other	0
fc6	39	Sound	62	906743	0	1			0		hit	63
fc6	39	Response	251	912355	5612	1
fc6	40	Picture	212	942583	0	1	1999	3	0	1920	other	0
fc6	40	Sound	51	945622	3039	1			3040		other	0
fc6	41	Sound	62	954575	0	2			0		hit	67
fc6	41	Response	251	959994	5419	1
fc6	42	Picture	103	990412	0	2	2000	4	0	1920	other	0
fc6	43	Sound	63	1002407	0	2			0		hit	70
fc6	43	Response	252	1008456	6049	1
fc6	44	Picture	103	1037574	0	2	2000	4	0	1920	other	0
fc6	45	Sound	63	1049551	0	1			0		hit	73
fc6	45	Response	252	1056975	7424	2
fc6	46	Picture	3	1085237	0	2	2000	3	0	1920	other	0
fc6	47	Sound	63	1097233	0	2			0		hit	76
fc6	47	Response	252	1101650	4417	2
fc6	48	Picture	2	1132900	0	1	1999	3	0	1920	other	0
fc6	49	Sound	62	1144886	0	1			0		hit	79
fc6	49	Response	251	1151059	6173	1
fc6	50	Picture	202	1179562	0	2	2000	3	0	1920	other	0
fc6	51	Sound	62	1191551	0	1			0		hit	82
fc6	51	Response	251	1196560	5009	1
fc6	52	Picture	12	1226058	0	2	2000	3	0	1920	other	0
fc6	52	Sound	51	1229187	3129	2			3130		other	0
fc6	53	Sound	62	1238036	0	1			0		hit	86
fc6	53	Response	251	1242615	4579	1
fc6	54	Picture	3	1272387	0	2	2000	3	0	1920	other	0
fc6	55	Sound	63	1284371	0	1			0		hit	89
fc6	55	Response	252	1290293	5922	1
fc6	56	Picture	1	1319550	0	1	2000	2	0	1920	other	0
fc6	57	Sound	61	1331545	0	1			0		hit	92
fc6	57	Response	251	1336677	5132	2
fc6	58	Picture	204	1365879	0	2	2000	4	0	1920	other	0
fc6	59	Sound	64	1377850	0	1			0		hit	95
fc6	59	Response	252	1384265	6415	1
fc6	60	Picture	4	1413875	0	2	2000	3	0	1920	other	0
fc6	61	Sound	64	1425862	0	1			0		hit	98
fc6	61	Response	252	1431793	5931	2
fc6	62	Picture	204	1460204	0	2	2000	4	0	1920	other	0
fc6	63	Sound	64	1472197	0	1			0		hit	101
fc6	63	Response	252	1476181	3984	2
fc6	64	Picture	4	1507533	0	2	2000	4	0	1920	other	0
fc6	65	Sound	64	1519520	0	2			0		hit	104
fc6	65	Response	252	1523256	3736	1
fc6	66	Picture	204	1553696	0	2	2000	3	0	1920	other	0
fc6	67	Sound	64	1565676	0	2			0		hit	107
fc6	67	Response	252	1569112	3436	2
fc6	68	Picture	113	1601192	0	1	2000	2	0	1920	other	0
fc6	68	Sound	51	1603741	2549	2			2550		other	0
fc6	69	Sound	63	1613179	0	1			0		hit	111
fc6	69	Response	252	1616760	3581	2
fc6	70	Picture	103	1649188	0	1	2000	2	0	1920	other	0
fc6	71	Sound	63	1661161	0	1			0		hit	114
fc6	71	Response	252	1665348	4187	1
fc6	72	Picture	14	1695684	0	1	2000	2	0	1920	other	0
fc6	72	Sound	51	1699513	3829	2			3830		other	0
fc6	73	Sound	64	1707676	0	1			0		hit	118
fc6	73	Response	252	1711385	3709	2
fc6	74	Picture	202	1742180	0	1	2000	2	0	1920	other	0
fc6	75	Sound	62	1754161	0	1			0		hit	121
fc6	75	Response	251	1758910	4749	1
fc6	76	Picture	204	1788343	0	1	1999	3	0	1920	other	0
fc6	77	Sound	64	1800317	0	1			0		hit	124
fc6	77	Response	252	1805556	5239	2
fc6	78	Picture	4	1834505	0	1	2000	2	0	1920	other	0
fc6	79	Sound	64	1846502	0	2			0		hit	127
fc6	79	Response	252	1851793	5291	1
fc6	80	Picture	101	1880834	0	2	2000	4	0	1920	other	0
fc6	81	Sound	61	1892808	0	1			0		hit	130
fc6	81	Response	251	1897812	5004	2
fc6	82	Picture	103	1928830	0	1	2000	2	0	1920	other	0
fc6	83	Sound	63	1940820	0	1			0		hit	133
fc6	83	Response	252	1945748	4928	2
fc6	84	Picture	202	1976826	0	1	2000	2	0	1920	other	0
fc6	85	Sound	62	1988801	0	2			0		hit	136
fc6	85	Response	251	1994568	5767	2
fc6	86	Picture	3	2024822	0	1	2000	2	0	1920	other	0
fc6	87	Sound	63	2036813	0	1			0		hit	139
fc6	87	Response	252	2043708	6895	1
fc6	88	Picture	101	2071651	0	1	2000	2	0	1920	other	0
fc6	89	Sound	61	2083627	0	2			0		hit	142
fc6	89	Response	251	2090219	6592	2
fc6	90	Picture	202	2118147	0	2	2000	4	0	1920	other	0
fc6	91	Sound	62	2130143	0	1			0		hit	145
fc6	91	Response	251	2134897	4754	1
fc6	92	Picture	2	2165143	0	1	2000	2	0	1920	other	0
fc6	93	Sound	62	2177136	0	2			0		hit	148
fc6	93	Response	251	2182166	5030	1
fc6	94	Picture	4	2211805	0	2	2000	4	0	1920	other	0
fc6	95	Sound	64	2223801	0	1			0		hit	151
fc6	95	Response	252	2235528	11727	1
fc6	96	Picture	23	2258634	0	2	2000	4	0	1920	other	0
fc6	96	Sound	52	2267023	8389	2			8390		other	0
fc6	97	Sound	63	2270616	0	1			0		hit	155
fc6	97	Response	252	2276592	5976	1
fc6	98	Picture	103	2306464	0	1	2000	2	0	1920	other	0
fc6	99	Sound	63	2318448	0	1			0		hit	158
fc6	99	Response	252	2323422	4974	1
fc6	100	Picture	202	2353460	0	1	2000	2	0	1920	other	0
fc6	101	Sound	62	2365442	0	1			0		hit	161
fc6	101	Response	251	2371705	6263	1
fc6	102	Picture	2	2400622	0	2	2000	4	0	1920	other	0
fc6	103	Sound	62	2412615	0	1			0		hit	164
fc6	103	Response	251	2420345	7730	1
fc6	104	Picture	1	2447952	0	1	1999	3	0	1920	other	0
fc6	105	Sound	61	2459938	0	1			0		hit	167
fc6	105	Response	251	2464932	4994	1
fc6	106	Picture	121	2494114	0	2	2000	3	0	1920	other	0
fc6	106	Sound	52	2501773	7659	1			7660		other	0
fc6	107	Sound	61	2506094	0	1			0		hit	171
fc6	107	Response	251	2510739	4645	1
fc6	108	Picture	2	2541777	0	1	2000	2	0	1920	other	0
fc6	109	Sound	62	2553776	0	2			0		hit	174
fc6	109	Response	251	2560357	6581	1
fc6	110	Picture	101	2588439	0	2	2000	4	0	1920	other	0
fc6	111	Sound	61	2600411	0	1			0		hit	177
fc6	111	Response	251	2605190	4779	1
fc6	112	Picture	3	2636268	0	2	2000	4	0	1920	other	0
fc6	113	Sound	63	2648243	0	2			0		hit	180
fc6	113	Response	252	2653407	5164	1
fc6	114	Picture	2	2683264	0	2	2000	4	0	1920	other	0
fc6	115	Sound	62	2695237	0	1			0		hit	183
fc6	115	Response	251	2698933	3696	1
fc6	116	Picture	224	2730760	0	2	2000	3	0	1920	other	0
fc6	116	Sound	52	2738649	7889	2			7890		other	0
fc6	117	Sound	64	2742740	0	1			0		hit	187
fc6	117	Response	252	2749478	6738	1
fc6	118	Picture	1	2778256	0	1	2000	2	0	1920	other	0
fc6	119	Sound	61	2790243	0	1			0		hit	190
fc6	119	Response	251	2795069	4826	2
fc6	120	Picture	101	2825252	0	2	2000	4	0	1920	other	0
fc6	121	Sound	61	2837237	0	1			0		hit	193
fc6	121	Response	251	2846530	9293	1
fc6	122	Picture	1	2873414	0	2	2000	4	0	1920	other	0
fc6	123	Sound	61	2885398	0	1			0		hit	196
fc6	123	Response	251	2890027	4629	1
fc6	124	Picture	204	2921577	0	1	2000	2	0	1920	other	0
fc6	125	Sound	64	2933560	0	1			0		hit	199
fc6	125	Response	252	2938151	4591	1
fc6	126	Picture	222	2968573	0	1	1999	3	0	1920	other	0
fc6	126	Sound	52	2974132	5559	1			5560		other	0
fc6	127	Sound	62	2980553	0	2			0		hit	203
fc6	127	Response	251	2986819	6266	2
fc6	128	Picture	111	3015735	0	2	2000	3	0	1920	other	0
fc6	128	Sound	51	3019844	4109	2			4110		other	0
fc6	129	Sound	61	3027727	0	1			0		hit	207
fc6	129	Response	251	3032739	5012	1
fc6	130	Picture	2	3061898	0	2	2000	3	0	1920	other	0
fc6	131	Sound	62	3073883	0	1			0		hit	210
fc6	131	Response	251	3079523	5640	1
fc6	132	Picture	13	3109727	0	1	2000	2	0	1920	other	0
fc6	132	Sound	51	3113486	3759	2			3760		other	0
fc6	133	Sound	63	3121715	0	1			0		hit	214
fc6	133	Response	252	3125188	3473	2
fc6	134	Response	253	3379538	223148	1


Event Type	Code	Type	Response	RT	RT Uncertainty	Time	Uncertainty	Duration	Uncertainty	ReqTime	ReqDur

Picture	10	other				12497	1	20165	3	0	20000
Picture	10	other				32829	1	40163	2	0	40000
Picture	10	other				73159	1	40163	2	0	40000
Nothing	91	other				113323	2			0
Picture	103	other				143486	1	2000	2	0	1920
Sound	63	hit	2	5474	2	155469	1			0
Picture	101	other				190315	1	2000	2	0	1920
Sound	61	hit	1	4829	3	202313	1			0
Picture	1	other				237477	2	2000	4	0	1920
Sound	61	hit	1	4992	3	249456	2			0
Picture	24	other				284973	2	2000	4	0	1920
Sound	52	other				291202	2			6230
Sound	64	hit	2	5574	2	296959	1			0
Picture	4	other				331636	2	2000	3	0	1920
Sound	64	hit	2	5796	3	343624	1			0
Picture	21	other				378132	1	2000	2	0	1920
Sound	52	other				385541	2			7410
Sound	61	hit	1	4950	2	390109	1			0
Picture	204	other				425794	2	2000	4	0	1920
Sound	64	hit	2	6343	3	437791	2			0
Picture	11	other				472290	2	2000	4	0	1920
Sound	51	other				476559	2			4270
Sound	61	hit	1	4108	3	484276	2			0
Picture	1	other				519620	1	2000	2	0	1920
Sound	61	hit	1	6890	2	531600	1			0
Picture	3	other				565949	1	2000	2	0	1920
Sound	63	hit	2	4710	2	577935	1			0
Picture	123	other				612445	1	2000	2	0	1920
Sound	52	other				618754	2			6310
Sound	63	hit	2	5599	2	624420	1			0
Picture	214	other				659441	1	2000	2	0	1920
Sound	51	other				664290	2			4850
Sound	64	hit	2	6758	3	671414	2			0
Picture	202	other				706437	1	1999	3	0	1920
Sound	62	hit	1	4364	2	718408	1			0
Picture	4	other				753266	1	2000	2	0	1920
Sound	64	hit	2	7483	3	765253	1			0
Picture	3	other				801262	1	2000	2	0	1920
Sound	63	hit	2	5218	2	813234	1			0
Picture	101	other				847424	2	2000	4	0	1920
Sound	61	hit	1	4662	3	859420	1			0
Picture	22	other				894754	1	1999	3	0	1920
Sound	52	other				903013	2			8260
Sound	62	hit	1	5612	2	906743	1			0
Picture	212	other				942583	1	1999	3	0	1920
Sound	51	other				945622	1			3040
Sound	62	hit	1	5419	3	954575	2			0
Picture	103	other				990412	2	2000	4	0	1920
Sound	63	hit	2	6049	3	1002407	2			0
Picture	103	other				1037574	2	2000	4	0	1920
Sound	63	hit	2	7424	3	1049551	1			0
Picture	3	other				1085237	2	2000	3	0	1920
Sound	63	hit	2	4417	4	1097233	2			0
Picture	2	other				1132900	1	1999	3	0	1920
Sound	62	hit	1	6173	2	1144886	1			0
Picture	202	other				1179562	2	2000	3	0	1920
Sound	62	hit	1	5009	2	1191551	1			0
Picture	12	other				1226058	2	2000	3	0	1920
Sound	51	other				1229187	2			3130
Sound	62	hit	1	4579	2	1238036	1			0
Picture	3	other				1272387	2	2000	3	0	1920
Sound	63	hit	2	5922	2	1284371	1			0
Picture	1	other				1319550	1	2000	2	0	1920
Sound	61	hit	1	5132	3	1331545	1			0
Picture	204	other				1365879	2	2000	4	0	1920
Sound	64	hit	2	6415	2	1377850	1			0
Picture	4	other				1413875	2	2000	3	0	1920
Sound	64	hit	2	5931	3	1425862	1			0
Picture	204	other				1460204	2	2000	4	0	1920
Sound	64	hit	2	3984	3	1472197	1			0
Picture	4	other				1507533	2	2000	4	0	1920
Sound	64	hit	2	3736	3	1519520	2			0
Picture	204	other				1553696	2	2000	3	0	1920
Sound	64	hit	2	3436	4	1565676	2			0
Picture	113	other				1601192	1	2000	2	0	1920
Sound	51	other				1603741	2			2550
Sound	63	hit	2	3581	3	1613179	1			0
Picture	103	other				1649188	1	2000	2	0	1920
Sound	63	hit	2	4187	2	1661161	1			0
Picture	14	other				1695684	1	2000	2	0	1920
Sound	51	other				1699513	2			3830
Sound	64	hit	2	3709	3	1707676	1			0
Picture	202	other				1742180	1	2000	2	0	1920
Sound	62	hit	1	4749	2	1754161	1			0
Picture	204	other				1788343	1	1999	3	0	1920
Sound	64	hit	2	5239	3	1800317	1			0
Picture	4	other				1834505	1	2000	2	0	1920
Sound	64	hit	2	5291	3	1846502	2			0
Picture	101	other				1880834	2	2000	4	0	1920
Sound	61	hit	1	5004	3	1892808	1			0
Picture	103	other				1928830	1	2000	2	0	1920
Sound	63	hit	2	4928	3	1940820	1			0
Picture	202	other				1976826	1	2000	2	0	1920
Sound	62	hit	1	5767	4	1988801	2			0
Picture	3	other				2024822	1	2000	2	0	1920
Sound	63	hit	2	6895	2	2036813	1			0
Picture	101	other				2071651	1	2000	2	0	1920
Sound	61	hit	1	6592	4	2083627	2			0
Picture	202	other				2118147	2	2000	4	0	1920
Sound	62	hit	1	4754	2	2130143	1			0
Picture	2	other				2165143	1	2000	2	0	1920
Sound	62	hit	1	5030	3	2177136	2			0
Picture	4	other				2211805	2	2000	4	0	1920
Sound	64	hit	2	11727	2	2223801	1			0
Picture	23	other				2258634	2	2000	4	0	1920
Sound	52	other				2267023	2			8390
Sound	63	hit	2	5976	2	2270616	1			0
Picture	103	other				2306464	1	2000	2	0	1920
Sound	63	hit	2	4974	2	2318448	1			0
Picture	202	other				2353460	1	2000	2	0	1920
Sound	62	hit	1	6263	2	2365442	1			0
Picture	2	other				2400622	2	2000	4	0	1920
Sound	62	hit	1	7730	2	2412615	1			0
Picture	1	other				2447952	1	1999	3	0	1920
Sound	61	hit	1	4994	2	2459938	1			0
Picture	121	other				2494114	2	2000	3	0	1920
Sound	52	other				2501773	1			7660
Sound	61	hit	1	4645	2	2506094	1			0
Picture	2	other				2541777	1	2000	2	0	1920
Sound	62	hit	1	6581	3	2553776	2			0
Picture	101	other				2588439	2	2000	4	0	1920
Sound	61	hit	1	4779	2	2600411	1			0
Picture	3	other				2636268	2	2000	4	0	1920
Sound	63	hit	2	5164	3	2648243	2			0
Picture	2	other				2683264	2	2000	4	0	1920
Sound	62	hit	1	3696	2	2695237	1			0
Picture	224	other				2730760	2	2000	3	0	1920
Sound	52	other				2738649	2			7890
Sound	64	hit	2	6738	2	2742740	1			0
Picture	1	other				2778256	1	2000	2	0	1920
Sound	61	hit	1	4826	3	2790243	1			0
Picture	101	other				2825252	2	2000	4	0	1920
Sound	61	hit	1	9293	2	2837237	1			0
Picture	1	other				2873414	2	2000	4	0	1920
Sound	61	hit	1	4629	2	2885398	1			0
Picture	204	other				2921577	1	2000	2	0	1920
Sound	64	hit	2	4591	2	2933560	1			0
Picture	222	other				2968573	1	1999	3	0	1920
Sound	52	other				2974132	1			5560
Sound	62	hit	1	6266	4	2980553	2			0
Picture	111	other				3015735	2	2000	3	0	1920
Sound	51	other				3019844	2			4110
Sound	61	hit	1	5012	2	3027727	1			0
Picture	2	other				3061898	2	2000	3	0	1920
Sound	62	hit	1	5640	2	3073883	1			0
Picture	13	other				3109727	1	2000	2	0	1920
Sound	51	other				3113486	2			3760
Sound	63	hit	2	3473	3	3121715	1			0

The following output port codes were not sent because of a conflict on the port.
Port	Code	Time(ms)
1	90	1249.7
