Scenario - 17_March_2015
Logfile written - 06/16/2016 10:51:05

Subject	Trial	Event Type	Code	Time	TTime	Uncertainty	Duration	Uncertainty	ReqTime	ReqDur	Stim Type	Pair Index

fc6	1	Response	253	22115	31948	1
fc6	2	Picture	10	22163	0	1	20165	2	0	20000	other	0
fc6	3	Picture	10	42494	0	2	40164	3	0	40000	other	0
fc6	4	Picture	10	82824	0	2	40164	3	0	40000	other	0
fc6	5	Nothing	91	122989	0	1			0		other	0
fc6	6	Picture	204	153152	0	1	1999	3	0	1920	other	0
fc6	7	Sound	64	165136	0	2			0		hit	8
fc6	7	Response	252	169985	4849	2
fc6	8	Picture	222	199980	0	2	2001	3	0	1920	other	0
fc6	8	Sound	52	207379	7399	2			7400		other	0
fc6	9	Sound	62	211951	0	1			0		hit	12
fc6	9	Response	251	218068	6117	1
fc6	10	Picture	12	247143	0	2	2000	3	0	1920	other	0
fc6	10	Sound	51	251952	4809	1			4810		other	0
fc6	11	Sound	62	259124	0	1			0		hit	16
fc6	11	Response	251	264873	5749	1
fc6	12	Picture	204	295139	0	1	2000	2	0	1920	other	0
fc6	13	Sound	64	307136	0	1			0		hit	19
fc6	13	Response	252	311818	4682	1
fc6	14	Picture	22	341468	0	2	2000	4	0	1920	other	0
fc6	14	Sound	52	349577	8109	2			8110		other	0
fc6	15	Sound	62	353441	0	2			0		hit	23
fc6	15	Response	251	358032	4591	1
fc6	16	Picture	4	387964	0	2	2000	4	0	1920	other	0
fc6	17	Sound	64	399956	0	2			0		hit	26
fc6	17	Response	252	405566	5610	1
fc6	18	Picture	13	435960	0	2	2000	3	0	1920	other	0
fc6	18	Sound	51	441079	5119	1			5120		other	0
fc6	19	Sound	63	447938	0	1			0		hit	30
fc6	19	Response	252	452681	4743	1
fc6	20	Picture	103	482456	0	2	2000	3	0	1920	other	0
fc6	21	Sound	63	494453	0	1			0		hit	33
fc6	21	Response	252	498512	4059	1
fc6	22	Picture	3	529618	0	2	2000	4	0	1920	other	0
fc6	23	Sound	63	541597	0	1			0		hit	36
fc6	23	Response	252	546071	4474	2
fc6	24	Picture	2	577448	0	1	2000	2	0	1920	other	0
fc6	25	Sound	62	589429	0	1			0		hit	39
fc6	25	Response	251	594793	5364	1
fc6	26	Picture	101	623777	0	1	2000	2	0	1920	other	0
fc6	27	Sound	61	635764	0	1			0		hit	42
fc6	27	Response	251	642458	6694	1
fc6	28	Picture	1	671106	0	2	2000	4	0	1920	other	0
fc6	29	Sound	61	683087	0	2			0		hit	45
fc6	29	Response	251	687503	4416	2
fc6	30	Picture	3	719102	0	2	2000	3	0	1920	other	0
fc6	31	Sound	63	731099	0	1			0		hit	48
fc6	31	Response	252	735323	4224	2
fc6	32	Picture	1	766098	0	1	2000	2	0	1920	other	0
fc6	33	Sound	61	778093	0	1			0		hit	51
fc6	33	Response	251	784174	6081	1
fc6	34	Picture	3	812760	0	2	2001	3	0	1920	other	0
fc6	35	Sound	63	824758	0	1			0		hit	54
fc6	35	Response	252	828945	4187	1
fc6	36	Picture	214	860257	0	1	1999	3	0	1920	other	0
fc6	36	Sound	51	864807	4550	1			4550		other	0
fc6	37	Sound	64	872231	0	1			0		hit	58
fc6	37	Response	252	881158	8927	1
fc6	38	Picture	14	906419	0	2	2000	3	0	1920	other	0
fc6	38	Sound	51	911808	5389	2			5390		other	0
fc6	39	Sound	64	918416	0	2			0		hit	62
fc6	39	Response	252	922589	4173	1
fc6	40	Picture	202	953248	0	2	2000	4	0	1920	other	0
fc6	41	Sound	62	965231	0	1			0		hit	65
fc6	41	Response	251	971276	6045	1
fc6	42	Picture	4	1000411	0	2	2000	3	0	1920	other	0
fc6	43	Sound	64	1012404	0	2			0		hit	68
fc6	43	Response	252	1018282	5878	1
fc6	44	Picture	101	1047573	0	2	2000	4	0	1920	other	0
fc6	45	Sound	61	1059548	0	1			0		hit	71
fc6	45	Response	251	1063775	4227	1
fc6	46	Picture	24	1094069	0	2	2000	4	0	1920	other	0
fc6	46	Sound	52	1099908	5839	1			5840		other	0
fc6	47	Sound	64	1106063	0	1			0		hit	75
fc6	47	Response	252	1111054	4991	1
fc6	48	Picture	103	1141732	0	2	1999	4	0	1920	other	0
fc6	49	Sound	63	1153716	0	1			0		hit	78
fc6	49	Response	252	1157937	4221	2
fc6	50	Picture	121	1189061	0	2	2000	3	0	1920	other	0
fc6	50	Sound	52	1197370	8309	1			8310		other	0
fc6	51	Sound	61	1201039	0	1			0		hit	82
fc6	51	Response	251	1208259	7220	2
fc6	52	Picture	103	1235390	0	2	2000	4	0	1920	other	0
fc6	53	Sound	63	1247374	0	1			0		hit	85
fc6	53	Response	252	1255151	7777	1
fc6	54	Picture	2	1281886	0	2	2000	4	0	1920	other	0
fc6	55	Sound	62	1293859	0	1			0		hit	88
fc6	55	Response	251	1300572	6713	1
fc6	56	Picture	111	1328382	0	2	2000	3	0	1920	other	0
fc6	56	Sound	51	1331421	3039	1			3040		other	0
fc6	57	Sound	61	1340374	0	1			0		hit	92
fc6	57	Response	251	1344968	4594	2
fc6	58	Picture	101	1374712	0	1	1999	3	0	1920	other	0
fc6	59	Sound	61	1386710	0	1			0		hit	95
fc6	59	Response	251	1400648	13938	2
fc6	60	Picture	103	1421541	0	1	2000	2	0	1920	other	0
fc6	61	Sound	63	1433524	0	1			0		hit	98
fc6	61	Response	252	1437353	3829	1
fc6	62	Picture	204	1469370	0	1	2000	2	0	1920	other	0
fc6	63	Sound	64	1481356	0	1			0		hit	101
fc6	63	Response	252	1487815	6459	1
fc6	64	Picture	4	1516533	0	1	1999	3	0	1920	other	0
fc6	65	Sound	64	1528530	0	1			0		hit	104
fc6	65	Response	252	1532991	4461	1
fc6	66	Picture	101	1562862	0	1	2000	2	0	1920	other	0
fc6	67	Sound	61	1574835	0	1			0		hit	107
fc6	67	Response	251	1580875	6040	1
fc6	68	Picture	202	1610024	0	2	2000	3	0	1920	other	0
fc6	69	Sound	62	1622009	0	1			0		hit	110
fc6	69	Response	251	1626668	4659	1
fc6	70	Picture	2	1656520	0	2	2000	4	0	1920	other	0
fc6	71	Sound	62	1668494	0	1			0		hit	113
fc6	71	Response	251	1672984	4490	2
fc6	72	Picture	113	1704183	0	1	2000	2	0	1920	other	0
fc6	72	Sound	51	1707052	2869	2			2870		other	0
fc6	73	Sound	63	1716176	0	2			0		hit	117
fc6	73	Response	252	1719532	3356	1
fc6	74	Picture	101	1751512	0	1	2000	2	0	1920	other	0
fc6	75	Sound	61	1763499	0	2			0		hit	120
fc6	75	Response	251	1768389	4890	1
fc6	76	Picture	204	1799675	0	1	1999	3	0	1920	other	0
fc6	77	Sound	64	1811661	0	1			0		hit	123
fc6	77	Response	252	1817278	5617	1
fc6	78	Picture	4	1846004	0	1	2000	2	0	1920	other	0
fc6	79	Sound	64	1857996	0	1			0		hit	126
fc6	79	Response	252	1862149	4153	1
fc6	80	Picture	103	1892333	0	2	2000	3	0	1920	other	0
fc6	81	Sound	63	1904332	0	1			0		hit	129
fc6	81	Response	252	1909197	4865	2
fc6	82	Picture	204	1939162	0	2	2000	4	0	1920	other	0
fc6	83	Sound	64	1951146	0	1			0		hit	132
fc6	83	Response	252	1960248	9102	1
fc6	84	Picture	202	1986991	0	2	2000	4	0	1920	other	0
fc6	85	Sound	62	1998978	0	1			0		hit	135
fc6	85	Response	251	2002823	3845	1
fc6	86	Picture	1	2033820	0	2	2001	3	0	1920	other	0
fc6	87	Sound	61	2045792	0	2			0		hit	138
fc6	87	Response	251	2052727	6935	2
fc6	88	Picture	2	2081150	0	2	2000	3	0	1920	other	0
fc6	89	Sound	62	2093146	0	1			0		hit	141
fc6	89	Response	251	2100190	7044	2
fc6	90	Picture	3	2128812	0	2	2000	4	0	1920	other	0
fc6	91	Sound	63	2140798	0	1			0		hit	144
fc6	91	Response	252	2145843	5045	1
fc6	92	Picture	1	2176642	0	1	2000	2	0	1920	other	0
fc6	93	Sound	61	2188630	0	1			0		hit	147
fc6	93	Response	251	2194493	5863	2
fc6	94	Picture	4	2223971	0	1	2000	2	0	1920	other	0
fc6	95	Sound	64	2235953	0	2			0		hit	150
fc6	95	Response	252	2240824	4871	2
fc6	96	Picture	3	2271800	0	1	2000	2	0	1920	other	0
fc6	97	Sound	63	2283785	0	2			0		hit	153
fc6	97	Response	252	2289260	5475	1
fc6	98	Picture	23	2318962	0	2	2000	4	0	1920	other	0
fc6	98	Sound	52	2325501	6539	1			6540		other	0
fc6	99	Sound	63	2330959	0	1			0		hit	157
fc6	99	Response	252	2335635	4676	2
fc6	100	Picture	3	2365292	0	1	2000	2	0	1920	other	0
fc6	101	Sound	63	2377264	0	2			0		hit	160
fc6	101	Response	252	2381359	4095	2
fc6	102	Picture	1	2411621	0	2	2000	3	0	1920	other	0
fc6	103	Sound	61	2423600	0	1			0		hit	163
fc6	103	Response	251	2429466	5866	1
fc6	104	Picture	103	2459284	0	1	1999	3	0	1920	other	0
fc6	105	Sound	63	2471282	0	2			0		hit	166
fc6	105	Response	252	2477068	5786	1
fc6	106	Picture	204	2505946	0	2	2000	3	0	1920	other	0
fc6	107	Sound	64	2517917	0	1			0		hit	169
fc6	107	Response	252	2527452	9535	1
fc6	108	Picture	202	2553109	0	1	2000	2	0	1920	other	0
fc6	109	Sound	62	2565091	0	1			0		hit	172
fc6	109	Response	251	2571889	6798	1
fc6	110	Picture	202	2600438	0	1	2000	2	0	1920	other	0
fc6	111	Sound	62	2612414	0	1			0		hit	175
fc6	111	Response	251	2618480	6066	1
fc6	112	Picture	2	2647934	0	1	2000	2	0	1920	other	0
fc6	113	Sound	62	2659917	0	1			0		hit	178
fc6	113	Response	251	2663737	3820	1
fc6	114	Picture	1	2695096	0	2	2000	3	0	1920	other	0
fc6	115	Sound	61	2707090	0	1			0		hit	181
fc6	115	Response	251	2711820	4730	2
fc6	116	Picture	224	2742759	0	1	2000	2	0	1920	other	0
fc6	116	Sound	52	2748378	5619	2			5620		other	0
fc6	117	Sound	64	2754743	0	1			0		hit	185
fc6	117	Response	252	2759381	4638	1
fc6	118	Picture	11	2789422	0	1	1999	3	0	1920	other	0
fc6	118	Sound	51	2794261	4839	1			4840		other	0
fc6	119	Sound	61	2801407	0	1			0		hit	189
fc6	119	Response	251	2806005	4598	1
fc6	120	Picture	202	2836417	0	2	2000	4	0	1920	other	0
fc6	121	Sound	62	2848401	0	2			0		hit	192
fc6	121	Response	251	2855016	6615	2
fc6	122	Picture	123	2883580	0	1	2000	2	0	1920	other	0
fc6	122	Sound	52	2891979	8399	2			8400		other	0
fc6	123	Sound	63	2895575	0	1			0		hit	196
fc6	123	Response	252	2902962	7387	1
fc6	124	Picture	21	2930576	0	1	1999	3	0	1920	other	0
fc6	124	Sound	52	2936575	5999	2			6000		other	0
fc6	125	Sound	61	2942569	0	1			0		hit	200
fc6	125	Response	251	2947516	4947	2
fc6	126	Picture	2	2977072	0	1	2000	2	0	1920	other	0
fc6	127	Sound	62	2989054	0	1			0		hit	203
fc6	127	Response	251	2995845	6791	1
fc6	128	Picture	101	3023734	0	2	2000	4	0	1920	other	0
fc6	129	Sound	61	3035719	0	1			0		hit	206
fc6	129	Response	251	3041096	5377	1
fc6	130	Picture	4	3071730	0	1	2000	2	0	1920	other	0
fc6	131	Sound	64	3083730	0	1			0		hit	209
fc6	131	Response	252	3089737	6007	1
fc6	132	Picture	212	3119559	0	2	2000	4	0	1920	other	0
fc6	132	Sound	51	3124408	4849	1			4850		other	0
fc6	133	Sound	62	3131532	0	2			0		hit	213
fc6	133	Response	251	3136857	5325	1
fc6	134	Response	253	3353977	186589	1


Event Type	Code	Type	Response	RT	RT Uncertainty	Time	Uncertainty	Duration	Uncertainty	ReqTime	ReqDur

Picture	10	other				22163	1	20165	2	0	20000
Picture	10	other				42494	2	40164	3	0	40000
Picture	10	other				82824	2	40164	3	0	40000
Nothing	91	other				122989	1			0
Picture	204	other				153152	1	1999	3	0	1920
Sound	64	hit	2	4849	4	165136	2			0
Picture	222	other				199980	2	2001	3	0	1920
Sound	52	other				207379	2			7400
Sound	62	hit	1	6117	2	211951	1			0
Picture	12	other				247143	2	2000	3	0	1920
Sound	51	other				251952	1			4810
Sound	62	hit	1	5749	2	259124	1			0
Picture	204	other				295139	1	2000	2	0	1920
Sound	64	hit	2	4682	2	307136	1			0
Picture	22	other				341468	2	2000	4	0	1920
Sound	52	other				349577	2			8110
Sound	62	hit	1	4591	3	353441	2			0
Picture	4	other				387964	2	2000	4	0	1920
Sound	64	hit	2	5610	3	399956	2			0
Picture	13	other				435960	2	2000	3	0	1920
Sound	51	other				441079	1			5120
Sound	63	hit	2	4743	2	447938	1			0
Picture	103	other				482456	2	2000	3	0	1920
Sound	63	hit	2	4059	2	494453	1			0
Picture	3	other				529618	2	2000	4	0	1920
Sound	63	hit	2	4474	3	541597	1			0
Picture	2	other				577448	1	2000	2	0	1920
Sound	62	hit	1	5364	2	589429	1			0
Picture	101	other				623777	1	2000	2	0	1920
Sound	61	hit	1	6694	2	635764	1			0
Picture	1	other				671106	2	2000	4	0	1920
Sound	61	hit	1	4416	4	683087	2			0
Picture	3	other				719102	2	2000	3	0	1920
Sound	63	hit	2	4224	3	731099	1			0
Picture	1	other				766098	1	2000	2	0	1920
Sound	61	hit	1	6081	2	778093	1			0
Picture	3	other				812760	2	2001	3	0	1920
Sound	63	hit	2	4187	2	824758	1			0
Picture	214	other				860257	1	1999	3	0	1920
Sound	51	other				864807	1			4550
Sound	64	hit	2	8927	2	872231	1			0
Picture	14	other				906419	2	2000	3	0	1920
Sound	51	other				911808	2			5390
Sound	64	hit	2	4173	3	918416	2			0
Picture	202	other				953248	2	2000	4	0	1920
Sound	62	hit	1	6045	2	965231	1			0
Picture	4	other				1000411	2	2000	3	0	1920
Sound	64	hit	2	5878	3	1012404	2			0
Picture	101	other				1047573	2	2000	4	0	1920
Sound	61	hit	1	4227	2	1059548	1			0
Picture	24	other				1094069	2	2000	4	0	1920
Sound	52	other				1099908	1			5840
Sound	64	hit	2	4991	2	1106063	1			0
Picture	103	other				1141732	2	1999	4	0	1920
Sound	63	hit	2	4221	3	1153716	1			0
Picture	121	other				1189061	2	2000	3	0	1920
Sound	52	other				1197370	1			8310
Sound	61	hit	1	7220	3	1201039	1			0
Picture	103	other				1235390	2	2000	4	0	1920
Sound	63	hit	2	7777	2	1247374	1			0
Picture	2	other				1281886	2	2000	4	0	1920
Sound	62	hit	1	6713	2	1293859	1			0
Picture	111	other				1328382	2	2000	3	0	1920
Sound	51	other				1331421	1			3040
Sound	61	hit	1	4594	3	1340374	1			0
Picture	101	other				1374712	1	1999	3	0	1920
Sound	61	hit	1	13938	3	1386710	1			0
Picture	103	other				1421541	1	2000	2	0	1920
Sound	63	hit	2	3829	2	1433524	1			0
Picture	204	other				1469370	1	2000	2	0	1920
Sound	64	hit	2	6459	2	1481356	1			0
Picture	4	other				1516533	1	1999	3	0	1920
Sound	64	hit	2	4461	2	1528530	1			0
Picture	101	other				1562862	1	2000	2	0	1920
Sound	61	hit	1	6040	2	1574835	1			0
Picture	202	other				1610024	2	2000	3	0	1920
Sound	62	hit	1	4659	2	1622009	1			0
Picture	2	other				1656520	2	2000	4	0	1920
Sound	62	hit	1	4490	3	1668494	1			0
Picture	113	other				1704183	1	2000	2	0	1920
Sound	51	other				1707052	2			2870
Sound	63	hit	2	3356	3	1716176	2			0
Picture	101	other				1751512	1	2000	2	0	1920
Sound	61	hit	1	4890	3	1763499	2			0
Picture	204	other				1799675	1	1999	3	0	1920
Sound	64	hit	2	5617	2	1811661	1			0
Picture	4	other				1846004	1	2000	2	0	1920
Sound	64	hit	2	4153	2	1857996	1			0
Picture	103	other				1892333	2	2000	3	0	1920
Sound	63	hit	2	4865	3	1904332	1			0
Picture	204	other				1939162	2	2000	4	0	1920
Sound	64	hit	2	9102	2	1951146	1			0
Picture	202	other				1986991	2	2000	4	0	1920
Sound	62	hit	1	3845	2	1998978	1			0
Picture	1	other				2033820	2	2001	3	0	1920
Sound	61	hit	1	6935	4	2045792	2			0
Picture	2	other				2081150	2	2000	3	0	1920
Sound	62	hit	1	7044	3	2093146	1			0
Picture	3	other				2128812	2	2000	4	0	1920
Sound	63	hit	2	5045	2	2140798	1			0
Picture	1	other				2176642	1	2000	2	0	1920
Sound	61	hit	1	5863	3	2188630	1			0
Picture	4	other				2223971	1	2000	2	0	1920
Sound	64	hit	2	4871	4	2235953	2			0
Picture	3	other				2271800	1	2000	2	0	1920
Sound	63	hit	2	5475	3	2283785	2			0
Picture	23	other				2318962	2	2000	4	0	1920
Sound	52	other				2325501	1			6540
Sound	63	hit	2	4676	3	2330959	1			0
Picture	3	other				2365292	1	2000	2	0	1920
Sound	63	hit	2	4095	4	2377264	2			0
Picture	1	other				2411621	2	2000	3	0	1920
Sound	61	hit	1	5866	2	2423600	1			0
Picture	103	other				2459284	1	1999	3	0	1920
Sound	63	hit	2	5786	3	2471282	2			0
Picture	204	other				2505946	2	2000	3	0	1920
Sound	64	hit	2	9535	2	2517917	1			0
Picture	202	other				2553109	1	2000	2	0	1920
Sound	62	hit	1	6798	2	2565091	1			0
Picture	202	other				2600438	1	2000	2	0	1920
Sound	62	hit	1	6066	2	2612414	1			0
Picture	2	other				2647934	1	2000	2	0	1920
Sound	62	hit	1	3820	2	2659917	1			0
Picture	1	other				2695096	2	2000	3	0	1920
Sound	61	hit	1	4730	3	2707090	1			0
Picture	224	other				2742759	1	2000	2	0	1920
Sound	52	other				2748378	2			5620
Sound	64	hit	2	4638	2	2754743	1			0
Picture	11	other				2789422	1	1999	3	0	1920
Sound	51	other				2794261	1			4840
Sound	61	hit	1	4598	2	2801407	1			0
Picture	202	other				2836417	2	2000	4	0	1920
Sound	62	hit	1	6615	4	2848401	2			0
Picture	123	other				2883580	1	2000	2	0	1920
Sound	52	other				2891979	2			8400
Sound	63	hit	2	7387	2	2895575	1			0
Picture	21	other				2930576	1	1999	3	0	1920
Sound	52	other				2936575	2			6000
Sound	61	hit	1	4947	3	2942569	1			0
Picture	2	other				2977072	1	2000	2	0	1920
Sound	62	hit	1	6791	2	2989054	1			0
Picture	101	other				3023734	2	2000	4	0	1920
Sound	61	hit	1	5377	2	3035719	1			0
Picture	4	other				3071730	1	2000	2	0	1920
Sound	64	hit	2	6007	2	3083730	1			0
Picture	212	other				3119559	2	2000	4	0	1920
Sound	51	other				3124408	1			4850
Sound	62	hit	1	5325	3	3131532	2			0

The following output port codes were not sent because of a conflict on the port.
Port	Code	Time(ms)
1	90	2216.3
