Scenario - 17_March_2015
Logfile written - 06/16/2016 11:06:25

Subject	Trial	Event Type	Code	Time	TTime	Uncertainty	Duration	Uncertainty	ReqTime	ReqDur	Stim Type	Pair Index

fc6	1	Response	253	18753	28586	1
fc6	2	Picture	10	18830	0	1	20165	2	0	20000	other	0
fc6	3	Picture	10	39161	0	2	40164	3	0	40000	other	0
fc6	4	Picture	10	79491	0	2	40163	4	0	40000	other	0
fc6	5	Nothing	91	119656	0	1			0		other	0
fc6	6	Picture	103	149819	0	1	1999	3	0	1920	other	0
fc6	7	Sound	63	161814	0	1			0		hit	8
fc6	7	Response	252	166539	4725	1
fc6	8	Picture	202	196147	0	2	2001	3	0	1920	other	0
fc6	9	Sound	62	208119	0	2			0		hit	11
fc6	9	Response	251	212807	4688	1
fc6	10	Picture	204	242311	0	1	1999	3	0	1920	other	0
fc6	11	Sound	64	254305	0	1			0		hit	14
fc6	11	Response	252	259721	5416	1
fc6	12	Picture	111	290139	0	2	2000	4	0	1920	other	0
fc6	12	Sound	51	294478	4339	1			4340		other	0
fc6	13	Sound	61	302137	0	1			0		hit	18
fc6	13	Response	251	308291	6154	2
fc6	14	Picture	222	337969	0	1	1999	3	0	1920	other	0
fc6	14	Sound	52	344768	6799	1			6800		other	0
fc6	15	Sound	62	349969	0	2			0		hit	22
fc6	15	Response	251	357539	7570	1
fc6	16	Picture	3	384298	0	2	2000	3	0	1920	other	0
fc6	17	Sound	63	396275	0	1			0		hit	25
fc6	17	Response	252	400093	3818	2
fc6	18	Picture	103	431461	0	1	1999	3	0	1920	other	0
fc6	19	Sound	63	443448	0	2			0		hit	28
fc6	19	Response	252	447067	3619	1
fc6	20	Picture	202	478623	0	2	2000	4	0	1920	other	0
fc6	21	Sound	62	490622	0	1			0		hit	31
fc6	21	Response	251	495099	4477	1
fc6	22	Picture	3	526452	0	2	2000	4	0	1920	other	0
fc6	23	Sound	63	538424	0	1			0		hit	34
fc6	23	Response	252	542342	3918	1
fc6	24	Picture	1	572782	0	1	1999	3	0	1920	other	0
fc6	25	Sound	61	584760	0	1			0		hit	37
fc6	25	Response	251	590805	6045	2
fc6	26	Picture	23	620444	0	2	2000	3	0	1920	other	0
fc6	26	Sound	52	628483	8039	2			8040		other	0
fc6	27	Sound	63	632442	0	1			0		hit	41
fc6	27	Response	252	639656	7214	1
fc6	28	Picture	12	667607	0	1	1999	3	0	1920	other	0
fc6	28	Sound	51	672216	4609	1			4610		other	0
fc6	29	Sound	62	679585	0	2			0		hit	45
fc6	29	Response	251	686512	6927	2
fc6	30	Picture	4	714769	0	2	2000	4	0	1920	other	0
fc6	31	Sound	64	726759	0	1			0		hit	48
fc6	31	Response	252	732012	5253	1
fc6	32	Picture	1	761599	0	1	1999	3	0	1920	other	0
fc6	33	Sound	61	773573	0	2			0		hit	51
fc6	33	Response	251	778807	5234	2
fc6	34	Picture	2	809095	0	1	1999	3	0	1920	other	0
fc6	35	Sound	62	821076	0	1			0		hit	54
fc6	35	Response	251	825582	4506	2
fc6	36	Picture	202	856090	0	2	2000	4	0	1920	other	0
fc6	37	Sound	62	868070	0	1			0		hit	57
fc6	37	Response	251	872807	4737	2
fc6	38	Picture	11	903920	0	1	1999	3	0	1920	other	0
fc6	38	Sound	51	908069	4149	2			4150		other	0
fc6	39	Sound	61	915902	0	2			0		hit	61
fc6	39	Response	251	920675	4773	1
fc6	40	Picture	1	951749	0	1	2000	2	0	1920	other	0
fc6	41	Sound	61	963734	0	2			0		hit	64
fc6	41	Response	251	967727	3993	1
fc6	42	Picture	2	998911	0	2	2000	4	0	1920	other	0
fc6	43	Sound	62	1010908	0	1			0		hit	67
fc6	43	Response	251	1014373	3465	1
fc6	44	Picture	24	1045074	0	1	2000	2	0	1920	other	0
fc6	44	Sound	52	1051313	6239	2			6240		other	0
fc6	45	Sound	64	1057064	0	1			0		hit	71
fc6	45	Response	252	1061530	4466	2
fc6	46	Picture	14	1091403	0	2	1999	4	0	1920	other	0
fc6	46	Sound	51	1094172	2769	1			2770		other	0
fc6	47	Sound	64	1103399	0	2			0		hit	75
fc6	47	Response	252	1107924	4525	2
fc6	48	Picture	4	1139399	0	1	2000	2	0	1920	other	0
fc6	49	Sound	64	1151381	0	1			0		hit	78
fc6	49	Response	252	1157560	6179	1
fc6	50	Picture	101	1186228	0	2	2000	3	0	1920	other	0
fc6	51	Sound	61	1198225	0	1			0		hit	81
fc6	51	Response	251	1203076	4851	1
fc6	52	Picture	204	1234057	0	2	2000	4	0	1920	other	0
fc6	53	Sound	64	1246027	0	2			0		hit	84
fc6	53	Response	252	1251649	5622	2
fc6	54	Picture	101	1282053	0	2	2000	3	0	1920	other	0
fc6	55	Sound	61	1294039	0	1			0		hit	87
fc6	55	Response	251	1299038	4999	1
fc6	56	Picture	1	1329383	0	1	1999	3	0	1920	other	0
fc6	57	Sound	61	1341362	0	1			0		hit	90
fc6	57	Response	251	1346562	5200	1
fc6	58	Picture	21	1376212	0	1	1999	3	0	1920	other	0
fc6	58	Sound	52	1383911	7699	1			7700		other	0
fc6	59	Sound	61	1388206	0	2			0		hit	94
fc6	59	Response	251	1393112	4906	2
fc6	60	Picture	113	1424041	0	1	2000	2	0	1920	other	0
fc6	60	Sound	51	1426630	2589	1			2590		other	0
fc6	61	Sound	63	1436039	0	1			0		hit	98
fc6	61	Response	252	1441803	5764	1
fc6	62	Picture	103	1470703	0	2	2000	4	0	1920	other	0
fc6	63	Sound	63	1482703	0	2			0		hit	101
fc6	63	Response	252	1487097	4394	1
fc6	64	Picture	204	1517699	0	2	2000	4	0	1920	other	0
fc6	65	Sound	64	1529697	0	2			0		hit	104
fc6	65	Response	252	1533861	4164	1
fc6	66	Picture	202	1564529	0	1	1999	3	0	1920	other	0
fc6	67	Sound	62	1576512	0	1			0		hit	107
fc6	67	Response	251	1581583	5071	2
fc6	68	Picture	4	1612358	0	1	1999	3	0	1920	other	0
fc6	69	Sound	64	1624344	0	1			0		hit	110
fc6	69	Response	252	1628889	4545	1
fc6	70	Picture	103	1660353	0	2	2000	4	0	1920	other	0
fc6	71	Sound	63	1672325	0	2			0		hit	113
fc6	71	Response	252	1675933	3608	1
fc6	72	Picture	4	1708349	0	2	2000	4	0	1920	other	0
fc6	73	Sound	64	1720337	0	1			0		hit	116
fc6	73	Response	252	1723804	3467	1
fc6	74	Picture	13	1755512	0	1	2000	2	0	1920	other	0
fc6	74	Sound	51	1760851	5339	2			5340		other	0
fc6	75	Sound	63	1767511	0	1			0		hit	120
fc6	75	Response	252	1770985	3474	2
fc6	76	Picture	123	1803341	0	2	2000	3	0	1920	other	0
fc6	76	Sound	52	1810820	7479	2			7480		other	0
fc6	77	Sound	63	1815313	0	1			0		hit	124
fc6	77	Response	252	1819017	3704	1
fc6	78	Picture	204	1849671	0	1	1999	3	0	1920	other	0
fc6	79	Sound	64	1861648	0	1			0		hit	127
fc6	79	Response	252	1865115	3467	1
fc6	80	Picture	22	1896333	0	2	2000	3	0	1920	other	0
fc6	80	Sound	52	1903342	7009	1			7010		other	0
fc6	81	Sound	62	1908313	0	1			0		hit	131
fc6	81	Response	251	1913056	4743	1
fc6	82	Picture	3	1943495	0	2	2000	4	0	1920	other	0
fc6	83	Sound	63	1955486	0	2			0		hit	134
fc6	83	Response	252	1959131	3645	1
fc6	84	Picture	3	1991491	0	2	2000	4	0	1920	other	0
fc6	85	Sound	63	2003468	0	1			0		hit	137
fc6	85	Response	252	2007580	4112	1
fc6	86	Picture	103	2039154	0	1	2000	2	0	1920	other	0
fc6	87	Sound	63	2051151	0	1			0		hit	140
fc6	87	Response	252	2054675	3524	1
fc6	88	Picture	4	2086150	0	1	1999	3	0	1920	other	0
fc6	89	Sound	64	2098145	0	1			0		hit	143
fc6	89	Response	252	2101699	3554	2
fc6	90	Picture	2	2132479	0	2	2000	3	0	1920	other	0
fc6	91	Sound	62	2144450	0	1			0		incorrect	146
fc6	91	Response	252	2147412	2962	1
fc6	91	Response	251	2151717	7267	1
fc6	92	Picture	202	2179642	0	1	1999	3	0	1920	other	0
fc6	93	Sound	62	2191624	0	1			0		hit	150
fc6	93	Response	251	2195559	3935	1
fc6	94	Picture	121	2226137	0	2	2000	4	0	1920	other	0
fc6	94	Sound	52	2231866	5729	2			5730		other	0
fc6	95	Sound	61	2238109	0	1			0		hit	154
fc6	95	Response	251	2243025	4916	2
fc6	96	Picture	101	2273800	0	1	2000	2	0	1920	other	0
fc6	97	Sound	61	2285791	0	1			0		hit	157
fc6	97	Response	251	2289738	3947	1
fc6	98	Picture	2	2320796	0	1	2000	2	0	1920	other	0
fc6	99	Sound	62	2332785	0	1			0		hit	160
fc6	99	Response	251	2336737	3952	2
fc6	100	Picture	212	2368958	0	2	2000	4	0	1920	other	0
fc6	100	Sound	51	2373987	5029	1			5030		other	0
fc6	101	Sound	62	2380946	0	1			0		hit	164
fc6	101	Response	251	2384559	3613	1
fc6	102	Picture	2	2415288	0	1	1999	3	0	1920	other	0
fc6	103	Sound	62	2427282	0	1			0		hit	167
fc6	103	Response	251	2431355	4073	1
fc6	104	Picture	4	2462284	0	1	2000	2	0	1920	other	0
fc6	105	Sound	64	2474276	0	1			0		hit	170
fc6	105	Response	252	2479089	4813	2
fc6	106	Picture	224	2510280	0	1	1999	3	0	1920	other	0
fc6	106	Sound	52	2516709	6429	1			6430		other	0
fc6	107	Sound	64	2522258	0	1			0		hit	174
fc6	107	Response	252	2528282	6024	1
fc6	108	Picture	2	2556775	0	2	2000	4	0	1920	other	0
fc6	109	Sound	62	2568772	0	2			0		hit	177
fc6	109	Response	251	2573082	4310	1
fc6	110	Picture	204	2604104	0	2	2000	4	0	1920	other	0
fc6	111	Sound	64	2616096	0	1			0		hit	180
fc6	111	Response	252	2621667	5571	1
fc6	112	Picture	101	2651601	0	1	1999	3	0	1920	other	0
fc6	113	Sound	61	2663599	0	1			0		hit	183
fc6	113	Response	251	2668235	4636	2
fc6	114	Picture	214	2699596	0	2	2000	4	0	1920	other	0
fc6	114	Sound	51	2702385	2789	2			2790		other	0
fc6	115	Sound	64	2711580	0	2			0		hit	187
fc6	115	Response	252	2716092	4512	2
fc6	116	Picture	202	2746259	0	1	1999	3	0	1920	other	0
fc6	117	Sound	62	2758245	0	1			0		hit	190
fc6	117	Response	251	2761835	3590	1
fc6	118	Picture	3	2793255	0	1	2000	2	0	1920	other	0
fc6	119	Sound	63	2805239	0	1			0		hit	193
fc6	119	Response	252	2809074	3835	1
fc6	120	Picture	1	2840584	0	1	2000	2	0	1920	other	0
fc6	121	Sound	61	2852562	0	1			0		hit	196
fc6	121	Response	251	2857150	4588	1
fc6	122	Picture	1	2887913	0	2	2000	3	0	1920	other	0
fc6	123	Sound	61	2899885	0	1			0		hit	199
fc6	123	Response	251	2904200	4315	2
fc6	124	Picture	3	2935242	0	2	2000	4	0	1920	other	0
fc6	125	Sound	63	2947238	0	2			0		hit	202
fc6	125	Response	252	2951649	4411	1
fc6	126	Picture	204	2981738	0	2	2000	4	0	1920	other	0
fc6	127	Sound	64	2993724	0	1			0		hit	205
fc6	127	Response	252	2999411	5687	1
fc6	128	Picture	101	3027901	0	1	2000	2	0	1920	other	0
fc6	129	Sound	61	3039879	0	2			0		hit	208
fc6	129	Response	251	3044794	4915	1
fc6	130	Picture	103	3074063	0	2	2000	4	0	1920	other	0
fc6	131	Sound	63	3086035	0	1			0		hit	211
fc6	131	Response	252	3090188	4153	1
fc6	132	Picture	101	3122059	0	2	2000	4	0	1920	other	0
fc6	133	Sound	61	3134047	0	1			0		hit	214
fc6	133	Response	251	3138773	4726	1
fc6	134	Response	253	3298615	130060	1


Event Type	Code	Type	Response	RT	RT Uncertainty	Time	Uncertainty	Duration	Uncertainty	ReqTime	ReqDur

Picture	10	other				18830	1	20165	2	0	20000
Picture	10	other				39161	2	40164	3	0	40000
Picture	10	other				79491	2	40163	4	0	40000
Nothing	91	other				119656	1			0
Picture	103	other				149819	1	1999	3	0	1920
Sound	63	hit	2	4725	2	161814	1			0
Picture	202	other				196147	2	2001	3	0	1920
Sound	62	hit	1	4688	3	208119	2			0
Picture	204	other				242311	1	1999	3	0	1920
Sound	64	hit	2	5416	2	254305	1			0
Picture	111	other				290139	2	2000	4	0	1920
Sound	51	other				294478	1			4340
Sound	61	hit	1	6154	3	302137	1			0
Picture	222	other				337969	1	1999	3	0	1920
Sound	52	other				344768	1			6800
Sound	62	hit	1	7570	3	349969	2			0
Picture	3	other				384298	2	2000	3	0	1920
Sound	63	hit	2	3818	3	396275	1			0
Picture	103	other				431461	1	1999	3	0	1920
Sound	63	hit	2	3619	3	443448	2			0
Picture	202	other				478623	2	2000	4	0	1920
Sound	62	hit	1	4477	2	490622	1			0
Picture	3	other				526452	2	2000	4	0	1920
Sound	63	hit	2	3918	2	538424	1			0
Picture	1	other				572782	1	1999	3	0	1920
Sound	61	hit	1	6045	3	584760	1			0
Picture	23	other				620444	2	2000	3	0	1920
Sound	52	other				628483	2			8040
Sound	63	hit	2	7214	2	632442	1			0
Picture	12	other				667607	1	1999	3	0	1920
Sound	51	other				672216	1			4610
Sound	62	hit	1	6927	4	679585	2			0
Picture	4	other				714769	2	2000	4	0	1920
Sound	64	hit	2	5253	2	726759	1			0
Picture	1	other				761599	1	1999	3	0	1920
Sound	61	hit	1	5234	4	773573	2			0
Picture	2	other				809095	1	1999	3	0	1920
Sound	62	hit	1	4506	3	821076	1			0
Picture	202	other				856090	2	2000	4	0	1920
Sound	62	hit	1	4737	3	868070	1			0
Picture	11	other				903920	1	1999	3	0	1920
Sound	51	other				908069	2			4150
Sound	61	hit	1	4773	3	915902	2			0
Picture	1	other				951749	1	2000	2	0	1920
Sound	61	hit	1	3993	3	963734	2			0
Picture	2	other				998911	2	2000	4	0	1920
Sound	62	hit	1	3465	2	1010908	1			0
Picture	24	other				1045074	1	2000	2	0	1920
Sound	52	other				1051313	2			6240
Sound	64	hit	2	4466	3	1057064	1			0
Picture	14	other				1091403	2	1999	4	0	1920
Sound	51	other				1094172	1			2770
Sound	64	hit	2	4525	4	1103399	2			0
Picture	4	other				1139399	1	2000	2	0	1920
Sound	64	hit	2	6179	2	1151381	1			0
Picture	101	other				1186228	2	2000	3	0	1920
Sound	61	hit	1	4851	2	1198225	1			0
Picture	204	other				1234057	2	2000	4	0	1920
Sound	64	hit	2	5622	4	1246027	2			0
Picture	101	other				1282053	2	2000	3	0	1920
Sound	61	hit	1	4999	2	1294039	1			0
Picture	1	other				1329383	1	1999	3	0	1920
Sound	61	hit	1	5200	2	1341362	1			0
Picture	21	other				1376212	1	1999	3	0	1920
Sound	52	other				1383911	1			7700
Sound	61	hit	1	4906	4	1388206	2			0
Picture	113	other				1424041	1	2000	2	0	1920
Sound	51	other				1426630	1			2590
Sound	63	hit	2	5764	2	1436039	1			0
Picture	103	other				1470703	2	2000	4	0	1920
Sound	63	hit	2	4394	3	1482703	2			0
Picture	204	other				1517699	2	2000	4	0	1920
Sound	64	hit	2	4164	3	1529697	2			0
Picture	202	other				1564529	1	1999	3	0	1920
Sound	62	hit	1	5071	3	1576512	1			0
Picture	4	other				1612358	1	1999	3	0	1920
Sound	64	hit	2	4545	2	1624344	1			0
Picture	103	other				1660353	2	2000	4	0	1920
Sound	63	hit	2	3608	3	1672325	2			0
Picture	4	other				1708349	2	2000	4	0	1920
Sound	64	hit	2	3467	2	1720337	1			0
Picture	13	other				1755512	1	2000	2	0	1920
Sound	51	other				1760851	2			5340
Sound	63	hit	2	3474	3	1767511	1			0
Picture	123	other				1803341	2	2000	3	0	1920
Sound	52	other				1810820	2			7480
Sound	63	hit	2	3704	2	1815313	1			0
Picture	204	other				1849671	1	1999	3	0	1920
Sound	64	hit	2	3467	2	1861648	1			0
Picture	22	other				1896333	2	2000	3	0	1920
Sound	52	other				1903342	1			7010
Sound	62	hit	1	4743	2	1908313	1			0
Picture	3	other				1943495	2	2000	4	0	1920
Sound	63	hit	2	3645	3	1955486	2			0
Picture	3	other				1991491	2	2000	4	0	1920
Sound	63	hit	2	4112	2	2003468	1			0
Picture	103	other				2039154	1	2000	2	0	1920
Sound	63	hit	2	3524	2	2051151	1			0
Picture	4	other				2086150	1	1999	3	0	1920
Sound	64	hit	2	3554	3	2098145	1			0
Picture	2	other				2132479	2	2000	3	0	1920
Sound	62	incorrect	2	2962	2	2144450	1			0
Picture	202	other				2179642	1	1999	3	0	1920
Sound	62	hit	1	3935	2	2191624	1			0
Picture	121	other				2226137	2	2000	4	0	1920
Sound	52	other				2231866	2			5730
Sound	61	hit	1	4916	3	2238109	1			0
Picture	101	other				2273800	1	2000	2	0	1920
Sound	61	hit	1	3947	2	2285791	1			0
Picture	2	other				2320796	1	2000	2	0	1920
Sound	62	hit	1	3952	3	2332785	1			0
Picture	212	other				2368958	2	2000	4	0	1920
Sound	51	other				2373987	1			5030
Sound	62	hit	1	3613	2	2380946	1			0
Picture	2	other				2415288	1	1999	3	0	1920
Sound	62	hit	1	4073	2	2427282	1			0
Picture	4	other				2462284	1	2000	2	0	1920
Sound	64	hit	2	4813	3	2474276	1			0
Picture	224	other				2510280	1	1999	3	0	1920
Sound	52	other				2516709	1			6430
Sound	64	hit	2	6024	2	2522258	1			0
Picture	2	other				2556775	2	2000	4	0	1920
Sound	62	hit	1	4310	3	2568772	2			0
Picture	204	other				2604104	2	2000	4	0	1920
Sound	64	hit	2	5571	2	2616096	1			0
Picture	101	other				2651601	1	1999	3	0	1920
Sound	61	hit	1	4636	3	2663599	1			0
Picture	214	other				2699596	2	2000	4	0	1920
Sound	51	other				2702385	2			2790
Sound	64	hit	2	4512	4	2711580	2			0
Picture	202	other				2746259	1	1999	3	0	1920
Sound	62	hit	1	3590	2	2758245	1			0
Picture	3	other				2793255	1	2000	2	0	1920
Sound	63	hit	2	3835	2	2805239	1			0
Picture	1	other				2840584	1	2000	2	0	1920
Sound	61	hit	1	4588	2	2852562	1			0
Picture	1	other				2887913	2	2000	3	0	1920
Sound	61	hit	1	4315	3	2899885	1			0
Picture	3	other				2935242	2	2000	4	0	1920
Sound	63	hit	2	4411	3	2947238	2			0
Picture	204	other				2981738	2	2000	4	0	1920
Sound	64	hit	2	5687	2	2993724	1			0
Picture	101	other				3027901	1	2000	2	0	1920
Sound	61	hit	1	4915	3	3039879	2			0
Picture	103	other				3074063	2	2000	4	0	1920
Sound	63	hit	2	4153	2	3086035	1			0
Picture	101	other				3122059	2	2000	4	0	1920
Sound	61	hit	1	4726	2	3134047	1			0
