Scenario - 17_March_2015
Logfile written - 03/06/2017 15:24:01

Subject	Trial	Event Type	Code	Time	TTime	Uncertainty	Duration	Uncertainty	ReqTime	ReqDur	Stim Type	Pair Index

yc24	1	Response	253	9639	19472	1
yc24	2	Picture	10	9664	0	1	20165	2	0	20000	other	0
yc24	3	Picture	10	29995	0	2	40163	3	0	40000	other	0
yc24	3	Response	251	52584	22589	2
yc24	4	Picture	10	70325	0	1	40162	3	0	40000	other	0
yc24	4	Response	252	86563	16238	2
yc24	5	Nothing	91	110489	0	1			0		other	0
yc24	6	Picture	2	140650	0	2	2001	3	0	1920	other	0
yc24	7	Sound	62	152622	0	1			0		hit	10
yc24	7	Response	251	158034	5412	1
yc24	8	Picture	101	187646	0	2	2000	3	0	1920	other	0
yc24	9	Sound	61	199645	0	1			0		hit	13
yc24	9	Response	251	206582	6937	1
yc24	10	Picture	123	234141	0	2	2000	4	0	1920	other	0
yc24	10	Sound	52	241200	7059	1			7060		other	0
yc24	11	Sound	63	246129	0	2			0		hit	17
yc24	11	Response	252	252177	6048	1
yc24	12	Picture	101	280304	0	1	2000	2	0	1920	other	0
yc24	13	Sound	61	292285	0	1			0		hit	20
yc24	13	Response	251	296828	4543	1
yc24	14	Picture	103	327632	0	2	2000	4	0	1920	other	0
yc24	15	Sound	63	339607	0	1			0		hit	23
yc24	15	Response	252	345175	5568	2
yc24	16	Picture	4	375294	0	2	2000	4	0	1920	other	0
yc24	17	Sound	64	387289	0	1			0		hit	26
yc24	17	Response	252	395448	8159	1
yc24	18	Picture	11	422456	0	2	2000	4	0	1920	other	0
yc24	18	Sound	51	425165	2709	2			2710		other	0
yc24	19	Sound	61	434431	0	2			0		hit	30
yc24	19	Response	251	439551	5120	2
yc24	20	Picture	22	468785	0	2	2000	3	0	1920	other	0
yc24	20	Sound	52	476344	7559	1			7560		other	0
yc24	21	Sound	62	480766	0	2			0		incorrect	34
yc24	21	Response	252	483882	3116	1
yc24	22	Picture	1	516614	0	1	2000	2	0	1920	other	0
yc24	23	Sound	61	528598	0	1			0		hit	37
yc24	23	Response	251	537768	9170	2
yc24	24	Picture	2	563276	0	1	1999	3	0	1920	other	0
yc24	25	Sound	62	575261	0	2			0		hit	40
yc24	25	Response	251	584293	9032	1
yc24	26	Picture	204	609604	0	2	2000	4	0	1920	other	0
yc24	27	Sound	64	621596	0	1			0		hit	43
yc24	27	Response	252	627894	6298	1
yc24	28	Picture	4	656766	0	2	2000	4	0	1920	other	0
yc24	29	Sound	64	668739	0	1			0		hit	46
yc24	29	Response	252	674401	5662	1
yc24	30	Picture	111	704762	0	1	2000	2	0	1920	other	0
yc24	30	Sound	51	708281	3519	2			3520		other	0
yc24	31	Sound	61	716750	0	1			0		hit	50
yc24	31	Response	251	721343	4593	1
yc24	32	Picture	3	751591	0	1	1999	3	0	1920	other	0
yc24	33	Sound	63	763563	0	2			0		hit	53
yc24	33	Response	252	776032	12469	2
yc24	34	Picture	24	798086	0	1	2000	2	0	1920	other	0
yc24	34	Sound	52	805385	7299	1			7300		other	0
yc24	35	Sound	64	810078	0	1			0		hit	57
yc24	35	Response	252	818884	8806	1
yc24	36	Picture	1	844748	0	2	2000	3	0	1920	other	0
yc24	37	Sound	61	856742	0	1			0		hit	60
yc24	37	Response	251	862582	5840	1
yc24	38	Picture	3	892243	0	2	2000	4	0	1920	other	0
yc24	39	Sound	63	904214	0	1			0		hit	63
yc24	39	Response	252	912817	8603	2
yc24	40	Picture	202	939239	0	1	1999	3	0	1920	other	0
yc24	41	Sound	62	951237	0	1			0		hit	66
yc24	41	Response	251	959735	8498	1
yc24	42	Picture	2	986567	0	2	2000	3	0	1920	other	0
yc24	43	Sound	62	998560	0	1			0		hit	69
yc24	43	Response	251	1006854	8294	1
yc24	44	Picture	4	1034229	0	2	2000	4	0	1920	other	0
yc24	45	Sound	64	1046211	0	1			0		hit	72
yc24	45	Response	252	1054600	8389	1
yc24	46	Picture	3	1081058	0	1	2000	2	0	1920	other	0
yc24	47	Sound	63	1093055	0	1			0		hit	75
yc24	47	Response	252	1101717	8662	2
yc24	48	Picture	204	1128886	0	2	2000	4	0	1920	other	0
yc24	49	Sound	64	1140886	0	1			0		hit	78
yc24	49	Response	252	1146362	5476	1
yc24	50	Picture	13	1177048	0	2	2000	4	0	1920	other	0
yc24	50	Sound	51	1180047	2999	1			3000		other	0
yc24	51	Sound	63	1189047	0	1			0		hit	82
yc24	51	Response	252	1194101	5054	1
yc24	52	Picture	3	1223210	0	2	2000	4	0	1920	other	0
yc24	53	Sound	63	1235202	0	1			0		hit	85
yc24	53	Response	252	1247674	12472	1
yc24	54	Picture	204	1270872	0	2	2000	4	0	1920	other	0
yc24	55	Sound	64	1282853	0	2			0		hit	88
yc24	55	Response	252	1290685	7832	2
yc24	56	Picture	1	1318035	0	1	1999	3	0	1920	other	0
yc24	57	Sound	61	1330026	0	1			0		hit	91
yc24	57	Response	251	1337881	7855	2
yc24	58	Picture	1	1365030	0	1	2000	2	0	1920	other	0
yc24	59	Sound	61	1377019	0	2			0		hit	94
yc24	59	Response	251	1383490	6471	1
yc24	60	Picture	103	1411858	0	2	2000	4	0	1920	other	0
yc24	61	Sound	63	1423833	0	1			0		hit	97
yc24	61	Response	252	1431419	7586	1
yc24	62	Picture	2	1458687	0	2	2000	3	0	1920	other	0
yc24	63	Sound	62	1470676	0	2			0		hit	100
yc24	63	Response	251	1475950	5274	2
yc24	64	Picture	103	1506183	0	1	1999	3	0	1920	other	0
yc24	65	Sound	63	1518178	0	2			0		hit	103
yc24	65	Response	252	1525054	6876	2
yc24	66	Picture	4	1552511	0	2	2000	4	0	1920	other	0
yc24	67	Sound	64	1564483	0	1			0		hit	106
yc24	67	Response	252	1572346	7863	1
yc24	68	Picture	113	1599673	0	2	2000	3	0	1920	other	0
yc24	68	Sound	51	1604792	5119	2			5120		other	0
yc24	69	Sound	63	1611656	0	1			0		hit	110
yc24	69	Response	252	1618209	6553	1
yc24	70	Picture	103	1645835	0	2	2000	4	0	1920	other	0
yc24	71	Sound	63	1657811	0	1			0		hit	113
yc24	71	Response	252	1663316	5505	1
yc24	72	Picture	204	1692664	0	1	2000	2	0	1920	other	0
yc24	73	Sound	64	1704655	0	1			0		hit	116
yc24	73	Response	252	1716652	11997	1
yc24	74	Picture	202	1739826	0	2	2000	3	0	1920	other	0
yc24	75	Sound	62	1751798	0	1			0		hit	119
yc24	75	Response	251	1763177	11379	1
yc24	76	Picture	224	1787321	0	2	2000	4	0	1920	other	0
yc24	76	Sound	52	1793610	6289	2			6290		other	0
yc24	77	Sound	64	1799300	0	1			0		hit	123
yc24	77	Response	252	1805998	6698	1
yc24	78	Picture	1	1834150	0	2	2000	3	0	1920	other	0
yc24	79	Sound	61	1846143	0	1			0		hit	126
yc24	79	Response	251	1852977	6834	2
yc24	80	Picture	23	1880812	0	2	2000	3	0	1920	other	0
yc24	80	Sound	52	1888761	7949	2			7950		other	0
yc24	81	Sound	63	1892807	0	1			0		hit	130
yc24	81	Response	252	1900073	7266	1
yc24	82	Picture	103	1927641	0	1	1999	3	0	1920	other	0
yc24	83	Sound	63	1939621	0	1			0		hit	133
yc24	83	Response	252	1946951	7330	2
yc24	84	Picture	212	1974636	0	2	2000	3	0	1920	other	0
yc24	84	Sound	51	1979615	4979	1			4980		other	0
yc24	85	Sound	62	1986614	0	1			0		hit	137
yc24	85	Response	251	1991688	5074	2
yc24	86	Picture	204	2022465	0	1	2000	2	0	1920	other	0
yc24	87	Sound	64	2034445	0	1			0		hit	140
yc24	87	Response	252	2046877	12432	1
yc24	88	Picture	101	2070127	0	1	2000	2	0	1920	other	0
yc24	89	Sound	61	2082127	0	1			0		hit	143
yc24	89	Response	251	2092610	10483	2
yc24	90	Picture	101	2117955	0	2	2000	3	0	1920	other	0
yc24	91	Sound	61	2129928	0	1			0		hit	146
yc24	91	Response	251	2135404	5476	1
yc24	92	Picture	4	2165784	0	1	2000	2	0	1920	other	0
yc24	93	Sound	64	2177759	0	2			0		hit	149
yc24	93	Response	252	2183521	5762	2
yc24	94	Picture	202	2213613	0	1	1999	3	0	1920	other	0
yc24	95	Sound	62	2225591	0	1			0		hit	152
yc24	95	Response	251	2235397	9806	1
yc24	96	Picture	222	2260441	0	2	2000	3	0	1920	other	0
yc24	96	Sound	52	2268570	8129	1			8130		other	0
yc24	97	Sound	62	2272434	0	1			0		hit	156
yc24	97	Response	251	2282322	9888	2
yc24	98	Picture	121	2307603	0	2	2000	3	0	1920	other	0
yc24	98	Sound	52	2315342	7739	2			7740		other	0
yc24	99	Sound	61	2319577	0	1			0		hit	160
yc24	99	Response	251	2326149	6572	1
yc24	100	Picture	1	2354765	0	2	2000	3	0	1920	other	0
yc24	101	Sound	61	2366750	0	1			0		hit	163
yc24	101	Response	251	2373567	6817	1
yc24	102	Picture	101	2400927	0	2	2000	4	0	1920	other	0
yc24	103	Sound	61	2412905	0	1			0		hit	166
yc24	103	Response	251	2418559	5654	1
yc24	104	Picture	2	2448923	0	1	1999	3	0	1920	other	0
yc24	105	Sound	62	2460916	0	1			0		hit	169
yc24	105	Response	251	2466829	5913	1
yc24	106	Picture	202	2496085	0	1	1999	3	0	1920	other	0
yc24	107	Sound	62	2508059	0	1			0		hit	172
yc24	107	Response	251	2513798	5739	1
yc24	108	Picture	14	2542580	0	2	2000	3	0	1920	other	0
yc24	108	Sound	51	2546299	3719	2			3720		other	0
yc24	109	Sound	64	2554573	0	1			0		hit	176
yc24	109	Response	252	2559787	5214	1
yc24	110	Picture	202	2588742	0	1	2000	2	0	1920	other	0
yc24	111	Sound	62	2600728	0	1			0		hit	179
yc24	111	Response	251	2607444	6716	2
yc24	112	Picture	3	2635404	0	2	2000	3	0	1920	other	0
yc24	113	Sound	63	2647392	0	1			0		hit	182
yc24	113	Response	252	2659517	12125	1
yc24	114	Picture	2	2682399	0	2	2000	4	0	1920	other	0
yc24	115	Sound	62	2694385	0	1			0		hit	185
yc24	115	Response	251	2700378	5993	1
yc24	116	Picture	103	2728895	0	1	2000	2	0	1920	other	0
yc24	117	Sound	63	2740870	0	1			0		hit	188
yc24	117	Response	252	2754019	13149	1
yc24	118	Picture	214	2776890	0	2	2000	3	0	1920	other	0
yc24	118	Sound	51	2780289	3399	2			3400		other	0
yc24	119	Sound	64	2788881	0	1			0		hit	192
yc24	119	Response	252	2794218	5337	2
yc24	120	Picture	101	2823219	0	2	2000	4	0	1920	other	0
yc24	121	Sound	61	2835215	0	1			0		hit	195
yc24	121	Response	251	2844172	8957	1
yc24	122	Picture	12	2871047	0	2	2000	4	0	1920	other	0
yc24	122	Sound	51	2874326	3279	2			3280		other	0
yc24	123	Sound	62	2883046	0	2			0		hit	199
yc24	123	Response	251	2890646	7600	2
yc24	124	Picture	21	2917376	0	2	2000	3	0	1920	other	0
yc24	124	Sound	52	2925555	8179	2			8180		other	0
yc24	125	Sound	61	2929351	0	1			0		incorrect	203
yc24	125	Response	252	2937213	7862	1
yc24	126	Picture	4	2964205	0	1	2000	2	0	1920	other	0
yc24	127	Sound	64	2976195	0	1			0		incorrect	206
yc24	127	Response	251	2993468	17273	2
yc24	128	Picture	204	3012033	0	2	2000	4	0	1920	other	0
yc24	129	Sound	64	3024026	0	1			0		hit	209
yc24	129	Response	252	3035652	11626	2
yc24	130	Picture	3	3058695	0	2	2000	4	0	1920	other	0
yc24	131	Sound	63	3070690	0	1			0		hit	212
yc24	131	Response	252	3077251	6561	1
yc24	132	Picture	202	3105358	0	1	1999	3	0	1920	other	0
yc24	133	Sound	62	3117354	0	1			0		hit	215
yc24	133	Response	251	3123175	5821	2
yc24	134	Response	253	3253144	100791	1


Event Type	Code	Type	Response	RT	RT Uncertainty	Time	Uncertainty	Duration	Uncertainty	ReqTime	ReqDur

Picture	10	other				9664	1	20165	2	0	20000
Picture	10	other				29995	2	40163	3	0	40000
Picture	10	other				70325	1	40162	3	0	40000
Nothing	91	other				110489	1			0
Picture	2	other				140650	2	2001	3	0	1920
Sound	62	hit	1	5412	2	152622	1			0
Picture	101	other				187646	2	2000	3	0	1920
Sound	61	hit	1	6937	2	199645	1			0
Picture	123	other				234141	2	2000	4	0	1920
Sound	52	other				241200	1			7060
Sound	63	hit	2	6048	3	246129	2			0
Picture	101	other				280304	1	2000	2	0	1920
Sound	61	hit	1	4543	2	292285	1			0
Picture	103	other				327632	2	2000	4	0	1920
Sound	63	hit	2	5568	3	339607	1			0
Picture	4	other				375294	2	2000	4	0	1920
Sound	64	hit	2	8159	2	387289	1			0
Picture	11	other				422456	2	2000	4	0	1920
Sound	51	other				425165	2			2710
Sound	61	hit	1	5120	4	434431	2			0
Picture	22	other				468785	2	2000	3	0	1920
Sound	52	other				476344	1			7560
Sound	62	incorrect	2	3116	3	480766	2			0
Picture	1	other				516614	1	2000	2	0	1920
Sound	61	hit	1	9170	3	528598	1			0
Picture	2	other				563276	1	1999	3	0	1920
Sound	62	hit	1	9032	3	575261	2			0
Picture	204	other				609604	2	2000	4	0	1920
Sound	64	hit	2	6298	2	621596	1			0
Picture	4	other				656766	2	2000	4	0	1920
Sound	64	hit	2	5662	2	668739	1			0
Picture	111	other				704762	1	2000	2	0	1920
Sound	51	other				708281	2			3520
Sound	61	hit	1	4593	2	716750	1			0
Picture	3	other				751591	1	1999	3	0	1920
Sound	63	hit	2	12469	4	763563	2			0
Picture	24	other				798086	1	2000	2	0	1920
Sound	52	other				805385	1			7300
Sound	64	hit	2	8806	2	810078	1			0
Picture	1	other				844748	2	2000	3	0	1920
Sound	61	hit	1	5840	2	856742	1			0
Picture	3	other				892243	2	2000	4	0	1920
Sound	63	hit	2	8603	3	904214	1			0
Picture	202	other				939239	1	1999	3	0	1920
Sound	62	hit	1	8498	2	951237	1			0
Picture	2	other				986567	2	2000	3	0	1920
Sound	62	hit	1	8294	2	998560	1			0
Picture	4	other				1034229	2	2000	4	0	1920
Sound	64	hit	2	8389	2	1046211	1			0
Picture	3	other				1081058	1	2000	2	0	1920
Sound	63	hit	2	8662	3	1093055	1			0
Picture	204	other				1128886	2	2000	4	0	1920
Sound	64	hit	2	5476	2	1140886	1			0
Picture	13	other				1177048	2	2000	4	0	1920
Sound	51	other				1180047	1			3000
Sound	63	hit	2	5054	2	1189047	1			0
Picture	3	other				1223210	2	2000	4	0	1920
Sound	63	hit	2	12472	2	1235202	1			0
Picture	204	other				1270872	2	2000	4	0	1920
Sound	64	hit	2	7832	4	1282853	2			0
Picture	1	other				1318035	1	1999	3	0	1920
Sound	61	hit	1	7855	3	1330026	1			0
Picture	1	other				1365030	1	2000	2	0	1920
Sound	61	hit	1	6471	3	1377019	2			0
Picture	103	other				1411858	2	2000	4	0	1920
Sound	63	hit	2	7586	2	1423833	1			0
Picture	2	other				1458687	2	2000	3	0	1920
Sound	62	hit	1	5274	4	1470676	2			0
Picture	103	other				1506183	1	1999	3	0	1920
Sound	63	hit	2	6876	4	1518178	2			0
Picture	4	other				1552511	2	2000	4	0	1920
Sound	64	hit	2	7863	2	1564483	1			0
Picture	113	other				1599673	2	2000	3	0	1920
Sound	51	other				1604792	2			5120
Sound	63	hit	2	6553	2	1611656	1			0
Picture	103	other				1645835	2	2000	4	0	1920
Sound	63	hit	2	5505	2	1657811	1			0
Picture	204	other				1692664	1	2000	2	0	1920
Sound	64	hit	2	11997	2	1704655	1			0
Picture	202	other				1739826	2	2000	3	0	1920
Sound	62	hit	1	11379	2	1751798	1			0
Picture	224	other				1787321	2	2000	4	0	1920
Sound	52	other				1793610	2			6290
Sound	64	hit	2	6698	2	1799300	1			0
Picture	1	other				1834150	2	2000	3	0	1920
Sound	61	hit	1	6834	3	1846143	1			0
Picture	23	other				1880812	2	2000	3	0	1920
Sound	52	other				1888761	2			7950
Sound	63	hit	2	7266	2	1892807	1			0
Picture	103	other				1927641	1	1999	3	0	1920
Sound	63	hit	2	7330	3	1939621	1			0
Picture	212	other				1974636	2	2000	3	0	1920
Sound	51	other				1979615	1			4980
Sound	62	hit	1	5074	3	1986614	1			0
Picture	204	other				2022465	1	2000	2	0	1920
Sound	64	hit	2	12432	2	2034445	1			0
Picture	101	other				2070127	1	2000	2	0	1920
Sound	61	hit	1	10483	3	2082127	1			0
Picture	101	other				2117955	2	2000	3	0	1920
Sound	61	hit	1	5476	2	2129928	1			0
Picture	4	other				2165784	1	2000	2	0	1920
Sound	64	hit	2	5762	4	2177759	2			0
Picture	202	other				2213613	1	1999	3	0	1920
Sound	62	hit	1	9806	2	2225591	1			0
Picture	222	other				2260441	2	2000	3	0	1920
Sound	52	other				2268570	1			8130
Sound	62	hit	1	9888	3	2272434	1			0
Picture	121	other				2307603	2	2000	3	0	1920
Sound	52	other				2315342	2			7740
Sound	61	hit	1	6572	2	2319577	1			0
Picture	1	other				2354765	2	2000	3	0	1920
Sound	61	hit	1	6817	2	2366750	1			0
Picture	101	other				2400927	2	2000	4	0	1920
Sound	61	hit	1	5654	2	2412905	1			0
Picture	2	other				2448923	1	1999	3	0	1920
Sound	62	hit	1	5913	2	2460916	1			0
Picture	202	other				2496085	1	1999	3	0	1920
Sound	62	hit	1	5739	2	2508059	1			0
Picture	14	other				2542580	2	2000	3	0	1920
Sound	51	other				2546299	2			3720
Sound	64	hit	2	5214	2	2554573	1			0
Picture	202	other				2588742	1	2000	2	0	1920
Sound	62	hit	1	6716	3	2600728	1			0
Picture	3	other				2635404	2	2000	3	0	1920
Sound	63	hit	2	12125	2	2647392	1			0
Picture	2	other				2682399	2	2000	4	0	1920
Sound	62	hit	1	5993	2	2694385	1			0
Picture	103	other				2728895	1	2000	2	0	1920
Sound	63	hit	2	13149	2	2740870	1			0
Picture	214	other				2776890	2	2000	3	0	1920
Sound	51	other				2780289	2			3400
Sound	64	hit	2	5337	3	2788881	1			0
Picture	101	other				2823219	2	2000	4	0	1920
Sound	61	hit	1	8957	2	2835215	1			0
Picture	12	other				2871047	2	2000	4	0	1920
Sound	51	other				2874326	2			3280
Sound	62	hit	1	7600	4	2883046	2			0
Picture	21	other				2917376	2	2000	3	0	1920
Sound	52	other				2925555	2			8180
Sound	61	incorrect	2	7862	2	2929351	1			0
Picture	4	other				2964205	1	2000	2	0	1920
Sound	64	incorrect	1	17273	3	2976195	1			0
Picture	204	other				3012033	2	2000	4	0	1920
Sound	64	hit	2	11626	3	3024026	1			0
Picture	3	other				3058695	2	2000	4	0	1920
Sound	63	hit	2	6561	2	3070690	1			0
Picture	202	other				3105358	1	1999	3	0	1920
Sound	62	hit	1	5821	3	3117354	1			0

The following output port codes were not sent because of a conflict on the port.
Port	Code	Time(ms)
1	90	966.4
