Scenario - 17_March_2015
Logfile written - 03/06/2017 16:09:14

Subject	Trial	Event Type	Code	Time	TTime	Uncertainty	Duration	Uncertainty	ReqTime	ReqDur	Stim Type	Pair Index

yc24	1	Response	253	19095	28928	1
yc24	2	Picture	10	19163	0	1	20165	2	0	20000	other	0
yc24	3	Picture	10	39494	0	2	40163	3	0	40000	other	0
yc24	3	Response	251	61375	21881	1
yc24	4	Picture	10	79823	0	2	40163	4	0	40000	other	0
yc24	4	Response	252	96982	17159	1
yc24	5	Nothing	91	119988	0	1			0		other	0
yc24	6	Picture	103	150150	0	1	2000	2	0	1920	other	0
yc24	7	Sound	63	162140	0	2			0		hit	10
yc24	7	Response	252	168046	5906	1
yc24	8	Picture	101	196979	0	1	1999	3	0	1920	other	0
yc24	9	Sound	61	208954	0	1			0		hit	13
yc24	9	Response	251	214485	5531	1
yc24	10	Picture	1	244141	0	1	1999	3	0	1920	other	0
yc24	11	Sound	61	256127	0	1			0		hit	16
yc24	11	Response	251	263117	6990	1
yc24	12	Picture	24	291636	0	1	2000	2	0	1920	other	0
yc24	12	Sound	52	297865	6229	2			6230		other	0
yc24	13	Sound	64	303629	0	1			0		hit	20
yc24	13	Response	252	308676	5047	1
yc24	14	Picture	4	338298	0	1	2000	2	0	1920	other	0
yc24	15	Sound	64	350293	0	1			0		hit	23
yc24	15	Response	252	354545	4252	2
yc24	16	Picture	21	384793	0	2	2000	4	0	1920	other	0
yc24	16	Sound	52	392202	7409	2			7410		other	0
yc24	17	Sound	61	396777	0	1			0		hit	27
yc24	17	Response	251	403566	6789	1
yc24	18	Picture	204	432455	0	2	2000	4	0	1920	other	0
yc24	19	Sound	64	444429	0	1			0		hit	30
yc24	19	Response	252	449953	5524	2
yc24	20	Picture	11	478951	0	1	2000	2	0	1920	other	0
yc24	20	Sound	51	483220	4269	1			4270		other	0
yc24	21	Sound	61	490943	0	1			0		hit	34
yc24	21	Response	251	494787	3844	1
yc24	22	Picture	1	526279	0	2	2000	4	0	1920	other	0
yc24	23	Sound	61	538265	0	2			0		hit	37
yc24	23	Response	251	544930	6665	2
yc24	24	Picture	3	572608	0	2	2000	3	0	1920	other	0
yc24	25	Sound	63	584600	0	2			0		hit	40
yc24	25	Response	252	593405	8805	1
yc24	26	Picture	123	619103	0	2	2000	4	0	1920	other	0
yc24	26	Sound	52	625413	6310	1			6310		other	0
yc24	27	Sound	63	631085	0	1			0		hit	44
yc24	27	Response	252	635567	4482	2
yc24	28	Picture	214	666099	0	1	1999	3	0	1920	other	0
yc24	28	Sound	51	670948	4849	2			4850		other	0
yc24	29	Sound	64	678078	0	1			0		hit	48
yc24	29	Response	252	684575	6497	2
yc24	30	Picture	202	713094	0	2	2000	3	0	1920	other	0
yc24	31	Sound	62	725071	0	1			0		hit	51
yc24	31	Response	251	731728	6657	2
yc24	32	Picture	4	759923	0	1	2000	2	0	1920	other	0
yc24	33	Sound	64	771914	0	2			0		hit	54
yc24	33	Response	252	778721	6807	1
yc24	34	Picture	3	807918	0	2	2000	3	0	1920	other	0
yc24	35	Sound	63	819895	0	2			0		hit	57
yc24	35	Response	252	827579	7684	2
yc24	36	Picture	101	854080	0	2	2000	3	0	1920	other	0
yc24	37	Sound	61	866051	0	1			0		hit	60
yc24	37	Response	251	872353	6302	1
yc24	38	Picture	22	901409	0	1	2000	2	0	1920	other	0
yc24	38	Sound	52	909668	8259	2			8260		other	0
yc24	39	Sound	62	913403	0	1			0		hit	64
yc24	39	Response	251	918916	5513	2
yc24	40	Picture	212	949238	0	1	1999	3	0	1920	other	0
yc24	40	Sound	51	952277	3039	2			3040		other	0
yc24	41	Sound	62	961234	0	1			0		hit	68
yc24	41	Response	251	971086	9852	1
yc24	42	Picture	103	997066	0	1	2000	2	0	1920	other	0
yc24	43	Sound	63	1009066	0	1			0		hit	71
yc24	43	Response	252	1019978	10912	1
yc24	44	Picture	103	1044228	0	1	2000	2	0	1920	other	0
yc24	45	Sound	63	1056208	0	2			0		hit	74
yc24	45	Response	252	1062499	6291	2
yc24	46	Picture	3	1091890	0	2	2000	3	0	1920	other	0
yc24	47	Sound	63	1103890	0	1			0		hit	77
yc24	47	Response	252	1108942	5052	2
yc24	48	Picture	2	1139552	0	1	2000	2	0	1920	other	0
yc24	49	Sound	62	1151542	0	1			0		hit	80
yc24	49	Response	251	1161705	10163	1
yc24	50	Picture	202	1186214	0	1	2000	2	0	1920	other	0
yc24	51	Sound	62	1198206	0	1			0		hit	83
yc24	51	Response	251	1203673	5467	1
yc24	52	Picture	12	1232709	0	2	2000	4	0	1920	other	0
yc24	52	Sound	51	1235838	3129	2			3130		other	0
yc24	53	Sound	62	1244690	0	1			0		hit	87
yc24	53	Response	251	1250094	5404	1
yc24	54	Picture	3	1279038	0	2	2000	3	0	1920	other	0
yc24	55	Sound	63	1291025	0	1			0		hit	90
yc24	55	Response	252	1296981	5956	1
yc24	56	Picture	1	1326200	0	2	2000	3	0	1920	other	0
yc24	57	Sound	61	1338198	0	1			0		hit	93
yc24	57	Response	251	1344820	6622	1
yc24	58	Picture	204	1372529	0	1	2000	2	0	1920	other	0
yc24	59	Sound	64	1384502	0	1			0		hit	96
yc24	59	Response	252	1390849	6347	2
yc24	60	Picture	4	1420524	0	2	2000	3	0	1920	other	0
yc24	61	Sound	64	1432513	0	1			0		hit	99
yc24	61	Response	252	1437809	5296	1
yc24	62	Picture	204	1466853	0	1	2000	2	0	1920	other	0
yc24	63	Sound	64	1478848	0	1			0		hit	102
yc24	63	Response	252	1483886	5038	2
yc24	64	Picture	4	1514182	0	1	1999	3	0	1920	other	0
yc24	65	Sound	64	1526170	0	2			0		hit	105
yc24	65	Response	252	1530918	4748	2
yc24	66	Picture	204	1560344	0	1	1999	3	0	1920	other	0
yc24	67	Sound	64	1572325	0	2			0		hit	108
yc24	67	Response	252	1578809	6484	2
yc24	68	Picture	113	1607839	0	1	2000	2	0	1920	other	0
yc24	68	Sound	51	1610388	2549	2			2550		other	0
yc24	69	Sound	63	1619828	0	1			0		hit	112
yc24	69	Response	252	1625989	6161	2
yc24	70	Picture	103	1655834	0	2	2000	3	0	1920	other	0
yc24	71	Sound	63	1667808	0	2			0		hit	115
yc24	71	Response	252	1672756	4948	1
yc24	72	Picture	14	1702330	0	1	1999	3	0	1920	other	0
yc24	72	Sound	51	1706159	3829	2			3830		other	0
yc24	73	Sound	64	1714323	0	1			0		hit	119
yc24	73	Response	252	1720480	6157	1
yc24	74	Picture	202	1748825	0	1	2000	2	0	1920	other	0
yc24	75	Sound	62	1760807	0	1			0		hit	122
yc24	75	Response	251	1766213	5406	1
yc24	76	Picture	204	1794987	0	2	2000	3	0	1920	other	0
yc24	77	Sound	64	1806962	0	1			0		hit	125
yc24	77	Response	252	1812119	5157	2
yc24	78	Picture	4	1841149	0	2	2000	3	0	1920	other	0
yc24	79	Sound	64	1853147	0	1			0		hit	128
yc24	79	Response	252	1858067	4920	1
yc24	80	Picture	101	1887478	0	1	2000	2	0	1920	other	0
yc24	81	Sound	61	1899452	0	1			0		hit	131
yc24	81	Response	251	1905107	5655	1
yc24	82	Picture	103	1935473	0	2	2000	3	0	1920	other	0
yc24	83	Sound	63	1947463	0	1			0		incorrect	134
yc24	83	Response	251	1956971	9508	1
yc24	84	Picture	202	1983468	0	2	2000	4	0	1920	other	0
yc24	85	Sound	62	1995444	0	1			0		hit	137
yc24	85	Response	251	2003294	7850	2
yc24	86	Picture	3	2031464	0	1	2000	2	0	1920	other	0
yc24	87	Sound	63	2043454	0	2			0		hit	140
yc24	87	Response	252	2051824	8370	2
yc24	88	Picture	101	2078292	0	2	2000	3	0	1920	other	0
yc24	89	Sound	61	2090268	0	1			0		hit	143
yc24	89	Response	251	2097577	7309	1
yc24	90	Picture	202	2124788	0	1	2000	2	0	1920	other	0
yc24	91	Sound	62	2136782	0	2			0		hit	146
yc24	91	Response	251	2144973	8191	1
yc24	92	Picture	2	2171783	0	1	2000	2	0	1920	other	0
yc24	93	Sound	62	2183776	0	1			0		hit	149
yc24	93	Response	251	2189077	5301	2
yc24	94	Picture	4	2218445	0	2	2000	4	0	1920	other	0
yc24	95	Sound	64	2230440	0	1			0		hit	152
yc24	95	Response	252	2239435	8995	2
yc24	96	Picture	23	2265274	0	1	2000	2	0	1920	other	0
yc24	96	Sound	52	2273664	8390	1			8390		other	0
yc24	97	Sound	63	2277253	0	1			0		hit	156
yc24	97	Response	252	2282903	5650	1
yc24	98	Picture	103	2313102	0	2	2000	4	0	1920	other	0
yc24	99	Sound	63	2325085	0	1			0		hit	159
yc24	99	Response	252	2329358	4273	1
yc24	100	Picture	202	2360098	0	1	2000	2	0	1920	other	0
yc24	101	Sound	62	2372078	0	1			0		hit	162
yc24	101	Response	251	2376415	4337	1
yc24	102	Picture	2	2407260	0	1	2000	2	0	1920	other	0
yc24	103	Sound	62	2419251	0	1			0		hit	165
yc24	103	Response	251	2425208	5957	2
yc24	104	Picture	1	2454588	0	2	2000	4	0	1920	other	0
yc24	105	Sound	61	2466573	0	1			0		hit	168
yc24	105	Response	251	2472867	6294	1
yc24	106	Picture	121	2500751	0	1	1999	3	0	1920	other	0
yc24	106	Sound	52	2508410	7659	1			7660		other	0
yc24	107	Sound	61	2512728	0	1			0		hit	172
yc24	107	Response	251	2517473	4745	1
yc24	108	Picture	2	2548413	0	1	1999	3	0	1920	other	0
yc24	109	Sound	62	2560410	0	1			0		hit	175
yc24	109	Response	251	2565690	5280	1
yc24	110	Picture	101	2595075	0	1	1999	3	0	1920	other	0
yc24	111	Sound	61	2607073	0	2			0		hit	178
yc24	111	Response	251	2621533	14460	1
yc24	112	Picture	3	2642903	0	2	2000	3	0	1920	other	0
yc24	113	Sound	63	2654875	0	1			0		hit	181
yc24	113	Response	252	2662492	7617	2
yc24	114	Picture	2	2689899	0	1	1999	3	0	1920	other	0
yc24	115	Sound	62	2701898	0	1			0		hit	184
yc24	115	Response	251	2714242	12344	2
yc24	116	Picture	224	2737394	0	1	1999	3	0	1920	other	0
yc24	116	Sound	52	2745283	7889	2			7890		other	0
yc24	117	Sound	64	2749370	0	1			0		hit	188
yc24	117	Response	252	2755636	6266	1
yc24	118	Picture	1	2784889	0	2	2000	3	0	1920	other	0
yc24	119	Sound	61	2796872	0	1			0		hit	191
yc24	119	Response	251	2806595	9723	1
yc24	120	Picture	101	2831884	0	2	2000	4	0	1920	other	0
yc24	121	Sound	61	2843865	0	2			0		hit	194
yc24	121	Response	251	2859640	15775	1
yc24	122	Picture	1	2880046	0	2	2000	3	0	1920	other	0
yc24	123	Sound	61	2892026	0	1			0		hit	197
yc24	123	Response	251	2899335	7309	2
yc24	124	Picture	204	2928208	0	2	2000	3	0	1920	other	0
yc24	125	Sound	64	2940187	0	1			0		hit	200
yc24	125	Response	252	2945322	5135	2
yc24	126	Picture	222	2975037	0	1	2000	2	0	1920	other	0
yc24	126	Sound	52	2980596	5559	2			5560		other	0
yc24	127	Sound	62	2987030	0	1			0		hit	204
yc24	127	Response	251	2991996	4966	2
yc24	128	Picture	111	3022199	0	1	2000	2	0	1920	other	0
yc24	128	Sound	51	3026308	4109	1			4110		other	0
yc24	129	Sound	61	3034173	0	1			0		hit	208
yc24	129	Response	251	3039410	5237	1
yc24	130	Picture	2	3068361	0	1	2000	2	0	1920	other	0
yc24	131	Sound	62	3080358	0	1			0		hit	211
yc24	131	Response	251	3086525	6167	2
yc24	132	Picture	13	3116190	0	1	1999	3	0	1920	other	0
yc24	132	Sound	51	3119949	3759	1			3760		other	0
yc24	133	Sound	63	3128189	0	1			0		hit	215
yc24	133	Response	252	3132197	4008	1
yc24	134	Response	253	3245161	82310	1


Event Type	Code	Type	Response	RT	RT Uncertainty	Time	Uncertainty	Duration	Uncertainty	ReqTime	ReqDur

Picture	10	other				19163	1	20165	2	0	20000
Picture	10	other				39494	2	40163	3	0	40000
Picture	10	other				79823	2	40163	4	0	40000
Nothing	91	other				119988	1			0
Picture	103	other				150150	1	2000	2	0	1920
Sound	63	hit	2	5906	3	162140	2			0
Picture	101	other				196979	1	1999	3	0	1920
Sound	61	hit	1	5531	2	208954	1			0
Picture	1	other				244141	1	1999	3	0	1920
Sound	61	hit	1	6990	2	256127	1			0
Picture	24	other				291636	1	2000	2	0	1920
Sound	52	other				297865	2			6230
Sound	64	hit	2	5047	2	303629	1			0
Picture	4	other				338298	1	2000	2	0	1920
Sound	64	hit	2	4252	3	350293	1			0
Picture	21	other				384793	2	2000	4	0	1920
Sound	52	other				392202	2			7410
Sound	61	hit	1	6789	2	396777	1			0
Picture	204	other				432455	2	2000	4	0	1920
Sound	64	hit	2	5524	3	444429	1			0
Picture	11	other				478951	1	2000	2	0	1920
Sound	51	other				483220	1			4270
Sound	61	hit	1	3844	2	490943	1			0
Picture	1	other				526279	2	2000	4	0	1920
Sound	61	hit	1	6665	4	538265	2			0
Picture	3	other				572608	2	2000	3	0	1920
Sound	63	hit	2	8805	3	584600	2			0
Picture	123	other				619103	2	2000	4	0	1920
Sound	52	other				625413	1			6310
Sound	63	hit	2	4482	3	631085	1			0
Picture	214	other				666099	1	1999	3	0	1920
Sound	51	other				670948	2			4850
Sound	64	hit	2	6497	3	678078	1			0
Picture	202	other				713094	2	2000	3	0	1920
Sound	62	hit	1	6657	3	725071	1			0
Picture	4	other				759923	1	2000	2	0	1920
Sound	64	hit	2	6807	3	771914	2			0
Picture	3	other				807918	2	2000	3	0	1920
Sound	63	hit	2	7684	4	819895	2			0
Picture	101	other				854080	2	2000	3	0	1920
Sound	61	hit	1	6302	2	866051	1			0
Picture	22	other				901409	1	2000	2	0	1920
Sound	52	other				909668	2			8260
Sound	62	hit	1	5513	3	913403	1			0
Picture	212	other				949238	1	1999	3	0	1920
Sound	51	other				952277	2			3040
Sound	62	hit	1	9852	2	961234	1			0
Picture	103	other				997066	1	2000	2	0	1920
Sound	63	hit	2	10912	2	1009066	1			0
Picture	103	other				1044228	1	2000	2	0	1920
Sound	63	hit	2	6291	4	1056208	2			0
Picture	3	other				1091890	2	2000	3	0	1920
Sound	63	hit	2	5052	3	1103890	1			0
Picture	2	other				1139552	1	2000	2	0	1920
Sound	62	hit	1	10163	2	1151542	1			0
Picture	202	other				1186214	1	2000	2	0	1920
Sound	62	hit	1	5467	2	1198206	1			0
Picture	12	other				1232709	2	2000	4	0	1920
Sound	51	other				1235838	2			3130
Sound	62	hit	1	5404	2	1244690	1			0
Picture	3	other				1279038	2	2000	3	0	1920
Sound	63	hit	2	5956	2	1291025	1			0
Picture	1	other				1326200	2	2000	3	0	1920
Sound	61	hit	1	6622	2	1338198	1			0
Picture	204	other				1372529	1	2000	2	0	1920
Sound	64	hit	2	6347	3	1384502	1			0
Picture	4	other				1420524	2	2000	3	0	1920
Sound	64	hit	2	5296	2	1432513	1			0
Picture	204	other				1466853	1	2000	2	0	1920
Sound	64	hit	2	5038	3	1478848	1			0
Picture	4	other				1514182	1	1999	3	0	1920
Sound	64	hit	2	4748	4	1526170	2			0
Picture	204	other				1560344	1	1999	3	0	1920
Sound	64	hit	2	6484	4	1572325	2			0
Picture	113	other				1607839	1	2000	2	0	1920
Sound	51	other				1610388	2			2550
Sound	63	hit	2	6161	3	1619828	1			0
Picture	103	other				1655834	2	2000	3	0	1920
Sound	63	hit	2	4948	3	1667808	2			0
Picture	14	other				1702330	1	1999	3	0	1920
Sound	51	other				1706159	2			3830
Sound	64	hit	2	6157	2	1714323	1			0
Picture	202	other				1748825	1	2000	2	0	1920
Sound	62	hit	1	5406	2	1760807	1			0
Picture	204	other				1794987	2	2000	3	0	1920
Sound	64	hit	2	5157	3	1806962	1			0
Picture	4	other				1841149	2	2000	3	0	1920
Sound	64	hit	2	4920	2	1853147	1			0
Picture	101	other				1887478	1	2000	2	0	1920
Sound	61	hit	1	5655	2	1899452	1			0
Picture	103	other				1935473	2	2000	3	0	1920
Sound	63	incorrect	1	9508	2	1947463	1			0
Picture	202	other				1983468	2	2000	4	0	1920
Sound	62	hit	1	7850	3	1995444	1			0
Picture	3	other				2031464	1	2000	2	0	1920
Sound	63	hit	2	8370	4	2043454	2			0
Picture	101	other				2078292	2	2000	3	0	1920
Sound	61	hit	1	7309	2	2090268	1			0
Picture	202	other				2124788	1	2000	2	0	1920
Sound	62	hit	1	8191	3	2136782	2			0
Picture	2	other				2171783	1	2000	2	0	1920
Sound	62	hit	1	5301	3	2183776	1			0
Picture	4	other				2218445	2	2000	4	0	1920
Sound	64	hit	2	8995	3	2230440	1			0
Picture	23	other				2265274	1	2000	2	0	1920
Sound	52	other				2273664	1			8390
Sound	63	hit	2	5650	2	2277253	1			0
Picture	103	other				2313102	2	2000	4	0	1920
Sound	63	hit	2	4273	2	2325085	1			0
Picture	202	other				2360098	1	2000	2	0	1920
Sound	62	hit	1	4337	2	2372078	1			0
Picture	2	other				2407260	1	2000	2	0	1920
Sound	62	hit	1	5957	3	2419251	1			0
Picture	1	other				2454588	2	2000	4	0	1920
Sound	61	hit	1	6294	2	2466573	1			0
Picture	121	other				2500751	1	1999	3	0	1920
Sound	52	other				2508410	1			7660
Sound	61	hit	1	4745	2	2512728	1			0
Picture	2	other				2548413	1	1999	3	0	1920
Sound	62	hit	1	5280	2	2560410	1			0
Picture	101	other				2595075	1	1999	3	0	1920
Sound	61	hit	1	14460	3	2607073	2			0
Picture	3	other				2642903	2	2000	3	0	1920
Sound	63	hit	2	7617	3	2654875	1			0
Picture	2	other				2689899	1	1999	3	0	1920
Sound	62	hit	1	12344	3	2701898	1			0
Picture	224	other				2737394	1	1999	3	0	1920
Sound	52	other				2745283	2			7890
Sound	64	hit	2	6266	2	2749370	1			0
Picture	1	other				2784889	2	2000	3	0	1920
Sound	61	hit	1	9723	2	2796872	1			0
Picture	101	other				2831884	2	2000	4	0	1920
Sound	61	hit	1	15775	3	2843865	2			0
Picture	1	other				2880046	2	2000	3	0	1920
Sound	61	hit	1	7309	3	2892026	1			0
Picture	204	other				2928208	2	2000	3	0	1920
Sound	64	hit	2	5135	3	2940187	1			0
Picture	222	other				2975037	1	2000	2	0	1920
Sound	52	other				2980596	2			5560
Sound	62	hit	1	4966	3	2987030	1			0
Picture	111	other				3022199	1	2000	2	0	1920
Sound	51	other				3026308	1			4110
Sound	61	hit	1	5237	2	3034173	1			0
Picture	2	other				3068361	1	2000	2	0	1920
Sound	62	hit	1	6167	3	3080358	1			0
Picture	13	other				3116190	1	1999	3	0	1920
Sound	51	other				3119949	1			3760
Sound	63	hit	2	4008	2	3128189	1			0
