Scenario - 17_March_2015
Logfile written - 03/06/2017 15:47:28

Subject	Trial	Event Type	Code	Time	TTime	Uncertainty	Duration	Uncertainty	ReqTime	ReqDur	Stim Type	Pair Index

yc24	1	Response	252	40291	50124	1
yc24	1	Response	253	99775	109608	2
yc24	2	Picture	10	99821	0	2	20165	4	0	20000	other	0
yc24	3	Picture	10	120153	0	1	40162	3	0	40000	other	0
yc24	3	Response	251	145820	25667	1
yc24	4	Picture	10	160482	0	2	40163	3	0	40000	other	0
yc24	4	Response	252	177293	16811	1
yc24	5	Nothing	91	200647	0	1			0		other	0
yc24	6	Picture	12	230809	0	1	1999	3	0	1920	other	0
yc24	6	Sound	51	235919	5110	1			5110		other	0
yc24	7	Sound	62	242807	0	1			0		hit	12
yc24	7	Response	251	251775	8968	1
yc24	8	Picture	3	277470	0	2	2000	4	0	1920	other	0
yc24	9	Sound	63	289441	0	1			0		hit	15
yc24	9	Response	252	294637	5196	1
yc24	10	Picture	22	324799	0	2	2000	3	0	1920	other	0
yc24	10	Sound	52	333038	8239	1			8240		other	0
yc24	11	Sound	62	336793	0	2			0		hit	19
yc24	11	Response	251	343555	6762	1
yc24	12	Picture	204	370961	0	2	2000	4	0	1920	other	0
yc24	13	Sound	64	382949	0	1			0		hit	22
yc24	13	Response	252	387626	4677	2
yc24	14	Picture	204	417623	0	2	2000	3	0	1920	other	0
yc24	15	Sound	64	429612	0	2			0		hit	25
yc24	15	Response	252	433499	3887	1
yc24	16	Picture	2	465119	0	1	1999	3	0	1920	other	0
yc24	17	Sound	62	477114	0	2			0		hit	28
yc24	17	Response	251	483547	6433	1
yc24	18	Picture	2	511781	0	1	2000	2	0	1920	other	0
yc24	19	Sound	62	523778	0	2			0		hit	31
yc24	19	Response	251	531354	7576	1
yc24	20	Picture	204	558109	0	2	2000	4	0	1920	other	0
yc24	21	Sound	64	570083	0	1			0		hit	34
yc24	21	Response	252	575299	5216	2
yc24	22	Picture	1	604438	0	2	2000	3	0	1920	other	0
yc24	23	Sound	61	616418	0	1			0		hit	37
yc24	23	Response	251	624001	7583	2
yc24	24	Picture	123	651600	0	2	2000	4	0	1920	other	0
yc24	24	Sound	52	658669	7069	2			7070		other	0
yc24	25	Sound	63	663591	0	1			0		hit	41
yc24	25	Response	252	669667	6076	2
yc24	26	Picture	103	698096	0	1	2000	2	0	1920	other	0
yc24	27	Sound	63	710075	0	1			0		hit	44
yc24	27	Response	252	715952	5877	1
yc24	28	Picture	11	745424	0	2	2000	4	0	1920	other	0
yc24	28	Sound	51	750063	4639	1			4640		other	0
yc24	29	Sound	61	757397	0	2			0		hit	48
yc24	29	Response	251	763266	5869	1
yc24	30	Picture	202	792586	0	2	2000	3	0	1920	other	0
yc24	31	Sound	62	804570	0	1			0		hit	51
yc24	31	Response	251	813531	8961	1
yc24	32	Picture	204	839581	0	2	2000	4	0	1920	other	0
yc24	33	Sound	64	851563	0	2			0		hit	54
yc24	33	Response	252	855912	4349	1
yc24	34	Picture	101	885744	0	1	1999	3	0	1920	other	0
yc24	35	Sound	61	897718	0	2			0		hit	57
yc24	35	Response	251	903786	6068	1
yc24	36	Picture	4	932406	0	1	2000	2	0	1920	other	0
yc24	37	Sound	64	944382	0	2			0		hit	60
yc24	37	Response	252	951903	7521	1
yc24	38	Picture	1	978735	0	1	1999	3	0	1920	other	0
yc24	39	Sound	61	990717	0	1			0		hit	63
yc24	39	Response	251	996318	5601	1
yc24	40	Picture	1	1026063	0	2	2000	3	0	1920	other	0
yc24	41	Sound	61	1038040	0	1			0		hit	66
yc24	41	Response	251	1041847	3807	1
yc24	42	Picture	103	1073558	0	2	2000	4	0	1920	other	0
yc24	43	Sound	63	1085541	0	2			0		hit	69
yc24	43	Response	252	1094066	8525	2
yc24	44	Picture	202	1120887	0	2	2000	3	0	1920	other	0
yc24	45	Sound	62	1132864	0	1			0		hit	72
yc24	45	Response	251	1145056	12192	2
yc24	46	Picture	103	1167216	0	1	1999	3	0	1920	other	0
yc24	47	Sound	63	1179199	0	1			0		hit	75
yc24	47	Response	252	1184928	5729	1
yc24	48	Picture	2	1213544	0	2	2000	4	0	1920	other	0
yc24	49	Sound	62	1225533	0	2			0		hit	78
yc24	49	Response	251	1232556	7023	1
yc24	50	Picture	204	1261540	0	1	2000	2	0	1920	other	0
yc24	51	Sound	64	1273514	0	1			0		hit	81
yc24	51	Response	252	1280425	6911	2
yc24	52	Picture	103	1308202	0	1	2000	2	0	1920	other	0
yc24	53	Sound	63	1320178	0	1			0		hit	84
yc24	53	Response	252	1325569	5391	1
yc24	54	Picture	101	1355364	0	1	2000	2	0	1920	other	0
yc24	55	Sound	61	1367351	0	1			0		hit	87
yc24	55	Response	251	1372922	5571	1
yc24	56	Picture	3	1402359	0	2	2000	3	0	1920	other	0
yc24	57	Sound	63	1414344	0	1			0		hit	90
yc24	57	Response	252	1420768	6424	1
yc24	58	Picture	103	1449354	0	2	2000	4	0	1920	other	0
yc24	59	Sound	63	1461337	0	2			0		hit	93
yc24	59	Response	252	1466105	4768	1
yc24	60	Picture	23	1496017	0	1	1999	3	0	1920	other	0
yc24	60	Sound	52	1502436	6419	2			6420		other	0
yc24	61	Sound	63	1508001	0	2			0		hit	97
yc24	61	Response	252	1513784	5783	1
yc24	62	Picture	24	1543845	0	2	2000	3	0	1920	other	0
yc24	62	Sound	52	1550134	6289	1			6290		other	0
yc24	63	Sound	64	1555833	0	1			0		hit	101
yc24	63	Response	252	1563426	7593	1
yc24	64	Picture	3	1591507	0	2	2000	3	0	1920	other	0
yc24	65	Sound	63	1603484	0	2			0		hit	104
yc24	65	Response	252	1611233	7749	1
yc24	66	Picture	4	1638169	0	2	2000	4	0	1920	other	0
yc24	67	Sound	64	1650148	0	1			0		hit	107
yc24	67	Response	252	1657649	7501	1
yc24	68	Picture	2	1685664	0	2	2000	4	0	1920	other	0
yc24	69	Sound	62	1697650	0	2			0		hit	110
yc24	69	Response	251	1703644	5994	2
yc24	70	Picture	202	1732493	0	2	2000	3	0	1920	other	0
yc24	71	Sound	62	1744464	0	1			0		hit	113
yc24	71	Response	251	1754928	10464	2
yc24	72	Picture	101	1779322	0	1	2000	2	0	1920	other	0
yc24	73	Sound	61	1791307	0	2			0		hit	116
yc24	73	Response	251	1800218	8911	1
yc24	74	Picture	4	1826984	0	1	2000	2	0	1920	other	0
yc24	75	Sound	64	1838959	0	1			0		hit	119
yc24	75	Response	252	1845215	6256	1
yc24	76	Picture	212	1873312	0	2	2000	4	0	1920	other	0
yc24	76	Sound	51	1877941	4629	1			4630		other	0
yc24	77	Sound	62	1885294	0	1			0		hit	123
yc24	77	Response	251	1888888	3594	2
yc24	78	Picture	101	1920141	0	2	2000	4	0	1920	other	0
yc24	79	Sound	61	1932137	0	2			0		hit	126
yc24	79	Response	251	1939418	7281	1
yc24	80	Picture	1	1968137	0	1	1999	3	0	1920	other	0
yc24	81	Sound	61	1980118	0	2			0		hit	129
yc24	81	Response	251	1985366	5248	1
yc24	82	Picture	224	2015132	0	1	2000	2	0	1920	other	0
yc24	82	Sound	52	2021241	6109	1			6110		other	0
yc24	83	Sound	64	2027111	0	2			0		hit	133
yc24	83	Response	252	2033644	6533	1
yc24	84	Picture	13	2062293	0	2	2000	4	0	1920	other	0
yc24	84	Sound	51	2065702	3409	1			3410		other	0
yc24	85	Sound	63	2074284	0	1			0		hit	137
yc24	85	Response	252	2078083	3799	1
yc24	86	Picture	101	2109956	0	1	1999	3	0	1920	other	0
yc24	87	Sound	61	2121936	0	1			0		hit	140
yc24	87	Response	251	2125612	3676	1
yc24	88	Picture	2	2157451	0	2	2000	3	0	1920	other	0
yc24	89	Sound	62	2169438	0	1			0		hit	143
yc24	89	Response	251	2174244	4806	2
yc24	90	Picture	121	2205446	0	2	2000	4	0	1920	other	0
yc24	90	Sound	52	2211105	5659	2			5660		other	0
yc24	91	Sound	61	2217419	0	1			0		hit	147
yc24	91	Response	251	2220879	3460	1
yc24	92	Picture	202	2253108	0	2	2000	3	0	1920	other	0
yc24	93	Sound	62	2265100	0	2			0		hit	150
yc24	93	Response	251	2270844	5744	1
yc24	94	Picture	4	2300270	0	2	2000	4	0	1920	other	0
yc24	95	Sound	64	2312243	0	2			0		hit	153
yc24	95	Response	252	2316855	4612	1
yc24	96	Picture	3	2348099	0	1	2000	2	0	1920	other	0
yc24	97	Sound	63	2360075	0	1			0		hit	156
yc24	97	Response	252	2364755	4680	1
yc24	98	Picture	2	2394261	0	1	2000	2	0	1920	other	0
yc24	99	Sound	62	2406260	0	1			0		hit	159
yc24	99	Response	251	2409705	3445	2
yc24	100	Picture	222	2440756	0	2	2000	3	0	1920	other	0
yc24	100	Sound	52	2449025	8269	1			8270		other	0
yc24	101	Sound	62	2452744	0	1			0		hit	163
yc24	101	Response	251	2457187	4443	1
yc24	102	Picture	101	2486918	0	2	2000	4	0	1920	other	0
yc24	103	Sound	61	2498899	0	1			0		hit	166
yc24	103	Response	251	2503947	5048	1
yc24	104	Picture	103	2533747	0	2	2000	4	0	1920	other	0
yc24	105	Sound	63	2545743	0	1			0		hit	169
yc24	105	Response	252	2550225	4482	1
yc24	106	Picture	111	2581409	0	2	2000	3	0	1920	other	0
yc24	106	Sound	51	2584248	2839	1			2840		other	0
yc24	107	Sound	61	2593394	0	2			0		hit	173
yc24	107	Response	251	2598668	5274	2
yc24	108	Picture	204	2629238	0	1	1999	3	0	1920	other	0
yc24	109	Sound	64	2641226	0	1			0		hit	176
yc24	109	Response	252	2652121	10895	2
yc24	110	Picture	14	2676066	0	2	2000	4	0	1920	other	0
yc24	110	Sound	51	2680565	4499	2			4500		other	0
yc24	111	Sound	64	2688039	0	1			0		hit	180
yc24	111	Response	252	2693100	5061	1
yc24	112	Picture	3	2722895	0	1	2000	2	0	1920	other	0
yc24	113	Sound	63	2734883	0	1			0		hit	183
yc24	113	Response	252	2743039	8156	1
yc24	114	Picture	202	2770557	0	1	2000	2	0	1920	other	0
yc24	115	Sound	62	2782534	0	2			0		hit	186
yc24	115	Response	251	2786835	4301	1
yc24	116	Picture	3	2818052	0	2	2000	4	0	1920	other	0
yc24	117	Sound	63	2830037	0	1			0		hit	189
yc24	117	Response	252	2844205	14168	1
yc24	118	Picture	4	2864381	0	2	2000	3	0	1920	other	0
yc24	119	Sound	64	2876371	0	2			0		hit	192
yc24	119	Response	252	2885031	8660	1
yc24	120	Picture	113	2910876	0	2	2000	4	0	1920	other	0
yc24	120	Sound	51	2915786	4910	1			4910		other	0
yc24	121	Sound	63	2922856	0	1			0		hit	196
yc24	121	Response	252	2932791	9935	1
yc24	122	Picture	1	2959038	0	2	2000	3	0	1920	other	0
yc24	123	Sound	61	2971016	0	1			0		hit	199
yc24	123	Response	251	2980120	9104	2
yc24	124	Picture	21	3006700	0	2	2000	4	0	1920	other	0
yc24	124	Sound	52	3014419	7719	1			7720		other	0
yc24	125	Sound	61	3018698	0	1			0		hit	203
yc24	125	Response	251	3029353	10655	2
yc24	126	Picture	1	3054196	0	1	1999	3	0	1920	other	0
yc24	127	Sound	61	3066170	0	1			0		hit	206
yc24	127	Response	251	3071852	5682	1
yc24	128	Picture	214	3101857	0	2	2000	4	0	1920	other	0
yc24	128	Sound	51	3104396	2539	1			2540		other	0
yc24	129	Sound	64	3113851	0	2			0		hit	210
yc24	129	Response	252	3120329	6478	1
yc24	130	Picture	4	3149019	0	2	2000	4	0	1920	other	0
yc24	131	Sound	64	3160994	0	1			0		hit	213
yc24	131	Response	252	3167515	6521	1
yc24	132	Picture	202	3197181	0	2	2000	4	0	1920	other	0
yc24	133	Sound	62	3209155	0	1			0		hit	216
yc24	133	Response	251	3215521	6366	1
yc24	134	Response	253	3498956	255446	1


Event Type	Code	Type	Response	RT	RT Uncertainty	Time	Uncertainty	Duration	Uncertainty	ReqTime	ReqDur

Picture	10	other				99821	2	20165	4	0	20000
Picture	10	other				120153	1	40162	3	0	40000
Picture	10	other				160482	2	40163	3	0	40000
Nothing	91	other				200647	1			0
Picture	12	other				230809	1	1999	3	0	1920
Sound	51	other				235919	1			5110
Sound	62	hit	1	8968	2	242807	1			0
Picture	3	other				277470	2	2000	4	0	1920
Sound	63	hit	2	5196	2	289441	1			0
Picture	22	other				324799	2	2000	3	0	1920
Sound	52	other				333038	1			8240
Sound	62	hit	1	6762	3	336793	2			0
Picture	204	other				370961	2	2000	4	0	1920
Sound	64	hit	2	4677	3	382949	1			0
Picture	204	other				417623	2	2000	3	0	1920
Sound	64	hit	2	3887	3	429612	2			0
Picture	2	other				465119	1	1999	3	0	1920
Sound	62	hit	1	6433	3	477114	2			0
Picture	2	other				511781	1	2000	2	0	1920
Sound	62	hit	1	7576	3	523778	2			0
Picture	204	other				558109	2	2000	4	0	1920
Sound	64	hit	2	5216	3	570083	1			0
Picture	1	other				604438	2	2000	3	0	1920
Sound	61	hit	1	7583	3	616418	1			0
Picture	123	other				651600	2	2000	4	0	1920
Sound	52	other				658669	2			7070
Sound	63	hit	2	6076	3	663591	1			0
Picture	103	other				698096	1	2000	2	0	1920
Sound	63	hit	2	5877	2	710075	1			0
Picture	11	other				745424	2	2000	4	0	1920
Sound	51	other				750063	1			4640
Sound	61	hit	1	5869	3	757397	2			0
Picture	202	other				792586	2	2000	3	0	1920
Sound	62	hit	1	8961	2	804570	1			0
Picture	204	other				839581	2	2000	4	0	1920
Sound	64	hit	2	4349	3	851563	2			0
Picture	101	other				885744	1	1999	3	0	1920
Sound	61	hit	1	6068	3	897718	2			0
Picture	4	other				932406	1	2000	2	0	1920
Sound	64	hit	2	7521	3	944382	2			0
Picture	1	other				978735	1	1999	3	0	1920
Sound	61	hit	1	5601	2	990717	1			0
Picture	1	other				1026063	2	2000	3	0	1920
Sound	61	hit	1	3807	2	1038040	1			0
Picture	103	other				1073558	2	2000	4	0	1920
Sound	63	hit	2	8525	4	1085541	2			0
Picture	202	other				1120887	2	2000	3	0	1920
Sound	62	hit	1	12192	3	1132864	1			0
Picture	103	other				1167216	1	1999	3	0	1920
Sound	63	hit	2	5729	2	1179199	1			0
Picture	2	other				1213544	2	2000	4	0	1920
Sound	62	hit	1	7023	3	1225533	2			0
Picture	204	other				1261540	1	2000	2	0	1920
Sound	64	hit	2	6911	3	1273514	1			0
Picture	103	other				1308202	1	2000	2	0	1920
Sound	63	hit	2	5391	2	1320178	1			0
Picture	101	other				1355364	1	2000	2	0	1920
Sound	61	hit	1	5571	2	1367351	1			0
Picture	3	other				1402359	2	2000	3	0	1920
Sound	63	hit	2	6424	2	1414344	1			0
Picture	103	other				1449354	2	2000	4	0	1920
Sound	63	hit	2	4768	3	1461337	2			0
Picture	23	other				1496017	1	1999	3	0	1920
Sound	52	other				1502436	2			6420
Sound	63	hit	2	5783	3	1508001	2			0
Picture	24	other				1543845	2	2000	3	0	1920
Sound	52	other				1550134	1			6290
Sound	64	hit	2	7593	2	1555833	1			0
Picture	3	other				1591507	2	2000	3	0	1920
Sound	63	hit	2	7749	3	1603484	2			0
Picture	4	other				1638169	2	2000	4	0	1920
Sound	64	hit	2	7501	2	1650148	1			0
Picture	2	other				1685664	2	2000	4	0	1920
Sound	62	hit	1	5994	4	1697650	2			0
Picture	202	other				1732493	2	2000	3	0	1920
Sound	62	hit	1	10464	3	1744464	1			0
Picture	101	other				1779322	1	2000	2	0	1920
Sound	61	hit	1	8911	3	1791307	2			0
Picture	4	other				1826984	1	2000	2	0	1920
Sound	64	hit	2	6256	2	1838959	1			0
Picture	212	other				1873312	2	2000	4	0	1920
Sound	51	other				1877941	1			4630
Sound	62	hit	1	3594	3	1885294	1			0
Picture	101	other				1920141	2	2000	4	0	1920
Sound	61	hit	1	7281	3	1932137	2			0
Picture	1	other				1968137	1	1999	3	0	1920
Sound	61	hit	1	5248	3	1980118	2			0
Picture	224	other				2015132	1	2000	2	0	1920
Sound	52	other				2021241	1			6110
Sound	64	hit	2	6533	3	2027111	2			0
Picture	13	other				2062293	2	2000	4	0	1920
Sound	51	other				2065702	1			3410
Sound	63	hit	2	3799	2	2074284	1			0
Picture	101	other				2109956	1	1999	3	0	1920
Sound	61	hit	1	3676	2	2121936	1			0
Picture	2	other				2157451	2	2000	3	0	1920
Sound	62	hit	1	4806	3	2169438	1			0
Picture	121	other				2205446	2	2000	4	0	1920
Sound	52	other				2211105	2			5660
Sound	61	hit	1	3460	2	2217419	1			0
Picture	202	other				2253108	2	2000	3	0	1920
Sound	62	hit	1	5744	3	2265100	2			0
Picture	4	other				2300270	2	2000	4	0	1920
Sound	64	hit	2	4612	3	2312243	2			0
Picture	3	other				2348099	1	2000	2	0	1920
Sound	63	hit	2	4680	2	2360075	1			0
Picture	2	other				2394261	1	2000	2	0	1920
Sound	62	hit	1	3445	3	2406260	1			0
Picture	222	other				2440756	2	2000	3	0	1920
Sound	52	other				2449025	1			8270
Sound	62	hit	1	4443	2	2452744	1			0
Picture	101	other				2486918	2	2000	4	0	1920
Sound	61	hit	1	5048	2	2498899	1			0
Picture	103	other				2533747	2	2000	4	0	1920
Sound	63	hit	2	4482	2	2545743	1			0
Picture	111	other				2581409	2	2000	3	0	1920
Sound	51	other				2584248	1			2840
Sound	61	hit	1	5274	4	2593394	2			0
Picture	204	other				2629238	1	1999	3	0	1920
Sound	64	hit	2	10895	3	2641226	1			0
Picture	14	other				2676066	2	2000	4	0	1920
Sound	51	other				2680565	2			4500
Sound	64	hit	2	5061	2	2688039	1			0
Picture	3	other				2722895	1	2000	2	0	1920
Sound	63	hit	2	8156	2	2734883	1			0
Picture	202	other				2770557	1	2000	2	0	1920
Sound	62	hit	1	4301	3	2782534	2			0
Picture	3	other				2818052	2	2000	4	0	1920
Sound	63	hit	2	14168	2	2830037	1			0
Picture	4	other				2864381	2	2000	3	0	1920
Sound	64	hit	2	8660	3	2876371	2			0
Picture	113	other				2910876	2	2000	4	0	1920
Sound	51	other				2915786	1			4910
Sound	63	hit	2	9935	2	2922856	1			0
Picture	1	other				2959038	2	2000	3	0	1920
Sound	61	hit	1	9104	3	2971016	1			0
Picture	21	other				3006700	2	2000	4	0	1920
Sound	52	other				3014419	1			7720
Sound	61	hit	1	10655	3	3018698	1			0
Picture	1	other				3054196	1	1999	3	0	1920
Sound	61	hit	1	5682	2	3066170	1			0
Picture	214	other				3101857	2	2000	4	0	1920
Sound	51	other				3104396	1			2540
Sound	64	hit	2	6478	3	3113851	2			0
Picture	4	other				3149019	2	2000	4	0	1920
Sound	64	hit	2	6521	2	3160994	1			0
Picture	202	other				3197181	2	2000	4	0	1920
Sound	62	hit	1	6366	2	3209155	1			0

The following output port codes were not sent because of a conflict on the port.
Port	Code	Time(ms)
1	90	9982.2
