Scenario - 17_March_2015
Logfile written - 03/06/2017 15:53:36

Subject	Trial	Event Type	Code	Time	TTime	Uncertainty	Duration	Uncertainty	ReqTime	ReqDur	Stim Type	Pair Index

yc24	1	Response	253	14843	24676	1
yc24	2	Picture	10	14997	0	1	20164	3	0	20000	other	0
yc24	3	Picture	10	35328	0	1	40163	2	0	40000	other	0
yc24	3	Response	251	63893	28565	2
yc24	4	Picture	10	75657	0	2	40163	3	0	40000	other	0
yc24	4	Response	252	93412	17755	1
yc24	5	Nothing	91	115822	0	1			0		other	0
yc24	6	Picture	202	145984	0	1	1999	3	0	1920	other	0
yc24	7	Sound	62	157980	0	1			0		hit	10
yc24	7	Response	251	166567	8587	1
yc24	8	Picture	123	192146	0	1	2000	2	0	1920	other	0
yc24	8	Sound	52	197735	5589	1			5590		other	0
yc24	9	Sound	63	204135	0	1			0		hit	14
yc24	9	Response	252	209408	5273	2
yc24	10	Picture	12	239641	0	1	1999	3	0	1920	other	0
yc24	10	Sound	51	242400	2759	2			2760		other	0
yc24	11	Sound	62	251637	0	1			0		hit	18
yc24	11	Response	251	256463	4826	1
yc24	12	Picture	1	287136	0	2	2000	3	0	1920	other	0
yc24	13	Sound	61	299109	0	1			0		hit	21
yc24	13	Response	251	305762	6653	1
yc24	14	Picture	214	333298	0	2	2000	4	0	1920	other	0
yc24	14	Sound	51	338057	4759	1			4760		other	0
yc24	15	Sound	64	345294	0	1			0		hit	25
yc24	15	Response	252	350509	5215	1
yc24	16	Picture	224	381294	0	1	1999	3	0	1920	other	0
yc24	16	Sound	52	387333	6039	2			6040		other	0
yc24	17	Sound	64	393275	0	1			0		hit	29
yc24	17	Response	252	398604	5329	2
yc24	18	Picture	3	427789	0	1	2000	2	0	1920	other	0
yc24	19	Sound	63	439789	0	2			0		hit	32
yc24	19	Response	252	445134	5345	1
yc24	20	Picture	21	474784	0	2	2000	4	0	1920	other	0
yc24	20	Sound	52	482543	7759	1			7760		other	0
yc24	21	Sound	61	486783	0	1			0		hit	36
yc24	21	Response	251	494066	7283	2
yc24	22	Picture	2	522613	0	2	2000	3	0	1920	other	0
yc24	23	Sound	62	534584	0	1			0		hit	39
yc24	23	Response	251	540165	5581	1
yc24	24	Picture	1	570275	0	1	2000	2	0	1920	other	0
yc24	25	Sound	61	582265	0	2			0		hit	42
yc24	25	Response	251	592517	10252	2
yc24	26	Picture	204	616770	0	2	2000	4	0	1920	other	0
yc24	27	Sound	64	628750	0	1			0		hit	45
yc24	27	Response	252	644521	15771	1
yc24	28	Picture	101	663766	0	1	2000	2	0	1920	other	0
yc24	29	Sound	61	675743	0	1			0		hit	48
yc24	29	Response	251	681761	6018	2
yc24	30	Picture	101	711594	0	2	2000	3	0	1920	other	0
yc24	31	Sound	61	723574	0	2			0		hit	51
yc24	31	Response	251	730279	6705	1
yc24	32	Picture	113	757923	0	1	2000	2	0	1920	other	0
yc24	32	Sound	51	763062	5139	1			5140		other	0
yc24	33	Sound	63	769909	0	1			0		hit	55
yc24	33	Response	252	775130	5221	2
yc24	34	Picture	4	805918	0	2	2000	3	0	1920	other	0
yc24	35	Sound	64	817890	0	1			0		hit	58
yc24	35	Response	252	823373	5483	2
yc24	36	Picture	23	852247	0	2	2000	3	0	1920	other	0
yc24	36	Sound	52	858886	6639	1			6640		other	0
yc24	37	Sound	63	864225	0	1			0		hit	62
yc24	37	Response	252	869252	5027	1
yc24	38	Picture	3	900242	0	2	2000	3	0	1920	other	0
yc24	39	Sound	63	912235	0	2			0		hit	65
yc24	39	Response	252	920436	8201	2
yc24	40	Picture	22	947737	0	2	2000	4	0	1920	other	0
yc24	40	Sound	52	953646	5909	2			5910		other	0
yc24	41	Sound	62	959708	0	1			0		hit	69
yc24	41	Response	251	965560	5852	1
yc24	42	Picture	14	995733	0	1	2000	2	0	1920	other	0
yc24	42	Sound	51	999782	4049	1			4050		other	0
yc24	43	Sound	64	1007718	0	2			0		hit	73
yc24	43	Response	252	1022915	15197	1
yc24	44	Picture	4	1042228	0	2	2000	3	0	1920	other	0
yc24	45	Sound	64	1054203	0	1			0		hit	76
yc24	45	Response	252	1059173	4970	2
yc24	46	Picture	101	1088390	0	2	2000	3	0	1920	other	0
yc24	47	Sound	61	1100388	0	1			0		hit	79
yc24	47	Response	251	1110916	10528	2
yc24	48	Picture	202	1135719	0	1	2000	2	0	1920	other	0
yc24	49	Sound	62	1147710	0	2			0		hit	82
yc24	49	Response	251	1151712	4002	1
yc24	50	Picture	204	1183714	0	2	2000	3	0	1920	other	0
yc24	51	Sound	64	1195691	0	1			0		hit	85
yc24	51	Response	252	1202320	6629	1
yc24	52	Picture	2	1229876	0	2	2000	3	0	1920	other	0
yc24	53	Sound	62	1241876	0	1			0		hit	88
yc24	53	Response	251	1247172	5296	1
yc24	54	Picture	103	1276038	0	2	2000	3	0	1920	other	0
yc24	55	Sound	63	1288031	0	2			0		hit	91
yc24	55	Response	252	1293554	5523	1
yc24	56	Picture	204	1323200	0	2	2000	4	0	1920	other	0
yc24	57	Sound	64	1335174	0	2			0		hit	94
yc24	57	Response	252	1341775	6601	1
yc24	58	Picture	2	1370862	0	2	2000	3	0	1920	other	0
yc24	59	Sound	62	1382856	0	1			0		hit	97
yc24	59	Response	251	1388384	5528	1
yc24	60	Picture	1	1418356	0	3	2001	5	0	1920	other	0
yc24	61	Sound	61	1430328	0	1			0		hit	100
yc24	61	Response	251	1438667	8339	1
yc24	62	Picture	24	1466186	0	2	2000	3	0	1920	other	0
yc24	62	Sound	52	1472515	6329	1			6330		other	0
yc24	63	Sound	64	1478159	0	1			0		hit	104
yc24	63	Response	252	1482976	4817	2
yc24	64	Picture	222	1513181	0	2	2000	4	0	1920	other	0
yc24	64	Sound	52	1518840	5659	2			5660		other	0
yc24	65	Sound	62	1525152	0	2			0		hit	108
yc24	65	Response	251	1529685	4533	1
yc24	66	Picture	1	1559510	0	2	2000	3	0	1920	other	0
yc24	67	Sound	61	1571487	0	1			0		hit	111
yc24	67	Response	251	1582239	10752	1
yc24	68	Picture	204	1607172	0	2	2000	4	0	1920	other	0
yc24	69	Sound	64	1619169	0	1			0		hit	114
yc24	69	Response	252	1626364	7195	1
yc24	70	Picture	101	1655168	0	1	1999	3	0	1920	other	0
yc24	71	Sound	61	1667150	0	1			0		hit	117
yc24	71	Response	251	1672807	5657	1
yc24	72	Picture	3	1701330	0	1	1999	3	0	1920	other	0
yc24	73	Sound	63	1713305	0	1			0		hit	120
yc24	73	Response	252	1719615	6310	1
yc24	74	Picture	1	1748325	0	1	2000	2	0	1920	other	0
yc24	75	Sound	61	1760298	0	1			0		hit	123
yc24	75	Response	251	1765512	5214	1
yc24	76	Picture	204	1795987	0	1	2000	2	0	1920	other	0
yc24	77	Sound	64	1807980	0	1			0		hit	126
yc24	77	Response	252	1822387	14407	1
yc24	78	Picture	121	1842482	0	2	2000	4	0	1920	other	0
yc24	78	Sound	52	1850521	8039	2			8040		other	0
yc24	79	Sound	61	1854464	0	1			0		hit	130
yc24	79	Response	251	1860252	5788	1
yc24	80	Picture	4	1889144	0	2	2000	3	0	1920	other	0
yc24	81	Sound	64	1901128	0	1			0		hit	133
yc24	81	Response	252	1905923	4795	1
yc24	82	Picture	2	1936806	0	2	2000	3	0	1920	other	0
yc24	83	Sound	62	1948780	0	1			0		hit	136
yc24	83	Response	251	1955034	6254	1
yc24	84	Picture	2	1982968	0	2	2000	4	0	1920	other	0
yc24	85	Sound	62	1994965	0	1			0		hit	139
yc24	85	Response	251	2000029	5064	1
yc24	86	Picture	202	2030630	0	2	2000	3	0	1920	other	0
yc24	87	Sound	62	2042616	0	1			0		hit	142
yc24	87	Response	251	2047329	4713	1
yc24	88	Picture	212	2077959	0	1	2000	2	0	1920	other	0
yc24	88	Sound	51	2082838	4879	2			4880		other	0
yc24	89	Sound	62	2089939	0	1			0		hit	146
yc24	89	Response	251	2094963	5024	2
yc24	90	Picture	3	2124454	0	2	2000	3	0	1920	other	0
yc24	91	Sound	63	2136453	0	1			0		hit	149
yc24	91	Response	252	2145698	9245	1
yc24	92	Picture	3	2171783	0	1	2000	2	0	1920	other	0
yc24	93	Sound	63	2183775	0	2			0		hit	152
yc24	93	Response	252	2191360	7585	2
yc24	94	Picture	101	2218945	0	2	2000	3	0	1920	other	0
yc24	95	Sound	61	2230918	0	2			0		hit	155
yc24	95	Response	251	2236616	5698	1
yc24	96	Picture	103	2267107	0	2	2000	3	0	1920	other	0
yc24	97	Sound	63	2279079	0	1			0		hit	158
yc24	97	Response	252	2286875	7796	1
yc24	98	Picture	1	2314602	0	2	2000	3	0	1920	other	0
yc24	99	Sound	61	2326581	0	1			0		hit	161
yc24	99	Response	251	2333984	7403	1
yc24	100	Picture	103	2362597	0	2	2000	4	0	1920	other	0
yc24	101	Sound	63	2374592	0	1			0		hit	164
yc24	101	Response	252	2382106	7514	2
yc24	102	Picture	4	2409093	0	1	1999	3	0	1920	other	0
yc24	103	Sound	64	2421076	0	1			0		hit	167
yc24	103	Response	252	2429850	8774	1
yc24	104	Picture	202	2457088	0	1	2000	2	0	1920	other	0
yc24	105	Sound	62	2469087	0	1			0		hit	170
yc24	105	Response	251	2474379	5292	1
yc24	106	Picture	4	2503417	0	1	2000	2	0	1920	other	0
yc24	107	Sound	64	2515392	0	1			0		incorrect	173
yc24	107	Response	251	2520284	4892	1
yc24	108	Picture	202	2551412	0	1	2000	2	0	1920	other	0
yc24	109	Sound	62	2563403	0	1			0		hit	176
yc24	109	Response	251	2573262	9859	1
yc24	110	Picture	11	2599241	0	1	1999	3	0	1920	other	0
yc24	110	Sound	51	2604410	5169	2			5170		other	0
yc24	111	Sound	61	2611234	0	1			0		hit	180
yc24	111	Response	251	2618481	7247	1
yc24	112	Picture	2	2646736	0	1	2000	2	0	1920	other	0
yc24	113	Sound	62	2658736	0	1			0		hit	183
yc24	113	Response	251	2663180	4444	2
yc24	114	Picture	103	2692898	0	2	2000	3	0	1920	other	0
yc24	115	Sound	63	2704891	0	1			0		hit	186
yc24	115	Response	252	2711040	6149	1
yc24	116	Picture	103	2739727	0	1	2000	2	0	1920	other	0
yc24	117	Sound	63	2751705	0	1			0		hit	189
yc24	117	Response	252	2755963	4258	1
yc24	118	Picture	3	2786389	0	1	2000	2	0	1920	other	0
yc24	119	Sound	63	2798369	0	1			0		hit	192
yc24	119	Response	252	2804213	5844	2
yc24	120	Picture	4	2833550	0	2	2000	4	0	1920	other	0
yc24	121	Sound	64	2845541	0	2			0		hit	195
yc24	121	Response	252	2852446	6905	1
yc24	122	Picture	202	2880046	0	2	2000	3	0	1920	other	0
yc24	123	Sound	62	2892026	0	1			0		hit	198
yc24	123	Response	251	2896922	4896	1
yc24	124	Picture	103	2926708	0	2	2000	3	0	1920	other	0
yc24	125	Sound	63	2938690	0	1			0		hit	201
yc24	125	Response	252	2948952	10262	1
yc24	126	Picture	111	2974870	0	2	2000	3	0	1920	other	0
yc24	126	Sound	51	2977399	2529	2			2530		other	0
yc24	127	Sound	61	2986850	0	1			0		hit	205
yc24	127	Response	251	2992835	5985	1
yc24	128	Picture	13	3021699	0	1	1999	3	0	1920	other	0
yc24	128	Sound	51	3025989	4290	1			4290		other	0
yc24	129	Sound	63	3033694	0	1			0		hit	209
yc24	129	Response	252	3039674	5980	2
yc24	130	Picture	204	3068027	0	2	2000	4	0	1920	other	0
yc24	131	Sound	64	3079998	0	2			0		hit	212
yc24	131	Response	252	3086165	6167	1
yc24	132	Picture	101	3114523	0	1	2000	2	0	1920	other	0
yc24	133	Sound	61	3126513	0	1			0		hit	215
yc24	133	Response	251	3133249	6736	2
yc24	134	Response	253	3352265	190080	1


Event Type	Code	Type	Response	RT	RT Uncertainty	Time	Uncertainty	Duration	Uncertainty	ReqTime	ReqDur

Picture	10	other				14997	1	20164	3	0	20000
Picture	10	other				35328	1	40163	2	0	40000
Picture	10	other				75657	2	40163	3	0	40000
Nothing	91	other				115822	1			0
Picture	202	other				145984	1	1999	3	0	1920
Sound	62	hit	1	8587	2	157980	1			0
Picture	123	other				192146	1	2000	2	0	1920
Sound	52	other				197735	1			5590
Sound	63	hit	2	5273	3	204135	1			0
Picture	12	other				239641	1	1999	3	0	1920
Sound	51	other				242400	2			2760
Sound	62	hit	1	4826	2	251637	1			0
Picture	1	other				287136	2	2000	3	0	1920
Sound	61	hit	1	6653	2	299109	1			0
Picture	214	other				333298	2	2000	4	0	1920
Sound	51	other				338057	1			4760
Sound	64	hit	2	5215	2	345294	1			0
Picture	224	other				381294	1	1999	3	0	1920
Sound	52	other				387333	2			6040
Sound	64	hit	2	5329	3	393275	1			0
Picture	3	other				427789	1	2000	2	0	1920
Sound	63	hit	2	5345	3	439789	2			0
Picture	21	other				474784	2	2000	4	0	1920
Sound	52	other				482543	1			7760
Sound	61	hit	1	7283	3	486783	1			0
Picture	2	other				522613	2	2000	3	0	1920
Sound	62	hit	1	5581	2	534584	1			0
Picture	1	other				570275	1	2000	2	0	1920
Sound	61	hit	1	10252	4	582265	2			0
Picture	204	other				616770	2	2000	4	0	1920
Sound	64	hit	2	15771	2	628750	1			0
Picture	101	other				663766	1	2000	2	0	1920
Sound	61	hit	1	6018	3	675743	1			0
Picture	101	other				711594	2	2000	3	0	1920
Sound	61	hit	1	6705	3	723574	2			0
Picture	113	other				757923	1	2000	2	0	1920
Sound	51	other				763062	1			5140
Sound	63	hit	2	5221	3	769909	1			0
Picture	4	other				805918	2	2000	3	0	1920
Sound	64	hit	2	5483	3	817890	1			0
Picture	23	other				852247	2	2000	3	0	1920
Sound	52	other				858886	1			6640
Sound	63	hit	2	5027	2	864225	1			0
Picture	3	other				900242	2	2000	3	0	1920
Sound	63	hit	2	8201	4	912235	2			0
Picture	22	other				947737	2	2000	4	0	1920
Sound	52	other				953646	2			5910
Sound	62	hit	1	5852	2	959708	1			0
Picture	14	other				995733	1	2000	2	0	1920
Sound	51	other				999782	1			4050
Sound	64	hit	2	15197	3	1007718	2			0
Picture	4	other				1042228	2	2000	3	0	1920
Sound	64	hit	2	4970	3	1054203	1			0
Picture	101	other				1088390	2	2000	3	0	1920
Sound	61	hit	1	10528	3	1100388	1			0
Picture	202	other				1135719	1	2000	2	0	1920
Sound	62	hit	1	4002	3	1147710	2			0
Picture	204	other				1183714	2	2000	3	0	1920
Sound	64	hit	2	6629	2	1195691	1			0
Picture	2	other				1229876	2	2000	3	0	1920
Sound	62	hit	1	5296	2	1241876	1			0
Picture	103	other				1276038	2	2000	3	0	1920
Sound	63	hit	2	5523	3	1288031	2			0
Picture	204	other				1323200	2	2000	4	0	1920
Sound	64	hit	2	6601	3	1335174	2			0
Picture	2	other				1370862	2	2000	3	0	1920
Sound	62	hit	1	5528	2	1382856	1			0
Picture	1	other				1418356	3	2001	5	0	1920
Sound	61	hit	1	8339	2	1430328	1			0
Picture	24	other				1466186	2	2000	3	0	1920
Sound	52	other				1472515	1			6330
Sound	64	hit	2	4817	3	1478159	1			0
Picture	222	other				1513181	2	2000	4	0	1920
Sound	52	other				1518840	2			5660
Sound	62	hit	1	4533	3	1525152	2			0
Picture	1	other				1559510	2	2000	3	0	1920
Sound	61	hit	1	10752	2	1571487	1			0
Picture	204	other				1607172	2	2000	4	0	1920
Sound	64	hit	2	7195	2	1619169	1			0
Picture	101	other				1655168	1	1999	3	0	1920
Sound	61	hit	1	5657	2	1667150	1			0
Picture	3	other				1701330	1	1999	3	0	1920
Sound	63	hit	2	6310	2	1713305	1			0
Picture	1	other				1748325	1	2000	2	0	1920
Sound	61	hit	1	5214	2	1760298	1			0
Picture	204	other				1795987	1	2000	2	0	1920
Sound	64	hit	2	14407	2	1807980	1			0
Picture	121	other				1842482	2	2000	4	0	1920
Sound	52	other				1850521	2			8040
Sound	61	hit	1	5788	2	1854464	1			0
Picture	4	other				1889144	2	2000	3	0	1920
Sound	64	hit	2	4795	2	1901128	1			0
Picture	2	other				1936806	2	2000	3	0	1920
Sound	62	hit	1	6254	2	1948780	1			0
Picture	2	other				1982968	2	2000	4	0	1920
Sound	62	hit	1	5064	2	1994965	1			0
Picture	202	other				2030630	2	2000	3	0	1920
Sound	62	hit	1	4713	2	2042616	1			0
Picture	212	other				2077959	1	2000	2	0	1920
Sound	51	other				2082838	2			4880
Sound	62	hit	1	5024	3	2089939	1			0
Picture	3	other				2124454	2	2000	3	0	1920
Sound	63	hit	2	9245	2	2136453	1			0
Picture	3	other				2171783	1	2000	2	0	1920
Sound	63	hit	2	7585	4	2183775	2			0
Picture	101	other				2218945	2	2000	3	0	1920
Sound	61	hit	1	5698	3	2230918	2			0
Picture	103	other				2267107	2	2000	3	0	1920
Sound	63	hit	2	7796	2	2279079	1			0
Picture	1	other				2314602	2	2000	3	0	1920
Sound	61	hit	1	7403	2	2326581	1			0
Picture	103	other				2362597	2	2000	4	0	1920
Sound	63	hit	2	7514	3	2374592	1			0
Picture	4	other				2409093	1	1999	3	0	1920
Sound	64	hit	2	8774	2	2421076	1			0
Picture	202	other				2457088	1	2000	2	0	1920
Sound	62	hit	1	5292	2	2469087	1			0
Picture	4	other				2503417	1	2000	2	0	1920
Sound	64	incorrect	1	4892	2	2515392	1			0
Picture	202	other				2551412	1	2000	2	0	1920
Sound	62	hit	1	9859	2	2563403	1			0
Picture	11	other				2599241	1	1999	3	0	1920
Sound	51	other				2604410	2			5170
Sound	61	hit	1	7247	2	2611234	1			0
Picture	2	other				2646736	1	2000	2	0	1920
Sound	62	hit	1	4444	3	2658736	1			0
Picture	103	other				2692898	2	2000	3	0	1920
Sound	63	hit	2	6149	2	2704891	1			0
Picture	103	other				2739727	1	2000	2	0	1920
Sound	63	hit	2	4258	2	2751705	1			0
Picture	3	other				2786389	1	2000	2	0	1920
Sound	63	hit	2	5844	3	2798369	1			0
Picture	4	other				2833550	2	2000	4	0	1920
Sound	64	hit	2	6905	3	2845541	2			0
Picture	202	other				2880046	2	2000	3	0	1920
Sound	62	hit	1	4896	2	2892026	1			0
Picture	103	other				2926708	2	2000	3	0	1920
Sound	63	hit	2	10262	2	2938690	1			0
Picture	111	other				2974870	2	2000	3	0	1920
Sound	51	other				2977399	2			2530
Sound	61	hit	1	5985	2	2986850	1			0
Picture	13	other				3021699	1	1999	3	0	1920
Sound	51	other				3025989	1			4290
Sound	63	hit	2	5980	3	3033694	1			0
Picture	204	other				3068027	2	2000	4	0	1920
Sound	64	hit	2	6167	3	3079998	2			0
Picture	101	other				3114523	1	2000	2	0	1920
Sound	61	hit	1	6736	3	3126513	1			0
