Scenario - SeuilAuditif
Logfile written - 03/06/2017 15:06:21

Subject	Trial	Event Type	Code	Time	TTime	Uncertainty	Duration	Uncertainty	ReqTime	ReqDur	Stim Type	Pair Index

yc24	2	Sound	L_tarson_Left_0.7	388	57	1			0		other	0
yc24	3	Sound	L_tarson_Left_0.65	10535	38	1			0		other	0
yc24	4	Sound	L_tarson_Left_0.6	20712	49	1			0		other	0
yc24	5	Sound	L_tarson_Left_0.55	30859	31	1			0		other	0
yc24	6	Sound	L_tarson_Left_0.5	41036	42	1			0		other	0
yc24	7	Sound	L_tarson_Left_0.45	51213	53	1			0		other	0
yc24	8	Sound	L_tarson_Left_0.4	61360	35	1			0		other	0
yc24	9	Sound	L_tarson_Left_0.35	71537	46	1			0		other	0
yc24	10	Sound	L_tarson_Left_0.3	81713	56	2			0		other	0
yc24	11	Sound	L_tarson_Left_0.25	91860	38	2			0		other	0
yc24	12	Sound	L_tarson_Left_0.2	102037	49	1			0		other	0
yc24	13	Sound	L_tarson_Left_0.15	112184	30	1			0		other	0
yc24	14	Sound	L_tarson_Left_9.99999999999999e-002	122361	42	1			0		other	0
yc24	14	Response	1	123769	1450	1
yc24	15	Sound	L_tarson-Left-4.99999999999999e-002	132538	53	1			0		other	0
yc24	16	Sound	L_tarson_Left_4.99999999999999e-002	142685	34	1			0		other	0
yc24	17	Sound	L_tarson_Left_9.99999999999999e-002	152862	46	1			0		other	0
yc24	18	Sound	L_tarson_Left_0.15	163039	58	1			0		other	0
yc24	19	Sound	L_tarson_Left_0.2	173185	37	2			0		other	0
yc24	20	Sound	L_tarson_Left_0.25	183362	49	2			0		other	0
yc24	20	Response	1	184595	1282	1
yc24	21	Sound	L_tarson-Left-0.3	193509	30	2			0		other	0
yc24	22	Sound	L_tarson_Left_0.3	203686	41	1			0		other	0
yc24	23	Sound	L_tarson_Left_0.28	213863	53	1			0		other	0
yc24	24	Sound	L_tarson_Left_0.26	224010	34	1			0		other	0
yc24	25	Sound	L_tarson_Left_0.24	234187	46	1			0		other	0
yc24	26	Sound	L_tarson_Left_0.22	244364	58	1			0		other	0
yc24	27	Sound	L_tarson_Left_0.2	254511	38	1			0		other	0
yc24	28	Sound	L_tarson_Left_0.18	264688	50	1			0		other	0
yc24	28	Response	1	271775	7137	2
yc24	29	Sound	L_tarson-Left-0.16	274834	30	2			0		other	0
yc24	30	Sound	L_tarson_Left_0.16	285011	41	1			0		other	0
yc24	31	Sound	L_tarson_Left_0.18	295188	52	1			0		other	0
yc24	32	Sound	L_tarson_Left_0.2	305335	34	1			0		other	0
yc24	33	Sound	L_tarson_Left_0.22	315512	45	1			0		other	0
yc24	34	Sound	L_tarson_Left_0.24	325689	57	1			0		other	0
yc24	34	Response	1	329797	4165	1
yc24	35	Sound	L_tarson-Left-0.26	335836	38	1			0		other	0
yc24	36	Sound	L_tarson_Left_0.26	346013	49	1			0		other	0
yc24	37	Sound	L_tarson_Left_0.24	356160	31	1			0		other	0
yc24	38	Sound	L_tarson_Left_0.22	366337	42	1			0		other	0
yc24	39	Sound	L_tarson_Left_0.2	376513	52	2			0		other	0
yc24	40	Sound	L_tarson_Left_0.18	386660	33	2			0		other	0
yc24	41	Sound	L_tarson_Left_0.16	396837	45	1			0		other	0
yc24	42	Sound	L_tarson_Left_0.14	407014	56	1			0		other	0
yc24	42	Response	1	410069	3111	1
yc24	43	Sound	L_tarson-Left-0.12	417161	37	1			0		other	0
yc24	44	Sound	L_tarson_Left_0.12	427338	49	1			0		other	0
yc24	45	Sound	L_tarson_Left_0.14	437485	30	1			0		other	0
yc24	46	Sound	L_tarson_Left_0.16	447662	42	1			0		other	0
yc24	47	Sound	L_tarson_Left_0.18	457839	53	1			0		other	0
yc24	47	Response	1	460954	3168	2
yc24	49	Sound	H_tarson_Left_0.7	478162	45	2			0		other	0
yc24	50	Sound	H_tarson_Left_0.65	488339	56	2			0		other	0
yc24	51	Sound	H_tarson_Left_0.6	498486	37	1			0		other	0
yc24	52	Sound	H_tarson_Left_0.55	508663	49	1			0		other	0
yc24	53	Sound	H_tarson_Left_0.5	518810	30	1			0		other	0
yc24	54	Sound	H_tarson_Left_0.45	528987	41	1			0		other	0
yc24	55	Sound	H_tarson_Left_0.4	539164	52	1			0		other	0
yc24	56	Sound	H_tarson_Left_0.35	549311	34	1			0		other	0
yc24	57	Sound	H_tarson_Left_0.3	559488	45	1			0		other	0
yc24	58	Sound	H_tarson_Left_0.25	569664	56	2			0		other	0
yc24	59	Sound	H_tarson_Left_0.2	579811	37	2			0		other	0
yc24	60	Sound	H_tarson_Left_0.15	589988	48	2			0		other	0
yc24	61	Sound	H_tarson_Left_9.99999999999999e-002	600135	30	1			0		other	0
yc24	61	Response	1	604460	4355	1
yc24	62	Sound	H_tarson-Left-4.99999999999999e-002	610312	41	1			0		other	0
yc24	63	Sound	H_tarson_Left_4.99999999999999e-002	620489	52	1			0		other	0
yc24	64	Sound	H_tarson_Left_9.99999999999999e-002	630636	34	1			0		other	0
yc24	65	Sound	H_tarson_Left_0.15	640813	45	1			0		other	0
yc24	66	Sound	H_tarson_Left_0.2	650990	56	1			0		other	0
yc24	66	Response	1	658168	7234	1
yc24	67	Sound	H_tarson-Left-0.25	661137	37	1			0		other	0
yc24	68	Sound	H_tarson_Left_0.25	671314	49	1			0		other	0
yc24	69	Sound	H_tarson_Left_0.23	681460	29	2			0		other	0
yc24	70	Sound	H_tarson_Left_0.21	691637	41	1			0		other	0
yc24	71	Sound	H_tarson_Left_0.19	701814	52	1			0		other	0
yc24	72	Sound	H_tarson_Left_0.17	711961	33	1			0		other	0
yc24	73	Sound	H_tarson_Left_0.15	722138	45	1			0		other	0
yc24	73	Response	1	731393	9300	1
yc24	74	Sound	H_tarson-Left-0.13	732315	56	1			0		other	0
yc24	75	Sound	H_tarson_Left_0.13	742462	37	1			0		other	0
yc24	76	Sound	H_tarson_Left_0.15	752639	49	1			0		other	0
yc24	77	Sound	H_tarson_Left_0.17	762786	30	1			0		other	0
yc24	78	Sound	H_tarson_Left_0.19	772963	41	1			0		other	0
yc24	78	Response	1	773240	318	1
yc24	79	Sound	H_tarson-Left-0.21	783139	52	2			0		other	0
yc24	80	Sound	H_tarson_Left_0.21	793286	33	1			0		other	0
yc24	81	Sound	H_tarson_Left_0.19	803463	44	1			0		other	0
yc24	82	Sound	H_tarson_Left_0.17	813640	56	1			0		other	0
yc24	83	Sound	H_tarson_Left_0.15	823787	37	2			0		other	0
yc24	84	Sound	H_tarson_Left_0.13	833964	48	1			0		other	0
yc24	84	Response	1	837632	3716	1
yc24	85	Sound	H_tarson-Left-0.11	844141	60	1			0		other	0
yc24	86	Sound	H_tarson_Left_0.11	854288	41	1			0		other	0
yc24	87	Sound	H_tarson_Left_0.13	864464	52	2			0		other	0
yc24	88	Sound	H_tarson_Left_0.15	874611	33	2			0		other	0
yc24	89	Sound	H_tarson_Left_0.17	884788	44	2			0		other	0
yc24	89	Response	1	887906	3162	1
yc24	91	Sound	L_tarson_Right_0.7	905112	37	1			0		other	0
yc24	92	Sound	L_tarson_Right_0.65	915289	48	1			0		other	0
yc24	93	Sound	L_tarson_Right_0.6	925436	30	1			0		other	0
yc24	94	Sound	L_tarson_Right_0.55	935613	41	1			0		other	0
yc24	95	Sound	L_tarson_Right_0.5	945790	52	1			0		other	0
yc24	96	Sound	L_tarson_Right_0.45	955937	34	1			0		other	0
yc24	97	Sound	L_tarson_Right_0.4	966113	44	2			0		other	0
yc24	98	Sound	L_tarson_Right_0.35	976290	55	1			0		other	0
yc24	99	Sound	L_tarson_Right_0.3	986437	36	2			0		other	0
yc24	100	Sound	L_tarson_Right_0.25	996614	48	1			0		other	0
yc24	101	Sound	L_tarson_Right_0.2	1006791	59	1			0		other	0
yc24	102	Sound	L_tarson_Right_0.15	1016938	40	1			0		other	0
yc24	102	Response	1	1022099	5201	1
yc24	103	Sound	L_tarson-Right-9.99999999999999e-002	1027115	52	1			0		other	0
yc24	104	Sound	L_tarson_Right_9.99999999999999e-002	1037262	33	1			0		other	0
yc24	105	Sound	L_tarson_Right_0.15	1047439	44	1			0		other	0
yc24	106	Sound	L_tarson_Right_0.2	1057616	56	1			0		other	0
yc24	107	Sound	L_tarson_Right_0.25	1067762	36	2			0		other	0
yc24	107	Response	1	1068719	993	2
yc24	108	Sound	L_tarson-Right-0.3	1077939	47	2			0		other	0
yc24	109	Sound	L_tarson_Right_0.3	1088116	59	1			0		other	0
yc24	110	Sound	L_tarson_Right_0.28	1098263	40	1			0		other	0
yc24	111	Sound	L_tarson_Right_0.26	1108440	52	1			0		other	0
yc24	112	Sound	L_tarson_Right_0.24	1118587	33	1			0		other	0
yc24	113	Sound	L_tarson_Right_0.22	1128764	44	1			0		other	0
yc24	114	Sound	L_tarson_Right_0.2	1138941	55	1			0		other	0
yc24	115	Sound	L_tarson_Right_0.18	1149088	37	1			0		other	0
yc24	116	Sound	L_tarson_Right_0.16	1159265	48	1			0		other	0
yc24	116	Response	1	1159768	551	1
yc24	117	Sound	L_tarson-Right-0.14	1169441	59	2			0		other	0
yc24	118	Sound	L_tarson_Right_0.14	1179588	40	2			0		other	0
yc24	119	Sound	L_tarson_Right_0.16	1189765	51	1			0		other	0
yc24	120	Sound	L_tarson_Right_0.18	1199912	33	1			0		other	0
yc24	121	Sound	L_tarson_Right_0.2	1210089	44	1			0		other	0
yc24	122	Sound	L_tarson_Right_0.22	1220266	55	1			0		other	0
yc24	122	Response	1	1221432	1221	1
yc24	123	Sound	L_tarson-Right-0.24	1230413	36	1			0		other	0
yc24	124	Sound	L_tarson_Right_0.24	1240590	48	1			0		other	0
yc24	125	Sound	L_tarson_Right_0.22	1250767	59	1			0		other	0
yc24	126	Sound	L_tarson_Right_0.2	1260913	39	2			0		other	0
yc24	127	Sound	L_tarson_Right_0.18	1271090	51	2			0		other	0
yc24	128	Sound	L_tarson_Right_0.16	1281237	32	2			0		other	0
yc24	128	Response	1	1281244	39	1
yc24	129	Sound	L_tarson-Right-0.14	1291414	44	1			0		other	0
yc24	130	Sound	L_tarson_Right_0.14	1301591	55	1			0		other	0
yc24	131	Sound	L_tarson_Right_0.16	1311738	36	1			0		other	0
yc24	132	Sound	L_tarson_Right_0.18	1321915	48	1			0		other	0
yc24	133	Sound	L_tarson_Right_0.2	1332092	59	1			0		other	0
yc24	133	Response	1	1338209	6176	1
yc24	135	Sound	H_tarson_Right_0.7	1352416	52	1			0		other	0
yc24	136	Sound	H_tarson_Right_0.65	1362562	32	2			0		other	0
yc24	137	Sound	H_tarson_Right_0.6	1372739	43	2			0		other	0
yc24	138	Sound	H_tarson_Right_0.55	1382916	55	1			0		other	0
yc24	139	Sound	H_tarson_Right_0.5	1393063	36	1			0		other	0
yc24	140	Sound	H_tarson_Right_0.45	1403240	47	1			0		other	0
yc24	141	Sound	H_tarson_Right_0.4	1413417	59	1			0		other	0
yc24	142	Sound	H_tarson_Right_0.35	1423564	40	1			0		other	0
yc24	143	Sound	H_tarson_Right_0.3	1433741	51	1			0		other	0
yc24	144	Sound	H_tarson_Right_0.25	1443888	33	1			0		other	0
yc24	145	Sound	H_tarson_Right_0.2	1454065	44	1			0		other	0
yc24	146	Sound	H_tarson_Right_0.15	1464241	54	2			0		other	0
yc24	147	Sound	H_tarson_Right_9.99999999999999e-002	1474388	36	2			0		other	0
yc24	147	Response	1	1474825	473	1
yc24	148	Sound	H_tarson-Right-4.99999999999999e-002	1484565	47	1			0		other	0
yc24	149	Sound	H_tarson_Right_4.99999999999999e-002	1494742	59	1			0		other	0
yc24	150	Sound	H_tarson_Right_9.99999999999999e-002	1504889	40	1			0		other	0
yc24	151	Sound	H_tarson_Right_0.15	1515066	51	1			0		other	0
yc24	152	Sound	H_tarson_Right_0.2	1525213	32	1			0		other	0
yc24	152	Response	1	1533989	8808	1
yc24	153	Sound	H_tarson-Right-0.25	1535390	44	1			0		other	0
yc24	154	Sound	H_tarson_Right_0.25	1545567	55	1			0		other	0
yc24	155	Sound	H_tarson_Right_0.23	1555714	36	1			0		other	0
yc24	156	Sound	H_tarson_Right_0.21	1565890	47	2			0		other	0
yc24	157	Sound	H_tarson_Right_0.19	1576067	58	1			0		other	0
yc24	158	Sound	H_tarson_Right_0.17	1586214	39	1			0		other	0
yc24	159	Sound	H_tarson_Right_0.15	1596391	51	1			0		other	0
yc24	159	Response	1	1600699	4359	2
yc24	160	Sound	H_tarson-Right-0.13	1606538	32	1			0		other	0
yc24	161	Sound	H_tarson_Right_0.13	1616715	43	1			0		other	0
yc24	162	Sound	H_tarson_Right_0.15	1626892	55	1			0		other	0
yc24	163	Sound	H_tarson_Right_0.17	1637039	36	1			0		other	0
yc24	164	Sound	H_tarson_Right_0.19	1647216	48	1			0		other	0
yc24	165	Sound	H_tarson_Right_0.21	1657392	58	2			0		other	0
yc24	165	Response	1	1662118	4784	1
yc24	166	Sound	H_tarson-Right-0.23	1667539	39	2			0		other	0
yc24	167	Sound	H_tarson_Right_0.23	1677716	50	2			0		other	0
yc24	168	Sound	H_tarson_Right_0.21	1687863	32	1			0		other	0
yc24	169	Sound	H_tarson_Right_0.19	1698040	43	1			0		other	0
yc24	170	Sound	H_tarson_Right_0.17	1708217	54	1			0		other	0
yc24	171	Sound	H_tarson_Right_0.15	1718364	36	1			0		other	0
yc24	171	Response	1	1724924	6596	1
yc24	172	Sound	H_tarson-Right-0.13	1728541	47	1			0		other	0
yc24	173	Sound	H_tarson_Right_0.13	1738718	59	1			0		other	0
yc24	174	Sound	H_tarson_Right_0.15	1748865	40	1			0		other	0
yc24	175	Sound	H_tarson_Right_0.17	1759042	51	1			0		other	0
yc24	176	Sound	H_tarson_Right_0.19	1769188	31	2			0		other	0
yc24	176	Response	1	1770320	1163	1


Event Type	Code	Type	Response	RT	RT Uncertainty	Time	Uncertainty	Duration	Uncertainty	ReqTime	ReqDur

Sound	L_tarson_Left_0.7	other				388	1			0
Sound	L_tarson_Left_0.65	other				10535	1			0
Sound	L_tarson_Left_0.6	other				20712	1			0
Sound	L_tarson_Left_0.55	other				30859	1			0
Sound	L_tarson_Left_0.5	other				41036	1			0
Sound	L_tarson_Left_0.45	other				51213	1			0
Sound	L_tarson_Left_0.4	other				61360	1			0
Sound	L_tarson_Left_0.35	other				71537	1			0
Sound	L_tarson_Left_0.3	other				81713	2			0
Sound	L_tarson_Left_0.25	other				91860	2			0
Sound	L_tarson_Left_0.2	other				102037	1			0
Sound	L_tarson_Left_0.15	other				112184	1			0
Sound	L_tarson_Left_9.99999999999999e-002	other				122361	1			0
Sound	L_tarson-Left-4.99999999999999e-002	other				132538	1			0
Sound	L_tarson_Left_4.99999999999999e-002	other				142685	1			0
Sound	L_tarson_Left_9.99999999999999e-002	other				152862	1			0
Sound	L_tarson_Left_0.15	other				163039	1			0
Sound	L_tarson_Left_0.2	other				173185	2			0
Sound	L_tarson_Left_0.25	other				183362	2			0
Sound	L_tarson-Left-0.3	other				193509	2			0
Sound	L_tarson_Left_0.3	other				203686	1			0
Sound	L_tarson_Left_0.28	other				213863	1			0
Sound	L_tarson_Left_0.26	other				224010	1			0
Sound	L_tarson_Left_0.24	other				234187	1			0
Sound	L_tarson_Left_0.22	other				244364	1			0
Sound	L_tarson_Left_0.2	other				254511	1			0
Sound	L_tarson_Left_0.18	other				264688	1			0
Sound	L_tarson-Left-0.16	other				274834	2			0
Sound	L_tarson_Left_0.16	other				285011	1			0
Sound	L_tarson_Left_0.18	other				295188	1			0
Sound	L_tarson_Left_0.2	other				305335	1			0
Sound	L_tarson_Left_0.22	other				315512	1			0
Sound	L_tarson_Left_0.24	other				325689	1			0
Sound	L_tarson-Left-0.26	other				335836	1			0
Sound	L_tarson_Left_0.26	other				346013	1			0
Sound	L_tarson_Left_0.24	other				356160	1			0
Sound	L_tarson_Left_0.22	other				366337	1			0
Sound	L_tarson_Left_0.2	other				376513	2			0
Sound	L_tarson_Left_0.18	other				386660	2			0
Sound	L_tarson_Left_0.16	other				396837	1			0
Sound	L_tarson_Left_0.14	other				407014	1			0
Sound	L_tarson-Left-0.12	other				417161	1			0
Sound	L_tarson_Left_0.12	other				427338	1			0
Sound	L_tarson_Left_0.14	other				437485	1			0
Sound	L_tarson_Left_0.16	other				447662	1			0
Sound	L_tarson_Left_0.18	other				457839	1			0
Sound	H_tarson_Left_0.7	other				478162	2			0
Sound	H_tarson_Left_0.65	other				488339	2			0
Sound	H_tarson_Left_0.6	other				498486	1			0
Sound	H_tarson_Left_0.55	other				508663	1			0
Sound	H_tarson_Left_0.5	other				518810	1			0
Sound	H_tarson_Left_0.45	other				528987	1			0
Sound	H_tarson_Left_0.4	other				539164	1			0
Sound	H_tarson_Left_0.35	other				549311	1			0
Sound	H_tarson_Left_0.3	other				559488	1			0
Sound	H_tarson_Left_0.25	other				569664	2			0
Sound	H_tarson_Left_0.2	other				579811	2			0
Sound	H_tarson_Left_0.15	other				589988	2			0
Sound	H_tarson_Left_9.99999999999999e-002	other				600135	1			0
Sound	H_tarson-Left-4.99999999999999e-002	other				610312	1			0
Sound	H_tarson_Left_4.99999999999999e-002	other				620489	1			0
Sound	H_tarson_Left_9.99999999999999e-002	other				630636	1			0
Sound	H_tarson_Left_0.15	other				640813	1			0
Sound	H_tarson_Left_0.2	other				650990	1			0
Sound	H_tarson-Left-0.25	other				661137	1			0
Sound	H_tarson_Left_0.25	other				671314	1			0
Sound	H_tarson_Left_0.23	other				681460	2			0
Sound	H_tarson_Left_0.21	other				691637	1			0
Sound	H_tarson_Left_0.19	other				701814	1			0
Sound	H_tarson_Left_0.17	other				711961	1			0
Sound	H_tarson_Left_0.15	other				722138	1			0
Sound	H_tarson-Left-0.13	other				732315	1			0
Sound	H_tarson_Left_0.13	other				742462	1			0
Sound	H_tarson_Left_0.15	other				752639	1			0
Sound	H_tarson_Left_0.17	other				762786	1			0
Sound	H_tarson_Left_0.19	other				772963	1			0
Sound	H_tarson-Left-0.21	other				783139	2			0
Sound	H_tarson_Left_0.21	other				793286	1			0
Sound	H_tarson_Left_0.19	other				803463	1			0
Sound	H_tarson_Left_0.17	other				813640	1			0
Sound	H_tarson_Left_0.15	other				823787	2			0
Sound	H_tarson_Left_0.13	other				833964	1			0
Sound	H_tarson-Left-0.11	other				844141	1			0
Sound	H_tarson_Left_0.11	other				854288	1			0
Sound	H_tarson_Left_0.13	other				864464	2			0
Sound	H_tarson_Left_0.15	other				874611	2			0
Sound	H_tarson_Left_0.17	other				884788	2			0
Sound	L_tarson_Right_0.7	other				905112	1			0
Sound	L_tarson_Right_0.65	other				915289	1			0
Sound	L_tarson_Right_0.6	other				925436	1			0
Sound	L_tarson_Right_0.55	other				935613	1			0
Sound	L_tarson_Right_0.5	other				945790	1			0
Sound	L_tarson_Right_0.45	other				955937	1			0
Sound	L_tarson_Right_0.4	other				966113	2			0
Sound	L_tarson_Right_0.35	other				976290	1			0
Sound	L_tarson_Right_0.3	other				986437	2			0
Sound	L_tarson_Right_0.25	other				996614	1			0
Sound	L_tarson_Right_0.2	other				1006791	1			0
Sound	L_tarson_Right_0.15	other				1016938	1			0
Sound	L_tarson-Right-9.99999999999999e-002	other				1027115	1			0
Sound	L_tarson_Right_9.99999999999999e-002	other				1037262	1			0
Sound	L_tarson_Right_0.15	other				1047439	1			0
Sound	L_tarson_Right_0.2	other				1057616	1			0
Sound	L_tarson_Right_0.25	other				1067762	2			0
Sound	L_tarson-Right-0.3	other				1077939	2			0
Sound	L_tarson_Right_0.3	other				1088116	1			0
Sound	L_tarson_Right_0.28	other				1098263	1			0
Sound	L_tarson_Right_0.26	other				1108440	1			0
Sound	L_tarson_Right_0.24	other				1118587	1			0
Sound	L_tarson_Right_0.22	other				1128764	1			0
Sound	L_tarson_Right_0.2	other				1138941	1			0
Sound	L_tarson_Right_0.18	other				1149088	1			0
Sound	L_tarson_Right_0.16	other				1159265	1			0
Sound	L_tarson-Right-0.14	other				1169441	2			0
Sound	L_tarson_Right_0.14	other				1179588	2			0
Sound	L_tarson_Right_0.16	other				1189765	1			0
Sound	L_tarson_Right_0.18	other				1199912	1			0
Sound	L_tarson_Right_0.2	other				1210089	1			0
Sound	L_tarson_Right_0.22	other				1220266	1			0
Sound	L_tarson-Right-0.24	other				1230413	1			0
Sound	L_tarson_Right_0.24	other				1240590	1			0
Sound	L_tarson_Right_0.22	other				1250767	1			0
Sound	L_tarson_Right_0.2	other				1260913	2			0
Sound	L_tarson_Right_0.18	other				1271090	2			0
Sound	L_tarson_Right_0.16	other				1281237	2			0
Sound	L_tarson-Right-0.14	other				1291414	1			0
Sound	L_tarson_Right_0.14	other				1301591	1			0
Sound	L_tarson_Right_0.16	other				1311738	1			0
Sound	L_tarson_Right_0.18	other				1321915	1			0
Sound	L_tarson_Right_0.2	other				1332092	1			0
Sound	H_tarson_Right_0.7	other				1352416	1			0
Sound	H_tarson_Right_0.65	other				1362562	2			0
Sound	H_tarson_Right_0.6	other				1372739	2			0
Sound	H_tarson_Right_0.55	other				1382916	1			0
Sound	H_tarson_Right_0.5	other				1393063	1			0
Sound	H_tarson_Right_0.45	other				1403240	1			0
Sound	H_tarson_Right_0.4	other				1413417	1			0
Sound	H_tarson_Right_0.35	other				1423564	1			0
Sound	H_tarson_Right_0.3	other				1433741	1			0
Sound	H_tarson_Right_0.25	other				1443888	1			0
Sound	H_tarson_Right_0.2	other				1454065	1			0
Sound	H_tarson_Right_0.15	other				1464241	2			0
Sound	H_tarson_Right_9.99999999999999e-002	other				1474388	2			0
Sound	H_tarson-Right-4.99999999999999e-002	other				1484565	1			0
Sound	H_tarson_Right_4.99999999999999e-002	other				1494742	1			0
Sound	H_tarson_Right_9.99999999999999e-002	other				1504889	1			0
Sound	H_tarson_Right_0.15	other				1515066	1			0
Sound	H_tarson_Right_0.2	other				1525213	1			0
Sound	H_tarson-Right-0.25	other				1535390	1			0
Sound	H_tarson_Right_0.25	other				1545567	1			0
Sound	H_tarson_Right_0.23	other				1555714	1			0
Sound	H_tarson_Right_0.21	other				1565890	2			0
Sound	H_tarson_Right_0.19	other				1576067	1			0
Sound	H_tarson_Right_0.17	other				1586214	1			0
Sound	H_tarson_Right_0.15	other				1596391	1			0
Sound	H_tarson-Right-0.13	other				1606538	1			0
Sound	H_tarson_Right_0.13	other				1616715	1			0
Sound	H_tarson_Right_0.15	other				1626892	1			0
Sound	H_tarson_Right_0.17	other				1637039	1			0
Sound	H_tarson_Right_0.19	other				1647216	1			0
Sound	H_tarson_Right_0.21	other				1657392	2			0
Sound	H_tarson-Right-0.23	other				1667539	2			0
Sound	H_tarson_Right_0.23	other				1677716	2			0
Sound	H_tarson_Right_0.21	other				1687863	1			0
Sound	H_tarson_Right_0.19	other				1698040	1			0
Sound	H_tarson_Right_0.17	other				1708217	1			0
Sound	H_tarson_Right_0.15	other				1718364	1			0
Sound	H_tarson-Right-0.13	other				1728541	1			0
Sound	H_tarson_Right_0.13	other				1738718	1			0
Sound	H_tarson_Right_0.15	other				1748865	1			0
Sound	H_tarson_Right_0.17	other				1759042	1			0
Sound	H_tarson_Right_0.19	other				1769188	2			0
