Scenario - SeuilAuditif
Logfile written - 06/27/2017 15:07:10

Subject	Trial	Event Type	Code	Time	TTime	Uncertainty	Duration	Uncertainty	ReqTime	ReqDur	Stim Type	Pair Index

mirma	2	Sound	L_tarson_Left_0.7	388	57	1			0		other	0
mirma	3	Sound	L_tarson_Left_0.65	10535	38	1			0		other	0
mirma	4	Sound	L_tarson_Left_0.6	20712	49	1			0		other	0
mirma	5	Sound	L_tarson_Left_0.55	30859	31	1			0		other	0
mirma	6	Sound	L_tarson_Left_0.5	41036	42	1			0		other	0
mirma	7	Sound	L_tarson_Left_0.45	51213	53	1			0		other	0
mirma	8	Sound	L_tarson_Left_0.4	61359	34	2			0		other	0
mirma	9	Sound	L_tarson_Left_0.35	71536	45	1			0		other	0
mirma	10	Sound	L_tarson_Left_0.3	81713	57	1			0		other	0
mirma	11	Sound	L_tarson_Left_0.25	91860	38	1			0		other	0
mirma	12	Sound	L_tarson_Left_0.2	102037	49	1			0		other	0
mirma	13	Sound	L_tarson_Left_0.15	112184	31	1			0		other	0
mirma	14	Sound	L_tarson_Left_9.99999999999999e-002	122361	42	1			0		other	0
mirma	15	Sound	L_tarson_Left_4.99999999999999e-002	132538	53	1			0		other	0
mirma	16	Sound	L_tarson-Left-0	142685	35	1			0		other	0
mirma	17	Sound	L_tarson_Left_0	152861	45	2			0		other	0
mirma	18	Sound	L_tarson_Left_5.e-002	163038	56	2			0		other	0
mirma	19	Sound	L_tarson_Left_0.1	173185	38	1			0		other	0
mirma	20	Sound	L_tarson_Left_0.15	183362	49	1			0		other	0
mirma	21	Sound	L_tarson_Left_0.2	193509	30	1			0		other	0
mirma	22	Sound	L_tarson_Left_0.25	203686	41	1			0		other	0
mirma	23	Sound	L_tarson_Left_0.3	213863	53	1			0		other	0
mirma	24	Sound	L_tarson_Left_0.35	224010	34	1			0		other	0
mirma	25	Sound	L_tarson_Left_0.4	234187	45	1			0		other	0
mirma	26	Sound	L_tarson_Left_0.45	244363	56	2			0		other	0
mirma	27	Sound	L_tarson_Left_0.5	254510	37	2			0		other	0
mirma	28	Sound	L_tarson_Left_0.55	264687	48	2			0		other	0
mirma	29	Sound	L_tarson_Left_0.6	274834	30	1			0		other	0
mirma	30	Sound	L_tarson_Left_0.65	285011	41	1			0		other	0
mirma	31	Sound	L_tarson_Left_0.7	295188	53	1			0		other	0
mirma	32	Sound	L_tarson_Left_0.75	305335	34	1			0		other	0
mirma	33	Sound	L_tarson_Left_0.8	315512	45	1			0		other	0
mirma	34	Sound	L_tarson_Left_0.85	325689	57	1			0		other	0
mirma	35	Sound	L_tarson_Left_0.9	335836	38	1			0		other	0
mirma	36	Sound	L_tarson_Left_0.95	346013	49	1			0		other	0
mirma	37	Sound	L_tarson-Left-1	356159	30	2			0		other	0
mirma	38	Sound	L_tarson_Left_1	366336	41	1			0		other	0
mirma	39	Sound	L_tarson_Left_0.98	376513	52	1			0		other	0
mirma	40	Sound	L_tarson_Left_0.96	386660	34	1			0		other	0
mirma	41	Sound	L_tarson_Left_0.94	396837	45	1			0		other	0
mirma	42	Sound	L_tarson_Left_0.92	407014	56	1			0		other	0
mirma	43	Sound	L_tarson_Left_0.9	417161	38	1			0		other	0
mirma	44	Sound	L_tarson_Left_0.88	427338	49	1			0		other	0
mirma	45	Sound	L_tarson_Left_0.86	437485	30	1			0		other	0
mirma	46	Sound	L_tarson_Left_0.84	447658	38	9			0		other	0
mirma	47	Sound	L_tarson_Left_0.82	457838	52	1			0		other	0
mirma	48	Sound	L_tarson_Left_0.8	467985	33	1			0		other	0
mirma	49	Sound	L_tarson_Left_0.78	478162	45	1			0		other	0
mirma	50	Sound	L_tarson_Left_0.76	488339	56	1			0		other	0
mirma	51	Sound	L_tarson_Left_0.74	498486	37	1			0		other	0
mirma	52	Sound	L_tarson_Left_0.72	508663	49	1			0		other	0
mirma	53	Sound	L_tarson_Left_0.7	518810	30	1			0		other	0
mirma	54	Sound	L_tarson_Left_0.68	528987	41	1			0		other	0
mirma	55	Sound	L_tarson_Left_0.66	539163	52	2			0		other	0
mirma	56	Sound	L_tarson_Left_0.64	549310	33	1			0		other	0
mirma	57	Sound	L_tarson_Left_0.62	559487	44	1			0		other	0
mirma	58	Sound	L_tarson_Left_0.6	569664	56	1			0		other	0
mirma	59	Sound	L_tarson_Left_0.58	579811	37	1			0		other	0
mirma	60	Sound	L_tarson_Left_0.56	589988	48	1			0		other	0
mirma	61	Sound	L_tarson_Left_0.54	600135	30	1			0		other	0
mirma	62	Sound	L_tarson_Left_0.52	610312	41	1			0		other	0
mirma	63	Sound	L_tarson_Left_0.5	620489	52	1			0		other	0
mirma	64	Sound	L_tarson_Left_0.48	630636	34	1			0		other	0
mirma	65	Sound	L_tarson_Left_0.46	640812	44	2			0		other	0
mirma	66	Sound	L_tarson_Left_0.44	650989	55	2			0		other	0
mirma	67	Sound	L_tarson_Left_0.419999999999999	661136	37	1			0		other	0
mirma	68	Sound	L_tarson_Left_0.399999999999999	671313	48	1			0		other	0
mirma	69	Sound	L_tarson_Left_0.379999999999999	681460	29	1			0		other	0
mirma	70	Sound	L_tarson_Left_0.359999999999999	691637	41	1			0		other	0
mirma	71	Sound	L_tarson_Left_0.339999999999999	701814	52	1			0		other	0
mirma	72	Sound	L_tarson_Left_0.319999999999999	711961	33	1			0		other	0
mirma	73	Sound	L_tarson_Left_0.299999999999999	722138	45	1			0		other	0
mirma	74	Sound	L_tarson_Left_0.279999999999999	732314	55	2			0		other	0
mirma	75	Sound	L_tarson_Left_0.259999999999999	742461	36	2			0		other	0
mirma	76	Sound	L_tarson_Left_0.239999999999999	752638	48	1			0		other	0
mirma	77	Sound	L_tarson_Left_0.219999999999999	762785	29	1			0		other	0
mirma	78	Sound	L_tarson_Left_0.199999999999999	772962	41	1			0		other	0
mirma	79	Sound	L_tarson_Left_0.179999999999999	783139	52	1			0		other	0
mirma	80	Sound	L_tarson_Left_0.159999999999999	793286	33	1			0		other	0
mirma	81	Sound	L_tarson_Left_0.139999999999999	803463	44	1			0		other	0
mirma	82	Sound	L_tarson_Left_0.119999999999999	813640	56	1			0		other	0
mirma	83	Sound	L_tarson_Left_9.99999999999994e-002	823786	36	2			0		other	0
mirma	84	Sound	L_tarson_Left_7.99999999999994e-002	833963	48	1			0		other	0
mirma	85	Sound	L_tarson_Left_5.99999999999994e-002	844140	59	1			0		other	0
mirma	86	Sound	L_tarson_Left_3.99999999999994e-002	854287	40	1			0		other	0
mirma	87	Sound	L_tarson_Left_1.99999999999994e-002	864464	52	1			0		other	0
mirma	88	Sound	L_tarson-Left-0	874611	33	1			0		other	0
mirma	89	Sound	L_tarson_Left_0	884788	44	1			0		other	0
mirma	90	Sound	L_tarson_Left_2.e-002	894965	56	1			0		other	0
mirma	91	Sound	L_tarson_Left_4.e-002	905112	37	1			0		other	0
mirma	92	Sound	L_tarson_Left_6.e-002	915289	48	1			0		other	0
mirma	93	Sound	L_tarson_Left_8.e-002	925465	59	2			0		other	0
mirma	94	Sound	L_tarson_Left_0.1	935612	40	2			0		other	0
mirma	95	Sound	L_tarson_Left_0.12	945789	51	1			0		other	0
mirma	96	Sound	L_tarson_Left_0.14	955936	33	1			0		other	0
mirma	97	Sound	L_tarson_Left_0.16	966113	44	1			0		other	0
mirma	98	Sound	L_tarson_Left_0.18	976290	55	1			0		other	0
mirma	99	Sound	L_tarson_Left_0.2	986437	37	1			0		other	0
mirma	100	Sound	L_tarson_Left_0.22	996614	48	1			0		other	0
mirma	101	Sound	L_tarson_Left_0.24	1006790	58	2			0		other	0
mirma	102	Sound	L_tarson_Left_0.26	1016937	40	2			0		other	0
mirma	103	Sound	L_tarson_Left_0.28	1027114	51	1			0		other	0
mirma	104	Sound	L_tarson_Left_0.3	1037261	32	1			0		other	0
mirma	105	Sound	L_tarson_Left_0.32	1047438	44	1			0		other	0
mirma	106	Sound	L_tarson_Left_0.34	1057615	55	1			0		other	0
mirma	107	Sound	L_tarson_Left_0.36	1067762	36	1			0		other	0
mirma	108	Sound	L_tarson_Left_0.38	1077939	176	1			0		other	0
mirma	109	Sound	L_tarson_Left_0.4	1087936	48	1			0		other	0
mirma	110	Sound	L_tarson_Left_0.42	1098113	57	1			0		other	0
mirma	111	Sound	L_tarson_Left_0.44	1108260	38	1			0		other	0
mirma	112	Sound	L_tarson_Left_0.46	1118437	50	1			0		other	0
mirma	113	Sound	L_tarson_Left_0.48	1128584	31	1			0		other	0
mirma	114	Sound	L_tarson_Left_0.5	1138761	42	1			0		other	0
mirma	115	Sound	L_tarson_Left_0.52	1148937	53	2			0		other	0
mirma	116	Sound	L_tarson_Left_0.54	1159084	34	2			0		other	0
mirma	117	Sound	L_tarson_Left_0.56	1169261	45	2			0		other	0
mirma	118	Sound	L_tarson_Left_0.58	1179438	57	1			0		other	0
mirma	119	Sound	L_tarson_Left_0.6	1189585	38	1			0		other	0
mirma	120	Sound	L_tarson_Left_0.62	1199762	49	1			0		other	0
mirma	121	Sound	L_tarson_Left_0.64	1209909	31	1			0		other	0
mirma	122	Sound	L_tarson_Left_0.66	1220086	42	1			0		other	0
mirma	123	Sound	L_tarson_Left_0.68	1230263	54	1			0		other	0
mirma	124	Sound	L_tarson_Left_0.7	1240410	35	1			0		other	0
mirma	125	Sound	L_tarson_Left_0.72	1250587	46	1			0		other	0
mirma	126	Sound	L_tarson_Left_0.74	1260763	57	1			0		other	0
mirma	127	Sound	L_tarson_Left_0.76	1270910	38	1			0		other	0
mirma	128	Sound	L_tarson_Left_0.78	1281087	49	1			0		other	0
mirma	129	Sound	L_tarson_Left_0.8	1291234	30	1			0		other	0
mirma	130	Sound	L_tarson_Left_0.82	1301411	42	1			0		other	0
mirma	130	Quit		1305434	4065


Event Type	Code	Type	Response	RT	RT Uncertainty	Time	Uncertainty	Duration	Uncertainty	ReqTime	ReqDur

Sound	L_tarson_Left_0.7	other				388	1			0
Sound	L_tarson_Left_0.65	other				10535	1			0
Sound	L_tarson_Left_0.6	other				20712	1			0
Sound	L_tarson_Left_0.55	other				30859	1			0
Sound	L_tarson_Left_0.5	other				41036	1			0
Sound	L_tarson_Left_0.45	other				51213	1			0
Sound	L_tarson_Left_0.4	other				61359	2			0
Sound	L_tarson_Left_0.35	other				71536	1			0
Sound	L_tarson_Left_0.3	other				81713	1			0
Sound	L_tarson_Left_0.25	other				91860	1			0
Sound	L_tarson_Left_0.2	other				102037	1			0
Sound	L_tarson_Left_0.15	other				112184	1			0
Sound	L_tarson_Left_9.99999999999999e-002	other				122361	1			0
Sound	L_tarson_Left_4.99999999999999e-002	other				132538	1			0
Sound	L_tarson-Left-0	other				142685	1			0
Sound	L_tarson_Left_0	other				152861	2			0
Sound	L_tarson_Left_5.e-002	other				163038	2			0
Sound	L_tarson_Left_0.1	other				173185	1			0
Sound	L_tarson_Left_0.15	other				183362	1			0
Sound	L_tarson_Left_0.2	other				193509	1			0
Sound	L_tarson_Left_0.25	other				203686	1			0
Sound	L_tarson_Left_0.3	other				213863	1			0
Sound	L_tarson_Left_0.35	other				224010	1			0
Sound	L_tarson_Left_0.4	other				234187	1			0
Sound	L_tarson_Left_0.45	other				244363	2			0
Sound	L_tarson_Left_0.5	other				254510	2			0
Sound	L_tarson_Left_0.55	other				264687	2			0
Sound	L_tarson_Left_0.6	other				274834	1			0
Sound	L_tarson_Left_0.65	other				285011	1			0
Sound	L_tarson_Left_0.7	other				295188	1			0
Sound	L_tarson_Left_0.75	other				305335	1			0
Sound	L_tarson_Left_0.8	other				315512	1			0
Sound	L_tarson_Left_0.85	other				325689	1			0
Sound	L_tarson_Left_0.9	other				335836	1			0
Sound	L_tarson_Left_0.95	other				346013	1			0
Sound	L_tarson-Left-1	other				356159	2			0
Sound	L_tarson_Left_1	other				366336	1			0
Sound	L_tarson_Left_0.98	other				376513	1			0
Sound	L_tarson_Left_0.96	other				386660	1			0
Sound	L_tarson_Left_0.94	other				396837	1			0
Sound	L_tarson_Left_0.92	other				407014	1			0
Sound	L_tarson_Left_0.9	other				417161	1			0
Sound	L_tarson_Left_0.88	other				427338	1			0
Sound	L_tarson_Left_0.86	other				437485	1			0
Sound	L_tarson_Left_0.84	other				447658	9			0
Sound	L_tarson_Left_0.82	other				457838	1			0
Sound	L_tarson_Left_0.8	other				467985	1			0
Sound	L_tarson_Left_0.78	other				478162	1			0
Sound	L_tarson_Left_0.76	other				488339	1			0
Sound	L_tarson_Left_0.74	other				498486	1			0
Sound	L_tarson_Left_0.72	other				508663	1			0
Sound	L_tarson_Left_0.7	other				518810	1			0
Sound	L_tarson_Left_0.68	other				528987	1			0
Sound	L_tarson_Left_0.66	other				539163	2			0
Sound	L_tarson_Left_0.64	other				549310	1			0
Sound	L_tarson_Left_0.62	other				559487	1			0
Sound	L_tarson_Left_0.6	other				569664	1			0
Sound	L_tarson_Left_0.58	other				579811	1			0
Sound	L_tarson_Left_0.56	other				589988	1			0
Sound	L_tarson_Left_0.54	other				600135	1			0
Sound	L_tarson_Left_0.52	other				610312	1			0
Sound	L_tarson_Left_0.5	other				620489	1			0
Sound	L_tarson_Left_0.48	other				630636	1			0
Sound	L_tarson_Left_0.46	other				640812	2			0
Sound	L_tarson_Left_0.44	other				650989	2			0
Sound	L_tarson_Left_0.419999999999999	other				661136	1			0
Sound	L_tarson_Left_0.399999999999999	other				671313	1			0
Sound	L_tarson_Left_0.379999999999999	other				681460	1			0
Sound	L_tarson_Left_0.359999999999999	other				691637	1			0
Sound	L_tarson_Left_0.339999999999999	other				701814	1			0
Sound	L_tarson_Left_0.319999999999999	other				711961	1			0
Sound	L_tarson_Left_0.299999999999999	other				722138	1			0
Sound	L_tarson_Left_0.279999999999999	other				732314	2			0
Sound	L_tarson_Left_0.259999999999999	other				742461	2			0
Sound	L_tarson_Left_0.239999999999999	other				752638	1			0
Sound	L_tarson_Left_0.219999999999999	other				762785	1			0
Sound	L_tarson_Left_0.199999999999999	other				772962	1			0
Sound	L_tarson_Left_0.179999999999999	other				783139	1			0
Sound	L_tarson_Left_0.159999999999999	other				793286	1			0
Sound	L_tarson_Left_0.139999999999999	other				803463	1			0
Sound	L_tarson_Left_0.119999999999999	other				813640	1			0
Sound	L_tarson_Left_9.99999999999994e-002	other				823786	2			0
Sound	L_tarson_Left_7.99999999999994e-002	other				833963	1			0
Sound	L_tarson_Left_5.99999999999994e-002	other				844140	1			0
Sound	L_tarson_Left_3.99999999999994e-002	other				854287	1			0
Sound	L_tarson_Left_1.99999999999994e-002	other				864464	1			0
Sound	L_tarson-Left-0	other				874611	1			0
Sound	L_tarson_Left_0	other				884788	1			0
Sound	L_tarson_Left_2.e-002	other				894965	1			0
Sound	L_tarson_Left_4.e-002	other				905112	1			0
Sound	L_tarson_Left_6.e-002	other				915289	1			0
Sound	L_tarson_Left_8.e-002	other				925465	2			0
Sound	L_tarson_Left_0.1	other				935612	2			0
Sound	L_tarson_Left_0.12	other				945789	1			0
Sound	L_tarson_Left_0.14	other				955936	1			0
Sound	L_tarson_Left_0.16	other				966113	1			0
Sound	L_tarson_Left_0.18	other				976290	1			0
Sound	L_tarson_Left_0.2	other				986437	1			0
Sound	L_tarson_Left_0.22	other				996614	1			0
Sound	L_tarson_Left_0.24	other				1006790	2			0
Sound	L_tarson_Left_0.26	other				1016937	2			0
Sound	L_tarson_Left_0.28	other				1027114	1			0
Sound	L_tarson_Left_0.3	other				1037261	1			0
Sound	L_tarson_Left_0.32	other				1047438	1			0
Sound	L_tarson_Left_0.34	other				1057615	1			0
Sound	L_tarson_Left_0.36	other				1067762	1			0
Sound	L_tarson_Left_0.38	other				1077939	1			0
Sound	L_tarson_Left_0.4	other				1087936	1			0
Sound	L_tarson_Left_0.42	other				1098113	1			0
Sound	L_tarson_Left_0.44	other				1108260	1			0
Sound	L_tarson_Left_0.46	other				1118437	1			0
Sound	L_tarson_Left_0.48	other				1128584	1			0
Sound	L_tarson_Left_0.5	other				1138761	1			0
Sound	L_tarson_Left_0.52	other				1148937	2			0
Sound	L_tarson_Left_0.54	other				1159084	2			0
Sound	L_tarson_Left_0.56	other				1169261	2			0
Sound	L_tarson_Left_0.58	other				1179438	1			0
Sound	L_tarson_Left_0.6	other				1189585	1			0
Sound	L_tarson_Left_0.62	other				1199762	1			0
Sound	L_tarson_Left_0.64	other				1209909	1			0
Sound	L_tarson_Left_0.66	other				1220086	1			0
Sound	L_tarson_Left_0.68	other				1230263	1			0
Sound	L_tarson_Left_0.7	other				1240410	1			0
Sound	L_tarson_Left_0.72	other				1250587	1			0
Sound	L_tarson_Left_0.74	other				1260763	1			0
Sound	L_tarson_Left_0.76	other				1270910	1			0
Sound	L_tarson_Left_0.78	other				1281087	1			0
Sound	L_tarson_Left_0.8	other				1291234	1			0
Sound	L_tarson_Left_0.82	other				1301411	1			0
