Scenario - 17_March_2015
Logfile written - 07/03/2017 16:16:33

Subject	Trial	Event Type	Code	Time	TTime	Uncertainty	Duration	Uncertainty	ReqTime	ReqDur	Stim Type	Pair Index

delsa	1	Response	253	-2829	7004	2
delsa	2	Picture	10	-2668	0	2	20164	3	0	20000	other	0
delsa	3	Picture	10	17663	0	1	40162	2	0	40000	other	0
delsa	3	Response	251	40185	22522	2
delsa	4	Picture	10	57992	0	1	40162	2	0	40000	other	0
delsa	4	Response	252	72453	14461	1
delsa	5	Nothing	91	98156	0	1			0		other	0
delsa	6	Picture	2	128317	0	2	2000	4	0	1920	other	0
delsa	7	Sound	62	140289	0	1			0		hit	10
delsa	7	Response	251	149450	9161	2
delsa	8	Picture	101	175312	0	2	2000	4	0	1920	other	0
delsa	9	Sound	61	187311	0	2			0		hit	13
delsa	9	Response	251	192813	5502	2
delsa	10	Picture	123	221807	0	2	2000	4	0	1920	other	0
delsa	10	Sound	52	228866	7059	2			7060		other	0
delsa	11	Sound	63	233795	0	2			0		hit	17
delsa	11	Response	252	238648	4853	1
delsa	12	Picture	101	267969	0	2	2000	3	0	1920	other	0
delsa	13	Sound	61	279950	0	1			0		hit	20
delsa	13	Response	251	285155	5205	2
delsa	14	Picture	103	315297	0	2	2000	4	0	1920	other	0
delsa	15	Sound	63	327272	0	1			0		hit	23
delsa	15	Response	252	334006	6734	2
delsa	16	Picture	4	362959	0	1	2000	2	0	1920	other	0
delsa	17	Sound	64	374953	0	2			0		hit	26
delsa	17	Response	252	381296	6343	2
delsa	18	Picture	11	410121	0	1	1999	2	0	1920	other	0
delsa	18	Sound	51	412830	2709	2			2710		other	0
delsa	19	Sound	61	422096	0	1			0		hit	30
delsa	19	Response	251	428210	6114	1
delsa	20	Picture	22	456449	0	1	1999	3	0	1920	other	0
delsa	20	Sound	52	464008	7559	2			7560		other	0
delsa	21	Sound	62	468430	0	1			0		hit	34
delsa	21	Response	251	475847	7417	2
delsa	22	Picture	1	504277	0	1	2000	2	0	1920	other	0
delsa	23	Sound	61	516261	0	1			0		hit	37
delsa	23	Response	251	520855	4594	1
delsa	24	Picture	2	550939	0	1	1999	3	0	1920	other	0
delsa	25	Sound	62	562924	0	1			0		hit	40
delsa	25	Response	251	568137	5213	1
delsa	26	Picture	204	597267	0	2	2000	3	0	1920	other	0
delsa	27	Sound	64	609258	0	2			0		hit	43
delsa	27	Response	252	615240	5982	2
delsa	28	Picture	4	644428	0	2	2000	4	0	1920	other	0
delsa	29	Sound	64	656401	0	1			0		hit	46
delsa	29	Response	252	660219	3818	2
delsa	30	Picture	111	692423	0	2	2000	4	0	1920	other	0
delsa	30	Sound	51	695942	3519	2			3520		other	0
delsa	31	Sound	61	704411	0	2			0		hit	50
delsa	31	Response	251	709746	5335	1
delsa	32	Picture	3	739252	0	1	1999	3	0	1920	other	0
delsa	33	Sound	63	751225	0	1			0		hit	53
delsa	33	Response	252	757077	5852	1
delsa	33	Response	252	759206	7981	1
delsa	34	Picture	24	785747	0	1	1999	3	0	1920	other	0
delsa	34	Sound	52	793046	7299	1			7300		other	0
delsa	35	Sound	64	797738	0	2			0		hit	58
delsa	35	Response	252	804184	6446	1
delsa	36	Picture	1	832408	0	2	2000	4	0	1920	other	0
delsa	37	Sound	61	844402	0	1			0		hit	61
delsa	37	Response	251	848938	4536	2
delsa	38	Picture	3	879903	0	2	2000	3	0	1920	other	0
delsa	39	Sound	63	891874	0	1			0		hit	64
delsa	39	Response	252	899696	7822	2
delsa	40	Picture	202	926898	0	2	2000	3	0	1920	other	0
delsa	41	Sound	62	938896	0	2			0		hit	67
delsa	41	Response	251	945093	6197	1
delsa	42	Picture	2	974226	0	2	2000	4	0	1920	other	0
delsa	43	Sound	62	986218	0	2			0		hit	70
delsa	43	Response	251	991351	5133	1
delsa	44	Picture	4	1021888	0	2	2000	3	0	1920	other	0
delsa	45	Sound	64	1033870	0	1			0		hit	73
delsa	45	Response	252	1038862	4992	1
delsa	46	Picture	3	1068716	0	2	2000	3	0	1920	other	0
delsa	47	Sound	63	1080713	0	1			0		hit	76
delsa	47	Response	252	1095762	15049	2
delsa	48	Picture	204	1116544	0	2	2000	4	0	1920	other	0
delsa	49	Sound	64	1128544	0	1			0		hit	79
delsa	49	Response	252	1132396	3852	1
delsa	49	Response	252	1134525	5981	1
delsa	50	Picture	13	1164706	0	1	2000	2	0	1920	other	0
delsa	50	Sound	51	1167705	2999	2			3000		other	0
delsa	51	Sound	63	1176704	0	1			0		hit	84
delsa	51	Response	252	1180482	3778	1
delsa	52	Picture	3	1210868	0	1	1999	3	0	1920	other	0
delsa	53	Sound	63	1222858	0	2			0		hit	87
delsa	53	Response	252	1226085	3227	1
delsa	53	Response	252	1228518	5660	1
delsa	54	Picture	204	1258529	0	2	2000	3	0	1920	other	0
delsa	55	Sound	64	1270510	0	1			0		hit	91
delsa	55	Response	252	1274072	3562	1
delsa	56	Picture	1	1305691	0	1	1999	3	0	1920	other	0
delsa	57	Sound	61	1317682	0	1			0		hit	94
delsa	57	Response	251	1323638	5956	1
delsa	58	Picture	1	1352686	0	1	1999	3	0	1920	other	0
delsa	59	Sound	61	1364675	0	1			0		hit	97
delsa	59	Response	251	1368976	4301	1
delsa	60	Picture	103	1399514	0	1	2000	2	0	1920	other	0
delsa	61	Sound	63	1411488	0	1			0		hit	100
delsa	61	Response	252	1417200	5712	2
delsa	62	Picture	2	1446342	0	2	2000	3	0	1920	other	0
delsa	63	Sound	62	1458331	0	1			0		hit	103
delsa	63	Response	251	1466718	8387	2
delsa	64	Picture	103	1493837	0	2	1999	4	0	1920	other	0
delsa	65	Sound	63	1505833	0	1			0		hit	106
delsa	65	Response	252	1512133	6300	1
delsa	66	Picture	4	1540165	0	2	2000	4	0	1920	other	0
delsa	67	Sound	64	1552137	0	1			0		hit	109
delsa	67	Response	252	1555980	3843	1
delsa	68	Picture	113	1587327	0	1	2000	2	0	1920	other	0
delsa	68	Sound	51	1592446	5119	2			5120		other	0
delsa	69	Sound	63	1599309	0	2			0		hit	113
delsa	69	Response	252	1603640	4331	1
delsa	70	Picture	103	1633489	0	1	1999	3	0	1920	other	0
delsa	71	Sound	63	1645464	0	1			0		hit	116
delsa	71	Response	252	1649360	3896	2
delsa	72	Picture	204	1680317	0	2	2000	3	0	1920	other	0
delsa	73	Sound	64	1692307	0	1			0		hit	119
delsa	73	Response	252	1694789	2482	2
delsa	73	Response	252	1698033	5726	1
delsa	74	Picture	202	1727478	0	2	2000	4	0	1920	other	0
delsa	75	Sound	62	1739449	0	2			0		hit	123
delsa	75	Response	251	1746957	7508	2
delsa	76	Picture	224	1774973	0	2	2000	4	0	1920	other	0
delsa	76	Sound	52	1781262	6289	1			6290		other	0
delsa	77	Sound	64	1786951	0	1			0		hit	127
delsa	77	Response	252	1792833	5882	1
delsa	78	Picture	1	1821802	0	1	1999	3	0	1920	other	0
delsa	79	Sound	61	1833794	0	1			0		hit	130
delsa	79	Response	251	1839573	5779	1
delsa	80	Picture	23	1868463	0	2	2000	4	0	1920	other	0
delsa	80	Sound	52	1876412	7949	1			7950		other	0
delsa	81	Sound	63	1880458	0	1			0		hit	134
delsa	81	Response	252	1888989	8531	1
delsa	82	Picture	103	1915292	0	1	1999	3	0	1920	other	0
delsa	83	Sound	63	1927271	0	1			0		hit	137
delsa	83	Response	252	1930634	3363	1
delsa	84	Picture	212	1962287	0	1	1999	3	0	1920	other	0
delsa	84	Sound	51	1967266	4979	1			4980		other	0
delsa	85	Sound	62	1974264	0	1			0		hit	141
delsa	85	Response	251	1981256	6992	2
delsa	86	Picture	204	2010115	0	1	2000	2	0	1920	other	0
delsa	87	Sound	64	2022095	0	1			0		incorrect	144
delsa	87	Response	251	2042810	20715	2
delsa	88	Picture	101	2057776	0	2	2000	3	0	1920	other	0
delsa	89	Sound	61	2069776	0	1			0		hit	147
delsa	89	Response	251	2084131	14355	1
delsa	89	Response	251	2087827	18051	2
delsa	90	Picture	101	2105605	0	2	1999	4	0	1920	other	0
delsa	91	Sound	61	2117577	0	1			0		hit	151
delsa	91	Response	251	2124550	6973	1
delsa	92	Picture	4	2153433	0	1	1999	3	0	1920	other	0
delsa	93	Sound	64	2165408	0	1			0		hit	154
delsa	93	Response	252	2169453	4045	1
delsa	94	Picture	202	2201261	0	1	2000	2	0	1920	other	0
delsa	95	Sound	62	2213238	0	2			0		hit	157
delsa	95	Response	251	2220631	7393	2
delsa	96	Picture	222	2248089	0	2	2000	3	0	1920	other	0
delsa	96	Sound	52	2256218	8129	2			8130		other	0
delsa	97	Sound	62	2260082	0	1			0		hit	161
delsa	97	Response	251	2266913	6831	1
delsa	98	Picture	121	2295251	0	1	2000	2	0	1920	other	0
delsa	98	Sound	52	2302990	7739	2			7740		other	0
delsa	99	Sound	61	2307224	0	1			0		hit	165
delsa	99	Response	251	2320217	12993	2
delsa	100	Picture	1	2342412	0	2	2000	3	0	1920	other	0
delsa	101	Sound	61	2354396	0	1			0		hit	168
delsa	101	Response	251	2358988	4592	2
delsa	102	Picture	101	2388574	0	2	2000	3	0	1920	other	0
delsa	103	Sound	61	2400551	0	1			0		hit	171
delsa	103	Response	251	2404088	3537	2
delsa	104	Picture	2	2436569	0	1	2000	2	0	1920	other	0
delsa	105	Sound	62	2448561	0	1			0		hit	174
delsa	105	Response	251	2455457	6896	1
delsa	106	Picture	202	2483730	0	2	2000	4	0	1920	other	0
delsa	107	Sound	62	2495704	0	1			0		hit	177
delsa	107	Response	251	2500598	4894	2
delsa	108	Picture	14	2530225	0	2	2000	4	0	1920	other	0
delsa	108	Sound	51	2533944	3719	1			3720		other	0
delsa	109	Sound	64	2542217	0	2			0		hit	181
delsa	109	Response	252	2548250	6033	1
delsa	110	Picture	202	2576387	0	2	2000	3	0	1920	other	0
delsa	111	Sound	62	2588372	0	1			0		hit	184
delsa	111	Response	251	2599714	11342	1
delsa	112	Picture	3	2623049	0	1	1999	3	0	1920	other	0
delsa	113	Sound	63	2635036	0	1			0		hit	187
delsa	113	Response	252	2640827	5791	2
delsa	114	Picture	2	2670044	0	1	1999	3	0	1920	other	0
delsa	115	Sound	62	2682029	0	1			0		hit	190
delsa	115	Response	251	2692944	10915	2
delsa	116	Picture	103	2716539	0	1	1999	3	0	1920	other	0
delsa	117	Sound	63	2728513	0	1			0		hit	193
delsa	117	Response	252	2734302	5789	1
delsa	118	Picture	214	2764533	0	2	2000	4	0	1920	other	0
delsa	118	Sound	51	2767932	3399	1			3400		other	0
delsa	119	Sound	64	2776523	0	1			0		hit	197
delsa	119	Response	252	2791041	14518	2
delsa	120	Picture	101	2810862	0	1	2000	2	0	1920	other	0
delsa	121	Sound	61	2822857	0	1			0		hit	200
delsa	121	Response	251	2829433	6576	2
delsa	122	Picture	12	2858690	0	2	2000	3	0	1920	other	0
delsa	122	Sound	51	2861969	3279	2			3280		other	0
delsa	123	Sound	62	2870688	0	1			0		hit	204
delsa	123	Response	251	2890437	19749	2
delsa	124	Picture	21	2905018	0	2	2000	4	0	1920	other	0
delsa	124	Sound	52	2913197	8179	2			8180		other	0
delsa	125	Sound	61	2916992	0	2			0		hit	208
delsa	125	Response	251	2937025	20033	1
delsa	126	Picture	4	2951847	0	1	1999	3	0	1920	other	0
delsa	127	Sound	64	2963835	0	2			0		hit	211
delsa	127	Response	252	2968882	5047	1
delsa	127	Response	252	2971218	7383	1
delsa	128	Picture	204	2999675	0	1	2000	2	0	1920	other	0
delsa	129	Sound	64	3011666	0	1			0		hit	215
delsa	129	Response	252	3015419	3753	2
delsa	130	Picture	3	3046336	0	2	2000	4	0	1920	other	0
delsa	131	Sound	63	3058330	0	1			0		hit	218
delsa	131	Response	252	3065149	6819	1
delsa	132	Picture	202	3092998	0	2	2000	4	0	1920	other	0
delsa	133	Sound	62	3104993	0	2			0		hit	221
delsa	133	Response	251	3110984	5991	2
delsa	134	Response	253	3279845	139852	2


Event Type	Code	Type	Response	RT	RT Uncertainty	Time	Uncertainty	Duration	Uncertainty	ReqTime	ReqDur

Picture	10	other				-2668	2	20164	3	0	20000
Picture	10	other				17663	1	40162	2	0	40000
Picture	10	other				57992	1	40162	2	0	40000
Nothing	91	other				98156	1			0
Picture	2	other				128317	2	2000	4	0	1920
Sound	62	hit	1	9161	3	140289	1			0
Picture	101	other				175312	2	2000	4	0	1920
Sound	61	hit	1	5502	4	187311	2			0
Picture	123	other				221807	2	2000	4	0	1920
Sound	52	other				228866	2			7060
Sound	63	hit	2	4853	3	233795	2			0
Picture	101	other				267969	2	2000	3	0	1920
Sound	61	hit	1	5205	3	279950	1			0
Picture	103	other				315297	2	2000	4	0	1920
Sound	63	hit	2	6734	3	327272	1			0
Picture	4	other				362959	1	2000	2	0	1920
Sound	64	hit	2	6343	4	374953	2			0
Picture	11	other				410121	1	1999	2	0	1920
Sound	51	other				412830	2			2710
Sound	61	hit	1	6114	2	422096	1			0
Picture	22	other				456449	1	1999	3	0	1920
Sound	52	other				464008	2			7560
Sound	62	hit	1	7417	3	468430	1			0
Picture	1	other				504277	1	2000	2	0	1920
Sound	61	hit	1	4594	2	516261	1			0
Picture	2	other				550939	1	1999	3	0	1920
Sound	62	hit	1	5213	2	562924	1			0
Picture	204	other				597267	2	2000	3	0	1920
Sound	64	hit	2	5982	4	609258	2			0
Picture	4	other				644428	2	2000	4	0	1920
Sound	64	hit	2	3818	3	656401	1			0
Picture	111	other				692423	2	2000	4	0	1920
Sound	51	other				695942	2			3520
Sound	61	hit	1	5335	3	704411	2			0
Picture	3	other				739252	1	1999	3	0	1920
Sound	63	hit	2	5852	2	751225	1			0
Picture	24	other				785747	1	1999	3	0	1920
Sound	52	other				793046	1			7300
Sound	64	hit	2	6446	3	797738	2			0
Picture	1	other				832408	2	2000	4	0	1920
Sound	61	hit	1	4536	3	844402	1			0
Picture	3	other				879903	2	2000	3	0	1920
Sound	63	hit	2	7822	3	891874	1			0
Picture	202	other				926898	2	2000	3	0	1920
Sound	62	hit	1	6197	3	938896	2			0
Picture	2	other				974226	2	2000	4	0	1920
Sound	62	hit	1	5133	3	986218	2			0
Picture	4	other				1021888	2	2000	3	0	1920
Sound	64	hit	2	4992	2	1033870	1			0
Picture	3	other				1068716	2	2000	3	0	1920
Sound	63	hit	2	15049	3	1080713	1			0
Picture	204	other				1116544	2	2000	4	0	1920
Sound	64	hit	2	3852	2	1128544	1			0
Picture	13	other				1164706	1	2000	2	0	1920
Sound	51	other				1167705	2			3000
Sound	63	hit	2	3778	2	1176704	1			0
Picture	3	other				1210868	1	1999	3	0	1920
Sound	63	hit	2	3227	3	1222858	2			0
Picture	204	other				1258529	2	2000	3	0	1920
Sound	64	hit	2	3562	2	1270510	1			0
Picture	1	other				1305691	1	1999	3	0	1920
Sound	61	hit	1	5956	2	1317682	1			0
Picture	1	other				1352686	1	1999	3	0	1920
Sound	61	hit	1	4301	2	1364675	1			0
Picture	103	other				1399514	1	2000	2	0	1920
Sound	63	hit	2	5712	3	1411488	1			0
Picture	2	other				1446342	2	2000	3	0	1920
Sound	62	hit	1	8387	3	1458331	1			0
Picture	103	other				1493837	2	1999	4	0	1920
Sound	63	hit	2	6300	2	1505833	1			0
Picture	4	other				1540165	2	2000	4	0	1920
Sound	64	hit	2	3843	2	1552137	1			0
Picture	113	other				1587327	1	2000	2	0	1920
Sound	51	other				1592446	2			5120
Sound	63	hit	2	4331	3	1599309	2			0
Picture	103	other				1633489	1	1999	3	0	1920
Sound	63	hit	2	3896	3	1645464	1			0
Picture	204	other				1680317	2	2000	3	0	1920
Sound	64	hit	2	2482	3	1692307	1			0
Picture	202	other				1727478	2	2000	4	0	1920
Sound	62	hit	1	7508	4	1739449	2			0
Picture	224	other				1774973	2	2000	4	0	1920
Sound	52	other				1781262	1			6290
Sound	64	hit	2	5882	2	1786951	1			0
Picture	1	other				1821802	1	1999	3	0	1920
Sound	61	hit	1	5779	2	1833794	1			0
Picture	23	other				1868463	2	2000	4	0	1920
Sound	52	other				1876412	1			7950
Sound	63	hit	2	8531	2	1880458	1			0
Picture	103	other				1915292	1	1999	3	0	1920
Sound	63	hit	2	3363	2	1927271	1			0
Picture	212	other				1962287	1	1999	3	0	1920
Sound	51	other				1967266	1			4980
Sound	62	hit	1	6992	3	1974264	1			0
Picture	204	other				2010115	1	2000	2	0	1920
Sound	64	incorrect	1	20715	3	2022095	1			0
Picture	101	other				2057776	2	2000	3	0	1920
Sound	61	hit	1	14355	2	2069776	1			0
Picture	101	other				2105605	2	1999	4	0	1920
Sound	61	hit	1	6973	2	2117577	1			0
Picture	4	other				2153433	1	1999	3	0	1920
Sound	64	hit	2	4045	2	2165408	1			0
Picture	202	other				2201261	1	2000	2	0	1920
Sound	62	hit	1	7393	4	2213238	2			0
Picture	222	other				2248089	2	2000	3	0	1920
Sound	52	other				2256218	2			8130
Sound	62	hit	1	6831	2	2260082	1			0
Picture	121	other				2295251	1	2000	2	0	1920
Sound	52	other				2302990	2			7740
Sound	61	hit	1	12993	3	2307224	1			0
Picture	1	other				2342412	2	2000	3	0	1920
Sound	61	hit	1	4592	3	2354396	1			0
Picture	101	other				2388574	2	2000	3	0	1920
Sound	61	hit	1	3537	3	2400551	1			0
Picture	2	other				2436569	1	2000	2	0	1920
Sound	62	hit	1	6896	2	2448561	1			0
Picture	202	other				2483730	2	2000	4	0	1920
Sound	62	hit	1	4894	3	2495704	1			0
Picture	14	other				2530225	2	2000	4	0	1920
Sound	51	other				2533944	1			3720
Sound	64	hit	2	6033	3	2542217	2			0
Picture	202	other				2576387	2	2000	3	0	1920
Sound	62	hit	1	11342	2	2588372	1			0
Picture	3	other				2623049	1	1999	3	0	1920
Sound	63	hit	2	5791	3	2635036	1			0
Picture	2	other				2670044	1	1999	3	0	1920
Sound	62	hit	1	10915	3	2682029	1			0
Picture	103	other				2716539	1	1999	3	0	1920
Sound	63	hit	2	5789	2	2728513	1			0
Picture	214	other				2764533	2	2000	4	0	1920
Sound	51	other				2767932	1			3400
Sound	64	hit	2	14518	3	2776523	1			0
Picture	101	other				2810862	1	2000	2	0	1920
Sound	61	hit	1	6576	3	2822857	1			0
Picture	12	other				2858690	2	2000	3	0	1920
Sound	51	other				2861969	2			3280
Sound	62	hit	1	19749	3	2870688	1			0
Picture	21	other				2905018	2	2000	4	0	1920
Sound	52	other				2913197	2			8180
Sound	61	hit	1	20033	3	2916992	2			0
Picture	4	other				2951847	1	1999	3	0	1920
Sound	64	hit	2	5047	3	2963835	2			0
Picture	204	other				2999675	1	2000	2	0	1920
Sound	64	hit	2	3753	3	3011666	1			0
Picture	3	other				3046336	2	2000	4	0	1920
Sound	63	hit	2	6819	2	3058330	1			0
Picture	202	other				3092998	2	2000	4	0	1920
Sound	62	hit	1	5991	4	3104993	2			0
