Scenario - 17_March_2015
Logfile written - 05/18/2016 10:59:50

Subject	Trial	Event Type	Code	Time	TTime	Uncertainty	Duration	Uncertainty	ReqTime	ReqDur	Stim Type	Pair Index

fc2	1	Response	253	89109	98942	1
fc2	2	Picture	10	89155	0	2	20164	4	0	20000	other	0
fc2	3	Picture	10	109486	0	2	40163	3	0	40000	other	0
fc2	3	Response	251	137008	27522	2
fc2	4	Picture	10	149815	0	2	40163	3	0	40000	other	0
fc2	4	Response	252	164940	15125	2
fc2	5	Nothing	91	189980	0	1			0		other	0
fc2	6	Picture	204	220141	0	1	2000	2	0	1920	other	0
fc2	7	Sound	64	232120	0	2			0		hit	10
fc2	7	Response	252	241273	9153	1
fc2	8	Picture	222	266969	0	2	2000	4	0	1920	other	0
fc2	8	Sound	52	274368	7399	2			7400		other	0
fc2	9	Sound	62	278964	0	1			0		incorrect	14
fc2	9	Response	252	284070	5106	1
fc2	10	Picture	12	314297	0	2	2000	4	0	1920	other	0
fc2	10	Sound	51	319106	4809	2			4810		other	0
fc2	11	Sound	62	326286	0	1			0		incorrect	18
fc2	11	Response	252	331439	5153	1
fc2	12	Picture	204	362292	0	2	2000	4	0	1920	other	0
fc2	13	Sound	64	374267	0	1			0		hit	21
fc2	13	Response	252	379124	4857	1
fc2	14	Picture	22	408621	0	1	2000	2	0	1920	other	0
fc2	14	Sound	52	416730	8109	1			8110		other	0
fc2	15	Sound	62	420601	0	1			0		hit	25
fc2	15	Response	251	426935	6334	2
fc2	16	Picture	4	455115	0	2	2000	4	0	1920	other	0
fc2	17	Sound	64	467115	0	1			0		hit	28
fc2	17	Response	252	474230	7115	1
fc2	18	Picture	13	503111	0	1	1999	3	0	1920	other	0
fc2	18	Sound	51	508230	5119	2			5120		other	0
fc2	19	Sound	63	515096	0	1			0		hit	32
fc2	19	Response	252	522656	7560	1
fc2	20	Picture	103	549605	0	2	2000	4	0	1920	other	0
fc2	21	Sound	63	561580	0	1			0		hit	35
fc2	21	Response	252	567317	5737	1
fc2	22	Picture	3	596600	0	2	2000	4	0	1920	other	0
fc2	23	Sound	63	608573	0	1			0		hit	38
fc2	23	Response	252	613601	5028	1
fc2	24	Picture	2	644429	0	1	1999	3	0	1920	other	0
fc2	25	Sound	62	656404	0	1			0		hit	41
fc2	25	Response	251	662618	6214	1
fc2	26	Picture	101	690757	0	1	2000	2	0	1920	other	0
fc2	27	Sound	61	702738	0	2			0		hit	44
fc2	27	Response	251	707187	4449	2
fc2	28	Picture	1	738085	0	2	2000	4	0	1920	other	0
fc2	29	Sound	61	750061	0	1			0		hit	47
fc2	29	Response	251	754506	4445	2
fc2	30	Picture	3	786080	0	2	2000	3	0	1920	other	0
fc2	31	Sound	63	798071	0	2			0		hit	50
fc2	31	Response	252	806028	7957	1
fc2	32	Picture	1	833075	0	1	2000	2	0	1920	other	0
fc2	33	Sound	61	845065	0	1			0		hit	53
fc2	33	Response	251	852187	7122	1
fc2	34	Picture	3	879737	0	1	1999	3	0	1920	other	0
fc2	35	Sound	63	891728	0	2			0		hit	56
fc2	35	Response	252	897091	5363	1
fc2	36	Picture	214	927231	0	2	2000	4	0	1920	other	0
fc2	36	Sound	51	931780	4549	2			4550		other	0
fc2	37	Sound	64	939230	0	1			0		hit	60
fc2	37	Response	252	944936	5706	2
fc2	38	Picture	14	973393	0	2	2000	4	0	1920	other	0
fc2	38	Sound	51	978782	5389	1			5390		other	0
fc2	39	Sound	64	985385	0	1			0		hit	64
fc2	39	Response	252	990373	4988	1
fc2	40	Picture	202	1020222	0	1	1999	3	0	1920	other	0
fc2	41	Sound	62	1032198	0	2			0		hit	67
fc2	41	Response	251	1037720	5522	2
fc2	42	Picture	4	1067383	0	2	2000	3	0	1920	other	0
fc2	43	Sound	64	1079371	0	1			0		hit	70
fc2	43	Response	252	1087176	7805	1
fc2	44	Picture	101	1114545	0	1	2000	2	0	1920	other	0
fc2	45	Sound	61	1126544	0	1			0		hit	73
fc2	45	Response	251	1130522	3978	1
fc2	46	Picture	24	1161040	0	1	1999	3	0	1920	other	0
fc2	46	Sound	52	1166879	5839	2			5840		other	0
fc2	47	Sound	64	1173028	0	1			0		hit	77
fc2	47	Response	252	1179877	6849	1
fc2	48	Picture	103	1208535	0	1	1999	3	0	1920	other	0
fc2	49	Sound	63	1220529	0	2			0		hit	80
fc2	49	Response	252	1226777	6248	1
fc2	50	Picture	121	1255863	0	1	2000	2	0	1920	other	0
fc2	50	Sound	52	1264172	8309	2			8310		other	0
fc2	51	Sound	61	1267852	0	1			0		hit	84
fc2	51	Response	251	1272916	5064	1
fc2	52	Picture	103	1302191	0	2	2000	3	0	1920	other	0
fc2	53	Sound	63	1314186	0	2			0		hit	87
fc2	53	Response	252	1320263	6077	2
fc2	54	Picture	2	1348686	0	2	2000	3	0	1920	other	0
fc2	55	Sound	62	1360670	0	2			0		hit	90
fc2	55	Response	251	1365302	4632	1
fc2	56	Picture	111	1395181	0	2	2000	3	0	1920	other	0
fc2	56	Sound	51	1398220	3039	1			3040		other	0
fc2	57	Sound	61	1407155	0	1			0		hit	94
fc2	57	Response	251	1412389	5234	2
fc2	58	Picture	101	1441510	0	1	1999	3	0	1920	other	0
fc2	59	Sound	61	1453489	0	1			0		hit	97
fc2	59	Response	251	1458505	5016	2
fc2	60	Picture	103	1488338	0	1	2000	2	0	1920	other	0
fc2	61	Sound	63	1500332	0	2			0		hit	100
fc2	61	Response	252	1506541	6209	1
fc2	62	Picture	204	1536166	0	1	2000	2	0	1920	other	0
fc2	63	Sound	64	1548164	0	1			0		hit	103
fc2	63	Response	252	1553490	5326	1
fc2	64	Picture	4	1583327	0	2	2000	4	0	1920	other	0
fc2	65	Sound	64	1595306	0	1			0		hit	106
fc2	65	Response	252	1601513	6207	1
fc2	66	Picture	101	1629656	0	1	2000	2	0	1920	other	0
fc2	67	Sound	61	1641641	0	1			0		hit	109
fc2	67	Response	251	1646758	5117	2
fc2	68	Picture	202	1676818	0	1	1999	3	0	1920	other	0
fc2	69	Sound	62	1688813	0	1			0		hit	112
fc2	69	Response	251	1698920	10107	1
fc2	70	Picture	2	1723313	0	1	1999	3	0	1920	other	0
fc2	71	Sound	62	1735297	0	2			0		hit	115
fc2	71	Response	251	1742471	7174	1
fc2	72	Picture	113	1770974	0	2	2000	3	0	1920	other	0
fc2	72	Sound	51	1773843	2869	2			2870		other	0
fc2	73	Sound	63	1782949	0	1			0		hit	119
fc2	73	Response	252	1789098	6149	2
fc2	74	Picture	101	1818302	0	2	2000	4	0	1920	other	0
fc2	75	Sound	61	1830301	0	1			0		hit	122
fc2	75	Response	251	1835616	5315	1
fc2	76	Picture	204	1866464	0	1	2000	2	0	1920	other	0
fc2	77	Sound	64	1878461	0	2			0		hit	125
fc2	77	Response	252	1883343	4882	2
fc2	78	Picture	4	1912792	0	2	2000	3	0	1920	other	0
fc2	79	Sound	64	1924766	0	1			0		hit	128
fc2	79	Response	252	1928828	4062	1
fc2	80	Picture	103	1959120	0	2	2000	4	0	1920	other	0
fc2	81	Sound	63	1971100	0	2			0		hit	131
fc2	81	Response	252	1975892	4792	2
fc2	82	Picture	204	2005949	0	1	2000	2	0	1920	other	0
fc2	83	Sound	64	2017944	0	1			0		hit	134
fc2	83	Response	252	2022894	4950	1
fc2	84	Picture	202	2053777	0	1	2000	2	0	1920	other	0
fc2	85	Sound	62	2065775	0	1			0		hit	137
fc2	85	Response	251	2071205	5430	1
fc2	86	Picture	1	2100605	0	2	2000	4	0	1920	other	0
fc2	87	Sound	61	2112588	0	1			0		hit	140
fc2	87	Response	251	2117729	5141	1
fc2	88	Picture	2	2147934	0	1	1999	3	0	1920	other	0
fc2	89	Sound	62	2159910	0	2			0		hit	143
fc2	89	Response	251	2165468	5558	1
fc2	90	Picture	3	2195428	0	2	2000	4	0	1920	other	0
fc2	91	Sound	63	2207412	0	2			0		hit	146
fc2	91	Response	252	2212951	5539	1
fc2	92	Picture	1	2243256	0	2	2000	4	0	1920	other	0
fc2	93	Sound	61	2255243	0	2			0		hit	149
fc2	93	Response	251	2262725	7482	2
fc2	94	Picture	4	2290585	0	1	1999	3	0	1920	other	0
fc2	95	Sound	64	2302566	0	1			0		hit	152
fc2	95	Response	252	2308090	5524	1
fc2	96	Picture	3	2338413	0	2	2000	3	0	1920	other	0
fc2	97	Sound	63	2350397	0	1			0		hit	155
fc2	97	Response	252	2356322	5925	1
fc2	98	Picture	23	2385575	0	1	1999	3	0	1920	other	0
fc2	98	Sound	52	2392114	6539	2			6540		other	0
fc2	99	Sound	63	2397569	0	2			0		hit	159
fc2	99	Response	252	2403495	5926	2
fc2	100	Picture	3	2431902	0	2	2001	3	0	1920	other	0
fc2	101	Sound	63	2443874	0	1			0		hit	162
fc2	101	Response	252	2448632	4758	1
fc2	102	Picture	1	2478231	0	2	2000	4	0	1920	other	0
fc2	103	Sound	61	2490208	0	1			0		hit	165
fc2	103	Response	251	2496659	6451	1
fc2	104	Picture	103	2525893	0	1	2000	2	0	1920	other	0
fc2	105	Sound	63	2537890	0	1			0		hit	168
fc2	105	Response	252	2542970	5080	1
fc2	106	Picture	204	2572555	0	1	1999	3	0	1920	other	0
fc2	107	Sound	64	2584554	0	1			0		hit	171
fc2	107	Response	252	2589539	4985	1
fc2	108	Picture	202	2619716	0	1	2000	2	0	1920	other	0
fc2	109	Sound	62	2631696	0	1			0		hit	174
fc2	109	Response	251	2640071	8375	1
fc2	110	Picture	202	2667044	0	2	2000	3	0	1920	other	0
fc2	111	Sound	62	2679018	0	2			0		hit	177
fc2	111	Response	251	2684622	5604	1
fc2	112	Picture	2	2714539	0	2	2000	3	0	1920	other	0
fc2	113	Sound	62	2726520	0	1			0		hit	180
fc2	113	Response	251	2732483	5963	1
fc2	114	Picture	1	2761701	0	1	1999	3	0	1920	other	0
fc2	115	Sound	61	2773693	0	1			0		incorrect	183
fc2	115	Response	252	2781659	7966	1
fc2	116	Picture	224	2809362	0	2	2000	3	0	1920	other	0
fc2	116	Sound	52	2814981	5619	1			5620		other	0
fc2	117	Sound	64	2821344	0	2			0		hit	187
fc2	117	Response	252	2831146	9802	1
fc2	118	Picture	11	2856024	0	1	2000	2	0	1920	other	0
fc2	118	Sound	51	2860863	4839	2			4840		other	0
fc2	119	Sound	61	2868008	0	1			0		hit	191
fc2	119	Response	251	2872681	4673	1
fc2	120	Picture	202	2903019	0	1	2000	2	0	1920	other	0
fc2	121	Sound	62	2915001	0	1			0		hit	194
fc2	121	Response	251	2922093	7092	1
fc2	122	Picture	123	2950180	0	2	2000	3	0	1920	other	0
fc2	122	Sound	52	2958579	8399	1			8400		other	0
fc2	123	Sound	63	2962174	0	1			0		hit	198
fc2	123	Response	252	2968973	6799	1
fc2	124	Picture	21	2997175	0	2	2000	4	0	1920	other	0
fc2	124	Sound	52	3003174	5999	1			6000		other	0
fc2	125	Sound	61	3009167	0	1			0		hit	202
fc2	125	Response	251	3014231	5064	1
fc2	126	Picture	2	3043670	0	2	2000	4	0	1920	other	0
fc2	127	Sound	62	3055651	0	1			0		hit	205
fc2	127	Response	251	3062622	6971	1
fc2	128	Picture	101	3090332	0	1	2000	2	0	1920	other	0
fc2	129	Sound	61	3102314	0	2			0		hit	208
fc2	129	Response	251	3107409	5095	1
fc2	130	Picture	4	3138327	0	1	2000	2	0	1920	other	0
fc2	131	Sound	64	3150325	0	1			0		hit	211
fc2	131	Response	252	3155696	5371	1
fc2	132	Picture	212	3186154	0	4	2001	5	0	1920	other	0
fc2	132	Sound	51	3191003	4849	2			4850		other	0
fc2	133	Sound	62	3198126	0	1			0		hit	215
fc2	133	Response	251	3208089	9963	1
fc2	134	Response	251	3309251	75268	1
fc2	134	Response	251	3309492	75509	1
fc2	134	Response	253	3342666	108683	1


Event Type	Code	Type	Response	RT	RT Uncertainty	Time	Uncertainty	Duration	Uncertainty	ReqTime	ReqDur

Picture	10	other				89155	2	20164	4	0	20000
Picture	10	other				109486	2	40163	3	0	40000
Picture	10	other				149815	2	40163	3	0	40000
Nothing	91	other				189980	1			0
Picture	204	other				220141	1	2000	2	0	1920
Sound	64	hit	2	9153	3	232120	2			0
Picture	222	other				266969	2	2000	4	0	1920
Sound	52	other				274368	2			7400
Sound	62	incorrect	2	5106	2	278964	1			0
Picture	12	other				314297	2	2000	4	0	1920
Sound	51	other				319106	2			4810
Sound	62	incorrect	2	5153	2	326286	1			0
Picture	204	other				362292	2	2000	4	0	1920
Sound	64	hit	2	4857	2	374267	1			0
Picture	22	other				408621	1	2000	2	0	1920
Sound	52	other				416730	1			8110
Sound	62	hit	1	6334	3	420601	1			0
Picture	4	other				455115	2	2000	4	0	1920
Sound	64	hit	2	7115	2	467115	1			0
Picture	13	other				503111	1	1999	3	0	1920
Sound	51	other				508230	2			5120
Sound	63	hit	2	7560	2	515096	1			0
Picture	103	other				549605	2	2000	4	0	1920
Sound	63	hit	2	5737	2	561580	1			0
Picture	3	other				596600	2	2000	4	0	1920
Sound	63	hit	2	5028	2	608573	1			0
Picture	2	other				644429	1	1999	3	0	1920
Sound	62	hit	1	6214	2	656404	1			0
Picture	101	other				690757	1	2000	2	0	1920
Sound	61	hit	1	4449	4	702738	2			0
Picture	1	other				738085	2	2000	4	0	1920
Sound	61	hit	1	4445	3	750061	1			0
Picture	3	other				786080	2	2000	3	0	1920
Sound	63	hit	2	7957	3	798071	2			0
Picture	1	other				833075	1	2000	2	0	1920
Sound	61	hit	1	7122	2	845065	1			0
Picture	3	other				879737	1	1999	3	0	1920
Sound	63	hit	2	5363	3	891728	2			0
Picture	214	other				927231	2	2000	4	0	1920
Sound	51	other				931780	2			4550
Sound	64	hit	2	5706	3	939230	1			0
Picture	14	other				973393	2	2000	4	0	1920
Sound	51	other				978782	1			5390
Sound	64	hit	2	4988	2	985385	1			0
Picture	202	other				1020222	1	1999	3	0	1920
Sound	62	hit	1	5522	4	1032198	2			0
Picture	4	other				1067383	2	2000	3	0	1920
Sound	64	hit	2	7805	2	1079371	1			0
Picture	101	other				1114545	1	2000	2	0	1920
Sound	61	hit	1	3978	2	1126544	1			0
Picture	24	other				1161040	1	1999	3	0	1920
Sound	52	other				1166879	2			5840
Sound	64	hit	2	6849	2	1173028	1			0
Picture	103	other				1208535	1	1999	3	0	1920
Sound	63	hit	2	6248	3	1220529	2			0
Picture	121	other				1255863	1	2000	2	0	1920
Sound	52	other				1264172	2			8310
Sound	61	hit	1	5064	2	1267852	1			0
Picture	103	other				1302191	2	2000	3	0	1920
Sound	63	hit	2	6077	4	1314186	2			0
Picture	2	other				1348686	2	2000	3	0	1920
Sound	62	hit	1	4632	3	1360670	2			0
Picture	111	other				1395181	2	2000	3	0	1920
Sound	51	other				1398220	1			3040
Sound	61	hit	1	5234	3	1407155	1			0
Picture	101	other				1441510	1	1999	3	0	1920
Sound	61	hit	1	5016	3	1453489	1			0
Picture	103	other				1488338	1	2000	2	0	1920
Sound	63	hit	2	6209	3	1500332	2			0
Picture	204	other				1536166	1	2000	2	0	1920
Sound	64	hit	2	5326	2	1548164	1			0
Picture	4	other				1583327	2	2000	4	0	1920
Sound	64	hit	2	6207	2	1595306	1			0
Picture	101	other				1629656	1	2000	2	0	1920
Sound	61	hit	1	5117	3	1641641	1			0
Picture	202	other				1676818	1	1999	3	0	1920
Sound	62	hit	1	10107	2	1688813	1			0
Picture	2	other				1723313	1	1999	3	0	1920
Sound	62	hit	1	7174	3	1735297	2			0
Picture	113	other				1770974	2	2000	3	0	1920
Sound	51	other				1773843	2			2870
Sound	63	hit	2	6149	3	1782949	1			0
Picture	101	other				1818302	2	2000	4	0	1920
Sound	61	hit	1	5315	2	1830301	1			0
Picture	204	other				1866464	1	2000	2	0	1920
Sound	64	hit	2	4882	4	1878461	2			0
Picture	4	other				1912792	2	2000	3	0	1920
Sound	64	hit	2	4062	2	1924766	1			0
Picture	103	other				1959120	2	2000	4	0	1920
Sound	63	hit	2	4792	4	1971100	2			0
Picture	204	other				2005949	1	2000	2	0	1920
Sound	64	hit	2	4950	2	2017944	1			0
Picture	202	other				2053777	1	2000	2	0	1920
Sound	62	hit	1	5430	2	2065775	1			0
Picture	1	other				2100605	2	2000	4	0	1920
Sound	61	hit	1	5141	2	2112588	1			0
Picture	2	other				2147934	1	1999	3	0	1920
Sound	62	hit	1	5558	3	2159910	2			0
Picture	3	other				2195428	2	2000	4	0	1920
Sound	63	hit	2	5539	3	2207412	2			0
Picture	1	other				2243256	2	2000	4	0	1920
Sound	61	hit	1	7482	4	2255243	2			0
Picture	4	other				2290585	1	1999	3	0	1920
Sound	64	hit	2	5524	2	2302566	1			0
Picture	3	other				2338413	2	2000	3	0	1920
Sound	63	hit	2	5925	2	2350397	1			0
Picture	23	other				2385575	1	1999	3	0	1920
Sound	52	other				2392114	2			6540
Sound	63	hit	2	5926	4	2397569	2			0
Picture	3	other				2431902	2	2001	3	0	1920
Sound	63	hit	2	4758	2	2443874	1			0
Picture	1	other				2478231	2	2000	4	0	1920
Sound	61	hit	1	6451	2	2490208	1			0
Picture	103	other				2525893	1	2000	2	0	1920
Sound	63	hit	2	5080	2	2537890	1			0
Picture	204	other				2572555	1	1999	3	0	1920
Sound	64	hit	2	4985	2	2584554	1			0
Picture	202	other				2619716	1	2000	2	0	1920
Sound	62	hit	1	8375	2	2631696	1			0
Picture	202	other				2667044	2	2000	3	0	1920
Sound	62	hit	1	5604	3	2679018	2			0
Picture	2	other				2714539	2	2000	3	0	1920
Sound	62	hit	1	5963	2	2726520	1			0
Picture	1	other				2761701	1	1999	3	0	1920
Sound	61	incorrect	2	7966	2	2773693	1			0
Picture	224	other				2809362	2	2000	3	0	1920
Sound	52	other				2814981	1			5620
Sound	64	hit	2	9802	3	2821344	2			0
Picture	11	other				2856024	1	2000	2	0	1920
Sound	51	other				2860863	2			4840
Sound	61	hit	1	4673	2	2868008	1			0
Picture	202	other				2903019	1	2000	2	0	1920
Sound	62	hit	1	7092	2	2915001	1			0
Picture	123	other				2950180	2	2000	3	0	1920
Sound	52	other				2958579	1			8400
Sound	63	hit	2	6799	2	2962174	1			0
Picture	21	other				2997175	2	2000	4	0	1920
Sound	52	other				3003174	1			6000
Sound	61	hit	1	5064	2	3009167	1			0
Picture	2	other				3043670	2	2000	4	0	1920
Sound	62	hit	1	6971	2	3055651	1			0
Picture	101	other				3090332	1	2000	2	0	1920
Sound	61	hit	1	5095	3	3102314	2			0
Picture	4	other				3138327	1	2000	2	0	1920
Sound	64	hit	2	5371	2	3150325	1			0
Picture	212	other				3186154	4	2001	5	0	1920
Sound	51	other				3191003	2			4850
Sound	62	hit	1	9963	2	3198126	1			0

The following output port codes were not sent because of a conflict on the port.
Port	Code	Time(ms)
1	90	8915.6
