Scenario - SeuilAuditif
Logfile written - 05/18/2016 09:48:44

Subject	Trial	Event Type	Code	Time	TTime	Uncertainty	Duration	Uncertainty	ReqTime	ReqDur	Stim Type	Pair Index

fc2	2	Sound	L_tarson_Left_0.7	388	57	1			0		other	0
fc2	3	Sound	L_tarson_Left_0.65	10535	38	1			0		other	0
fc2	4	Sound	L_tarson_Left_0.6	20712	50	1			0		other	0
fc2	5	Sound	L_tarson_Left_0.55	30859	31	1			0		other	0
fc2	6	Sound	L_tarson_Left_0.5	41036	42	1			0		other	0
fc2	7	Sound	L_tarson_Left_0.45	51212	53	2			0		other	0
fc2	8	Sound	L_tarson_Left_0.4	61359	35	2			0		other	0
fc2	9	Sound	L_tarson_Left_0.35	71536	46	1			0		other	0
fc2	10	Sound	L_tarson_Left_0.3	81713	57	1			0		other	0
fc2	11	Sound	L_tarson_Left_0.25	91860	38	1			0		other	0
fc2	11	Response	1	95724	3902	1
fc2	12	Sound	L_tarson-Left-0.2	102037	50	1			0		other	0
fc2	13	Sound	L_tarson_Left_0.2	112184	31	1			0		other	0
fc2	14	Sound	L_tarson_Left_0.25	122360	42	2			0		other	0
fc2	15	Sound	L_tarson_Left_0.3	132537	53	1			0		other	0
fc2	16	Sound	L_tarson_Left_0.35	142684	35	1			0		other	0
fc2	17	Sound	L_tarson_Left_0.4	152861	193	1			0		other	0
fc2	17	Response	1	156661	3993	1
fc2	18	Sound	L_tarson-Left-0.45	162858	44	1			0		other	0
fc2	19	Sound	L_tarson_Left_0.45	173035	55	1			0		other	0
fc2	19	Response	1	179772	6792	1
fc2	20	Sound	L_tarson-Left-0.43	183182	37	1			0		other	0
fc2	20	Response	1	184586	1441	2
fc2	21	Sound	L_tarson_Left_0.43	193359	48	1			0		other	0
fc2	22	Sound	L_tarson_Left_0.45	203506	30	1			0		other	0
fc2	23	Sound	L_tarson_Left_0.47	213682	40	2			0		other	0
fc2	24	Sound	L_tarson_Left_0.49	223859	52	1			0		other	0
fc2	24	Response	1	229522	5715	1
fc2	25	Sound	L_tarson-Left-0.51	234006	33	1			0		other	0
fc2	26	Sound	L_tarson_Left_0.51	244183	45	1			0		other	0
fc2	27	Sound	L_tarson_Left_0.49	254360	56	1			0		other	0
fc2	28	Sound	L_tarson_Left_0.47	264507	37	1			0		other	0
fc2	29	Sound	L_tarson_Left_0.45	274683	48	2			0		other	0
fc2	30	Sound	L_tarson_Left_0.43	284830	29	2			0		other	0
fc2	31	Sound	L_tarson_Left_0.41	295007	41	1			0		other	0
fc2	32	Sound	L_tarson_Left_0.39	305184	52	1			0		other	0
fc2	33	Sound	L_tarson_Left_0.37	315331	33	1			0		other	0
fc2	34	Sound	L_tarson_Left_0.35	325508	45	1			0		other	0
fc2	35	Sound	L_tarson_Left_0.33	335685	56	1			0		other	0
fc2	36	Sound	L_tarson_Left_0.31	345832	38	1			0		other	0
fc2	37	Sound	L_tarson_Left_0.29	356008	48	2			0		other	0
fc2	38	Sound	L_tarson_Left_0.27	366155	30	2			0		other	0
fc2	39	Sound	L_tarson_Left_0.25	376332	41	1			0		other	0
fc2	40	Sound	L_tarson_Left_0.23	386509	52	1			0		other	0
fc2	41	Sound	L_tarson_Left_0.21	396656	34	1			0		other	0
fc2	42	Sound	L_tarson_Left_0.19	406833	46	1			0		other	0
fc2	42	Response	1	414024	7237	1
fc2	43	Sound	L_tarson-Left-0.17	417010	57	1			0		other	0
fc2	43	Response	1	421460	4507	1
fc2	44	Sound	L_tarson_Left_0.17	427156	38	1			0		other	0
fc2	44	Response	1	431453	4335	1
fc2	46	Sound	H_tarson_Left_0.7	447660	44	1			0		other	0
fc2	47	Sound	H_tarson_Left_0.65	457836	54	2			0		other	0
fc2	48	Sound	H_tarson_Left_0.6	467983	35	2			0		other	0
fc2	49	Sound	H_tarson_Left_0.55	478160	47	1			0		other	0
fc2	49	Response	1	478967	854	1
fc2	49	Response	1	487370	9257	1
fc2	50	Sound	H_tarson-Left-0.5	488337	58	1			0		other	0
fc2	51	Sound	H_tarson_Left_0.5	498484	39	1			0		other	0
fc2	52	Sound	H_tarson_Left_0.55	508661	51	1			0		other	0
fc2	53	Sound	H_tarson_Left_0.6	518808	33	1			0		other	0
fc2	54	Sound	H_tarson_Left_0.65	528984	43	2			0		other	0
fc2	55	Sound	H_tarson_Left_0.7	539161	54	1			0		other	0
fc2	56	Sound	H_tarson_Left_0.75	549308	36	1			0		other	0
fc2	56	Response	1	556381	7109	1
fc2	57	Sound	H_tarson-Left-0.8	559485	47	1			0		other	0
fc2	58	Sound	H_tarson_Left_0.8	569662	59	1			0		other	0
fc2	59	Sound	H_tarson_Left_0.78	579809	40	1			0		other	0
fc2	60	Sound	H_tarson_Left_0.76	589986	51	1			0		other	0
fc2	61	Sound	H_tarson_Left_0.74	600132	32	2			0		other	0
fc2	62	Sound	H_tarson_Left_0.72	610309	43	2			0		other	0
fc2	63	Sound	H_tarson_Left_0.7	620486	55	1			0		other	0
fc2	63	Response	1	622215	1784	1
fc2	64	Sound	H_tarson-Left-0.68	630633	36	1			0		other	0
fc2	65	Sound	H_tarson_Left_0.68	640810	48	1			0		other	0
fc2	66	Sound	H_tarson_Left_0.7	650987	60	1			0		other	0
fc2	67	Sound	H_tarson_Left_0.72	661133	40	2			0		other	0
fc2	68	Sound	H_tarson_Left_0.74	671310	51	2			0		other	0
fc2	69	Sound	H_tarson_Left_0.76	681457	32	2			0		other	0
fc2	70	Sound	H_tarson_Left_0.78	691634	44	1			0		other	0
fc2	71	Sound	H_tarson_Left_0.8	701811	55	1			0		other	0
fc2	72	Sound	H_tarson_Left_0.82	711958	36	1			0		other	0
fc2	73	Sound	H_tarson_Left_0.84	722135	48	1			0		other	0
fc2	74	Sound	H_tarson_Left_0.86	732312	60	1			0		other	0
fc2	74	Response	1	742178	9926	1
fc2	75	Sound	H_tarson-Left-0.88	742458	40	2			0		other	0
fc2	76	Sound	H_tarson_Left_0.88	752635	51	1			0		other	0
fc2	77	Sound	H_tarson_Left_0.86	762782	33	1			0		other	0
fc2	78	Sound	H_tarson_Left_0.84	772959	44	1			0		other	0
fc2	79	Sound	H_tarson_Left_0.82	783136	55	1			0		other	0
fc2	80	Sound	H_tarson_Left_0.8	793283	37	1			0		other	0
fc2	81	Sound	H_tarson_Left_0.78	803459	47	2			0		other	0
fc2	82	Sound	H_tarson_Left_0.76	813636	59	1			0		other	0
fc2	83	Sound	H_tarson_Left_0.74	823783	40	1			0		other	0
fc2	84	Sound	H_tarson_Left_0.72	833960	52	1			0		other	0
fc2	85	Sound	H_tarson_Left_0.7	844107	33	1			0		other	0
fc2	86	Sound	H_tarson_Left_0.68	854284	45	1			0		other	0
fc2	87	Sound	H_tarson_Left_0.66	864461	56	1			0		other	0
fc2	88	Sound	H_tarson_Left_0.64	874608	37	1			0		other	0
fc2	89	Sound	H_tarson_Left_0.62	884784	48	2			0		other	0
fc2	90	Sound	H_tarson_Left_0.6	894931	29	1			0		other	0
fc2	91	Sound	H_tarson_Left_0.58	905108	41	1			0		other	0
fc2	92	Sound	H_tarson_Left_0.56	915285	52	1			0		other	0
fc2	93	Sound	H_tarson_Left_0.54	925432	34	1			0		other	0
fc2	94	Sound	H_tarson_Left_0.52	935609	45	1			0		other	0
fc2	95	Sound	H_tarson_Left_0.5	945785	55	2			0		other	0
fc2	96	Sound	H_tarson_Left_0.48	955932	37	1			0		other	0
fc2	97	Sound	H_tarson_Left_0.46	966109	48	1			0		other	0
fc2	98	Sound	H_tarson_Left_0.44	976256	30	1			0		other	0
fc2	99	Sound	H_tarson_Left_0.42	986433	41	1			0		other	0
fc2	100	Sound	H_tarson_Left_0.4	996610	52	1			0		other	0
fc2	101	Sound	H_tarson_Left_0.38	1006757	34	1			0		other	0
fc2	102	Sound	H_tarson_Left_0.36	1016933	44	2			0		other	0
fc2	102	Response	1	1022368	5479	1
fc2	103	Sound	H_tarson-Left-0.34	1027110	56	1			0		other	0
fc2	103	Response	1	1032040	4986	2
fc2	104	Sound	H_tarson_Left_0.34	1037257	37	1			0		other	0
fc2	105	Sound	H_tarson_Left_0.36	1047434	49	1			0		other	0
fc2	106	Sound	H_tarson_Left_0.38	1057581	30	1			0		other	0
fc2	106	Response	1	1060067	2516	1
fc2	108	Sound	L_tarson_Right_0.7	1077935	53	1			0		other	0
fc2	109	Sound	L_tarson_Right_0.65	1088081	33	2			0		other	0
fc2	110	Sound	L_tarson_Right_0.6	1098258	45	1			0		other	0
fc2	111	Sound	L_tarson_Right_0.55	1108435	56	1			0		other	0
fc2	112	Sound	L_tarson_Right_0.5	1118582	37	1			0		other	0
fc2	113	Sound	L_tarson_Right_0.45	1128759	49	1			0		other	0
fc2	113	Quit		1130838	2128


Event Type	Code	Type	Response	RT	RT Uncertainty	Time	Uncertainty	Duration	Uncertainty	ReqTime	ReqDur

Sound	L_tarson_Left_0.7	other				388	1			0
Sound	L_tarson_Left_0.65	other				10535	1			0
Sound	L_tarson_Left_0.6	other				20712	1			0
Sound	L_tarson_Left_0.55	other				30859	1			0
Sound	L_tarson_Left_0.5	other				41036	1			0
Sound	L_tarson_Left_0.45	other				51212	2			0
Sound	L_tarson_Left_0.4	other				61359	2			0
Sound	L_tarson_Left_0.35	other				71536	1			0
Sound	L_tarson_Left_0.3	other				81713	1			0
Sound	L_tarson_Left_0.25	other				91860	1			0
Sound	L_tarson-Left-0.2	other				102037	1			0
Sound	L_tarson_Left_0.2	other				112184	1			0
Sound	L_tarson_Left_0.25	other				122360	2			0
Sound	L_tarson_Left_0.3	other				132537	1			0
Sound	L_tarson_Left_0.35	other				142684	1			0
Sound	L_tarson_Left_0.4	other				152861	1			0
Sound	L_tarson-Left-0.45	other				162858	1			0
Sound	L_tarson_Left_0.45	other				173035	1			0
Sound	L_tarson-Left-0.43	other				183182	1			0
Sound	L_tarson_Left_0.43	other				193359	1			0
Sound	L_tarson_Left_0.45	other				203506	1			0
Sound	L_tarson_Left_0.47	other				213682	2			0
Sound	L_tarson_Left_0.49	other				223859	1			0
Sound	L_tarson-Left-0.51	other				234006	1			0
Sound	L_tarson_Left_0.51	other				244183	1			0
Sound	L_tarson_Left_0.49	other				254360	1			0
Sound	L_tarson_Left_0.47	other				264507	1			0
Sound	L_tarson_Left_0.45	other				274683	2			0
Sound	L_tarson_Left_0.43	other				284830	2			0
Sound	L_tarson_Left_0.41	other				295007	1			0
Sound	L_tarson_Left_0.39	other				305184	1			0
Sound	L_tarson_Left_0.37	other				315331	1			0
Sound	L_tarson_Left_0.35	other				325508	1			0
Sound	L_tarson_Left_0.33	other				335685	1			0
Sound	L_tarson_Left_0.31	other				345832	1			0
Sound	L_tarson_Left_0.29	other				356008	2			0
Sound	L_tarson_Left_0.27	other				366155	2			0
Sound	L_tarson_Left_0.25	other				376332	1			0
Sound	L_tarson_Left_0.23	other				386509	1			0
Sound	L_tarson_Left_0.21	other				396656	1			0
Sound	L_tarson_Left_0.19	other				406833	1			0
Sound	L_tarson-Left-0.17	other				417010	1			0
Sound	L_tarson_Left_0.17	other				427156	1			0
Sound	H_tarson_Left_0.7	other				447660	1			0
Sound	H_tarson_Left_0.65	other				457836	2			0
Sound	H_tarson_Left_0.6	other				467983	2			0
Sound	H_tarson_Left_0.55	other				478160	1			0
Sound	H_tarson-Left-0.5	other				488337	1			0
Sound	H_tarson_Left_0.5	other				498484	1			0
Sound	H_tarson_Left_0.55	other				508661	1			0
Sound	H_tarson_Left_0.6	other				518808	1			0
Sound	H_tarson_Left_0.65	other				528984	2			0
Sound	H_tarson_Left_0.7	other				539161	1			0
Sound	H_tarson_Left_0.75	other				549308	1			0
Sound	H_tarson-Left-0.8	other				559485	1			0
Sound	H_tarson_Left_0.8	other				569662	1			0
Sound	H_tarson_Left_0.78	other				579809	1			0
Sound	H_tarson_Left_0.76	other				589986	1			0
Sound	H_tarson_Left_0.74	other				600132	2			0
Sound	H_tarson_Left_0.72	other				610309	2			0
Sound	H_tarson_Left_0.7	other				620486	1			0
Sound	H_tarson-Left-0.68	other				630633	1			0
Sound	H_tarson_Left_0.68	other				640810	1			0
Sound	H_tarson_Left_0.7	other				650987	1			0
Sound	H_tarson_Left_0.72	other				661133	2			0
Sound	H_tarson_Left_0.74	other				671310	2			0
Sound	H_tarson_Left_0.76	other				681457	2			0
Sound	H_tarson_Left_0.78	other				691634	1			0
Sound	H_tarson_Left_0.8	other				701811	1			0
Sound	H_tarson_Left_0.82	other				711958	1			0
Sound	H_tarson_Left_0.84	other				722135	1			0
Sound	H_tarson_Left_0.86	other				732312	1			0
Sound	H_tarson-Left-0.88	other				742458	2			0
Sound	H_tarson_Left_0.88	other				752635	1			0
Sound	H_tarson_Left_0.86	other				762782	1			0
Sound	H_tarson_Left_0.84	other				772959	1			0
Sound	H_tarson_Left_0.82	other				783136	1			0
Sound	H_tarson_Left_0.8	other				793283	1			0
Sound	H_tarson_Left_0.78	other				803459	2			0
Sound	H_tarson_Left_0.76	other				813636	1			0
Sound	H_tarson_Left_0.74	other				823783	1			0
Sound	H_tarson_Left_0.72	other				833960	1			0
Sound	H_tarson_Left_0.7	other				844107	1			0
Sound	H_tarson_Left_0.68	other				854284	1			0
Sound	H_tarson_Left_0.66	other				864461	1			0
Sound	H_tarson_Left_0.64	other				874608	1			0
Sound	H_tarson_Left_0.62	other				884784	2			0
Sound	H_tarson_Left_0.6	other				894931	1			0
Sound	H_tarson_Left_0.58	other				905108	1			0
Sound	H_tarson_Left_0.56	other				915285	1			0
Sound	H_tarson_Left_0.54	other				925432	1			0
Sound	H_tarson_Left_0.52	other				935609	1			0
Sound	H_tarson_Left_0.5	other				945785	2			0
Sound	H_tarson_Left_0.48	other				955932	1			0
Sound	H_tarson_Left_0.46	other				966109	1			0
Sound	H_tarson_Left_0.44	other				976256	1			0
Sound	H_tarson_Left_0.42	other				986433	1			0
Sound	H_tarson_Left_0.4	other				996610	1			0
Sound	H_tarson_Left_0.38	other				1006757	1			0
Sound	H_tarson_Left_0.36	other				1016933	2			0
Sound	H_tarson-Left-0.34	other				1027110	1			0
Sound	H_tarson_Left_0.34	other				1037257	1			0
Sound	H_tarson_Left_0.36	other				1047434	1			0
Sound	H_tarson_Left_0.38	other				1057581	1			0
Sound	L_tarson_Right_0.7	other				1077935	1			0
Sound	L_tarson_Right_0.65	other				1088081	2			0
Sound	L_tarson_Right_0.6	other				1098258	1			0
Sound	L_tarson_Right_0.55	other				1108435	1			0
Sound	L_tarson_Right_0.5	other				1118582	1			0
Sound	L_tarson_Right_0.45	other				1128759	1			0
