Scenario - 17_March_2015
Logfile written - 07/07/2017 16:19:51

Subject	Trial	Event Type	Code	Time	TTime	Uncertainty	Duration	Uncertainty	ReqTime	ReqDur	Stim Type	Pair Index

aydje	1	Response	251	16444	26277	1
aydje	1	Response	253	60927	70760	1
aydje	2	Picture	10	60992	0	1	20164	3	0	20000	other	0
aydje	3	Picture	10	81323	0	1	40163	2	0	40000	other	0
aydje	3	Response	251	104530	23207	1
aydje	4	Picture	10	121652	0	2	40163	3	0	40000	other	0
aydje	4	Response	252	135525	13873	1
aydje	5	Nothing	91	161817	0	1			0		other	0
aydje	6	Picture	202	191979	0	1	1999	3	0	1920	other	0
aydje	7	Sound	62	203955	0	1			0		hit	11
aydje	7	Response	251	210402	6447	1
aydje	8	Picture	1	239140	0	2	2000	3	0	1920	other	0
aydje	9	Sound	61	251127	0	2			0		hit	14
aydje	9	Response	251	257201	6074	2
aydje	10	Picture	103	285469	0	1	2000	2	0	1920	other	0
aydje	11	Sound	63	297462	0	1			0		hit	17
aydje	11	Response	252	302741	5279	2
aydje	12	Picture	204	333131	0	1	1999	3	0	1920	other	0
aydje	13	Sound	64	345113	0	2			0		hit	20
aydje	13	Response	252	348244	3131	2
aydje	14	Picture	2	380126	0	1	2000	2	0	1920	other	0
aydje	15	Sound	62	392106	0	2			0		hit	23
aydje	15	Response	251	397707	5601	1
aydje	16	Picture	103	427121	0	1	2000	2	0	1920	other	0
aydje	17	Sound	63	439100	0	1			0		hit	26
aydje	17	Response	252	443158	4058	1
aydje	18	Picture	123	474783	0	1	2000	2	0	1920	other	0
aydje	18	Sound	52	480872	6089	2			6090		other	0
aydje	19	Sound	63	486781	0	1			0		hit	30
aydje	19	Response	252	494603	7822	1
aydje	20	Picture	3	522111	0	2	2000	4	0	1920	other	0
aydje	21	Sound	63	534103	0	2			0		hit	33
aydje	21	Response	252	539967	5864	1
aydje	22	Picture	14	568940	0	1	2000	2	0	1920	other	0
aydje	22	Sound	51	572289	3349	1			3350		other	0
aydje	23	Sound	64	580917	0	1			0		hit	37
aydje	23	Response	252	585007	4090	2
aydje	24	Picture	3	616768	0	2	2000	4	0	1920	other	0
aydje	25	Sound	63	628748	0	1			0		hit	40
aydje	25	Response	252	634810	6062	1
aydje	26	Picture	101	664430	0	2	2000	3	0	1920	other	0
aydje	27	Sound	61	676429	0	2			0		hit	43
aydje	27	Response	251	682756	6327	1
aydje	28	Picture	234	712425	0	2	2000	3	0	1920	other	0
aydje	28	Sound	52	719404	6979	1			6980		other	0
aydje	29	Sound	64	724410	0	1			0		incorrect	47
aydje	29	Response	251	730091	5681	1
aydje	29	Response	252	736255	11845	1
aydje	30	Picture	4	760087	0	1	2000	2	0	1920	other	0
aydje	31	Sound	61	772062	0	1			0		hit	51
aydje	31	Response	251	776110	4048	1
aydje	32	Picture	214	806416	0	1	2000	2	0	1920	other	0
aydje	32	Sound	51	811125	4709	1			4710		other	0
aydje	33	Sound	64	818396	0	1			0		hit	55
aydje	33	Response	252	822246	3850	2
aydje	34	Picture	204	853578	0	1	1999	3	0	1920	other	0
aydje	35	Sound	62	865569	0	1			0		hit	58
aydje	35	Response	251	869500	3931	1
aydje	36	Response	253	1059855	158616	1


Event Type	Code	Type	Response	RT	RT Uncertainty	Time	Uncertainty	Duration	Uncertainty	ReqTime	ReqDur

Picture	10	other				60992	1	20164	3	0	20000
Picture	10	other				81323	1	40163	2	0	40000
Picture	10	other				121652	2	40163	3	0	40000
Nothing	91	other				161817	1			0
Picture	202	other				191979	1	1999	3	0	1920
Sound	62	hit	1	6447	2	203955	1			0
Picture	1	other				239140	2	2000	3	0	1920
Sound	61	hit	1	6074	4	251127	2			0
Picture	103	other				285469	1	2000	2	0	1920
Sound	63	hit	2	5279	3	297462	1			0
Picture	204	other				333131	1	1999	3	0	1920
Sound	64	hit	2	3131	4	345113	2			0
Picture	2	other				380126	1	2000	2	0	1920
Sound	62	hit	1	5601	3	392106	2			0
Picture	103	other				427121	1	2000	2	0	1920
Sound	63	hit	2	4058	2	439100	1			0
Picture	123	other				474783	1	2000	2	0	1920
Sound	52	other				480872	2			6090
Sound	63	hit	2	7822	2	486781	1			0
Picture	3	other				522111	2	2000	4	0	1920
Sound	63	hit	2	5864	3	534103	2			0
Picture	14	other				568940	1	2000	2	0	1920
Sound	51	other				572289	1			3350
Sound	64	hit	2	4090	3	580917	1			0
Picture	3	other				616768	2	2000	4	0	1920
Sound	63	hit	2	6062	2	628748	1			0
Picture	101	other				664430	2	2000	3	0	1920
Sound	61	hit	1	6327	3	676429	2			0
Picture	234	other				712425	2	2000	3	0	1920
Sound	52	other				719404	1			6980
Sound	64	incorrect	1	5681	2	724410	1			0
Picture	4	other				760087	1	2000	2	0	1920
Sound	61	hit	1	4048	2	772062	1			0
Picture	214	other				806416	1	2000	2	0	1920
Sound	51	other				811125	1			4710
Sound	64	hit	2	3850	3	818396	1			0
Picture	204	other				853578	1	1999	3	0	1920
Sound	62	hit	1	3931	2	865569	1			0
