Scenario - 17_March_2015
Logfile written - 07/07/2017 17:05:45

Subject	Trial	Event Type	Code	Time	TTime	Uncertainty	Duration	Uncertainty	ReqTime	ReqDur	Stim Type	Pair Index

aydje	1	Response	253	41600	51433	1
aydje	2	Picture	10	41661	0	1	20164	3	0	20000	other	0
aydje	3	Picture	10	61992	0	1	40162	3	0	40000	other	0
aydje	3	Response	251	70057	8065	2
aydje	3	Response	251	80164	18172	1
aydje	4	Picture	10	102321	0	2	40163	3	0	40000	other	0
aydje	4	Response	252	114510	12189	2
aydje	5	Nothing	91	142486	0	1			0		other	0
aydje	6	Picture	103	172647	0	2	2000	4	0	1920	other	0
aydje	7	Sound	63	184619	0	1			0		hit	11
aydje	7	Response	252	190154	5535	2
aydje	8	Picture	101	219476	0	1	2000	2	0	1920	other	0
aydje	9	Sound	61	231462	0	1			0		hit	14
aydje	9	Response	251	235971	4509	2
aydje	10	Picture	1	266637	0	2	2000	4	0	1920	other	0
aydje	11	Sound	61	278635	0	1			0		hit	17
aydje	11	Response	251	283039	4404	2
aydje	12	Picture	24	314133	0	1	1999	3	0	1920	other	0
aydje	12	Sound	52	320362	6229	2			6230		other	0
aydje	13	Sound	64	326107	0	1			0		hit	21
aydje	13	Response	252	329626	3519	2
aydje	14	Picture	4	360795	0	1	1999	3	0	1920	other	0
aydje	15	Sound	64	372771	0	1			0		hit	24
aydje	15	Response	252	377211	4440	1
aydje	16	Picture	21	407290	0	1	1999	3	0	1920	other	0
aydje	16	Sound	52	414699	7409	1			7410		other	0
aydje	17	Sound	61	419285	0	1			0		hit	28
aydje	17	Response	251	426023	6738	1
aydje	18	Picture	204	454952	0	1	1999	3	0	1920	other	0
aydje	19	Sound	64	466936	0	2			0		hit	31
aydje	19	Response	252	469499	2563	1
aydje	20	Picture	11	501447	0	1	2000	2	0	1920	other	0
aydje	20	Sound	51	505716	4269	2			4270		other	0
aydje	21	Sound	61	513420	0	2			0		hit	35
aydje	21	Response	251	515523	2103	1
aydje	22	Picture	1	548775	0	2	2000	3	0	1920	other	0
aydje	23	Sound	61	560773	0	1			0		hit	38
aydje	23	Response	251	563749	2976	1
aydje	24	Picture	3	595104	0	2	2000	3	0	1920	other	0
aydje	25	Sound	63	607077	0	2			0		hit	41
aydje	25	Response	252	613529	6452	1
aydje	26	Picture	123	641599	0	2	2000	3	0	1920	other	0
aydje	26	Sound	52	647908	6309	2			6310		other	0
aydje	27	Sound	63	653591	0	2			0		hit	45
aydje	27	Response	252	660615	7024	1
aydje	28	Picture	214	688594	0	2	2000	3	0	1920	other	0
aydje	28	Sound	51	693443	4849	1			4850		other	0
aydje	29	Sound	64	700584	0	2			0		hit	49
aydje	29	Response	252	704749	4165	1
aydje	30	Picture	202	735589	0	2	2000	4	0	1920	other	0
aydje	31	Sound	62	747578	0	1			0		hit	52
aydje	31	Response	251	753357	5779	1
aydje	32	Picture	4	782418	0	2	2000	3	0	1920	other	0
aydje	33	Sound	64	794391	0	1			0		hit	55
aydje	33	Response	252	798385	3994	1
aydje	34	Picture	3	830413	0	2	2000	3	0	1920	other	0
aydje	35	Sound	63	842402	0	1			0		hit	58
aydje	35	Response	252	848385	5983	2
aydje	36	Picture	101	876575	0	2	2000	3	0	1920	other	0
aydje	37	Sound	61	888557	0	1			0		hit	61
aydje	37	Response	251	893363	4806	2
aydje	38	Picture	22	923904	0	1	1999	3	0	1920	other	0
aydje	38	Sound	52	932163	8259	1			8260		other	0
aydje	39	Sound	62	935879	0	1			0		hit	65
aydje	39	Response	251	941355	5476	1
aydje	40	Picture	212	971732	0	1	2000	2	0	1920	other	0
aydje	40	Sound	51	974771	3039	2			3040		other	0
aydje	41	Sound	62	983710	0	1			0		hit	69
aydje	41	Response	251	987673	3963	1
aydje	42	Picture	103	1019560	0	2	2000	4	0	1920	other	0
aydje	43	Sound	63	1031541	0	2			0		hit	72
aydje	43	Response	252	1035704	4163	1
aydje	44	Picture	103	1066722	0	2	2000	3	0	1920	other	0
aydje	45	Sound	63	1078714	0	1			0		hit	75
aydje	45	Response	252	1082560	3846	1
aydje	46	Picture	3	1114551	0	1	2000	2	0	1920	other	0
aydje	47	Sound	63	1126545	0	1			0		hit	78
aydje	47	Response	252	1131321	4776	1
aydje	48	Picture	2	1162212	0	2	2000	4	0	1920	other	0
aydje	49	Sound	62	1174197	0	1			0		hit	81
aydje	49	Response	251	1179653	5456	2
aydje	50	Picture	202	1208874	0	2	2000	4	0	1920	other	0
aydje	51	Sound	62	1220860	0	2			0		hit	84
aydje	51	Response	251	1227743	6883	2
aydje	52	Picture	12	1255370	0	1	1999	3	0	1920	other	0
aydje	52	Sound	51	1258499	3129	1			3130		other	0
aydje	53	Sound	62	1267345	0	1			0		hit	88
aydje	53	Response	251	1273198	5853	1
aydje	54	Picture	3	1301698	0	2	2000	3	0	1920	other	0
aydje	55	Sound	63	1313679	0	1			0		hit	91
aydje	55	Response	252	1317171	3492	2
aydje	56	Picture	1	1348860	0	1	2000	2	0	1920	other	0
aydje	57	Sound	61	1360852	0	1			0		hit	94
aydje	57	Response	251	1365235	4383	2
aydje	58	Picture	204	1395189	0	1	2000	2	0	1920	other	0
aydje	59	Sound	64	1407186	0	2			0		hit	97
aydje	59	Response	252	1411097	3911	2
aydje	60	Picture	4	1443184	0	1	1999	3	0	1920	other	0
aydje	61	Sound	64	1455167	0	1			0		hit	100
aydje	61	Response	252	1460489	5322	2
aydje	62	Picture	204	1489512	0	2	2000	4	0	1920	other	0
aydje	63	Sound	64	1501502	0	1			0		hit	103
aydje	63	Response	252	1513080	11578	1
aydje	64	Picture	4	1536841	0	1	2000	2	0	1920	other	0
aydje	65	Sound	64	1548824	0	1			0		hit	106
aydje	65	Response	252	1553482	4658	1
aydje	66	Picture	204	1583003	0	1	1999	3	0	1920	other	0
aydje	67	Sound	64	1594979	0	1			0		hit	109
aydje	67	Response	252	1600186	5207	1
aydje	68	Picture	113	1630498	0	2	2000	3	0	1920	other	0
aydje	68	Sound	51	1633047	2549	2			2550		other	0
aydje	69	Sound	63	1642481	0	1			0		hit	113
aydje	69	Response	252	1646330	3849	1
aydje	69	Response	251	1653807	11326	2
aydje	70	Picture	103	1678493	0	2	2000	3	0	1920	other	0
aydje	71	Sound	63	1690492	0	1			0		hit	117
aydje	71	Response	252	1694408	3916	2
aydje	72	Picture	14	1724988	0	2	2000	3	0	1920	other	0
aydje	72	Sound	51	1728817	3829	2			3830		other	0
aydje	73	Sound	64	1736976	0	1			0		hit	121
aydje	73	Response	252	1743736	6760	1
aydje	74	Picture	202	1771483	0	2	2000	4	0	1920	other	0
aydje	75	Sound	62	1783460	0	1			0		hit	124
aydje	75	Response	251	1790810	7350	1
aydje	76	Picture	204	1817645	0	2	2000	4	0	1920	other	0
aydje	77	Sound	64	1829645	0	1			0		hit	127
aydje	77	Response	252	1833200	3555	1
aydje	78	Picture	4	1863974	0	2	2000	3	0	1920	other	0
aydje	79	Sound	64	1875950	0	1			0		hit	130
aydje	79	Response	252	1881086	5136	1
aydje	80	Picture	101	1910303	0	1	1999	3	0	1920	other	0
aydje	81	Sound	61	1922284	0	1			0		hit	133
aydje	81	Response	251	1925800	3516	1
aydje	82	Picture	103	1958298	0	1	2000	2	0	1920	other	0
aydje	83	Sound	63	1970295	0	1			0		hit	136
aydje	83	Response	252	1973697	3402	2
aydje	83	Response	252	1975068	4773	1
aydje	84	Picture	202	2006293	0	1	1999	3	0	1920	other	0
aydje	85	Sound	62	2018276	0	1			0		hit	140
aydje	85	Response	251	2022443	4167	1
aydje	86	Picture	3	2054288	0	1	2000	2	0	1920	false_alarm	142
aydje	86	Response	252	2061185	6897	1
aydje	87	Sound	63	2066286	0	2			0		hit	144
aydje	87	Response	252	2070125	3839	1
aydje	88	Picture	101	2101116	0	2	2000	4	0	1920	other	0
aydje	89	Sound	61	2113100	0	1			0		hit	147
aydje	89	Response	251	2120376	7276	1
aydje	90	Picture	202	2147612	0	1	2000	2	0	1920	other	0
aydje	91	Sound	62	2159584	0	1			0		hit	150
aydje	91	Response	251	2163936	4352	2
aydje	92	Picture	2	2194607	0	1	2000	2	0	1920	other	0
aydje	93	Sound	62	2206607	0	1			0		hit	153
aydje	93	Response	251	2213624	7017	1
aydje	94	Picture	4	2241269	0	2	2000	3	0	1920	other	0
aydje	95	Sound	64	2253241	0	1			0		hit	156
aydje	95	Response	252	2257012	3771	1
aydje	96	Picture	23	2287931	0	1	1999	3	0	1920	other	0
aydje	96	Sound	52	2296320	8389	2			8390		other	0
aydje	97	Sound	63	2299905	0	1			0		hit	160
aydje	97	Response	252	2305993	6088	1
aydje	98	Picture	103	2335759	0	2	2000	3	0	1920	other	0
aydje	99	Sound	63	2347736	0	1			0		hit	163
aydje	99	Response	252	2354163	6427	1
aydje	100	Picture	202	2382754	0	2	2000	3	0	1920	other	0
aydje	101	Sound	62	2394729	0	1			0		hit	166
aydje	101	Response	251	2397629	2900	1
aydje	102	Picture	2	2429916	0	2	2000	3	0	1920	other	0
aydje	103	Sound	62	2441901	0	2			0		hit	169
aydje	103	Response	251	2446514	4613	1
aydje	104	Picture	1	2477245	0	1	1999	3	0	1920	other	0
aydje	105	Sound	61	2489224	0	1			0		hit	172
aydje	105	Response	251	2495093	5869	1
aydje	106	Picture	121	2523407	0	1	1999	3	0	1920	other	0
aydje	106	Sound	52	2531066	7659	2			7660		other	0
aydje	107	Sound	61	2535379	0	1			0		hit	176
aydje	107	Response	251	2539001	3622	1
aydje	108	Picture	2	2571068	0	2	2000	4	0	1920	other	0
aydje	109	Sound	62	2583060	0	1			0		hit	179
aydje	109	Response	251	2587963	4903	2
aydje	110	Picture	101	2617730	0	2	2000	3	0	1920	other	0
aydje	111	Sound	61	2629724	0	1			0		hit	182
aydje	111	Response	251	2635436	5712	1
aydje	112	Picture	3	2665559	0	1	1999	3	0	1920	other	0
aydje	113	Sound	63	2677555	0	2			0		hit	185
aydje	113	Response	252	2682570	5015	1
aydje	114	Picture	2	2712554	0	1	1999	3	0	1920	other	0
aydje	115	Sound	62	2724548	0	1			0		hit	188
aydje	115	Response	251	2731932	7384	2
aydje	116	Picture	224	2760049	0	1	2000	2	0	1920	other	0
aydje	116	Sound	52	2767938	7889	2			7890		other	0
aydje	117	Sound	64	2772020	0	1			0		hit	192
aydje	117	Response	252	2777861	5841	1
aydje	118	Picture	1	2807544	0	2	2000	3	0	1920	other	0
aydje	119	Sound	61	2819522	0	1			0		hit	195
aydje	119	Response	251	2827571	8049	1
aydje	120	Picture	101	2854539	0	2	2000	3	0	1920	other	0
aydje	121	Sound	61	2866515	0	1			0		incorrect	198
aydje	121	Response	252	2873637	7122	1
aydje	121	Response	251	2875632	9117	2
aydje	122	Picture	1	2902701	0	1	2000	2	0	1920	other	0
aydje	123	Sound	61	2914676	0	1			0		hit	202
aydje	123	Response	251	2919262	4586	1
aydje	124	Picture	204	2950863	0	1	1999	3	0	1920	other	0
aydje	125	Sound	64	2962836	0	1			0		hit	205
aydje	125	Response	252	2966808	3972	2
aydje	126	Picture	222	2997691	0	2	2000	3	0	1920	other	0
aydje	126	Sound	52	3003250	5559	2			5560		other	0
aydje	127	Sound	62	3009679	0	2			0		hit	209
aydje	127	Response	251	3016398	6719	1
aydje	128	Picture	111	3044853	0	2	2000	3	0	1920	other	0
aydje	128	Sound	51	3048962	4109	2			4110		other	0
aydje	129	Sound	61	3056852	0	1			0		hit	213
aydje	129	Response	251	3064975	8123	2
aydje	130	Picture	2	3091015	0	2	2000	3	0	1920	other	0
aydje	131	Sound	62	3103007	0	1			0		hit	216
aydje	131	Response	251	3108585	5578	2
aydje	132	Picture	13	3138843	0	2	2000	4	0	1920	other	0
aydje	132	Sound	51	3142602	3759	1			3760		other	0
aydje	133	Sound	63	3150838	0	1			0		hit	220
aydje	133	Response	252	3160812	9974	2
aydje	133	Response	251	3166048	15210	1
aydje	134	Quit		3617804	432299


Event Type	Code	Type	Response	RT	RT Uncertainty	Time	Uncertainty	Duration	Uncertainty	ReqTime	ReqDur

Picture	10	other				41661	1	20164	3	0	20000
Picture	10	other				61992	1	40162	3	0	40000
Picture	10	other				102321	2	40163	3	0	40000
Nothing	91	other				142486	1			0
Picture	103	other				172647	2	2000	4	0	1920
Sound	63	hit	2	5535	3	184619	1			0
Picture	101	other				219476	1	2000	2	0	1920
Sound	61	hit	1	4509	3	231462	1			0
Picture	1	other				266637	2	2000	4	0	1920
Sound	61	hit	1	4404	3	278635	1			0
Picture	24	other				314133	1	1999	3	0	1920
Sound	52	other				320362	2			6230
Sound	64	hit	2	3519	3	326107	1			0
Picture	4	other				360795	1	1999	3	0	1920
Sound	64	hit	2	4440	2	372771	1			0
Picture	21	other				407290	1	1999	3	0	1920
Sound	52	other				414699	1			7410
Sound	61	hit	1	6738	2	419285	1			0
Picture	204	other				454952	1	1999	3	0	1920
Sound	64	hit	2	2563	3	466936	2			0
Picture	11	other				501447	1	2000	2	0	1920
Sound	51	other				505716	2			4270
Sound	61	hit	1	2103	3	513420	2			0
Picture	1	other				548775	2	2000	3	0	1920
Sound	61	hit	1	2976	2	560773	1			0
Picture	3	other				595104	2	2000	3	0	1920
Sound	63	hit	2	6452	3	607077	2			0
Picture	123	other				641599	2	2000	3	0	1920
Sound	52	other				647908	2			6310
Sound	63	hit	2	7024	3	653591	2			0
Picture	214	other				688594	2	2000	3	0	1920
Sound	51	other				693443	1			4850
Sound	64	hit	2	4165	3	700584	2			0
Picture	202	other				735589	2	2000	4	0	1920
Sound	62	hit	1	5779	2	747578	1			0
Picture	4	other				782418	2	2000	3	0	1920
Sound	64	hit	2	3994	2	794391	1			0
Picture	3	other				830413	2	2000	3	0	1920
Sound	63	hit	2	5983	3	842402	1			0
Picture	101	other				876575	2	2000	3	0	1920
Sound	61	hit	1	4806	3	888557	1			0
Picture	22	other				923904	1	1999	3	0	1920
Sound	52	other				932163	1			8260
Sound	62	hit	1	5476	2	935879	1			0
Picture	212	other				971732	1	2000	2	0	1920
Sound	51	other				974771	2			3040
Sound	62	hit	1	3963	2	983710	1			0
Picture	103	other				1019560	2	2000	4	0	1920
Sound	63	hit	2	4163	3	1031541	2			0
Picture	103	other				1066722	2	2000	3	0	1920
Sound	63	hit	2	3846	2	1078714	1			0
Picture	3	other				1114551	1	2000	2	0	1920
Sound	63	hit	2	4776	2	1126545	1			0
Picture	2	other				1162212	2	2000	4	0	1920
Sound	62	hit	1	5456	3	1174197	1			0
Picture	202	other				1208874	2	2000	4	0	1920
Sound	62	hit	1	6883	4	1220860	2			0
Picture	12	other				1255370	1	1999	3	0	1920
Sound	51	other				1258499	1			3130
Sound	62	hit	1	5853	2	1267345	1			0
Picture	3	other				1301698	2	2000	3	0	1920
Sound	63	hit	2	3492	3	1313679	1			0
Picture	1	other				1348860	1	2000	2	0	1920
Sound	61	hit	1	4383	3	1360852	1			0
Picture	204	other				1395189	1	2000	2	0	1920
Sound	64	hit	2	3911	4	1407186	2			0
Picture	4	other				1443184	1	1999	3	0	1920
Sound	64	hit	2	5322	3	1455167	1			0
Picture	204	other				1489512	2	2000	4	0	1920
Sound	64	hit	2	11578	2	1501502	1			0
Picture	4	other				1536841	1	2000	2	0	1920
Sound	64	hit	2	4658	2	1548824	1			0
Picture	204	other				1583003	1	1999	3	0	1920
Sound	64	hit	2	5207	2	1594979	1			0
Picture	113	other				1630498	2	2000	3	0	1920
Sound	51	other				1633047	2			2550
Sound	63	hit	2	3849	2	1642481	1			0
Picture	103	other				1678493	2	2000	3	0	1920
Sound	63	hit	2	3916	3	1690492	1			0
Picture	14	other				1724988	2	2000	3	0	1920
Sound	51	other				1728817	2			3830
Sound	64	hit	2	6760	2	1736976	1			0
Picture	202	other				1771483	2	2000	4	0	1920
Sound	62	hit	1	7350	2	1783460	1			0
Picture	204	other				1817645	2	2000	4	0	1920
Sound	64	hit	2	3555	2	1829645	1			0
Picture	4	other				1863974	2	2000	3	0	1920
Sound	64	hit	2	5136	2	1875950	1			0
Picture	101	other				1910303	1	1999	3	0	1920
Sound	61	hit	1	3516	2	1922284	1			0
Picture	103	other				1958298	1	2000	2	0	1920
Sound	63	hit	2	3402	3	1970295	1			0
Picture	202	other				2006293	1	1999	3	0	1920
Sound	62	hit	1	4167	2	2018276	1			0
Picture	3	false_alarm	2	6897	2	2054288	1	2000	2	0	1920
Sound	63	hit	2	3839	3	2066286	2			0
Picture	101	other				2101116	2	2000	4	0	1920
Sound	61	hit	1	7276	2	2113100	1			0
Picture	202	other				2147612	1	2000	2	0	1920
Sound	62	hit	1	4352	3	2159584	1			0
Picture	2	other				2194607	1	2000	2	0	1920
Sound	62	hit	1	7017	2	2206607	1			0
Picture	4	other				2241269	2	2000	3	0	1920
Sound	64	hit	2	3771	2	2253241	1			0
Picture	23	other				2287931	1	1999	3	0	1920
Sound	52	other				2296320	2			8390
Sound	63	hit	2	6088	2	2299905	1			0
Picture	103	other				2335759	2	2000	3	0	1920
Sound	63	hit	2	6427	2	2347736	1			0
Picture	202	other				2382754	2	2000	3	0	1920
Sound	62	hit	1	2900	2	2394729	1			0
Picture	2	other				2429916	2	2000	3	0	1920
Sound	62	hit	1	4613	3	2441901	2			0
Picture	1	other				2477245	1	1999	3	0	1920
Sound	61	hit	1	5869	2	2489224	1			0
Picture	121	other				2523407	1	1999	3	0	1920
Sound	52	other				2531066	2			7660
Sound	61	hit	1	3622	2	2535379	1			0
Picture	2	other				2571068	2	2000	4	0	1920
Sound	62	hit	1	4903	3	2583060	1			0
Picture	101	other				2617730	2	2000	3	0	1920
Sound	61	hit	1	5712	2	2629724	1			0
Picture	3	other				2665559	1	1999	3	0	1920
Sound	63	hit	2	5015	3	2677555	2			0
Picture	2	other				2712554	1	1999	3	0	1920
Sound	62	hit	1	7384	3	2724548	1			0
Picture	224	other				2760049	1	2000	2	0	1920
Sound	52	other				2767938	2			7890
Sound	64	hit	2	5841	2	2772020	1			0
Picture	1	other				2807544	2	2000	3	0	1920
Sound	61	hit	1	8049	2	2819522	1			0
Picture	101	other				2854539	2	2000	3	0	1920
Sound	61	incorrect	2	7122	2	2866515	1			0
Picture	1	other				2902701	1	2000	2	0	1920
Sound	61	hit	1	4586	2	2914676	1			0
Picture	204	other				2950863	1	1999	3	0	1920
Sound	64	hit	2	3972	3	2962836	1			0
Picture	222	other				2997691	2	2000	3	0	1920
Sound	52	other				3003250	2			5560
Sound	62	hit	1	6719	3	3009679	2			0
Picture	111	other				3044853	2	2000	3	0	1920
Sound	51	other				3048962	2			4110
Sound	61	hit	1	8123	3	3056852	1			0
Picture	2	other				3091015	2	2000	3	0	1920
Sound	62	hit	1	5578	3	3103007	1			0
Picture	13	other				3138843	2	2000	4	0	1920
Sound	51	other				3142602	1			3760
Sound	63	hit	2	9974	3	3150838	1			0
