Scenario - 17_March_2015
Logfile written - 07/07/2017 17:28:04

Subject	Trial	Event Type	Code	Time	TTime	Uncertainty	Duration	Uncertainty	ReqTime	ReqDur	Stim Type	Pair Index

aydje	1	Response	253	17215	27048	1
aydje	2	Picture	10	17329	0	2	20165	4	0	20000	other	0
aydje	3	Picture	10	37661	0	1	40162	3	0	40000	other	0
aydje	3	Response	251	45613	7952	1
aydje	3	Response	251	58460	20799	1
aydje	4	Picture	10	77990	0	1	40163	2	0	40000	other	0
aydje	4	Response	252	82744	4754	1
aydje	4	Response	252	100223	22233	2
aydje	5	Nothing	91	118154	0	1			0		other	0
aydje	6	Picture	202	148316	0	2	2000	3	0	1920	other	0
aydje	7	Sound	62	160314	0	1			0		incorrect	12
aydje	7	Response	252	163367	3053	2
aydje	7	Response	251	166529	6215	2
aydje	8	Picture	123	194478	0	2	2000	3	0	1920	other	0
aydje	8	Sound	52	200067	5589	2			5590		other	0
aydje	9	Sound	63	206469	0	1			0		hit	17
aydje	9	Response	252	209983	3514	2
aydje	10	Picture	12	241973	0	2	2000	3	0	1920	other	0
aydje	10	Sound	51	244733	2760	1			2760		other	0
aydje	11	Sound	62	253971	0	1			0		hit	21
aydje	11	Response	251	258512	4541	1
aydje	12	Picture	1	289468	0	2	2000	4	0	1920	other	0
aydje	13	Sound	61	301443	0	1			0		hit	24
aydje	13	Response	251	304759	3316	1
aydje	14	Picture	214	335630	0	2	2000	3	0	1920	other	0
aydje	14	Sound	51	340389	4759	2			4760		other	0
aydje	15	Sound	64	347628	0	1			0		hit	28
aydje	15	Response	252	350929	3301	2
aydje	16	Picture	224	383625	0	2	2000	4	0	1920	other	0
aydje	16	Sound	52	389664	6039	2			6040		other	0
aydje	17	Sound	64	395608	0	2			0		hit	32
aydje	17	Response	252	401264	5656	1
aydje	18	Picture	3	430121	0	1	1999	3	0	1920	other	0
aydje	19	Sound	63	442093	0	1			0		hit	35
aydje	19	Response	252	446152	4059	2
aydje	19	Response	252	446926	4833	2
aydje	20	Picture	21	477116	0	1	2000	2	0	1920	other	0
aydje	20	Sound	52	484875	7759	1			7760		other	0
aydje	21	Sound	61	489116	0	1			0		hit	40
aydje	21	Response	251	492311	3195	1
aydje	22	Picture	2	524944	0	2	2000	3	0	1920	other	0
aydje	23	Sound	62	536917	0	1			0		hit	43
aydje	23	Response	251	541458	4541	1
aydje	24	Picture	1	572606	0	2	2000	3	0	1920	other	0
aydje	25	Sound	61	584598	0	2			0		hit	46
aydje	25	Response	251	589157	4559	1
aydje	26	Picture	204	619101	0	2	2000	4	0	1920	other	0
aydje	27	Sound	64	631083	0	1			0		hit	49
aydje	27	Response	252	634251	3168	2
aydje	28	Picture	101	666097	0	1	1999	3	0	1920	other	0
aydje	29	Sound	61	678076	0	1			0		hit	52
aydje	29	Response	251	682806	4730	2
aydje	30	Picture	101	713925	0	1	2000	2	0	1920	other	0
aydje	31	Sound	61	725907	0	1			0		hit	55
aydje	31	Response	251	732314	6407	1
aydje	32	Picture	113	760254	0	1	1999	3	0	1920	other	0
aydje	32	Sound	51	765393	5139	2			5140		other	0
aydje	33	Sound	63	772242	0	1			0		hit	59
aydje	33	Response	252	784373	12131	1
aydje	34	Picture	4	808249	0	1	1999	3	0	1920	other	0
aydje	35	Sound	64	820222	0	1			0		hit	62
aydje	35	Response	252	826562	6340	1
aydje	36	Picture	23	854577	0	2	2000	3	0	1920	other	0
aydje	36	Sound	52	861216	6639	2			6640		other	0
aydje	37	Sound	63	866557	0	1			0		hit	66
aydje	37	Response	252	870806	4249	2
aydje	38	Picture	3	902572	0	2	2000	4	0	1920	other	0
aydje	39	Sound	63	914568	0	1			0		hit	69
aydje	39	Response	252	920263	5695	1
aydje	40	Picture	22	950067	0	2	2000	4	0	1920	other	0
aydje	40	Sound	52	955976	5909	1			5910		other	0
aydje	41	Sound	62	962039	0	2			0		hit	73
aydje	41	Response	251	966705	4666	2
aydje	42	Picture	14	998063	0	1	2000	2	0	1920	other	0
aydje	42	Sound	51	1002112	4049	2			4050		other	0
aydje	43	Sound	64	1010050	0	2			0		hit	77
aydje	43	Response	252	1012586	2536	2
aydje	44	Picture	4	1044558	0	1	2000	2	0	1920	other	0
aydje	45	Sound	64	1056534	0	2			0		hit	80
aydje	45	Response	252	1060701	4167	2
aydje	46	Picture	101	1090720	0	1	2000	2	0	1920	other	0
aydje	47	Sound	61	1102719	0	2			0		hit	83
aydje	47	Response	251	1106355	3636	2
aydje	48	Picture	202	1138048	0	2	2000	3	0	1920	other	0
aydje	49	Sound	62	1150042	0	1			0		hit	86
aydje	49	Response	251	1154413	4371	2
aydje	50	Picture	204	1186043	0	2	2000	4	0	1920	other	0
aydje	51	Sound	64	1198022	0	2			0		hit	89
aydje	51	Response	252	1202774	4752	2
aydje	52	Picture	2	1232205	0	2	2000	3	0	1920	other	0
aydje	53	Sound	62	1244177	0	2			0		hit	92
aydje	53	Response	251	1248823	4646	1
aydje	54	Picture	103	1278367	0	2	2000	4	0	1920	other	0
aydje	55	Sound	63	1290362	0	1			0		hit	95
aydje	55	Response	252	1293715	3353	1
aydje	56	Picture	204	1325529	0	2	2000	3	0	1920	other	0
aydje	57	Sound	64	1337505	0	1			0		hit	98
aydje	57	Response	252	1341518	4013	1
aydje	58	Picture	2	1373191	0	2	2000	3	0	1920	other	0
aydje	59	Sound	62	1385186	0	2			0		hit	101
aydje	59	Response	251	1391869	6683	2
aydje	60	Picture	1	1420686	0	4	2000	5	0	1920	other	0
aydje	61	Sound	61	1432658	0	2			0		hit	104
aydje	61	Response	251	1437032	4374	1
aydje	62	Picture	24	1468515	0	1	1999	3	0	1920	other	0
aydje	62	Sound	52	1474844	6329	1			6330		other	0
aydje	63	Sound	64	1480490	0	1			0		hit	108
aydje	63	Response	252	1483943	3453	2
aydje	64	Picture	222	1515510	0	1	1999	3	0	1920	other	0
aydje	64	Sound	52	1521169	5659	1			5660		other	0
aydje	65	Sound	62	1527483	0	1			0		hit	112
aydje	65	Response	251	1534043	6560	1
aydje	66	Picture	1	1561838	0	2	2000	3	0	1920	other	0
aydje	67	Sound	61	1573817	0	1			0		hit	115
aydje	67	Response	251	1580743	6926	2
aydje	68	Picture	204	1609500	0	2	2000	3	0	1920	other	0
aydje	69	Sound	64	1621499	0	1			0		hit	118
aydje	69	Response	252	1625857	4358	1
aydje	70	Picture	101	1657495	0	2	2000	3	0	1920	other	0
aydje	71	Sound	61	1669479	0	2			0		hit	121
aydje	71	Response	251	1672555	3076	1
aydje	72	Picture	3	1703657	0	2	2000	3	0	1920	other	0
aydje	73	Sound	63	1715634	0	2			0		hit	124
aydje	73	Response	252	1720175	4541	1
aydje	74	Picture	1	1750652	0	2	2000	3	0	1920	other	0
aydje	75	Sound	61	1762628	0	1			0		hit	127
aydje	75	Response	251	1766178	3550	1
aydje	76	Picture	204	1798314	0	2	2000	3	0	1920	other	0
aydje	77	Sound	64	1810309	0	1			0		hit	130
aydje	77	Response	252	1815021	4712	1
aydje	77	Response	251	1819431	9122	2
aydje	77	Response	251	1821258	10949	1
aydje	78	Picture	121	1844809	0	2	2000	4	0	1920	other	0
aydje	78	Sound	52	1852848	8039	2			8040		other	0
aydje	79	Sound	61	1856793	0	1			0		hit	136
aydje	79	Response	251	1864308	7515	1
aydje	80	Picture	4	1891471	0	2	2000	3	0	1920	other	0
aydje	81	Sound	64	1903457	0	1			0		hit	139
aydje	81	Response	252	1907501	4044	1
aydje	82	Picture	2	1939133	0	2	2000	3	0	1920	other	0
aydje	83	Sound	62	1951108	0	2			0		hit	142
aydje	83	Response	251	1953805	2697	1
aydje	84	Picture	2	1985295	0	2	2000	3	0	1920	other	0
aydje	85	Sound	62	1997293	0	2			0		hit	145
aydje	85	Response	251	2001491	4198	2
aydje	86	Picture	202	2032957	0	1	1999	3	0	1920	other	0
aydje	87	Sound	62	2044945	0	1			0		hit	148
aydje	87	Response	251	2049807	4862	1
aydje	87	Response	252	2052770	7825	2
aydje	88	Picture	212	2080285	0	2	2000	4	0	1920	other	0
aydje	88	Sound	51	2085164	4879	2			4880		other	0
aydje	89	Sound	62	2092267	0	1			0		hit	153
aydje	89	Response	251	2096855	4588	1
aydje	90	Picture	3	2126780	0	2	2000	4	0	1920	other	0
aydje	91	Sound	63	2138751	0	2			0		hit	156
aydje	91	Response	252	2143427	4676	1
aydje	92	Picture	3	2174109	0	2	2000	3	0	1920	other	0
aydje	93	Sound	63	2186104	0	1			0		hit	159
aydje	93	Response	252	2191394	5290	1
aydje	94	Picture	101	2221271	0	1	1999	3	0	1920	other	0
aydje	95	Sound	61	2233247	0	1			0		hit	162
aydje	95	Response	251	2237363	4116	2
aydje	96	Picture	103	2269432	0	2	2000	4	0	1920	other	0
aydje	97	Sound	63	2281407	0	1			0		hit	165
aydje	97	Response	252	2285736	4329	2
aydje	98	Picture	1	2316928	0	1	1999	3	0	1920	other	0
aydje	99	Sound	61	2328909	0	1			0		hit	168
aydje	99	Response	251	2331454	2545	2
aydje	100	Picture	103	2364923	0	1	2000	2	0	1920	other	0
aydje	101	Sound	63	2376919	0	2			0		hit	171
aydje	101	Response	252	2379945	3026	2
aydje	101	Response	251	2384798	7879	1
aydje	102	Picture	4	2411418	0	1	2000	2	0	1920	other	0
aydje	103	Sound	64	2423404	0	1			0		hit	175
aydje	103	Response	252	2427193	3789	1
aydje	104	Picture	202	2459413	0	2	2000	3	0	1920	other	0
aydje	105	Sound	62	2471385	0	1			0		hit	178
aydje	105	Response	251	2475444	4059	1
aydje	106	Picture	4	2505742	0	1	1999	3	0	1920	other	0
aydje	107	Sound	64	2517719	0	1			0		hit	181
aydje	107	Response	252	2520308	2589	1
aydje	108	Picture	202	2553737	0	1	2000	2	0	1920	other	0
aydje	109	Sound	62	2565730	0	1			0		hit	184
aydje	109	Response	251	2570076	4346	2
aydje	110	Picture	11	2601565	0	2	2000	4	0	1920	other	0
aydje	110	Sound	51	2606734	5169	2			5170		other	0
aydje	111	Sound	61	2613561	0	1			0		hit	188
aydje	111	Response	251	2617853	4292	1
aydje	112	Picture	2	2649060	0	2	2000	4	0	1920	other	0
aydje	113	Sound	62	2661033	0	1			0		hit	191
aydje	113	Response	251	2664913	3880	2
aydje	114	Picture	103	2695222	0	2	2000	4	0	1920	other	0
aydje	115	Sound	63	2707218	0	1			0		hit	194
aydje	115	Response	252	2710736	3518	2
aydje	116	Picture	103	2742051	0	1	2000	2	0	1920	other	0
aydje	117	Sound	63	2754031	0	1			0		hit	197
aydje	117	Response	252	2757502	3471	2
aydje	118	Picture	3	2788713	0	1	1999	3	0	1920	other	0
aydje	119	Sound	63	2800695	0	1			0		hit	200
aydje	119	Response	252	2805245	4550	1
aydje	120	Picture	4	2835875	0	1	1999	3	0	1920	other	0
aydje	121	Sound	64	2847868	0	1			0		hit	203
aydje	121	Response	252	2852857	4989	1
aydje	122	Picture	202	2882370	0	1	1999	3	0	1920	other	0
aydje	123	Sound	62	2894352	0	1			0		hit	206
aydje	123	Response	251	2900403	6051	1
aydje	124	Picture	103	2929032	0	1	2000	2	0	1920	other	0
aydje	125	Sound	63	2941016	0	1			0		hit	209
aydje	125	Response	252	2944551	3535	1
aydje	126	Picture	111	2977193	0	2	2000	3	0	1920	other	0
aydje	126	Sound	51	2979722	2529	2			2530		other	0
aydje	127	Sound	61	2989176	0	1			0		hit	213
aydje	127	Response	251	2992498	3322	1
aydje	128	Picture	13	3024022	0	1	2000	2	0	1920	other	0
aydje	128	Sound	51	3028311	4289	2			4290		other	0
aydje	129	Sound	63	3036019	0	2			0		hit	217
aydje	129	Response	252	3039271	3252	1
aydje	130	Picture	204	3070350	0	2	2000	4	0	1920	other	0
aydje	131	Sound	64	3082324	0	1			0		hit	220
aydje	131	Response	252	3086217	3893	2
aydje	132	Picture	101	3116845	0	2	2001	3	0	1920	other	0
aydje	133	Sound	61	3128838	0	1			0		hit	223
aydje	133	Response	251	3133708	4870	2
aydje	134	Response	253	3367667	203159	1


Event Type	Code	Type	Response	RT	RT Uncertainty	Time	Uncertainty	Duration	Uncertainty	ReqTime	ReqDur

Picture	10	other				17329	2	20165	4	0	20000
Picture	10	other				37661	1	40162	3	0	40000
Picture	10	other				77990	1	40163	2	0	40000
Nothing	91	other				118154	1			0
Picture	202	other				148316	2	2000	3	0	1920
Sound	62	incorrect	2	3053	3	160314	1			0
Picture	123	other				194478	2	2000	3	0	1920
Sound	52	other				200067	2			5590
Sound	63	hit	2	3514	3	206469	1			0
Picture	12	other				241973	2	2000	3	0	1920
Sound	51	other				244733	1			2760
Sound	62	hit	1	4541	2	253971	1			0
Picture	1	other				289468	2	2000	4	0	1920
Sound	61	hit	1	3316	2	301443	1			0
Picture	214	other				335630	2	2000	3	0	1920
Sound	51	other				340389	2			4760
Sound	64	hit	2	3301	3	347628	1			0
Picture	224	other				383625	2	2000	4	0	1920
Sound	52	other				389664	2			6040
Sound	64	hit	2	5656	3	395608	2			0
Picture	3	other				430121	1	1999	3	0	1920
Sound	63	hit	2	4059	3	442093	1			0
Picture	21	other				477116	1	2000	2	0	1920
Sound	52	other				484875	1			7760
Sound	61	hit	1	3195	2	489116	1			0
Picture	2	other				524944	2	2000	3	0	1920
Sound	62	hit	1	4541	2	536917	1			0
Picture	1	other				572606	2	2000	3	0	1920
Sound	61	hit	1	4559	3	584598	2			0
Picture	204	other				619101	2	2000	4	0	1920
Sound	64	hit	2	3168	3	631083	1			0
Picture	101	other				666097	1	1999	3	0	1920
Sound	61	hit	1	4730	3	678076	1			0
Picture	101	other				713925	1	2000	2	0	1920
Sound	61	hit	1	6407	2	725907	1			0
Picture	113	other				760254	1	1999	3	0	1920
Sound	51	other				765393	2			5140
Sound	63	hit	2	12131	2	772242	1			0
Picture	4	other				808249	1	1999	3	0	1920
Sound	64	hit	2	6340	2	820222	1			0
Picture	23	other				854577	2	2000	3	0	1920
Sound	52	other				861216	2			6640
Sound	63	hit	2	4249	3	866557	1			0
Picture	3	other				902572	2	2000	4	0	1920
Sound	63	hit	2	5695	2	914568	1			0
Picture	22	other				950067	2	2000	4	0	1920
Sound	52	other				955976	1			5910
Sound	62	hit	1	4666	4	962039	2			0
Picture	14	other				998063	1	2000	2	0	1920
Sound	51	other				1002112	2			4050
Sound	64	hit	2	2536	4	1010050	2			0
Picture	4	other				1044558	1	2000	2	0	1920
Sound	64	hit	2	4167	4	1056534	2			0
Picture	101	other				1090720	1	2000	2	0	1920
Sound	61	hit	1	3636	4	1102719	2			0
Picture	202	other				1138048	2	2000	3	0	1920
Sound	62	hit	1	4371	3	1150042	1			0
Picture	204	other				1186043	2	2000	4	0	1920
Sound	64	hit	2	4752	4	1198022	2			0
Picture	2	other				1232205	2	2000	3	0	1920
Sound	62	hit	1	4646	3	1244177	2			0
Picture	103	other				1278367	2	2000	4	0	1920
Sound	63	hit	2	3353	2	1290362	1			0
Picture	204	other				1325529	2	2000	3	0	1920
Sound	64	hit	2	4013	2	1337505	1			0
Picture	2	other				1373191	2	2000	3	0	1920
Sound	62	hit	1	6683	4	1385186	2			0
Picture	1	other				1420686	4	2000	5	0	1920
Sound	61	hit	1	4374	3	1432658	2			0
Picture	24	other				1468515	1	1999	3	0	1920
Sound	52	other				1474844	1			6330
Sound	64	hit	2	3453	3	1480490	1			0
Picture	222	other				1515510	1	1999	3	0	1920
Sound	52	other				1521169	1			5660
Sound	62	hit	1	6560	2	1527483	1			0
Picture	1	other				1561838	2	2000	3	0	1920
Sound	61	hit	1	6926	3	1573817	1			0
Picture	204	other				1609500	2	2000	3	0	1920
Sound	64	hit	2	4358	2	1621499	1			0
Picture	101	other				1657495	2	2000	3	0	1920
Sound	61	hit	1	3076	3	1669479	2			0
Picture	3	other				1703657	2	2000	3	0	1920
Sound	63	hit	2	4541	3	1715634	2			0
Picture	1	other				1750652	2	2000	3	0	1920
Sound	61	hit	1	3550	2	1762628	1			0
Picture	204	other				1798314	2	2000	3	0	1920
Sound	64	hit	2	4712	2	1810309	1			0
Picture	121	other				1844809	2	2000	4	0	1920
Sound	52	other				1852848	2			8040
Sound	61	hit	1	7515	2	1856793	1			0
Picture	4	other				1891471	2	2000	3	0	1920
Sound	64	hit	2	4044	2	1903457	1			0
Picture	2	other				1939133	2	2000	3	0	1920
Sound	62	hit	1	2697	3	1951108	2			0
Picture	2	other				1985295	2	2000	3	0	1920
Sound	62	hit	1	4198	4	1997293	2			0
Picture	202	other				2032957	1	1999	3	0	1920
Sound	62	hit	1	4862	2	2044945	1			0
Picture	212	other				2080285	2	2000	4	0	1920
Sound	51	other				2085164	2			4880
Sound	62	hit	1	4588	2	2092267	1			0
Picture	3	other				2126780	2	2000	4	0	1920
Sound	63	hit	2	4676	3	2138751	2			0
Picture	3	other				2174109	2	2000	3	0	1920
Sound	63	hit	2	5290	2	2186104	1			0
Picture	101	other				2221271	1	1999	3	0	1920
Sound	61	hit	1	4116	3	2233247	1			0
Picture	103	other				2269432	2	2000	4	0	1920
Sound	63	hit	2	4329	3	2281407	1			0
Picture	1	other				2316928	1	1999	3	0	1920
Sound	61	hit	1	2545	3	2328909	1			0
Picture	103	other				2364923	1	2000	2	0	1920
Sound	63	hit	2	3026	4	2376919	2			0
Picture	4	other				2411418	1	2000	2	0	1920
Sound	64	hit	2	3789	2	2423404	1			0
Picture	202	other				2459413	2	2000	3	0	1920
Sound	62	hit	1	4059	2	2471385	1			0
Picture	4	other				2505742	1	1999	3	0	1920
Sound	64	hit	2	2589	2	2517719	1			0
Picture	202	other				2553737	1	2000	2	0	1920
Sound	62	hit	1	4346	3	2565730	1			0
Picture	11	other				2601565	2	2000	4	0	1920
Sound	51	other				2606734	2			5170
Sound	61	hit	1	4292	2	2613561	1			0
Picture	2	other				2649060	2	2000	4	0	1920
Sound	62	hit	1	3880	3	2661033	1			0
Picture	103	other				2695222	2	2000	4	0	1920
Sound	63	hit	2	3518	3	2707218	1			0
Picture	103	other				2742051	1	2000	2	0	1920
Sound	63	hit	2	3471	3	2754031	1			0
Picture	3	other				2788713	1	1999	3	0	1920
Sound	63	hit	2	4550	2	2800695	1			0
Picture	4	other				2835875	1	1999	3	0	1920
Sound	64	hit	2	4989	2	2847868	1			0
Picture	202	other				2882370	1	1999	3	0	1920
Sound	62	hit	1	6051	2	2894352	1			0
Picture	103	other				2929032	1	2000	2	0	1920
Sound	63	hit	2	3535	2	2941016	1			0
Picture	111	other				2977193	2	2000	3	0	1920
Sound	51	other				2979722	2			2530
Sound	61	hit	1	3322	2	2989176	1			0
Picture	13	other				3024022	1	2000	2	0	1920
Sound	51	other				3028311	2			4290
Sound	63	hit	2	3252	3	3036019	2			0
Picture	204	other				3070350	2	2000	4	0	1920
Sound	64	hit	2	3893	3	3082324	1			0
Picture	101	other				3116845	2	2001	3	0	1920
Sound	61	hit	1	4870	3	3128838	1			0
