Scenario - 17_March_2015
Logfile written - 06/23/2016 15:42:46

Subject	Trial	Event Type	Code	Time	TTime	Uncertainty	Duration	Uncertainty	ReqTime	ReqDur	Stim Type	Pair Index

fc7	1	Response	253	14152	23985	1
fc7	2	Picture	10	14330	0	2	20164	4	0	20000	other	0
fc7	3	Picture	10	34661	0	2	40163	3	0	40000	other	0
fc7	3	Response	251	49694	15033	2
fc7	4	Picture	10	74990	0	2	40163	3	0	40000	other	0
fc7	4	Response	252	90788	15798	2
fc7	5	Nothing	91	115155	0	1			0		other	0
fc7	6	Picture	1	145317	0	1	1999	3	0	1920	other	0
fc7	7	Sound	61	157292	0	1			0		hit	10
fc7	7	Response	251	162144	4852	1
fc7	8	Picture	123	192812	0	1	1999	3	0	1920	other	0
fc7	8	Sound	52	198611	5799	1			5800		other	0
fc7	9	Sound	63	204794	0	1			0		incorrect	14
fc7	9	Response	251	208759	3965	1
fc7	10	Picture	101	240474	0	1	1999	3	0	1920	other	0
fc7	11	Sound	61	252445	0	2			0		hit	17
fc7	11	Response	251	256972	4527	2
fc7	12	Picture	204	287469	0	1	2000	2	0	1920	other	0
fc7	13	Sound	64	299469	0	1			0		hit	20
fc7	13	Response	252	303355	3886	2
fc7	14	Picture	3	334464	0	1	2000	2	0	1920	other	0
fc7	15	Sound	63	346462	0	1			0		hit	23
fc7	15	Response	252	352424	5962	2
fc7	16	Picture	2	381292	0	2	2000	4	0	1920	other	0
fc7	17	Sound	62	393276	0	1			0		hit	26
fc7	17	Response	251	399208	5932	2
fc7	18	Picture	202	427621	0	2	2000	3	0	1920	other	0
fc7	19	Sound	62	439610	0	2			0		hit	29
fc7	19	Response	251	445736	6126	2
fc7	20	Picture	212	473783	0	1	2000	2	0	1920	other	0
fc7	20	Sound	51	479172	5389	1			5390		other	0
fc7	21	Sound	62	485766	0	1			0		hit	33
fc7	21	Response	251	490988	5222	1
fc7	22	Picture	21	521111	0	2	2000	4	0	1920	other	0
fc7	22	Sound	52	528230	7119	2			7120		other	0
fc7	23	Sound	61	533088	0	1			0		hit	37
fc7	23	Response	251	537532	4444	1
fc7	24	Picture	101	567607	0	1	1999	3	0	1920	other	0
fc7	25	Sound	61	579602	0	2			0		hit	40
fc7	25	Response	251	585824	6222	1
fc7	26	Picture	2	614769	0	1	1999	3	0	1920	other	0
fc7	27	Sound	62	626745	0	2			0		hit	43
fc7	27	Response	251	632599	5854	1
fc7	28	Picture	4	661264	0	1	2000	2	0	1920	other	0
fc7	29	Sound	64	673260	0	1			0		hit	46
fc7	29	Response	252	678122	4862	2
fc7	30	Picture	2	708259	0	2	2000	3	0	1920	other	0
fc7	31	Sound	62	720253	0	1			0		hit	49
fc7	31	Response	251	726013	5760	2
fc7	32	Picture	23	755921	0	1	2000	2	0	1920	other	0
fc7	32	Sound	52	761770	5849	2			5850		other	0
fc7	33	Sound	63	767905	0	1			0		hit	53
fc7	33	Response	252	773344	5439	1
fc7	34	Picture	4	803583	0	1	2000	2	0	1920	other	0
fc7	35	Sound	64	815556	0	1			0		hit	56
fc7	35	Response	252	820699	5143	2
fc7	36	Picture	113	850578	0	1	2000	2	0	1920	other	0
fc7	36	Sound	51	853957	3379	2			3380		other	0
fc7	37	Sound	63	862550	0	1			0		hit	60
fc7	37	Response	252	866909	4359	1
fc7	38	Picture	4	897240	0	1	2000	2	0	1920	other	0
fc7	39	Sound	64	909214	0	1			0		hit	63
fc7	39	Response	252	914010	4796	1
fc7	40	Picture	101	943402	0	1	2000	2	0	1920	other	0
fc7	41	Sound	61	955399	0	1			0		hit	66
fc7	41	Response	251	959656	4257	1
fc7	42	Picture	2	990064	0	1	1999	3	0	1920	other	0
fc7	43	Sound	62	1002063	0	1			0		hit	69
fc7	43	Response	251	1006977	4914	2
fc7	44	Picture	103	1037392	0	2	2000	3	0	1920	other	0
fc7	45	Sound	63	1049385	0	2			0		hit	72
fc7	45	Response	252	1054777	5392	1
fc7	46	Picture	202	1084387	0	2	2000	3	0	1920	other	0
fc7	47	Sound	62	1096378	0	2			0		hit	75
fc7	47	Response	251	1101883	5505	2
fc7	48	Picture	101	1131383	0	1	1999	3	0	1920	other	0
fc7	49	Sound	61	1143372	0	1			0		hit	78
fc7	49	Response	251	1147775	4403	1
fc7	50	Picture	103	1178878	0	1	1999	3	0	1920	other	0
fc7	51	Sound	63	1190874	0	1			0		hit	81
fc7	51	Response	252	1196172	5298	1
fc7	52	Picture	24	1226040	0	1	1999	3	0	1920	other	0
fc7	52	Sound	52	1234189	8149	2			8150		other	0
fc7	53	Sound	64	1238017	0	1			0		hit	85
fc7	53	Response	252	1242382	4365	1
fc7	54	Picture	1	1272535	0	1	2000	3	0	1920	other	0
fc7	55	Sound	61	1284531	0	1			0		hit	88
fc7	55	Response	251	1290466	5935	1
fc7	56	Picture	202	1319197	0	1	2000	2	0	1920	other	0
fc7	57	Sound	62	1331195	0	1			0		hit	91
fc7	57	Response	251	1337872	6677	1
fc7	58	Picture	101	1366692	0	1	2000	2	0	1920	other	0
fc7	59	Sound	61	1378667	0	2			0		hit	94
fc7	59	Response	251	1384079	5412	2
fc7	60	Picture	204	1413854	0	1	2000	2	0	1920	other	0
fc7	61	Sound	64	1425840	0	1			0		hit	97
fc7	61	Response	252	1430627	4787	1
fc7	62	Picture	224	1461182	0	2	2000	3	0	1920	other	0
fc7	62	Sound	52	1469161	7979	2			7980		other	0
fc7	63	Sound	64	1473163	0	1			0		hit	101
fc7	63	Response	252	1477297	4134	1
fc7	64	Picture	103	1508677	0	2	2000	4	0	1920	other	0
fc7	65	Sound	63	1520665	0	1			0		hit	104
fc7	65	Response	252	1525452	4787	2
fc7	66	Picture	3	1555672	0	2	2000	4	0	1920	other	0
fc7	67	Sound	63	1567658	0	1			0		hit	107
fc7	67	Response	252	1572786	5128	1
fc7	68	Picture	1	1603668	0	1	2000	2	0	1920	other	0
fc7	69	Sound	61	1615639	0	1			0		hit	110
fc7	69	Response	251	1622557	6918	1
fc7	70	Picture	12	1651163	0	1	2000	2	0	1920	other	0
fc7	70	Sound	51	1655502	4339	2			4340		other	0
fc7	71	Sound	62	1663141	0	1			0		hit	114
fc7	71	Response	251	1671575	8434	2
fc7	72	Picture	4	1697492	0	1	1999	3	0	1920	other	0
fc7	73	Sound	64	1709476	0	1			0		hit	117
fc7	73	Response	252	1714736	5260	1
fc7	74	Picture	13	1743820	0	1	2000	2	0	1920	other	0
fc7	74	Sound	51	1746959	3139	1			3140		other	0
fc7	75	Sound	63	1755811	0	1			0		incorrect	121
fc7	75	Response	251	1760370	4559	1
fc7	76	Picture	204	1790482	0	2	2000	3	0	1920	other	0
fc7	77	Sound	64	1802475	0	1			0		hit	124
fc7	77	Response	252	1808559	6084	2
fc7	78	Picture	222	1837977	0	2	2000	3	0	1920	other	0
fc7	78	Sound	52	1844436	6459	1			6460		other	0
fc7	79	Sound	62	1849977	0	1			0		hit	128
fc7	79	Response	251	1854925	4948	1
fc7	80	Picture	3	1884806	0	1	1999	3	0	1920	other	0
fc7	81	Sound	63	1896790	0	2			0		hit	131
fc7	81	Response	252	1904003	7213	1
fc7	82	Picture	202	1932301	0	1	2000	2	0	1920	other	0
fc7	83	Sound	62	1944293	0	1			0		hit	134
fc7	83	Response	251	1950633	6340	2
fc7	84	Picture	204	1978796	0	2	2000	3	0	1920	other	0
fc7	85	Sound	64	1990777	0	1			0		hit	137
fc7	85	Response	252	1996605	5828	2
fc7	86	Picture	2	2025125	0	1	1999	3	0	1920	other	0
fc7	87	Sound	62	2037112	0	1			0		hit	140
fc7	87	Response	251	2042294	5182	2
fc7	88	Picture	121	2071287	0	1	2000	2	0	1920	other	0
fc7	88	Sound	52	2079526	8239	2			8240		other	0
fc7	89	Sound	61	2083267	0	1			0		hit	144
fc7	89	Response	251	2090169	6902	2
fc7	90	Picture	202	2118948	0	2	2000	4	0	1920	other	0
fc7	91	Sound	62	2130919	0	1			0		hit	147
fc7	91	Response	251	2136536	5617	2
fc7	92	Picture	1	2166777	0	2	2000	3	0	1920	other	0
fc7	93	Sound	61	2178750	0	1			0		hit	150
fc7	93	Response	251	2183114	4364	1
fc7	94	Picture	11	2214439	0	1	1999	3	0	1920	other	0
fc7	94	Sound	51	2219008	4569	1			4570		other	0
fc7	95	Sound	61	2226432	0	1			0		hit	154
fc7	95	Response	251	2232509	6077	2
fc7	96	Picture	3	2261267	0	2	2000	4	0	1920	other	0
fc7	97	Sound	63	2273245	0	2			0		hit	157
fc7	97	Response	252	2279143	5898	2
fc7	98	Picture	14	2309096	0	1	2000	2	0	1920	other	0
fc7	98	Sound	51	2312755	3659	2			3660		other	0
fc7	99	Sound	64	2321077	0	1			0		hit	161
fc7	99	Response	252	2325882	4805	1
fc7	100	Picture	4	2355258	0	1	1999	3	0	1920	other	0
fc7	101	Sound	64	2367232	0	1			0		hit	164
fc7	101	Response	252	2371777	4545	1
fc7	102	Picture	204	2403253	0	1	2000	2	0	1920	other	0
fc7	103	Sound	64	2415243	0	1			0		hit	167
fc7	103	Response	252	2419328	4085	1
fc7	104	Picture	214	2450748	0	1	2000	2	0	1920	other	0
fc7	104	Sound	51	2454907	4159	1			4160		other	0
fc7	105	Sound	64	2462745	0	1			0		hit	171
fc7	105	Response	252	2467553	4808	2
fc7	106	Picture	22	2497410	0	1	2000	2	0	1920	other	0
fc7	106	Sound	52	2504289	6879	2			6880		other	0
fc7	107	Sound	62	2509409	0	1			0		hit	175
fc7	107	Response	251	2513821	4412	1
fc7	108	Picture	3	2544738	0	2	2000	3	0	1920	other	0
fc7	109	Sound	63	2556731	0	2			0		hit	178
fc7	109	Response	252	2563120	6389	1
fc7	110	Picture	1	2592233	0	2	2000	4	0	1920	other	0
fc7	111	Sound	61	2604204	0	1			0		hit	181
fc7	111	Response	251	2608098	3894	1
fc7	112	Picture	101	2638562	0	1	2000	2	0	1920	other	0
fc7	113	Sound	61	2650538	0	1			0		hit	184
fc7	113	Response	251	2654403	3865	1
fc7	114	Picture	111	2686057	0	2	2000	3	0	1920	other	0
fc7	114	Sound	51	2688656	2599	1			2600		other	0
fc7	115	Sound	61	2698040	0	2			0		hit	188
fc7	115	Response	251	2702253	4213	1
fc7	116	Picture	204	2733719	0	2	2000	3	0	1920	other	0
fc7	117	Sound	64	2745692	0	2			0		hit	191
fc7	117	Response	252	2756465	10773	1
fc7	118	Picture	1	2780214	0	2	2000	4	0	1920	other	0
fc7	119	Sound	61	2792207	0	1			0		hit	194
fc7	119	Response	251	2796296	4089	2
fc7	120	Picture	4	2827376	0	2	2000	3	0	1920	other	0
fc7	121	Sound	64	2839349	0	2			0		hit	197
fc7	121	Response	252	2844020	4671	2
fc7	122	Picture	103	2874371	0	2	2000	4	0	1920	other	0
fc7	123	Sound	63	2886343	0	1			0		hit	200
fc7	123	Response	252	2892234	5891	1
fc7	124	Picture	103	2922366	0	2	2000	4	0	1920	other	0
fc7	125	Sound	63	2934354	0	1			0		hit	203
fc7	125	Response	252	2938679	4325	1
fc7	126	Picture	3	2970195	0	1	2000	2	0	1920	other	0
fc7	127	Sound	63	2982185	0	1			0		hit	206
fc7	127	Response	252	2986158	3973	1
fc7	128	Picture	2	3017857	0	1	2000	2	0	1920	other	0
fc7	129	Sound	62	3029837	0	1			0		hit	209
fc7	129	Response	251	3035305	5468	1
fc7	130	Picture	103	3066018	0	2	2000	4	0	1920	other	0
fc7	131	Sound	63	3077997	0	2			0		hit	212
fc7	131	Response	252	3083196	5199	1
fc7	132	Picture	202	3114014	0	1	1999	3	0	1920	other	0
fc7	133	Sound	62	3126008	0	2			0		hit	215
fc7	133	Response	251	3131404	5396	1
fc7	134	Response	253	3219489	57814	2


Event Type	Code	Type	Response	RT	RT Uncertainty	Time	Uncertainty	Duration	Uncertainty	ReqTime	ReqDur

Picture	10	other				14330	2	20164	4	0	20000
Picture	10	other				34661	2	40163	3	0	40000
Picture	10	other				74990	2	40163	3	0	40000
Nothing	91	other				115155	1			0
Picture	1	other				145317	1	1999	3	0	1920
Sound	61	hit	1	4852	2	157292	1			0
Picture	123	other				192812	1	1999	3	0	1920
Sound	52	other				198611	1			5800
Sound	63	incorrect	1	3965	2	204794	1			0
Picture	101	other				240474	1	1999	3	0	1920
Sound	61	hit	1	4527	4	252445	2			0
Picture	204	other				287469	1	2000	2	0	1920
Sound	64	hit	2	3886	3	299469	1			0
Picture	3	other				334464	1	2000	2	0	1920
Sound	63	hit	2	5962	3	346462	1			0
Picture	2	other				381292	2	2000	4	0	1920
Sound	62	hit	1	5932	3	393276	1			0
Picture	202	other				427621	2	2000	3	0	1920
Sound	62	hit	1	6126	4	439610	2			0
Picture	212	other				473783	1	2000	2	0	1920
Sound	51	other				479172	1			5390
Sound	62	hit	1	5222	2	485766	1			0
Picture	21	other				521111	2	2000	4	0	1920
Sound	52	other				528230	2			7120
Sound	61	hit	1	4444	2	533088	1			0
Picture	101	other				567607	1	1999	3	0	1920
Sound	61	hit	1	6222	3	579602	2			0
Picture	2	other				614769	1	1999	3	0	1920
Sound	62	hit	1	5854	3	626745	2			0
Picture	4	other				661264	1	2000	2	0	1920
Sound	64	hit	2	4862	3	673260	1			0
Picture	2	other				708259	2	2000	3	0	1920
Sound	62	hit	1	5760	3	720253	1			0
Picture	23	other				755921	1	2000	2	0	1920
Sound	52	other				761770	2			5850
Sound	63	hit	2	5439	2	767905	1			0
Picture	4	other				803583	1	2000	2	0	1920
Sound	64	hit	2	5143	3	815556	1			0
Picture	113	other				850578	1	2000	2	0	1920
Sound	51	other				853957	2			3380
Sound	63	hit	2	4359	2	862550	1			0
Picture	4	other				897240	1	2000	2	0	1920
Sound	64	hit	2	4796	2	909214	1			0
Picture	101	other				943402	1	2000	2	0	1920
Sound	61	hit	1	4257	2	955399	1			0
Picture	2	other				990064	1	1999	3	0	1920
Sound	62	hit	1	4914	3	1002063	1			0
Picture	103	other				1037392	2	2000	3	0	1920
Sound	63	hit	2	5392	3	1049385	2			0
Picture	202	other				1084387	2	2000	3	0	1920
Sound	62	hit	1	5505	4	1096378	2			0
Picture	101	other				1131383	1	1999	3	0	1920
Sound	61	hit	1	4403	2	1143372	1			0
Picture	103	other				1178878	1	1999	3	0	1920
Sound	63	hit	2	5298	2	1190874	1			0
Picture	24	other				1226040	1	1999	3	0	1920
Sound	52	other				1234189	2			8150
Sound	64	hit	2	4365	2	1238017	1			0
Picture	1	other				1272535	1	2000	3	0	1920
Sound	61	hit	1	5935	2	1284531	1			0
Picture	202	other				1319197	1	2000	2	0	1920
Sound	62	hit	1	6677	2	1331195	1			0
Picture	101	other				1366692	1	2000	2	0	1920
Sound	61	hit	1	5412	4	1378667	2			0
Picture	204	other				1413854	1	2000	2	0	1920
Sound	64	hit	2	4787	2	1425840	1			0
Picture	224	other				1461182	2	2000	3	0	1920
Sound	52	other				1469161	2			7980
Sound	64	hit	2	4134	2	1473163	1			0
Picture	103	other				1508677	2	2000	4	0	1920
Sound	63	hit	2	4787	3	1520665	1			0
Picture	3	other				1555672	2	2000	4	0	1920
Sound	63	hit	2	5128	2	1567658	1			0
Picture	1	other				1603668	1	2000	2	0	1920
Sound	61	hit	1	6918	2	1615639	1			0
Picture	12	other				1651163	1	2000	2	0	1920
Sound	51	other				1655502	2			4340
Sound	62	hit	1	8434	3	1663141	1			0
Picture	4	other				1697492	1	1999	3	0	1920
Sound	64	hit	2	5260	2	1709476	1			0
Picture	13	other				1743820	1	2000	2	0	1920
Sound	51	other				1746959	1			3140
Sound	63	incorrect	1	4559	2	1755811	1			0
Picture	204	other				1790482	2	2000	3	0	1920
Sound	64	hit	2	6084	3	1802475	1			0
Picture	222	other				1837977	2	2000	3	0	1920
Sound	52	other				1844436	1			6460
Sound	62	hit	1	4948	2	1849977	1			0
Picture	3	other				1884806	1	1999	3	0	1920
Sound	63	hit	2	7213	3	1896790	2			0
Picture	202	other				1932301	1	2000	2	0	1920
Sound	62	hit	1	6340	3	1944293	1			0
Picture	204	other				1978796	2	2000	3	0	1920
Sound	64	hit	2	5828	3	1990777	1			0
Picture	2	other				2025125	1	1999	3	0	1920
Sound	62	hit	1	5182	3	2037112	1			0
Picture	121	other				2071287	1	2000	2	0	1920
Sound	52	other				2079526	2			8240
Sound	61	hit	1	6902	3	2083267	1			0
Picture	202	other				2118948	2	2000	4	0	1920
Sound	62	hit	1	5617	3	2130919	1			0
Picture	1	other				2166777	2	2000	3	0	1920
Sound	61	hit	1	4364	2	2178750	1			0
Picture	11	other				2214439	1	1999	3	0	1920
Sound	51	other				2219008	1			4570
Sound	61	hit	1	6077	3	2226432	1			0
Picture	3	other				2261267	2	2000	4	0	1920
Sound	63	hit	2	5898	4	2273245	2			0
Picture	14	other				2309096	1	2000	2	0	1920
Sound	51	other				2312755	2			3660
Sound	64	hit	2	4805	2	2321077	1			0
Picture	4	other				2355258	1	1999	3	0	1920
Sound	64	hit	2	4545	2	2367232	1			0
Picture	204	other				2403253	1	2000	2	0	1920
Sound	64	hit	2	4085	2	2415243	1			0
Picture	214	other				2450748	1	2000	2	0	1920
Sound	51	other				2454907	1			4160
Sound	64	hit	2	4808	3	2462745	1			0
Picture	22	other				2497410	1	2000	2	0	1920
Sound	52	other				2504289	2			6880
Sound	62	hit	1	4412	2	2509409	1			0
Picture	3	other				2544738	2	2000	3	0	1920
Sound	63	hit	2	6389	3	2556731	2			0
Picture	1	other				2592233	2	2000	4	0	1920
Sound	61	hit	1	3894	2	2604204	1			0
Picture	101	other				2638562	1	2000	2	0	1920
Sound	61	hit	1	3865	2	2650538	1			0
Picture	111	other				2686057	2	2000	3	0	1920
Sound	51	other				2688656	1			2600
Sound	61	hit	1	4213	3	2698040	2			0
Picture	204	other				2733719	2	2000	3	0	1920
Sound	64	hit	2	10773	3	2745692	2			0
Picture	1	other				2780214	2	2000	4	0	1920
Sound	61	hit	1	4089	3	2792207	1			0
Picture	4	other				2827376	2	2000	3	0	1920
Sound	64	hit	2	4671	4	2839349	2			0
Picture	103	other				2874371	2	2000	4	0	1920
Sound	63	hit	2	5891	2	2886343	1			0
Picture	103	other				2922366	2	2000	4	0	1920
Sound	63	hit	2	4325	2	2934354	1			0
Picture	3	other				2970195	1	2000	2	0	1920
Sound	63	hit	2	3973	2	2982185	1			0
Picture	2	other				3017857	1	2000	2	0	1920
Sound	62	hit	1	5468	2	3029837	1			0
Picture	103	other				3066018	2	2000	4	0	1920
Sound	63	hit	2	5199	3	3077997	2			0
Picture	202	other				3114014	1	1999	3	0	1920
Sound	62	hit	1	5396	3	3126008	2			0
