Scenario - 17_March_2015
Logfile written - 06/23/2016 15:56:16

Subject	Trial	Event Type	Code	Time	TTime	Uncertainty	Duration	Uncertainty	ReqTime	ReqDur	Stim Type	Pair Index

fc7	1	Response	253	10777	20610	2
fc7	2	Picture	10	10830	0	2	20165	3	0	20000	other	0
fc7	3	Picture	10	31161	0	2	40163	4	0	40000	other	0
fc7	3	Response	251	53095	21934	2
fc7	4	Picture	10	71491	0	1	40162	3	0	40000	other	0
fc7	4	Response	252	87385	15894	1
fc7	5	Nothing	91	111655	0	1			0		other	0
fc7	6	Picture	2	141817	0	1	2000	2	0	1920	other	0
fc7	7	Sound	62	153789	0	2			0		hit	10
fc7	7	Response	251	161269	7480	2
fc7	8	Picture	101	188812	0	2	2000	3	0	1920	other	0
fc7	9	Sound	61	200783	0	1			0		hit	13
fc7	9	Response	251	207820	7037	2
fc7	10	Picture	123	235307	0	2	2000	3	0	1920	other	0
fc7	10	Sound	52	242366	7059	2			7060		other	0
fc7	11	Sound	63	247297	0	1			0		hit	17
fc7	11	Response	252	253252	5955	2
fc7	12	Picture	101	281469	0	2	2000	3	0	1920	other	0
fc7	13	Sound	61	293452	0	1			0		hit	20
fc7	13	Response	251	304554	11102	1
fc7	14	Picture	103	328798	0	2	2000	3	0	1920	other	0
fc7	15	Sound	63	340775	0	1			0		hit	23
fc7	15	Response	252	347373	6598	1
fc7	16	Picture	4	376460	0	1	2000	2	0	1920	other	0
fc7	17	Sound	64	388456	0	2			0		hit	26
fc7	17	Response	252	395859	7403	1
fc7	18	Picture	11	423621	0	2	2000	4	0	1920	other	0
fc7	18	Sound	51	426330	2709	1			2710		other	0
fc7	19	Sound	61	435599	0	2			0		hit	30
fc7	19	Response	251	439213	3614	1
fc7	20	Picture	22	469950	0	1	2000	2	0	1920	other	0
fc7	20	Sound	52	477509	7559	1			7560		other	0
fc7	21	Sound	62	481934	0	1			0		hit	34
fc7	21	Response	251	487669	5735	2
fc7	22	Picture	1	517779	0	1	1999	3	0	1920	other	0
fc7	23	Sound	61	529765	0	2			0		hit	37
fc7	23	Response	251	533437	3672	2
fc7	24	Picture	2	564440	0	2	2000	4	0	1920	other	0
fc7	25	Sound	62	576429	0	2			0		hit	40
fc7	25	Response	251	582111	5682	1
fc7	26	Picture	204	610769	0	2	2000	3	0	1920	other	0
fc7	27	Sound	64	622764	0	1			0		hit	43
fc7	27	Response	252	626724	3960	1
fc7	28	Picture	4	657931	0	1	2000	2	0	1920	other	0
fc7	29	Sound	64	669907	0	1			0		hit	46
fc7	29	Response	252	676665	6758	1
fc7	30	Picture	111	705926	0	1	2000	2	0	1920	other	0
fc7	30	Sound	51	709446	3520	1			3520		other	0
fc7	31	Sound	61	717918	0	1			0		hit	50
fc7	31	Response	251	725701	7783	1
fc7	32	Picture	3	752755	0	1	1999	3	0	1920	other	0
fc7	33	Sound	63	764732	0	1			0		hit	53
fc7	33	Response	252	771233	6501	2
fc7	34	Picture	24	799250	0	1	2000	2	0	1920	other	0
fc7	34	Sound	52	806549	7299	1			7300		other	0
fc7	35	Sound	64	811246	0	1			0		hit	57
fc7	35	Response	252	816828	5582	1
fc7	36	Picture	1	845912	0	1	2000	2	0	1920	other	0
fc7	37	Sound	61	857910	0	1			0		hit	60
fc7	37	Response	251	863217	5307	1
fc7	38	Picture	3	893407	0	1	2000	2	0	1920	other	0
fc7	39	Sound	63	905382	0	2			0		hit	63
fc7	39	Response	252	910692	5310	1
fc7	40	Picture	202	940402	0	2	2000	3	0	1920	other	0
fc7	41	Sound	62	952375	0	2			0		hit	66
fc7	41	Response	251	957833	5458	1
fc7	42	Picture	2	987564	0	1	2000	2	0	1920	other	0
fc7	43	Sound	62	999548	0	1			0		hit	69
fc7	43	Response	251	1004736	5188	1
fc7	44	Picture	4	1035226	0	1	2000	2	0	1920	other	0
fc7	45	Sound	64	1047200	0	1			0		hit	72
fc7	45	Response	252	1054168	6968	1
fc7	46	Picture	3	1082054	0	2	2000	3	0	1920	other	0
fc7	47	Sound	63	1094044	0	1			0		hit	75
fc7	47	Response	252	1099039	4995	1
fc7	48	Picture	204	1129883	0	1	2000	2	0	1920	other	0
fc7	49	Sound	64	1141875	0	1			0		hit	78
fc7	49	Response	252	1147344	5469	1
fc7	50	Picture	13	1178044	0	2	2000	4	0	1920	other	0
fc7	50	Sound	51	1181043	2999	2			3000		other	0
fc7	51	Sound	63	1190036	0	1			0		hit	82
fc7	51	Response	252	1193963	3927	1
fc7	52	Picture	3	1224206	0	2	2000	4	0	1920	other	0
fc7	53	Sound	63	1236191	0	1			0		hit	85
fc7	53	Response	252	1241542	5351	1
fc7	54	Picture	204	1271868	0	2	2000	4	0	1920	other	0
fc7	55	Sound	64	1283842	0	2			0		hit	88
fc7	55	Response	252	1288165	4323	1
fc7	56	Picture	1	1319030	0	2	2000	3	0	1920	other	0
fc7	57	Sound	61	1331015	0	2			0		hit	91
fc7	57	Response	251	1335891	4876	1
fc7	58	Picture	1	1366025	0	2	2000	4	0	1920	other	0
fc7	59	Sound	61	1378009	0	1			0		hit	94
fc7	59	Response	251	1382717	4708	2
fc7	60	Picture	103	1412854	0	1	2000	2	0	1920	other	0
fc7	61	Sound	63	1424852	0	1			0		hit	97
fc7	61	Response	252	1429956	5104	2
fc7	62	Picture	2	1459849	0	1	2000	3	0	1920	other	0
fc7	63	Sound	62	1471845	0	2			0		hit	100
fc7	63	Response	251	1478491	6646	1
fc7	64	Picture	103	1507344	0	2	2000	3	0	1920	other	0
fc7	65	Sound	63	1519318	0	1			0		hit	103
fc7	65	Response	252	1523936	4618	2
fc7	66	Picture	4	1553673	0	1	1999	3	0	1920	other	0
fc7	67	Sound	64	1565652	0	2			0		hit	106
fc7	67	Response	252	1569958	4306	1
fc7	68	Picture	113	1600835	0	1	2000	2	0	1920	other	0
fc7	68	Sound	51	1605954	5119	1			5120		other	0
fc7	69	Sound	63	1612825	0	2			0		incorrect	110
fc7	69	Response	251	1617193	4368	1
fc7	70	Picture	103	1646997	0	1	1999	3	0	1920	other	0
fc7	71	Sound	63	1658980	0	2			0		hit	113
fc7	71	Response	252	1665206	6226	1
fc7	72	Picture	204	1693825	0	2	2000	3	0	1920	other	0
fc7	73	Sound	64	1705824	0	1			0		hit	116
fc7	73	Response	252	1711511	5687	1
fc7	74	Picture	202	1740987	0	1	2000	2	0	1920	other	0
fc7	75	Sound	62	1752967	0	1			0		hit	119
fc7	75	Response	251	1758318	5351	2
fc7	76	Picture	224	1788482	0	2	2000	3	0	1920	other	0
fc7	76	Sound	52	1794771	6289	1			6290		other	0
fc7	77	Sound	64	1800469	0	1			0		hit	123
fc7	77	Response	252	1805747	5278	1
fc7	78	Picture	1	1835311	0	2	2000	3	0	1920	other	0
fc7	79	Sound	61	1847283	0	1			0		hit	126
fc7	79	Response	251	1851167	3884	1
fc7	80	Picture	23	1881973	0	1	1999	3	0	1920	other	0
fc7	80	Sound	52	1889922	7949	1			7950		other	0
fc7	81	Sound	63	1893947	0	1			0		hit	130
fc7	81	Response	252	1900994	7047	1
fc7	82	Picture	103	1928801	0	2	2000	3	0	1920	other	0
fc7	83	Sound	63	1940790	0	2			0		hit	133
fc7	83	Response	252	1945329	4539	1
fc7	84	Picture	212	1975796	0	2	2000	3	0	1920	other	0
fc7	84	Sound	51	1980775	4979	1			4980		other	0
fc7	85	Sound	62	1987783	0	2			0		hit	137
fc7	85	Response	251	1992265	4482	1
fc7	86	Picture	204	2023625	0	1	2000	2	0	1920	other	0
fc7	87	Sound	64	2035615	0	1			0		hit	140
fc7	87	Response	252	2040242	4627	1
fc7	88	Picture	101	2071287	0	1	1999	3	0	1920	other	0
fc7	89	Sound	61	2083267	0	1			0		hit	143
fc7	89	Response	251	2087194	3927	1
fc7	90	Picture	101	2119115	0	1	2000	2	0	1920	other	0
fc7	91	Sound	61	2131098	0	1			0		hit	146
fc7	91	Response	251	2134733	3635	1
fc7	92	Picture	4	2167110	0	2	2000	3	0	1920	other	0
fc7	93	Sound	64	2179109	0	1			0		hit	149
fc7	93	Response	252	2183194	4085	1
fc7	94	Picture	202	2214938	0	2	2000	4	0	1920	other	0
fc7	95	Sound	62	2226911	0	1			0		hit	152
fc7	95	Response	251	2231655	4744	1
fc7	96	Picture	222	2261767	0	2	2000	3	0	1920	other	0
fc7	96	Sound	52	2269896	8129	2			8130		other	0
fc7	97	Sound	62	2273754	0	1			0		hit	156
fc7	97	Response	251	2279075	5321	1
fc7	98	Picture	121	2308929	0	1	2000	2	0	1920	other	0
fc7	98	Sound	52	2316668	7739	2			7740		other	0
fc7	99	Sound	61	2320927	0	1			0		incorrect	160
fc7	99	Response	252	2326572	5645	1
fc7	100	Picture	1	2356091	0	1	2000	2	0	1920	other	0
fc7	101	Sound	61	2368070	0	1			0		hit	163
fc7	101	Response	251	2372981	4911	2
fc7	102	Picture	101	2402253	0	2	2000	3	0	1920	other	0
fc7	103	Sound	61	2414225	0	1			0		hit	166
fc7	103	Response	251	2417656	3431	2
fc7	104	Picture	2	2450248	0	1	2000	2	0	1920	other	0
fc7	105	Sound	62	2462236	0	1			0		hit	169
fc7	105	Response	251	2471001	8765	2
fc7	106	Picture	202	2497243	0	2	2000	3	0	1920	other	0
fc7	107	Sound	62	2509229	0	1			0		hit	172
fc7	107	Response	251	2515968	6739	1
fc7	108	Picture	14	2543905	0	1	2000	2	0	1920	other	0
fc7	108	Sound	51	2547624	3719	2			3720		other	0
fc7	109	Sound	64	2555893	0	1			0		hit	176
fc7	109	Response	252	2560207	4314	1
fc7	110	Picture	202	2590067	0	2	2000	3	0	1920	other	0
fc7	111	Sound	62	2602048	0	2			0		hit	179
fc7	111	Response	251	2609148	7100	1
fc7	112	Picture	3	2636729	0	1	2000	2	0	1920	other	0
fc7	113	Sound	63	2648712	0	1			0		hit	182
fc7	113	Response	252	2653665	4953	1
fc7	114	Picture	2	2683724	0	2	2000	3	0	1920	other	0
fc7	115	Sound	62	2695705	0	2			0		hit	185
fc7	115	Response	251	2700832	5127	1
fc7	116	Picture	103	2730219	0	2	2000	3	0	1920	other	0
fc7	117	Sound	63	2742190	0	1			0		hit	188
fc7	117	Response	252	2746801	4611	2
fc7	118	Picture	214	2778215	0	1	1999	2	0	1920	other	0
fc7	118	Sound	51	2781614	3399	2			3400		other	0
fc7	119	Sound	64	2790201	0	1			0		hit	192
fc7	119	Response	252	2794064	3863	1
fc7	120	Picture	101	2824543	0	2	2000	4	0	1920	other	0
fc7	121	Sound	61	2836536	0	1			0		hit	195
fc7	121	Response	251	2842559	6023	1
fc7	122	Picture	12	2872371	0	2	2000	4	0	1920	other	0
fc7	122	Sound	51	2875650	3279	1			3280		other	0
fc7	123	Sound	62	2884367	0	1			0		hit	199
fc7	123	Response	251	2892209	7842	1
fc7	124	Picture	21	2918700	0	2	2000	3	0	1920	other	0
fc7	124	Sound	52	2926879	8179	1			8180		other	0
fc7	125	Sound	61	2930672	0	1			0		hit	203
fc7	125	Response	251	2934944	4272	1
fc7	126	Picture	4	2965528	0	2	2001	3	0	1920	other	0
fc7	127	Sound	64	2977515	0	1			0		hit	206
fc7	127	Response	252	2982919	5404	1
fc7	128	Picture	204	3013357	0	2	2000	3	0	1920	other	0
fc7	129	Sound	64	3025347	0	1			0		hit	209
fc7	129	Response	252	3029608	4261	2
fc7	130	Picture	3	3060019	0	1	2000	2	0	1920	other	0
fc7	131	Sound	63	3072011	0	1			0		hit	212
fc7	131	Response	252	3076334	4323	1
fc7	132	Picture	202	3106681	0	1	2000	2	0	1920	other	0
fc7	133	Sound	62	3118675	0	1			0		hit	215
fc7	133	Response	251	3122602	3927	2
fc7	134	Response	253	3296911	143235	2


Event Type	Code	Type	Response	RT	RT Uncertainty	Time	Uncertainty	Duration	Uncertainty	ReqTime	ReqDur

Picture	10	other				10830	2	20165	3	0	20000
Picture	10	other				31161	2	40163	4	0	40000
Picture	10	other				71491	1	40162	3	0	40000
Nothing	91	other				111655	1			0
Picture	2	other				141817	1	2000	2	0	1920
Sound	62	hit	1	7480	4	153789	2			0
Picture	101	other				188812	2	2000	3	0	1920
Sound	61	hit	1	7037	3	200783	1			0
Picture	123	other				235307	2	2000	3	0	1920
Sound	52	other				242366	2			7060
Sound	63	hit	2	5955	3	247297	1			0
Picture	101	other				281469	2	2000	3	0	1920
Sound	61	hit	1	11102	2	293452	1			0
Picture	103	other				328798	2	2000	3	0	1920
Sound	63	hit	2	6598	2	340775	1			0
Picture	4	other				376460	1	2000	2	0	1920
Sound	64	hit	2	7403	3	388456	2			0
Picture	11	other				423621	2	2000	4	0	1920
Sound	51	other				426330	1			2710
Sound	61	hit	1	3614	3	435599	2			0
Picture	22	other				469950	1	2000	2	0	1920
Sound	52	other				477509	1			7560
Sound	62	hit	1	5735	3	481934	1			0
Picture	1	other				517779	1	1999	3	0	1920
Sound	61	hit	1	3672	4	529765	2			0
Picture	2	other				564440	2	2000	4	0	1920
Sound	62	hit	1	5682	3	576429	2			0
Picture	204	other				610769	2	2000	3	0	1920
Sound	64	hit	2	3960	2	622764	1			0
Picture	4	other				657931	1	2000	2	0	1920
Sound	64	hit	2	6758	2	669907	1			0
Picture	111	other				705926	1	2000	2	0	1920
Sound	51	other				709446	1			3520
Sound	61	hit	1	7783	2	717918	1			0
Picture	3	other				752755	1	1999	3	0	1920
Sound	63	hit	2	6501	3	764732	1			0
Picture	24	other				799250	1	2000	2	0	1920
Sound	52	other				806549	1			7300
Sound	64	hit	2	5582	2	811246	1			0
Picture	1	other				845912	1	2000	2	0	1920
Sound	61	hit	1	5307	2	857910	1			0
Picture	3	other				893407	1	2000	2	0	1920
Sound	63	hit	2	5310	3	905382	2			0
Picture	202	other				940402	2	2000	3	0	1920
Sound	62	hit	1	5458	3	952375	2			0
Picture	2	other				987564	1	2000	2	0	1920
Sound	62	hit	1	5188	2	999548	1			0
Picture	4	other				1035226	1	2000	2	0	1920
Sound	64	hit	2	6968	2	1047200	1			0
Picture	3	other				1082054	2	2000	3	0	1920
Sound	63	hit	2	4995	2	1094044	1			0
Picture	204	other				1129883	1	2000	2	0	1920
Sound	64	hit	2	5469	2	1141875	1			0
Picture	13	other				1178044	2	2000	4	0	1920
Sound	51	other				1181043	2			3000
Sound	63	hit	2	3927	2	1190036	1			0
Picture	3	other				1224206	2	2000	4	0	1920
Sound	63	hit	2	5351	2	1236191	1			0
Picture	204	other				1271868	2	2000	4	0	1920
Sound	64	hit	2	4323	3	1283842	2			0
Picture	1	other				1319030	2	2000	3	0	1920
Sound	61	hit	1	4876	3	1331015	2			0
Picture	1	other				1366025	2	2000	4	0	1920
Sound	61	hit	1	4708	3	1378009	1			0
Picture	103	other				1412854	1	2000	2	0	1920
Sound	63	hit	2	5104	3	1424852	1			0
Picture	2	other				1459849	1	2000	3	0	1920
Sound	62	hit	1	6646	3	1471845	2			0
Picture	103	other				1507344	2	2000	3	0	1920
Sound	63	hit	2	4618	3	1519318	1			0
Picture	4	other				1553673	1	1999	3	0	1920
Sound	64	hit	2	4306	3	1565652	2			0
Picture	113	other				1600835	1	2000	2	0	1920
Sound	51	other				1605954	1			5120
Sound	63	incorrect	1	4368	3	1612825	2			0
Picture	103	other				1646997	1	1999	3	0	1920
Sound	63	hit	2	6226	3	1658980	2			0
Picture	204	other				1693825	2	2000	3	0	1920
Sound	64	hit	2	5687	2	1705824	1			0
Picture	202	other				1740987	1	2000	2	0	1920
Sound	62	hit	1	5351	3	1752967	1			0
Picture	224	other				1788482	2	2000	3	0	1920
Sound	52	other				1794771	1			6290
Sound	64	hit	2	5278	2	1800469	1			0
Picture	1	other				1835311	2	2000	3	0	1920
Sound	61	hit	1	3884	2	1847283	1			0
Picture	23	other				1881973	1	1999	3	0	1920
Sound	52	other				1889922	1			7950
Sound	63	hit	2	7047	2	1893947	1			0
Picture	103	other				1928801	2	2000	3	0	1920
Sound	63	hit	2	4539	3	1940790	2			0
Picture	212	other				1975796	2	2000	3	0	1920
Sound	51	other				1980775	1			4980
Sound	62	hit	1	4482	3	1987783	2			0
Picture	204	other				2023625	1	2000	2	0	1920
Sound	64	hit	2	4627	2	2035615	1			0
Picture	101	other				2071287	1	1999	3	0	1920
Sound	61	hit	1	3927	2	2083267	1			0
Picture	101	other				2119115	1	2000	2	0	1920
Sound	61	hit	1	3635	2	2131098	1			0
Picture	4	other				2167110	2	2000	3	0	1920
Sound	64	hit	2	4085	2	2179109	1			0
Picture	202	other				2214938	2	2000	4	0	1920
Sound	62	hit	1	4744	2	2226911	1			0
Picture	222	other				2261767	2	2000	3	0	1920
Sound	52	other				2269896	2			8130
Sound	62	hit	1	5321	2	2273754	1			0
Picture	121	other				2308929	1	2000	2	0	1920
Sound	52	other				2316668	2			7740
Sound	61	incorrect	2	5645	2	2320927	1			0
Picture	1	other				2356091	1	2000	2	0	1920
Sound	61	hit	1	4911	3	2368070	1			0
Picture	101	other				2402253	2	2000	3	0	1920
Sound	61	hit	1	3431	3	2414225	1			0
Picture	2	other				2450248	1	2000	2	0	1920
Sound	62	hit	1	8765	3	2462236	1			0
Picture	202	other				2497243	2	2000	3	0	1920
Sound	62	hit	1	6739	2	2509229	1			0
Picture	14	other				2543905	1	2000	2	0	1920
Sound	51	other				2547624	2			3720
Sound	64	hit	2	4314	2	2555893	1			0
Picture	202	other				2590067	2	2000	3	0	1920
Sound	62	hit	1	7100	3	2602048	2			0
Picture	3	other				2636729	1	2000	2	0	1920
Sound	63	hit	2	4953	2	2648712	1			0
Picture	2	other				2683724	2	2000	3	0	1920
Sound	62	hit	1	5127	3	2695705	2			0
Picture	103	other				2730219	2	2000	3	0	1920
Sound	63	hit	2	4611	3	2742190	1			0
Picture	214	other				2778215	1	1999	2	0	1920
Sound	51	other				2781614	2			3400
Sound	64	hit	2	3863	2	2790201	1			0
Picture	101	other				2824543	2	2000	4	0	1920
Sound	61	hit	1	6023	2	2836536	1			0
Picture	12	other				2872371	2	2000	4	0	1920
Sound	51	other				2875650	1			3280
Sound	62	hit	1	7842	2	2884367	1			0
Picture	21	other				2918700	2	2000	3	0	1920
Sound	52	other				2926879	1			8180
Sound	61	hit	1	4272	2	2930672	1			0
Picture	4	other				2965528	2	2001	3	0	1920
Sound	64	hit	2	5404	2	2977515	1			0
Picture	204	other				3013357	2	2000	3	0	1920
Sound	64	hit	2	4261	3	3025347	1			0
Picture	3	other				3060019	1	2000	2	0	1920
Sound	63	hit	2	4323	2	3072011	1			0
Picture	202	other				3106681	1	2000	2	0	1920
Sound	62	hit	1	3927	3	3118675	1			0
