Scenario - 17_March_2015
Logfile written - 06/23/2016 15:25:24

Subject	Trial	Event Type	Code	Time	TTime	Uncertainty	Duration	Uncertainty	ReqTime	ReqDur	Stim Type	Pair Index

fc7	1	Response	253	9756	19589	1
fc7	2	Picture	10	9830	0	2	20165	3	0	20000	other	0
fc7	3	Picture	10	30162	0	1	40162	3	0	40000	other	0
fc7	3	Response	251	47566	17404	2
fc7	4	Picture	10	70491	0	1	39999	246	0	40000	other	0
fc7	4	Response	252	86482	15991	1
fc7	5	Nothing	91	110736	0	1			0		other	0
fc7	6	Picture	202	140984	0	1	1999	3	0	1920	other	0
fc7	7	Sound	62	152981	0	2			0		hit	10
fc7	7	Response	251	158735	5754	1
fc7	8	Picture	123	187146	0	1	1999	3	0	1920	other	0
fc7	8	Sound	52	192735	5589	1			5590		other	0
fc7	9	Sound	63	199137	0	1			0		hit	14
fc7	9	Response	252	202875	3738	2
fc7	10	Picture	12	234641	0	1	2000	2	0	1920	other	0
fc7	10	Sound	51	237400	2759	2			2760		other	0
fc7	11	Sound	62	246639	0	1			0		hit	18
fc7	11	Response	251	252179	5540	1
fc7	12	Picture	1	282136	0	2	2000	3	0	1920	other	0
fc7	13	Sound	61	294111	0	1			0		hit	21
fc7	13	Response	251	302552	8441	1
fc7	14	Picture	214	328298	0	1	2000	2	0	1920	other	0
fc7	14	Sound	51	333057	4759	2			4760		other	0
fc7	15	Sound	64	340296	0	1			0		hit	25
fc7	15	Response	252	344914	4618	1
fc7	16	Picture	224	376293	0	1	2000	2	0	1920	other	0
fc7	16	Sound	52	382332	6039	1			6040		other	0
fc7	17	Sound	64	388277	0	1			0		hit	29
fc7	17	Response	252	393031	4754	2
fc7	18	Picture	3	422788	0	2	2000	4	0	1920	other	0
fc7	19	Sound	63	434761	0	2			0		hit	32
fc7	19	Response	252	440677	5916	1
fc7	20	Picture	21	469783	0	2	2000	4	0	1920	other	0
fc7	20	Sound	52	477542	7759	2			7760		other	0
fc7	21	Sound	61	481755	0	1			0		hit	36
fc7	21	Response	251	485980	4225	1
fc7	22	Picture	2	517612	0	1	2000	2	0	1920	other	0
fc7	23	Sound	62	529586	0	1			0		hit	39
fc7	23	Response	251	535991	6405	1
fc7	24	Picture	1	565274	0	1	1999	3	0	1920	other	0
fc7	25	Sound	61	577268	0	1			0		hit	42
fc7	25	Response	251	582005	4737	1
fc7	26	Picture	204	611769	0	1	2000	2	0	1920	other	0
fc7	27	Sound	64	623752	0	1			0		hit	45
fc7	27	Response	252	629373	5621	1
fc7	28	Picture	101	658764	0	2	2000	3	0	1920	other	0
fc7	29	Sound	61	670745	0	2			0		hit	48
fc7	29	Response	251	677566	6821	1
fc7	30	Picture	101	706593	0	1	1999	3	0	1920	other	0
fc7	31	Sound	61	718577	0	1			0		hit	51
fc7	31	Response	251	723027	4450	1
fc7	32	Picture	113	752921	0	2	2000	3	0	1920	other	0
fc7	32	Sound	51	758060	5139	1			5140		other	0
fc7	33	Sound	63	764911	0	2			0		hit	55
fc7	33	Response	252	770010	5099	2
fc7	34	Picture	4	800916	0	2	2000	3	0	1920	other	0
fc7	35	Sound	64	812892	0	2			0		hit	58
fc7	35	Response	252	819469	6577	2
fc7	36	Picture	23	847245	0	1	2000	2	0	1920	other	0
fc7	36	Sound	52	853884	6639	2			6640		other	0
fc7	37	Sound	63	859227	0	1			0		hit	62
fc7	37	Response	252	863996	4769	1
fc7	38	Picture	3	895240	0	1	2000	2	0	1920	other	0
fc7	39	Sound	63	907238	0	1			0		hit	65
fc7	39	Response	252	912803	5565	1
fc7	40	Picture	22	942735	0	2	2000	3	0	1920	other	0
fc7	40	Sound	52	948644	5909	2			5910		other	0
fc7	41	Sound	62	954710	0	2			0		hit	69
fc7	41	Response	251	959463	4753	1
fc7	42	Picture	14	990730	0	2	2000	4	0	1920	other	0
fc7	42	Sound	51	994779	4049	2			4050		other	0
fc7	43	Sound	64	1002721	0	1			0		hit	73
fc7	43	Response	252	1007869	5148	1
fc7	44	Picture	4	1037225	0	2	2000	4	0	1920	other	0
fc7	45	Sound	64	1049206	0	1			0		hit	76
fc7	45	Response	252	1054829	5623	1
fc7	46	Picture	101	1083387	0	2	2000	4	0	1920	other	0
fc7	47	Sound	61	1095361	0	1			0		hit	79
fc7	47	Response	251	1099976	4615	2
fc7	48	Picture	202	1130716	0	2	2000	3	0	1920	other	0
fc7	49	Sound	62	1142713	0	2			0		hit	82
fc7	49	Response	251	1146592	3879	1
fc7	50	Picture	204	1178711	0	1	2000	2	0	1920	other	0
fc7	51	Sound	64	1190694	0	2			0		hit	85
fc7	51	Response	252	1197527	6833	1
fc7	52	Picture	2	1224873	0	1	2000	2	0	1920	other	0
fc7	53	Sound	62	1236850	0	1			0		hit	88
fc7	53	Response	251	1242159	5309	1
fc7	54	Picture	103	1271035	0	1	2000	2	0	1920	other	0
fc7	55	Sound	63	1283035	0	1			0		hit	91
fc7	55	Response	252	1287852	4817	1
fc7	56	Picture	204	1318197	0	1	2000	2	0	1920	other	0
fc7	57	Sound	64	1330178	0	1			0		hit	94
fc7	57	Response	252	1335414	5236	1
fc7	58	Picture	2	1365859	0	1	1999	3	0	1920	other	0
fc7	59	Sound	62	1377859	0	1			0		hit	97
fc7	59	Response	251	1382394	4535	2
fc7	60	Picture	1	1413354	0	1	2000	2	0	1920	other	0
fc7	61	Sound	61	1425331	0	1			0		hit	100
fc7	61	Response	251	1429227	3896	1
fc7	62	Picture	24	1461182	0	2	2000	4	0	1920	other	0
fc7	62	Sound	52	1467511	6329	1			6330		other	0
fc7	63	Sound	64	1473163	0	1			0		hit	104
fc7	63	Response	252	1477479	4316	2
fc7	64	Picture	222	1508178	0	1	1999	3	0	1920	other	0
fc7	64	Sound	52	1513837	5659	2			5660		other	0
fc7	65	Sound	62	1520156	0	1			0		hit	108
fc7	65	Response	251	1526968	6812	2
fc7	66	Picture	1	1554506	0	2	2000	3	0	1920	other	0
fc7	67	Sound	61	1566491	0	1			0		hit	111
fc7	67	Response	251	1572665	6174	1
fc7	68	Picture	204	1602168	0	1	2000	2	0	1920	other	0
fc7	69	Sound	64	1614143	0	1			0		hit	114
fc7	69	Response	252	1619772	5629	1
fc7	70	Picture	101	1650163	0	2	2000	3	0	1920	other	0
fc7	71	Sound	61	1662153	0	2			0		hit	117
fc7	71	Response	251	1667409	5256	1
fc7	72	Picture	3	1696325	0	1	2000	2	0	1920	other	0
fc7	73	Sound	63	1708309	0	1			0		hit	120
fc7	73	Response	252	1713400	5091	1
fc7	74	Picture	1	1743320	0	2	2000	3	0	1920	other	0
fc7	75	Sound	61	1755302	0	1			0		hit	123
fc7	75	Response	251	1760842	5540	2
fc7	76	Picture	204	1790982	0	1	2000	2	0	1920	other	0
fc7	77	Sound	64	1802954	0	1			0		hit	126
fc7	77	Response	252	1807458	4504	1
fc7	78	Picture	121	1837477	0	2	2000	3	0	1920	other	0
fc7	78	Sound	52	1845516	8039	1			8040		other	0
fc7	79	Sound	61	1849468	0	1			0		hit	130
fc7	79	Response	251	1854516	5048	2
fc7	80	Picture	4	1884139	0	2	2000	3	0	1920	other	0
fc7	81	Sound	64	1896132	0	1			0		incorrect	133
fc7	81	Response	251	1903946	7814	1
fc7	82	Picture	2	1931801	0	1	2000	2	0	1920	other	0
fc7	83	Sound	62	1943784	0	1			0		hit	136
fc7	83	Response	251	1950060	6276	1
fc7	84	Picture	2	1977963	0	1	2000	2	0	1920	other	0
fc7	85	Sound	62	1989939	0	1			0		hit	139
fc7	85	Response	251	1994947	5008	1
fc7	86	Picture	202	2025625	0	1	1999	3	0	1920	other	0
fc7	87	Sound	62	2037621	0	1			0		hit	142
fc7	87	Response	251	2042037	4416	1
fc7	88	Picture	212	2072953	0	2	2000	3	0	1920	other	0
fc7	88	Sound	51	2077832	4879	2			4880		other	0
fc7	89	Sound	62	2084943	0	1			0		hit	146
fc7	89	Response	251	2089724	4781	2
fc7	90	Picture	3	2119448	0	2	2000	4	0	1920	other	0
fc7	91	Sound	63	2131427	0	2			0		hit	149
fc7	91	Response	252	2137144	5717	2
fc7	92	Picture	3	2166777	0	1	2000	2	0	1920	other	0
fc7	93	Sound	63	2178750	0	1			0		hit	152
fc7	93	Response	252	2182695	3945	2
fc7	94	Picture	101	2213939	0	1	2000	2	0	1920	other	0
fc7	95	Sound	61	2225923	0	1			0		hit	155
fc7	95	Response	251	2232505	6582	2
fc7	96	Picture	103	2262100	0	2	2000	4	0	1920	other	0
fc7	97	Sound	63	2274083	0	2			0		hit	158
fc7	97	Response	252	2279030	4947	1
fc7	98	Picture	1	2309596	0	1	2000	2	0	1920	other	0
fc7	99	Sound	61	2321586	0	1			0		hit	161
fc7	99	Response	251	2326048	4462	2
fc7	100	Picture	103	2357591	0	1	2000	2	0	1920	other	0
fc7	101	Sound	63	2369567	0	1			0		hit	164
fc7	101	Response	252	2374933	5366	2
fc7	102	Picture	4	2404086	0	2	2000	3	0	1920	other	0
fc7	103	Sound	64	2416081	0	1			0		hit	167
fc7	103	Response	252	2425630	9549	2
fc7	104	Picture	202	2452248	0	1	2000	2	0	1920	other	0
fc7	105	Sound	62	2464242	0	1			0		hit	170
fc7	105	Response	251	2470121	5879	1
fc7	106	Picture	4	2498576	0	2	2000	4	0	1920	other	0
fc7	107	Sound	64	2510576	0	1			0		hit	173
fc7	107	Response	252	2516006	5430	1
fc7	108	Picture	202	2546572	0	1	1999	3	0	1920	other	0
fc7	109	Sound	62	2558557	0	1			0		hit	176
fc7	109	Response	251	2565163	6606	2
fc7	110	Picture	11	2594400	0	2	2000	3	0	1920	other	0
fc7	110	Sound	51	2599569	5169	2			5170		other	0
fc7	111	Sound	61	2606389	0	1			0		hit	180
fc7	111	Response	251	2610763	4374	1
fc7	112	Picture	2	2641895	0	2	2000	4	0	1920	other	0
fc7	113	Sound	62	2653891	0	1			0		hit	183
fc7	113	Response	251	2660590	6699	2
fc7	114	Picture	103	2688057	0	1	2000	2	0	1920	other	0
fc7	115	Sound	63	2700046	0	1			0		hit	186
fc7	115	Response	252	2706376	6330	1
fc7	116	Picture	103	2734886	0	1	1999	3	0	1920	other	0
fc7	117	Sound	63	2746860	0	1			0		hit	189
fc7	117	Response	252	2751927	5067	1
fc7	118	Picture	3	2781547	0	2	2000	4	0	1920	other	0
fc7	119	Sound	63	2793524	0	1			0		hit	192
fc7	119	Response	252	2799264	5740	1
fc7	120	Picture	4	2828709	0	2	2000	4	0	1920	other	0
fc7	121	Sound	64	2840696	0	2			0		hit	195
fc7	121	Response	252	2845967	5271	2
fc7	122	Picture	202	2875205	0	1	2000	2	0	1920	other	0
fc7	123	Sound	62	2887181	0	1			0		hit	198
fc7	123	Response	251	2893617	6436	2
fc7	124	Picture	103	2921867	0	1	1999	3	0	1920	other	0
fc7	125	Sound	63	2933845	0	1			0		hit	201
fc7	125	Response	252	2939413	5568	2
fc7	126	Picture	111	2970028	0	2	2000	4	0	1920	other	0
fc7	126	Sound	51	2972557	2529	1			2530		other	0
fc7	127	Sound	61	2982005	0	2			0		hit	205
fc7	127	Response	251	2987746	5741	2
fc7	128	Picture	13	3016857	0	1	2000	2	0	1920	other	0
fc7	128	Sound	51	3021146	4289	1			4290		other	0
fc7	129	Sound	63	3028849	0	1			0		hit	209
fc7	129	Response	252	3034605	5756	2
fc7	130	Picture	204	3063185	0	2	2000	4	0	1920	other	0
fc7	131	Sound	64	3075184	0	1			0		hit	212
fc7	131	Response	252	3083024	7840	1
fc7	132	Picture	101	3109681	0	1	2000	2	0	1920	other	0
fc7	133	Sound	61	3121668	0	1			0		hit	215
fc7	133	Response	251	3128364	6696	1
fc7	134	Response	253	3204693	47350	1


Event Type	Code	Type	Response	RT	RT Uncertainty	Time	Uncertainty	Duration	Uncertainty	ReqTime	ReqDur

Picture	10	other				9830	2	20165	3	0	20000
Picture	10	other				30162	1	40162	3	0	40000
Picture	10	other				70491	1	39999	246	0	40000
Nothing	91	other				110736	1			0
Picture	202	other				140984	1	1999	3	0	1920
Sound	62	hit	1	5754	3	152981	2			0
Picture	123	other				187146	1	1999	3	0	1920
Sound	52	other				192735	1			5590
Sound	63	hit	2	3738	3	199137	1			0
Picture	12	other				234641	1	2000	2	0	1920
Sound	51	other				237400	2			2760
Sound	62	hit	1	5540	2	246639	1			0
Picture	1	other				282136	2	2000	3	0	1920
Sound	61	hit	1	8441	2	294111	1			0
Picture	214	other				328298	1	2000	2	0	1920
Sound	51	other				333057	2			4760
Sound	64	hit	2	4618	2	340296	1			0
Picture	224	other				376293	1	2000	2	0	1920
Sound	52	other				382332	1			6040
Sound	64	hit	2	4754	3	388277	1			0
Picture	3	other				422788	2	2000	4	0	1920
Sound	63	hit	2	5916	3	434761	2			0
Picture	21	other				469783	2	2000	4	0	1920
Sound	52	other				477542	2			7760
Sound	61	hit	1	4225	2	481755	1			0
Picture	2	other				517612	1	2000	2	0	1920
Sound	62	hit	1	6405	2	529586	1			0
Picture	1	other				565274	1	1999	3	0	1920
Sound	61	hit	1	4737	2	577268	1			0
Picture	204	other				611769	1	2000	2	0	1920
Sound	64	hit	2	5621	2	623752	1			0
Picture	101	other				658764	2	2000	3	0	1920
Sound	61	hit	1	6821	3	670745	2			0
Picture	101	other				706593	1	1999	3	0	1920
Sound	61	hit	1	4450	2	718577	1			0
Picture	113	other				752921	2	2000	3	0	1920
Sound	51	other				758060	1			5140
Sound	63	hit	2	5099	4	764911	2			0
Picture	4	other				800916	2	2000	3	0	1920
Sound	64	hit	2	6577	4	812892	2			0
Picture	23	other				847245	1	2000	2	0	1920
Sound	52	other				853884	2			6640
Sound	63	hit	2	4769	2	859227	1			0
Picture	3	other				895240	1	2000	2	0	1920
Sound	63	hit	2	5565	2	907238	1			0
Picture	22	other				942735	2	2000	3	0	1920
Sound	52	other				948644	2			5910
Sound	62	hit	1	4753	3	954710	2			0
Picture	14	other				990730	2	2000	4	0	1920
Sound	51	other				994779	2			4050
Sound	64	hit	2	5148	2	1002721	1			0
Picture	4	other				1037225	2	2000	4	0	1920
Sound	64	hit	2	5623	2	1049206	1			0
Picture	101	other				1083387	2	2000	4	0	1920
Sound	61	hit	1	4615	3	1095361	1			0
Picture	202	other				1130716	2	2000	3	0	1920
Sound	62	hit	1	3879	3	1142713	2			0
Picture	204	other				1178711	1	2000	2	0	1920
Sound	64	hit	2	6833	3	1190694	2			0
Picture	2	other				1224873	1	2000	2	0	1920
Sound	62	hit	1	5309	2	1236850	1			0
Picture	103	other				1271035	1	2000	2	0	1920
Sound	63	hit	2	4817	2	1283035	1			0
Picture	204	other				1318197	1	2000	2	0	1920
Sound	64	hit	2	5236	2	1330178	1			0
Picture	2	other				1365859	1	1999	3	0	1920
Sound	62	hit	1	4535	3	1377859	1			0
Picture	1	other				1413354	1	2000	2	0	1920
Sound	61	hit	1	3896	2	1425331	1			0
Picture	24	other				1461182	2	2000	4	0	1920
Sound	52	other				1467511	1			6330
Sound	64	hit	2	4316	3	1473163	1			0
Picture	222	other				1508178	1	1999	3	0	1920
Sound	52	other				1513837	2			5660
Sound	62	hit	1	6812	3	1520156	1			0
Picture	1	other				1554506	2	2000	3	0	1920
Sound	61	hit	1	6174	2	1566491	1			0
Picture	204	other				1602168	1	2000	2	0	1920
Sound	64	hit	2	5629	2	1614143	1			0
Picture	101	other				1650163	2	2000	3	0	1920
Sound	61	hit	1	5256	3	1662153	2			0
Picture	3	other				1696325	1	2000	2	0	1920
Sound	63	hit	2	5091	2	1708309	1			0
Picture	1	other				1743320	2	2000	3	0	1920
Sound	61	hit	1	5540	3	1755302	1			0
Picture	204	other				1790982	1	2000	2	0	1920
Sound	64	hit	2	4504	2	1802954	1			0
Picture	121	other				1837477	2	2000	3	0	1920
Sound	52	other				1845516	1			8040
Sound	61	hit	1	5048	3	1849468	1			0
Picture	4	other				1884139	2	2000	3	0	1920
Sound	64	incorrect	1	7814	2	1896132	1			0
Picture	2	other				1931801	1	2000	2	0	1920
Sound	62	hit	1	6276	2	1943784	1			0
Picture	2	other				1977963	1	2000	2	0	1920
Sound	62	hit	1	5008	2	1989939	1			0
Picture	202	other				2025625	1	1999	3	0	1920
Sound	62	hit	1	4416	2	2037621	1			0
Picture	212	other				2072953	2	2000	3	0	1920
Sound	51	other				2077832	2			4880
Sound	62	hit	1	4781	3	2084943	1			0
Picture	3	other				2119448	2	2000	4	0	1920
Sound	63	hit	2	5717	4	2131427	2			0
Picture	3	other				2166777	1	2000	2	0	1920
Sound	63	hit	2	3945	3	2178750	1			0
Picture	101	other				2213939	1	2000	2	0	1920
Sound	61	hit	1	6582	3	2225923	1			0
Picture	103	other				2262100	2	2000	4	0	1920
Sound	63	hit	2	4947	3	2274083	2			0
Picture	1	other				2309596	1	2000	2	0	1920
Sound	61	hit	1	4462	3	2321586	1			0
Picture	103	other				2357591	1	2000	2	0	1920
Sound	63	hit	2	5366	3	2369567	1			0
Picture	4	other				2404086	2	2000	3	0	1920
Sound	64	hit	2	9549	3	2416081	1			0
Picture	202	other				2452248	1	2000	2	0	1920
Sound	62	hit	1	5879	2	2464242	1			0
Picture	4	other				2498576	2	2000	4	0	1920
Sound	64	hit	2	5430	2	2510576	1			0
Picture	202	other				2546572	1	1999	3	0	1920
Sound	62	hit	1	6606	3	2558557	1			0
Picture	11	other				2594400	2	2000	3	0	1920
Sound	51	other				2599569	2			5170
Sound	61	hit	1	4374	2	2606389	1			0
Picture	2	other				2641895	2	2000	4	0	1920
Sound	62	hit	1	6699	3	2653891	1			0
Picture	103	other				2688057	1	2000	2	0	1920
Sound	63	hit	2	6330	2	2700046	1			0
Picture	103	other				2734886	1	1999	3	0	1920
Sound	63	hit	2	5067	2	2746860	1			0
Picture	3	other				2781547	2	2000	4	0	1920
Sound	63	hit	2	5740	2	2793524	1			0
Picture	4	other				2828709	2	2000	4	0	1920
Sound	64	hit	2	5271	4	2840696	2			0
Picture	202	other				2875205	1	2000	2	0	1920
Sound	62	hit	1	6436	3	2887181	1			0
Picture	103	other				2921867	1	1999	3	0	1920
Sound	63	hit	2	5568	3	2933845	1			0
Picture	111	other				2970028	2	2000	4	0	1920
Sound	51	other				2972557	1			2530
Sound	61	hit	1	5741	4	2982005	2			0
Picture	13	other				3016857	1	2000	2	0	1920
Sound	51	other				3021146	1			4290
Sound	63	hit	2	5756	3	3028849	1			0
Picture	204	other				3063185	2	2000	4	0	1920
Sound	64	hit	2	7840	2	3075184	1			0
Picture	101	other				3109681	1	2000	2	0	1920
Sound	61	hit	1	6696	2	3121668	1			0
