Scenario - 17_March_2015
Logfile written - 06/23/2016 15:35:11

Subject	Trial	Event Type	Code	Time	TTime	Uncertainty	Duration	Uncertainty	ReqTime	ReqDur	Stim Type	Pair Index

fc7	1	Response	253	8458	18292	2
fc7	2	Picture	10	8497	0	1	20165	2	0	20000	other	0
fc7	3	Picture	10	28828	0	2	40163	3	0	40000	other	0
fc7	3	Response	251	44207	15379	2
fc7	4	Picture	10	69157	0	2	40163	4	0	40000	other	0
fc7	4	Response	252	85443	16286	2
fc7	5	Nothing	91	109322	0	1			0		other	0
fc7	6	Picture	204	139484	0	1	1999	3	0	1920	other	0
fc7	7	Sound	64	151455	0	1			0		hit	10
fc7	7	Response	252	160966	9511	2
fc7	8	Picture	222	186312	0	2	2000	4	0	1920	other	0
fc7	8	Sound	52	193711	7399	1			7400		other	0
fc7	9	Sound	62	198298	0	2			0		hit	14
fc7	9	Response	251	204024	5726	2
fc7	10	Picture	12	233641	0	1	2000	2	0	1920	other	0
fc7	10	Sound	51	238450	4809	1			4810		other	0
fc7	11	Sound	62	245621	0	1			0		hit	18
fc7	11	Response	251	249852	4231	1
fc7	12	Picture	204	281636	0	1	1999	3	0	1920	other	0
fc7	13	Sound	64	293632	0	1			0		hit	21
fc7	13	Response	252	298933	5301	2
fc7	14	Picture	22	327964	0	2	2000	4	0	1920	other	0
fc7	14	Sound	52	336073	8109	1			8110		other	0
fc7	15	Sound	62	339937	0	1			0		hit	25
fc7	15	Response	251	345384	5447	1
fc7	16	Picture	4	374460	0	1	1999	3	0	1920	other	0
fc7	17	Sound	64	386451	0	1			0		hit	28
fc7	17	Response	252	391307	4856	1
fc7	18	Picture	13	422455	0	1	2000	2	0	1920	other	0
fc7	18	Sound	51	427574	5119	1			5120		other	0
fc7	19	Sound	63	434432	0	1			0		hit	32
fc7	19	Response	252	446456	12024	1
fc7	20	Picture	103	468950	0	1	2000	3	0	1920	other	0
fc7	21	Sound	63	480946	0	2			0		hit	35
fc7	21	Response	252	487511	6565	2
fc7	22	Picture	3	516112	0	1	2000	2	0	1920	other	0
fc7	23	Sound	63	528089	0	2			0		hit	38
fc7	23	Response	252	532444	4355	1
fc7	24	Picture	2	563940	0	2	2000	3	0	1920	other	0
fc7	25	Sound	62	575921	0	1			0		hit	41
fc7	25	Response	251	581910	5989	1
fc7	26	Picture	101	610269	0	1	2000	2	0	1920	other	0
fc7	27	Sound	61	622255	0	2			0		hit	44
fc7	27	Response	251	626635	4380	2
fc7	28	Picture	1	657597	0	2	2000	4	0	1920	other	0
fc7	29	Sound	61	669578	0	1			0		hit	47
fc7	29	Response	251	673551	3973	1
fc7	30	Picture	3	705593	0	1	1999	3	0	1920	other	0
fc7	31	Sound	63	717589	0	1			0		hit	50
fc7	31	Response	252	723301	5712	2
fc7	32	Picture	1	752588	0	1	1999	3	0	1920	other	0
fc7	33	Sound	61	764582	0	1			0		hit	53
fc7	33	Response	251	770232	5650	1
fc7	34	Picture	3	799250	0	1	1999	3	0	1920	other	0
fc7	35	Sound	63	811246	0	1			0		hit	56
fc7	35	Response	252	816848	5602	2
fc7	36	Picture	214	846745	0	1	2000	2	0	1920	other	0
fc7	36	Sound	51	851294	4549	2			4550		other	0
fc7	37	Sound	64	858718	0	2			0		hit	60
fc7	37	Response	252	863233	4515	1
fc7	38	Picture	14	892907	0	1	2000	2	0	1920	other	0
fc7	38	Sound	51	898296	5389	1			5390		other	0
fc7	39	Sound	64	904903	0	2			0		hit	64
fc7	39	Response	252	909929	5026	1
fc7	40	Picture	202	939735	0	2	2000	4	0	1920	other	0
fc7	41	Sound	62	951717	0	1			0		hit	67
fc7	41	Response	251	957738	6021	2
fc7	42	Picture	4	986897	0	2	2000	3	0	1920	other	0
fc7	43	Sound	64	998890	0	1			0		hit	70
fc7	43	Response	252	1003251	4361	1
fc7	44	Picture	101	1034059	0	1	2000	2	0	1920	other	0
fc7	45	Sound	61	1046033	0	1			0		hit	73
fc7	45	Response	251	1050491	4458	1
fc7	46	Picture	24	1080554	0	2	2000	3	0	1920	other	0
fc7	46	Sound	52	1086393	5839	2			5840		other	0
fc7	47	Sound	64	1092547	0	1			0		hit	77
fc7	47	Response	252	1098241	5694	2
fc7	48	Picture	103	1128216	0	1	2000	2	0	1920	other	0
fc7	49	Sound	63	1140199	0	1			0		hit	80
fc7	49	Response	252	1145334	5135	2
fc7	50	Picture	121	1175544	0	2	2001	3	0	1920	other	0
fc7	50	Sound	52	1183853	8309	1			8310		other	0
fc7	51	Sound	61	1187522	0	1			0		hit	84
fc7	51	Response	251	1191899	4377	2
fc7	52	Picture	103	1221873	0	2	2000	4	0	1920	other	0
fc7	53	Sound	63	1233856	0	2			0		incorrect	87
fc7	53	Response	251	1239359	5503	2
fc7	53	Response	252	1242168	8312	1
fc7	53	Response	252	1244598	10742	1
fc7	53	Response	252	1249388	15532	1
fc7	54	Picture	2	1268368	0	2	2000	4	0	1920	other	0
fc7	55	Sound	62	1280341	0	1			0		hit	93
fc7	55	Response	251	1286420	6079	2
fc7	56	Picture	111	1314864	0	1	2000	2	0	1920	other	0
fc7	56	Sound	51	1317903	3039	1			3040		other	0
fc7	57	Sound	61	1326855	0	1			0		hit	97
fc7	57	Response	251	1330997	4142	2
fc7	58	Picture	101	1361192	0	2	2000	3	0	1920	other	0
fc7	59	Sound	61	1373190	0	1			0		hit	100
fc7	59	Response	251	1377946	4756	1
fc7	60	Picture	103	1408021	0	1	2000	2	0	1920	other	0
fc7	61	Sound	63	1420003	0	2			0		hit	103
fc7	61	Response	252	1425472	5469	1
fc7	62	Picture	204	1455849	0	2	2000	4	0	1920	other	0
fc7	63	Sound	64	1467835	0	1			0		hit	106
fc7	63	Response	252	1473710	5875	1
fc7	64	Picture	4	1503011	0	2	2000	4	0	1920	other	0
fc7	65	Sound	64	1515008	0	1			0		hit	109
fc7	65	Response	252	1519459	4451	1
fc7	66	Picture	101	1549340	0	1	2000	2	0	1920	other	0
fc7	67	Sound	61	1561312	0	2			0		hit	112
fc7	67	Response	251	1565481	4169	1
fc7	68	Picture	202	1596502	0	1	2000	2	0	1920	other	0
fc7	69	Sound	62	1608485	0	2			0		hit	115
fc7	69	Response	251	1613589	5104	2
fc7	70	Picture	2	1642997	0	2	2000	3	0	1920	other	0
fc7	71	Sound	62	1654970	0	1			0		hit	118
fc7	71	Response	251	1660436	5466	1
fc7	72	Picture	113	1690659	0	1	1999	3	0	1920	other	0
fc7	72	Sound	51	1693528	2869	1			2870		other	0
fc7	73	Sound	63	1702651	0	2			0		hit	122
fc7	73	Response	252	1709071	6420	2
fc7	74	Picture	101	1737987	0	2	2000	4	0	1920	other	0
fc7	75	Sound	61	1749974	0	1			0		hit	125
fc7	75	Response	251	1757163	7189	1
fc7	76	Picture	204	1786149	0	2	2000	3	0	1920	other	0
fc7	77	Sound	64	1798135	0	1			0		hit	128
fc7	77	Response	252	1803311	5176	1
fc7	78	Picture	4	1832478	0	1	2000	2	0	1920	other	0
fc7	79	Sound	64	1844469	0	1			0		hit	131
fc7	79	Response	252	1848386	3917	2
fc7	80	Picture	103	1878806	0	2	2000	3	0	1920	other	0
fc7	81	Sound	63	1890804	0	1			0		hit	134
fc7	81	Response	252	1896234	5430	2
fc7	82	Picture	204	1925635	0	1	2000	2	0	1920	other	0
fc7	83	Sound	64	1937618	0	1			0		hit	137
fc7	83	Response	252	1943457	5839	2
fc7	84	Picture	202	1973463	0	2	2000	4	0	1920	other	0
fc7	85	Sound	62	1985449	0	1			0		hit	140
fc7	85	Response	251	1990865	5416	1
fc7	86	Picture	1	2020292	0	1	2000	2	0	1920	other	0
fc7	87	Sound	61	2032263	0	1			0		hit	143
fc7	87	Response	251	2037220	4957	1
fc7	88	Picture	2	2067620	0	2	2000	3	0	1920	other	0
fc7	89	Sound	62	2079615	0	1			0		hit	146
fc7	89	Response	251	2085049	5434	1
fc7	90	Picture	3	2115282	0	2	2000	3	0	1920	other	0
fc7	91	Sound	63	2127267	0	1			0		hit	149
fc7	91	Response	252	2132875	5608	1
fc7	92	Picture	1	2163111	0	1	1999	3	0	1920	other	0
fc7	93	Sound	61	2175098	0	2			0		hit	152
fc7	93	Response	251	2180773	5675	1
fc7	94	Picture	4	2210439	0	1	2000	2	0	1920	other	0
fc7	95	Sound	64	2222421	0	1			0		hit	155
fc7	95	Response	252	2227831	5410	1
fc7	96	Picture	3	2258268	0	1	1999	3	0	1920	other	0
fc7	97	Sound	63	2270252	0	1			0		hit	158
fc7	97	Response	252	2276155	5903	2
fc7	98	Picture	23	2305429	0	2	2000	3	0	1920	other	0
fc7	98	Sound	52	2311968	6539	1			6540		other	0
fc7	99	Sound	63	2317425	0	1			0		hit	162
fc7	99	Response	252	2322919	5494	1
fc7	100	Picture	3	2351758	0	2	2000	3	0	1920	other	0
fc7	101	Sound	63	2363730	0	1			0		hit	165
fc7	101	Response	252	2369164	5434	1
fc7	102	Picture	1	2398086	0	2	2000	4	0	1920	other	0
fc7	103	Sound	61	2410064	0	2			0		hit	168
fc7	103	Response	251	2416739	6675	1
fc7	104	Picture	103	2445748	0	2	2000	4	0	1920	other	0
fc7	105	Sound	63	2457746	0	2			0		hit	171
fc7	105	Response	252	2462281	4535	1
fc7	106	Picture	204	2492410	0	2	2000	3	0	1920	other	0
fc7	107	Sound	64	2504410	0	1			0		hit	174
fc7	107	Response	252	2511917	7507	1
fc7	108	Picture	202	2539572	0	2	2000	3	0	1920	other	0
fc7	109	Sound	62	2551553	0	1			0		hit	177
fc7	109	Response	251	2556164	4611	2
fc7	110	Picture	202	2586901	0	1	2000	2	0	1920	other	0
fc7	111	Sound	62	2598876	0	1			0		hit	180
fc7	111	Response	251	2604168	5292	1
fc7	112	Picture	2	2634396	0	1	1999	3	0	1920	other	0
fc7	113	Sound	62	2646378	0	1			0		hit	183
fc7	113	Response	251	2651079	4701	2
fc7	114	Picture	1	2681558	0	1	1999	3	0	1920	other	0
fc7	115	Sound	61	2693551	0	1			0		hit	186
fc7	115	Response	251	2699574	6023	1
fc7	116	Picture	224	2729219	0	2	2000	4	0	1920	other	0
fc7	116	Sound	52	2734838	5619	1			5620		other	0
fc7	117	Sound	64	2741202	0	2			0		hit	190
fc7	117	Response	252	2745266	4064	1
fc7	118	Picture	11	2775881	0	2	2000	4	0	1920	other	0
fc7	118	Sound	51	2780720	4839	1			4840		other	0
fc7	119	Sound	61	2787866	0	2			0		hit	194
fc7	119	Response	251	2792135	4269	1
fc7	120	Picture	202	2822876	0	2	2000	4	0	1920	other	0
fc7	121	Sound	62	2834860	0	1			0		hit	197
fc7	121	Response	251	2843934	9074	2
fc7	122	Picture	123	2870038	0	2	2000	4	0	1920	other	0
fc7	122	Sound	52	2878437	8399	2			8400		other	0
fc7	123	Sound	63	2882032	0	2			0		hit	201
fc7	123	Response	252	2888632	6600	1
fc7	124	Picture	21	2917033	0	2	2000	4	0	1920	other	0
fc7	124	Sound	52	2923032	5999	2			6000		other	0
fc7	125	Sound	61	2929026	0	1			0		hit	205
fc7	125	Response	251	2934283	5257	1
fc7	126	Picture	2	2963529	0	1	2000	2	0	1920	other	0
fc7	127	Sound	62	2975510	0	1			0		hit	208
fc7	127	Response	251	2981156	5646	1
fc7	128	Picture	101	3010191	0	1	2000	2	0	1920	other	0
fc7	129	Sound	61	3022174	0	1			0		hit	211
fc7	129	Response	251	3026158	3984	1
fc7	130	Picture	4	3058186	0	1	2000	2	0	1920	other	0
fc7	131	Sound	64	3070185	0	1			0		hit	214
fc7	131	Response	252	3074466	4281	2
fc7	132	Picture	212	3106014	0	2	2000	3	0	1920	other	0
fc7	132	Sound	51	3110863	4849	2			4850		other	0
fc7	133	Sound	62	3117987	0	1			0		hit	218
fc7	133	Response	251	3122817	4830	2
fc7	134	Response	253	4381597	1227754	2


Event Type	Code	Type	Response	RT	RT Uncertainty	Time	Uncertainty	Duration	Uncertainty	ReqTime	ReqDur

Picture	10	other				8497	1	20165	2	0	20000
Picture	10	other				28828	2	40163	3	0	40000
Picture	10	other				69157	2	40163	4	0	40000
Nothing	91	other				109322	1			0
Picture	204	other				139484	1	1999	3	0	1920
Sound	64	hit	2	9511	3	151455	1			0
Picture	222	other				186312	2	2000	4	0	1920
Sound	52	other				193711	1			7400
Sound	62	hit	1	5726	4	198298	2			0
Picture	12	other				233641	1	2000	2	0	1920
Sound	51	other				238450	1			4810
Sound	62	hit	1	4231	2	245621	1			0
Picture	204	other				281636	1	1999	3	0	1920
Sound	64	hit	2	5301	3	293632	1			0
Picture	22	other				327964	2	2000	4	0	1920
Sound	52	other				336073	1			8110
Sound	62	hit	1	5447	2	339937	1			0
Picture	4	other				374460	1	1999	3	0	1920
Sound	64	hit	2	4856	2	386451	1			0
Picture	13	other				422455	1	2000	2	0	1920
Sound	51	other				427574	1			5120
Sound	63	hit	2	12024	2	434432	1			0
Picture	103	other				468950	1	2000	3	0	1920
Sound	63	hit	2	6565	4	480946	2			0
Picture	3	other				516112	1	2000	2	0	1920
Sound	63	hit	2	4355	3	528089	2			0
Picture	2	other				563940	2	2000	3	0	1920
Sound	62	hit	1	5989	2	575921	1			0
Picture	101	other				610269	1	2000	2	0	1920
Sound	61	hit	1	4380	4	622255	2			0
Picture	1	other				657597	2	2000	4	0	1920
Sound	61	hit	1	3973	2	669578	1			0
Picture	3	other				705593	1	1999	3	0	1920
Sound	63	hit	2	5712	3	717589	1			0
Picture	1	other				752588	1	1999	3	0	1920
Sound	61	hit	1	5650	2	764582	1			0
Picture	3	other				799250	1	1999	3	0	1920
Sound	63	hit	2	5602	3	811246	1			0
Picture	214	other				846745	1	2000	2	0	1920
Sound	51	other				851294	2			4550
Sound	64	hit	2	4515	3	858718	2			0
Picture	14	other				892907	1	2000	2	0	1920
Sound	51	other				898296	1			5390
Sound	64	hit	2	5026	3	904903	2			0
Picture	202	other				939735	2	2000	4	0	1920
Sound	62	hit	1	6021	3	951717	1			0
Picture	4	other				986897	2	2000	3	0	1920
Sound	64	hit	2	4361	2	998890	1			0
Picture	101	other				1034059	1	2000	2	0	1920
Sound	61	hit	1	4458	2	1046033	1			0
Picture	24	other				1080554	2	2000	3	0	1920
Sound	52	other				1086393	2			5840
Sound	64	hit	2	5694	3	1092547	1			0
Picture	103	other				1128216	1	2000	2	0	1920
Sound	63	hit	2	5135	3	1140199	1			0
Picture	121	other				1175544	2	2001	3	0	1920
Sound	52	other				1183853	1			8310
Sound	61	hit	1	4377	3	1187522	1			0
Picture	103	other				1221873	2	2000	4	0	1920
Sound	63	incorrect	1	5503	4	1233856	2			0
Picture	2	other				1268368	2	2000	4	0	1920
Sound	62	hit	1	6079	3	1280341	1			0
Picture	111	other				1314864	1	2000	2	0	1920
Sound	51	other				1317903	1			3040
Sound	61	hit	1	4142	3	1326855	1			0
Picture	101	other				1361192	2	2000	3	0	1920
Sound	61	hit	1	4756	2	1373190	1			0
Picture	103	other				1408021	1	2000	2	0	1920
Sound	63	hit	2	5469	3	1420003	2			0
Picture	204	other				1455849	2	2000	4	0	1920
Sound	64	hit	2	5875	2	1467835	1			0
Picture	4	other				1503011	2	2000	4	0	1920
Sound	64	hit	2	4451	2	1515008	1			0
Picture	101	other				1549340	1	2000	2	0	1920
Sound	61	hit	1	4169	3	1561312	2			0
Picture	202	other				1596502	1	2000	2	0	1920
Sound	62	hit	1	5104	4	1608485	2			0
Picture	2	other				1642997	2	2000	3	0	1920
Sound	62	hit	1	5466	2	1654970	1			0
Picture	113	other				1690659	1	1999	3	0	1920
Sound	51	other				1693528	1			2870
Sound	63	hit	2	6420	4	1702651	2			0
Picture	101	other				1737987	2	2000	4	0	1920
Sound	61	hit	1	7189	2	1749974	1			0
Picture	204	other				1786149	2	2000	3	0	1920
Sound	64	hit	2	5176	2	1798135	1			0
Picture	4	other				1832478	1	2000	2	0	1920
Sound	64	hit	2	3917	3	1844469	1			0
Picture	103	other				1878806	2	2000	3	0	1920
Sound	63	hit	2	5430	3	1890804	1			0
Picture	204	other				1925635	1	2000	2	0	1920
Sound	64	hit	2	5839	3	1937618	1			0
Picture	202	other				1973463	2	2000	4	0	1920
Sound	62	hit	1	5416	2	1985449	1			0
Picture	1	other				2020292	1	2000	2	0	1920
Sound	61	hit	1	4957	2	2032263	1			0
Picture	2	other				2067620	2	2000	3	0	1920
Sound	62	hit	1	5434	2	2079615	1			0
Picture	3	other				2115282	2	2000	3	0	1920
Sound	63	hit	2	5608	2	2127267	1			0
Picture	1	other				2163111	1	1999	3	0	1920
Sound	61	hit	1	5675	3	2175098	2			0
Picture	4	other				2210439	1	2000	2	0	1920
Sound	64	hit	2	5410	2	2222421	1			0
Picture	3	other				2258268	1	1999	3	0	1920
Sound	63	hit	2	5903	3	2270252	1			0
Picture	23	other				2305429	2	2000	3	0	1920
Sound	52	other				2311968	1			6540
Sound	63	hit	2	5494	2	2317425	1			0
Picture	3	other				2351758	2	2000	3	0	1920
Sound	63	hit	2	5434	2	2363730	1			0
Picture	1	other				2398086	2	2000	4	0	1920
Sound	61	hit	1	6675	3	2410064	2			0
Picture	103	other				2445748	2	2000	4	0	1920
Sound	63	hit	2	4535	3	2457746	2			0
Picture	204	other				2492410	2	2000	3	0	1920
Sound	64	hit	2	7507	2	2504410	1			0
Picture	202	other				2539572	2	2000	3	0	1920
Sound	62	hit	1	4611	3	2551553	1			0
Picture	202	other				2586901	1	2000	2	0	1920
Sound	62	hit	1	5292	2	2598876	1			0
Picture	2	other				2634396	1	1999	3	0	1920
Sound	62	hit	1	4701	3	2646378	1			0
Picture	1	other				2681558	1	1999	3	0	1920
Sound	61	hit	1	6023	2	2693551	1			0
Picture	224	other				2729219	2	2000	4	0	1920
Sound	52	other				2734838	1			5620
Sound	64	hit	2	4064	3	2741202	2			0
Picture	11	other				2775881	2	2000	4	0	1920
Sound	51	other				2780720	1			4840
Sound	61	hit	1	4269	3	2787866	2			0
Picture	202	other				2822876	2	2000	4	0	1920
Sound	62	hit	1	9074	3	2834860	1			0
Picture	123	other				2870038	2	2000	4	0	1920
Sound	52	other				2878437	2			8400
Sound	63	hit	2	6600	3	2882032	2			0
Picture	21	other				2917033	2	2000	4	0	1920
Sound	52	other				2923032	2			6000
Sound	61	hit	1	5257	2	2929026	1			0
Picture	2	other				2963529	1	2000	2	0	1920
Sound	62	hit	1	5646	2	2975510	1			0
Picture	101	other				3010191	1	2000	2	0	1920
Sound	61	hit	1	3984	2	3022174	1			0
Picture	4	other				3058186	1	2000	2	0	1920
Sound	64	hit	2	4281	3	3070185	1			0
Picture	212	other				3106014	2	2000	3	0	1920
Sound	51	other				3110863	2			4850
Sound	62	hit	1	4830	3	3117987	1			0

The following output port codes were not sent because of a conflict on the port.
Port	Code	Time(ms)
1	90	849.7
