Scenario - 17_March_2015
Logfile written - 06/23/2016 09:58:24

Subject	Trial	Event Type	Code	Time	TTime	Uncertainty	Duration	Uncertainty	ReqTime	ReqDur	Stim Type	Pair Index

fp6	1	Response	253	11446	21279	1
fp6	2	Picture	10	11497	0	1	20164	3	0	20000	other	0
fp6	3	Picture	10	31828	0	2	40163	3	0	40000	other	0
fp6	3	Response	251	61374	29546	2
fp6	4	Picture	10	72157	0	2	40163	4	0	40000	other	0
fp6	4	Response	252	72572	415	1
fp6	4	Response	252	88417	16260	2
fp6	5	Sound	111	112394	0	1			0		hit	9
fp6	5	Response	251	124748	12354	2
fp6	5	Response	252	132446	20052	1
fp6	6	Sound	122	143463	0	1			0		hit	12
fp6	6	Response	252	149253	5790	1
fp6	7	Sound	111	174533	0	1			0		hit	14
fp6	7	Response	251	182501	7968	2
fp6	8	Sound	121	205602	0	1			0		incorrect	16
fp6	8	Response	251	215274	9672	1
fp6	8	Response	252	223155	17553	1
fp6	9	Sound	112	236672	0	1			0		incorrect	19
fp6	9	Response	252	241651	4979	1
fp6	9	Response	252	253096	16424	1
fp6	9	Response	252	256319	19647	2
fp6	10	Sound	111	267741	0	1			0		hit	23
fp6	10	Response	251	273484	5743	1
fp6	10	Response	252	293643	25902	1
fp6	11	Sound	122	298810	0	2			0		hit	26
fp6	11	Response	252	300654	1844	1
fp6	11	Response	252	308076	9266	1
fp6	12	Sound	111	329880	0	1			0		hit	29
fp6	12	Response	251	339916	10036	2
fp6	12	Response	252	353749	23869	1
fp6	13	Sound	121	360949	0	2			0		incorrect	32
fp6	13	Response	251	368361	7412	1
fp6	14	Sound	112	392019	0	1			0		incorrect	34
fp6	14	Response	252	402539	10520	1
fp6	15	Sound	121	423088	0	1			0		incorrect	36
fp6	15	Response	251	434310	11222	1
fp6	16	Sound	121	454158	0	1			0		incorrect	38
fp6	16	Response	251	457929	3771	2
fp6	17	Sound	112	485227	0	1			0		incorrect	40
fp6	17	Response	252	492165	6938	1
fp6	18	Sound	112	516296	0	2			0		incorrect	42
fp6	18	Response	252	522231	5935	1
fp6	18	Response	252	534398	18102	1
fp6	19	Sound	122	547366	0	1			0		hit	45
fp6	19	Response	252	552365	4999	2
fp6	20	Sound	122	578435	0	2			0		hit	47
fp6	20	Response	252	581796	3361	2


Event Type	Code	Type	Response	RT	RT Uncertainty	Time	Uncertainty	Duration	Uncertainty	ReqTime	ReqDur

Picture	10	other				11497	1	20164	3	0	20000
Picture	10	other				31828	2	40163	3	0	40000
Picture	10	other				72157	2	40163	4	0	40000
Sound	111	hit	1	12354	3	112394	1			0
Sound	122	hit	2	5790	2	143463	1			0
Sound	111	hit	1	7968	3	174533	1			0
Sound	121	incorrect	1	9672	2	205602	1			0
Sound	112	incorrect	2	4979	2	236672	1			0
Sound	111	hit	1	5743	2	267741	1			0
Sound	122	hit	2	1844	3	298810	2			0
Sound	111	hit	1	10036	3	329880	1			0
Sound	121	incorrect	1	7412	3	360949	2			0
Sound	112	incorrect	2	10520	2	392019	1			0
Sound	121	incorrect	1	11222	2	423088	1			0
Sound	121	incorrect	1	3771	3	454158	1			0
Sound	112	incorrect	2	6938	2	485227	1			0
Sound	112	incorrect	2	5935	3	516296	2			0
Sound	122	hit	2	4999	3	547366	1			0
Sound	122	hit	2	3361	4	578435	2			0
