Scenario - 17_March_2015
Logfile written - 02/03/2017 16:04:25

Subject	Trial	Event Type	Code	Time	TTime	Uncertainty	Duration	Uncertainty	ReqTime	ReqDur	Stim Type	Pair Index

yc20	1	Response	253	17892	27725	2
yc20	2	Picture	10	17996	0	2	20165	4	0	20000	other	0
yc20	3	Picture	10	38328	0	1	40162	3	0	40000	other	0
yc20	3	Response	251	55783	17455	1
yc20	4	Picture	10	78657	0	1	40162	3	0	40000	other	0
yc20	4	Response	252	92683	14026	1
yc20	5	Nothing	91	118822	0	1			0		other	0
yc20	6	Picture	204	148983	0	2	2000	3	0	1920	other	0
yc20	7	Sound	64	160974	0	1			0		hit	10
yc20	7	Response	252	174093	13119	1
yc20	8	Picture	202	195645	0	2	2000	4	0	1920	other	0
yc20	9	Sound	62	207638	0	1			0		hit	13
yc20	9	Response	251	216968	9330	1
yc20	10	Picture	111	243474	0	1	1999	3	0	1920	other	0
yc20	10	Sound	51	247573	4099	2			4100		other	0
yc20	11	Sound	61	255469	0	2			0		hit	17
yc20	11	Response	251	265809	10340	1
yc20	12	Picture	204	289636	0	1	2000	2	0	1920	other	0
yc20	13	Sound	64	301625	0	1			0		hit	20
yc20	13	Response	252	311245	9620	2
yc20	14	Picture	113	337631	0	2	2000	4	0	1920	other	0
yc20	14	Sound	51	342470	4839	2			4840		other	0
yc20	15	Sound	63	349606	0	1			0		hit	24
yc20	15	Response	252	358532	8926	1
yc20	16	Picture	202	384460	0	1	2000	2	0	1920	other	0
yc20	17	Sound	62	396449	0	2			0		hit	27
yc20	17	Response	251	404563	8114	2
yc20	18	Picture	12	431789	0	1	2000	2	0	1920	other	0
yc20	18	Sound	51	435528	3739	1			3740		other	0
yc20	19	Sound	62	443772	0	1			0		hit	31
yc20	19	Response	251	451195	7423	1
yc20	20	Picture	4	478284	0	2	2000	3	0	1920	other	0
yc20	21	Sound	64	490257	0	1			0		hit	34
yc20	21	Response	252	499809	9552	1
yc20	22	Picture	4	525946	0	2	2000	3	0	1920	other	0
yc20	23	Sound	64	537938	0	2			0		hit	37
yc20	23	Response	252	546742	8804	2
yc20	24	Picture	23	573275	0	1	1999	3	0	1920	other	0
yc20	24	Sound	52	579424	6149	1			6150		other	0
yc20	25	Sound	63	585261	0	1			0		hit	41
yc20	25	Response	252	593243	7982	2
yc20	26	Picture	3	620770	0	2	2000	3	0	1920	other	0
yc20	27	Sound	63	632763	0	1			0		hit	44
yc20	27	Response	252	640802	8039	1
yc20	28	Picture	1	667265	0	2	2000	4	0	1920	other	0
yc20	29	Sound	61	679248	0	1			0		hit	47
yc20	29	Response	251	686094	6846	1
yc20	30	Picture	2	713594	0	2	2000	3	0	1920	other	0
yc20	31	Sound	62	725583	0	1			0		hit	50
yc20	31	Response	251	732234	6651	2
yc20	32	Picture	101	760590	0	1	1999	3	0	1920	other	0
yc20	33	Sound	61	772576	0	1			0		hit	53
yc20	33	Response	251	784255	11679	2
yc20	34	Picture	4	806752	0	1	1999	3	0	1920	other	0
yc20	35	Sound	64	818731	0	2			0		hit	56
yc20	35	Response	252	832852	14121	1
yc20	36	Picture	4	854080	0	2	2000	3	0	1920	other	0
yc20	37	Sound	64	866054	0	1			0		hit	59
yc20	37	Response	252	871815	5761	1
yc20	38	Picture	1	901075	0	2	2000	4	0	1920	other	0
yc20	39	Sound	61	913047	0	2			0		hit	62
yc20	39	Response	251	924826	11779	1
yc20	40	Picture	1	947404	0	2	2000	4	0	1920	other	0
yc20	41	Sound	61	959382	0	2			0		hit	65
yc20	41	Response	251	971215	11833	2
yc20	42	Picture	101	994733	0	2	2000	3	0	1920	other	0
yc20	43	Sound	61	1006705	0	1			0		hit	68
yc20	43	Response	251	1023217	16512	1
yc20	44	Picture	101	1041562	0	1	1999	3	0	1920	other	0
yc20	45	Sound	61	1053549	0	1			0		hit	71
yc20	45	Response	251	1059006	5457	1
yc20	46	Picture	2	1087724	0	1	2000	2	0	1920	other	0
yc20	47	Sound	62	1099704	0	1			0		hit	74
yc20	47	Response	251	1108249	8545	1
yc20	48	Picture	204	1134053	0	1	1999	3	0	1920	other	0
yc20	49	Sound	64	1146039	0	1			0		hit	77
yc20	49	Response	252	1157572	11533	1
yc20	50	Picture	24	1180715	0	1	1999	3	0	1920	other	0
yc20	50	Sound	52	1187734	7019	1			7020		other	0
yc20	51	Sound	64	1192703	0	1			0		hit	81
yc20	51	Response	252	1205871	13168	1
yc20	52	Picture	4	1227210	0	1	2000	2	0	1920	other	0
yc20	53	Sound	64	1239188	0	1			0		hit	84
yc20	53	Response	252	1247959	8771	1
yc20	54	Picture	224	1275039	0	1	1999	3	0	1920	other	0
yc20	54	Sound	52	1280768	5729	2			5730		other	0
yc20	55	Sound	64	1287019	0	1			0		hit	88
yc20	55	Response	252	1292411	5392	1
yc20	56	Picture	1	1322201	0	1	1999	3	0	1920	other	0
yc20	57	Sound	61	1334192	0	1			0		hit	91
yc20	57	Response	251	1347030	12838	2
yc20	58	Picture	212	1369363	0	2	1999	4	0	1920	other	0
yc20	58	Sound	51	1372472	3109	1			3110		other	0
yc20	59	Sound	62	1381335	0	1			0		hit	95
yc20	59	Response	251	1392576	11241	2
yc20	60	Picture	13	1417025	0	1	1999	3	0	1920	other	0
yc20	60	Sound	51	1420725	3700	1			3700		other	0
yc20	61	Sound	63	1429017	0	1			0		hit	99
yc20	61	Response	252	1446643	17626	1
yc20	62	Picture	202	1463520	0	1	2000	2	0	1920	other	0
yc20	63	Sound	62	1475501	0	2			0		hit	102
yc20	63	Response	251	1484615	9114	1
yc20	64	Picture	204	1510849	0	1	1999	3	0	1920	other	0
yc20	65	Sound	64	1522824	0	1			0		hit	105
yc20	65	Response	252	1531771	8947	2
yc20	66	Picture	1	1557344	0	1	2000	2	0	1920	other	0
yc20	67	Sound	61	1569339	0	1			0		hit	108
yc20	67	Response	251	1582815	13476	2
yc20	68	Picture	22	1603673	0	1	1999	3	0	1920	other	0
yc20	68	Sound	52	1609762	6089	1			6090		other	0
yc20	69	Sound	62	1615643	0	2			0		hit	112
yc20	69	Response	251	1624667	9024	1
yc20	70	Picture	123	1651001	0	2	2000	3	0	1920	other	0
yc20	70	Sound	52	1658670	7669	2			7670		other	0
yc20	71	Sound	63	1662996	0	1			0		hit	116
yc20	71	Response	252	1673081	10085	2
yc20	72	Picture	2	1698330	0	1	2000	2	0	1920	other	0
yc20	73	Sound	62	1710319	0	1			0		hit	119
yc20	73	Response	251	1720799	10480	2
yc20	74	Picture	103	1744825	0	2	2000	3	0	1920	other	0
yc20	75	Sound	63	1756803	0	1			0		hit	122
yc20	75	Response	252	1768189	11386	1
yc20	76	Picture	204	1791321	0	1	1999	3	0	1920	other	0
yc20	77	Sound	64	1803318	0	1			0		hit	125
yc20	77	Response	252	1815716	12398	1
yc20	78	Picture	214	1839149	0	2	2000	4	0	1920	other	0
yc20	78	Sound	51	1843418	4269	2			4270		other	0
yc20	79	Sound	64	1851149	0	1			0		hit	129
yc20	79	Response	252	1864056	12907	1
yc20	80	Picture	202	1886811	0	2	2000	4	0	1920	other	0
yc20	81	Sound	62	1898801	0	1			0		hit	132
yc20	81	Response	251	1907001	8200	1
yc20	82	Picture	101	1934640	0	2	2000	3	0	1920	other	0
yc20	83	Sound	61	1946633	0	1			0		incorrect	135
yc20	83	Response	252	1963369	16736	1
yc20	83	Response	251	1967037	20404	1
yc20	84	Picture	2	1981635	0	2	2000	4	0	1920	other	0
yc20	85	Sound	62	1993626	0	1			0		hit	139
yc20	85	Response	251	1999492	5866	2
yc20	86	Picture	202	2029131	0	1	1999	3	0	1920	other	0
yc20	87	Sound	62	2041128	0	2			0		hit	142
yc20	87	Response	251	2050712	9584	1
yc20	88	Picture	1	2076959	0	2	2000	3	0	1920	other	0
yc20	89	Sound	61	2088930	0	1			0		hit	145
yc20	89	Response	251	2101689	12759	2
yc20	90	Picture	2	2123288	0	1	2000	2	0	1920	other	0
yc20	91	Sound	62	2135265	0	1			0		hit	148
yc20	91	Response	251	2142239	6974	2
yc20	92	Picture	204	2169950	0	2	2000	3	0	1920	other	0
yc20	93	Sound	64	2181929	0	1			0		hit	151
yc20	93	Response	252	2193180	11251	1
yc20	94	Picture	14	2216612	0	2	2000	3	0	1920	other	0
yc20	94	Sound	51	2221121	4509	2			4510		other	0
yc20	95	Sound	64	2228593	0	1			0		hit	155
yc20	95	Response	252	2235838	7245	2
yc20	96	Picture	222	2264274	0	2	2000	3	0	1920	other	0
yc20	96	Sound	52	2272243	7969	1			7970		other	0
yc20	97	Sound	62	2276245	0	1			0		hit	159
yc20	97	Response	251	2288980	12735	2
yc20	98	Picture	103	2311103	0	1	1999	3	0	1920	other	0
yc20	99	Sound	63	2323089	0	1			0		hit	162
yc20	99	Response	252	2336104	13015	1
yc20	100	Picture	2	2358931	0	2	2000	4	0	1920	other	0
yc20	101	Sound	62	2370920	0	1			0		hit	165
yc20	101	Response	251	2388377	17457	1
yc20	102	Picture	103	2406593	0	2	2000	4	0	1920	other	0
yc20	103	Sound	63	2418572	0	1			0		hit	168
yc20	103	Response	252	2426422	7850	1
yc20	104	Picture	11	2454588	0	2	2000	4	0	1920	other	0
yc20	104	Sound	51	2458377	3789	1			3790		other	0
yc20	105	Sound	61	2466583	0	1			0		hit	172
yc20	105	Response	251	2481194	14611	2
yc20	106	Picture	103	2501751	0	1	1999	3	0	1920	other	0
yc20	107	Sound	63	2513726	0	1			0		hit	175
yc20	107	Response	252	2525550	11824	1
yc20	108	Picture	3	2549413	0	1	1999	3	0	1920	other	0
yc20	109	Sound	63	2561408	0	1			0		hit	178
yc20	109	Response	252	2574270	12862	1
yc20	110	Picture	103	2597241	0	2	2000	3	0	1920	other	0
yc20	111	Sound	63	2609239	0	2			0		hit	181
yc20	111	Response	252	2626885	17646	1
yc20	112	Picture	121	2643403	0	2	2000	3	0	1920	other	0
yc20	112	Sound	52	2649042	5639	2			5640		other	0
yc20	113	Sound	61	2655395	0	1			0		hit	185
yc20	113	Response	251	2662687	7292	1
yc20	114	Picture	103	2691565	0	2	2000	3	0	1920	other	0
yc20	115	Sound	63	2703555	0	2			0		hit	188
yc20	115	Response	252	2711428	7873	1
yc20	116	Picture	3	2738894	0	1	1999	3	0	1920	other	0
yc20	117	Sound	63	2750878	0	1			0		hit	191
yc20	117	Response	252	2772474	21596	1
yc20	118	Picture	101	2786889	0	2	2000	3	0	1920	other	0
yc20	119	Sound	61	2798889	0	1			0		hit	194
yc20	119	Response	251	2807955	9066	1
yc20	120	Picture	21	2833218	0	1	2000	2	0	1920	other	0
yc20	120	Sound	52	2841637	8419	1			8420		other	0
yc20	121	Sound	61	2845194	0	1			0		hit	198
yc20	121	Response	251	2860700	15506	2
yc20	122	Picture	202	2880713	0	2	2000	3	0	1920	other	0
yc20	123	Sound	62	2892696	0	2			0		incorrect	201
yc20	123	Response	252	2912944	20248	1
yc20	124	Picture	3	2928375	0	1	2000	2	0	1920	other	0
yc20	125	Sound	63	2940348	0	1			0		hit	204
yc20	125	Response	252	2949032	8684	2
yc20	126	Picture	4	2975203	0	2	2000	4	0	1920	other	0
yc20	127	Sound	64	2987192	0	1			0		hit	207
yc20	127	Response	252	2996538	9346	2
yc20	128	Picture	3	3022532	0	2	2000	4	0	1920	other	0
yc20	129	Sound	63	3034515	0	1			0		hit	210
yc20	129	Response	252	3047034	12519	1
yc20	130	Picture	3	3069527	0	2	2000	4	0	1920	other	0
yc20	131	Sound	63	3081508	0	1			0		hit	213
yc20	131	Response	252	3092506	10998	2
yc20	132	Picture	101	3116023	0	1	2000	2	0	1920	other	0
yc20	133	Sound	61	3128022	0	2			0		hit	216
yc20	133	Response	251	3154422	26400	2
yc20	134	Response	253	3625226	461208	2


Event Type	Code	Type	Response	RT	RT Uncertainty	Time	Uncertainty	Duration	Uncertainty	ReqTime	ReqDur

Picture	10	other				17996	2	20165	4	0	20000
Picture	10	other				38328	1	40162	3	0	40000
Picture	10	other				78657	1	40162	3	0	40000
Nothing	91	other				118822	1			0
Picture	204	other				148983	2	2000	3	0	1920
Sound	64	hit	2	13119	2	160974	1			0
Picture	202	other				195645	2	2000	4	0	1920
Sound	62	hit	1	9330	2	207638	1			0
Picture	111	other				243474	1	1999	3	0	1920
Sound	51	other				247573	2			4100
Sound	61	hit	1	10340	3	255469	2			0
Picture	204	other				289636	1	2000	2	0	1920
Sound	64	hit	2	9620	3	301625	1			0
Picture	113	other				337631	2	2000	4	0	1920
Sound	51	other				342470	2			4840
Sound	63	hit	2	8926	2	349606	1			0
Picture	202	other				384460	1	2000	2	0	1920
Sound	62	hit	1	8114	4	396449	2			0
Picture	12	other				431789	1	2000	2	0	1920
Sound	51	other				435528	1			3740
Sound	62	hit	1	7423	2	443772	1			0
Picture	4	other				478284	2	2000	3	0	1920
Sound	64	hit	2	9552	2	490257	1			0
Picture	4	other				525946	2	2000	3	0	1920
Sound	64	hit	2	8804	4	537938	2			0
Picture	23	other				573275	1	1999	3	0	1920
Sound	52	other				579424	1			6150
Sound	63	hit	2	7982	3	585261	1			0
Picture	3	other				620770	2	2000	3	0	1920
Sound	63	hit	2	8039	2	632763	1			0
Picture	1	other				667265	2	2000	4	0	1920
Sound	61	hit	1	6846	2	679248	1			0
Picture	2	other				713594	2	2000	3	0	1920
Sound	62	hit	1	6651	3	725583	1			0
Picture	101	other				760590	1	1999	3	0	1920
Sound	61	hit	1	11679	3	772576	1			0
Picture	4	other				806752	1	1999	3	0	1920
Sound	64	hit	2	14121	3	818731	2			0
Picture	4	other				854080	2	2000	3	0	1920
Sound	64	hit	2	5761	2	866054	1			0
Picture	1	other				901075	2	2000	4	0	1920
Sound	61	hit	1	11779	3	913047	2			0
Picture	1	other				947404	2	2000	4	0	1920
Sound	61	hit	1	11833	4	959382	2			0
Picture	101	other				994733	2	2000	3	0	1920
Sound	61	hit	1	16512	2	1006705	1			0
Picture	101	other				1041562	1	1999	3	0	1920
Sound	61	hit	1	5457	2	1053549	1			0
Picture	2	other				1087724	1	2000	2	0	1920
Sound	62	hit	1	8545	2	1099704	1			0
Picture	204	other				1134053	1	1999	3	0	1920
Sound	64	hit	2	11533	2	1146039	1			0
Picture	24	other				1180715	1	1999	3	0	1920
Sound	52	other				1187734	1			7020
Sound	64	hit	2	13168	2	1192703	1			0
Picture	4	other				1227210	1	2000	2	0	1920
Sound	64	hit	2	8771	2	1239188	1			0
Picture	224	other				1275039	1	1999	3	0	1920
Sound	52	other				1280768	2			5730
Sound	64	hit	2	5392	2	1287019	1			0
Picture	1	other				1322201	1	1999	3	0	1920
Sound	61	hit	1	12838	3	1334192	1			0
Picture	212	other				1369363	2	1999	4	0	1920
Sound	51	other				1372472	1			3110
Sound	62	hit	1	11241	3	1381335	1			0
Picture	13	other				1417025	1	1999	3	0	1920
Sound	51	other				1420725	1			3700
Sound	63	hit	2	17626	2	1429017	1			0
Picture	202	other				1463520	1	2000	2	0	1920
Sound	62	hit	1	9114	3	1475501	2			0
Picture	204	other				1510849	1	1999	3	0	1920
Sound	64	hit	2	8947	3	1522824	1			0
Picture	1	other				1557344	1	2000	2	0	1920
Sound	61	hit	1	13476	3	1569339	1			0
Picture	22	other				1603673	1	1999	3	0	1920
Sound	52	other				1609762	1			6090
Sound	62	hit	1	9024	3	1615643	2			0
Picture	123	other				1651001	2	2000	3	0	1920
Sound	52	other				1658670	2			7670
Sound	63	hit	2	10085	3	1662996	1			0
Picture	2	other				1698330	1	2000	2	0	1920
Sound	62	hit	1	10480	3	1710319	1			0
Picture	103	other				1744825	2	2000	3	0	1920
Sound	63	hit	2	11386	2	1756803	1			0
Picture	204	other				1791321	1	1999	3	0	1920
Sound	64	hit	2	12398	2	1803318	1			0
Picture	214	other				1839149	2	2000	4	0	1920
Sound	51	other				1843418	2			4270
Sound	64	hit	2	12907	2	1851149	1			0
Picture	202	other				1886811	2	2000	4	0	1920
Sound	62	hit	1	8200	2	1898801	1			0
Picture	101	other				1934640	2	2000	3	0	1920
Sound	61	incorrect	2	16736	2	1946633	1			0
Picture	2	other				1981635	2	2000	4	0	1920
Sound	62	hit	1	5866	3	1993626	1			0
Picture	202	other				2029131	1	1999	3	0	1920
Sound	62	hit	1	9584	3	2041128	2			0
Picture	1	other				2076959	2	2000	3	0	1920
Sound	61	hit	1	12759	3	2088930	1			0
Picture	2	other				2123288	1	2000	2	0	1920
Sound	62	hit	1	6974	3	2135265	1			0
Picture	204	other				2169950	2	2000	3	0	1920
Sound	64	hit	2	11251	2	2181929	1			0
Picture	14	other				2216612	2	2000	3	0	1920
Sound	51	other				2221121	2			4510
Sound	64	hit	2	7245	3	2228593	1			0
Picture	222	other				2264274	2	2000	3	0	1920
Sound	52	other				2272243	1			7970
Sound	62	hit	1	12735	3	2276245	1			0
Picture	103	other				2311103	1	1999	3	0	1920
Sound	63	hit	2	13015	2	2323089	1			0
Picture	2	other				2358931	2	2000	4	0	1920
Sound	62	hit	1	17457	2	2370920	1			0
Picture	103	other				2406593	2	2000	4	0	1920
Sound	63	hit	2	7850	2	2418572	1			0
Picture	11	other				2454588	2	2000	4	0	1920
Sound	51	other				2458377	1			3790
Sound	61	hit	1	14611	3	2466583	1			0
Picture	103	other				2501751	1	1999	3	0	1920
Sound	63	hit	2	11824	2	2513726	1			0
Picture	3	other				2549413	1	1999	3	0	1920
Sound	63	hit	2	12862	2	2561408	1			0
Picture	103	other				2597241	2	2000	3	0	1920
Sound	63	hit	2	17646	3	2609239	2			0
Picture	121	other				2643403	2	2000	3	0	1920
Sound	52	other				2649042	2			5640
Sound	61	hit	1	7292	2	2655395	1			0
Picture	103	other				2691565	2	2000	3	0	1920
Sound	63	hit	2	7873	3	2703555	2			0
Picture	3	other				2738894	1	1999	3	0	1920
Sound	63	hit	2	21596	2	2750878	1			0
Picture	101	other				2786889	2	2000	3	0	1920
Sound	61	hit	1	9066	2	2798889	1			0
Picture	21	other				2833218	1	2000	2	0	1920
Sound	52	other				2841637	1			8420
Sound	61	hit	1	15506	3	2845194	1			0
Picture	202	other				2880713	2	2000	3	0	1920
Sound	62	incorrect	2	20248	3	2892696	2			0
Picture	3	other				2928375	1	2000	2	0	1920
Sound	63	hit	2	8684	3	2940348	1			0
Picture	4	other				2975203	2	2000	4	0	1920
Sound	64	hit	2	9346	3	2987192	1			0
Picture	3	other				3022532	2	2000	4	0	1920
Sound	63	hit	2	12519	2	3034515	1			0
Picture	3	other				3069527	2	2000	4	0	1920
Sound	63	hit	2	10998	3	3081508	1			0
Picture	101	other				3116023	1	2000	2	0	1920
Sound	61	hit	1	26400	4	3128022	2			0
