Scenario - SeuilAuditif
Logfile written - 02/03/2017 15:27:14

Subject	Trial	Event Type	Code	Time	TTime	Uncertainty	Duration	Uncertainty	ReqTime	ReqDur	Stim Type	Pair Index

yc20	2	Sound	L_tarson_Left_0.7	390	59	1			0		other	0
yc20	3	Sound	L_tarson_Left_0.65	10537	40	1			0		other	0
yc20	4	Sound	L_tarson_Left_0.6	20714	51	1			0		other	0
yc20	5	Sound	L_tarson_Left_0.55	30861	33	1			0		other	0
yc20	6	Sound	L_tarson_Left_0.5	41038	44	1			0		other	0
yc20	7	Sound	L_tarson_Left_0.45	51215	55	1			0		other	0
yc20	8	Sound	L_tarson_Left_0.4	61362	37	1			0		other	0
yc20	9	Sound	L_tarson_Left_0.35	71539	48	1			0		other	0
yc20	10	Sound	L_tarson_Left_0.3	81716	60	1			0		other	0
yc20	11	Sound	L_tarson_Left_0.25	91863	41	1			0		other	0
yc20	11	Response	1	100115	8293	1
yc20	12	Sound	L_tarson-Left-0.2	102039	51	2			0		other	0
yc20	13	Sound	L_tarson_Left_0.2	112186	32	2			0		other	0
yc20	14	Sound	L_tarson_Left_0.25	122363	44	1			0		other	0
yc20	15	Sound	L_tarson_Left_0.3	132540	55	1			0		other	0
yc20	16	Sound	L_tarson_Left_0.35	142687	36	1			0		other	0
yc20	16	Response	1	151897	9246	1
yc20	17	Sound	L_tarson-Left-0.4	152864	48	1			0		other	0
yc20	18	Sound	L_tarson_Left_0.4	163041	59	1			0		other	0
yc20	19	Sound	L_tarson_Left_0.38	173188	40	1			0		other	0
yc20	20	Sound	L_tarson_Left_0.36	183365	52	1			0		other	0
yc20	21	Sound	L_tarson_Left_0.34	193512	33	1			0		other	0
yc20	22	Sound	L_tarson_Left_0.32	203689	44	1			0		other	0
yc20	23	Sound	L_tarson_Left_0.3	213866	56	1			0		other	0
yc20	24	Sound	L_tarson_Left_0.28	224013	37	1			0		other	0
yc20	25	Sound	L_tarson_Left_0.26	234190	48	1			0		other	0
yc20	25	Response	1	239377	5235	1
yc20	26	Sound	L_tarson-Left-0.24	244367	60	1			0		other	0
yc20	27	Sound	L_tarson_Left_0.24	254514	41	1			0		other	0
yc20	28	Sound	L_tarson_Left_0.26	264690	51	2			0		other	0
yc20	29	Sound	L_tarson_Left_0.28	274837	33	2			0		other	0
yc20	30	Sound	L_tarson_Left_0.3	285014	44	2			0		other	0
yc20	30	Response	1	293370	8400	1
yc20	31	Sound	L_tarson-Left-0.32	295191	55	1			0		other	0
yc20	32	Sound	L_tarson_Left_0.32	305338	37	1			0		other	0
yc20	33	Sound	L_tarson_Left_0.3	315515	48	1			0		other	0
yc20	34	Sound	L_tarson_Left_0.28	325662	29	1			0		other	0
yc20	35	Sound	L_tarson_Left_0.26	335839	41	1			0		other	0
yc20	35	Response	1	342830	7032	1
yc20	36	Sound	L_tarson-Left-0.24	346016	52	1			0		other	0
yc20	37	Sound	L_tarson_Left_0.24	356163	33	1			0		other	0
yc20	38	Sound	L_tarson_Left_0.26	366340	45	1			0		other	0
yc20	39	Sound	L_tarson_Left_0.28	376517	56	1			0		other	0
yc20	40	Sound	L_tarson_Left_0.3	386664	38	1			0		other	0
yc20	40	Response	1	389967	3341	1
yc20	42	Sound	H_tarson_Left_0.7	406988	30	1			0		other	0
yc20	43	Sound	H_tarson_Left_0.65	417165	42	1			0		other	0
yc20	44	Sound	H_tarson_Left_0.6	427342	53	1			0		other	0
yc20	45	Sound	H_tarson_Left_0.55	437489	34	1			0		other	0
yc20	46	Sound	H_tarson_Left_0.5	447665	45	2			0		other	0
yc20	47	Sound	H_tarson_Left_0.45	457842	56	2			0		other	0
yc20	48	Sound	H_tarson_Left_0.4	467989	37	2			0		other	0
yc20	49	Sound	H_tarson_Left_0.35	478166	49	1			0		other	0
yc20	50	Sound	H_tarson_Left_0.3	488313	30	1			0		other	0
yc20	50	Response	1	492510	4227	1
yc20	51	Sound	H_tarson-Left-0.25	498490	41	1			0		other	0
yc20	52	Sound	H_tarson_Left_0.25	508667	52	1			0		other	0
yc20	53	Sound	H_tarson_Left_0.3	518814	34	1			0		other	0
yc20	54	Sound	H_tarson_Left_0.35	528991	45	1			0		other	0
yc20	54	Response	1	535769	6823	1
yc20	55	Sound	H_tarson-Left-0.4	539168	56	1			0		other	0
yc20	56	Sound	H_tarson_Left_0.4	549315	38	1			0		other	0
yc20	57	Sound	H_tarson_Left_0.38	559492	49	1			0		other	0
yc20	58	Sound	H_tarson_Left_0.36	569639	31	1			0		other	0
yc20	59	Sound	H_tarson_Left_0.34	579816	42	1			0		other	0
yc20	60	Sound	H_tarson_Left_0.32	589993	53	1			0		other	0
yc20	61	Sound	H_tarson_Left_0.3	600140	35	1			0		other	0
yc20	62	Sound	H_tarson_Left_0.28	610317	46	1			0		other	0
yc20	62	Response	1	616146	5875	1
yc20	63	Sound	H_tarson-Left-0.26	620493	56	1			0		other	0
yc20	64	Sound	H_tarson_Left_0.26	630640	38	2			0		other	0
yc20	65	Sound	H_tarson_Left_0.28	640817	49	1			0		other	0
yc20	66	Sound	H_tarson_Left_0.3	650964	30	2			0		other	0
yc20	66	Response	1	656524	5590	1
yc20	67	Sound	H_tarson-Left-0.32	661141	41	1			0		other	0
yc20	68	Sound	H_tarson_Left_0.32	671318	53	1			0		other	0
yc20	69	Sound	H_tarson_Left_0.3	681465	34	1			0		other	0
yc20	70	Sound	H_tarson_Left_0.28	691642	46	1			0		other	0
yc20	71	Sound	H_tarson_Left_0.26	701819	57	1			0		other	0
yc20	71	Response	1	703624	1862	1
yc20	72	Sound	H_tarson-Left-0.24	711966	38	1			0		other	0
yc20	73	Sound	H_tarson_Left_0.24	722143	50	1			0		other	0
yc20	74	Sound	H_tarson_Left_0.26	732290	31	1			0		other	0
yc20	75	Sound	H_tarson_Left_0.28	742467	42	1			0		other	0
yc20	76	Sound	H_tarson_Left_0.3	752644	54	1			0		other	0
yc20	76	Response	1	756084	3494	1
yc20	78	Sound	L_tarson_Right_0.7	772968	46	1			0		other	0
yc20	79	Sound	L_tarson_Right_0.65	783144	56	2			0		other	0
yc20	80	Sound	L_tarson_Right_0.6	793291	38	2			0		other	0
yc20	81	Sound	L_tarson_Right_0.55	803468	49	2			0		other	0
yc20	82	Sound	L_tarson_Right_0.5	813615	31	1			0		other	0
yc20	83	Sound	L_tarson_Right_0.45	823792	42	2			0		other	0
yc20	84	Sound	L_tarson_Right_0.4	833969	53	1			0		other	0
yc20	85	Sound	L_tarson_Right_0.35	844116	35	1			0		other	0
yc20	86	Sound	L_tarson_Right_0.3	854293	46	1			0		other	0
yc20	87	Sound	L_tarson_Right_0.25	864470	57	1			0		other	0
yc20	87	Response	1	871489	7076	1
yc20	88	Sound	L_tarson-Right-0.2	874617	39	1			0		other	0
yc20	89	Sound	L_tarson_Right_0.2	884794	50	1			0		other	0
yc20	90	Sound	L_tarson_Right_0.25	894941	31	1			0		other	0
yc20	91	Sound	L_tarson_Right_0.3	905118	43	1			0		other	0
yc20	92	Sound	L_tarson_Right_0.35	915295	54	1			0		other	0
yc20	92	Response	1	917880	2639	1
yc20	93	Sound	L_tarson-Right-0.4	925442	35	1			0		other	0
yc20	94	Sound	L_tarson_Right_0.4	935619	47	1			0		other	0
yc20	95	Sound	L_tarson_Right_0.38	945796	58	1			0		other	0
yc20	96	Sound	L_tarson_Right_0.36	955942	38	2			0		other	0
yc20	97	Sound	L_tarson_Right_0.34	966119	50	2			0		other	0
yc20	98	Sound	L_tarson_Right_0.32	976266	31	1			0		other	0
yc20	99	Sound	L_tarson_Right_0.3	986443	42	1			0		other	0
yc20	100	Sound	L_tarson_Right_0.28	996620	54	1			0		other	0
yc20	101	Sound	L_tarson_Right_0.26	1006767	35	1			0		other	0
yc20	101	Response	1	1008441	1709	1
yc20	102	Sound	L_tarson-Right-0.24	1016944	46	1			0		other	0
yc20	103	Sound	L_tarson_Right_0.24	1027121	58	1			0		other	0
yc20	104	Sound	L_tarson_Right_0.26	1037268	39	1			0		other	0
yc20	104	Response	1	1047250	10021	139
yc20	105	Sound	L_tarson_Right_0.28	1047445	50	1			0		other	0
yc20	106	Sound	L_tarson-Right-0.3	1057592	32	1			0		other	0
yc20	107	Sound	L_tarson_Right_0.3	1067769	43	1			0		other	0
yc20	108	Sound	L_tarson_Right_0.28	1077946	55	1			0		other	0
yc20	109	Sound	L_tarson_Right_0.26	1088093	36	1			0		other	0
yc20	109	Response	1	1097633	9576	1
yc20	110	Sound	L_tarson-Right-0.24	1098270	47	1			0		other	0
yc20	111	Sound	L_tarson_Right_0.24	1108446	57	2			0		other	0
yc20	112	Sound	L_tarson_Right_0.26	1118594	40	1			0		other	0
yc20	113	Sound	L_tarson_Right_0.28	1128771	51	1			0		other	0
yc20	114	Sound	L_tarson_Right_0.3	1138918	33	1			0		other	0
yc20	114	Response	1	1144908	6023	1
yc20	116	Sound	H_tarson_Right_0.7	1159271	54	1			0		other	0
yc20	117	Sound	H_tarson_Right_0.65	1169418	35	1			0		other	0
yc20	118	Sound	H_tarson_Right_0.6	1179595	47	1			0		other	0
yc20	119	Sound	H_tarson_Right_0.55	1189772	58	1			0		other	0
yc20	120	Sound	H_tarson_Right_0.5	1199919	39	1			0		other	0
yc20	121	Sound	H_tarson_Right_0.45	1210096	51	1			0		other	0
yc20	122	Sound	H_tarson_Right_0.4	1220243	32	1			0		other	0
yc20	123	Sound	H_tarson_Right_0.35	1230420	43	1			0		other	0
yc20	124	Sound	H_tarson_Right_0.3	1240597	55	1			0		other	0
yc20	125	Sound	H_tarson_Right_0.25	1250744	36	1			0		other	0
yc20	126	Sound	H_tarson_Right_0.2	1260921	48	1			0		other	0
yc20	126	Response	1	1264286	3413	1
yc20	127	Sound	H_tarson-Right-0.15	1271098	59	1			0		other	0
yc20	128	Sound	H_tarson_Right_0.15	1281245	40	1			0		other	0
yc20	129	Sound	H_tarson_Right_0.2	1291422	51	1			0		other	0
yc20	130	Sound	H_tarson_Right_0.25	1301568	32	2			0		other	0
yc20	131	Sound	H_tarson_Right_0.3	1311745	43	2			0		other	0
yc20	132	Sound	H_tarson_Right_0.35	1321922	54	1			0		other	0
yc20	132	Response	1	1323543	1675	1
yc20	133	Sound	H_tarson-Right-0.4	1332069	36	1			0		other	0
yc20	134	Sound	H_tarson_Right_0.4	1342246	47	1			0		other	0
yc20	135	Sound	H_tarson_Right_0.38	1352423	59	1			0		other	0
yc20	136	Sound	H_tarson_Right_0.36	1362570	40	1			0		other	0
yc20	137	Sound	H_tarson_Right_0.34	1372747	51	1			0		other	0
yc20	138	Sound	H_tarson_Right_0.32	1382894	33	1			0		other	0
yc20	139	Sound	H_tarson_Right_0.3	1393071	44	1			0		other	0
yc20	140	Sound	H_tarson_Right_0.28	1403248	55	1			0		other	0
yc20	141	Sound	H_tarson_Right_0.26	1413395	37	1			0		other	0
yc20	141	Response	1	1415202	1844	1
yc20	142	Sound	H_tarson-Right-0.24	1423572	48	1			0		other	0
yc20	143	Sound	H_tarson_Right_0.24	1433749	59	1			0		other	0
yc20	144	Sound	H_tarson_Right_0.26	1443896	41	1			0		other	0
yc20	145	Sound	H_tarson_Right_0.28	1454073	52	1			0		other	0
yc20	145	Response	1	1459545	5524	1
yc20	146	Sound	H_tarson-Right-0.3	1464219	32	2			0		other	0
yc20	147	Sound	H_tarson_Right_0.3	1474396	44	2			0		other	0
yc20	148	Sound	H_tarson_Right_0.28	1484573	55	2			0		other	0
yc20	149	Sound	H_tarson_Right_0.26	1494720	36	2			0		other	0
yc20	149	Response	1	1499642	4958	1
yc20	150	Sound	H_tarson-Right-0.24	1504897	48	1			0		other	0
yc20	151	Sound	H_tarson_Right_0.24	1515074	59	1			0		other	0
yc20	152	Sound	H_tarson_Right_0.26	1525221	40	1			0		other	0
yc20	153	Sound	H_tarson_Right_0.28	1535398	52	1			0		other	0
yc20	154	Sound	H_tarson_Right_0.3	1545545	33	1			0		other	0
yc20	154	Response	1	1549247	3735	1


Event Type	Code	Type	Response	RT	RT Uncertainty	Time	Uncertainty	Duration	Uncertainty	ReqTime	ReqDur

Sound	L_tarson_Left_0.7	other				390	1			0
Sound	L_tarson_Left_0.65	other				10537	1			0
Sound	L_tarson_Left_0.6	other				20714	1			0
Sound	L_tarson_Left_0.55	other				30861	1			0
Sound	L_tarson_Left_0.5	other				41038	1			0
Sound	L_tarson_Left_0.45	other				51215	1			0
Sound	L_tarson_Left_0.4	other				61362	1			0
Sound	L_tarson_Left_0.35	other				71539	1			0
Sound	L_tarson_Left_0.3	other				81716	1			0
Sound	L_tarson_Left_0.25	other				91863	1			0
Sound	L_tarson-Left-0.2	other				102039	2			0
Sound	L_tarson_Left_0.2	other				112186	2			0
Sound	L_tarson_Left_0.25	other				122363	1			0
Sound	L_tarson_Left_0.3	other				132540	1			0
Sound	L_tarson_Left_0.35	other				142687	1			0
Sound	L_tarson-Left-0.4	other				152864	1			0
Sound	L_tarson_Left_0.4	other				163041	1			0
Sound	L_tarson_Left_0.38	other				173188	1			0
Sound	L_tarson_Left_0.36	other				183365	1			0
Sound	L_tarson_Left_0.34	other				193512	1			0
Sound	L_tarson_Left_0.32	other				203689	1			0
Sound	L_tarson_Left_0.3	other				213866	1			0
Sound	L_tarson_Left_0.28	other				224013	1			0
Sound	L_tarson_Left_0.26	other				234190	1			0
Sound	L_tarson-Left-0.24	other				244367	1			0
Sound	L_tarson_Left_0.24	other				254514	1			0
Sound	L_tarson_Left_0.26	other				264690	2			0
Sound	L_tarson_Left_0.28	other				274837	2			0
Sound	L_tarson_Left_0.3	other				285014	2			0
Sound	L_tarson-Left-0.32	other				295191	1			0
Sound	L_tarson_Left_0.32	other				305338	1			0
Sound	L_tarson_Left_0.3	other				315515	1			0
Sound	L_tarson_Left_0.28	other				325662	1			0
Sound	L_tarson_Left_0.26	other				335839	1			0
Sound	L_tarson-Left-0.24	other				346016	1			0
Sound	L_tarson_Left_0.24	other				356163	1			0
Sound	L_tarson_Left_0.26	other				366340	1			0
Sound	L_tarson_Left_0.28	other				376517	1			0
Sound	L_tarson_Left_0.3	other				386664	1			0
Sound	H_tarson_Left_0.7	other				406988	1			0
Sound	H_tarson_Left_0.65	other				417165	1			0
Sound	H_tarson_Left_0.6	other				427342	1			0
Sound	H_tarson_Left_0.55	other				437489	1			0
Sound	H_tarson_Left_0.5	other				447665	2			0
Sound	H_tarson_Left_0.45	other				457842	2			0
Sound	H_tarson_Left_0.4	other				467989	2			0
Sound	H_tarson_Left_0.35	other				478166	1			0
Sound	H_tarson_Left_0.3	other				488313	1			0
Sound	H_tarson-Left-0.25	other				498490	1			0
Sound	H_tarson_Left_0.25	other				508667	1			0
Sound	H_tarson_Left_0.3	other				518814	1			0
Sound	H_tarson_Left_0.35	other				528991	1			0
Sound	H_tarson-Left-0.4	other				539168	1			0
Sound	H_tarson_Left_0.4	other				549315	1			0
Sound	H_tarson_Left_0.38	other				559492	1			0
Sound	H_tarson_Left_0.36	other				569639	1			0
Sound	H_tarson_Left_0.34	other				579816	1			0
Sound	H_tarson_Left_0.32	other				589993	1			0
Sound	H_tarson_Left_0.3	other				600140	1			0
Sound	H_tarson_Left_0.28	other				610317	1			0
Sound	H_tarson-Left-0.26	other				620493	1			0
Sound	H_tarson_Left_0.26	other				630640	2			0
Sound	H_tarson_Left_0.28	other				640817	1			0
Sound	H_tarson_Left_0.3	other				650964	2			0
Sound	H_tarson-Left-0.32	other				661141	1			0
Sound	H_tarson_Left_0.32	other				671318	1			0
Sound	H_tarson_Left_0.3	other				681465	1			0
Sound	H_tarson_Left_0.28	other				691642	1			0
Sound	H_tarson_Left_0.26	other				701819	1			0
Sound	H_tarson-Left-0.24	other				711966	1			0
Sound	H_tarson_Left_0.24	other				722143	1			0
Sound	H_tarson_Left_0.26	other				732290	1			0
Sound	H_tarson_Left_0.28	other				742467	1			0
Sound	H_tarson_Left_0.3	other				752644	1			0
Sound	L_tarson_Right_0.7	other				772968	1			0
Sound	L_tarson_Right_0.65	other				783144	2			0
Sound	L_tarson_Right_0.6	other				793291	2			0
Sound	L_tarson_Right_0.55	other				803468	2			0
Sound	L_tarson_Right_0.5	other				813615	1			0
Sound	L_tarson_Right_0.45	other				823792	2			0
Sound	L_tarson_Right_0.4	other				833969	1			0
Sound	L_tarson_Right_0.35	other				844116	1			0
Sound	L_tarson_Right_0.3	other				854293	1			0
Sound	L_tarson_Right_0.25	other				864470	1			0
Sound	L_tarson-Right-0.2	other				874617	1			0
Sound	L_tarson_Right_0.2	other				884794	1			0
Sound	L_tarson_Right_0.25	other				894941	1			0
Sound	L_tarson_Right_0.3	other				905118	1			0
Sound	L_tarson_Right_0.35	other				915295	1			0
Sound	L_tarson-Right-0.4	other				925442	1			0
Sound	L_tarson_Right_0.4	other				935619	1			0
Sound	L_tarson_Right_0.38	other				945796	1			0
Sound	L_tarson_Right_0.36	other				955942	2			0
Sound	L_tarson_Right_0.34	other				966119	2			0
Sound	L_tarson_Right_0.32	other				976266	1			0
Sound	L_tarson_Right_0.3	other				986443	1			0
Sound	L_tarson_Right_0.28	other				996620	1			0
Sound	L_tarson_Right_0.26	other				1006767	1			0
Sound	L_tarson-Right-0.24	other				1016944	1			0
Sound	L_tarson_Right_0.24	other				1027121	1			0
Sound	L_tarson_Right_0.26	other				1037268	1			0
Sound	L_tarson_Right_0.28	other				1047445	1			0
Sound	L_tarson-Right-0.3	other				1057592	1			0
Sound	L_tarson_Right_0.3	other				1067769	1			0
Sound	L_tarson_Right_0.28	other				1077946	1			0
Sound	L_tarson_Right_0.26	other				1088093	1			0
Sound	L_tarson-Right-0.24	other				1098270	1			0
Sound	L_tarson_Right_0.24	other				1108446	2			0
Sound	L_tarson_Right_0.26	other				1118594	1			0
Sound	L_tarson_Right_0.28	other				1128771	1			0
Sound	L_tarson_Right_0.3	other				1138918	1			0
Sound	H_tarson_Right_0.7	other				1159271	1			0
Sound	H_tarson_Right_0.65	other				1169418	1			0
Sound	H_tarson_Right_0.6	other				1179595	1			0
Sound	H_tarson_Right_0.55	other				1189772	1			0
Sound	H_tarson_Right_0.5	other				1199919	1			0
Sound	H_tarson_Right_0.45	other				1210096	1			0
Sound	H_tarson_Right_0.4	other				1220243	1			0
Sound	H_tarson_Right_0.35	other				1230420	1			0
Sound	H_tarson_Right_0.3	other				1240597	1			0
Sound	H_tarson_Right_0.25	other				1250744	1			0
Sound	H_tarson_Right_0.2	other				1260921	1			0
Sound	H_tarson-Right-0.15	other				1271098	1			0
Sound	H_tarson_Right_0.15	other				1281245	1			0
Sound	H_tarson_Right_0.2	other				1291422	1			0
Sound	H_tarson_Right_0.25	other				1301568	2			0
Sound	H_tarson_Right_0.3	other				1311745	2			0
Sound	H_tarson_Right_0.35	other				1321922	1			0
Sound	H_tarson-Right-0.4	other				1332069	1			0
Sound	H_tarson_Right_0.4	other				1342246	1			0
Sound	H_tarson_Right_0.38	other				1352423	1			0
Sound	H_tarson_Right_0.36	other				1362570	1			0
Sound	H_tarson_Right_0.34	other				1372747	1			0
Sound	H_tarson_Right_0.32	other				1382894	1			0
Sound	H_tarson_Right_0.3	other				1393071	1			0
Sound	H_tarson_Right_0.28	other				1403248	1			0
Sound	H_tarson_Right_0.26	other				1413395	1			0
Sound	H_tarson-Right-0.24	other				1423572	1			0
Sound	H_tarson_Right_0.24	other				1433749	1			0
Sound	H_tarson_Right_0.26	other				1443896	1			0
Sound	H_tarson_Right_0.28	other				1454073	1			0
Sound	H_tarson-Right-0.3	other				1464219	2			0
Sound	H_tarson_Right_0.3	other				1474396	2			0
Sound	H_tarson_Right_0.28	other				1484573	2			0
Sound	H_tarson_Right_0.26	other				1494720	2			0
Sound	H_tarson-Right-0.24	other				1504897	1			0
Sound	H_tarson_Right_0.24	other				1515074	1			0
Sound	H_tarson_Right_0.26	other				1525221	1			0
Sound	H_tarson_Right_0.28	other				1535398	1			0
Sound	H_tarson_Right_0.3	other				1545545	1			0
