Scenario - 17_March_2015
Logfile written - 02/03/2017 16:26:22

Subject	Trial	Event Type	Code	Time	TTime	Uncertainty	Duration	Uncertainty	ReqTime	ReqDur	Stim Type	Pair Index

yc20	1	Response	253	27907	37740	1
yc20	2	Picture	10	27995	0	2	20165	3	0	20000	other	0
yc20	3	Picture	10	48327	0	1	40162	3	0	40000	other	0
yc20	3	Response	251	64132	15805	2
yc20	4	Picture	10	88656	0	1	40163	2	0	40000	other	0
yc20	4	Response	252	93835	5179	2
yc20	4	Response	252	96603	7947	1
yc20	5	Nothing	91	128821	0	1			0		other	0
yc20	6	Picture	12	158982	0	2	2000	4	0	1920	other	0
yc20	6	Sound	51	164091	5109	1			5110		other	0
yc20	7	Sound	62	170971	0	1			0		hit	12
yc20	7	Response	251	178101	7130	1
yc20	8	Picture	3	205644	0	2	2000	4	0	1920	other	0
yc20	9	Sound	63	217635	0	1			0		hit	15
yc20	9	Response	252	222347	4712	1
yc20	10	Picture	22	252973	0	2	2000	4	0	1920	other	0
yc20	10	Sound	52	261212	8239	2			8240		other	0
yc20	11	Sound	62	264958	0	1			0		hit	19
yc20	11	Response	251	269473	4515	1
yc20	12	Picture	204	299135	0	2	2000	4	0	1920	other	0
yc20	13	Sound	64	311113	0	1			0		hit	22
yc20	13	Response	252	314829	3716	1
yc20	14	Picture	204	345631	0	1	2000	2	0	1920	other	0
yc20	15	Sound	64	357628	0	1			0		hit	25
yc20	15	Response	252	363804	6176	2
yc20	16	Picture	2	393126	0	1	2000	2	0	1920	other	0
yc20	17	Sound	62	405100	0	1			0		hit	28
yc20	17	Response	251	412308	7208	1
yc20	18	Picture	2	439788	0	1	2000	2	0	1920	other	0
yc20	19	Sound	62	451764	0	1			0		hit	31
yc20	19	Response	251	460084	8320	1
yc20	20	Picture	204	486117	0	1	1999	3	0	1920	other	0
yc20	21	Sound	64	498099	0	1			0		hit	34
yc20	21	Response	252	507335	9236	1
yc20	22	Picture	1	532445	0	2	2000	4	0	1920	other	0
yc20	23	Sound	61	544434	0	1			0		hit	37
yc20	23	Response	251	554446	10012	2
yc20	24	Picture	123	579608	0	1	1999	3	0	1920	other	0
yc20	24	Sound	52	586677	7069	2			7070		other	0
yc20	25	Sound	63	591607	0	1			0		hit	41
yc20	25	Response	252	600099	8492	1
yc20	26	Picture	103	626103	0	1	2000	2	0	1920	other	0
yc20	27	Sound	63	638091	0	2			0		hit	44
yc20	27	Response	252	651706	13615	1
yc20	28	Picture	11	673431	0	2	2000	4	0	1920	other	0
yc20	28	Sound	51	678070	4639	2			4640		other	0
yc20	29	Sound	61	685414	0	1			0		hit	48
yc20	29	Response	251	699514	14100	2
yc20	30	Picture	202	720593	0	2	2000	4	0	1920	other	0
yc20	31	Sound	62	732587	0	1			0		hit	51
yc20	31	Response	251	740512	7925	1
yc20	32	Picture	204	767589	0	1	2000	2	0	1920	other	0
yc20	33	Sound	64	779580	0	2			0		hit	54
yc20	33	Response	252	788717	9137	1
yc20	34	Picture	101	813751	0	1	2000	2	0	1920	other	0
yc20	35	Sound	61	825736	0	1			0		hit	57
yc20	35	Response	251	831782	6046	1
yc20	36	Picture	4	860413	0	1	2000	2	0	1920	other	0
yc20	37	Sound	64	872400	0	1			0		hit	60
yc20	37	Response	252	882437	10037	2
yc20	38	Picture	1	906742	0	1	2000	2	0	1920	other	0
yc20	39	Sound	61	918734	0	2			0		hit	63
yc20	39	Response	251	926492	7758	2
yc20	40	Picture	1	954070	0	2	2000	4	0	1920	other	0
yc20	41	Sound	61	966057	0	2			0		hit	66
yc20	41	Response	251	976879	10822	1
yc20	42	Picture	103	1001566	0	1	2000	2	0	1920	other	0
yc20	43	Sound	63	1013560	0	1			0		hit	69
yc20	43	Response	252	1021585	8025	1
yc20	44	Picture	202	1048894	0	2	2000	3	0	1920	other	0
yc20	45	Sound	62	1060882	0	1			0		hit	72
yc20	45	Response	251	1070552	9670	2
yc20	46	Picture	103	1095223	0	2	2000	4	0	1920	other	0
yc20	47	Sound	63	1107217	0	1			0		hit	75
yc20	47	Response	252	1128629	21412	1
yc20	48	Picture	2	1141552	0	1	2000	2	0	1920	other	0
yc20	49	Sound	62	1153552	0	1			0		hit	78
yc20	49	Response	251	1159003	5451	2
yc20	50	Picture	204	1189547	0	2	2000	3	0	1920	other	0
yc20	51	Sound	64	1201533	0	1			0		hit	81
yc20	51	Response	252	1206389	4856	1
yc20	52	Picture	103	1236209	0	2	2000	3	0	1920	other	0
yc20	53	Sound	63	1248197	0	2			0		hit	84
yc20	53	Response	252	1253653	5456	1
yc20	54	Picture	101	1283371	0	2	2000	3	0	1920	other	0
yc20	55	Sound	61	1295370	0	1			0		hit	87
yc20	55	Response	251	1299014	3644	1
yc20	56	Picture	3	1330367	0	1	1999	3	0	1920	other	0
yc20	57	Sound	63	1342364	0	1			0		hit	90
yc20	57	Response	252	1348363	5999	1
yc20	58	Picture	103	1377362	0	1	2000	2	0	1920	other	0
yc20	59	Sound	63	1389357	0	1			0		hit	93
yc20	59	Response	252	1395217	5860	1
yc20	60	Picture	23	1424024	0	1	2000	2	0	1920	other	0
yc20	60	Sound	52	1430443	6419	1			6420		other	0
yc20	61	Sound	63	1436021	0	1			0		hit	97
yc20	61	Response	252	1441228	5207	1
yc20	62	Picture	24	1471853	0	1	1999	3	0	1920	other	0
yc20	62	Sound	52	1478142	6289	1			6290		other	0
yc20	63	Sound	64	1483853	0	1			0		hit	101
yc20	63	Response	252	1489811	5958	2
yc20	64	Picture	3	1519514	0	2	2000	4	0	1920	other	0
yc20	65	Sound	63	1531504	0	2			0		hit	104
yc20	65	Response	252	1538621	7117	2
yc20	66	Picture	4	1566176	0	2	2000	4	0	1920	other	0
yc20	67	Sound	64	1578169	0	1			0		hit	107
yc20	67	Response	252	1583271	5102	1
yc20	68	Picture	2	1613672	0	1	2000	2	0	1920	other	0
yc20	69	Sound	62	1625671	0	1			0		hit	110
yc20	69	Response	251	1634333	8662	2
yc20	70	Picture	202	1660501	0	1	1999	3	0	1920	other	0
yc20	71	Sound	62	1672485	0	1			0		hit	113
yc20	71	Response	251	1683626	11141	1
yc20	72	Picture	101	1707329	0	2	2000	3	0	1920	other	0
yc20	73	Sound	61	1719328	0	2			0		hit	116
yc20	73	Response	251	1733687	14359	2
yc20	74	Picture	4	1754991	0	2	2000	3	0	1920	other	0
yc20	75	Sound	64	1766980	0	1			0		hit	119
yc20	75	Response	252	1773514	6534	1
yc20	76	Picture	212	1801320	0	1	2000	2	0	1920	other	0
yc20	76	Sound	51	1805949	4629	1			4630		other	0
yc20	77	Sound	62	1813315	0	1			0		hit	123
yc20	77	Response	251	1820054	6739	1
yc20	78	Picture	101	1848149	0	1	1999	3	0	1920	other	0
yc20	79	Sound	61	1860129	0	1			0		hit	126
yc20	79	Response	251	1868577	8448	1
yc20	80	Picture	1	1896144	0	1	2000	3	0	1920	other	0
yc20	81	Sound	61	1908140	0	1			0		hit	129
yc20	81	Response	251	1917471	9331	1
yc20	82	Picture	224	1943139	0	2	2000	3	0	1920	other	0
yc20	82	Sound	52	1949249	6110	1			6110		other	0
yc20	83	Sound	64	1955134	0	1			0		hit	133
yc20	83	Response	252	1963024	7890	1
yc20	84	Picture	13	1990301	0	2	2000	4	0	1920	other	0
yc20	84	Sound	51	1993710	3409	2			3410		other	0
yc20	85	Sound	63	2002276	0	2			0		hit	137
yc20	85	Response	252	2016128	13852	1
yc20	86	Picture	101	2037963	0	2	2000	3	0	1920	other	0
yc20	87	Sound	61	2049958	0	2			0		hit	140
yc20	87	Response	251	2056034	6076	1
yc20	88	Picture	2	2085459	0	1	1999	3	0	1920	other	0
yc20	89	Sound	62	2097431	0	1			0		hit	143
yc20	89	Response	251	2109287	11856	1
yc20	90	Picture	121	2133454	0	1	1999	3	0	1920	other	0
yc20	90	Sound	52	2139113	5659	1			5660		other	0
yc20	91	Sound	61	2145442	0	1			0		hit	147
yc20	91	Response	251	2155969	10527	2
yc20	92	Picture	202	2181116	0	1	1999	3	0	1920	other	0
yc20	93	Sound	62	2193094	0	1			0		hit	150
yc20	93	Response	251	2204089	10995	1
yc20	94	Picture	4	2228278	0	1	2000	2	0	1920	other	0
yc20	95	Sound	64	2240267	0	1			0		hit	153
yc20	95	Response	252	2249418	9151	1
yc20	96	Picture	3	2276106	0	2	2000	4	0	1920	other	0
yc20	97	Sound	63	2288098	0	1			0		hit	156
yc20	97	Response	252	2300663	12565	2
yc20	98	Picture	2	2322268	0	2	2000	4	0	1920	other	0
yc20	99	Sound	62	2334253	0	2			0		hit	159
yc20	99	Response	251	2345132	10879	1
yc20	100	Picture	222	2368764	0	1	2000	2	0	1920	other	0
yc20	100	Sound	52	2377033	8269	2			8270		other	0
yc20	101	Sound	62	2380738	0	1			0		hit	163
yc20	101	Response	251	2392513	11775	2
yc20	102	Picture	101	2414926	0	1	2000	2	0	1920	other	0
yc20	103	Sound	61	2426923	0	1			0		hit	166
yc20	103	Response	251	2432618	5695	1
yc20	104	Picture	103	2461754	0	2	2000	4	0	1920	other	0
yc20	105	Sound	63	2473737	0	1			0		hit	169
yc20	105	Response	252	2481002	7265	2
yc20	106	Picture	111	2509417	0	1	1999	3	0	1920	other	0
yc20	106	Sound	51	2512256	2839	1			2840		other	0
yc20	107	Sound	61	2521389	0	1			0		hit	173
yc20	107	Response	251	2535201	13812	1
yc20	108	Picture	204	2557245	0	2	2000	3	0	1920	other	0
yc20	109	Sound	64	2569220	0	2			0		hit	176
yc20	109	Response	252	2584169	14949	1
yc20	110	Picture	14	2604074	0	1	2000	2	0	1920	other	0
yc20	110	Sound	51	2608573	4499	1			4500		other	0
yc20	111	Sound	64	2616064	0	1			0		hit	180
yc20	111	Response	252	2623433	7369	2
yc20	112	Picture	3	2651069	0	2	2000	3	0	1920	other	0
yc20	113	Sound	63	2663057	0	2			0		hit	183
yc20	113	Response	252	2670549	7492	1
yc20	114	Picture	202	2698731	0	2	2000	3	0	1920	other	0
yc20	115	Sound	62	2710709	0	2			0		hit	186
yc20	115	Response	251	2718315	7606	1
yc20	116	Picture	3	2746226	0	2	2000	4	0	1920	other	0
yc20	117	Sound	63	2758211	0	2			0		hit	189
yc20	117	Response	252	2765916	7705	1
yc20	118	Picture	4	2792555	0	2	2000	3	0	1920	other	0
yc20	119	Sound	64	2804547	0	1			0		hit	192
yc20	119	Response	252	2815830	11283	1
yc20	120	Picture	113	2839051	0	1	1999	3	0	1920	other	0
yc20	120	Sound	51	2843960	4909	2			4910		other	0
yc20	121	Sound	63	2851031	0	1			0		hit	196
yc20	121	Response	252	2865050	14019	1
yc20	122	Picture	1	2887213	0	1	1999	3	0	1920	other	0
yc20	123	Sound	61	2899192	0	1			0		hit	199
yc20	123	Response	251	2909161	9969	1
yc20	124	Picture	21	2934874	0	2	2000	4	0	1920	other	0
yc20	124	Sound	52	2942593	7719	2			7720		other	0
yc20	125	Sound	61	2946874	0	1			0		hit	203
yc20	125	Response	251	2954747	7873	1
yc20	126	Picture	1	2982370	0	1	2000	2	0	1920	other	0
yc20	127	Sound	61	2994346	0	1			0		hit	206
yc20	127	Response	251	3006031	11685	1
yc20	128	Picture	214	3030032	0	1	1999	3	0	1920	other	0
yc20	128	Sound	51	3032571	2539	1			2540		other	0
yc20	129	Sound	64	3042028	0	1			0		hit	210
yc20	129	Response	252	3049186	7158	1
yc20	130	Picture	4	3077194	0	1	1999	3	0	1920	other	0
yc20	131	Sound	64	3089171	0	1			0		hit	213
yc20	131	Response	252	3097317	8146	2
yc20	132	Picture	202	3125356	0	1	1999	3	0	1920	other	0
yc20	133	Sound	62	3137331	0	2			0		hit	216
yc20	133	Response	251	3152743	15412	1
yc20	134	Response	253	3472606	300755	2


Event Type	Code	Type	Response	RT	RT Uncertainty	Time	Uncertainty	Duration	Uncertainty	ReqTime	ReqDur

Picture	10	other				27995	2	20165	3	0	20000
Picture	10	other				48327	1	40162	3	0	40000
Picture	10	other				88656	1	40163	2	0	40000
Nothing	91	other				128821	1			0
Picture	12	other				158982	2	2000	4	0	1920
Sound	51	other				164091	1			5110
Sound	62	hit	1	7130	2	170971	1			0
Picture	3	other				205644	2	2000	4	0	1920
Sound	63	hit	2	4712	2	217635	1			0
Picture	22	other				252973	2	2000	4	0	1920
Sound	52	other				261212	2			8240
Sound	62	hit	1	4515	2	264958	1			0
Picture	204	other				299135	2	2000	4	0	1920
Sound	64	hit	2	3716	2	311113	1			0
Picture	204	other				345631	1	2000	2	0	1920
Sound	64	hit	2	6176	3	357628	1			0
Picture	2	other				393126	1	2000	2	0	1920
Sound	62	hit	1	7208	2	405100	1			0
Picture	2	other				439788	1	2000	2	0	1920
Sound	62	hit	1	8320	2	451764	1			0
Picture	204	other				486117	1	1999	3	0	1920
Sound	64	hit	2	9236	2	498099	1			0
Picture	1	other				532445	2	2000	4	0	1920
Sound	61	hit	1	10012	3	544434	1			0
Picture	123	other				579608	1	1999	3	0	1920
Sound	52	other				586677	2			7070
Sound	63	hit	2	8492	2	591607	1			0
Picture	103	other				626103	1	2000	2	0	1920
Sound	63	hit	2	13615	3	638091	2			0
Picture	11	other				673431	2	2000	4	0	1920
Sound	51	other				678070	2			4640
Sound	61	hit	1	14100	3	685414	1			0
Picture	202	other				720593	2	2000	4	0	1920
Sound	62	hit	1	7925	2	732587	1			0
Picture	204	other				767589	1	2000	2	0	1920
Sound	64	hit	2	9137	3	779580	2			0
Picture	101	other				813751	1	2000	2	0	1920
Sound	61	hit	1	6046	2	825736	1			0
Picture	4	other				860413	1	2000	2	0	1920
Sound	64	hit	2	10037	3	872400	1			0
Picture	1	other				906742	1	2000	2	0	1920
Sound	61	hit	1	7758	4	918734	2			0
Picture	1	other				954070	2	2000	4	0	1920
Sound	61	hit	1	10822	3	966057	2			0
Picture	103	other				1001566	1	2000	2	0	1920
Sound	63	hit	2	8025	2	1013560	1			0
Picture	202	other				1048894	2	2000	3	0	1920
Sound	62	hit	1	9670	3	1060882	1			0
Picture	103	other				1095223	2	2000	4	0	1920
Sound	63	hit	2	21412	2	1107217	1			0
Picture	2	other				1141552	1	2000	2	0	1920
Sound	62	hit	1	5451	3	1153552	1			0
Picture	204	other				1189547	2	2000	3	0	1920
Sound	64	hit	2	4856	2	1201533	1			0
Picture	103	other				1236209	2	2000	3	0	1920
Sound	63	hit	2	5456	3	1248197	2			0
Picture	101	other				1283371	2	2000	3	0	1920
Sound	61	hit	1	3644	2	1295370	1			0
Picture	3	other				1330367	1	1999	3	0	1920
Sound	63	hit	2	5999	2	1342364	1			0
Picture	103	other				1377362	1	2000	2	0	1920
Sound	63	hit	2	5860	2	1389357	1			0
Picture	23	other				1424024	1	2000	2	0	1920
Sound	52	other				1430443	1			6420
Sound	63	hit	2	5207	2	1436021	1			0
Picture	24	other				1471853	1	1999	3	0	1920
Sound	52	other				1478142	1			6290
Sound	64	hit	2	5958	3	1483853	1			0
Picture	3	other				1519514	2	2000	4	0	1920
Sound	63	hit	2	7117	4	1531504	2			0
Picture	4	other				1566176	2	2000	4	0	1920
Sound	64	hit	2	5102	2	1578169	1			0
Picture	2	other				1613672	1	2000	2	0	1920
Sound	62	hit	1	8662	3	1625671	1			0
Picture	202	other				1660501	1	1999	3	0	1920
Sound	62	hit	1	11141	2	1672485	1			0
Picture	101	other				1707329	2	2000	3	0	1920
Sound	61	hit	1	14359	4	1719328	2			0
Picture	4	other				1754991	2	2000	3	0	1920
Sound	64	hit	2	6534	2	1766980	1			0
Picture	212	other				1801320	1	2000	2	0	1920
Sound	51	other				1805949	1			4630
Sound	62	hit	1	6739	2	1813315	1			0
Picture	101	other				1848149	1	1999	3	0	1920
Sound	61	hit	1	8448	2	1860129	1			0
Picture	1	other				1896144	1	2000	3	0	1920
Sound	61	hit	1	9331	2	1908140	1			0
Picture	224	other				1943139	2	2000	3	0	1920
Sound	52	other				1949249	1			6110
Sound	64	hit	2	7890	2	1955134	1			0
Picture	13	other				1990301	2	2000	4	0	1920
Sound	51	other				1993710	2			3410
Sound	63	hit	2	13852	3	2002276	2			0
Picture	101	other				2037963	2	2000	3	0	1920
Sound	61	hit	1	6076	3	2049958	2			0
Picture	2	other				2085459	1	1999	3	0	1920
Sound	62	hit	1	11856	2	2097431	1			0
Picture	121	other				2133454	1	1999	3	0	1920
Sound	52	other				2139113	1			5660
Sound	61	hit	1	10527	3	2145442	1			0
Picture	202	other				2181116	1	1999	3	0	1920
Sound	62	hit	1	10995	2	2193094	1			0
Picture	4	other				2228278	1	2000	2	0	1920
Sound	64	hit	2	9151	2	2240267	1			0
Picture	3	other				2276106	2	2000	4	0	1920
Sound	63	hit	2	12565	3	2288098	1			0
Picture	2	other				2322268	2	2000	4	0	1920
Sound	62	hit	1	10879	3	2334253	2			0
Picture	222	other				2368764	1	2000	2	0	1920
Sound	52	other				2377033	2			8270
Sound	62	hit	1	11775	3	2380738	1			0
Picture	101	other				2414926	1	2000	2	0	1920
Sound	61	hit	1	5695	2	2426923	1			0
Picture	103	other				2461754	2	2000	4	0	1920
Sound	63	hit	2	7265	3	2473737	1			0
Picture	111	other				2509417	1	1999	3	0	1920
Sound	51	other				2512256	1			2840
Sound	61	hit	1	13812	2	2521389	1			0
Picture	204	other				2557245	2	2000	3	0	1920
Sound	64	hit	2	14949	3	2569220	2			0
Picture	14	other				2604074	1	2000	2	0	1920
Sound	51	other				2608573	1			4500
Sound	64	hit	2	7369	3	2616064	1			0
Picture	3	other				2651069	2	2000	3	0	1920
Sound	63	hit	2	7492	3	2663057	2			0
Picture	202	other				2698731	2	2000	3	0	1920
Sound	62	hit	1	7606	3	2710709	2			0
Picture	3	other				2746226	2	2000	4	0	1920
Sound	63	hit	2	7705	3	2758211	2			0
Picture	4	other				2792555	2	2000	3	0	1920
Sound	64	hit	2	11283	2	2804547	1			0
Picture	113	other				2839051	1	1999	3	0	1920
Sound	51	other				2843960	2			4910
Sound	63	hit	2	14019	2	2851031	1			0
Picture	1	other				2887213	1	1999	3	0	1920
Sound	61	hit	1	9969	2	2899192	1			0
Picture	21	other				2934874	2	2000	4	0	1920
Sound	52	other				2942593	2			7720
Sound	61	hit	1	7873	2	2946874	1			0
Picture	1	other				2982370	1	2000	2	0	1920
Sound	61	hit	1	11685	2	2994346	1			0
Picture	214	other				3030032	1	1999	3	0	1920
Sound	51	other				3032571	1			2540
Sound	64	hit	2	7158	2	3042028	1			0
Picture	4	other				3077194	1	1999	3	0	1920
Sound	64	hit	2	8146	3	3089171	1			0
Picture	202	other				3125356	1	1999	3	0	1920
Sound	62	hit	1	15412	3	3137331	2			0
