Scenario - 17_March_2015
Logfile written - 02/03/2017 15:51:02

Subject	Trial	Event Type	Code	Time	TTime	Uncertainty	Duration	Uncertainty	ReqTime	ReqDur	Stim Type	Pair Index

yc20	1	Response	253	108372	118205	1
yc20	2	Picture	10	108487	0	2	20165	4	0	20000	other	0
yc20	3	Picture	10	128819	0	1	40162	3	0	40000	other	0
yc20	3	Response	251	146386	17567	2
yc20	4	Picture	10	169148	0	2	40163	3	0	40000	other	0
yc20	4	Response	252	182723	13575	1
yc20	5	Nothing	91	209313	0	1			0		other	0
yc20	6	Picture	1	239474	0	2	2000	4	0	1920	other	0
yc20	7	Sound	61	251458	0	2			0		hit	10
yc20	7	Response	251	260144	8686	1
yc20	8	Picture	123	286970	0	1	2000	2	0	1920	other	0
yc20	8	Sound	52	292769	5799	1			5800		other	0
yc20	9	Sound	63	298961	0	1			0		hit	14
yc20	9	Response	252	305602	6641	1
yc20	10	Picture	101	334798	0	2	2000	4	0	1920	other	0
yc20	11	Sound	61	346792	0	1			0		hit	17
yc20	11	Response	251	354349	7557	1
yc20	12	Picture	204	381960	0	2	2000	3	0	1920	other	0
yc20	13	Sound	64	393935	0	1			0		hit	20
yc20	13	Response	252	398364	4429	1
yc20	14	Picture	3	428956	0	1	2000	2	0	1920	other	0
yc20	15	Sound	63	440929	0	1			0		hit	23
yc20	15	Response	252	448167	7238	1
yc20	16	Picture	2	475784	0	2	2000	4	0	1920	other	0
yc20	17	Sound	62	487772	0	2			0		hit	26
yc20	17	Response	251	495934	8162	1
yc20	18	Picture	202	522113	0	2	2000	3	0	1920	other	0
yc20	19	Sound	62	534107	0	1			0		hit	29
yc20	19	Response	251	544059	9952	1
yc20	20	Picture	212	568275	0	2	2000	4	0	1920	other	0
yc20	20	Sound	51	573665	5390	1			5390		other	0
yc20	21	Sound	62	580262	0	2			0		hit	33
yc20	21	Response	251	585933	5671	2
yc20	22	Picture	21	615604	0	2	2000	3	0	1920	other	0
yc20	22	Sound	52	622723	7119	2			7120		other	0
yc20	23	Sound	61	627585	0	1			0		hit	37
yc20	23	Response	251	634824	7239	1
yc20	24	Picture	101	662099	0	2	2000	4	0	1920	other	0
yc20	25	Sound	61	674070	0	1			0		hit	40
yc20	25	Response	251	685985	11915	1
yc20	26	Picture	2	709262	0	1	1999	3	0	1920	other	0
yc20	27	Sound	62	721243	0	1			0		hit	43
yc20	27	Response	251	726778	5535	1
yc20	28	Picture	4	755757	0	1	2000	2	0	1920	other	0
yc20	29	Sound	64	767757	0	1			0		hit	46
yc20	29	Response	252	775182	7425	2
yc20	30	Picture	2	802752	0	2	2000	3	0	1920	other	0
yc20	31	Sound	62	814751	0	1			0		hit	49
yc20	31	Response	251	825567	10816	2
yc20	32	Picture	23	850414	0	2	2000	3	0	1920	other	0
yc20	32	Sound	52	856263	5849	1			5850		other	0
yc20	33	Sound	63	862402	0	2			0		hit	53
yc20	33	Response	252	869269	6867	2
yc20	34	Picture	4	898076	0	2	2000	3	0	1920	other	0
yc20	35	Sound	64	910054	0	2			0		hit	56
yc20	35	Response	252	915884	5830	2
yc20	36	Picture	113	945238	0	1	2000	2	0	1920	other	0
yc20	36	Sound	51	948617	3379	2			3380		other	0
yc20	37	Sound	63	957228	0	1			0		hit	60
yc20	37	Response	252	961807	4579	1
yc20	38	Picture	4	992067	0	1	2000	2	0	1920	other	0
yc20	39	Sound	64	1004041	0	1			0		hit	63
yc20	39	Response	252	1012140	8099	2
yc20	40	Picture	101	1038229	0	1	2000	2	0	1920	other	0
yc20	41	Sound	61	1050226	0	2			0		hit	66
yc20	41	Response	251	1061639	11413	1
yc20	42	Picture	2	1084891	0	1	2000	2	0	1920	other	0
yc20	43	Sound	62	1096890	0	2			0		hit	69
yc20	43	Response	251	1108747	11857	2
yc20	44	Picture	103	1132220	0	1	1999	3	0	1920	other	0
yc20	45	Sound	63	1144213	0	1			0		hit	72
yc20	45	Response	252	1151371	7158	1
yc20	46	Picture	202	1179215	0	1	2000	2	0	1920	other	0
yc20	47	Sound	62	1191206	0	2			0		hit	75
yc20	47	Response	251	1200681	9475	1
yc20	48	Picture	101	1226210	0	2	2000	3	0	1920	other	0
yc20	49	Sound	61	1238200	0	1			0		hit	78
yc20	49	Response	251	1248820	10620	1
yc20	50	Picture	103	1273706	0	1	1999	3	0	1920	other	0
yc20	51	Sound	63	1285702	0	1			0		hit	81
yc20	51	Response	252	1294170	8468	2
yc20	52	Picture	24	1320868	0	1	1999	3	0	1920	other	0
yc20	52	Sound	52	1329017	8149	2			8150		other	0
yc20	53	Sound	64	1332845	0	1			0		hit	85
yc20	53	Response	252	1340835	7990	2
yc20	54	Picture	1	1367363	0	1	2000	2	0	1920	other	0
yc20	55	Sound	61	1379360	0	1			0		hit	88
yc20	55	Response	251	1386760	7400	1
yc20	56	Picture	202	1414025	0	2	2000	3	0	1920	other	0
yc20	57	Sound	62	1426024	0	1			0		hit	91
yc20	57	Response	251	1437346	11322	2
yc20	58	Picture	101	1461520	0	2	2000	4	0	1920	other	0
yc20	59	Sound	61	1473496	0	1			0		hit	94
yc20	59	Response	251	1483083	9587	1
yc20	60	Picture	204	1508682	0	2	2000	4	0	1920	other	0
yc20	61	Sound	64	1520669	0	1			0		hit	97
yc20	61	Response	252	1529474	8805	1
yc20	62	Picture	224	1556011	0	2	2000	3	0	1920	other	0
yc20	62	Sound	52	1563990	7979	1			7980		other	0
yc20	63	Sound	64	1567992	0	1			0		hit	101
yc20	63	Response	252	1577619	9627	1
yc20	64	Picture	103	1603506	0	2	2000	3	0	1920	other	0
yc20	65	Sound	63	1615494	0	1			0		hit	104
yc20	65	Response	252	1624582	9088	1
yc20	66	Picture	3	1650502	0	1	1999	3	0	1920	other	0
yc20	67	Sound	63	1662487	0	2			0		hit	107
yc20	67	Response	252	1668856	6369	1
yc20	68	Picture	1	1698497	0	2	2000	3	0	1920	other	0
yc20	69	Sound	61	1710469	0	1			0		hit	110
yc20	69	Response	251	1721622	11153	1
yc20	70	Picture	12	1745992	0	2	2000	4	0	1920	other	0
yc20	70	Sound	51	1750331	4339	2			4340		other	0
yc20	71	Sound	62	1757971	0	1			0		hit	114
yc20	71	Response	251	1776485	18514	2
yc20	72	Picture	4	1792321	0	1	2000	2	0	1920	other	0
yc20	73	Sound	64	1804306	0	1			0		hit	117
yc20	73	Response	252	1811864	7558	1
yc20	74	Picture	13	1838650	0	1	2000	2	0	1920	other	0
yc20	74	Sound	51	1841789	3139	2			3140		other	0
yc20	75	Sound	63	1850641	0	1			0		hit	121
yc20	75	Response	252	1857105	6464	1
yc20	76	Picture	204	1885312	0	1	2000	2	0	1920	other	0
yc20	77	Sound	64	1897305	0	1			0		hit	124
yc20	77	Response	252	1908074	10769	1
yc20	78	Picture	222	1932806	0	3	2001	4	0	1920	other	0
yc20	78	Sound	52	1939265	6459	1			6460		other	0
yc20	79	Sound	62	1944777	0	1			0		hit	128
yc20	79	Response	251	1954648	9871	2
yc20	80	Picture	3	1979469	0	2	2000	3	0	1920	other	0
yc20	81	Sound	63	1991441	0	2			0		incorrect	131
yc20	81	Response	251	2012629	21188	1
yc20	82	Picture	202	2026965	0	1	1999	3	0	1920	other	0
yc20	83	Sound	62	2038943	0	2			0		hit	134
yc20	83	Response	251	2053208	14265	1
yc20	84	Picture	204	2073460	0	2	2000	3	0	1920	other	0
yc20	85	Sound	64	2085458	0	1			0		hit	137
yc20	85	Response	252	2092913	7455	1
yc20	86	Picture	2	2119789	0	1	1999	3	0	1920	other	0
yc20	87	Sound	62	2131763	0	1			0		incorrect	140
yc20	87	Response	252	2154773	23010	1
yc20	88	Picture	121	2165951	0	1	2000	2	0	1920	other	0
yc20	88	Sound	52	2174190	8239	1			8240		other	0
yc20	89	Sound	61	2177948	0	1			0		incorrect	144
yc20	89	Response	252	2192151	14203	1
yc20	90	Picture	202	2213613	0	1	2000	2	0	1920	other	0
yc20	91	Sound	62	2225600	0	1			0		hit	147
yc20	91	Response	251	2233548	7948	1
yc20	92	Picture	1	2261441	0	2	2000	3	0	1920	other	0
yc20	93	Sound	61	2273431	0	2			0		hit	150
yc20	93	Response	251	2280001	6570	2
yc20	94	Picture	11	2309270	0	1	2000	2	0	1920	other	0
yc20	94	Sound	51	2313839	4569	2			4570		other	0
yc20	95	Sound	61	2321263	0	1			0		hit	154
yc20	95	Response	251	2327600	6337	1
yc20	96	Picture	3	2356099	0	1	1999	3	0	1920	other	0
yc20	97	Sound	63	2368077	0	1			0		hit	157
yc20	97	Response	252	2382731	14654	1
yc20	98	Picture	14	2403927	0	2	2000	3	0	1920	other	0
yc20	98	Sound	51	2407586	3659	1			3660		other	0
yc20	99	Sound	64	2415908	0	1			0		hit	161
yc20	99	Response	252	2425785	9877	1
yc20	100	Picture	4	2450089	0	2	2000	4	0	1920	other	0
yc20	101	Sound	64	2462064	0	1			0		incorrect	164
yc20	101	Response	251	2484507	22443	1
yc20	102	Picture	204	2498084	0	2	2000	4	0	1920	other	0
yc20	103	Sound	64	2510075	0	1			0		incorrect	167
yc20	103	Response	251	2517459	7384	1
yc20	104	Picture	214	2545580	0	1	2000	2	0	1920	other	0
yc20	104	Sound	51	2549739	4159	2			4160		other	0
yc20	105	Sound	64	2557577	0	1			0		hit	171
yc20	105	Response	252	2566533	8956	1
yc20	106	Picture	22	2592242	0	1	2000	2	0	1920	other	0
yc20	106	Sound	52	2599121	6879	2			6880		other	0
yc20	107	Sound	62	2604241	0	1			0		hit	175
yc20	107	Response	251	2613252	9011	2
yc20	108	Picture	3	2639570	0	2	2000	4	0	1920	other	0
yc20	109	Sound	63	2651564	0	1			0		hit	178
yc20	109	Response	252	2672636	21072	1
yc20	110	Picture	1	2687066	0	1	2000	2	0	1920	other	0
yc20	111	Sound	61	2699066	0	1			0		hit	181
yc20	111	Response	251	2708480	9414	1
yc20	112	Picture	101	2733395	0	1	1999	3	0	1920	other	0
yc20	113	Sound	61	2745371	0	1			0		hit	184
yc20	113	Response	251	2756107	10736	1
yc20	114	Picture	111	2780890	0	1	2000	2	0	1920	other	0
yc20	114	Sound	51	2783489	2599	2			2600		other	0
yc20	115	Sound	61	2792873	0	1			0		hit	188
yc20	115	Response	251	2801662	8789	1
yc20	116	Picture	204	2828552	0	2	2000	3	0	1920	other	0
yc20	117	Sound	64	2840525	0	1			0		hit	191
yc20	117	Response	252	2858296	17771	1
yc20	118	Picture	1	2875047	0	2	2000	3	0	1920	other	0
yc20	119	Sound	61	2887040	0	1			0		hit	194
yc20	119	Response	251	2903278	16238	1
yc20	120	Picture	4	2922209	0	2	2000	3	0	1920	other	0
yc20	121	Sound	64	2934182	0	2			0		hit	197
yc20	121	Response	252	2956700	22518	1
yc20	122	Picture	103	2969204	0	2	2000	4	0	1920	other	0
yc20	123	Sound	63	2981176	0	1			0		hit	200
yc20	123	Response	252	2990788	9612	1
yc20	124	Picture	103	3017200	0	1	2000	2	0	1920	other	0
yc20	125	Sound	63	3029187	0	1			0		hit	203
yc20	125	Response	252	3057645	28458	2
yc20	126	Picture	3	3065028	0	2	2000	4	0	1920	other	0
yc20	127	Sound	63	3077018	0	2			0		hit	206
yc20	127	Response	252	3084800	7782	1
yc20	128	Picture	2	3112690	0	2	2000	4	0	1920	other	0
yc20	129	Sound	62	3124670	0	2			0		hit	209
yc20	129	Response	251	3132335	7665	1
yc20	130	Picture	103	3160852	0	2	2000	3	0	1920	other	0
yc20	131	Sound	63	3172831	0	1			0		hit	212
yc20	131	Response	252	3187834	15003	1
yc20	132	Picture	202	3208847	0	2	2000	4	0	1920	other	0
yc20	133	Sound	62	3220842	0	1			0		hit	215
yc20	133	Response	251	3227314	6472	1
yc20	134	Response	253	3611229	354720	2


Event Type	Code	Type	Response	RT	RT Uncertainty	Time	Uncertainty	Duration	Uncertainty	ReqTime	ReqDur

Picture	10	other				108487	2	20165	4	0	20000
Picture	10	other				128819	1	40162	3	0	40000
Picture	10	other				169148	2	40163	3	0	40000
Nothing	91	other				209313	1			0
Picture	1	other				239474	2	2000	4	0	1920
Sound	61	hit	1	8686	3	251458	2			0
Picture	123	other				286970	1	2000	2	0	1920
Sound	52	other				292769	1			5800
Sound	63	hit	2	6641	2	298961	1			0
Picture	101	other				334798	2	2000	4	0	1920
Sound	61	hit	1	7557	2	346792	1			0
Picture	204	other				381960	2	2000	3	0	1920
Sound	64	hit	2	4429	2	393935	1			0
Picture	3	other				428956	1	2000	2	0	1920
Sound	63	hit	2	7238	2	440929	1			0
Picture	2	other				475784	2	2000	4	0	1920
Sound	62	hit	1	8162	3	487772	2			0
Picture	202	other				522113	2	2000	3	0	1920
Sound	62	hit	1	9952	2	534107	1			0
Picture	212	other				568275	2	2000	4	0	1920
Sound	51	other				573665	1			5390
Sound	62	hit	1	5671	4	580262	2			0
Picture	21	other				615604	2	2000	3	0	1920
Sound	52	other				622723	2			7120
Sound	61	hit	1	7239	2	627585	1			0
Picture	101	other				662099	2	2000	4	0	1920
Sound	61	hit	1	11915	2	674070	1			0
Picture	2	other				709262	1	1999	3	0	1920
Sound	62	hit	1	5535	2	721243	1			0
Picture	4	other				755757	1	2000	2	0	1920
Sound	64	hit	2	7425	3	767757	1			0
Picture	2	other				802752	2	2000	3	0	1920
Sound	62	hit	1	10816	3	814751	1			0
Picture	23	other				850414	2	2000	3	0	1920
Sound	52	other				856263	1			5850
Sound	63	hit	2	6867	4	862402	2			0
Picture	4	other				898076	2	2000	3	0	1920
Sound	64	hit	2	5830	4	910054	2			0
Picture	113	other				945238	1	2000	2	0	1920
Sound	51	other				948617	2			3380
Sound	63	hit	2	4579	2	957228	1			0
Picture	4	other				992067	1	2000	2	0	1920
Sound	64	hit	2	8099	3	1004041	1			0
Picture	101	other				1038229	1	2000	2	0	1920
Sound	61	hit	1	11413	3	1050226	2			0
Picture	2	other				1084891	1	2000	2	0	1920
Sound	62	hit	1	11857	4	1096890	2			0
Picture	103	other				1132220	1	1999	3	0	1920
Sound	63	hit	2	7158	2	1144213	1			0
Picture	202	other				1179215	1	2000	2	0	1920
Sound	62	hit	1	9475	3	1191206	2			0
Picture	101	other				1226210	2	2000	3	0	1920
Sound	61	hit	1	10620	2	1238200	1			0
Picture	103	other				1273706	1	1999	3	0	1920
Sound	63	hit	2	8468	3	1285702	1			0
Picture	24	other				1320868	1	1999	3	0	1920
Sound	52	other				1329017	2			8150
Sound	64	hit	2	7990	3	1332845	1			0
Picture	1	other				1367363	1	2000	2	0	1920
Sound	61	hit	1	7400	2	1379360	1			0
Picture	202	other				1414025	2	2000	3	0	1920
Sound	62	hit	1	11322	3	1426024	1			0
Picture	101	other				1461520	2	2000	4	0	1920
Sound	61	hit	1	9587	2	1473496	1			0
Picture	204	other				1508682	2	2000	4	0	1920
Sound	64	hit	2	8805	2	1520669	1			0
Picture	224	other				1556011	2	2000	3	0	1920
Sound	52	other				1563990	1			7980
Sound	64	hit	2	9627	2	1567992	1			0
Picture	103	other				1603506	2	2000	3	0	1920
Sound	63	hit	2	9088	2	1615494	1			0
Picture	3	other				1650502	1	1999	3	0	1920
Sound	63	hit	2	6369	3	1662487	2			0
Picture	1	other				1698497	2	2000	3	0	1920
Sound	61	hit	1	11153	2	1710469	1			0
Picture	12	other				1745992	2	2000	4	0	1920
Sound	51	other				1750331	2			4340
Sound	62	hit	1	18514	3	1757971	1			0
Picture	4	other				1792321	1	2000	2	0	1920
Sound	64	hit	2	7558	2	1804306	1			0
Picture	13	other				1838650	1	2000	2	0	1920
Sound	51	other				1841789	2			3140
Sound	63	hit	2	6464	2	1850641	1			0
Picture	204	other				1885312	1	2000	2	0	1920
Sound	64	hit	2	10769	2	1897305	1			0
Picture	222	other				1932806	3	2001	4	0	1920
Sound	52	other				1939265	1			6460
Sound	62	hit	1	9871	3	1944777	1			0
Picture	3	other				1979469	2	2000	3	0	1920
Sound	63	incorrect	1	21188	3	1991441	2			0
Picture	202	other				2026965	1	1999	3	0	1920
Sound	62	hit	1	14265	3	2038943	2			0
Picture	204	other				2073460	2	2000	3	0	1920
Sound	64	hit	2	7455	2	2085458	1			0
Picture	2	other				2119789	1	1999	3	0	1920
Sound	62	incorrect	2	23010	2	2131763	1			0
Picture	121	other				2165951	1	2000	2	0	1920
Sound	52	other				2174190	1			8240
Sound	61	incorrect	2	14203	2	2177948	1			0
Picture	202	other				2213613	1	2000	2	0	1920
Sound	62	hit	1	7948	2	2225600	1			0
Picture	1	other				2261441	2	2000	3	0	1920
Sound	61	hit	1	6570	4	2273431	2			0
Picture	11	other				2309270	1	2000	2	0	1920
Sound	51	other				2313839	2			4570
Sound	61	hit	1	6337	2	2321263	1			0
Picture	3	other				2356099	1	1999	3	0	1920
Sound	63	hit	2	14654	2	2368077	1			0
Picture	14	other				2403927	2	2000	3	0	1920
Sound	51	other				2407586	1			3660
Sound	64	hit	2	9877	2	2415908	1			0
Picture	4	other				2450089	2	2000	4	0	1920
Sound	64	incorrect	1	22443	2	2462064	1			0
Picture	204	other				2498084	2	2000	4	0	1920
Sound	64	incorrect	1	7384	2	2510075	1			0
Picture	214	other				2545580	1	2000	2	0	1920
Sound	51	other				2549739	2			4160
Sound	64	hit	2	8956	2	2557577	1			0
Picture	22	other				2592242	1	2000	2	0	1920
Sound	52	other				2599121	2			6880
Sound	62	hit	1	9011	3	2604241	1			0
Picture	3	other				2639570	2	2000	4	0	1920
Sound	63	hit	2	21072	2	2651564	1			0
Picture	1	other				2687066	1	2000	2	0	1920
Sound	61	hit	1	9414	2	2699066	1			0
Picture	101	other				2733395	1	1999	3	0	1920
Sound	61	hit	1	10736	2	2745371	1			0
Picture	111	other				2780890	1	2000	2	0	1920
Sound	51	other				2783489	2			2600
Sound	61	hit	1	8789	2	2792873	1			0
Picture	204	other				2828552	2	2000	3	0	1920
Sound	64	hit	2	17771	2	2840525	1			0
Picture	1	other				2875047	2	2000	3	0	1920
Sound	61	hit	1	16238	2	2887040	1			0
Picture	4	other				2922209	2	2000	3	0	1920
Sound	64	hit	2	22518	3	2934182	2			0
Picture	103	other				2969204	2	2000	4	0	1920
Sound	63	hit	2	9612	2	2981176	1			0
Picture	103	other				3017200	1	2000	2	0	1920
Sound	63	hit	2	28458	3	3029187	1			0
Picture	3	other				3065028	2	2000	4	0	1920
Sound	63	hit	2	7782	3	3077018	2			0
Picture	2	other				3112690	2	2000	4	0	1920
Sound	62	hit	1	7665	3	3124670	2			0
Picture	103	other				3160852	2	2000	3	0	1920
Sound	63	hit	2	15003	2	3172831	1			0
Picture	202	other				3208847	2	2000	4	0	1920
Sound	62	hit	1	6472	2	3220842	1			0
