Scenario - 17_March_2015
Logfile written - 06/03/2016 15:25:44

Subject	Trial	Event Type	Code	Time	TTime	Uncertainty	Duration	Uncertainty	ReqTime	ReqDur	Stim Type	Pair Index

fp2	1	Response	253	9873	19706	1
fp2	2	Picture	10	9997	0	2	20165	3	0	20000	other	0
fp2	3	Picture	10	30328	0	2	40163	4	0	40000	other	0
fp2	3	Response	251	45292	14964	1
fp2	4	Picture	10	70658	0	1	40162	2	0	40000	other	0
fp2	4	Response	252	84118	13460	1
fp2	5	Nothing	91	110822	0	1			0		other	0
fp2	6	Picture	204	140984	0	1	2000	2	0	1920	other	0
fp2	7	Sound	64	152981	0	2			0		hit	10
fp2	7	Response	252	157970	4989	2
fp2	8	Picture	202	187645	0	2	2000	4	0	1920	other	0
fp2	9	Sound	62	199615	0	2			0		hit	13
fp2	9	Response	251	205284	5669	1
fp2	10	Picture	111	235474	0	1	2000	2	0	1920	other	0
fp2	10	Sound	51	239573	4099	1			4100		other	0
fp2	11	Sound	61	247447	0	1			0		hit	17
fp2	11	Response	251	260900	13453	1
fp2	12	Picture	204	281636	0	1	1999	3	0	1920	other	0
fp2	13	Sound	64	293632	0	1			0		hit	20
fp2	13	Response	252	298571	4939	2
fp2	14	Picture	113	329631	0	2	2000	3	0	1920	other	0
fp2	14	Sound	51	334470	4839	2			4840		other	0
fp2	15	Sound	63	341613	0	1			0		hit	24
fp2	15	Response	252	345655	4042	2
fp2	16	Picture	202	376460	0	1	2000	2	0	1920	other	0
fp2	17	Sound	62	388456	0	2			0		hit	27
fp2	17	Response	251	393629	5173	2
fp2	18	Picture	12	423788	0	2	2000	3	0	1920	other	0
fp2	18	Sound	51	427527	3739	2			3740		other	0
fp2	19	Sound	62	435779	0	1			0		hit	31
fp2	19	Response	251	443493	7714	1
fp2	20	Picture	4	470283	0	2	2000	4	0	1920	other	0
fp2	21	Sound	64	482263	0	2			0		hit	34
fp2	21	Response	252	485991	3728	1
fp2	22	Picture	4	517945	0	2	2000	4	0	1920	other	0
fp2	23	Sound	64	529945	0	1			0		hit	37
fp2	23	Response	252	534089	4144	1
fp2	24	Picture	23	565274	0	1	2000	2	0	1920	other	0
fp2	24	Sound	52	571423	6149	2			6150		other	0
fp2	25	Sound	63	577268	0	1			0		hit	41
fp2	25	Response	252	582210	4942	1
fp2	26	Picture	3	612769	0	1	2000	2	0	1920	other	0
fp2	27	Sound	63	624740	0	1			0		hit	44
fp2	27	Response	252	629191	4451	1
fp2	28	Picture	1	659264	0	2	2000	3	0	1920	other	0
fp2	29	Sound	61	671254	0	1			0		hit	47
fp2	29	Response	251	676398	5144	1
fp2	30	Picture	2	705593	0	1	1999	3	0	1920	other	0
fp2	31	Sound	62	717589	0	1			0		hit	50
fp2	31	Response	251	724513	6924	2
fp2	32	Picture	101	752588	0	1	2000	2	0	1920	other	0
fp2	33	Sound	61	764582	0	1			0		hit	53
fp2	33	Response	251	775676	11094	1
fp2	34	Picture	4	798750	0	1	2000	2	0	1920	other	0
fp2	35	Sound	64	810737	0	1			0		hit	56
fp2	35	Response	252	815170	4433	2
fp2	36	Picture	4	846078	0	2	2000	4	0	1920	other	0
fp2	37	Sound	64	858060	0	1			0		hit	59
fp2	37	Response	252	862588	4528	1
fp2	38	Picture	1	893073	0	2	2000	4	0	1920	other	0
fp2	39	Sound	61	905053	0	1			0		hit	62
fp2	39	Response	251	909948	4895	1
fp2	40	Picture	1	939569	0	1	2000	2	0	1920	other	0
fp2	41	Sound	61	951567	0	2			0		hit	65
fp2	41	Response	251	957814	6247	1
fp2	42	Picture	101	986897	0	2	2000	3	0	1920	other	0
fp2	43	Sound	61	998890	0	1			0		hit	68
fp2	43	Response	251	1004909	6019	2
fp2	44	Picture	101	1033726	0	1	2000	2	0	1920	other	0
fp2	45	Sound	61	1045703	0	2			0		hit	71
fp2	45	Response	251	1052066	6363	2
fp2	46	Picture	2	1079888	0	2	1999	4	0	1920	other	0
fp2	47	Sound	62	1091859	0	1			0		hit	74
fp2	47	Response	251	1098221	6362	2
fp2	48	Picture	204	1126216	0	2	2000	4	0	1920	other	0
fp2	49	Sound	64	1138193	0	2			0		hit	77
fp2	49	Response	252	1142242	4049	2
fp2	50	Picture	24	1172878	0	2	2000	4	0	1920	other	0
fp2	50	Sound	52	1179897	7019	2			7020		other	0
fp2	51	Sound	64	1184857	0	2			0		hit	81
fp2	51	Response	252	1191720	6863	1
fp2	52	Picture	4	1219374	0	1	1999	3	0	1920	other	0
fp2	53	Sound	64	1231372	0	1			0		hit	84
fp2	53	Response	252	1236927	5555	1
fp2	54	Picture	224	1267202	0	2	2000	3	0	1920	other	0
fp2	54	Sound	52	1272931	5729	1			5730		other	0
fp2	55	Sound	64	1279173	0	1			0		hit	88
fp2	55	Response	252	1284419	5246	1
fp2	56	Picture	1	1314364	0	1	2000	2	0	1920	other	0
fp2	57	Sound	61	1326346	0	1			0		hit	91
fp2	57	Response	251	1331600	5254	2
fp2	58	Picture	212	1361526	0	1	2000	2	0	1920	other	0
fp2	58	Sound	51	1364635	3109	1			3110		other	0
fp2	59	Sound	62	1373519	0	1			0		hit	95
fp2	59	Response	251	1379760	6241	2
fp2	60	Picture	13	1409188	0	1	1999	3	0	1920	other	0
fp2	60	Sound	51	1412887	3699	2			3700		other	0
fp2	61	Sound	63	1421171	0	1			0		hit	99
fp2	61	Response	252	1425891	4720	1
fp2	62	Picture	202	1455683	0	1	2000	2	0	1920	other	0
fp2	63	Sound	62	1467655	0	1			0		hit	102
fp2	63	Response	251	1476053	8398	1
fp2	64	Picture	204	1503011	0	2	2000	4	0	1920	other	0
fp2	65	Sound	64	1515007	0	2			0		hit	105
fp2	65	Response	252	1520515	5508	1
fp2	66	Picture	1	1549507	0	1	1999	3	0	1920	other	0
fp2	67	Sound	61	1561492	0	1			0		hit	108
fp2	67	Response	251	1566559	5067	1
fp2	68	Picture	22	1595835	0	2	2000	3	0	1920	other	0
fp2	68	Sound	52	1601924	6089	2			6090		other	0
fp2	69	Sound	62	1607827	0	1			0		hit	112
fp2	69	Response	251	1613148	5321	1
fp2	70	Picture	123	1643164	0	1	1999	3	0	1920	other	0
fp2	70	Sound	52	1650834	7670	1			7670		other	0
fp2	71	Sound	63	1655149	0	1			0		hit	116
fp2	71	Response	252	1663948	8799	1
fp2	72	Picture	2	1690492	0	2	2000	3	0	1920	other	0
fp2	73	Sound	62	1702472	0	1			0		hit	119
fp2	73	Response	251	1710892	8420	1
fp2	74	Picture	103	1736987	0	2	2000	3	0	1920	other	0
fp2	75	Sound	63	1748986	0	1			0		hit	122
fp2	75	Response	252	1755126	6140	1
fp2	76	Picture	204	1783483	0	1	1999	3	0	1920	other	0
fp2	77	Sound	64	1795471	0	1			0		hit	125
fp2	77	Response	252	1802345	6874	1
fp2	78	Picture	214	1831311	0	2	2000	3	0	1920	other	0
fp2	78	Sound	51	1835580	4269	2			4270		other	0
fp2	79	Sound	64	1843302	0	1			0		hit	129
fp2	79	Response	252	1848728	5426	1
fp2	80	Picture	202	1878806	0	2	2000	3	0	1920	other	0
fp2	81	Sound	62	1890804	0	1			0		hit	132
fp2	81	Response	251	1896765	5961	1
fp2	82	Picture	101	1926635	0	1	1999	3	0	1920	other	0
fp2	83	Sound	61	1938635	0	2			0		hit	135
fp2	83	Response	251	1948477	9842	1
fp2	84	Picture	2	1973630	0	1	2000	2	0	1920	other	0
fp2	85	Sound	62	1985628	0	2			0		hit	138
fp2	85	Response	251	1992182	6554	1
fp2	86	Picture	202	2021292	0	1	1999	3	0	1920	other	0
fp2	87	Sound	62	2033280	0	2			0		hit	141
fp2	87	Response	251	2039193	5913	1
fp2	88	Picture	1	2069120	0	2	2000	3	0	1920	other	0
fp2	89	Sound	61	2081112	0	1			0		hit	144
fp2	89	Response	251	2088048	6936	1
fp2	90	Picture	2	2115615	0	2	2000	3	0	1920	other	0
fp2	91	Sound	62	2127596	0	1			0		hit	147
fp2	91	Response	251	2133614	6018	2
fp2	92	Picture	204	2162277	0	2	2000	4	0	1920	other	0
fp2	93	Sound	64	2174260	0	1			0		hit	150
fp2	93	Response	252	2178796	4536	1
fp2	94	Picture	14	2208939	0	2	2000	3	0	1920	other	0
fp2	94	Sound	51	2213448	4509	2			4510		other	0
fp2	95	Sound	64	2220924	0	1			0		hit	154
fp2	95	Response	252	2225804	4880	2
fp2	96	Picture	222	2256601	0	1	2000	2	0	1920	other	0
fp2	96	Sound	52	2264570	7969	2			7970		other	0
fp2	97	Sound	62	2268576	0	1			0		hit	158
fp2	97	Response	251	2276802	8226	1
fp2	98	Picture	103	2303429	0	2	2000	4	0	1920	other	0
fp2	99	Sound	63	2315419	0	2			0		hit	161
fp2	99	Response	252	2321447	6028	2
fp2	100	Picture	2	2351257	0	3	2000	5	0	1920	other	0
fp2	101	Sound	62	2363251	0	1			0		hit	164
fp2	101	Response	251	2368548	5297	2
fp2	102	Picture	103	2398920	0	1	2000	2	0	1920	other	0
fp2	103	Sound	63	2410903	0	1			0		hit	167
fp2	103	Response	252	2416076	5173	1
fp2	104	Picture	11	2446915	0	1	2000	2	0	1920	other	0
fp2	104	Sound	51	2450704	3789	2			3790		other	0
fp2	105	Sound	61	2458913	0	2			0		hit	171
fp2	105	Response	251	2465420	6507	1
fp2	106	Picture	103	2494077	0	1	2000	2	0	1920	other	0
fp2	107	Sound	63	2506056	0	2			0		hit	174
fp2	107	Response	252	2511205	5149	1
fp2	108	Picture	3	2541738	0	2	2000	4	0	1920	other	0
fp2	109	Sound	63	2553738	0	1			0		hit	177
fp2	109	Response	252	2559838	6100	2
fp2	110	Picture	103	2589567	0	1	2000	2	0	1920	other	0
fp2	111	Sound	63	2601539	0	2			0		hit	180
fp2	111	Response	252	2606900	5361	1
fp2	112	Picture	121	2635729	0	1	2000	2	0	1920	other	0
fp2	112	Sound	52	2641368	5639	2			5640		other	0
fp2	113	Sound	61	2647725	0	1			0		hit	184
fp2	113	Response	251	2653559	5834	1
fp2	114	Picture	103	2683891	0	1	1999	3	0	1920	other	0
fp2	115	Sound	63	2695885	0	1			0		hit	187
fp2	115	Response	252	2702384	6499	1
fp2	116	Picture	3	2731219	0	2	2000	3	0	1920	other	0
fp2	117	Sound	63	2743208	0	1			0		hit	190
fp2	117	Response	252	2756602	13394	1
fp2	118	Picture	101	2779214	0	2	2000	3	0	1920	other	0
fp2	119	Sound	61	2791189	0	1			0		hit	193
fp2	119	Response	251	2796688	5499	1
fp2	120	Picture	21	2825543	0	2	2000	4	0	1920	other	0
fp2	120	Sound	52	2833962	8419	2			8420		other	0
fp2	121	Sound	61	2837523	0	2			0		hit	197
fp2	121	Response	251	2844516	6993	1
fp2	122	Picture	202	2873038	0	2	2000	3	0	1920	other	0
fp2	123	Sound	62	2885026	0	1			0		hit	200
fp2	123	Response	251	2891982	6956	1
fp2	124	Picture	3	2920700	0	1	2000	2	0	1920	other	0
fp2	125	Sound	63	2932677	0	2			0		hit	203
fp2	125	Response	252	2938281	5604	1
fp2	126	Picture	4	2967528	0	2	2000	3	0	1920	other	0
fp2	127	Sound	64	2979521	0	1			0		hit	206
fp2	127	Response	252	2986012	6491	1
fp2	128	Picture	3	3014857	0	1	2000	2	0	1920	other	0
fp2	129	Sound	63	3026843	0	2			0		hit	209
fp2	129	Response	252	3032195	5352	2
fp2	130	Picture	3	3061852	0	1	2000	2	0	1920	other	0
fp2	131	Sound	63	3073837	0	1			0		hit	212
fp2	131	Response	252	3078688	4851	2
fp2	132	Picture	101	3108347	0	2	2000	4	0	1920	other	0
fp2	133	Sound	61	3120321	0	2			0		hit	215
fp2	133	Response	251	3125894	5573	1
fp2	134	Response	253	3258648	102306	1


Event Type	Code	Type	Response	RT	RT Uncertainty	Time	Uncertainty	Duration	Uncertainty	ReqTime	ReqDur

Picture	10	other				9997	2	20165	3	0	20000
Picture	10	other				30328	2	40163	4	0	40000
Picture	10	other				70658	1	40162	2	0	40000
Nothing	91	other				110822	1			0
Picture	204	other				140984	1	2000	2	0	1920
Sound	64	hit	2	4989	4	152981	2			0
Picture	202	other				187645	2	2000	4	0	1920
Sound	62	hit	1	5669	3	199615	2			0
Picture	111	other				235474	1	2000	2	0	1920
Sound	51	other				239573	1			4100
Sound	61	hit	1	13453	2	247447	1			0
Picture	204	other				281636	1	1999	3	0	1920
Sound	64	hit	2	4939	3	293632	1			0
Picture	113	other				329631	2	2000	3	0	1920
Sound	51	other				334470	2			4840
Sound	63	hit	2	4042	3	341613	1			0
Picture	202	other				376460	1	2000	2	0	1920
Sound	62	hit	1	5173	4	388456	2			0
Picture	12	other				423788	2	2000	3	0	1920
Sound	51	other				427527	2			3740
Sound	62	hit	1	7714	2	435779	1			0
Picture	4	other				470283	2	2000	4	0	1920
Sound	64	hit	2	3728	3	482263	2			0
Picture	4	other				517945	2	2000	4	0	1920
Sound	64	hit	2	4144	2	529945	1			0
Picture	23	other				565274	1	2000	2	0	1920
Sound	52	other				571423	2			6150
Sound	63	hit	2	4942	2	577268	1			0
Picture	3	other				612769	1	2000	2	0	1920
Sound	63	hit	2	4451	2	624740	1			0
Picture	1	other				659264	2	2000	3	0	1920
Sound	61	hit	1	5144	2	671254	1			0
Picture	2	other				705593	1	1999	3	0	1920
Sound	62	hit	1	6924	3	717589	1			0
Picture	101	other				752588	1	2000	2	0	1920
Sound	61	hit	1	11094	2	764582	1			0
Picture	4	other				798750	1	2000	2	0	1920
Sound	64	hit	2	4433	3	810737	1			0
Picture	4	other				846078	2	2000	4	0	1920
Sound	64	hit	2	4528	2	858060	1			0
Picture	1	other				893073	2	2000	4	0	1920
Sound	61	hit	1	4895	2	905053	1			0
Picture	1	other				939569	1	2000	2	0	1920
Sound	61	hit	1	6247	3	951567	2			0
Picture	101	other				986897	2	2000	3	0	1920
Sound	61	hit	1	6019	3	998890	1			0
Picture	101	other				1033726	1	2000	2	0	1920
Sound	61	hit	1	6363	4	1045703	2			0
Picture	2	other				1079888	2	1999	4	0	1920
Sound	62	hit	1	6362	3	1091859	1			0
Picture	204	other				1126216	2	2000	4	0	1920
Sound	64	hit	2	4049	4	1138193	2			0
Picture	24	other				1172878	2	2000	4	0	1920
Sound	52	other				1179897	2			7020
Sound	64	hit	2	6863	3	1184857	2			0
Picture	4	other				1219374	1	1999	3	0	1920
Sound	64	hit	2	5555	2	1231372	1			0
Picture	224	other				1267202	2	2000	3	0	1920
Sound	52	other				1272931	1			5730
Sound	64	hit	2	5246	2	1279173	1			0
Picture	1	other				1314364	1	2000	2	0	1920
Sound	61	hit	1	5254	3	1326346	1			0
Picture	212	other				1361526	1	2000	2	0	1920
Sound	51	other				1364635	1			3110
Sound	62	hit	1	6241	3	1373519	1			0
Picture	13	other				1409188	1	1999	3	0	1920
Sound	51	other				1412887	2			3700
Sound	63	hit	2	4720	2	1421171	1			0
Picture	202	other				1455683	1	2000	2	0	1920
Sound	62	hit	1	8398	2	1467655	1			0
Picture	204	other				1503011	2	2000	4	0	1920
Sound	64	hit	2	5508	3	1515007	2			0
Picture	1	other				1549507	1	1999	3	0	1920
Sound	61	hit	1	5067	2	1561492	1			0
Picture	22	other				1595835	2	2000	3	0	1920
Sound	52	other				1601924	2			6090
Sound	62	hit	1	5321	2	1607827	1			0
Picture	123	other				1643164	1	1999	3	0	1920
Sound	52	other				1650834	1			7670
Sound	63	hit	2	8799	2	1655149	1			0
Picture	2	other				1690492	2	2000	3	0	1920
Sound	62	hit	1	8420	2	1702472	1			0
Picture	103	other				1736987	2	2000	3	0	1920
Sound	63	hit	2	6140	2	1748986	1			0
Picture	204	other				1783483	1	1999	3	0	1920
Sound	64	hit	2	6874	2	1795471	1			0
Picture	214	other				1831311	2	2000	3	0	1920
Sound	51	other				1835580	2			4270
Sound	64	hit	2	5426	2	1843302	1			0
Picture	202	other				1878806	2	2000	3	0	1920
Sound	62	hit	1	5961	2	1890804	1			0
Picture	101	other				1926635	1	1999	3	0	1920
Sound	61	hit	1	9842	3	1938635	2			0
Picture	2	other				1973630	1	2000	2	0	1920
Sound	62	hit	1	6554	3	1985628	2			0
Picture	202	other				2021292	1	1999	3	0	1920
Sound	62	hit	1	5913	3	2033280	2			0
Picture	1	other				2069120	2	2000	3	0	1920
Sound	61	hit	1	6936	2	2081112	1			0
Picture	2	other				2115615	2	2000	3	0	1920
Sound	62	hit	1	6018	3	2127596	1			0
Picture	204	other				2162277	2	2000	4	0	1920
Sound	64	hit	2	4536	2	2174260	1			0
Picture	14	other				2208939	2	2000	3	0	1920
Sound	51	other				2213448	2			4510
Sound	64	hit	2	4880	3	2220924	1			0
Picture	222	other				2256601	1	2000	2	0	1920
Sound	52	other				2264570	2			7970
Sound	62	hit	1	8226	2	2268576	1			0
Picture	103	other				2303429	2	2000	4	0	1920
Sound	63	hit	2	6028	4	2315419	2			0
Picture	2	other				2351257	3	2000	5	0	1920
Sound	62	hit	1	5297	3	2363251	1			0
Picture	103	other				2398920	1	2000	2	0	1920
Sound	63	hit	2	5173	2	2410903	1			0
Picture	11	other				2446915	1	2000	2	0	1920
Sound	51	other				2450704	2			3790
Sound	61	hit	1	6507	3	2458913	2			0
Picture	103	other				2494077	1	2000	2	0	1920
Sound	63	hit	2	5149	3	2506056	2			0
Picture	3	other				2541738	2	2000	4	0	1920
Sound	63	hit	2	6100	3	2553738	1			0
Picture	103	other				2589567	1	2000	2	0	1920
Sound	63	hit	2	5361	3	2601539	2			0
Picture	121	other				2635729	1	2000	2	0	1920
Sound	52	other				2641368	2			5640
Sound	61	hit	1	5834	2	2647725	1			0
Picture	103	other				2683891	1	1999	3	0	1920
Sound	63	hit	2	6499	2	2695885	1			0
Picture	3	other				2731219	2	2000	3	0	1920
Sound	63	hit	2	13394	2	2743208	1			0
Picture	101	other				2779214	2	2000	3	0	1920
Sound	61	hit	1	5499	2	2791189	1			0
Picture	21	other				2825543	2	2000	4	0	1920
Sound	52	other				2833962	2			8420
Sound	61	hit	1	6993	3	2837523	2			0
Picture	202	other				2873038	2	2000	3	0	1920
Sound	62	hit	1	6956	2	2885026	1			0
Picture	3	other				2920700	1	2000	2	0	1920
Sound	63	hit	2	5604	3	2932677	2			0
Picture	4	other				2967528	2	2000	3	0	1920
Sound	64	hit	2	6491	2	2979521	1			0
Picture	3	other				3014857	1	2000	2	0	1920
Sound	63	hit	2	5352	4	3026843	2			0
Picture	3	other				3061852	1	2000	2	0	1920
Sound	63	hit	2	4851	3	3073837	1			0
Picture	101	other				3108347	2	2000	4	0	1920
Sound	61	hit	1	5573	3	3120321	2			0
