Scenario - 17_March_2015
Logfile written - 06/03/2016 15:18:21

Subject	Trial	Event Type	Code	Time	TTime	Uncertainty	Duration	Uncertainty	ReqTime	ReqDur	Stim Type	Pair Index

fp2	1	Response	253	12644	22477	1
fp2	2	Picture	10	12664	0	1	20164	2	0	20000	other	0
fp2	3	Picture	10	32995	0	1	40162	3	0	40000	other	0
fp2	3	Response	251	48734	15739	1
fp2	4	Picture	10	73324	0	2	40163	3	0	40000	other	0
fp2	4	Response	252	87008	13684	1
fp2	5	Nothing	91	113489	0	1			0		other	0
fp2	6	Picture	202	143650	0	1	1999	3	0	1920	other	0
fp2	7	Sound	62	155646	0	1			0		hit	10
fp2	7	Response	251	161325	5679	1
fp2	8	Picture	2	190312	0	1	2000	2	0	1920	other	0
fp2	9	Sound	62	202310	0	1			0		hit	13
fp2	9	Response	251	207351	5041	1
fp2	10	Picture	113	236807	0	2	2000	3	0	1920	other	0
fp2	10	Sound	51	240126	3319	2			3320		other	0
fp2	11	Sound	63	248794	0	2			0		hit	17
fp2	11	Response	252	253679	4885	1
fp2	12	Picture	1	284469	0	2	2000	3	0	1920	other	0
fp2	13	Sound	61	296446	0	1			0		hit	20
fp2	13	Response	251	302481	6035	2
fp2	14	Picture	101	331131	0	1	2000	2	0	1920	other	0
fp2	15	Sound	61	343110	0	1			0		hit	23
fp2	15	Response	251	350640	7530	2
fp2	16	Picture	212	378792	0	2	2000	4	0	1920	other	0
fp2	16	Sound	51	383651	4859	2			4860		other	0
fp2	17	Sound	62	390792	0	1			0		hit	27
fp2	17	Response	251	396293	5501	1
fp2	18	Picture	2	426121	0	2	2000	3	0	1920	other	0
fp2	19	Sound	62	438114	0	1			0		hit	30
fp2	19	Response	251	444754	6640	1
fp2	20	Picture	24	472950	0	1	1999	3	0	1920	other	0
fp2	20	Sound	52	480279	7329	2			7330		other	0
fp2	21	Sound	64	484928	0	1			0		hit	34
fp2	21	Response	252	490811	5883	2
fp2	22	Picture	12	519278	0	2	2000	4	0	1920	other	0
fp2	22	Sound	51	524177	4899	2			4900		other	0
fp2	23	Sound	62	531262	0	2			0		incorrect	38
fp2	23	Response	252	536116	4854	1
fp2	24	Picture	1	566440	0	2	2000	4	0	1920	other	0
fp2	25	Sound	61	578435	0	1			0		hit	41
fp2	25	Response	251	587149	8714	1
fp2	26	Picture	2	613935	0	2	2000	3	0	1920	other	0
fp2	27	Sound	62	625907	0	2			0		incorrect	44
fp2	27	Response	252	631761	5854	2
fp2	28	Picture	4	660097	0	2	2000	4	0	1920	other	0
fp2	29	Sound	64	672093	0	1			0		hit	47
fp2	29	Response	252	677350	5257	1
fp2	30	Picture	111	707259	0	2	2000	3	0	1920	other	0
fp2	30	Sound	51	712188	4929	2			4930		other	0
fp2	31	Sound	61	719235	0	2			0		hit	51
fp2	31	Response	251	724720	5485	1
fp2	32	Picture	204	753588	0	1	2000	2	0	1920	other	0
fp2	33	Sound	64	765570	0	1			0		hit	54
fp2	33	Response	252	770682	5112	2
fp2	34	Picture	202	801416	0	2	2000	3	0	1920	other	0
fp2	35	Sound	62	813402	0	1			0		hit	57
fp2	35	Response	251	820368	6966	1
fp2	36	Picture	3	848078	0	2	2000	3	0	1920	other	0
fp2	37	Sound	63	860066	0	1			0		hit	60
fp2	37	Response	252	865013	4947	2
fp2	38	Picture	202	894907	0	1	1999	3	0	1920	other	0
fp2	39	Sound	62	906879	0	1			0		hit	63
fp2	39	Response	251	913658	6779	1
fp2	40	Picture	2	942735	0	2	2000	3	0	1920	other	0
fp2	41	Sound	62	954711	0	1			0		hit	66
fp2	41	Response	251	959867	5156	1
fp2	42	Picture	3	989230	0	2	2000	4	0	1920	other	0
fp2	43	Sound	63	1001225	0	1			0		incorrect	69
fp2	43	Response	251	1008025	6800	1
fp2	44	Picture	101	1036892	0	1	2000	2	0	1920	other	0
fp2	45	Sound	61	1048877	0	1			0		hit	72
fp2	45	Response	251	1055821	6944	1
fp2	46	Picture	21	1084887	0	2	2000	4	0	1920	other	0
fp2	46	Sound	52	1091346	6459	1			6460		other	0
fp2	47	Sound	61	1096858	0	1			0		incorrect	76
fp2	47	Response	252	1112890	16032	1
fp2	48	Picture	204	1132549	0	1	2000	2	0	1920	other	0
fp2	49	Sound	64	1144539	0	2			0		hit	79
fp2	49	Response	252	1151621	7082	1
fp2	50	Picture	23	1178878	0	1	1999	3	0	1920	other	0
fp2	50	Sound	52	1184997	6119	2			6120		other	0
fp2	51	Sound	63	1190874	0	1			0		hit	83
fp2	51	Response	252	1196515	5641	1
fp2	52	Picture	3	1226539	0	2	2000	4	0	1920	other	0
fp2	53	Sound	63	1238526	0	1			0		hit	86
fp2	53	Response	252	1244629	6103	1
fp2	54	Picture	103	1272701	0	2	2000	3	0	1920	other	0
fp2	55	Sound	63	1284681	0	1			0		hit	89
fp2	55	Response	252	1290560	5879	2
fp2	56	Picture	103	1319697	0	1	1999	3	0	1920	other	0
fp2	57	Sound	63	1331674	0	2			0		hit	92
fp2	57	Response	252	1338299	6625	1
fp2	58	Picture	1	1366358	0	2	2000	4	0	1920	other	0
fp2	59	Sound	61	1378338	0	1			0		hit	95
fp2	59	Response	251	1385166	6828	1
fp2	60	Picture	4	1413854	0	1	2000	2	0	1920	other	0
fp2	61	Sound	64	1425840	0	2			0		hit	98
fp2	61	Response	252	1434241	8401	1
fp2	62	Picture	214	1460349	0	1	2000	2	0	1920	other	0
fp2	62	Sound	51	1465058	4709	2			4710		other	0
fp2	63	Sound	64	1472325	0	1			0		hit	102
fp2	63	Response	252	1476718	4393	1
fp2	64	Picture	204	1507511	0	1	1999	3	0	1920	other	0
fp2	65	Sound	64	1519498	0	1			0		hit	105
fp2	65	Response	252	1525696	6198	2
fp2	66	Picture	202	1555172	0	2	2000	4	0	1920	other	0
fp2	67	Sound	62	1567149	0	2			0		hit	108
fp2	67	Response	251	1573232	6083	1
fp2	68	Picture	101	1601501	0	2	2000	3	0	1920	other	0
fp2	69	Sound	61	1613484	0	1			0		hit	111
fp2	69	Response	251	1620415	6931	1
fp2	70	Picture	11	1647996	0	2	2000	4	0	1920	other	0
fp2	70	Sound	51	1651425	3429	1			3430		other	0
fp2	71	Sound	61	1659969	0	1			0		hit	115
fp2	71	Response	251	1665519	5550	1
fp2	72	Picture	222	1694992	0	1	2000	2	0	1920	other	0
fp2	72	Sound	52	1702091	7099	2			7100		other	0
fp2	73	Sound	62	1706992	0	1			0		hit	119
fp2	73	Response	251	1714501	7509	2
fp2	74	Picture	4	1742320	0	2	2000	3	0	1920	other	0
fp2	75	Sound	64	1754314	0	1			0		hit	122
fp2	75	Response	252	1758583	4269	1
fp2	76	Picture	3	1788815	0	2	2000	4	0	1920	other	0
fp2	77	Sound	63	1800799	0	1			0		hit	125
fp2	77	Response	252	1805992	5193	1
fp2	78	Picture	22	1835144	0	1	2000	2	0	1920	other	0
fp2	78	Sound	52	1841843	6699	1			6700		other	0
fp2	79	Sound	62	1847133	0	2			0		hit	129
fp2	79	Response	251	1853428	6295	2
fp2	80	Picture	202	1882306	0	1	1999	3	0	1920	other	0
fp2	81	Sound	62	1894276	0	2			0		hit	132
fp2	81	Response	251	1899409	5133	2
fp2	82	Picture	1	1930467	0	2	2000	4	0	1920	other	0
fp2	83	Sound	61	1942467	0	1			0		hit	135
fp2	83	Response	251	1947472	5005	1
fp2	84	Picture	204	1978296	0	2	2000	3	0	1920	other	0
fp2	85	Sound	64	1990268	0	1			0		hit	138
fp2	85	Response	252	1996251	5983	1
fp2	86	Picture	101	2024458	0	1	2000	2	0	1920	other	0
fp2	87	Sound	61	2036453	0	2			0		hit	141
fp2	87	Response	251	2041790	5337	1
fp2	88	Picture	101	2071120	0	1	1999	3	0	1920	other	0
fp2	89	Sound	61	2083117	0	2			0		hit	144
fp2	89	Response	251	2088361	5244	1
fp2	90	Picture	1	2118948	0	2	2000	4	0	1920	other	0
fp2	91	Sound	61	2130919	0	1			0		hit	147
fp2	91	Response	251	2135918	4999	1
fp2	92	Picture	4	2166443	0	2	2000	4	0	1920	other	0
fp2	93	Sound	64	2178421	0	1			0		hit	150
fp2	93	Response	252	2183807	5386	1
fp2	94	Picture	101	2213272	0	2	2000	3	0	1920	other	0
fp2	95	Sound	61	2225264	0	2			0		hit	153
fp2	95	Response	251	2231324	6060	1
fp2	96	Picture	3	2260267	0	2	2000	3	0	1920	other	0
fp2	97	Sound	63	2272258	0	1			0		hit	156
fp2	97	Response	252	2280849	8591	1
fp2	98	Picture	14	2308096	0	1	1999	3	0	1920	other	0
fp2	98	Sound	51	2313295	5199	1			5200		other	0
fp2	99	Sound	64	2320089	0	1			0		hit	160
fp2	99	Response	252	2326268	6179	1
fp2	100	Picture	103	2355424	0	2	2000	3	0	1920	other	0
fp2	101	Sound	63	2367412	0	1			0		hit	163
fp2	101	Response	252	2373182	5770	1
fp2	102	Picture	2	2402586	0	1	2000	2	0	1920	other	0
fp2	103	Sound	62	2414585	0	1			0		hit	166
fp2	103	Response	251	2419779	5194	1
fp2	104	Picture	4	2450248	0	1	2000	2	0	1920	other	0
fp2	105	Sound	64	2462236	0	1			0		hit	169
fp2	105	Response	252	2468051	5815	1
fp2	106	Picture	103	2497576	0	2	2000	4	0	1920	other	0
fp2	107	Sound	63	2509559	0	1			0		hit	172
fp2	107	Response	252	2514607	5048	2
fp2	108	Picture	121	2545238	0	1	2000	2	0	1920	other	0
fp2	108	Sound	52	2552147	6909	1			6910		other	0
fp2	109	Sound	61	2557211	0	1			0		hit	176
fp2	109	Response	251	2565566	8355	1
fp2	110	Picture	3	2591900	0	1	2000	2	0	1920	other	0
fp2	111	Sound	63	2603875	0	1			0		hit	179
fp2	111	Response	252	2608021	4146	2
fp2	112	Picture	202	2639562	0	1	2000	2	0	1920	other	0
fp2	113	Sound	62	2651556	0	1			0		hit	182
fp2	113	Response	251	2656862	5306	1
fp2	114	Picture	13	2685724	0	1	1999	3	0	1920	other	0
fp2	114	Sound	51	2688293	2569	1			2570		other	0
fp2	115	Sound	63	2697711	0	2			0		hit	186
fp2	115	Response	252	2701936	4225	2
fp2	116	Picture	123	2732052	0	2	2000	4	0	1920	other	0
fp2	116	Sound	52	2737631	5579	2			5580		other	0
fp2	117	Sound	63	2744046	0	1			0		hit	190
fp2	117	Response	252	2748789	4743	1
fp2	118	Picture	2	2779881	0	1	2000	2	0	1920	other	0
fp2	119	Sound	62	2791878	0	1			0		hit	193
fp2	119	Response	251	2797134	5256	1
fp2	120	Picture	204	2826209	0	2	2000	4	0	1920	other	0
fp2	121	Sound	64	2838182	0	1			0		hit	196
fp2	121	Response	252	2842149	3967	1
fp2	122	Picture	4	2872705	0	1	1999	3	0	1920	other	0
fp2	123	Sound	64	2884697	0	1			0		hit	199
fp2	123	Response	252	2888830	4133	1
fp2	124	Picture	224	2919366	0	2	2000	4	0	1920	other	0
fp2	124	Sound	52	2925695	6329	2			6330		other	0
fp2	125	Sound	64	2931361	0	1			0		hit	203
fp2	125	Response	252	2936126	4765	1
fp2	126	Picture	103	2966695	0	1	2000	2	0	1920	other	0
fp2	127	Sound	63	2978683	0	1			0		hit	206
fp2	127	Response	252	2984745	6062	2
fp2	128	Picture	1	3014857	0	1	2000	2	0	1920	other	0
fp2	129	Sound	61	3026844	0	1			0		hit	209
fp2	129	Response	251	3033913	7069	1
fp2	130	Picture	103	3062518	0	2	2000	4	0	1920	other	0
fp2	131	Sound	63	3074495	0	2			0		hit	212
fp2	131	Response	252	3080311	5816	1
fp2	132	Picture	204	3109347	0	2	2000	3	0	1920	other	0
fp2	133	Sound	64	3121339	0	1			0		hit	215
fp2	133	Response	252	3126783	5444	2
fp2	134	Response	253	3249340	91998	1


Event Type	Code	Type	Response	RT	RT Uncertainty	Time	Uncertainty	Duration	Uncertainty	ReqTime	ReqDur

Picture	10	other				12664	1	20164	2	0	20000
Picture	10	other				32995	1	40162	3	0	40000
Picture	10	other				73324	2	40163	3	0	40000
Nothing	91	other				113489	1			0
Picture	202	other				143650	1	1999	3	0	1920
Sound	62	hit	1	5679	2	155646	1			0
Picture	2	other				190312	1	2000	2	0	1920
Sound	62	hit	1	5041	2	202310	1			0
Picture	113	other				236807	2	2000	3	0	1920
Sound	51	other				240126	2			3320
Sound	63	hit	2	4885	3	248794	2			0
Picture	1	other				284469	2	2000	3	0	1920
Sound	61	hit	1	6035	3	296446	1			0
Picture	101	other				331131	1	2000	2	0	1920
Sound	61	hit	1	7530	3	343110	1			0
Picture	212	other				378792	2	2000	4	0	1920
Sound	51	other				383651	2			4860
Sound	62	hit	1	5501	2	390792	1			0
Picture	2	other				426121	2	2000	3	0	1920
Sound	62	hit	1	6640	2	438114	1			0
Picture	24	other				472950	1	1999	3	0	1920
Sound	52	other				480279	2			7330
Sound	64	hit	2	5883	3	484928	1			0
Picture	12	other				519278	2	2000	4	0	1920
Sound	51	other				524177	2			4900
Sound	62	incorrect	2	4854	3	531262	2			0
Picture	1	other				566440	2	2000	4	0	1920
Sound	61	hit	1	8714	2	578435	1			0
Picture	2	other				613935	2	2000	3	0	1920
Sound	62	incorrect	2	5854	4	625907	2			0
Picture	4	other				660097	2	2000	4	0	1920
Sound	64	hit	2	5257	2	672093	1			0
Picture	111	other				707259	2	2000	3	0	1920
Sound	51	other				712188	2			4930
Sound	61	hit	1	5485	3	719235	2			0
Picture	204	other				753588	1	2000	2	0	1920
Sound	64	hit	2	5112	3	765570	1			0
Picture	202	other				801416	2	2000	3	0	1920
Sound	62	hit	1	6966	2	813402	1			0
Picture	3	other				848078	2	2000	3	0	1920
Sound	63	hit	2	4947	3	860066	1			0
Picture	202	other				894907	1	1999	3	0	1920
Sound	62	hit	1	6779	2	906879	1			0
Picture	2	other				942735	2	2000	3	0	1920
Sound	62	hit	1	5156	2	954711	1			0
Picture	3	other				989230	2	2000	4	0	1920
Sound	63	incorrect	1	6800	2	1001225	1			0
Picture	101	other				1036892	1	2000	2	0	1920
Sound	61	hit	1	6944	2	1048877	1			0
Picture	21	other				1084887	2	2000	4	0	1920
Sound	52	other				1091346	1			6460
Sound	61	incorrect	2	16032	2	1096858	1			0
Picture	204	other				1132549	1	2000	2	0	1920
Sound	64	hit	2	7082	3	1144539	2			0
Picture	23	other				1178878	1	1999	3	0	1920
Sound	52	other				1184997	2			6120
Sound	63	hit	2	5641	2	1190874	1			0
Picture	3	other				1226539	2	2000	4	0	1920
Sound	63	hit	2	6103	2	1238526	1			0
Picture	103	other				1272701	2	2000	3	0	1920
Sound	63	hit	2	5879	3	1284681	1			0
Picture	103	other				1319697	1	1999	3	0	1920
Sound	63	hit	2	6625	3	1331674	2			0
Picture	1	other				1366358	2	2000	4	0	1920
Sound	61	hit	1	6828	2	1378338	1			0
Picture	4	other				1413854	1	2000	2	0	1920
Sound	64	hit	2	8401	3	1425840	2			0
Picture	214	other				1460349	1	2000	2	0	1920
Sound	51	other				1465058	2			4710
Sound	64	hit	2	4393	2	1472325	1			0
Picture	204	other				1507511	1	1999	3	0	1920
Sound	64	hit	2	6198	3	1519498	1			0
Picture	202	other				1555172	2	2000	4	0	1920
Sound	62	hit	1	6083	3	1567149	2			0
Picture	101	other				1601501	2	2000	3	0	1920
Sound	61	hit	1	6931	2	1613484	1			0
Picture	11	other				1647996	2	2000	4	0	1920
Sound	51	other				1651425	1			3430
Sound	61	hit	1	5550	2	1659969	1			0
Picture	222	other				1694992	1	2000	2	0	1920
Sound	52	other				1702091	2			7100
Sound	62	hit	1	7509	3	1706992	1			0
Picture	4	other				1742320	2	2000	3	0	1920
Sound	64	hit	2	4269	2	1754314	1			0
Picture	3	other				1788815	2	2000	4	0	1920
Sound	63	hit	2	5193	2	1800799	1			0
Picture	22	other				1835144	1	2000	2	0	1920
Sound	52	other				1841843	1			6700
Sound	62	hit	1	6295	4	1847133	2			0
Picture	202	other				1882306	1	1999	3	0	1920
Sound	62	hit	1	5133	4	1894276	2			0
Picture	1	other				1930467	2	2000	4	0	1920
Sound	61	hit	1	5005	2	1942467	1			0
Picture	204	other				1978296	2	2000	3	0	1920
Sound	64	hit	2	5983	2	1990268	1			0
Picture	101	other				2024458	1	2000	2	0	1920
Sound	61	hit	1	5337	3	2036453	2			0
Picture	101	other				2071120	1	1999	3	0	1920
Sound	61	hit	1	5244	3	2083117	2			0
Picture	1	other				2118948	2	2000	4	0	1920
Sound	61	hit	1	4999	2	2130919	1			0
Picture	4	other				2166443	2	2000	4	0	1920
Sound	64	hit	2	5386	2	2178421	1			0
Picture	101	other				2213272	2	2000	3	0	1920
Sound	61	hit	1	6060	3	2225264	2			0
Picture	3	other				2260267	2	2000	3	0	1920
Sound	63	hit	2	8591	2	2272258	1			0
Picture	14	other				2308096	1	1999	3	0	1920
Sound	51	other				2313295	1			5200
Sound	64	hit	2	6179	2	2320089	1			0
Picture	103	other				2355424	2	2000	3	0	1920
Sound	63	hit	2	5770	2	2367412	1			0
Picture	2	other				2402586	1	2000	2	0	1920
Sound	62	hit	1	5194	2	2414585	1			0
Picture	4	other				2450248	1	2000	2	0	1920
Sound	64	hit	2	5815	2	2462236	1			0
Picture	103	other				2497576	2	2000	4	0	1920
Sound	63	hit	2	5048	3	2509559	1			0
Picture	121	other				2545238	1	2000	2	0	1920
Sound	52	other				2552147	1			6910
Sound	61	hit	1	8355	2	2557211	1			0
Picture	3	other				2591900	1	2000	2	0	1920
Sound	63	hit	2	4146	3	2603875	1			0
Picture	202	other				2639562	1	2000	2	0	1920
Sound	62	hit	1	5306	2	2651556	1			0
Picture	13	other				2685724	1	1999	3	0	1920
Sound	51	other				2688293	1			2570
Sound	63	hit	2	4225	4	2697711	2			0
Picture	123	other				2732052	2	2000	4	0	1920
Sound	52	other				2737631	2			5580
Sound	63	hit	2	4743	2	2744046	1			0
Picture	2	other				2779881	1	2000	2	0	1920
Sound	62	hit	1	5256	2	2791878	1			0
Picture	204	other				2826209	2	2000	4	0	1920
Sound	64	hit	2	3967	2	2838182	1			0
Picture	4	other				2872705	1	1999	3	0	1920
Sound	64	hit	2	4133	2	2884697	1			0
Picture	224	other				2919366	2	2000	4	0	1920
Sound	52	other				2925695	2			6330
Sound	64	hit	2	4765	2	2931361	1			0
Picture	103	other				2966695	1	2000	2	0	1920
Sound	63	hit	2	6062	3	2978683	1			0
Picture	1	other				3014857	1	2000	2	0	1920
Sound	61	hit	1	7069	2	3026844	1			0
Picture	103	other				3062518	2	2000	4	0	1920
Sound	63	hit	2	5816	3	3074495	2			0
Picture	204	other				3109347	2	2000	3	0	1920
Sound	64	hit	2	5444	3	3121339	1			0

The following output port codes were not sent because of a conflict on the port.
Port	Code	Time(ms)
1	90	1266.4
