Scenario - 17_March_2015
Logfile written - 07/21/2016 10:25:31

Subject	Trial	Event Type	Code	Time	TTime	Uncertainty	Duration	Uncertainty	ReqTime	ReqDur	Stim Type	Pair Index

yc19	1	Response	253	34333	44166	1
yc19	2	Picture	10	34495	0	1	20164	2	0	20000	other	0
yc19	3	Picture	10	54826	0	1	40162	3	0	40000	other	0
yc19	3	Response	251	70931	16105	1
yc19	4	Picture	10	95155	0	2	40163	3	0	40000	other	0
yc19	4	Response	252	108812	13657	2
yc19	4	Response	252	111410	16255	1
yc19	5	Nothing	91	135320	0	1			0		other	0
yc19	6	Picture	103	165481	0	2	2000	3	0	1920	other	0
yc19	7	Sound	63	177466	0	1			0		hit	11
yc19	7	Response	252	182280	4814	1
yc19	8	Picture	202	211810	0	1	2000	2	0	1920	other	0
yc19	9	Sound	62	223801	0	1			0		hit	14
yc19	9	Response	251	228047	4246	1
yc19	10	Picture	204	257972	0	2	1999	4	0	1920	other	0
yc19	11	Sound	64	269956	0	1			0		hit	17
yc19	11	Response	252	275084	5128	1
yc19	12	Picture	111	305800	0	2	2000	3	0	1920	other	0
yc19	12	Sound	51	310139	4339	1			4340		other	0
yc19	13	Sound	61	317787	0	1			0		hit	21
yc19	13	Response	251	321714	3927	2
yc19	14	Picture	222	353629	0	1	1999	3	0	1920	other	0
yc19	14	Sound	52	360428	6799	2			6800		other	0
yc19	15	Sound	62	365618	0	2			0		hit	25
yc19	15	Response	251	370658	5040	1
yc19	16	Picture	3	399957	0	2	2000	3	0	1920	other	0
yc19	17	Sound	63	411953	0	1			0		hit	28
yc19	17	Response	252	417451	5498	1
yc19	18	Picture	103	447119	0	2	2000	3	0	1920	other	0
yc19	19	Sound	63	459096	0	1			0		hit	31
yc19	19	Response	252	463377	4281	2
yc19	20	Picture	202	494114	0	2	2000	4	0	1920	other	0
yc19	21	Sound	62	506089	0	1			0		hit	34
yc19	21	Response	251	510554	4465	2
yc19	22	Picture	3	541943	0	1	1999	3	0	1920	other	0
yc19	23	Sound	63	553921	0	1			0		hit	37
yc19	23	Response	252	558132	4211	2
yc19	24	Picture	1	588438	0	2	2000	3	0	1920	other	0
yc19	25	Sound	61	600435	0	1			0		hit	40
yc19	25	Response	251	605616	5181	1
yc19	26	Picture	23	636100	0	1	2000	2	0	1920	other	0
yc19	26	Sound	52	644139	8039	2			8040		other	0
yc19	27	Sound	63	648087	0	1			0		hit	44
yc19	27	Response	252	654511	6424	1
yc19	28	Picture	12	683262	0	1	2000	2	0	1920	other	0
yc19	28	Sound	51	687871	4609	2			4610		other	0
yc19	29	Sound	62	695260	0	1			0		hit	48
yc19	29	Response	251	700832	5572	1
yc19	30	Picture	4	730423	0	2	2000	4	0	1920	other	0
yc19	31	Sound	64	742403	0	1			0		hit	51
yc19	31	Response	252	748461	6058	1
yc19	32	Picture	1	777252	0	1	2000	2	0	1920	other	0
yc19	33	Sound	61	789246	0	1			0		hit	54
yc19	33	Response	251	796565	7319	2
yc19	34	Picture	2	824747	0	2	2000	4	0	1920	other	0
yc19	35	Sound	62	836718	0	1			0		hit	57
yc19	35	Response	251	840768	4050	2
yc19	36	Picture	202	871743	0	1	1999	3	0	1920	other	0
yc19	37	Sound	62	883741	0	2			0		hit	60
yc19	37	Response	251	888816	5075	2
yc19	38	Picture	11	919571	0	2	2000	3	0	1920	other	0
yc19	38	Sound	51	923720	4149	2			4150		other	0
yc19	39	Sound	61	931543	0	1			0		hit	64
yc19	39	Response	251	935553	4010	1
yc19	40	Picture	1	967399	0	2	2000	4	0	1920	other	0
yc19	41	Sound	61	979374	0	2			0		hit	67
yc19	41	Response	251	987433	8059	1
yc19	42	Picture	2	1014561	0	2	2000	3	0	1920	other	0
yc19	43	Sound	62	1026547	0	1			0		hit	70
yc19	43	Response	251	1032960	6413	2
yc19	44	Picture	24	1060723	0	2	2000	3	0	1920	other	0
yc19	44	Sound	52	1066962	6239	1			6240		other	0
yc19	45	Sound	64	1072702	0	1			0		hit	74
yc19	45	Response	252	1077271	4569	2
yc19	46	Picture	14	1107052	0	1	2000	2	0	1920	other	0
yc19	46	Sound	51	1109821	2769	2			2770		other	0
yc19	47	Sound	64	1119037	0	1			0		hit	78
yc19	47	Response	252	1123053	4016	1
yc19	48	Picture	4	1155047	0	2	2000	3	0	1920	other	0
yc19	49	Sound	64	1167018	0	1			0		hit	81
yc19	49	Response	252	1172189	5171	2
yc19	50	Picture	101	1201875	0	2	2000	4	0	1920	other	0
yc19	51	Sound	61	1213862	0	1			0		hit	84
yc19	51	Response	251	1218441	4579	1
yc19	52	Picture	204	1249704	0	2	2000	3	0	1920	other	0
yc19	53	Sound	64	1261693	0	1			0		hit	87
yc19	53	Response	252	1265713	4020	1
yc19	54	Picture	101	1297699	0	1	2000	2	0	1920	other	0
yc19	55	Sound	61	1309674	0	1			0		hit	90
yc19	55	Response	251	1313882	4208	1
yc19	56	Picture	1	1345027	0	2	2000	4	0	1920	other	0
yc19	57	Sound	61	1357026	0	2			0		hit	93
yc19	57	Response	251	1361448	4422	1
yc19	58	Picture	21	1391856	0	2	2000	3	0	1920	other	0
yc19	58	Sound	52	1399555	7699	1			7700		other	0
yc19	59	Sound	61	1403840	0	1			0		hit	97
yc19	59	Response	251	1408109	4269	1
yc19	60	Picture	113	1439685	0	1	1999	3	0	1920	other	0
yc19	60	Sound	51	1442274	2589	2			2590		other	0
yc19	61	Sound	63	1451671	0	2			0		hit	101
yc19	61	Response	252	1455725	4054	2
yc19	62	Picture	103	1486346	0	2	2000	4	0	1920	other	0
yc19	63	Sound	63	1498335	0	2			0		hit	104
yc19	63	Response	252	1503859	5524	2
yc19	64	Picture	204	1533342	0	1	2000	2	0	1920	other	0
yc19	65	Sound	64	1545329	0	1			0		hit	107
yc19	65	Response	252	1549956	4627	1
yc19	66	Picture	202	1580170	0	2	2000	3	0	1920	other	0
yc19	67	Sound	62	1592142	0	2			0		hit	110
yc19	67	Response	251	1596459	4317	2
yc19	68	Picture	4	1627999	0	1	2000	2	0	1920	other	0
yc19	69	Sound	64	1639974	0	1			0		hit	113
yc19	69	Response	252	1645366	5392	1
yc19	70	Picture	103	1675994	0	1	1999	3	0	1920	other	0
yc19	71	Sound	63	1687985	0	1			0		hit	116
yc19	71	Response	252	1692860	4875	2
yc19	72	Picture	4	1723989	0	1	2000	2	0	1920	other	0
yc19	73	Sound	64	1735966	0	1			0		hit	119
yc19	73	Response	252	1739908	3942	1
yc19	74	Picture	13	1771151	0	1	1999	3	0	1920	other	0
yc19	74	Sound	51	1776490	5339	2			5340		other	0
yc19	75	Sound	63	1783139	0	1			0		hit	123
yc19	75	Response	252	1787159	4020	2
yc19	76	Picture	123	1818979	0	2	2000	3	0	1920	other	0
yc19	76	Sound	52	1826458	7479	1			7480		other	0
yc19	77	Sound	63	1830970	0	1			0		hit	127
yc19	77	Response	252	1836508	5538	1
yc19	78	Picture	204	1865308	0	1	2000	2	0	1920	other	0
yc19	79	Sound	64	1877305	0	1			0		hit	130
yc19	79	Response	252	1881968	4663	2
yc19	80	Picture	22	1911970	0	1	2000	2	0	1920	other	0
yc19	80	Sound	52	1918979	7009	1			7010		other	0
yc19	81	Sound	62	1923969	0	1			0		hit	134
yc19	81	Response	251	1928174	4205	1
yc19	82	Picture	3	1959131	0	2	2000	4	0	1920	other	0
yc19	83	Sound	63	1971112	0	1			0		hit	137
yc19	83	Response	252	1976127	5015	2
yc19	84	Picture	3	2007127	0	1	1999	3	0	1920	other	0
yc19	85	Sound	63	2019122	0	2			0		hit	140
yc19	85	Response	252	2024288	5166	2
yc19	86	Picture	103	2054789	0	1	1999	3	0	1920	other	0
yc19	87	Sound	63	2066774	0	2			0		hit	143
yc19	87	Response	252	2071340	4566	1
yc19	88	Picture	4	2101784	0	1	1999	3	0	1920	other	0
yc19	89	Sound	64	2113768	0	1			0		hit	146
yc19	89	Response	252	2118251	4483	2
yc19	90	Picture	2	2148112	0	2	2000	3	0	1920	other	0
yc19	91	Sound	62	2160102	0	2			0		hit	149
yc19	91	Response	251	2164718	4616	2
yc19	92	Picture	202	2195274	0	2	2000	3	0	1920	other	0
yc19	93	Sound	62	2207245	0	1			0		hit	152
yc19	93	Response	251	2211339	4094	1
yc19	94	Picture	121	2241769	0	2	2000	3	0	1920	other	0
yc19	94	Sound	52	2247498	5729	2			5730		other	0
yc19	95	Sound	61	2253760	0	1			0		hit	156
yc19	95	Response	251	2257830	4070	1
yc19	96	Picture	101	2289431	0	2	2000	3	0	1920	other	0
yc19	97	Sound	61	2301411	0	1			0		hit	159
yc19	97	Response	251	2306345	4934	1
yc19	98	Picture	2	2336426	0	2	2000	4	0	1920	other	0
yc19	99	Sound	62	2348404	0	2			0		hit	162
yc19	99	Response	251	2352914	4510	1
yc19	100	Picture	212	2384588	0	1	2000	2	0	1920	other	0
yc19	100	Sound	51	2389617	5029	2			5030		other	0
yc19	101	Sound	62	2396565	0	1			0		hit	166
yc19	101	Response	251	2400639	4074	1
yc19	102	Picture	2	2430750	0	2	2000	3	0	1920	other	0
yc19	103	Sound	62	2442750	0	1			0		hit	169
yc19	103	Response	251	2449212	6462	1
yc19	104	Picture	4	2477745	0	2	2000	3	0	1920	other	0
yc19	105	Sound	64	2489743	0	2			0		hit	172
yc19	105	Response	252	2494983	5240	1
yc19	106	Picture	224	2525907	0	1	2000	2	0	1920	other	0
yc19	106	Sound	52	2532336	6429	1			6430		other	0
yc19	107	Sound	64	2537904	0	1			0		hit	176
yc19	107	Response	252	2541876	3972	1
yc19	108	Picture	2	2572402	0	2	2000	4	0	1920	other	0
yc19	109	Sound	62	2584388	0	2			0		hit	179
yc19	109	Response	251	2589055	4667	1
yc19	110	Picture	204	2619731	0	1	1999	3	0	1920	other	0
yc19	111	Sound	64	2631711	0	1			0		hit	182
yc19	111	Response	252	2636228	4517	1
yc19	112	Picture	101	2667226	0	1	2000	2	0	1920	other	0
yc19	113	Sound	61	2679213	0	1			0		hit	185
yc19	113	Response	251	2683863	4650	2
yc19	114	Picture	214	2715054	0	2	2000	4	0	1920	other	0
yc19	114	Sound	51	2717843	2789	2			2790		other	0
yc19	115	Sound	64	2727044	0	2			0		hit	189
yc19	115	Response	252	2732407	5363	1
yc19	116	Picture	202	2761716	0	2	2000	3	0	1920	other	0
yc19	117	Sound	62	2773708	0	2			0		hit	192
yc19	117	Response	251	2779798	6090	2
yc19	118	Picture	3	2808712	0	1	1999	3	0	1920	other	0
yc19	119	Sound	63	2820702	0	1			0		hit	195
yc19	119	Response	252	2825722	5020	1
yc19	120	Picture	1	2856040	0	1	2000	2	0	1920	other	0
yc19	121	Sound	61	2868024	0	1			0		hit	198
yc19	121	Response	251	2873513	5489	1
yc19	122	Picture	1	2903369	0	1	1999	3	0	1920	other	0
yc19	123	Sound	61	2915347	0	1			0		hit	201
yc19	123	Response	251	2923658	8311	1
yc19	124	Picture	3	2950697	0	2	2000	3	0	1920	other	0
yc19	125	Sound	63	2962669	0	2			0		hit	204
yc19	125	Response	252	2968246	5577	2
yc19	126	Picture	204	2997192	0	2	2000	3	0	1920	other	0
yc19	127	Sound	64	3009184	0	1			0		hit	207
yc19	127	Response	252	3015797	6613	2
yc19	128	Picture	101	3043354	0	2	1999	4	0	1920	other	0
yc19	129	Sound	61	3055339	0	1			0		hit	210
yc19	129	Response	251	3059538	4199	2
yc19	130	Picture	103	3089516	0	2	2000	3	0	1920	other	0
yc19	131	Sound	63	3101494	0	1			0		hit	213
yc19	131	Response	252	3105356	3862	1
yc19	132	Picture	101	3137511	0	2	2000	3	0	1920	other	0
yc19	133	Sound	61	3149505	0	1			0		incorrect	216
yc19	133	Response	252	3156920	7415	1
yc19	134	Response	253	3291587	107581	2


Event Type	Code	Type	Response	RT	RT Uncertainty	Time	Uncertainty	Duration	Uncertainty	ReqTime	ReqDur

Picture	10	other				34495	1	20164	2	0	20000
Picture	10	other				54826	1	40162	3	0	40000
Picture	10	other				95155	2	40163	3	0	40000
Nothing	91	other				135320	1			0
Picture	103	other				165481	2	2000	3	0	1920
Sound	63	hit	2	4814	2	177466	1			0
Picture	202	other				211810	1	2000	2	0	1920
Sound	62	hit	1	4246	2	223801	1			0
Picture	204	other				257972	2	1999	4	0	1920
Sound	64	hit	2	5128	2	269956	1			0
Picture	111	other				305800	2	2000	3	0	1920
Sound	51	other				310139	1			4340
Sound	61	hit	1	3927	3	317787	1			0
Picture	222	other				353629	1	1999	3	0	1920
Sound	52	other				360428	2			6800
Sound	62	hit	1	5040	3	365618	2			0
Picture	3	other				399957	2	2000	3	0	1920
Sound	63	hit	2	5498	2	411953	1			0
Picture	103	other				447119	2	2000	3	0	1920
Sound	63	hit	2	4281	3	459096	1			0
Picture	202	other				494114	2	2000	4	0	1920
Sound	62	hit	1	4465	3	506089	1			0
Picture	3	other				541943	1	1999	3	0	1920
Sound	63	hit	2	4211	3	553921	1			0
Picture	1	other				588438	2	2000	3	0	1920
Sound	61	hit	1	5181	2	600435	1			0
Picture	23	other				636100	1	2000	2	0	1920
Sound	52	other				644139	2			8040
Sound	63	hit	2	6424	2	648087	1			0
Picture	12	other				683262	1	2000	2	0	1920
Sound	51	other				687871	2			4610
Sound	62	hit	1	5572	2	695260	1			0
Picture	4	other				730423	2	2000	4	0	1920
Sound	64	hit	2	6058	2	742403	1			0
Picture	1	other				777252	1	2000	2	0	1920
Sound	61	hit	1	7319	3	789246	1			0
Picture	2	other				824747	2	2000	4	0	1920
Sound	62	hit	1	4050	3	836718	1			0
Picture	202	other				871743	1	1999	3	0	1920
Sound	62	hit	1	5075	4	883741	2			0
Picture	11	other				919571	2	2000	3	0	1920
Sound	51	other				923720	2			4150
Sound	61	hit	1	4010	2	931543	1			0
Picture	1	other				967399	2	2000	4	0	1920
Sound	61	hit	1	8059	3	979374	2			0
Picture	2	other				1014561	2	2000	3	0	1920
Sound	62	hit	1	6413	3	1026547	1			0
Picture	24	other				1060723	2	2000	3	0	1920
Sound	52	other				1066962	1			6240
Sound	64	hit	2	4569	3	1072702	1			0
Picture	14	other				1107052	1	2000	2	0	1920
Sound	51	other				1109821	2			2770
Sound	64	hit	2	4016	2	1119037	1			0
Picture	4	other				1155047	2	2000	3	0	1920
Sound	64	hit	2	5171	3	1167018	1			0
Picture	101	other				1201875	2	2000	4	0	1920
Sound	61	hit	1	4579	2	1213862	1			0
Picture	204	other				1249704	2	2000	3	0	1920
Sound	64	hit	2	4020	2	1261693	1			0
Picture	101	other				1297699	1	2000	2	0	1920
Sound	61	hit	1	4208	2	1309674	1			0
Picture	1	other				1345027	2	2000	4	0	1920
Sound	61	hit	1	4422	3	1357026	2			0
Picture	21	other				1391856	2	2000	3	0	1920
Sound	52	other				1399555	1			7700
Sound	61	hit	1	4269	2	1403840	1			0
Picture	113	other				1439685	1	1999	3	0	1920
Sound	51	other				1442274	2			2590
Sound	63	hit	2	4054	4	1451671	2			0
Picture	103	other				1486346	2	2000	4	0	1920
Sound	63	hit	2	5524	4	1498335	2			0
Picture	204	other				1533342	1	2000	2	0	1920
Sound	64	hit	2	4627	2	1545329	1			0
Picture	202	other				1580170	2	2000	3	0	1920
Sound	62	hit	1	4317	4	1592142	2			0
Picture	4	other				1627999	1	2000	2	0	1920
Sound	64	hit	2	5392	2	1639974	1			0
Picture	103	other				1675994	1	1999	3	0	1920
Sound	63	hit	2	4875	3	1687985	1			0
Picture	4	other				1723989	1	2000	2	0	1920
Sound	64	hit	2	3942	2	1735966	1			0
Picture	13	other				1771151	1	1999	3	0	1920
Sound	51	other				1776490	2			5340
Sound	63	hit	2	4020	3	1783139	1			0
Picture	123	other				1818979	2	2000	3	0	1920
Sound	52	other				1826458	1			7480
Sound	63	hit	2	5538	2	1830970	1			0
Picture	204	other				1865308	1	2000	2	0	1920
Sound	64	hit	2	4663	3	1877305	1			0
Picture	22	other				1911970	1	2000	2	0	1920
Sound	52	other				1918979	1			7010
Sound	62	hit	1	4205	2	1923969	1			0
Picture	3	other				1959131	2	2000	4	0	1920
Sound	63	hit	2	5015	3	1971112	1			0
Picture	3	other				2007127	1	1999	3	0	1920
Sound	63	hit	2	5166	4	2019122	2			0
Picture	103	other				2054789	1	1999	3	0	1920
Sound	63	hit	2	4566	3	2066774	2			0
Picture	4	other				2101784	1	1999	3	0	1920
Sound	64	hit	2	4483	3	2113768	1			0
Picture	2	other				2148112	2	2000	3	0	1920
Sound	62	hit	1	4616	4	2160102	2			0
Picture	202	other				2195274	2	2000	3	0	1920
Sound	62	hit	1	4094	2	2207245	1			0
Picture	121	other				2241769	2	2000	3	0	1920
Sound	52	other				2247498	2			5730
Sound	61	hit	1	4070	2	2253760	1			0
Picture	101	other				2289431	2	2000	3	0	1920
Sound	61	hit	1	4934	2	2301411	1			0
Picture	2	other				2336426	2	2000	4	0	1920
Sound	62	hit	1	4510	3	2348404	2			0
Picture	212	other				2384588	1	2000	2	0	1920
Sound	51	other				2389617	2			5030
Sound	62	hit	1	4074	2	2396565	1			0
Picture	2	other				2430750	2	2000	3	0	1920
Sound	62	hit	1	6462	2	2442750	1			0
Picture	4	other				2477745	2	2000	3	0	1920
Sound	64	hit	2	5240	3	2489743	2			0
Picture	224	other				2525907	1	2000	2	0	1920
Sound	52	other				2532336	1			6430
Sound	64	hit	2	3972	2	2537904	1			0
Picture	2	other				2572402	2	2000	4	0	1920
Sound	62	hit	1	4667	3	2584388	2			0
Picture	204	other				2619731	1	1999	3	0	1920
Sound	64	hit	2	4517	2	2631711	1			0
Picture	101	other				2667226	1	2000	2	0	1920
Sound	61	hit	1	4650	3	2679213	1			0
Picture	214	other				2715054	2	2000	4	0	1920
Sound	51	other				2717843	2			2790
Sound	64	hit	2	5363	3	2727044	2			0
Picture	202	other				2761716	2	2000	3	0	1920
Sound	62	hit	1	6090	4	2773708	2			0
Picture	3	other				2808712	1	1999	3	0	1920
Sound	63	hit	2	5020	2	2820702	1			0
Picture	1	other				2856040	1	2000	2	0	1920
Sound	61	hit	1	5489	2	2868024	1			0
Picture	1	other				2903369	1	1999	3	0	1920
Sound	61	hit	1	8311	2	2915347	1			0
Picture	3	other				2950697	2	2000	3	0	1920
Sound	63	hit	2	5577	4	2962669	2			0
Picture	204	other				2997192	2	2000	3	0	1920
Sound	64	hit	2	6613	3	3009184	1			0
Picture	101	other				3043354	2	1999	4	0	1920
Sound	61	hit	1	4199	3	3055339	1			0
Picture	103	other				3089516	2	2000	3	0	1920
Sound	63	hit	2	3862	2	3101494	1			0
Picture	101	other				3137511	2	2000	3	0	1920
Sound	61	incorrect	2	7415	2	3149505	1			0
