Scenario - 17_March_2015
Logfile written - 07/21/2016 10:38:50

Subject	Trial	Event Type	Code	Time	TTime	Uncertainty	Duration	Uncertainty	ReqTime	ReqDur	Stim Type	Pair Index

yc19	1	Response	253	13098	22931	2
yc19	2	Picture	10	13163	0	2	20165	4	0	20000	other	0
yc19	3	Picture	10	33495	0	1	40162	3	0	40000	other	0
yc19	3	Response	251	49766	16271	2
yc19	4	Picture	10	73824	0	2	40162	4	0	40000	other	0
yc19	4	Response	252	88358	14534	2
yc19	5	Nothing	91	113988	0	1			0		other	0
yc19	6	Picture	204	144150	0	2	2000	3	0	1920	other	0
yc19	7	Sound	64	156124	0	1			0		hit	10
yc19	7	Response	252	160632	4508	2
yc19	8	Picture	222	190978	0	2	2000	4	0	1920	other	0
yc19	8	Sound	52	198377	7399	2			7400		other	0
yc19	9	Sound	62	202968	0	1			0		hit	14
yc19	9	Response	251	208435	5467	1
yc19	10	Picture	12	238307	0	2	2000	3	0	1920	other	0
yc19	10	Sound	51	243116	4809	1			4810		other	0
yc19	11	Sound	62	250290	0	1			0		hit	18
yc19	11	Response	251	255643	5353	1
yc19	12	Picture	204	286302	0	2	2000	4	0	1920	other	0
yc19	13	Sound	64	298301	0	1			0		hit	21
yc19	13	Response	252	304932	6631	2
yc19	14	Picture	22	332631	0	1	1999	3	0	1920	other	0
yc19	14	Sound	52	340740	8109	2			8110		other	0
yc19	15	Sound	62	344606	0	1			0		hit	25
yc19	15	Response	251	349175	4569	1
yc19	16	Picture	4	379126	0	2	2000	3	0	1920	other	0
yc19	17	Sound	64	391120	0	2			0		hit	28
yc19	17	Response	252	396544	5424	2
yc19	18	Picture	13	427121	0	2	2000	4	0	1920	other	0
yc19	18	Sound	51	432240	5119	1			5120		other	0
yc19	19	Sound	63	439101	0	2			0		hit	32
yc19	19	Response	252	443535	4434	1
yc19	20	Picture	103	473616	0	2	2000	4	0	1920	other	0
yc19	21	Sound	63	485616	0	1			0		hit	35
yc19	21	Response	252	490484	4868	1
yc19	22	Picture	3	520778	0	2	2000	4	0	1920	other	0
yc19	23	Sound	63	532759	0	1			0		hit	38
yc19	23	Response	252	538276	5517	1
yc19	24	Picture	2	568607	0	1	1999	3	0	1920	other	0
yc19	25	Sound	62	580590	0	1			0		hit	41
yc19	25	Response	251	584101	3511	1
yc19	26	Picture	101	614935	0	2	2000	3	0	1920	other	0
yc19	27	Sound	61	626925	0	1			0		hit	44
yc19	27	Response	251	631905	4980	1
yc19	28	Picture	1	662264	0	1	2000	2	0	1920	other	0
yc19	29	Sound	61	674247	0	1			0		hit	47
yc19	29	Response	251	678499	4252	2
yc19	30	Picture	3	710259	0	1	2000	2	0	1920	other	0
yc19	31	Sound	63	722258	0	1			0		hit	50
yc19	31	Response	252	727640	5382	1
yc19	32	Picture	1	757254	0	2	2000	3	0	1920	other	0
yc19	33	Sound	61	769251	0	2			0		hit	53
yc19	33	Response	251	773703	4452	1
yc19	34	Picture	3	803916	0	1	2000	2	0	1920	other	0
yc19	35	Sound	63	815915	0	2			0		hit	56
yc19	35	Response	252	821815	5900	2
yc19	36	Picture	214	851411	0	2	2000	3	0	1920	other	0
yc19	36	Sound	51	855960	4549	1			4550		other	0
yc19	37	Sound	64	863388	0	1			0		hit	60
yc19	37	Response	252	868093	4705	1
yc19	38	Picture	14	897573	0	2	2000	3	0	1920	other	0
yc19	38	Sound	51	902962	5389	2			5390		other	0
yc19	39	Sound	64	909573	0	1			0		hit	64
yc19	39	Response	252	913569	3996	1
yc19	40	Picture	202	944402	0	1	2000	2	0	1920	other	0
yc19	41	Sound	62	956386	0	1			0		hit	67
yc19	41	Response	251	961343	4957	2
yc19	42	Picture	4	991564	0	1	1999	3	0	1920	other	0
yc19	43	Sound	64	1003559	0	1			0		hit	70
yc19	43	Response	252	1010164	6605	1
yc19	44	Picture	101	1038725	0	2	2000	4	0	1920	other	0
yc19	45	Sound	61	1050702	0	1			0		hit	73
yc19	45	Response	251	1055062	4360	1
yc19	46	Picture	24	1085220	0	2	2001	3	0	1920	other	0
yc19	46	Sound	52	1091059	5839	1			5840		other	0
yc19	47	Sound	64	1097216	0	2			0		incorrect	77
yc19	47	Response	251	1100924	3708	1
yc19	48	Picture	103	1132882	0	2	2000	4	0	1920	other	0
yc19	49	Sound	63	1144868	0	1			0		hit	80
yc19	49	Response	252	1150162	5294	1
yc19	50	Picture	121	1180211	0	1	2000	2	0	1920	other	0
yc19	50	Sound	52	1188520	8309	1			8310		other	0
yc19	51	Sound	61	1192191	0	1			0		hit	84
yc19	51	Response	251	1197030	4839	1
yc19	52	Picture	103	1226540	0	1	1999	3	0	1920	other	0
yc19	53	Sound	63	1238525	0	2			0		hit	87
yc19	53	Response	252	1243830	5305	2
yc19	54	Picture	2	1273035	0	1	2000	2	0	1920	other	0
yc19	55	Sound	62	1285010	0	1			0		hit	90
yc19	55	Response	251	1288956	3946	1
yc19	56	Picture	111	1319530	0	2	2000	3	0	1920	other	0
yc19	56	Sound	51	1322570	3040	1			3040		other	0
yc19	57	Sound	61	1331524	0	1			0		hit	94
yc19	57	Response	251	1335349	3825	1
yc19	58	Picture	101	1365859	0	2	2000	3	0	1920	other	0
yc19	59	Sound	61	1377859	0	1			0		hit	97
yc19	59	Response	251	1382521	4662	1
yc19	60	Picture	103	1412687	0	2	2000	4	0	1920	other	0
yc19	61	Sound	63	1424673	0	1			0		hit	100
yc19	61	Response	252	1428920	4247	1
yc19	62	Picture	204	1460516	0	1	1999	3	0	1920	other	0
yc19	63	Sound	64	1472504	0	1			0		hit	103
yc19	63	Response	252	1477147	4643	2
yc19	64	Picture	4	1507678	0	1	2000	2	0	1920	other	0
yc19	65	Sound	64	1519677	0	1			0		hit	106
yc19	65	Response	252	1523451	3774	1
yc19	66	Picture	101	1554006	0	2	2000	3	0	1920	other	0
yc19	67	Sound	61	1565982	0	1			0		hit	109
yc19	67	Response	251	1571830	5848	1
yc19	68	Picture	202	1601168	0	1	2000	2	0	1920	other	0
yc19	69	Sound	62	1613154	0	2			0		hit	112
yc19	69	Response	251	1617907	4753	1
yc19	70	Picture	2	1647663	0	2	2000	4	0	1920	other	0
yc19	71	Sound	62	1659639	0	1			0		hit	115
yc19	71	Response	251	1666486	6847	1
yc19	72	Picture	113	1695325	0	2	2000	3	0	1920	other	0
yc19	72	Sound	51	1698194	2869	2			2870		other	0
yc19	73	Sound	63	1707321	0	1			0		hit	119
yc19	73	Response	252	1711281	3960	1
yc19	74	Picture	101	1742820	0	2	2000	4	0	1920	other	0
yc19	75	Sound	61	1754793	0	1			0		hit	122
yc19	75	Response	251	1760298	5505	1
yc19	76	Picture	204	1790982	0	2	2000	3	0	1920	other	0
yc19	77	Sound	64	1802953	0	2			0		hit	125
yc19	77	Response	252	1807503	4550	1
yc19	78	Picture	4	1837311	0	1	1999	3	0	1920	other	0
yc19	79	Sound	64	1849288	0	1			0		hit	128
yc19	79	Response	252	1854111	4823	1
yc19	80	Picture	103	1883639	0	2	2000	3	0	1920	other	0
yc19	81	Sound	63	1895623	0	1			0		hit	131
yc19	81	Response	252	1900510	4887	1
yc19	82	Picture	204	1930468	0	1	2000	2	0	1920	other	0
yc19	83	Sound	64	1942467	0	1			0		hit	134
yc19	83	Response	252	1946649	4182	1
yc19	84	Picture	202	1978296	0	2	2000	3	0	1920	other	0
yc19	85	Sound	62	1990268	0	1			0		hit	137
yc19	85	Response	251	1995265	4997	1
yc19	86	Picture	1	2025125	0	1	2000	2	0	1920	other	0
yc19	87	Sound	61	2037111	0	2			0		hit	140
yc19	87	Response	251	2044036	6925	2
yc19	88	Picture	2	2072453	0	2	2000	4	0	1920	other	0
yc19	89	Sound	62	2084434	0	1			0		hit	143
yc19	89	Response	251	2089071	4637	1
yc19	90	Picture	3	2120115	0	2	2000	3	0	1920	other	0
yc19	91	Sound	63	2132086	0	1			0		hit	146
yc19	91	Response	252	2136682	4596	1
yc19	92	Picture	1	2167944	0	1	1999	3	0	1920	other	0
yc19	93	Sound	61	2179917	0	1			0		hit	149
yc19	93	Response	251	2185240	5323	1
yc19	94	Picture	4	2215272	0	2	2000	3	0	1920	other	0
yc19	95	Sound	64	2227270	0	1			0		hit	152
yc19	95	Response	252	2232212	4942	1
yc19	96	Picture	3	2263100	0	2	2000	4	0	1920	other	0
yc19	97	Sound	63	2275071	0	1			0		hit	155
yc19	97	Response	252	2279837	4766	1
yc19	98	Picture	23	2310262	0	2	2000	4	0	1920	other	0
yc19	98	Sound	52	2316801	6539	2			6540		other	0
yc19	99	Sound	63	2322244	0	1			0		hit	159
yc19	99	Response	252	2326497	4253	2
yc19	100	Picture	3	2356591	0	1	2000	2	0	1920	other	0
yc19	101	Sound	63	2368579	0	1			0		hit	162
yc19	101	Response	252	2372834	4255	2
yc19	102	Picture	1	2402920	0	1	2000	2	0	1920	other	0
yc19	103	Sound	61	2414913	0	2			0		hit	165
yc19	103	Response	251	2420065	5152	2
yc19	104	Picture	103	2450581	0	2	2000	4	0	1920	other	0
yc19	105	Sound	63	2462565	0	1			0		hit	168
yc19	105	Response	252	2468350	5785	1
yc19	106	Picture	204	2497243	0	2	2000	4	0	1920	other	0
yc19	107	Sound	64	2509229	0	1			0		hit	171
yc19	107	Response	252	2514524	5295	1
yc19	108	Picture	202	2544405	0	2	2000	3	0	1920	other	0
yc19	109	Sound	62	2556402	0	1			0		hit	174
yc19	109	Response	251	2561958	5556	1
yc19	110	Picture	202	2591734	0	1	2000	2	0	1920	other	0
yc19	111	Sound	62	2603724	0	2			0		hit	177
yc19	111	Response	251	2608954	5230	2
yc19	112	Picture	2	2639229	0	1	2000	2	0	1920	other	0
yc19	113	Sound	62	2651227	0	1			0		hit	180
yc19	113	Response	251	2655474	4247	1
yc19	114	Picture	1	2686557	0	2	2000	3	0	1920	other	0
yc19	115	Sound	61	2698549	0	1			0		hit	183
yc19	115	Response	251	2703507	4958	1
yc19	116	Picture	224	2734219	0	2	2000	3	0	1920	other	0
yc19	116	Sound	52	2739838	5619	2			5620		other	0
yc19	117	Sound	64	2746201	0	1			0		hit	187
yc19	117	Response	252	2750460	4259	1
yc19	118	Picture	11	2780881	0	1	2000	2	0	1920	other	0
yc19	118	Sound	51	2785720	4839	2			4840		other	0
yc19	119	Sound	61	2792865	0	1			0		hit	191
yc19	119	Response	251	2796765	3900	1
yc19	120	Picture	202	2827876	0	2	2000	3	0	1920	other	0
yc19	121	Sound	62	2839858	0	1			0		hit	194
yc19	121	Response	251	2845261	5403	2
yc19	122	Picture	123	2875038	0	1	2000	2	0	1920	other	0
yc19	122	Sound	52	2883437	8399	1			8400		other	0
yc19	123	Sound	63	2887031	0	1			0		hit	198
yc19	123	Response	252	2892885	5854	1
yc19	124	Picture	21	2922033	0	2	2000	3	0	1920	other	0
yc19	124	Sound	52	2928032	5999	1			6000		other	0
yc19	125	Sound	61	2934024	0	1			0		hit	202
yc19	125	Response	251	2939379	5355	2
yc19	126	Picture	2	2968529	0	1	1999	3	0	1920	other	0
yc19	127	Sound	62	2980509	0	1			0		hit	205
yc19	127	Response	251	2986504	5995	1
yc19	128	Picture	101	3015190	0	2	2000	4	0	1920	other	0
yc19	129	Sound	61	3027173	0	1			0		hit	208
yc19	129	Response	251	3033316	6143	1
yc19	130	Picture	4	3063185	0	2	2000	4	0	1920	other	0
yc19	131	Sound	64	3075183	0	2			0		hit	211
yc19	131	Response	252	3080771	5588	1
yc19	132	Picture	212	3111014	0	2	2000	3	0	1920	other	0
yc19	132	Sound	51	3115863	4849	1			4850		other	0
yc19	133	Sound	62	3122985	0	1			0		hit	215
yc19	133	Response	251	3127378	4393	2
yc19	134	Response	253	3272753	113910	2


Event Type	Code	Type	Response	RT	RT Uncertainty	Time	Uncertainty	Duration	Uncertainty	ReqTime	ReqDur

Picture	10	other				13163	2	20165	4	0	20000
Picture	10	other				33495	1	40162	3	0	40000
Picture	10	other				73824	2	40162	4	0	40000
Nothing	91	other				113988	1			0
Picture	204	other				144150	2	2000	3	0	1920
Sound	64	hit	2	4508	3	156124	1			0
Picture	222	other				190978	2	2000	4	0	1920
Sound	52	other				198377	2			7400
Sound	62	hit	1	5467	2	202968	1			0
Picture	12	other				238307	2	2000	3	0	1920
Sound	51	other				243116	1			4810
Sound	62	hit	1	5353	2	250290	1			0
Picture	204	other				286302	2	2000	4	0	1920
Sound	64	hit	2	6631	3	298301	1			0
Picture	22	other				332631	1	1999	3	0	1920
Sound	52	other				340740	2			8110
Sound	62	hit	1	4569	2	344606	1			0
Picture	4	other				379126	2	2000	3	0	1920
Sound	64	hit	2	5424	4	391120	2			0
Picture	13	other				427121	2	2000	4	0	1920
Sound	51	other				432240	1			5120
Sound	63	hit	2	4434	3	439101	2			0
Picture	103	other				473616	2	2000	4	0	1920
Sound	63	hit	2	4868	2	485616	1			0
Picture	3	other				520778	2	2000	4	0	1920
Sound	63	hit	2	5517	2	532759	1			0
Picture	2	other				568607	1	1999	3	0	1920
Sound	62	hit	1	3511	2	580590	1			0
Picture	101	other				614935	2	2000	3	0	1920
Sound	61	hit	1	4980	2	626925	1			0
Picture	1	other				662264	1	2000	2	0	1920
Sound	61	hit	1	4252	3	674247	1			0
Picture	3	other				710259	1	2000	2	0	1920
Sound	63	hit	2	5382	2	722258	1			0
Picture	1	other				757254	2	2000	3	0	1920
Sound	61	hit	1	4452	3	769251	2			0
Picture	3	other				803916	1	2000	2	0	1920
Sound	63	hit	2	5900	4	815915	2			0
Picture	214	other				851411	2	2000	3	0	1920
Sound	51	other				855960	1			4550
Sound	64	hit	2	4705	2	863388	1			0
Picture	14	other				897573	2	2000	3	0	1920
Sound	51	other				902962	2			5390
Sound	64	hit	2	3996	2	909573	1			0
Picture	202	other				944402	1	2000	2	0	1920
Sound	62	hit	1	4957	3	956386	1			0
Picture	4	other				991564	1	1999	3	0	1920
Sound	64	hit	2	6605	2	1003559	1			0
Picture	101	other				1038725	2	2000	4	0	1920
Sound	61	hit	1	4360	2	1050702	1			0
Picture	24	other				1085220	2	2001	3	0	1920
Sound	52	other				1091059	1			5840
Sound	64	incorrect	1	3708	3	1097216	2			0
Picture	103	other				1132882	2	2000	4	0	1920
Sound	63	hit	2	5294	2	1144868	1			0
Picture	121	other				1180211	1	2000	2	0	1920
Sound	52	other				1188520	1			8310
Sound	61	hit	1	4839	2	1192191	1			0
Picture	103	other				1226540	1	1999	3	0	1920
Sound	63	hit	2	5305	4	1238525	2			0
Picture	2	other				1273035	1	2000	2	0	1920
Sound	62	hit	1	3946	2	1285010	1			0
Picture	111	other				1319530	2	2000	3	0	1920
Sound	51	other				1322570	1			3040
Sound	61	hit	1	3825	2	1331524	1			0
Picture	101	other				1365859	2	2000	3	0	1920
Sound	61	hit	1	4662	2	1377859	1			0
Picture	103	other				1412687	2	2000	4	0	1920
Sound	63	hit	2	4247	2	1424673	1			0
Picture	204	other				1460516	1	1999	3	0	1920
Sound	64	hit	2	4643	3	1472504	1			0
Picture	4	other				1507678	1	2000	2	0	1920
Sound	64	hit	2	3774	2	1519677	1			0
Picture	101	other				1554006	2	2000	3	0	1920
Sound	61	hit	1	5848	2	1565982	1			0
Picture	202	other				1601168	1	2000	2	0	1920
Sound	62	hit	1	4753	3	1613154	2			0
Picture	2	other				1647663	2	2000	4	0	1920
Sound	62	hit	1	6847	2	1659639	1			0
Picture	113	other				1695325	2	2000	3	0	1920
Sound	51	other				1698194	2			2870
Sound	63	hit	2	3960	2	1707321	1			0
Picture	101	other				1742820	2	2000	4	0	1920
Sound	61	hit	1	5505	2	1754793	1			0
Picture	204	other				1790982	2	2000	3	0	1920
Sound	64	hit	2	4550	3	1802953	2			0
Picture	4	other				1837311	1	1999	3	0	1920
Sound	64	hit	2	4823	2	1849288	1			0
Picture	103	other				1883639	2	2000	3	0	1920
Sound	63	hit	2	4887	2	1895623	1			0
Picture	204	other				1930468	1	2000	2	0	1920
Sound	64	hit	2	4182	2	1942467	1			0
Picture	202	other				1978296	2	2000	3	0	1920
Sound	62	hit	1	4997	2	1990268	1			0
Picture	1	other				2025125	1	2000	2	0	1920
Sound	61	hit	1	6925	4	2037111	2			0
Picture	2	other				2072453	2	2000	4	0	1920
Sound	62	hit	1	4637	2	2084434	1			0
Picture	3	other				2120115	2	2000	3	0	1920
Sound	63	hit	2	4596	2	2132086	1			0
Picture	1	other				2167944	1	1999	3	0	1920
Sound	61	hit	1	5323	2	2179917	1			0
Picture	4	other				2215272	2	2000	3	0	1920
Sound	64	hit	2	4942	2	2227270	1			0
Picture	3	other				2263100	2	2000	4	0	1920
Sound	63	hit	2	4766	2	2275071	1			0
Picture	23	other				2310262	2	2000	4	0	1920
Sound	52	other				2316801	2			6540
Sound	63	hit	2	4253	3	2322244	1			0
Picture	3	other				2356591	1	2000	2	0	1920
Sound	63	hit	2	4255	3	2368579	1			0
Picture	1	other				2402920	1	2000	2	0	1920
Sound	61	hit	1	5152	4	2414913	2			0
Picture	103	other				2450581	2	2000	4	0	1920
Sound	63	hit	2	5785	2	2462565	1			0
Picture	204	other				2497243	2	2000	4	0	1920
Sound	64	hit	2	5295	2	2509229	1			0
Picture	202	other				2544405	2	2000	3	0	1920
Sound	62	hit	1	5556	2	2556402	1			0
Picture	202	other				2591734	1	2000	2	0	1920
Sound	62	hit	1	5230	4	2603724	2			0
Picture	2	other				2639229	1	2000	2	0	1920
Sound	62	hit	1	4247	2	2651227	1			0
Picture	1	other				2686557	2	2000	3	0	1920
Sound	61	hit	1	4958	2	2698549	1			0
Picture	224	other				2734219	2	2000	3	0	1920
Sound	52	other				2739838	2			5620
Sound	64	hit	2	4259	2	2746201	1			0
Picture	11	other				2780881	1	2000	2	0	1920
Sound	51	other				2785720	2			4840
Sound	61	hit	1	3900	2	2792865	1			0
Picture	202	other				2827876	2	2000	3	0	1920
Sound	62	hit	1	5403	3	2839858	1			0
Picture	123	other				2875038	1	2000	2	0	1920
Sound	52	other				2883437	1			8400
Sound	63	hit	2	5854	2	2887031	1			0
Picture	21	other				2922033	2	2000	3	0	1920
Sound	52	other				2928032	1			6000
Sound	61	hit	1	5355	3	2934024	1			0
Picture	2	other				2968529	1	1999	3	0	1920
Sound	62	hit	1	5995	2	2980509	1			0
Picture	101	other				3015190	2	2000	4	0	1920
Sound	61	hit	1	6143	2	3027173	1			0
Picture	4	other				3063185	2	2000	4	0	1920
Sound	64	hit	2	5588	3	3075183	2			0
Picture	212	other				3111014	2	2000	3	0	1920
Sound	51	other				3115863	1			4850
Sound	62	hit	1	4393	3	3122985	1			0
