Scenario - 17_March_2015
Logfile written - 07/21/2016 10:12:09

Subject	Trial	Event Type	Code	Time	TTime	Uncertainty	Duration	Uncertainty	ReqTime	ReqDur	Stim Type	Pair Index

yc19	1	Response	253	13402	23236	1
yc19	2	Picture	10	13496	0	2	20165	3	0	20000	other	0
yc19	3	Picture	10	33828	0	1	40162	3	0	40000	other	0
yc19	3	Response	251	51570	17742	1
yc19	4	Picture	10	74157	0	1	40163	2	0	40000	other	0
yc19	4	Response	252	89337	15180	1
yc19	5	Nothing	91	114321	0	2			0		other	0
yc19	6	Picture	202	144483	0	2	2000	3	0	1920	other	0
yc19	7	Sound	62	156454	0	1			0		hit	10
yc19	7	Response	251	160675	4221	1
yc19	8	Picture	2	191145	0	2	2000	3	0	1920	other	0
yc19	9	Sound	62	203118	0	1			0		hit	13
yc19	9	Response	251	207777	4659	2
yc19	10	Picture	113	237640	0	2	2000	4	0	1920	other	0
yc19	10	Sound	51	240959	3319	2			3320		other	0
yc19	11	Sound	63	249632	0	2			0		incorrect	17
yc19	11	Response	251	254124	4492	1
yc19	12	Picture	1	285302	0	2	2000	3	0	1920	other	0
yc19	13	Sound	61	297284	0	1			0		hit	20
yc19	13	Response	251	306588	9304	1
yc19	14	Picture	101	331964	0	1	2000	2	0	1920	other	0
yc19	15	Sound	61	343948	0	1			0		hit	23
yc19	15	Response	251	349258	5310	2
yc19	16	Picture	212	379626	0	1	2000	2	0	1920	other	0
yc19	16	Sound	51	384485	4859	1			4860		other	0
yc19	17	Sound	62	391600	0	1			0		hit	27
yc19	17	Response	251	397636	6036	2
yc19	18	Picture	2	426954	0	2	2000	3	0	1920	other	0
yc19	19	Sound	62	438952	0	2			0		hit	30
yc19	19	Response	251	444824	5872	1
yc19	20	Picture	24	473783	0	1	2000	2	0	1920	other	0
yc19	20	Sound	52	481112	7329	2			7330		other	0
yc19	21	Sound	64	485766	0	1			0		incorrect	34
yc19	21	Response	251	495275	9509	1
yc19	22	Picture	12	520111	0	2	2000	4	0	1920	other	0
yc19	22	Sound	51	525010	4899	2			4900		other	0
yc19	23	Sound	62	532101	0	1			0		hit	38
yc19	23	Response	251	537946	5845	2
yc19	24	Picture	1	567273	0	2	2000	4	0	1920	other	0
yc19	25	Sound	61	579244	0	1			0		hit	41
yc19	25	Response	251	587045	7801	1
yc19	26	Picture	2	614769	0	1	1999	3	0	1920	other	0
yc19	27	Sound	62	626746	0	1			0		hit	44
yc19	27	Response	251	632192	5446	1
yc19	28	Picture	4	660930	0	2	2000	4	0	1920	other	0
yc19	29	Sound	64	672901	0	1			0		hit	47
yc19	29	Response	252	678857	5956	1
yc19	30	Picture	111	708092	0	2	2000	3	0	1920	other	0
yc19	30	Sound	51	713021	4929	2			4930		other	0
yc19	31	Sound	61	720074	0	1			0		hit	51
yc19	31	Response	251	724636	4562	2
yc19	32	Picture	204	754421	0	2	2000	3	0	1920	other	0
yc19	33	Sound	64	766409	0	1			0		hit	54
yc19	33	Response	252	770458	4049	1
yc19	34	Picture	202	802250	0	1	1999	3	0	1920	other	0
yc19	35	Sound	62	814240	0	1			0		hit	57
yc19	35	Response	251	820404	6164	1
yc19	36	Picture	3	848911	0	2	2000	4	0	1920	other	0
yc19	37	Sound	63	860904	0	1			0		hit	60
yc19	37	Response	252	866334	5430	2
yc19	38	Picture	202	895740	0	1	2000	2	0	1920	other	0
yc19	39	Sound	62	907718	0	1			0		hit	63
yc19	39	Response	251	912938	5220	1
yc19	40	Picture	2	943568	0	2	2000	3	0	1920	other	0
yc19	41	Sound	62	955549	0	1			0		hit	66
yc19	41	Response	251	959510	3961	1
yc19	42	Picture	3	990063	0	2	2000	4	0	1920	other	0
yc19	43	Sound	63	1002033	0	2			0		hit	69
yc19	43	Response	252	1006635	4602	1
yc19	44	Picture	101	1037726	0	1	1999	3	0	1920	other	0
yc19	45	Sound	61	1049715	0	1			0		hit	72
yc19	45	Response	251	1054914	5199	2
yc19	46	Picture	21	1085721	0	1	1999	3	0	1920	other	0
yc19	46	Sound	52	1092180	6459	2			6460		other	0
yc19	47	Sound	61	1097696	0	1			0		hit	76
yc19	47	Response	251	1103897	6201	1
yc19	48	Picture	204	1133383	0	1	1999	3	0	1920	other	0
yc19	49	Sound	64	1145378	0	1			0		hit	79
yc19	49	Response	252	1151635	6257	2
yc19	50	Picture	23	1179711	0	1	2000	2	0	1920	other	0
yc19	50	Sound	52	1185830	6119	1			6120		other	0
yc19	51	Sound	63	1191683	0	1			0		hit	83
yc19	51	Response	252	1196664	4981	2
yc19	52	Picture	3	1227373	0	1	1999	3	0	1920	other	0
yc19	53	Sound	63	1239364	0	2			0		hit	86
yc19	53	Response	252	1245751	6387	1
yc19	54	Picture	103	1273535	0	1	2000	2	0	1920	other	0
yc19	55	Sound	63	1285519	0	2			0		hit	89
yc19	55	Response	252	1289806	4287	1
yc19	56	Picture	103	1320530	0	1	2000	2	0	1920	other	0
yc19	57	Sound	63	1332513	0	1			0		hit	92
yc19	57	Response	252	1336871	4358	1
yc19	58	Picture	1	1367192	0	1	2000	2	0	1920	other	0
yc19	59	Sound	61	1379177	0	1			0		hit	95
yc19	59	Response	251	1385454	6277	1
yc19	60	Picture	4	1414687	0	1	2000	2	0	1920	other	0
yc19	61	Sound	64	1426679	0	1			0		hit	98
yc19	61	Response	252	1433365	6686	1
yc19	62	Picture	214	1461182	0	2	2000	4	0	1920	other	0
yc19	62	Sound	51	1465891	4709	2			4710		other	0
yc19	63	Sound	64	1473163	0	2			0		hit	102
yc19	63	Response	252	1478900	5737	1
yc19	64	Picture	204	1508344	0	2	2000	4	0	1920	other	0
yc19	65	Sound	64	1520336	0	1			0		hit	105
yc19	65	Response	252	1525776	5440	2
yc19	66	Picture	202	1556006	0	2	2000	3	0	1920	other	0
yc19	67	Sound	62	1567988	0	1			0		hit	108
yc19	67	Response	251	1574962	6974	1
yc19	68	Picture	101	1602335	0	1	1999	3	0	1920	other	0
yc19	69	Sound	61	1614323	0	1			0		hit	111
yc19	69	Response	251	1620268	5945	1
yc19	70	Picture	11	1648830	0	1	2000	2	0	1920	other	0
yc19	70	Sound	51	1652259	3429	2			3430		other	0
yc19	71	Sound	61	1660807	0	1			0		hit	115
yc19	71	Response	251	1665424	4617	2
yc19	72	Picture	222	1695825	0	1	2000	2	0	1920	other	0
yc19	72	Sound	52	1702924	7099	2			7100		other	0
yc19	73	Sound	62	1707800	0	1			0		hit	119
yc19	73	Response	251	1712184	4384	1
yc19	74	Picture	4	1742987	0	1	2000	2	0	1920	other	0
yc19	75	Sound	64	1754973	0	1			0		hit	122
yc19	75	Response	252	1761059	6086	2
yc19	76	Picture	3	1789482	0	1	2000	2	0	1920	other	0
yc19	77	Sound	63	1801458	0	1			0		hit	125
yc19	77	Response	252	1807517	6059	2
yc19	78	Picture	22	1835811	0	1	2000	2	0	1920	other	0
yc19	78	Sound	52	1842510	6699	1			6700		other	0
yc19	79	Sound	62	1847792	0	2			0		hit	129
yc19	79	Response	251	1853152	5360	1
yc19	80	Picture	202	1882973	0	1	2000	2	0	1920	other	0
yc19	81	Sound	62	1894965	0	1			0		hit	132
yc19	81	Response	251	1903867	8902	1
yc19	82	Picture	1	1931134	0	2	2000	3	0	1920	other	0
yc19	83	Sound	61	1943126	0	1			0		hit	135
yc19	83	Response	251	1949167	6041	2
yc19	84	Picture	204	1978963	0	1	1999	3	0	1920	other	0
yc19	85	Sound	64	1990957	0	1			0		hit	138
yc19	85	Response	252	1995492	4535	1
yc19	86	Picture	101	2025125	0	1	2000	2	0	1920	other	0
yc19	87	Sound	61	2037112	0	1			0		hit	141
yc19	87	Response	251	2042997	5885	1
yc19	88	Picture	101	2071787	0	1	1999	3	0	1920	other	0
yc19	89	Sound	61	2083776	0	2			0		hit	144
yc19	89	Response	251	2089586	5810	1
yc19	90	Picture	1	2119615	0	2	2000	3	0	1920	other	0
yc19	91	Sound	61	2131608	0	1			0		hit	147
yc19	91	Response	251	2136366	4758	1
yc19	92	Picture	4	2167110	0	2	2000	4	0	1920	other	0
yc19	93	Sound	64	2179110	0	1			0		hit	150
yc19	93	Response	252	2186310	7200	1
yc19	94	Picture	101	2213939	0	1	2000	2	0	1920	other	0
yc19	95	Sound	61	2225923	0	2			0		hit	153
yc19	95	Response	251	2232436	6513	2
yc19	96	Picture	3	2260934	0	2	2000	3	0	1920	other	0
yc19	97	Sound	63	2272917	0	1			0		hit	156
yc19	97	Response	252	2278615	5698	1
yc19	98	Picture	14	2308763	0	1	1999	3	0	1920	other	0
yc19	98	Sound	51	2313962	5199	2			5200		other	0
yc19	99	Sound	64	2320748	0	1			0		hit	160
yc19	99	Response	252	2324969	4221	1
yc19	100	Picture	103	2356091	0	1	2000	2	0	1920	other	0
yc19	101	Sound	63	2368071	0	1			0		hit	163
yc19	101	Response	252	2372642	4571	1
yc19	102	Picture	2	2403253	0	1	2000	2	0	1920	other	0
yc19	103	Sound	62	2415243	0	2			0		hit	166
yc19	103	Response	251	2419216	3973	1
yc19	104	Picture	4	2450915	0	1	1999	3	0	1920	other	0
yc19	105	Sound	64	2462895	0	1			0		hit	169
yc19	105	Response	252	2468102	5207	2
yc19	106	Picture	103	2498243	0	2	2000	3	0	1920	other	0
yc19	107	Sound	63	2510218	0	1			0		hit	172
yc19	107	Response	252	2515289	5071	1
yc19	108	Picture	121	2545905	0	1	2000	2	0	1920	other	0
yc19	108	Sound	52	2552814	6909	2			6910		other	0
yc19	109	Sound	61	2557899	0	2			0		hit	176
yc19	109	Response	251	2564036	6137	2
yc19	110	Picture	3	2592567	0	1	2000	2	0	1920	other	0
yc19	111	Sound	63	2604563	0	2			0		hit	179
yc19	111	Response	252	2609832	5269	1
yc19	112	Picture	202	2640229	0	1	2000	2	0	1920	other	0
yc19	113	Sound	62	2652215	0	1			0		hit	182
yc19	113	Response	251	2656082	3867	1
yc19	114	Picture	13	2686391	0	1	1999	3	0	1920	other	0
yc19	114	Sound	51	2688960	2569	1			2570		other	0
yc19	115	Sound	63	2698370	0	2			0		hit	186
yc19	115	Response	252	2702374	4004	1
yc19	116	Picture	123	2732719	0	2	2000	3	0	1920	other	0
yc19	116	Sound	52	2738298	5579	1			5580		other	0
yc19	117	Sound	63	2744705	0	1			0		hit	190
yc19	117	Response	252	2748773	4068	1
yc19	118	Picture	2	2780548	0	1	2000	2	0	1920	other	0
yc19	119	Sound	62	2792536	0	2			0		hit	193
yc19	119	Response	251	2796891	4355	1
yc19	120	Picture	204	2826876	0	2	2000	4	0	1920	other	0
yc19	121	Sound	64	2838871	0	1			0		hit	196
yc19	121	Response	252	2844338	5467	2
yc19	122	Picture	4	2873538	0	2	2000	3	0	1920	other	0
yc19	123	Sound	64	2885535	0	1			0		hit	199
yc19	123	Response	252	2891343	5808	2
yc19	124	Picture	224	2920200	0	2	2000	3	0	1920	other	0
yc19	124	Sound	52	2926529	6329	2			6330		other	0
yc19	125	Sound	64	2932199	0	1			0		hit	203
yc19	125	Response	252	2937029	4830	2
yc19	126	Picture	103	2967529	0	1	1999	3	0	1920	other	0
yc19	127	Sound	63	2979522	0	1			0		hit	206
yc19	127	Response	252	2985536	6014	1
yc19	128	Picture	1	3015690	0	2	2000	4	0	1920	other	0
yc19	129	Sound	61	3027682	0	1			0		hit	209
yc19	129	Response	251	3033248	5566	2
yc19	130	Picture	103	3063352	0	2	2000	3	0	1920	other	0
yc19	131	Sound	63	3075334	0	1			0		hit	212
yc19	131	Response	252	3082932	7598	1
yc19	132	Picture	204	3110181	0	1	2000	2	0	1920	other	0
yc19	133	Sound	64	3122178	0	1			0		hit	215
yc19	133	Response	252	3126347	4169	1
yc19	134	Response	253	3250737	92561	2


Event Type	Code	Type	Response	RT	RT Uncertainty	Time	Uncertainty	Duration	Uncertainty	ReqTime	ReqDur

Picture	10	other				13496	2	20165	3	0	20000
Picture	10	other				33828	1	40162	3	0	40000
Picture	10	other				74157	1	40163	2	0	40000
Nothing	91	other				114321	2			0
Picture	202	other				144483	2	2000	3	0	1920
Sound	62	hit	1	4221	2	156454	1			0
Picture	2	other				191145	2	2000	3	0	1920
Sound	62	hit	1	4659	3	203118	1			0
Picture	113	other				237640	2	2000	4	0	1920
Sound	51	other				240959	2			3320
Sound	63	incorrect	1	4492	3	249632	2			0
Picture	1	other				285302	2	2000	3	0	1920
Sound	61	hit	1	9304	2	297284	1			0
Picture	101	other				331964	1	2000	2	0	1920
Sound	61	hit	1	5310	3	343948	1			0
Picture	212	other				379626	1	2000	2	0	1920
Sound	51	other				384485	1			4860
Sound	62	hit	1	6036	3	391600	1			0
Picture	2	other				426954	2	2000	3	0	1920
Sound	62	hit	1	5872	3	438952	2			0
Picture	24	other				473783	1	2000	2	0	1920
Sound	52	other				481112	2			7330
Sound	64	incorrect	1	9509	2	485766	1			0
Picture	12	other				520111	2	2000	4	0	1920
Sound	51	other				525010	2			4900
Sound	62	hit	1	5845	3	532101	1			0
Picture	1	other				567273	2	2000	4	0	1920
Sound	61	hit	1	7801	2	579244	1			0
Picture	2	other				614769	1	1999	3	0	1920
Sound	62	hit	1	5446	2	626746	1			0
Picture	4	other				660930	2	2000	4	0	1920
Sound	64	hit	2	5956	2	672901	1			0
Picture	111	other				708092	2	2000	3	0	1920
Sound	51	other				713021	2			4930
Sound	61	hit	1	4562	3	720074	1			0
Picture	204	other				754421	2	2000	3	0	1920
Sound	64	hit	2	4049	2	766409	1			0
Picture	202	other				802250	1	1999	3	0	1920
Sound	62	hit	1	6164	2	814240	1			0
Picture	3	other				848911	2	2000	4	0	1920
Sound	63	hit	2	5430	3	860904	1			0
Picture	202	other				895740	1	2000	2	0	1920
Sound	62	hit	1	5220	2	907718	1			0
Picture	2	other				943568	2	2000	3	0	1920
Sound	62	hit	1	3961	2	955549	1			0
Picture	3	other				990063	2	2000	4	0	1920
Sound	63	hit	2	4602	3	1002033	2			0
Picture	101	other				1037726	1	1999	3	0	1920
Sound	61	hit	1	5199	3	1049715	1			0
Picture	21	other				1085721	1	1999	3	0	1920
Sound	52	other				1092180	2			6460
Sound	61	hit	1	6201	2	1097696	1			0
Picture	204	other				1133383	1	1999	3	0	1920
Sound	64	hit	2	6257	3	1145378	1			0
Picture	23	other				1179711	1	2000	2	0	1920
Sound	52	other				1185830	1			6120
Sound	63	hit	2	4981	3	1191683	1			0
Picture	3	other				1227373	1	1999	3	0	1920
Sound	63	hit	2	6387	3	1239364	2			0
Picture	103	other				1273535	1	2000	2	0	1920
Sound	63	hit	2	4287	3	1285519	2			0
Picture	103	other				1320530	1	2000	2	0	1920
Sound	63	hit	2	4358	2	1332513	1			0
Picture	1	other				1367192	1	2000	2	0	1920
Sound	61	hit	1	6277	2	1379177	1			0
Picture	4	other				1414687	1	2000	2	0	1920
Sound	64	hit	2	6686	2	1426679	1			0
Picture	214	other				1461182	2	2000	4	0	1920
Sound	51	other				1465891	2			4710
Sound	64	hit	2	5737	3	1473163	2			0
Picture	204	other				1508344	2	2000	4	0	1920
Sound	64	hit	2	5440	3	1520336	1			0
Picture	202	other				1556006	2	2000	3	0	1920
Sound	62	hit	1	6974	2	1567988	1			0
Picture	101	other				1602335	1	1999	3	0	1920
Sound	61	hit	1	5945	2	1614323	1			0
Picture	11	other				1648830	1	2000	2	0	1920
Sound	51	other				1652259	2			3430
Sound	61	hit	1	4617	3	1660807	1			0
Picture	222	other				1695825	1	2000	2	0	1920
Sound	52	other				1702924	2			7100
Sound	62	hit	1	4384	2	1707800	1			0
Picture	4	other				1742987	1	2000	2	0	1920
Sound	64	hit	2	6086	3	1754973	1			0
Picture	3	other				1789482	1	2000	2	0	1920
Sound	63	hit	2	6059	3	1801458	1			0
Picture	22	other				1835811	1	2000	2	0	1920
Sound	52	other				1842510	1			6700
Sound	62	hit	1	5360	3	1847792	2			0
Picture	202	other				1882973	1	2000	2	0	1920
Sound	62	hit	1	8902	2	1894965	1			0
Picture	1	other				1931134	2	2000	3	0	1920
Sound	61	hit	1	6041	3	1943126	1			0
Picture	204	other				1978963	1	1999	3	0	1920
Sound	64	hit	2	4535	2	1990957	1			0
Picture	101	other				2025125	1	2000	2	0	1920
Sound	61	hit	1	5885	2	2037112	1			0
Picture	101	other				2071787	1	1999	3	0	1920
Sound	61	hit	1	5810	3	2083776	2			0
Picture	1	other				2119615	2	2000	3	0	1920
Sound	61	hit	1	4758	2	2131608	1			0
Picture	4	other				2167110	2	2000	4	0	1920
Sound	64	hit	2	7200	2	2179110	1			0
Picture	101	other				2213939	1	2000	2	0	1920
Sound	61	hit	1	6513	4	2225923	2			0
Picture	3	other				2260934	2	2000	3	0	1920
Sound	63	hit	2	5698	2	2272917	1			0
Picture	14	other				2308763	1	1999	3	0	1920
Sound	51	other				2313962	2			5200
Sound	64	hit	2	4221	2	2320748	1			0
Picture	103	other				2356091	1	2000	2	0	1920
Sound	63	hit	2	4571	2	2368071	1			0
Picture	2	other				2403253	1	2000	2	0	1920
Sound	62	hit	1	3973	3	2415243	2			0
Picture	4	other				2450915	1	1999	3	0	1920
Sound	64	hit	2	5207	3	2462895	1			0
Picture	103	other				2498243	2	2000	3	0	1920
Sound	63	hit	2	5071	2	2510218	1			0
Picture	121	other				2545905	1	2000	2	0	1920
Sound	52	other				2552814	2			6910
Sound	61	hit	1	6137	4	2557899	2			0
Picture	3	other				2592567	1	2000	2	0	1920
Sound	63	hit	2	5269	3	2604563	2			0
Picture	202	other				2640229	1	2000	2	0	1920
Sound	62	hit	1	3867	2	2652215	1			0
Picture	13	other				2686391	1	1999	3	0	1920
Sound	51	other				2688960	1			2570
Sound	63	hit	2	4004	3	2698370	2			0
Picture	123	other				2732719	2	2000	3	0	1920
Sound	52	other				2738298	1			5580
Sound	63	hit	2	4068	2	2744705	1			0
Picture	2	other				2780548	1	2000	2	0	1920
Sound	62	hit	1	4355	3	2792536	2			0
Picture	204	other				2826876	2	2000	4	0	1920
Sound	64	hit	2	5467	3	2838871	1			0
Picture	4	other				2873538	2	2000	3	0	1920
Sound	64	hit	2	5808	3	2885535	1			0
Picture	224	other				2920200	2	2000	3	0	1920
Sound	52	other				2926529	2			6330
Sound	64	hit	2	4830	3	2932199	1			0
Picture	103	other				2967529	1	1999	3	0	1920
Sound	63	hit	2	6014	2	2979522	1			0
Picture	1	other				3015690	2	2000	4	0	1920
Sound	61	hit	1	5566	3	3027682	1			0
Picture	103	other				3063352	2	2000	3	0	1920
Sound	63	hit	2	7598	2	3075334	1			0
Picture	204	other				3110181	1	2000	2	0	1920
Sound	64	hit	2	4169	2	3122178	1			0
