Scenario - 17_March_2015
Logfile written - 07/21/2016 11:09:41

Subject	Trial	Event Type	Code	Time	TTime	Uncertainty	Duration	Uncertainty	ReqTime	ReqDur	Stim Type	Pair Index

yc19	1	Response	253	15787	25620	1
yc19	2	Picture	10	15830	0	1	20164	3	0	20000	other	0
yc19	3	Picture	10	36161	0	1	40163	2	0	40000	other	0
yc19	3	Response	251	50036	13875	1
yc19	4	Picture	10	76490	0	2	40163	3	0	40000	other	0
yc19	4	Response	252	90792	14302	1
yc19	5	Nothing	91	116655	0	1			0		other	0
yc19	6	Picture	12	146816	0	2	2000	4	0	1920	other	0
yc19	6	Sound	51	151925	5109	2			5110		other	0
yc19	7	Sound	62	158788	0	2			0		hit	11
yc19	7	Response	251	162756	3968	1
yc19	8	Picture	3	193479	0	1	1999	3	0	1920	other	0
yc19	9	Sound	63	205452	0	1			0		hit	14
yc19	9	Response	252	210623	5171	2
yc19	10	Picture	22	240807	0	1	2000	2	0	1920	other	0
yc19	10	Sound	52	249046	8239	2			8240		other	0
yc19	11	Sound	62	252805	0	1			0		hit	18
yc19	11	Response	251	257645	4840	1
yc19	12	Picture	204	286969	0	1	1999	3	0	1920	other	0
yc19	13	Sound	64	298960	0	1			0		hit	21
yc19	13	Response	252	308485	9525	1
yc19	14	Picture	204	333631	0	1	1999	3	0	1920	other	0
yc19	15	Sound	64	345624	0	1			0		hit	24
yc19	15	Response	252	350074	4450	1
yc19	16	Picture	2	381126	0	2	2000	3	0	1920	other	0
yc19	17	Sound	62	393126	0	1			0		hit	27
yc19	17	Response	251	401370	8244	1
yc19	18	Picture	2	427788	0	1	1999	3	0	1920	other	0
yc19	19	Sound	62	439760	0	1			0		hit	30
yc19	19	Response	251	444185	4425	1
yc19	20	Picture	204	474116	0	2	2000	4	0	1920	other	0
yc19	21	Sound	64	486095	0	1			0		hit	33
yc19	21	Response	252	490874	4779	1
yc19	22	Picture	1	520445	0	2	2000	3	0	1920	other	0
yc19	23	Sound	61	532430	0	1			0		hit	36
yc19	23	Response	251	538297	5867	2
yc19	24	Picture	123	567607	0	1	1999	3	0	1920	other	0
yc19	24	Sound	52	574676	7069	2			7070		other	0
yc19	25	Sound	63	579602	0	2			0		hit	40
yc19	25	Response	252	583231	3629	1
yc19	26	Picture	103	614102	0	2	2000	3	0	1920	other	0
yc19	27	Sound	63	626087	0	1			0		hit	43
yc19	27	Response	252	631118	5031	2
yc19	28	Picture	11	661430	0	2	2000	4	0	1920	other	0
yc19	28	Sound	51	666069	4639	2			4640		other	0
yc19	29	Sound	61	673409	0	2			0		hit	47
yc19	29	Response	251	679302	5893	1
yc19	30	Picture	202	708592	0	2	2000	4	0	1920	other	0
yc19	31	Sound	62	720582	0	2			0		hit	50
yc19	31	Response	251	724915	4333	2
yc19	32	Picture	204	755588	0	1	1999	3	0	1920	other	0
yc19	33	Sound	64	767575	0	2			0		hit	53
yc19	33	Response	252	771610	4035	1
yc19	34	Picture	101	801750	0	1	2000	2	0	1920	other	0
yc19	35	Sound	61	813731	0	1			0		hit	56
yc19	35	Response	251	820726	6995	1
yc19	36	Picture	4	848411	0	2	2000	4	0	1920	other	0
yc19	37	Sound	64	860395	0	1			0		hit	59
yc19	37	Response	252	866519	6124	1
yc19	38	Picture	1	894740	0	2	2000	3	0	1920	other	0
yc19	39	Sound	61	906729	0	2			0		hit	62
yc19	39	Response	251	911318	4589	1
yc19	40	Picture	1	942069	0	1	2000	2	0	1920	other	0
yc19	41	Sound	61	954052	0	1			0		hit	65
yc19	41	Response	251	958190	4138	2
yc19	42	Picture	103	989564	0	1	2000	2	0	1920	other	0
yc19	43	Sound	63	1001554	0	1			0		hit	68
yc19	43	Response	252	1007990	6436	1
yc19	44	Picture	202	1036892	0	2	2000	4	0	1920	other	0
yc19	45	Sound	62	1048877	0	1			0		incorrect	71
yc19	45	Response	252	1064163	15286	1
yc19	46	Picture	103	1083221	0	2	2000	3	0	1920	other	0
yc19	47	Sound	63	1095211	0	1			0		hit	74
yc19	47	Response	252	1099956	4745	2
yc19	48	Picture	2	1129549	0	2	2000	4	0	1920	other	0
yc19	49	Sound	62	1141546	0	1			0		hit	77
yc19	49	Response	251	1145707	4161	1
yc19	50	Picture	204	1177544	0	2	2000	4	0	1920	other	0
yc19	51	Sound	64	1189527	0	1			0		hit	80
yc19	51	Response	252	1194134	4607	1
yc19	52	Picture	103	1224207	0	1	1999	3	0	1920	other	0
yc19	53	Sound	63	1236191	0	1			0		hit	83
yc19	53	Response	252	1239557	3366	1
yc19	54	Picture	101	1271368	0	2	2000	4	0	1920	other	0
yc19	55	Sound	61	1283364	0	1			0		hit	86
yc19	55	Response	251	1287777	4413	2
yc19	56	Picture	3	1318364	0	1	1999	3	0	1920	other	0
yc19	57	Sound	63	1330357	0	1			0		hit	89
yc19	57	Response	252	1335786	5429	2
yc19	58	Picture	103	1365359	0	1	1999	3	0	1920	other	0
yc19	59	Sound	63	1377350	0	2			0		hit	92
yc19	59	Response	252	1381730	4380	1
yc19	60	Picture	23	1412021	0	1	1999	3	0	1920	other	0
yc19	60	Sound	52	1418440	6419	2			6420		other	0
yc19	61	Sound	63	1424014	0	2			0		hit	96
yc19	61	Response	252	1427720	3706	1
yc19	62	Picture	24	1459849	0	2	2000	3	0	1920	other	0
yc19	62	Sound	52	1466138	6289	2			6290		other	0
yc19	63	Sound	64	1471846	0	1			0		hit	100
yc19	63	Response	252	1476526	4680	1
yc19	64	Picture	3	1507511	0	1	2000	2	0	1920	other	0
yc19	65	Sound	63	1519498	0	1			0		hit	103
yc19	65	Response	252	1523401	3903	1
yc19	66	Picture	4	1554173	0	1	2000	2	0	1920	other	0
yc19	67	Sound	64	1566162	0	1			0		incorrect	106
yc19	67	Response	251	1570203	4041	2
yc19	68	Picture	2	1601668	0	1	2000	3	0	1920	other	0
yc19	69	Sound	62	1613664	0	1			0		hit	109
yc19	69	Response	251	1620985	7321	1
yc19	70	Picture	202	1648496	0	2	2000	4	0	1920	other	0
yc19	71	Sound	62	1660477	0	2			0		hit	112
yc19	71	Response	251	1664697	4220	1
yc19	72	Picture	101	1695325	0	2	1999	4	0	1920	other	0
yc19	73	Sound	61	1707321	0	1			0		hit	115
yc19	73	Response	251	1712904	5583	2
yc19	74	Picture	4	1742987	0	1	2000	2	0	1920	other	0
yc19	75	Sound	64	1754973	0	1			0		hit	118
yc19	75	Response	252	1759589	4616	2
yc19	76	Picture	212	1789315	0	2	2000	4	0	1920	other	0
yc19	76	Sound	51	1793944	4629	1			4630		other	0
yc19	77	Sound	62	1801307	0	2			0		hit	122
yc19	77	Response	251	1805491	4184	2
yc19	78	Picture	101	1836144	0	1	2000	2	0	1920	other	0
yc19	79	Sound	61	1848121	0	1			0		hit	125
yc19	79	Response	251	1853121	5000	1
yc19	80	Picture	1	1884139	0	2	2000	3	0	1920	other	0
yc19	81	Sound	61	1896132	0	1			0		hit	128
yc19	81	Response	251	1900179	4047	2
yc19	82	Picture	224	1931134	0	2	2000	4	0	1920	other	0
yc19	82	Sound	52	1937243	6109	2			6110		other	0
yc19	83	Sound	64	1943125	0	1			0		hit	132
yc19	83	Response	252	1947045	3920	1
yc19	84	Picture	13	1978296	0	2	2000	4	0	1920	other	0
yc19	84	Sound	51	1981705	3409	2			3410		other	0
yc19	85	Sound	63	1990268	0	2			0		hit	136
yc19	85	Response	252	1994152	3884	1
yc19	86	Picture	101	2025958	0	1	2000	2	0	1920	other	0
yc19	87	Sound	61	2037950	0	1			0		hit	139
yc19	87	Response	251	2042968	5018	1
yc19	88	Picture	2	2073453	0	2	2000	3	0	1920	other	0
yc19	89	Sound	62	2085452	0	1			0		hit	142
yc19	89	Response	251	2089523	4071	1
yc19	90	Picture	121	2121448	0	2	2000	3	0	1920	other	0
yc19	90	Sound	52	2127107	5659	1			5660		other	0
yc19	91	Sound	61	2133433	0	1			0		hit	146
yc19	91	Response	251	2137123	3690	2
yc19	92	Picture	202	2169110	0	1	2000	2	0	1920	other	0
yc19	93	Sound	62	2181085	0	1			0		hit	149
yc19	93	Response	251	2191090	10005	1
yc19	94	Picture	4	2216272	0	1	2000	2	0	1920	other	0
yc19	95	Sound	64	2228258	0	1			0		hit	152
yc19	95	Response	252	2232557	4299	1
yc19	96	Picture	3	2264100	0	2	2000	4	0	1920	other	0
yc19	97	Sound	63	2276089	0	1			0		hit	155
yc19	97	Response	252	2280613	4524	2
yc19	98	Picture	2	2310262	0	2	2000	4	0	1920	other	0
yc19	99	Sound	62	2322244	0	1			0		hit	158
yc19	99	Response	251	2326165	3921	2
yc19	100	Picture	222	2356757	0	2	2000	4	0	1920	other	0
yc19	100	Sound	52	2365026	8269	1			8270		other	0
yc19	101	Sound	62	2368729	0	1			0		hit	162
yc19	101	Response	251	2375278	6549	2
yc19	102	Picture	101	2402920	0	1	1999	3	0	1920	other	0
yc19	103	Sound	61	2414914	0	1			0		hit	165
yc19	103	Response	251	2419423	4509	1
yc19	104	Picture	103	2449748	0	1	2000	2	0	1920	other	0
yc19	105	Sound	63	2461727	0	2			0		hit	168
yc19	105	Response	252	2465667	3940	2
yc19	106	Picture	111	2497410	0	1	2000	2	0	1920	other	0
yc19	106	Sound	51	2500249	2839	1			2840		other	0
yc19	107	Sound	61	2509409	0	1			0		hit	172
yc19	107	Response	251	2513136	3727	2
yc19	108	Picture	204	2545238	0	2	2000	4	0	1920	other	0
yc19	109	Sound	64	2557210	0	2			0		hit	175
yc19	109	Response	252	2560655	3445	1
yc19	110	Picture	14	2592067	0	1	2000	2	0	1920	other	0
yc19	110	Sound	51	2596566	4499	1			4500		other	0
yc19	111	Sound	64	2604054	0	1			0		hit	179
yc19	111	Response	252	2607441	3387	1
yc19	112	Picture	3	2639062	0	1	2000	2	0	1920	other	0
yc19	113	Sound	63	2651047	0	1			0		hit	182
yc19	113	Response	252	2655756	4709	1
yc19	114	Picture	202	2686724	0	1	2000	2	0	1920	other	0
yc19	115	Sound	62	2698699	0	1			0		hit	185
yc19	115	Response	251	2703523	4824	2
yc19	116	Picture	3	2734219	0	2	2000	3	0	1920	other	0
yc19	117	Sound	63	2746201	0	1			0		hit	188
yc19	117	Response	252	2750859	4658	1
yc19	118	Picture	4	2780548	0	1	1999	3	0	1920	other	0
yc19	119	Sound	64	2792536	0	1			0		hit	191
yc19	119	Response	252	2796563	4027	1
yc19	120	Picture	113	2827043	0	2	2000	3	0	1920	other	0
yc19	120	Sound	51	2831953	4910	1			4910		other	0
yc19	121	Sound	63	2839020	0	1			0		hit	195
yc19	121	Response	252	2842039	3019	1
yc19	122	Picture	1	2875205	0	1	1999	3	0	1920	other	0
yc19	123	Sound	61	2887181	0	1			0		hit	198
yc19	123	Response	251	2894829	7648	1
yc19	124	Picture	21	2922866	0	2	2000	4	0	1920	other	0
yc19	124	Sound	52	2930585	7719	2			7720		other	0
yc19	125	Sound	61	2934862	0	2			0		hit	202
yc19	125	Response	251	2939340	4478	1
yc19	126	Picture	1	2970362	0	1	1999	3	0	1920	other	0
yc19	127	Sound	61	2982335	0	1			0		hit	205
yc19	127	Response	251	2986491	4156	1
yc19	128	Picture	214	3018024	0	1	1999	3	0	1920	other	0
yc19	128	Sound	51	3020563	2539	2			2540		other	0
yc19	129	Sound	64	3030017	0	1			0		hit	209
yc19	129	Response	252	3034114	4097	2
yc19	130	Picture	4	3065185	0	2	2000	3	0	1920	other	0
yc19	131	Sound	64	3077159	0	2			0		hit	212
yc19	131	Response	252	3081233	4074	1
yc19	132	Picture	202	3113347	0	2	2000	3	0	1920	other	0
yc19	133	Sound	62	3125320	0	1			0		hit	215
yc19	133	Response	251	3130615	5295	1
yc19	134	Response	253	3219523	59848	1


Event Type	Code	Type	Response	RT	RT Uncertainty	Time	Uncertainty	Duration	Uncertainty	ReqTime	ReqDur

Picture	10	other				15830	1	20164	3	0	20000
Picture	10	other				36161	1	40163	2	0	40000
Picture	10	other				76490	2	40163	3	0	40000
Nothing	91	other				116655	1			0
Picture	12	other				146816	2	2000	4	0	1920
Sound	51	other				151925	2			5110
Sound	62	hit	1	3968	3	158788	2			0
Picture	3	other				193479	1	1999	3	0	1920
Sound	63	hit	2	5171	3	205452	1			0
Picture	22	other				240807	1	2000	2	0	1920
Sound	52	other				249046	2			8240
Sound	62	hit	1	4840	2	252805	1			0
Picture	204	other				286969	1	1999	3	0	1920
Sound	64	hit	2	9525	2	298960	1			0
Picture	204	other				333631	1	1999	3	0	1920
Sound	64	hit	2	4450	2	345624	1			0
Picture	2	other				381126	2	2000	3	0	1920
Sound	62	hit	1	8244	2	393126	1			0
Picture	2	other				427788	1	1999	3	0	1920
Sound	62	hit	1	4425	2	439760	1			0
Picture	204	other				474116	2	2000	4	0	1920
Sound	64	hit	2	4779	2	486095	1			0
Picture	1	other				520445	2	2000	3	0	1920
Sound	61	hit	1	5867	3	532430	1			0
Picture	123	other				567607	1	1999	3	0	1920
Sound	52	other				574676	2			7070
Sound	63	hit	2	3629	3	579602	2			0
Picture	103	other				614102	2	2000	3	0	1920
Sound	63	hit	2	5031	3	626087	1			0
Picture	11	other				661430	2	2000	4	0	1920
Sound	51	other				666069	2			4640
Sound	61	hit	1	5893	3	673409	2			0
Picture	202	other				708592	2	2000	4	0	1920
Sound	62	hit	1	4333	4	720582	2			0
Picture	204	other				755588	1	1999	3	0	1920
Sound	64	hit	2	4035	3	767575	2			0
Picture	101	other				801750	1	2000	2	0	1920
Sound	61	hit	1	6995	2	813731	1			0
Picture	4	other				848411	2	2000	4	0	1920
Sound	64	hit	2	6124	2	860395	1			0
Picture	1	other				894740	2	2000	3	0	1920
Sound	61	hit	1	4589	3	906729	2			0
Picture	1	other				942069	1	2000	2	0	1920
Sound	61	hit	1	4138	3	954052	1			0
Picture	103	other				989564	1	2000	2	0	1920
Sound	63	hit	2	6436	2	1001554	1			0
Picture	202	other				1036892	2	2000	4	0	1920
Sound	62	incorrect	2	15286	2	1048877	1			0
Picture	103	other				1083221	2	2000	3	0	1920
Sound	63	hit	2	4745	3	1095211	1			0
Picture	2	other				1129549	2	2000	4	0	1920
Sound	62	hit	1	4161	2	1141546	1			0
Picture	204	other				1177544	2	2000	4	0	1920
Sound	64	hit	2	4607	2	1189527	1			0
Picture	103	other				1224207	1	1999	3	0	1920
Sound	63	hit	2	3366	2	1236191	1			0
Picture	101	other				1271368	2	2000	4	0	1920
Sound	61	hit	1	4413	3	1283364	1			0
Picture	3	other				1318364	1	1999	3	0	1920
Sound	63	hit	2	5429	3	1330357	1			0
Picture	103	other				1365359	1	1999	3	0	1920
Sound	63	hit	2	4380	3	1377350	2			0
Picture	23	other				1412021	1	1999	3	0	1920
Sound	52	other				1418440	2			6420
Sound	63	hit	2	3706	3	1424014	2			0
Picture	24	other				1459849	2	2000	3	0	1920
Sound	52	other				1466138	2			6290
Sound	64	hit	2	4680	2	1471846	1			0
Picture	3	other				1507511	1	2000	2	0	1920
Sound	63	hit	2	3903	2	1519498	1			0
Picture	4	other				1554173	1	2000	2	0	1920
Sound	64	incorrect	1	4041	3	1566162	1			0
Picture	2	other				1601668	1	2000	3	0	1920
Sound	62	hit	1	7321	2	1613664	1			0
Picture	202	other				1648496	2	2000	4	0	1920
Sound	62	hit	1	4220	3	1660477	2			0
Picture	101	other				1695325	2	1999	4	0	1920
Sound	61	hit	1	5583	3	1707321	1			0
Picture	4	other				1742987	1	2000	2	0	1920
Sound	64	hit	2	4616	3	1754973	1			0
Picture	212	other				1789315	2	2000	4	0	1920
Sound	51	other				1793944	1			4630
Sound	62	hit	1	4184	4	1801307	2			0
Picture	101	other				1836144	1	2000	2	0	1920
Sound	61	hit	1	5000	2	1848121	1			0
Picture	1	other				1884139	2	2000	3	0	1920
Sound	61	hit	1	4047	3	1896132	1			0
Picture	224	other				1931134	2	2000	4	0	1920
Sound	52	other				1937243	2			6110
Sound	64	hit	2	3920	2	1943125	1			0
Picture	13	other				1978296	2	2000	4	0	1920
Sound	51	other				1981705	2			3410
Sound	63	hit	2	3884	3	1990268	2			0
Picture	101	other				2025958	1	2000	2	0	1920
Sound	61	hit	1	5018	2	2037950	1			0
Picture	2	other				2073453	2	2000	3	0	1920
Sound	62	hit	1	4071	2	2085452	1			0
Picture	121	other				2121448	2	2000	3	0	1920
Sound	52	other				2127107	1			5660
Sound	61	hit	1	3690	3	2133433	1			0
Picture	202	other				2169110	1	2000	2	0	1920
Sound	62	hit	1	10005	2	2181085	1			0
Picture	4	other				2216272	1	2000	2	0	1920
Sound	64	hit	2	4299	2	2228258	1			0
Picture	3	other				2264100	2	2000	4	0	1920
Sound	63	hit	2	4524	3	2276089	1			0
Picture	2	other				2310262	2	2000	4	0	1920
Sound	62	hit	1	3921	3	2322244	1			0
Picture	222	other				2356757	2	2000	4	0	1920
Sound	52	other				2365026	1			8270
Sound	62	hit	1	6549	3	2368729	1			0
Picture	101	other				2402920	1	1999	3	0	1920
Sound	61	hit	1	4509	2	2414914	1			0
Picture	103	other				2449748	1	2000	2	0	1920
Sound	63	hit	2	3940	4	2461727	2			0
Picture	111	other				2497410	1	2000	2	0	1920
Sound	51	other				2500249	1			2840
Sound	61	hit	1	3727	3	2509409	1			0
Picture	204	other				2545238	2	2000	4	0	1920
Sound	64	hit	2	3445	3	2557210	2			0
Picture	14	other				2592067	1	2000	2	0	1920
Sound	51	other				2596566	1			4500
Sound	64	hit	2	3387	2	2604054	1			0
Picture	3	other				2639062	1	2000	2	0	1920
Sound	63	hit	2	4709	2	2651047	1			0
Picture	202	other				2686724	1	2000	2	0	1920
Sound	62	hit	1	4824	3	2698699	1			0
Picture	3	other				2734219	2	2000	3	0	1920
Sound	63	hit	2	4658	2	2746201	1			0
Picture	4	other				2780548	1	1999	3	0	1920
Sound	64	hit	2	4027	2	2792536	1			0
Picture	113	other				2827043	2	2000	3	0	1920
Sound	51	other				2831953	1			4910
Sound	63	hit	2	3019	2	2839020	1			0
Picture	1	other				2875205	1	1999	3	0	1920
Sound	61	hit	1	7648	2	2887181	1			0
Picture	21	other				2922866	2	2000	4	0	1920
Sound	52	other				2930585	2			7720
Sound	61	hit	1	4478	3	2934862	2			0
Picture	1	other				2970362	1	1999	3	0	1920
Sound	61	hit	1	4156	2	2982335	1			0
Picture	214	other				3018024	1	1999	3	0	1920
Sound	51	other				3020563	2			2540
Sound	64	hit	2	4097	3	3030017	1			0
Picture	4	other				3065185	2	2000	3	0	1920
Sound	64	hit	2	4074	3	3077159	2			0
Picture	202	other				3113347	2	2000	3	0	1920
Sound	62	hit	1	5295	2	3125320	1			0

The following output port codes were not sent because of a conflict on the port.
Port	Code	Time(ms)
1	90	1583
