Scenario - 17_March_2015
Logfile written - 06/29/2016 16:35:18

Subject	Trial	Event Type	Code	Time	TTime	Uncertainty	Duration	Uncertainty	ReqTime	ReqDur	Stim Type	Pair Index

fc8	1	Response	253	11977	21810	1
fc8	2	Picture	10	11997	0	1	20164	3	0	20000	other	0
fc8	3	Picture	10	32328	0	1	40162	3	0	40000	other	0
fc8	3	Response	251	44997	12669	1
fc8	4	Picture	10	72657	0	2	40163	3	0	40000	other	0
fc8	4	Response	252	87095	14438	2
fc8	5	Nothing	91	112822	0	1			0		other	0
fc8	6	Picture	12	142983	0	1	2000	2	0	1920	other	0
fc8	6	Sound	51	148092	5109	2			5110		other	0
fc8	7	Sound	62	154957	0	1			0		hit	11
fc8	7	Response	251	162616	7659	1
fc8	8	Picture	3	189645	0	1	2000	2	0	1920	other	0
fc8	9	Sound	63	201621	0	1			0		hit	14
fc8	9	Response	252	208537	6916	1
fc8	10	Picture	22	236973	0	2	2000	3	0	1920	other	0
fc8	10	Sound	52	245212	8239	2			8240		other	0
fc8	11	Sound	62	248973	0	1			0		hit	18
fc8	11	Response	251	253984	5011	2
fc8	12	Picture	204	283135	0	2	2000	3	0	1920	other	0
fc8	13	Sound	64	295128	0	1			0		hit	21
fc8	13	Response	252	301983	6855	1
fc8	14	Picture	204	329797	0	1	2000	2	0	1920	other	0
fc8	15	Sound	64	341792	0	1			0		hit	24
fc8	15	Response	252	347168	5376	1
fc8	16	Picture	2	377292	0	2	2000	3	0	1920	other	0
fc8	17	Sound	62	389264	0	1			0		hit	27
fc8	17	Response	251	392723	3459	2
fc8	18	Picture	2	423954	0	1	1999	3	0	1920	other	0
fc8	19	Sound	62	435928	0	1			0		hit	30
fc8	19	Response	251	440713	4785	2
fc8	20	Picture	204	470282	0	2	2000	3	0	1920	other	0
fc8	21	Sound	64	482262	0	2			0		hit	33
fc8	21	Response	252	486932	4670	1
fc8	22	Picture	1	516611	0	1	1999	3	0	1920	other	0
fc8	23	Sound	61	528597	0	1			0		hit	36
fc8	23	Response	251	534252	5655	1
fc8	24	Picture	123	563772	0	2	2000	4	0	1920	other	0
fc8	24	Sound	52	570841	7069	2			7070		other	0
fc8	25	Sound	63	575770	0	1			0		hit	40
fc8	25	Response	252	581083	5313	1
fc8	26	Picture	103	610267	0	2	2000	4	0	1920	other	0
fc8	27	Sound	63	622254	0	1			0		hit	43
fc8	27	Response	252	628036	5782	1
fc8	28	Picture	11	657596	0	1	1999	3	0	1920	other	0
fc8	28	Sound	51	662235	4639	1			4640		other	0
fc8	29	Sound	61	669576	0	2			0		hit	47
fc8	29	Response	251	674210	4634	1
fc8	30	Picture	202	704757	0	2	2000	4	0	1920	other	0
fc8	31	Sound	62	716749	0	1			0		hit	50
fc8	31	Response	251	724497	7748	2
fc8	32	Picture	204	751753	0	1	1999	3	0	1920	other	0
fc8	33	Sound	64	763742	0	1			0		hit	53
fc8	33	Response	252	767648	3906	1
fc8	34	Picture	101	797914	0	2	2000	4	0	1920	other	0
fc8	35	Sound	61	809897	0	2			0		hit	56
fc8	35	Response	251	814896	4999	1
fc8	36	Picture	4	844576	0	2	2000	3	0	1920	other	0
fc8	37	Sound	64	856561	0	1			0		hit	59
fc8	37	Response	252	862169	5608	2
fc8	38	Picture	1	890905	0	1	1999	3	0	1920	other	0
fc8	39	Sound	61	902896	0	1			0		hit	62
fc8	39	Response	251	907696	4800	1
fc8	40	Picture	1	938233	0	2	2000	3	0	1920	other	0
fc8	41	Sound	61	950218	0	1			0		hit	65
fc8	41	Response	251	955011	4793	1
fc8	42	Picture	103	985728	0	2	2000	3	0	1920	other	0
fc8	43	Sound	63	997720	0	1			0		hit	68
fc8	43	Response	252	1003963	6243	1
fc8	44	Picture	202	1033057	0	1	1999	3	0	1920	other	0
fc8	45	Sound	62	1045042	0	2			0		hit	71
fc8	45	Response	251	1048458	3416	2
fc8	46	Picture	103	1079385	0	2	2000	3	0	1920	other	0
fc8	47	Sound	63	1091377	0	1			0		hit	74
fc8	47	Response	252	1098720	7343	1
fc8	48	Picture	2	1125713	0	2	2000	4	0	1920	other	0
fc8	49	Sound	62	1137712	0	1			0		hit	77
fc8	49	Response	251	1144023	6311	1
fc8	50	Picture	204	1173708	0	2	2000	4	0	1920	other	0
fc8	51	Sound	64	1185693	0	1			0		hit	80
fc8	51	Response	252	1192963	7270	1
fc8	52	Picture	103	1220370	0	2	2000	3	0	1920	other	0
fc8	53	Sound	63	1232357	0	1			0		hit	83
fc8	53	Response	252	1237022	4665	1
fc8	54	Picture	101	1267532	0	2	2000	3	0	1920	other	0
fc8	55	Sound	61	1279529	0	1			0		hit	86
fc8	55	Response	251	1283601	4072	2
fc8	56	Picture	3	1314527	0	1	2000	2	0	1920	other	0
fc8	57	Sound	63	1326522	0	2			0		hit	89
fc8	57	Response	252	1332594	6072	1
fc8	58	Picture	103	1361522	0	1	2000	2	0	1920	other	0
fc8	59	Sound	63	1373516	0	1			0		hit	92
fc8	59	Response	252	1380324	6808	2
fc8	60	Picture	23	1408184	0	1	2000	2	0	1920	other	0
fc8	60	Sound	52	1414603	6419	2			6420		other	0
fc8	61	Sound	63	1420179	0	1			0		hit	96
fc8	61	Response	252	1427289	7110	2
fc8	62	Picture	24	1456012	0	2	2000	3	0	1920	other	0
fc8	62	Sound	52	1462301	6289	1			6290		other	0
fc8	63	Sound	64	1468011	0	1			0		hit	100
fc8	63	Response	252	1474628	6617	1
fc8	64	Picture	3	1503674	0	1	2000	2	0	1920	other	0
fc8	65	Sound	63	1515662	0	2			0		hit	103
fc8	65	Response	252	1520597	4935	1
fc8	66	Picture	4	1550336	0	1	1999	3	0	1920	other	0
fc8	67	Sound	64	1562326	0	1			0		hit	106
fc8	67	Response	252	1567824	5498	1
fc8	68	Picture	2	1597831	0	1	1999	3	0	1920	other	0
fc8	69	Sound	62	1609828	0	1			0		hit	109
fc8	69	Response	251	1614839	5011	1
fc8	70	Picture	202	1644659	0	1	2000	2	0	1920	other	0
fc8	71	Sound	62	1656642	0	1			0		hit	112
fc8	71	Response	251	1662034	5392	2
fc8	72	Picture	101	1691487	0	2	2000	4	0	1920	other	0
fc8	73	Sound	61	1703485	0	1			0		hit	115
fc8	73	Response	251	1709543	6058	2
fc8	74	Picture	4	1739149	0	2	2000	4	0	1920	other	0
fc8	75	Sound	64	1751137	0	1			0		hit	118
fc8	75	Response	252	1756545	5408	1
fc8	76	Picture	212	1785478	0	1	1999	3	0	1920	other	0
fc8	76	Sound	51	1790107	4629	2			4630		other	0
fc8	77	Sound	62	1797471	0	2			0		hit	122
fc8	77	Response	251	1802383	4912	2
fc8	78	Picture	101	1832306	0	1	2000	2	0	1920	other	0
fc8	79	Sound	61	1844285	0	1			0		hit	125
fc8	79	Response	251	1852074	7789	1
fc8	80	Picture	1	1880301	0	1	2000	2	0	1920	other	0
fc8	81	Sound	61	1892296	0	1			0		hit	128
fc8	81	Response	251	1897681	5385	2
fc8	82	Picture	224	1927296	0	2	2000	3	0	1920	other	0
fc8	82	Sound	52	1933405	6109	2			6110		other	0
fc8	83	Sound	64	1939289	0	1			0		incorrect	132
fc8	83	Response	251	1944593	5304	1
fc8	83	Response	252	1945448	6159	1
fc8	84	Picture	13	1974458	0	1	2000	2	0	1920	other	0
fc8	84	Sound	51	1977868	3410	1			3410		other	0
fc8	85	Sound	63	1986432	0	1			0		hit	137
fc8	85	Response	252	1994108	7676	1
fc8	86	Picture	101	2022119	0	2	2000	4	0	1920	other	0
fc8	87	Sound	61	2034113	0	1			0		hit	140
fc8	87	Response	251	2041341	7228	1
fc8	88	Picture	2	2069614	0	2	2000	4	0	1920	other	0
fc8	89	Sound	62	2081585	0	2			0		hit	143
fc8	89	Response	251	2087893	6308	2
fc8	90	Picture	121	2117609	0	2	2000	4	0	1920	other	0
fc8	90	Sound	52	2123268	5659	1			5660		other	0
fc8	91	Sound	61	2129596	0	1			0		hit	147
fc8	91	Response	251	2135286	5690	2
fc8	92	Picture	202	2165271	0	2	2000	3	0	1920	other	0
fc8	93	Sound	62	2177248	0	1			0		hit	150
fc8	93	Response	251	2183436	6188	1
fc8	94	Picture	4	2212433	0	2	2000	3	0	1920	other	0
fc8	95	Sound	64	2224420	0	2			0		hit	153
fc8	95	Response	252	2231603	7183	1
fc8	96	Picture	3	2260261	0	2	2000	4	0	1920	other	0
fc8	97	Sound	63	2272252	0	1			0		hit	156
fc8	97	Response	252	2277996	5744	1
fc8	98	Picture	2	2306423	0	2	2000	3	0	1920	other	0
fc8	99	Sound	62	2318407	0	1			0		hit	159
fc8	99	Response	251	2323127	4720	1
fc8	100	Picture	222	2352918	0	2	2000	3	0	1920	other	0
fc8	100	Sound	52	2361187	8269	1			8270		other	0
fc8	101	Sound	62	2364891	0	1			0		hit	163
fc8	101	Response	251	2370449	5558	2
fc8	102	Picture	101	2399080	0	1	1999	3	0	1920	other	0
fc8	103	Sound	61	2411076	0	1			0		hit	166
fc8	103	Response	251	2415995	4919	1
fc8	104	Picture	103	2445908	0	2	2000	4	0	1920	other	0
fc8	105	Sound	63	2457889	0	2			0		hit	169
fc8	105	Response	252	2464757	6868	2
fc8	106	Picture	111	2493569	0	3	2001	4	0	1920	other	0
fc8	106	Sound	51	2496408	2839	1			2840		other	0
fc8	107	Sound	61	2505541	0	1			0		hit	173
fc8	107	Response	251	2511120	5579	1
fc8	108	Picture	204	2541398	0	2	2000	4	0	1920	other	0
fc8	109	Sound	64	2553372	0	2			0		hit	176
fc8	109	Response	252	2559976	6604	1
fc8	110	Picture	14	2588227	0	1	2000	2	0	1920	other	0
fc8	110	Sound	51	2592726	4499	2			4500		other	0
fc8	111	Sound	64	2600216	0	1			0		hit	180
fc8	111	Response	252	2606272	6056	1
fc8	112	Picture	3	2635222	0	1	2000	2	0	1920	other	0
fc8	113	Sound	63	2647209	0	1			0		hit	183
fc8	113	Response	252	2653727	6518	2
fc8	114	Picture	202	2682884	0	1	1999	3	0	1920	other	0
fc8	115	Sound	62	2694861	0	1			0		hit	186
fc8	115	Response	251	2699552	4691	2
fc8	116	Picture	3	2730379	0	1	1999	3	0	1920	other	0
fc8	117	Sound	63	2742363	0	1			0		hit	189
fc8	117	Response	252	2748534	6171	1
fc8	118	Picture	4	2776707	0	2	2000	3	0	1920	other	0
fc8	119	Sound	64	2788697	0	1			0		hit	192
fc8	119	Response	252	2792585	3888	1
fc8	120	Picture	113	2823202	0	2	2000	4	0	1920	other	0
fc8	120	Sound	51	2828111	4909	1			4910		other	0
fc8	121	Sound	63	2835181	0	2			0		hit	196
fc8	121	Response	252	2841458	6277	1
fc8	122	Picture	1	2871364	0	1	2000	2	0	1920	other	0
fc8	123	Sound	61	2883342	0	1			0		hit	199
fc8	123	Response	251	2887569	4227	2
fc8	124	Picture	21	2919025	0	2	2000	4	0	1920	other	0
fc8	124	Sound	52	2926745	7720	1			7720		other	0
fc8	125	Sound	61	2931023	0	2			0		hit	203
fc8	125	Response	251	2940284	9261	2
fc8	126	Picture	1	2966520	0	2	2000	4	0	1920	other	0
fc8	127	Sound	61	2978495	0	2			0		hit	206
fc8	127	Response	251	2984142	5647	1
fc8	128	Picture	214	3014182	0	2	2000	3	0	1920	other	0
fc8	128	Sound	51	3016721	2539	2			2540		other	0
fc8	129	Sound	64	3026177	0	1			0		hit	210
fc8	129	Response	252	3033147	6970	1
fc8	130	Picture	4	3061344	0	1	2000	2	0	1920	other	0
fc8	131	Sound	64	3073320	0	1			0		hit	213
fc8	131	Response	252	3077290	3970	1
fc8	132	Picture	202	3109505	0	2	2000	4	0	1920	other	0
fc8	133	Sound	62	3121480	0	2			0		hit	216
fc8	133	Response	251	3129185	7705	1
fc8	134	Response	253	3462096	306262	2


Event Type	Code	Type	Response	RT	RT Uncertainty	Time	Uncertainty	Duration	Uncertainty	ReqTime	ReqDur

Picture	10	other				11997	1	20164	3	0	20000
Picture	10	other				32328	1	40162	3	0	40000
Picture	10	other				72657	2	40163	3	0	40000
Nothing	91	other				112822	1			0
Picture	12	other				142983	1	2000	2	0	1920
Sound	51	other				148092	2			5110
Sound	62	hit	1	7659	2	154957	1			0
Picture	3	other				189645	1	2000	2	0	1920
Sound	63	hit	2	6916	2	201621	1			0
Picture	22	other				236973	2	2000	3	0	1920
Sound	52	other				245212	2			8240
Sound	62	hit	1	5011	3	248973	1			0
Picture	204	other				283135	2	2000	3	0	1920
Sound	64	hit	2	6855	2	295128	1			0
Picture	204	other				329797	1	2000	2	0	1920
Sound	64	hit	2	5376	2	341792	1			0
Picture	2	other				377292	2	2000	3	0	1920
Sound	62	hit	1	3459	3	389264	1			0
Picture	2	other				423954	1	1999	3	0	1920
Sound	62	hit	1	4785	3	435928	1			0
Picture	204	other				470282	2	2000	3	0	1920
Sound	64	hit	2	4670	3	482262	2			0
Picture	1	other				516611	1	1999	3	0	1920
Sound	61	hit	1	5655	2	528597	1			0
Picture	123	other				563772	2	2000	4	0	1920
Sound	52	other				570841	2			7070
Sound	63	hit	2	5313	2	575770	1			0
Picture	103	other				610267	2	2000	4	0	1920
Sound	63	hit	2	5782	2	622254	1			0
Picture	11	other				657596	1	1999	3	0	1920
Sound	51	other				662235	1			4640
Sound	61	hit	1	4634	3	669576	2			0
Picture	202	other				704757	2	2000	4	0	1920
Sound	62	hit	1	7748	3	716749	1			0
Picture	204	other				751753	1	1999	3	0	1920
Sound	64	hit	2	3906	2	763742	1			0
Picture	101	other				797914	2	2000	4	0	1920
Sound	61	hit	1	4999	3	809897	2			0
Picture	4	other				844576	2	2000	3	0	1920
Sound	64	hit	2	5608	3	856561	1			0
Picture	1	other				890905	1	1999	3	0	1920
Sound	61	hit	1	4800	2	902896	1			0
Picture	1	other				938233	2	2000	3	0	1920
Sound	61	hit	1	4793	2	950218	1			0
Picture	103	other				985728	2	2000	3	0	1920
Sound	63	hit	2	6243	2	997720	1			0
Picture	202	other				1033057	1	1999	3	0	1920
Sound	62	hit	1	3416	4	1045042	2			0
Picture	103	other				1079385	2	2000	3	0	1920
Sound	63	hit	2	7343	2	1091377	1			0
Picture	2	other				1125713	2	2000	4	0	1920
Sound	62	hit	1	6311	2	1137712	1			0
Picture	204	other				1173708	2	2000	4	0	1920
Sound	64	hit	2	7270	2	1185693	1			0
Picture	103	other				1220370	2	2000	3	0	1920
Sound	63	hit	2	4665	2	1232357	1			0
Picture	101	other				1267532	2	2000	3	0	1920
Sound	61	hit	1	4072	3	1279529	1			0
Picture	3	other				1314527	1	2000	2	0	1920
Sound	63	hit	2	6072	3	1326522	2			0
Picture	103	other				1361522	1	2000	2	0	1920
Sound	63	hit	2	6808	3	1373516	1			0
Picture	23	other				1408184	1	2000	2	0	1920
Sound	52	other				1414603	2			6420
Sound	63	hit	2	7110	3	1420179	1			0
Picture	24	other				1456012	2	2000	3	0	1920
Sound	52	other				1462301	1			6290
Sound	64	hit	2	6617	2	1468011	1			0
Picture	3	other				1503674	1	2000	2	0	1920
Sound	63	hit	2	4935	3	1515662	2			0
Picture	4	other				1550336	1	1999	3	0	1920
Sound	64	hit	2	5498	2	1562326	1			0
Picture	2	other				1597831	1	1999	3	0	1920
Sound	62	hit	1	5011	2	1609828	1			0
Picture	202	other				1644659	1	2000	2	0	1920
Sound	62	hit	1	5392	3	1656642	1			0
Picture	101	other				1691487	2	2000	4	0	1920
Sound	61	hit	1	6058	3	1703485	1			0
Picture	4	other				1739149	2	2000	4	0	1920
Sound	64	hit	2	5408	2	1751137	1			0
Picture	212	other				1785478	1	1999	3	0	1920
Sound	51	other				1790107	2			4630
Sound	62	hit	1	4912	4	1797471	2			0
Picture	101	other				1832306	1	2000	2	0	1920
Sound	61	hit	1	7789	2	1844285	1			0
Picture	1	other				1880301	1	2000	2	0	1920
Sound	61	hit	1	5385	3	1892296	1			0
Picture	224	other				1927296	2	2000	3	0	1920
Sound	52	other				1933405	2			6110
Sound	64	incorrect	1	5304	2	1939289	1			0
Picture	13	other				1974458	1	2000	2	0	1920
Sound	51	other				1977868	1			3410
Sound	63	hit	2	7676	2	1986432	1			0
Picture	101	other				2022119	2	2000	4	0	1920
Sound	61	hit	1	7228	2	2034113	1			0
Picture	2	other				2069614	2	2000	4	0	1920
Sound	62	hit	1	6308	4	2081585	2			0
Picture	121	other				2117609	2	2000	4	0	1920
Sound	52	other				2123268	1			5660
Sound	61	hit	1	5690	3	2129596	1			0
Picture	202	other				2165271	2	2000	3	0	1920
Sound	62	hit	1	6188	2	2177248	1			0
Picture	4	other				2212433	2	2000	3	0	1920
Sound	64	hit	2	7183	3	2224420	2			0
Picture	3	other				2260261	2	2000	4	0	1920
Sound	63	hit	2	5744	2	2272252	1			0
Picture	2	other				2306423	2	2000	3	0	1920
Sound	62	hit	1	4720	2	2318407	1			0
Picture	222	other				2352918	2	2000	3	0	1920
Sound	52	other				2361187	1			8270
Sound	62	hit	1	5558	3	2364891	1			0
Picture	101	other				2399080	1	1999	3	0	1920
Sound	61	hit	1	4919	2	2411076	1			0
Picture	103	other				2445908	2	2000	4	0	1920
Sound	63	hit	2	6868	4	2457889	2			0
Picture	111	other				2493569	3	2001	4	0	1920
Sound	51	other				2496408	1			2840
Sound	61	hit	1	5579	2	2505541	1			0
Picture	204	other				2541398	2	2000	4	0	1920
Sound	64	hit	2	6604	3	2553372	2			0
Picture	14	other				2588227	1	2000	2	0	1920
Sound	51	other				2592726	2			4500
Sound	64	hit	2	6056	2	2600216	1			0
Picture	3	other				2635222	1	2000	2	0	1920
Sound	63	hit	2	6518	3	2647209	1			0
Picture	202	other				2682884	1	1999	3	0	1920
Sound	62	hit	1	4691	3	2694861	1			0
Picture	3	other				2730379	1	1999	3	0	1920
Sound	63	hit	2	6171	2	2742363	1			0
Picture	4	other				2776707	2	2000	3	0	1920
Sound	64	hit	2	3888	2	2788697	1			0
Picture	113	other				2823202	2	2000	4	0	1920
Sound	51	other				2828111	1			4910
Sound	63	hit	2	6277	3	2835181	2			0
Picture	1	other				2871364	1	2000	2	0	1920
Sound	61	hit	1	4227	3	2883342	1			0
Picture	21	other				2919025	2	2000	4	0	1920
Sound	52	other				2926745	1			7720
Sound	61	hit	1	9261	4	2931023	2			0
Picture	1	other				2966520	2	2000	4	0	1920
Sound	61	hit	1	5647	3	2978495	2			0
Picture	214	other				3014182	2	2000	3	0	1920
Sound	51	other				3016721	2			2540
Sound	64	hit	2	6970	2	3026177	1			0
Picture	4	other				3061344	1	2000	2	0	1920
Sound	64	hit	2	3970	2	3073320	1			0
Picture	202	other				3109505	2	2000	4	0	1920
Sound	62	hit	1	7705	3	3121480	2			0

The following output port codes were not sent because of a conflict on the port.
Port	Code	Time(ms)
1	90	1199.7
