Scenario - 17_March_2015
Logfile written - 06/29/2016 15:32:42

Subject	Trial	Event Type	Code	Time	TTime	Uncertainty	Duration	Uncertainty	ReqTime	ReqDur	Stim Type	Pair Index

fc8	1	Response	253	1766	11599	1
fc8	2	Picture	10	1831	0	2	20165	3	0	20000	other	0
fc8	3	Picture	10	22162	0	2	40163	3	0	40000	other	0
fc8	3	Response	251	37626	15464	1
fc8	4	Picture	10	62492	0	1	40162	2	0	40000	other	0
fc8	4	Response	252	77021	14529	2
fc8	5	Nothing	91	102656	0	1			0		other	0
fc8	6	Picture	202	132818	0	1	1999	3	0	1920	other	0
fc8	7	Sound	62	144809	0	1			0		hit	10
fc8	7	Response	251	149850	5041	1
fc8	8	Picture	2	179479	0	2	2000	3	0	1920	other	0
fc8	9	Sound	62	191473	0	2			0		hit	13
fc8	9	Response	251	195739	4266	1
fc8	10	Picture	113	225974	0	2	2000	4	0	1920	other	0
fc8	10	Sound	51	229293	3319	1			3320		other	0
fc8	11	Sound	63	237957	0	2			0		hit	17
fc8	11	Response	252	243422	5465	1
fc8	12	Picture	1	273636	0	2	2000	3	0	1920	other	0
fc8	13	Sound	61	285609	0	1			0		hit	20
fc8	13	Response	251	290052	4443	1
fc8	14	Picture	101	320298	0	1	2000	2	0	1920	other	0
fc8	15	Sound	61	332273	0	1			0		hit	23
fc8	15	Response	251	337887	5614	1
fc8	16	Picture	212	367960	0	1	1999	3	0	1920	other	0
fc8	16	Sound	51	372819	4859	1			4860		other	0
fc8	17	Sound	62	379954	0	2			0		hit	27
fc8	17	Response	251	386944	6990	1
fc8	18	Picture	2	415288	0	1	2000	2	0	1920	other	0
fc8	19	Sound	62	427277	0	1			0		hit	30
fc8	19	Response	251	434435	7158	1
fc8	20	Picture	24	462116	0	2	2000	4	0	1920	other	0
fc8	20	Sound	52	469445	7329	1			7330		other	0
fc8	21	Sound	64	474091	0	1			0		hit	34
fc8	21	Response	252	480430	6339	1
fc8	22	Picture	12	508445	0	1	1999	3	0	1920	other	0
fc8	22	Sound	51	513344	4899	2			4900		other	0
fc8	23	Sound	62	520425	0	1			0		hit	38
fc8	23	Response	251	526833	6408	2
fc8	24	Picture	1	555606	0	3	2000	5	0	1920	other	0
fc8	25	Sound	61	567598	0	1			0		hit	41
fc8	25	Response	251	575552	7954	1
fc8	26	Picture	2	603101	0	2	2000	4	0	1920	other	0
fc8	27	Sound	62	615100	0	1			0		hit	44
fc8	27	Response	251	620719	5619	1
fc8	28	Picture	4	649263	0	2	2000	3	0	1920	other	0
fc8	29	Sound	64	661255	0	1			0		hit	47
fc8	29	Response	252	666893	5638	1
fc8	30	Picture	111	696425	0	2	2000	3	0	1920	other	0
fc8	30	Sound	51	701354	4929	1			4930		other	0
fc8	31	Sound	61	708398	0	1			0		hit	51
fc8	31	Response	251	714096	5698	1
fc8	32	Picture	204	742754	0	1	1999	3	0	1920	other	0
fc8	33	Sound	64	754732	0	2			0		hit	54
fc8	33	Response	252	760341	5609	2
fc8	34	Picture	202	790582	0	1	2000	2	0	1920	other	0
fc8	35	Sound	62	802563	0	2			0		hit	57
fc8	35	Response	251	808698	6135	1
fc8	36	Picture	3	837244	0	1	1999	3	0	1920	other	0
fc8	37	Sound	63	849227	0	2			0		hit	60
fc8	37	Response	252	860811	11584	1
fc8	38	Picture	202	884072	0	2	2000	3	0	1920	other	0
fc8	39	Sound	62	896071	0	1			0		hit	63
fc8	39	Response	251	902467	6396	2
fc8	40	Picture	2	931900	0	2	2000	3	0	1920	other	0
fc8	41	Sound	62	943872	0	1			0		hit	66
fc8	41	Response	251	950335	6463	1
fc8	42	Picture	3	978396	0	1	1999	3	0	1920	other	0
fc8	43	Sound	63	990386	0	1			0		hit	69
fc8	43	Response	252	996643	6257	2
fc8	44	Picture	101	1026057	0	2	2000	4	0	1920	other	0
fc8	45	Sound	61	1038038	0	1			0		hit	72
fc8	45	Response	251	1043866	5828	2
fc8	46	Picture	21	1074052	0	2	2000	3	0	1920	other	0
fc8	46	Sound	52	1080511	6459	2			6460		other	0
fc8	47	Sound	61	1086049	0	1			0		hit	76
fc8	47	Response	251	1091815	5766	1
fc8	48	Picture	204	1121714	0	1	2000	2	0	1920	other	0
fc8	49	Sound	64	1133700	0	2			0		hit	79
fc8	49	Response	252	1140292	6592	1
fc8	50	Picture	23	1168042	0	2	2000	4	0	1920	other	0
fc8	50	Sound	52	1174161	6119	2			6120		other	0
fc8	51	Sound	63	1180035	0	1			0		hit	83
fc8	51	Response	252	1191417	11382	2
fc8	52	Picture	3	1215704	0	2	2000	3	0	1920	other	0
fc8	53	Sound	63	1227687	0	1			0		hit	86
fc8	53	Response	252	1234126	6439	2
fc8	54	Picture	103	1261866	0	1	2000	2	0	1920	other	0
fc8	55	Sound	63	1273842	0	1			0		hit	89
fc8	55	Response	252	1278811	4969	2
fc8	56	Picture	103	1308861	0	1	2000	2	0	1920	other	0
fc8	57	Sound	63	1320835	0	1			0		hit	92
fc8	57	Response	252	1325301	4466	2
fc8	58	Picture	1	1355523	0	1	1999	3	0	1920	other	0
fc8	59	Sound	61	1367499	0	1			0		hit	95
fc8	59	Response	251	1371810	4311	1
fc8	60	Picture	4	1403018	0	1	2000	2	0	1920	other	0
fc8	61	Sound	64	1415001	0	1			0		hit	98
fc8	61	Response	252	1419853	4852	2
fc8	62	Picture	214	1449513	0	2	2000	3	0	1920	other	0
fc8	62	Sound	51	1454222	4709	1			4710		other	0
fc8	63	Sound	64	1461485	0	1			0		hit	102
fc8	63	Response	252	1466488	5003	2
fc8	64	Picture	204	1496674	0	2	2000	4	0	1920	other	0
fc8	65	Sound	64	1508658	0	1			0		hit	105
fc8	65	Response	252	1514138	5480	2
fc8	66	Picture	202	1544336	0	2	2000	3	0	1920	other	0
fc8	67	Sound	62	1556309	0	1			0		hit	108
fc8	67	Response	251	1565173	8864	1
fc8	68	Picture	101	1590665	0	1	1999	3	0	1920	other	0
fc8	69	Sound	61	1602644	0	1			0		hit	111
fc8	69	Response	251	1611573	8929	1
fc8	70	Picture	11	1637160	0	1	2000	2	0	1920	other	0
fc8	70	Sound	51	1640589	3429	2			3430		other	0
fc8	71	Sound	61	1649158	0	1			0		hit	115
fc8	71	Response	251	1654661	5503	1
fc8	72	Picture	222	1684155	0	1	2000	3	0	1920	other	0
fc8	72	Sound	52	1691254	7099	1			7100		other	0
fc8	73	Sound	62	1696151	0	1			0		hit	119
fc8	73	Response	251	1703161	7010	1
fc8	74	Picture	4	1731483	0	2	2000	3	0	1920	other	0
fc8	75	Sound	64	1743474	0	1			0		hit	122
fc8	75	Response	252	1747920	4446	2
fc8	76	Picture	3	1777979	0	1	1999	3	0	1920	other	0
fc8	77	Sound	63	1789958	0	1			0		hit	125
fc8	77	Response	252	1797941	7983	1
fc8	78	Picture	22	1824307	0	1	2000	2	0	1920	other	0
fc8	78	Sound	52	1831006	6699	2			6700		other	0
fc8	79	Sound	62	1836292	0	2			0		hit	129
fc8	79	Response	251	1841526	5234	1
fc8	80	Picture	202	1871469	0	1	1999	3	0	1920	other	0
fc8	81	Sound	62	1883465	0	1			0		hit	132
fc8	81	Response	251	1890303	6838	1
fc8	82	Picture	1	1919630	0	2	2000	3	0	1920	other	0
fc8	83	Sound	61	1931626	0	1			0		hit	135
fc8	83	Response	251	1937892	6266	2
fc8	84	Picture	204	1967459	0	1	1999	3	0	1920	other	0
fc8	85	Sound	64	1979457	0	1			0		hit	138
fc8	85	Response	252	1984850	5393	1
fc8	86	Picture	101	2013620	0	2	2000	4	0	1920	other	0
fc8	87	Sound	61	2025612	0	1			0		hit	141
fc8	87	Response	251	2033082	7470	2
fc8	88	Picture	101	2060282	0	2	2000	3	0	1920	other	0
fc8	89	Sound	61	2072276	0	1			0		hit	144
fc8	89	Response	251	2078072	5796	1
fc8	90	Picture	1	2108111	0	1	1999	3	0	1920	other	0
fc8	91	Sound	61	2120107	0	1			0		hit	147
fc8	91	Response	251	2125074	4967	1
fc8	92	Picture	4	2155605	0	2	2000	4	0	1920	other	0
fc8	93	Sound	64	2167579	0	1			0		hit	150
fc8	93	Response	252	2172551	4972	2
fc8	94	Picture	101	2202434	0	1	2000	2	0	1920	other	0
fc8	95	Sound	61	2214423	0	1			0		hit	153
fc8	95	Response	251	2219797	5374	2
fc8	96	Picture	3	2249429	0	1	2000	2	0	1920	other	0
fc8	97	Sound	63	2261415	0	2			0		hit	156
fc8	97	Response	252	2268124	6709	2
fc8	98	Picture	14	2297257	0	2	2000	4	0	1920	other	0
fc8	98	Sound	51	2302456	5199	2			5200		other	0
fc8	99	Sound	64	2309247	0	1			0		hit	160
fc8	99	Response	252	2314998	5751	1
fc8	100	Picture	103	2344586	0	1	1999	3	0	1920	other	0
fc8	101	Sound	63	2356569	0	1			0		hit	163
fc8	101	Response	252	2362233	5664	1
fc8	102	Picture	2	2391747	0	2	2000	4	0	1920	other	0
fc8	103	Sound	62	2403742	0	1			0		hit	166
fc8	103	Response	251	2409147	5405	1
fc8	104	Picture	4	2439409	0	2	2000	3	0	1920	other	0
fc8	105	Sound	64	2451393	0	2			0		hit	169
fc8	105	Response	252	2455663	4270	2
fc8	106	Picture	103	2486738	0	1	1999	3	0	1920	other	0
fc8	107	Sound	63	2498716	0	1			0		hit	172
fc8	107	Response	252	2506740	8024	1
fc8	108	Picture	121	2534399	0	2	2000	3	0	1920	other	0
fc8	108	Sound	52	2541308	6909	2			6910		other	0
fc8	109	Sound	61	2546398	0	1			0		hit	176
fc8	109	Response	251	2552653	6255	1
fc8	110	Picture	3	2581228	0	1	1999	3	0	1920	other	0
fc8	111	Sound	63	2593211	0	1			0		hit	179
fc8	111	Response	252	2598929	5718	2
fc8	112	Picture	202	2628889	0	2	2000	3	0	1920	other	0
fc8	113	Sound	62	2640863	0	1			0		hit	182
fc8	113	Response	251	2647861	6998	1
fc8	114	Picture	13	2675051	0	2	2000	3	0	1920	other	0
fc8	114	Sound	51	2677621	2570	1			2570		other	0
fc8	115	Sound	63	2687048	0	1			0		hit	186
fc8	115	Response	252	2691951	4903	1
fc8	116	Picture	123	2721379	0	2	2000	4	0	1920	other	0
fc8	116	Sound	52	2726958	5579	1			5580		other	0
fc8	117	Sound	63	2733352	0	2			0		hit	190
fc8	117	Response	252	2739941	6589	1
fc8	118	Picture	2	2769208	0	1	2000	2	0	1920	other	0
fc8	119	Sound	62	2781183	0	2			0		hit	193
fc8	119	Response	251	2786506	5323	2
fc8	120	Picture	204	2815369	0	2	2000	4	0	1920	other	0
fc8	121	Sound	64	2827368	0	2			0		hit	196
fc8	121	Response	252	2835112	7744	1
fc8	122	Picture	4	2862032	0	1	1999	3	0	1920	other	0
fc8	123	Sound	64	2874002	0	2			0		hit	199
fc8	123	Response	252	2879594	5592	1
fc8	124	Picture	224	2908693	0	2	2000	3	0	1920	other	0
fc8	124	Sound	52	2915022	6329	1			6330		other	0
fc8	125	Sound	64	2920666	0	2			0		hit	203
fc8	125	Response	252	2926968	6302	1
fc8	126	Picture	103	2955855	0	2	2000	3	0	1920	other	0
fc8	127	Sound	63	2967839	0	1			0		hit	206
fc8	127	Response	252	2977865	10026	2
fc8	128	Picture	1	3004017	0	1	1999	3	0	1920	other	0
fc8	129	Sound	61	3015999	0	2			0		hit	209
fc8	129	Response	251	3021417	5418	1
fc8	130	Picture	103	3051678	0	2	2000	4	0	1920	other	0
fc8	131	Sound	63	3063651	0	1			0		hit	212
fc8	131	Response	252	3069738	6087	1
fc8	132	Picture	204	3098507	0	1	1999	3	0	1920	other	0
fc8	133	Sound	64	3110495	0	1			0		hit	215
fc8	133	Response	252	3117198	6703	1
fc8	134	Response	253	3237172	90670	2


Event Type	Code	Type	Response	RT	RT Uncertainty	Time	Uncertainty	Duration	Uncertainty	ReqTime	ReqDur

Picture	10	other				1831	2	20165	3	0	20000
Picture	10	other				22162	2	40163	3	0	40000
Picture	10	other				62492	1	40162	2	0	40000
Nothing	91	other				102656	1			0
Picture	202	other				132818	1	1999	3	0	1920
Sound	62	hit	1	5041	2	144809	1			0
Picture	2	other				179479	2	2000	3	0	1920
Sound	62	hit	1	4266	3	191473	2			0
Picture	113	other				225974	2	2000	4	0	1920
Sound	51	other				229293	1			3320
Sound	63	hit	2	5465	3	237957	2			0
Picture	1	other				273636	2	2000	3	0	1920
Sound	61	hit	1	4443	2	285609	1			0
Picture	101	other				320298	1	2000	2	0	1920
Sound	61	hit	1	5614	2	332273	1			0
Picture	212	other				367960	1	1999	3	0	1920
Sound	51	other				372819	1			4860
Sound	62	hit	1	6990	3	379954	2			0
Picture	2	other				415288	1	2000	2	0	1920
Sound	62	hit	1	7158	2	427277	1			0
Picture	24	other				462116	2	2000	4	0	1920
Sound	52	other				469445	1			7330
Sound	64	hit	2	6339	2	474091	1			0
Picture	12	other				508445	1	1999	3	0	1920
Sound	51	other				513344	2			4900
Sound	62	hit	1	6408	3	520425	1			0
Picture	1	other				555606	3	2000	5	0	1920
Sound	61	hit	1	7954	2	567598	1			0
Picture	2	other				603101	2	2000	4	0	1920
Sound	62	hit	1	5619	2	615100	1			0
Picture	4	other				649263	2	2000	3	0	1920
Sound	64	hit	2	5638	2	661255	1			0
Picture	111	other				696425	2	2000	3	0	1920
Sound	51	other				701354	1			4930
Sound	61	hit	1	5698	2	708398	1			0
Picture	204	other				742754	1	1999	3	0	1920
Sound	64	hit	2	5609	4	754732	2			0
Picture	202	other				790582	1	2000	2	0	1920
Sound	62	hit	1	6135	3	802563	2			0
Picture	3	other				837244	1	1999	3	0	1920
Sound	63	hit	2	11584	3	849227	2			0
Picture	202	other				884072	2	2000	3	0	1920
Sound	62	hit	1	6396	3	896071	1			0
Picture	2	other				931900	2	2000	3	0	1920
Sound	62	hit	1	6463	2	943872	1			0
Picture	3	other				978396	1	1999	3	0	1920
Sound	63	hit	2	6257	3	990386	1			0
Picture	101	other				1026057	2	2000	4	0	1920
Sound	61	hit	1	5828	3	1038038	1			0
Picture	21	other				1074052	2	2000	3	0	1920
Sound	52	other				1080511	2			6460
Sound	61	hit	1	5766	2	1086049	1			0
Picture	204	other				1121714	1	2000	2	0	1920
Sound	64	hit	2	6592	3	1133700	2			0
Picture	23	other				1168042	2	2000	4	0	1920
Sound	52	other				1174161	2			6120
Sound	63	hit	2	11382	3	1180035	1			0
Picture	3	other				1215704	2	2000	3	0	1920
Sound	63	hit	2	6439	3	1227687	1			0
Picture	103	other				1261866	1	2000	2	0	1920
Sound	63	hit	2	4969	3	1273842	1			0
Picture	103	other				1308861	1	2000	2	0	1920
Sound	63	hit	2	4466	3	1320835	1			0
Picture	1	other				1355523	1	1999	3	0	1920
Sound	61	hit	1	4311	2	1367499	1			0
Picture	4	other				1403018	1	2000	2	0	1920
Sound	64	hit	2	4852	3	1415001	1			0
Picture	214	other				1449513	2	2000	3	0	1920
Sound	51	other				1454222	1			4710
Sound	64	hit	2	5003	3	1461485	1			0
Picture	204	other				1496674	2	2000	4	0	1920
Sound	64	hit	2	5480	3	1508658	1			0
Picture	202	other				1544336	2	2000	3	0	1920
Sound	62	hit	1	8864	2	1556309	1			0
Picture	101	other				1590665	1	1999	3	0	1920
Sound	61	hit	1	8929	2	1602644	1			0
Picture	11	other				1637160	1	2000	2	0	1920
Sound	51	other				1640589	2			3430
Sound	61	hit	1	5503	2	1649158	1			0
Picture	222	other				1684155	1	2000	3	0	1920
Sound	52	other				1691254	1			7100
Sound	62	hit	1	7010	2	1696151	1			0
Picture	4	other				1731483	2	2000	3	0	1920
Sound	64	hit	2	4446	3	1743474	1			0
Picture	3	other				1777979	1	1999	3	0	1920
Sound	63	hit	2	7983	2	1789958	1			0
Picture	22	other				1824307	1	2000	2	0	1920
Sound	52	other				1831006	2			6700
Sound	62	hit	1	5234	3	1836292	2			0
Picture	202	other				1871469	1	1999	3	0	1920
Sound	62	hit	1	6838	2	1883465	1			0
Picture	1	other				1919630	2	2000	3	0	1920
Sound	61	hit	1	6266	3	1931626	1			0
Picture	204	other				1967459	1	1999	3	0	1920
Sound	64	hit	2	5393	2	1979457	1			0
Picture	101	other				2013620	2	2000	4	0	1920
Sound	61	hit	1	7470	3	2025612	1			0
Picture	101	other				2060282	2	2000	3	0	1920
Sound	61	hit	1	5796	2	2072276	1			0
Picture	1	other				2108111	1	1999	3	0	1920
Sound	61	hit	1	4967	2	2120107	1			0
Picture	4	other				2155605	2	2000	4	0	1920
Sound	64	hit	2	4972	3	2167579	1			0
Picture	101	other				2202434	1	2000	2	0	1920
Sound	61	hit	1	5374	3	2214423	1			0
Picture	3	other				2249429	1	2000	2	0	1920
Sound	63	hit	2	6709	4	2261415	2			0
Picture	14	other				2297257	2	2000	4	0	1920
Sound	51	other				2302456	2			5200
Sound	64	hit	2	5751	2	2309247	1			0
Picture	103	other				2344586	1	1999	3	0	1920
Sound	63	hit	2	5664	2	2356569	1			0
Picture	2	other				2391747	2	2000	4	0	1920
Sound	62	hit	1	5405	2	2403742	1			0
Picture	4	other				2439409	2	2000	3	0	1920
Sound	64	hit	2	4270	4	2451393	2			0
Picture	103	other				2486738	1	1999	3	0	1920
Sound	63	hit	2	8024	2	2498716	1			0
Picture	121	other				2534399	2	2000	3	0	1920
Sound	52	other				2541308	2			6910
Sound	61	hit	1	6255	2	2546398	1			0
Picture	3	other				2581228	1	1999	3	0	1920
Sound	63	hit	2	5718	3	2593211	1			0
Picture	202	other				2628889	2	2000	3	0	1920
Sound	62	hit	1	6998	2	2640863	1			0
Picture	13	other				2675051	2	2000	3	0	1920
Sound	51	other				2677621	1			2570
Sound	63	hit	2	4903	2	2687048	1			0
Picture	123	other				2721379	2	2000	4	0	1920
Sound	52	other				2726958	1			5580
Sound	63	hit	2	6589	3	2733352	2			0
Picture	2	other				2769208	1	2000	2	0	1920
Sound	62	hit	1	5323	4	2781183	2			0
Picture	204	other				2815369	2	2000	4	0	1920
Sound	64	hit	2	7744	3	2827368	2			0
Picture	4	other				2862032	1	1999	3	0	1920
Sound	64	hit	2	5592	3	2874002	2			0
Picture	224	other				2908693	2	2000	3	0	1920
Sound	52	other				2915022	1			6330
Sound	64	hit	2	6302	3	2920666	2			0
Picture	103	other				2955855	2	2000	3	0	1920
Sound	63	hit	2	10026	3	2967839	1			0
Picture	1	other				3004017	1	1999	3	0	1920
Sound	61	hit	1	5418	3	3015999	2			0
Picture	103	other				3051678	2	2000	4	0	1920
Sound	63	hit	2	6087	2	3063651	1			0
Picture	204	other				3098507	1	1999	3	0	1920
Sound	64	hit	2	6703	2	3110495	1			0
