Scenario - 17_March_2015
Logfile written - 06/29/2016 15:27:01

Subject	Trial	Event Type	Code	Time	TTime	Uncertainty	Duration	Uncertainty	ReqTime	ReqDur	Stim Type	Pair Index

fc8	1	Response	253	9839	19672	1
fc8	2	Picture	10	9997	0	2	20165	3	0	20000	other	0
fc8	3	Picture	10	30328	0	2	40163	3	0	40000	other	0
fc8	3	Response	251	54728	24400	2
fc8	4	Picture	10	70657	0	2	40163	3	0	40000	other	0
fc8	4	Response	252	84448	13791	1
fc8	5	Nothing	91	110822	0	1			0		other	0
fc8	6	Picture	202	140983	0	2	2000	4	0	1920	other	0
fc8	7	Sound	62	152981	0	1			0		hit	10
fc8	7	Response	251	158096	5115	2
fc8	8	Picture	123	187145	0	2	2000	3	0	1920	other	0
fc8	8	Sound	52	192734	5589	2			5590		other	0
fc8	9	Sound	63	199136	0	1			0		hit	14
fc8	9	Response	252	207068	7932	2
fc8	10	Picture	12	234640	0	2	2000	3	0	1920	other	0
fc8	10	Sound	51	237399	2759	2			2760		other	0
fc8	11	Sound	62	246638	0	1			0		hit	18
fc8	11	Response	251	252939	6301	2
fc8	12	Picture	1	282135	0	2	2000	3	0	1920	other	0
fc8	13	Sound	61	294110	0	1			0		hit	21
fc8	13	Response	251	300625	6515	1
fc8	14	Picture	214	328297	0	1	2000	2	0	1920	other	0
fc8	14	Sound	51	333056	4759	2			4760		other	0
fc8	15	Sound	64	340295	0	1			0		hit	25
fc8	15	Response	252	348694	8399	2
fc8	16	Picture	224	376292	0	1	2000	2	0	1920	other	0
fc8	16	Sound	52	382331	6039	1			6040		other	0
fc8	17	Sound	64	388276	0	1			0		hit	29
fc8	17	Response	252	395171	6895	1
fc8	18	Picture	3	422787	0	2	2000	3	0	1920	other	0
fc8	19	Sound	63	434760	0	1			0		hit	32
fc8	19	Response	252	444423	9663	2
fc8	20	Picture	21	469782	0	2	2000	4	0	1920	other	0
fc8	20	Sound	52	477541	7759	2			7760		other	0
fc8	21	Sound	61	481753	0	1			0		hit	36
fc8	21	Response	251	488572	6819	1
fc8	22	Picture	2	517611	0	1	1999	3	0	1920	other	0
fc8	23	Sound	62	529584	0	2			0		hit	39
fc8	23	Response	251	538006	8422	1
fc8	24	Picture	1	565272	0	2	2000	3	0	1920	other	0
fc8	25	Sound	61	577266	0	1			0		hit	42
fc8	25	Response	251	584793	7527	2
fc8	26	Picture	204	611767	0	2	2000	3	0	1920	other	0
fc8	27	Sound	64	623750	0	1			0		hit	45
fc8	27	Response	252	628837	5087	1
fc8	28	Picture	101	658762	0	2	2000	4	0	1920	other	0
fc8	29	Sound	61	670743	0	2			0		hit	48
fc8	29	Response	251	676298	5555	1
fc8	30	Picture	101	706591	0	1	2000	2	0	1920	other	0
fc8	31	Sound	61	718575	0	1			0		hit	51
fc8	31	Response	251	724662	6087	2
fc8	32	Picture	113	752919	0	2	2000	3	0	1920	other	0
fc8	32	Sound	51	758058	5139	2			5140		other	0
fc8	33	Sound	63	764909	0	2			0		hit	55
fc8	33	Response	252	771812	6903	1
fc8	34	Picture	4	800914	0	2	2000	3	0	1920	other	0
fc8	35	Sound	64	812890	0	1			0		hit	58
fc8	35	Response	252	818401	5511	2
fc8	36	Picture	23	847243	0	1	2000	2	0	1920	other	0
fc8	36	Sound	52	853882	6639	2			6640		other	0
fc8	37	Sound	63	859225	0	1			0		hit	62
fc8	37	Response	252	864810	5585	2
fc8	38	Picture	3	895238	0	1	2000	2	0	1920	other	0
fc8	39	Sound	63	907235	0	2			0		hit	65
fc8	39	Response	252	912369	5134	2
fc8	40	Picture	22	942733	0	1	2000	2	0	1920	other	0
fc8	40	Sound	52	948642	5909	1			5910		other	0
fc8	41	Sound	62	954708	0	1			0		hit	69
fc8	41	Response	251	960322	5614	1
fc8	42	Picture	14	990728	0	1	1999	3	0	1920	other	0
fc8	42	Sound	51	994777	4049	1			4050		other	0
fc8	43	Sound	64	1002718	0	2			0		hit	73
fc8	43	Response	252	1008267	5549	1
fc8	44	Picture	4	1037223	0	1	1999	3	0	1920	other	0
fc8	45	Sound	64	1049203	0	1			0		hit	76
fc8	45	Response	252	1055280	6077	1
fc8	46	Picture	101	1083385	0	1	1999	3	0	1920	other	0
fc8	47	Sound	61	1095358	0	1			0		hit	79
fc8	47	Response	251	1100430	5072	2
fc8	48	Picture	202	1130713	0	2	2000	3	0	1920	other	0
fc8	49	Sound	62	1142710	0	1			0		hit	82
fc8	49	Response	251	1150115	7405	1
fc8	50	Picture	204	1178708	0	2	2000	3	0	1920	other	0
fc8	51	Sound	64	1190691	0	1			0		hit	85
fc8	51	Response	252	1195900	5209	2
fc8	52	Picture	2	1224870	0	1	2000	2	0	1920	other	0
fc8	53	Sound	62	1236846	0	1			0		hit	88
fc8	53	Response	251	1242241	5395	2
fc8	54	Picture	103	1271032	0	1	1999	3	0	1920	other	0
fc8	55	Sound	63	1283031	0	1			0		hit	91
fc8	55	Response	252	1291493	8462	1
fc8	56	Picture	204	1318194	0	1	1999	3	0	1920	other	0
fc8	57	Sound	64	1330174	0	1			0		hit	94
fc8	57	Response	252	1334677	4503	2
fc8	58	Picture	2	1365855	0	2	2000	3	0	1920	other	0
fc8	59	Sound	62	1377855	0	1			0		hit	97
fc8	59	Response	251	1383850	5995	2
fc8	60	Picture	1	1413350	0	2	2000	3	0	1920	other	0
fc8	61	Sound	61	1425327	0	2			0		hit	100
fc8	61	Response	251	1434632	9305	1
fc8	62	Picture	24	1461178	0	2	2000	4	0	1920	other	0
fc8	62	Sound	52	1467507	6329	1			6330		other	0
fc8	63	Sound	64	1473159	0	1			0		hit	104
fc8	63	Response	252	1478764	5605	1
fc8	64	Picture	222	1508174	0	1	1999	3	0	1920	other	0
fc8	64	Sound	52	1513833	5659	1			5660		other	0
fc8	65	Sound	62	1520152	0	1			0		hit	108
fc8	65	Response	251	1528249	8097	1
fc8	66	Picture	1	1554502	0	1	2000	2	0	1920	other	0
fc8	67	Sound	61	1566486	0	2			0		hit	111
fc8	67	Response	251	1573476	6990	1
fc8	68	Picture	204	1602164	0	1	1999	3	0	1920	other	0
fc8	69	Sound	64	1614138	0	1			0		hit	114
fc8	69	Response	252	1619347	5209	2
fc8	70	Picture	101	1650159	0	1	2000	2	0	1920	other	0
fc8	71	Sound	61	1662149	0	1			0		hit	117
fc8	71	Response	251	1668348	6199	1
fc8	72	Picture	3	1696321	0	1	1999	3	0	1920	other	0
fc8	73	Sound	63	1708304	0	1			0		hit	120
fc8	73	Response	252	1714911	6607	1
fc8	74	Picture	1	1743315	0	2	2000	4	0	1920	other	0
fc8	75	Sound	61	1755297	0	1			0		hit	123
fc8	75	Response	251	1761557	6260	1
fc8	76	Picture	204	1790977	0	2	2000	3	0	1920	other	0
fc8	77	Sound	64	1802948	0	2			0		hit	126
fc8	77	Response	252	1808185	5237	1
fc8	78	Picture	121	1837472	0	2	2000	3	0	1920	other	0
fc8	78	Sound	52	1845511	8039	1			8040		other	0
fc8	79	Sound	61	1849463	0	1			0		hit	130
fc8	79	Response	251	1856512	7049	2
fc8	80	Picture	4	1884134	0	2	2000	3	0	1920	other	0
fc8	81	Sound	64	1896127	0	1			0		hit	133
fc8	81	Response	252	1902270	6143	2
fc8	82	Picture	2	1931796	0	1	1999	3	0	1920	other	0
fc8	83	Sound	62	1943778	0	2			0		hit	136
fc8	83	Response	251	1951548	7770	2
fc8	84	Picture	2	1977958	0	1	1999	3	0	1920	other	0
fc8	85	Sound	62	1989933	0	1			0		hit	139
fc8	85	Response	251	1995657	5724	1
fc8	86	Picture	202	2025619	0	2	2000	4	0	1920	other	0
fc8	87	Sound	62	2037615	0	1			0		hit	142
fc8	87	Response	251	2043172	5557	2
fc8	88	Picture	212	2072948	0	1	1999	3	0	1920	other	0
fc8	88	Sound	51	2077827	4879	2			4880		other	0
fc8	89	Sound	62	2084937	0	2			0		hit	146
fc8	89	Response	251	2089879	4942	2
fc8	90	Picture	3	2119443	0	1	2000	2	0	1920	other	0
fc8	91	Sound	63	2131421	0	2			0		hit	149
fc8	91	Response	252	2136407	4986	1
fc8	92	Picture	3	2166771	0	2	2000	3	0	1920	other	0
fc8	93	Sound	63	2178744	0	1			0		hit	152
fc8	93	Response	252	2183209	4465	2
fc8	94	Picture	101	2213933	0	2	2000	3	0	1920	other	0
fc8	95	Sound	61	2225917	0	1			0		hit	155
fc8	95	Response	251	2232766	6849	2
fc8	96	Picture	103	2262095	0	1	1999	3	0	1920	other	0
fc8	97	Sound	63	2274077	0	1			0		hit	158
fc8	97	Response	252	2280144	6067	2
fc8	98	Picture	1	2309589	0	2	2000	4	0	1920	other	0
fc8	99	Sound	61	2321579	0	1			0		hit	161
fc8	99	Response	251	2328312	6733	2
fc8	100	Picture	103	2357584	0	2	2000	4	0	1920	other	0
fc8	101	Sound	63	2369560	0	1			0		hit	164
fc8	101	Response	252	2375560	6000	2
fc8	102	Picture	4	2404080	0	1	1999	3	0	1920	other	0
fc8	103	Sound	64	2416074	0	1			0		hit	167
fc8	103	Response	252	2422623	6549	2
fc8	104	Picture	202	2452241	0	2	2000	3	0	1920	other	0
fc8	105	Sound	62	2464235	0	1			0		hit	170
fc8	105	Response	251	2471295	7060	2
fc8	106	Picture	4	2498570	0	1	1999	3	0	1920	other	0
fc8	107	Sound	64	2510569	0	2			0		hit	173
fc8	107	Response	252	2516858	6289	1
fc8	108	Picture	202	2546565	0	1	2000	2	0	1920	other	0
fc8	109	Sound	62	2558550	0	1			0		hit	176
fc8	109	Response	251	2564159	5609	1
fc8	110	Picture	11	2594393	0	1	2000	2	0	1920	other	0
fc8	110	Sound	51	2599562	5169	2			5170		other	0
fc8	111	Sound	61	2606381	0	1			0		hit	180
fc8	111	Response	251	2613166	6785	2
fc8	112	Picture	2	2641888	0	1	2000	2	0	1920	other	0
fc8	113	Sound	62	2653883	0	2			0		hit	183
fc8	113	Response	251	2660007	6124	1
fc8	114	Picture	103	2688050	0	1	2000	2	0	1920	other	0
fc8	115	Sound	63	2700038	0	2			0		hit	186
fc8	115	Response	252	2705885	5847	2
fc8	116	Picture	103	2734878	0	2	2000	4	0	1920	other	0
fc8	117	Sound	63	2746852	0	1			0		hit	189
fc8	117	Response	252	2751304	4452	1
fc8	118	Picture	3	2781540	0	2	2000	3	0	1920	other	0
fc8	119	Sound	63	2793516	0	1			0		hit	192
fc8	119	Response	252	2799052	5536	2
fc8	120	Picture	4	2828702	0	2	1999	4	0	1920	other	0
fc8	121	Sound	64	2840688	0	2			0		hit	195
fc8	121	Response	252	2846457	5769	2
fc8	122	Picture	202	2875197	0	1	2000	2	0	1920	other	0
fc8	123	Sound	62	2887173	0	1			0		hit	198
fc8	123	Response	251	2892133	4960	1
fc8	124	Picture	103	2921859	0	1	1999	3	0	1920	other	0
fc8	125	Sound	63	2933837	0	1			0		hit	201
fc8	125	Response	252	2938116	4279	1
fc8	126	Picture	111	2970020	0	2	2000	4	0	1920	other	0
fc8	126	Sound	51	2972549	2529	1			2530		other	0
fc8	127	Sound	61	2981997	0	1			0		hit	205
fc8	127	Response	251	2986632	4635	2
fc8	128	Picture	13	3016849	0	1	2000	2	0	1920	other	0
fc8	128	Sound	51	3021138	4289	2			4290		other	0
fc8	129	Sound	63	3028841	0	1			0		hit	209
fc8	129	Response	252	3033728	4887	1
fc8	130	Picture	204	3063177	0	2	2000	3	0	1920	other	0
fc8	131	Sound	64	3075175	0	2			0		hit	212
fc8	131	Response	252	3083048	7873	2
fc8	132	Picture	101	3109672	0	2	2000	3	0	1920	other	0
fc8	133	Sound	61	3121659	0	2			0		hit	215
fc8	133	Response	251	3129015	7356	1
fc8	134	Response	251	3531816	374482	1
fc8	134	Response	251	3537026	379692	1
fc8	134	Response	251	3541207	383873	2
fc8	134	Response	251	3554545	397211	1
fc8	134	Response	253	3913382	756048	2


Event Type	Code	Type	Response	RT	RT Uncertainty	Time	Uncertainty	Duration	Uncertainty	ReqTime	ReqDur

Picture	10	other				9997	2	20165	3	0	20000
Picture	10	other				30328	2	40163	3	0	40000
Picture	10	other				70657	2	40163	3	0	40000
Nothing	91	other				110822	1			0
Picture	202	other				140983	2	2000	4	0	1920
Sound	62	hit	1	5115	3	152981	1			0
Picture	123	other				187145	2	2000	3	0	1920
Sound	52	other				192734	2			5590
Sound	63	hit	2	7932	3	199136	1			0
Picture	12	other				234640	2	2000	3	0	1920
Sound	51	other				237399	2			2760
Sound	62	hit	1	6301	3	246638	1			0
Picture	1	other				282135	2	2000	3	0	1920
Sound	61	hit	1	6515	2	294110	1			0
Picture	214	other				328297	1	2000	2	0	1920
Sound	51	other				333056	2			4760
Sound	64	hit	2	8399	3	340295	1			0
Picture	224	other				376292	1	2000	2	0	1920
Sound	52	other				382331	1			6040
Sound	64	hit	2	6895	2	388276	1			0
Picture	3	other				422787	2	2000	3	0	1920
Sound	63	hit	2	9663	3	434760	1			0
Picture	21	other				469782	2	2000	4	0	1920
Sound	52	other				477541	2			7760
Sound	61	hit	1	6819	2	481753	1			0
Picture	2	other				517611	1	1999	3	0	1920
Sound	62	hit	1	8422	3	529584	2			0
Picture	1	other				565272	2	2000	3	0	1920
Sound	61	hit	1	7527	3	577266	1			0
Picture	204	other				611767	2	2000	3	0	1920
Sound	64	hit	2	5087	2	623750	1			0
Picture	101	other				658762	2	2000	4	0	1920
Sound	61	hit	1	5555	3	670743	2			0
Picture	101	other				706591	1	2000	2	0	1920
Sound	61	hit	1	6087	3	718575	1			0
Picture	113	other				752919	2	2000	3	0	1920
Sound	51	other				758058	2			5140
Sound	63	hit	2	6903	3	764909	2			0
Picture	4	other				800914	2	2000	3	0	1920
Sound	64	hit	2	5511	3	812890	1			0
Picture	23	other				847243	1	2000	2	0	1920
Sound	52	other				853882	2			6640
Sound	63	hit	2	5585	3	859225	1			0
Picture	3	other				895238	1	2000	2	0	1920
Sound	63	hit	2	5134	4	907235	2			0
Picture	22	other				942733	1	2000	2	0	1920
Sound	52	other				948642	1			5910
Sound	62	hit	1	5614	2	954708	1			0
Picture	14	other				990728	1	1999	3	0	1920
Sound	51	other				994777	1			4050
Sound	64	hit	2	5549	3	1002718	2			0
Picture	4	other				1037223	1	1999	3	0	1920
Sound	64	hit	2	6077	2	1049203	1			0
Picture	101	other				1083385	1	1999	3	0	1920
Sound	61	hit	1	5072	3	1095358	1			0
Picture	202	other				1130713	2	2000	3	0	1920
Sound	62	hit	1	7405	2	1142710	1			0
Picture	204	other				1178708	2	2000	3	0	1920
Sound	64	hit	2	5209	3	1190691	1			0
Picture	2	other				1224870	1	2000	2	0	1920
Sound	62	hit	1	5395	3	1236846	1			0
Picture	103	other				1271032	1	1999	3	0	1920
Sound	63	hit	2	8462	2	1283031	1			0
Picture	204	other				1318194	1	1999	3	0	1920
Sound	64	hit	2	4503	3	1330174	1			0
Picture	2	other				1365855	2	2000	3	0	1920
Sound	62	hit	1	5995	3	1377855	1			0
Picture	1	other				1413350	2	2000	3	0	1920
Sound	61	hit	1	9305	3	1425327	2			0
Picture	24	other				1461178	2	2000	4	0	1920
Sound	52	other				1467507	1			6330
Sound	64	hit	2	5605	2	1473159	1			0
Picture	222	other				1508174	1	1999	3	0	1920
Sound	52	other				1513833	1			5660
Sound	62	hit	1	8097	2	1520152	1			0
Picture	1	other				1554502	1	2000	2	0	1920
Sound	61	hit	1	6990	3	1566486	2			0
Picture	204	other				1602164	1	1999	3	0	1920
Sound	64	hit	2	5209	3	1614138	1			0
Picture	101	other				1650159	1	2000	2	0	1920
Sound	61	hit	1	6199	2	1662149	1			0
Picture	3	other				1696321	1	1999	3	0	1920
Sound	63	hit	2	6607	2	1708304	1			0
Picture	1	other				1743315	2	2000	4	0	1920
Sound	61	hit	1	6260	2	1755297	1			0
Picture	204	other				1790977	2	2000	3	0	1920
Sound	64	hit	2	5237	3	1802948	2			0
Picture	121	other				1837472	2	2000	3	0	1920
Sound	52	other				1845511	1			8040
Sound	61	hit	1	7049	3	1849463	1			0
Picture	4	other				1884134	2	2000	3	0	1920
Sound	64	hit	2	6143	3	1896127	1			0
Picture	2	other				1931796	1	1999	3	0	1920
Sound	62	hit	1	7770	4	1943778	2			0
Picture	2	other				1977958	1	1999	3	0	1920
Sound	62	hit	1	5724	2	1989933	1			0
Picture	202	other				2025619	2	2000	4	0	1920
Sound	62	hit	1	5557	3	2037615	1			0
Picture	212	other				2072948	1	1999	3	0	1920
Sound	51	other				2077827	2			4880
Sound	62	hit	1	4942	4	2084937	2			0
Picture	3	other				2119443	1	2000	2	0	1920
Sound	63	hit	2	4986	3	2131421	2			0
Picture	3	other				2166771	2	2000	3	0	1920
Sound	63	hit	2	4465	3	2178744	1			0
Picture	101	other				2213933	2	2000	3	0	1920
Sound	61	hit	1	6849	3	2225917	1			0
Picture	103	other				2262095	1	1999	3	0	1920
Sound	63	hit	2	6067	3	2274077	1			0
Picture	1	other				2309589	2	2000	4	0	1920
Sound	61	hit	1	6733	3	2321579	1			0
Picture	103	other				2357584	2	2000	4	0	1920
Sound	63	hit	2	6000	3	2369560	1			0
Picture	4	other				2404080	1	1999	3	0	1920
Sound	64	hit	2	6549	3	2416074	1			0
Picture	202	other				2452241	2	2000	3	0	1920
Sound	62	hit	1	7060	3	2464235	1			0
Picture	4	other				2498570	1	1999	3	0	1920
Sound	64	hit	2	6289	3	2510569	2			0
Picture	202	other				2546565	1	2000	2	0	1920
Sound	62	hit	1	5609	2	2558550	1			0
Picture	11	other				2594393	1	2000	2	0	1920
Sound	51	other				2599562	2			5170
Sound	61	hit	1	6785	3	2606381	1			0
Picture	2	other				2641888	1	2000	2	0	1920
Sound	62	hit	1	6124	3	2653883	2			0
Picture	103	other				2688050	1	2000	2	0	1920
Sound	63	hit	2	5847	4	2700038	2			0
Picture	103	other				2734878	2	2000	4	0	1920
Sound	63	hit	2	4452	2	2746852	1			0
Picture	3	other				2781540	2	2000	3	0	1920
Sound	63	hit	2	5536	3	2793516	1			0
Picture	4	other				2828702	2	1999	4	0	1920
Sound	64	hit	2	5769	4	2840688	2			0
Picture	202	other				2875197	1	2000	2	0	1920
Sound	62	hit	1	4960	2	2887173	1			0
Picture	103	other				2921859	1	1999	3	0	1920
Sound	63	hit	2	4279	2	2933837	1			0
Picture	111	other				2970020	2	2000	4	0	1920
Sound	51	other				2972549	1			2530
Sound	61	hit	1	4635	3	2981997	1			0
Picture	13	other				3016849	1	2000	2	0	1920
Sound	51	other				3021138	2			4290
Sound	63	hit	2	4887	2	3028841	1			0
Picture	204	other				3063177	2	2000	3	0	1920
Sound	64	hit	2	7873	4	3075175	2			0
Picture	101	other				3109672	2	2000	3	0	1920
Sound	61	hit	1	7356	3	3121659	2			0
