Scenario - 17_March_2015
Logfile written - 06/08/2017 15:12:07

Subject	Trial	Event Type	Code	Time	TTime	Uncertainty	Duration	Uncertainty	ReqTime	ReqDur	Stim Type	Pair Index

maugi	1	Response	253	6823	16492	6
maugi	2	Picture	10	6996	0	3	20165	6	0	20000	other	0
maugi	3	Picture	10	27327	0	2	40163	5	0	40000	other	0
maugi	3	Response	251	39563	12236	2
maugi	4	Picture	10	67656	0	3	40161	7	0	40000	other	0
maugi	4	Response	252	83235	15579	2
maugi	5	Nothing	91	107826	0	1			0		other	0
maugi	6	Picture	2	138316	0	2	2000	5	0	1920	other	0
maugi	7	Sound	62	150320	0	2			0		hit	10
maugi	7	Response	251	155712	5392	2
maugi	8	Picture	101	185478	0	3	2000	5	0	1920	other	0
maugi	9	Sound	61	197463	0	2			0		hit	13
maugi	9	Response	251	201676	4213	2
maugi	10	Picture	123	232138	0	5	2000	9	0	1920	other	0
maugi	10	Sound	52	239198	7060	2			7060		other	0
maugi	11	Sound	63	244126	0	2			0		hit	17
maugi	11	Response	252	248280	4154	2
maugi	12	Picture	101	278468	0	3	1999	6	0	1920	other	0
maugi	13	Sound	61	290461	0	2			0		hit	20
maugi	13	Response	251	294309	3848	2
maugi	14	Picture	103	325796	0	3	2000	5	0	1920	other	0
maugi	15	Sound	63	337783	0	2			0		hit	23
maugi	15	Response	252	341939	4156	2
maugi	16	Picture	4	373625	0	3	1999	6	0	1920	other	0
maugi	17	Sound	64	385615	0	1			0		hit	26
maugi	17	Response	252	395104	9489	3
maugi	18	Picture	11	420787	0	4	2000	6	0	1920	other	0
maugi	18	Sound	51	423496	2709	2			2710		other	0
maugi	19	Sound	61	432787	0	2			0		hit	30
maugi	19	Response	251	438412	5625	2
maugi	20	Picture	22	467282	0	3	2000	6	0	1920	other	0
maugi	20	Sound	52	474842	7560	3			7560		other	0
maugi	21	Sound	62	479271	0	2			0		hit	34
maugi	21	Response	251	481038	1767	3
maugi	22	Picture	1	515277	0	3	2001	5	0	1920	other	0
maugi	23	Sound	61	527282	0	2			0		hit	37
maugi	23	Response	251	534469	7187	2
maugi	24	Picture	2	561940	0	2	1999	5	0	1920	other	0
maugi	25	Sound	62	573946	0	2			0		hit	40
maugi	25	Response	251	577838	3892	3
maugi	26	Picture	204	608435	0	3	1999	7	0	1920	other	0
maugi	27	Sound	64	620430	0	2			0		incorrect	43
maugi	27	Response	251	624341	3911	2
maugi	28	Picture	4	655762	0	3	2001	6	0	1920	other	0
maugi	29	Sound	64	667752	0	2			0		incorrect	46
maugi	29	Response	251	675907	8155	2
maugi	30	Picture	111	703758	0	3	2000	6	0	1920	other	0
maugi	30	Sound	51	707277	3519	3			3520		other	0
maugi	31	Sound	61	715763	0	2			0		hit	50
maugi	31	Response	251	720942	5179	4
maugi	32	Picture	3	750754	0	4	1999	7	0	1920	other	0
maugi	33	Sound	63	762756	0	2			0		incorrect	53
maugi	33	Response	251	767847	5091	2
maugi	34	Picture	24	797415	0	3	2000	6	0	1920	other	0
maugi	34	Sound	52	804714	7299	2			7300		other	0
maugi	35	Sound	64	809420	0	2			0		incorrect	57
maugi	35	Response	251	818131	8711	3
maugi	36	Picture	1	844077	0	2	2000	5	0	1920	other	0
maugi	37	Sound	61	856083	0	2			0		hit	60
maugi	37	Response	251	861452	5369	2
maugi	38	Picture	3	891572	0	3	2000	6	0	1920	other	0
maugi	39	Sound	63	903555	0	2			0		incorrect	63
maugi	39	Response	251	913940	10385	2
maugi	40	Picture	202	938733	0	3	2000	7	0	1920	other	0
maugi	41	Sound	62	950728	0	2			0		hit	66
maugi	41	Response	251	958126	7398	2
maugi	42	Picture	2	986062	0	4	2000	7	0	1920	other	0
maugi	43	Sound	62	998050	0	2			0		hit	69
maugi	43	Response	251	1003538	5488	3
maugi	44	Picture	4	1033891	0	3	1999	7	0	1920	other	0
maugi	45	Sound	64	1045882	0	3			0		hit	72
maugi	45	Response	252	1050563	4681	2
maugi	46	Picture	3	1080719	0	3	2001	5	0	1920	other	0
maugi	47	Sound	63	1092724	0	2			0		hit	75
maugi	47	Response	252	1103071	10347	2
maugi	48	Picture	204	1128715	0	3	1999	6	0	1920	other	0
maugi	49	Sound	64	1140706	0	2			0		hit	78
maugi	49	Response	252	1150246	9540	2
maugi	50	Picture	13	1176876	0	3	2001	5	0	1920	other	0
maugi	50	Sound	51	1179875	2999	2			3000		other	0
maugi	51	Sound	63	1188866	0	2			0		hit	82
maugi	51	Response	252	1198603	9737	2
maugi	52	Picture	3	1223205	0	3	1999	8	0	1920	other	0
maugi	53	Sound	63	1235200	0	2			0		hit	85
maugi	53	Response	252	1247036	11836	3
maugi	54	Picture	204	1270867	0	3	2000	5	0	1920	other	0
maugi	55	Sound	64	1282852	0	2			0		hit	88
maugi	55	Response	252	1290259	7407	2
maugi	56	Picture	1	1318029	0	3	1999	7	0	1920	other	0
maugi	57	Sound	61	1330024	0	2			0		hit	91
maugi	57	Response	251	1337144	7120	2
maugi	58	Picture	1	1365023	0	3	2000	6	0	1920	other	0
maugi	59	Sound	61	1377018	0	2			0		hit	94
maugi	59	Response	251	1381831	4813	2
maugi	60	Picture	103	1411852	0	3	2000	6	0	1920	other	0
maugi	61	Sound	63	1423831	0	2			0		hit	97
maugi	61	Response	252	1428845	5014	2
maugi	62	Picture	2	1458848	0	3	2000	5	0	1920	other	0
maugi	63	Sound	62	1470854	0	2			0		hit	100
maugi	63	Response	251	1476922	6068	2
maugi	64	Picture	103	1506509	0	3	1999	8	0	1920	other	0
maugi	65	Sound	63	1518505	0	2			0		incorrect	103
maugi	65	Response	251	1529280	10775	3
maugi	66	Picture	4	1552838	0	4	2000	7	0	1920	other	0
maugi	67	Sound	64	1564840	0	2			0		incorrect	106
maugi	67	Response	251	1572449	7609	2
maugi	68	Picture	113	1600000	0	3	2000	6	0	1920	other	0
maugi	68	Sound	51	1605119	5119	2			5120		other	0
maugi	69	Sound	63	1611983	0	2			0		hit	110
maugi	69	Response	252	1621628	9645	3
maugi	70	Picture	103	1646329	0	3	1999	5	0	1920	other	0
maugi	71	Sound	63	1658317	0	2			0		hit	113
maugi	71	Response	252	1663179	4862	2
maugi	72	Picture	204	1693157	0	3	2000	5	0	1920	other	0
maugi	73	Sound	64	1705161	0	1			0		hit	116
maugi	73	Response	252	1709294	4133	2
maugi	74	Picture	202	1740485	0	3	2000	7	0	1920	other	0
maugi	75	Sound	62	1752483	0	2			0		hit	119
maugi	75	Response	251	1756750	4267	2
maugi	76	Picture	224	1788148	0	3	1999	6	0	1920	other	0
maugi	76	Sound	52	1794437	6289	2			6290		other	0
maugi	77	Sound	64	1800134	0	2			0		hit	123
maugi	77	Response	252	1806921	6787	2
maugi	78	Picture	1	1835143	0	3	1999	6	0	1920	other	0
maugi	79	Sound	61	1847127	0	2			0		hit	126
maugi	79	Response	251	1852897	5770	2
maugi	80	Picture	23	1881804	0	3	2001	5	0	1920	other	0
maugi	80	Sound	52	1889754	7950	2			7950		other	0
maugi	81	Sound	63	1893791	0	2			0		hit	130
maugi	81	Response	252	1902941	9150	2
maugi	82	Picture	103	1928799	0	3	2000	6	0	1920	other	0
maugi	83	Sound	63	1940784	0	2			0		hit	133
maugi	83	Response	252	1945716	4932	2
maugi	84	Picture	212	1975795	0	2	2000	5	0	1920	other	0
maugi	84	Sound	51	1980776	4981	2			4980		other	0
maugi	85	Sound	62	1987777	0	2			0		hit	137
maugi	85	Response	251	1991676	3899	2
maugi	86	Picture	204	2023790	0	3	2000	5	0	1920	other	0
maugi	87	Sound	64	2035788	0	2			0		hit	140
maugi	87	Response	252	2042502	6714	2
maugi	88	Picture	101	2071452	0	3	2000	6	0	1920	other	0
maugi	89	Sound	61	2083440	0	3			0		hit	143
maugi	89	Response	251	2090022	6582	2
maugi	90	Picture	101	2119447	0	5	2000	8	0	1920	other	0
maugi	91	Sound	61	2131450	0	2			0		hit	146
maugi	91	Response	251	2136793	5343	2
maugi	92	Picture	4	2167441	0	3	2000	6	0	1920	other	0
maugi	93	Sound	64	2179430	0	2			0		hit	149
maugi	93	Response	252	2187671	8241	2
maugi	94	Picture	202	2215437	0	3	2000	6	0	1920	other	0
maugi	95	Sound	62	2227442	0	2			0		hit	152
maugi	95	Response	251	2232790	5348	3
maugi	96	Picture	222	2262432	0	5	2000	8	0	1920	other	0
maugi	96	Sound	52	2270562	8130	2			8130		other	0
maugi	97	Sound	62	2274435	0	1			0		hit	156
maugi	97	Response	251	2280059	5624	2
maugi	98	Picture	121	2309759	0	4	2000	9	0	1920	other	0
maugi	98	Sound	52	2317499	7740	1			7740		other	0
maugi	99	Sound	61	2321757	0	2			0		hit	160
maugi	99	Response	251	2331066	9309	4
maugi	100	Picture	1	2356923	0	3	1999	6	0	1920	other	0
maugi	101	Sound	61	2368930	0	1			0		hit	163
maugi	101	Response	251	2373825	4895	2
maugi	102	Picture	101	2403084	0	3	2000	6	0	1920	other	0
maugi	103	Sound	61	2415085	0	3			0		hit	166
maugi	103	Response	251	2419297	4212	2
maugi	104	Picture	2	2451080	0	3	1999	6	0	1920	other	0
maugi	105	Sound	62	2463065	0	2			0		hit	169
maugi	105	Response	251	2468316	5251	3
maugi	106	Picture	202	2498241	0	3	2000	7	0	1920	other	0
maugi	107	Sound	62	2510237	0	2			0		hit	172
maugi	107	Response	251	2514483	4246	2
maugi	108	Picture	14	2544903	0	3	2000	6	0	1920	other	0
maugi	108	Sound	51	2548623	3720	1			3720		other	0
maugi	109	Sound	64	2556901	0	2			0		hit	176
maugi	109	Response	252	2562046	5145	2
maugi	110	Picture	202	2591232	0	5	2000	7	0	1920	other	0
maugi	111	Sound	62	2603236	0	2			0		hit	179
maugi	111	Response	251	2610142	6906	2
maugi	112	Picture	3	2638060	0	3	2001	6	0	1920	other	0
maugi	113	Sound	63	2650049	0	2			0		incorrect	182
maugi	113	Response	251	2659552	9503	3
maugi	114	Picture	2	2685056	0	3	1999	6	0	1920	other	0
maugi	115	Sound	62	2697042	0	2			0		hit	185
maugi	115	Response	251	2707936	10894	2
maugi	116	Picture	103	2731717	0	3	2000	6	0	1920	other	0
maugi	117	Sound	63	2743706	0	2			0		hit	188
maugi	117	Response	252	2751578	7872	2
maugi	118	Picture	214	2779693	0	22	2017	27	0	1920	other	0
maugi	118	Sound	51	2783093	3400	2			3400		other	0
maugi	119	Sound	64	2791687	0	2			0		hit	192
maugi	119	Response	252	2796183	4496	2
maugi	120	Picture	101	2826040	0	5	2000	8	0	1920	other	0
maugi	121	Sound	61	2838021	0	2			0		hit	195
maugi	121	Response	251	2845897	7876	2
maugi	122	Picture	12	2873869	0	3	2001	5	0	1920	other	0
maugi	122	Sound	51	2877148	3279	2			3280		other	0
maugi	123	Sound	62	2885852	0	2			0		hit	199
maugi	123	Response	251	2891908	6056	2
maugi	124	Picture	21	2920364	0	4	2001	7	0	1920	other	0
maugi	124	Sound	52	2928543	8179	2			8180		other	0
maugi	125	Sound	61	2932367	0	3			0		hit	203
maugi	125	Response	251	2938234	5867	3
maugi	126	Picture	4	2967361	0	3	1999	6	0	1920	other	0
maugi	127	Sound	64	2979360	0	2			0		hit	206
maugi	127	Response	252	2983621	4261	2
maugi	128	Picture	204	3015188	0	5	2001	7	0	1920	other	0
maugi	129	Sound	64	3027191	0	2			0		hit	209
maugi	129	Response	252	3032632	5441	3
maugi	130	Picture	3	3061849	0	4	2001	7	0	1920	other	0
maugi	131	Sound	63	3073855	0	2			0		hit	212
maugi	131	Response	252	3078028	4173	2
maugi	132	Picture	202	3108512	0	3	2001	5	0	1920	other	0
maugi	133	Sound	62	3120518	0	2			0		hit	215
maugi	133	Response	251	3125235	4717	2
maugi	134	Response	253	3835180	679505	5


Event Type	Code	Type	Response	RT	RT Uncertainty	Time	Uncertainty	Duration	Uncertainty	ReqTime	ReqDur

Picture	10	other				6996	3	20165	6	0	20000
Picture	10	other				27327	2	40163	5	0	40000
Picture	10	other				67656	3	40161	7	0	40000
Nothing	91	other				107826	1			0
Picture	2	other				138316	2	2000	5	0	1920
Sound	62	hit	1	5392	4	150320	2			0
Picture	101	other				185478	3	2000	5	0	1920
Sound	61	hit	1	4213	4	197463	2			0
Picture	123	other				232138	5	2000	9	0	1920
Sound	52	other				239198	2			7060
Sound	63	hit	2	4154	4	244126	2			0
Picture	101	other				278468	3	1999	6	0	1920
Sound	61	hit	1	3848	4	290461	2			0
Picture	103	other				325796	3	2000	5	0	1920
Sound	63	hit	2	4156	4	337783	2			0
Picture	4	other				373625	3	1999	6	0	1920
Sound	64	hit	2	9489	4	385615	1			0
Picture	11	other				420787	4	2000	6	0	1920
Sound	51	other				423496	2			2710
Sound	61	hit	1	5625	4	432787	2			0
Picture	22	other				467282	3	2000	6	0	1920
Sound	52	other				474842	3			7560
Sound	62	hit	1	1767	5	479271	2			0
Picture	1	other				515277	3	2001	5	0	1920
Sound	61	hit	1	7187	4	527282	2			0
Picture	2	other				561940	2	1999	5	0	1920
Sound	62	hit	1	3892	5	573946	2			0
Picture	204	other				608435	3	1999	7	0	1920
Sound	64	incorrect	1	3911	4	620430	2			0
Picture	4	other				655762	3	2001	6	0	1920
Sound	64	incorrect	1	8155	4	667752	2			0
Picture	111	other				703758	3	2000	6	0	1920
Sound	51	other				707277	3			3520
Sound	61	hit	1	5179	6	715763	2			0
Picture	3	other				750754	4	1999	7	0	1920
Sound	63	incorrect	1	5091	4	762756	2			0
Picture	24	other				797415	3	2000	6	0	1920
Sound	52	other				804714	2			7300
Sound	64	incorrect	1	8711	5	809420	2			0
Picture	1	other				844077	2	2000	5	0	1920
Sound	61	hit	1	5369	4	856083	2			0
Picture	3	other				891572	3	2000	6	0	1920
Sound	63	incorrect	1	10385	4	903555	2			0
Picture	202	other				938733	3	2000	7	0	1920
Sound	62	hit	1	7398	4	950728	2			0
Picture	2	other				986062	4	2000	7	0	1920
Sound	62	hit	1	5488	5	998050	2			0
Picture	4	other				1033891	3	1999	7	0	1920
Sound	64	hit	2	4681	5	1045882	3			0
Picture	3	other				1080719	3	2001	5	0	1920
Sound	63	hit	2	10347	4	1092724	2			0
Picture	204	other				1128715	3	1999	6	0	1920
Sound	64	hit	2	9540	4	1140706	2			0
Picture	13	other				1176876	3	2001	5	0	1920
Sound	51	other				1179875	2			3000
Sound	63	hit	2	9737	4	1188866	2			0
Picture	3	other				1223205	3	1999	8	0	1920
Sound	63	hit	2	11836	5	1235200	2			0
Picture	204	other				1270867	3	2000	5	0	1920
Sound	64	hit	2	7407	4	1282852	2			0
Picture	1	other				1318029	3	1999	7	0	1920
Sound	61	hit	1	7120	4	1330024	2			0
Picture	1	other				1365023	3	2000	6	0	1920
Sound	61	hit	1	4813	4	1377018	2			0
Picture	103	other				1411852	3	2000	6	0	1920
Sound	63	hit	2	5014	4	1423831	2			0
Picture	2	other				1458848	3	2000	5	0	1920
Sound	62	hit	1	6068	4	1470854	2			0
Picture	103	other				1506509	3	1999	8	0	1920
Sound	63	incorrect	1	10775	5	1518505	2			0
Picture	4	other				1552838	4	2000	7	0	1920
Sound	64	incorrect	1	7609	4	1564840	2			0
Picture	113	other				1600000	3	2000	6	0	1920
Sound	51	other				1605119	2			5120
Sound	63	hit	2	9645	5	1611983	2			0
Picture	103	other				1646329	3	1999	5	0	1920
Sound	63	hit	2	4862	4	1658317	2			0
Picture	204	other				1693157	3	2000	5	0	1920
Sound	64	hit	2	4133	3	1705161	1			0
Picture	202	other				1740485	3	2000	7	0	1920
Sound	62	hit	1	4267	4	1752483	2			0
Picture	224	other				1788148	3	1999	6	0	1920
Sound	52	other				1794437	2			6290
Sound	64	hit	2	6787	4	1800134	2			0
Picture	1	other				1835143	3	1999	6	0	1920
Sound	61	hit	1	5770	4	1847127	2			0
Picture	23	other				1881804	3	2001	5	0	1920
Sound	52	other				1889754	2			7950
Sound	63	hit	2	9150	4	1893791	2			0
Picture	103	other				1928799	3	2000	6	0	1920
Sound	63	hit	2	4932	4	1940784	2			0
Picture	212	other				1975795	2	2000	5	0	1920
Sound	51	other				1980776	2			4980
Sound	62	hit	1	3899	4	1987777	2			0
Picture	204	other				2023790	3	2000	5	0	1920
Sound	64	hit	2	6714	4	2035788	2			0
Picture	101	other				2071452	3	2000	6	0	1920
Sound	61	hit	1	6582	5	2083440	3			0
Picture	101	other				2119447	5	2000	8	0	1920
Sound	61	hit	1	5343	4	2131450	2			0
Picture	4	other				2167441	3	2000	6	0	1920
Sound	64	hit	2	8241	4	2179430	2			0
Picture	202	other				2215437	3	2000	6	0	1920
Sound	62	hit	1	5348	5	2227442	2			0
Picture	222	other				2262432	5	2000	8	0	1920
Sound	52	other				2270562	2			8130
Sound	62	hit	1	5624	3	2274435	1			0
Picture	121	other				2309759	4	2000	9	0	1920
Sound	52	other				2317499	1			7740
Sound	61	hit	1	9309	6	2321757	2			0
Picture	1	other				2356923	3	1999	6	0	1920
Sound	61	hit	1	4895	3	2368930	1			0
Picture	101	other				2403084	3	2000	6	0	1920
Sound	61	hit	1	4212	5	2415085	3			0
Picture	2	other				2451080	3	1999	6	0	1920
Sound	62	hit	1	5251	5	2463065	2			0
Picture	202	other				2498241	3	2000	7	0	1920
Sound	62	hit	1	4246	4	2510237	2			0
Picture	14	other				2544903	3	2000	6	0	1920
Sound	51	other				2548623	1			3720
Sound	64	hit	2	5145	4	2556901	2			0
Picture	202	other				2591232	5	2000	7	0	1920
Sound	62	hit	1	6906	4	2603236	2			0
Picture	3	other				2638060	3	2001	6	0	1920
Sound	63	incorrect	1	9503	5	2650049	2			0
Picture	2	other				2685056	3	1999	6	0	1920
Sound	62	hit	1	10894	4	2697042	2			0
Picture	103	other				2731717	3	2000	6	0	1920
Sound	63	hit	2	7872	4	2743706	2			0
Picture	214	other				2779693	22	2017	27	0	1920
Sound	51	other				2783093	2			3400
Sound	64	hit	2	4496	4	2791687	2			0
Picture	101	other				2826040	5	2000	8	0	1920
Sound	61	hit	1	7876	4	2838021	2			0
Picture	12	other				2873869	3	2001	5	0	1920
Sound	51	other				2877148	2			3280
Sound	62	hit	1	6056	4	2885852	2			0
Picture	21	other				2920364	4	2001	7	0	1920
Sound	52	other				2928543	2			8180
Sound	61	hit	1	5867	6	2932367	3			0
Picture	4	other				2967361	3	1999	6	0	1920
Sound	64	hit	2	4261	4	2979360	2			0
Picture	204	other				3015188	5	2001	7	0	1920
Sound	64	hit	2	5441	5	3027191	2			0
Picture	3	other				3061849	4	2001	7	0	1920
Sound	63	hit	2	4173	4	3073855	2			0
Picture	202	other				3108512	3	2001	5	0	1920
Sound	62	hit	1	4717	4	3120518	2			0
