Scenario - 17_March_2015
Logfile written - 06/08/2017 14:51:08

Subject	Trial	Event Type	Code	Time	TTime	Uncertainty	Duration	Uncertainty	ReqTime	ReqDur	Stim Type	Pair Index

maugi	1	Response	253	18196	27864	5
maugi	2	Picture	10	18328	0	3	20165	6	0	20000	other	0
maugi	3	Picture	10	38659	0	3	40162	6	0	40000	other	0
maugi	3	Response	251	53722	15063	2
maugi	4	Picture	10	78989	0	2	40162	5	0	40000	other	0
maugi	4	Response	252	93863	14874	2
maugi	5	Nothing	91	119158	0	2			0		other	0
maugi	6	Picture	202	149648	0	3	1999	6	0	1920	other	0
maugi	7	Sound	62	161634	0	2			0		hit	10
maugi	7	Response	251	169223	7589	2
maugi	8	Picture	123	195976	0	3	1997	9	0	1920	other	0
maugi	8	Sound	52	201565	5589	4			5590		other	0
maugi	9	Sound	63	207969	0	2			0		incorrect	14
maugi	9	Response	251	214382	6413	2
maugi	10	Picture	12	243638	0	4	1999	9	0	1920	other	0
maugi	10	Sound	51	246397	2759	2			2760		other	0
maugi	11	Sound	62	255621	0	2			0		hit	18
maugi	11	Response	251	263480	7859	2
maugi	12	Picture	1	291133	0	3	2000	5	0	1920	other	0
maugi	13	Sound	61	303123	0	2			0		hit	21
maugi	13	Response	251	309062	5939	2
maugi	14	Picture	214	337462	0	3	1999	7	0	1920	other	0
maugi	14	Sound	51	342221	4759	2			4760		other	0
maugi	15	Sound	64	349457	0	2			0		hit	25
maugi	15	Response	252	356068	6611	2
maugi	16	Picture	224	385624	0	3	1999	6	0	1920	other	0
maugi	16	Sound	52	391664	6040	2			6040		other	0
maugi	17	Sound	64	397617	0	2			0		incorrect	29
maugi	17	Response	251	409555	11938	2
maugi	18	Picture	3	432120	0	2	1999	5	0	1920	other	0
maugi	19	Sound	63	444102	0	2			0		incorrect	32
maugi	19	Response	251	458820	14718	2
maugi	20	Picture	21	479281	0	4	1999	7	0	1920	other	0
maugi	20	Sound	52	487040	7759	2			7760		other	0
maugi	21	Sound	61	491274	0	2			0		hit	36
maugi	21	Response	251	510245	18971	2
maugi	22	Picture	2	527110	0	4	1999	9	0	1920	other	0
maugi	23	Sound	62	539105	0	2			0		hit	39
maugi	23	Response	251	550705	11600	3
maugi	24	Picture	1	574771	0	3	2000	6	0	1920	other	0
maugi	25	Sound	61	586757	0	3			0		hit	42
maugi	25	Response	251	594915	8158	3
maugi	26	Picture	204	621266	0	3	2001	6	0	1920	other	0
maugi	27	Sound	64	633271	0	2			0		hit	45
maugi	27	Response	252	651051	17780	3
maugi	28	Picture	101	668429	0	3	1999	6	0	1920	other	0
maugi	29	Sound	61	680414	0	3			0		hit	48
maugi	29	Response	251	690830	10416	2
maugi	30	Picture	101	716422	0	5	2001	8	0	1920	other	0
maugi	31	Sound	61	728424	0	2			0		hit	51
maugi	31	Response	251	735252	6828	2
maugi	32	Picture	113	762752	0	3	2000	6	0	1920	other	0
maugi	32	Sound	51	767891	5139	2			5140		other	0
maugi	33	Sound	63	774759	0	2			0		hit	55
maugi	33	Response	252	781723	6964	2
maugi	34	Picture	4	810747	0	3	1999	6	0	1920	other	0
maugi	35	Sound	64	822740	0	3			0		hit	58
maugi	35	Response	252	835988	13248	2
maugi	36	Picture	23	857242	0	3	2000	5	0	1920	other	0
maugi	36	Sound	52	863882	6640	1			6640		other	0
maugi	37	Sound	63	869224	0	2			0		hit	62
maugi	37	Response	252	876416	7192	2
maugi	38	Picture	3	905404	0	3	2000	6	0	1920	other	0
maugi	39	Sound	63	917384	0	2			0		hit	65
maugi	39	Response	252	922932	5548	2
maugi	40	Picture	22	953065	0	4	2001	6	0	1920	other	0
maugi	40	Sound	52	958974	5909	2			5910		other	0
maugi	41	Sound	62	965066	0	3			0		hit	69
maugi	41	Response	251	971989	6923	2
maugi	42	Picture	14	1001228	0	3	2000	5	0	1920	other	0
maugi	42	Sound	51	1005278	4050	1			4050		other	0
maugi	43	Sound	64	1013226	0	2			0		hit	73
maugi	43	Response	252	1021990	8764	2
maugi	44	Picture	4	1047723	0	3	2000	6	0	1920	other	0
maugi	45	Sound	64	1059710	0	2			0		incorrect	76
maugi	45	Response	251	1073417	13707	2
maugi	46	Picture	101	1093885	0	3	2000	6	0	1920	other	0
maugi	47	Sound	61	1105865	0	2			0		hit	79
maugi	47	Response	251	1115303	9438	3
maugi	48	Picture	202	1141380	0	2	1999	5	0	1920	other	0
maugi	49	Sound	62	1153367	0	4			0		hit	82
maugi	49	Response	251	1159125	5758	2
maugi	50	Picture	204	1189375	0	4	2000	7	0	1920	other	0
maugi	51	Sound	64	1201378	0	2			0		hit	85
maugi	51	Response	252	1207264	5886	2
maugi	52	Picture	2	1235704	0	3	2000	5	0	1920	other	0
maugi	53	Sound	62	1247683	0	1			0		hit	88
maugi	53	Response	251	1255755	8072	2
maugi	54	Picture	103	1282032	0	3	2000	6	0	1920	other	0
maugi	55	Sound	63	1294017	0	2			0		hit	91
maugi	55	Response	252	1301937	7920	3
maugi	56	Picture	204	1329361	0	2	2000	4	0	1920	other	0
maugi	57	Sound	64	1341339	0	2			0		hit	94
maugi	57	Response	252	1349436	8097	2
maugi	58	Picture	2	1377023	0	3	2000	7	0	1920	other	0
maugi	59	Sound	62	1389020	0	2			0		hit	97
maugi	59	Response	251	1395336	6316	2
maugi	60	Picture	1	1424518	0	3	2000	6	0	1920	other	0
maugi	61	Sound	61	1436522	0	2			0		hit	100
maugi	61	Response	251	1443123	6601	2
maugi	62	Picture	24	1472513	0	2	2000	4	0	1920	other	0
maugi	62	Sound	52	1478842	6329	2			6330		other	0
maugi	63	Sound	64	1484503	0	2			0		hit	104
maugi	63	Response	252	1496274	11771	2
maugi	64	Picture	222	1519673	0	5	2001	8	0	1920	other	0
maugi	64	Sound	52	1525333	5660	2			5660		other	0
maugi	65	Sound	62	1531676	0	1			0		hit	108
maugi	65	Response	251	1543953	12277	3
maugi	66	Picture	1	1566170	0	2	1999	5	0	1920	other	0
maugi	67	Sound	61	1578160	0	2			0		hit	111
maugi	67	Response	251	1587042	8882	2
maugi	68	Picture	204	1613832	0	3	1999	6	0	1920	other	0
maugi	69	Sound	64	1625812	0	1			0		hit	114
maugi	69	Response	252	1633117	7305	3
maugi	70	Picture	101	1661827	0	3	1999	7	0	1920	other	0
maugi	71	Sound	61	1673822	0	2			0		hit	117
maugi	71	Response	251	1685864	12042	2
maugi	72	Picture	3	1707988	0	7	2000	10	0	1920	other	0
maugi	73	Sound	63	1719977	0	2			0		hit	120
maugi	73	Response	252	1728472	8495	2
maugi	74	Picture	1	1755151	0	3	2000	5	0	1920	other	0
maugi	75	Sound	61	1767150	0	2			0		incorrect	123
maugi	75	Response	252	1781927	14777	3
maugi	76	Picture	204	1802979	0	4	2000	7	0	1920	other	0
maugi	77	Sound	64	1814981	0	2			0		hit	126
maugi	77	Response	252	1828148	13167	2
maugi	78	Picture	121	1849474	0	3	2000	6	0	1920	other	0
maugi	78	Sound	52	1857514	8040	2			8040		other	0
maugi	79	Sound	61	1861465	0	2			0		incorrect	130
maugi	79	Response	252	1876643	15178	2
maugi	80	Picture	4	1896303	0	3	2000	6	0	1920	other	0
maugi	81	Sound	64	1908308	0	2			0		incorrect	133
maugi	81	Response	251	1924548	16240	2
maugi	82	Picture	2	1944131	0	3	2000	6	0	1920	other	0
maugi	83	Sound	62	1956110	0	1			0		hit	136
maugi	83	Response	251	1963903	7793	2
maugi	84	Picture	2	1990460	0	2	2000	4	0	1920	other	0
maugi	85	Sound	62	2002444	0	2			0		hit	139
maugi	85	Response	251	2013172	10728	2
maugi	85	Response	251	2016518	14074	2
maugi	86	Picture	202	2038122	0	3	2000	6	0	1920	other	0
maugi	87	Sound	62	2050126	0	1			0		hit	143
maugi	87	Response	251	2063723	13597	2
maugi	88	Picture	212	2085617	0	2	2000	4	0	1920	other	0
maugi	88	Sound	51	2090496	4879	2			4880		other	0
maugi	89	Sound	62	2097597	0	2			0		hit	147
maugi	89	Response	251	2107423	9826	2
maugi	90	Picture	3	2132278	0	3	1999	7	0	1920	other	0
maugi	91	Sound	63	2144261	0	2			0		hit	150
maugi	91	Response	252	2159244	14983	2
maugi	92	Picture	3	2179607	0	3	2000	6	0	1920	other	0
maugi	93	Sound	63	2191613	0	2			0		hit	153
maugi	93	Response	252	2202838	11225	4
maugi	94	Picture	101	2226769	0	3	2000	6	0	1920	other	0
maugi	95	Sound	61	2238756	0	2			0		hit	156
maugi	95	Response	251	2244220	5464	2
maugi	96	Picture	103	2274930	0	3	2001	5	0	1920	other	0
maugi	97	Sound	63	2286917	0	3			0		hit	159
maugi	97	Response	252	2295961	9044	2
maugi	98	Picture	1	2322426	0	3	2000	6	0	1920	other	0
maugi	99	Sound	61	2334418	0	2			0		hit	162
maugi	99	Response	251	2346546	12128	2
maugi	100	Picture	103	2370415	0	178	2006	181	0	1920	other	0
maugi	101	Sound	63	2382399	0	2			0		incorrect	165
maugi	101	Response	251	2392227	9828	3
maugi	102	Picture	4	2416916	0	3	2000	7	0	1920	other	0
maugi	103	Sound	64	2428913	0	2			0		incorrect	168
maugi	103	Response	251	2443087	14174	2
maugi	104	Picture	202	2465077	0	4	2000	8	0	1920	other	0
maugi	105	Sound	62	2477073	0	2			0		hit	171
maugi	105	Response	251	2489098	12025	2
maugi	106	Picture	4	2511406	0	4	2001	6	0	1920	other	0
maugi	107	Sound	64	2523408	0	3			0		hit	174
maugi	107	Response	252	2533602	10194	2
maugi	108	Picture	202	2559402	0	3	1999	6	0	1920	other	0
maugi	109	Sound	62	2571389	0	1			0		hit	177
maugi	109	Response	251	2578899	7510	2
maugi	110	Picture	11	2607731	0	3	1999	6	0	1920	other	0
maugi	110	Sound	51	2612901	5170	1			5170		other	0
maugi	111	Sound	61	2619729	0	2			0		hit	181
maugi	111	Response	251	2629714	9985	2
maugi	112	Picture	2	2655392	0	3	2000	6	0	1920	other	0
maugi	113	Sound	62	2667380	0	4			0		hit	184
maugi	113	Response	251	2676640	9260	2
maugi	114	Picture	103	2701554	0	3	2000	6	0	1920	other	0
maugi	115	Sound	63	2713536	0	3			0		hit	187
maugi	115	Response	252	2719563	6027	2
maugi	116	Picture	103	2748368	0	17	2014	21	0	1920	other	0
maugi	117	Sound	63	2760348	0	2			0		hit	190
maugi	117	Response	252	2767486	7138	2
maugi	118	Picture	3	2795210	0	5	2000	9	0	1920	other	0
maugi	119	Sound	63	2807192	0	2			0		hit	193
maugi	119	Response	252	2813377	6185	2
maugi	120	Picture	4	2842373	0	2	1999	5	0	1920	other	0
maugi	121	Sound	64	2854364	0	2			0		hit	196
maugi	121	Response	252	2863989	9625	3
maugi	122	Picture	202	2888868	0	3	2000	5	0	1920	other	0
maugi	123	Sound	62	2900849	0	3			0		hit	199
maugi	123	Response	251	2906949	6100	2
maugi	124	Picture	103	2935530	0	3	2000	6	0	1920	other	0
maugi	125	Sound	63	2947513	0	1			0		hit	202
maugi	125	Response	252	2955490	7977	2
maugi	126	Picture	111	2983692	0	2	1999	5	0	1920	other	0
maugi	126	Sound	51	2986221	2529	2			2530		other	0
maugi	127	Sound	61	2995673	0	2			0		hit	206
maugi	127	Response	251	3005859	10186	2
maugi	128	Picture	13	3030686	0	3	2001	6	0	1920	other	0
maugi	128	Sound	51	3034976	4290	2			4290		other	0
maugi	129	Sound	63	3042666	0	2			0		hit	210
maugi	129	Response	252	3052227	9561	3
maugi	130	Picture	204	3077183	0	2	1999	7	0	1920	other	0
maugi	131	Sound	64	3089180	0	2			0		hit	213
maugi	131	Response	252	3096100	6920	2
maugi	132	Picture	101	3123844	0	3	2000	5	0	1920	other	0
maugi	133	Sound	61	3135844	0	2			0		hit	216
maugi	133	Response	251	3146149	10305	2
maugi	133	Response	251	3148481	12637	2
maugi	134	Response	253	3669278	497439	4


Event Type	Code	Type	Response	RT	RT Uncertainty	Time	Uncertainty	Duration	Uncertainty	ReqTime	ReqDur

Picture	10	other				18328	3	20165	6	0	20000
Picture	10	other				38659	3	40162	6	0	40000
Picture	10	other				78989	2	40162	5	0	40000
Nothing	91	other				119158	2			0
Picture	202	other				149648	3	1999	6	0	1920
Sound	62	hit	1	7589	4	161634	2			0
Picture	123	other				195976	3	1997	9	0	1920
Sound	52	other				201565	4			5590
Sound	63	incorrect	1	6413	4	207969	2			0
Picture	12	other				243638	4	1999	9	0	1920
Sound	51	other				246397	2			2760
Sound	62	hit	1	7859	4	255621	2			0
Picture	1	other				291133	3	2000	5	0	1920
Sound	61	hit	1	5939	4	303123	2			0
Picture	214	other				337462	3	1999	7	0	1920
Sound	51	other				342221	2			4760
Sound	64	hit	2	6611	4	349457	2			0
Picture	224	other				385624	3	1999	6	0	1920
Sound	52	other				391664	2			6040
Sound	64	incorrect	1	11938	4	397617	2			0
Picture	3	other				432120	2	1999	5	0	1920
Sound	63	incorrect	1	14718	4	444102	2			0
Picture	21	other				479281	4	1999	7	0	1920
Sound	52	other				487040	2			7760
Sound	61	hit	1	18971	4	491274	2			0
Picture	2	other				527110	4	1999	9	0	1920
Sound	62	hit	1	11600	5	539105	2			0
Picture	1	other				574771	3	2000	6	0	1920
Sound	61	hit	1	8158	6	586757	3			0
Picture	204	other				621266	3	2001	6	0	1920
Sound	64	hit	2	17780	5	633271	2			0
Picture	101	other				668429	3	1999	6	0	1920
Sound	61	hit	1	10416	5	680414	3			0
Picture	101	other				716422	5	2001	8	0	1920
Sound	61	hit	1	6828	4	728424	2			0
Picture	113	other				762752	3	2000	6	0	1920
Sound	51	other				767891	2			5140
Sound	63	hit	2	6964	4	774759	2			0
Picture	4	other				810747	3	1999	6	0	1920
Sound	64	hit	2	13248	5	822740	3			0
Picture	23	other				857242	3	2000	5	0	1920
Sound	52	other				863882	1			6640
Sound	63	hit	2	7192	4	869224	2			0
Picture	3	other				905404	3	2000	6	0	1920
Sound	63	hit	2	5548	4	917384	2			0
Picture	22	other				953065	4	2001	6	0	1920
Sound	52	other				958974	2			5910
Sound	62	hit	1	6923	5	965066	3			0
Picture	14	other				1001228	3	2000	5	0	1920
Sound	51	other				1005278	1			4050
Sound	64	hit	2	8764	4	1013226	2			0
Picture	4	other				1047723	3	2000	6	0	1920
Sound	64	incorrect	1	13707	4	1059710	2			0
Picture	101	other				1093885	3	2000	6	0	1920
Sound	61	hit	1	9438	5	1105865	2			0
Picture	202	other				1141380	2	1999	5	0	1920
Sound	62	hit	1	5758	6	1153367	4			0
Picture	204	other				1189375	4	2000	7	0	1920
Sound	64	hit	2	5886	4	1201378	2			0
Picture	2	other				1235704	3	2000	5	0	1920
Sound	62	hit	1	8072	3	1247683	1			0
Picture	103	other				1282032	3	2000	6	0	1920
Sound	63	hit	2	7920	5	1294017	2			0
Picture	204	other				1329361	2	2000	4	0	1920
Sound	64	hit	2	8097	4	1341339	2			0
Picture	2	other				1377023	3	2000	7	0	1920
Sound	62	hit	1	6316	4	1389020	2			0
Picture	1	other				1424518	3	2000	6	0	1920
Sound	61	hit	1	6601	4	1436522	2			0
Picture	24	other				1472513	2	2000	4	0	1920
Sound	52	other				1478842	2			6330
Sound	64	hit	2	11771	4	1484503	2			0
Picture	222	other				1519673	5	2001	8	0	1920
Sound	52	other				1525333	2			5660
Sound	62	hit	1	12277	4	1531676	1			0
Picture	1	other				1566170	2	1999	5	0	1920
Sound	61	hit	1	8882	4	1578160	2			0
Picture	204	other				1613832	3	1999	6	0	1920
Sound	64	hit	2	7305	4	1625812	1			0
Picture	101	other				1661827	3	1999	7	0	1920
Sound	61	hit	1	12042	4	1673822	2			0
Picture	3	other				1707988	7	2000	10	0	1920
Sound	63	hit	2	8495	4	1719977	2			0
Picture	1	other				1755151	3	2000	5	0	1920
Sound	61	incorrect	2	14777	5	1767150	2			0
Picture	204	other				1802979	4	2000	7	0	1920
Sound	64	hit	2	13167	4	1814981	2			0
Picture	121	other				1849474	3	2000	6	0	1920
Sound	52	other				1857514	2			8040
Sound	61	incorrect	2	15178	4	1861465	2			0
Picture	4	other				1896303	3	2000	6	0	1920
Sound	64	incorrect	1	16240	4	1908308	2			0
Picture	2	other				1944131	3	2000	6	0	1920
Sound	62	hit	1	7793	3	1956110	1			0
Picture	2	other				1990460	2	2000	4	0	1920
Sound	62	hit	1	10728	4	2002444	2			0
Picture	202	other				2038122	3	2000	6	0	1920
Sound	62	hit	1	13597	3	2050126	1			0
Picture	212	other				2085617	2	2000	4	0	1920
Sound	51	other				2090496	2			4880
Sound	62	hit	1	9826	4	2097597	2			0
Picture	3	other				2132278	3	1999	7	0	1920
Sound	63	hit	2	14983	4	2144261	2			0
Picture	3	other				2179607	3	2000	6	0	1920
Sound	63	hit	2	11225	6	2191613	2			0
Picture	101	other				2226769	3	2000	6	0	1920
Sound	61	hit	1	5464	4	2238756	2			0
Picture	103	other				2274930	3	2001	5	0	1920
Sound	63	hit	2	9044	5	2286917	3			0
Picture	1	other				2322426	3	2000	6	0	1920
Sound	61	hit	1	12128	4	2334418	2			0
Picture	103	other				2370415	178	2006	181	0	1920
Sound	63	incorrect	1	9828	5	2382399	2			0
Picture	4	other				2416916	3	2000	7	0	1920
Sound	64	incorrect	1	14174	4	2428913	2			0
Picture	202	other				2465077	4	2000	8	0	1920
Sound	62	hit	1	12025	4	2477073	2			0
Picture	4	other				2511406	4	2001	6	0	1920
Sound	64	hit	2	10194	5	2523408	3			0
Picture	202	other				2559402	3	1999	6	0	1920
Sound	62	hit	1	7510	3	2571389	1			0
Picture	11	other				2607731	3	1999	6	0	1920
Sound	51	other				2612901	1			5170
Sound	61	hit	1	9985	4	2619729	2			0
Picture	2	other				2655392	3	2000	6	0	1920
Sound	62	hit	1	9260	6	2667380	4			0
Picture	103	other				2701554	3	2000	6	0	1920
Sound	63	hit	2	6027	5	2713536	3			0
Picture	103	other				2748368	17	2014	21	0	1920
Sound	63	hit	2	7138	4	2760348	2			0
Picture	3	other				2795210	5	2000	9	0	1920
Sound	63	hit	2	6185	4	2807192	2			0
Picture	4	other				2842373	2	1999	5	0	1920
Sound	64	hit	2	9625	5	2854364	2			0
Picture	202	other				2888868	3	2000	5	0	1920
Sound	62	hit	1	6100	5	2900849	3			0
Picture	103	other				2935530	3	2000	6	0	1920
Sound	63	hit	2	7977	3	2947513	1			0
Picture	111	other				2983692	2	1999	5	0	1920
Sound	51	other				2986221	2			2530
Sound	61	hit	1	10186	4	2995673	2			0
Picture	13	other				3030686	3	2001	6	0	1920
Sound	51	other				3034976	2			4290
Sound	63	hit	2	9561	5	3042666	2			0
Picture	204	other				3077183	2	1999	7	0	1920
Sound	64	hit	2	6920	4	3089180	2			0
Picture	101	other				3123844	3	2000	5	0	1920
Sound	61	hit	1	10305	4	3135844	2			0
