Scenario - 17_March_2015
Logfile written - 06/08/2017 15:57:25

Subject	Trial	Event Type	Code	Time	TTime	Uncertainty	Duration	Uncertainty	ReqTime	ReqDur	Stim Type	Pair Index

maugi	1	Response	253	33842	43675	1
maugi	2	Picture	10	33995	0	1	20164	3	0	20000	other	0
maugi	3	Picture	10	54326	0	2	40162	4	0	40000	other	0
maugi	3	Response	251	63391	9065	2
maugi	4	Picture	10	94655	0	2	40163	3	0	40000	other	0
maugi	4	Response	252	107966	13311	1
maugi	5	Nothing	91	134820	0	1			0		other	0
maugi	6	Picture	21	164981	0	2	2000	3	0	1920	other	0
maugi	6	Sound	52	170870	5889	1			5890		other	0
maugi	7	Sound	61	176956	0	1			0		hit	11
maugi	7	Response	251	181110	4154	1
maugi	8	Picture	3	212643	0	2	2000	3	0	1920	other	0
maugi	9	Sound	63	224638	0	1			0		hit	14
maugi	9	Response	252	231169	6531	1
maugi	10	Picture	1	259472	0	2	1999	4	0	1920	other	0
maugi	11	Sound	61	271451	0	1			0		hit	17
maugi	11	Response	251	274781	3330	2
maugi	12	Picture	113	305634	0	1	1999	3	0	1920	other	0
maugi	12	Sound	51	308433	2799	2			2800		other	0
maugi	13	Sound	63	317606	0	1			0		hit	21
maugi	13	Response	252	320929	3323	2
maugi	14	Picture	202	352296	0	1	1999	3	0	1920	other	0
maugi	15	Sound	62	364270	0	1			0		hit	24
maugi	15	Response	251	369522	5252	1
maugi	16	Picture	1	400291	0	1	1999	3	0	1920	other	0
maugi	17	Sound	61	412280	0	2			0		hit	27
maugi	17	Response	251	416289	4009	1
maugi	18	Picture	4	446786	0	1	2000	2	0	1920	other	0
maugi	19	Sound	64	458765	0	1			0		hit	30
maugi	19	Response	252	463132	4367	1
maugi	20	Picture	101	492948	0	2	1999	4	0	1920	other	0
maugi	21	Sound	61	504919	0	2			0		incorrect	33
maugi	21	Response	252	510717	5798	1
maugi	22	Picture	4	540776	0	2	2000	3	0	1920	other	0
maugi	23	Sound	64	552751	0	1			0		hit	36
maugi	23	Response	252	558687	5936	1
maugi	24	Picture	3	588105	0	1	1999	3	0	1920	other	0
maugi	25	Sound	63	600103	0	1			0		hit	39
maugi	25	Response	252	605294	5191	1
maugi	26	Picture	224	635933	0	2	2000	3	0	1920	other	0
maugi	26	Sound	52	642272	6339	2			6340		other	0
maugi	27	Sound	64	647904	0	1			0		hit	43
maugi	27	Response	252	652280	4376	2
maugi	28	Picture	4	682595	0	2	2000	3	0	1920	other	0
maugi	29	Sound	64	694568	0	1			0		hit	46
maugi	29	Response	252	698615	4047	1
maugi	30	Picture	202	729757	0	1	2000	2	0	1920	other	0
maugi	31	Sound	62	741740	0	2			0		hit	49
maugi	31	Response	251	745738	3998	1
maugi	32	Picture	202	777919	0	1	2000	2	0	1920	other	0
maugi	33	Sound	62	789901	0	1			0		hit	52
maugi	33	Response	251	794781	4880	2
maugi	34	Picture	204	825080	0	2	2000	4	0	1920	other	0
maugi	35	Sound	64	837073	0	2			0		hit	55
maugi	35	Response	252	841093	4020	1
maugi	36	Picture	103	872242	0	2	2000	4	0	1920	other	0
maugi	37	Sound	63	884216	0	1			0		hit	58
maugi	37	Response	252	888655	4439	1
maugi	38	Picture	202	918571	0	2	2000	3	0	1920	other	0
maugi	39	Sound	62	930551	0	1			0		hit	61
maugi	39	Response	251	935256	4705	2
maugi	40	Picture	22	966066	0	2	2000	4	0	1920	other	0
maugi	40	Sound	52	973945	7879	2			7880		other	0
maugi	41	Sound	62	978052	0	2			0		hit	65
maugi	41	Response	251	982760	4708	1
maugi	42	Picture	202	1013228	0	2	2000	3	0	1920	other	0
maugi	43	Sound	62	1025225	0	1			0		hit	68
maugi	43	Response	251	1030007	4782	2
maugi	44	Picture	103	1061223	0	2	2000	3	0	1920	other	0
maugi	45	Sound	63	1073206	0	1			0		hit	71
maugi	45	Response	252	1076501	3295	1
maugi	46	Picture	204	1108385	0	1	2000	2	0	1920	other	0
maugi	47	Sound	64	1120378	0	2			0		hit	74
maugi	47	Response	252	1125546	5168	2
maugi	48	Picture	23	1154714	0	1	2000	2	0	1920	other	0
maugi	48	Sound	52	1163023	8309	2			8310		other	0
maugi	49	Sound	63	1166713	0	1			0		hit	78
maugi	49	Response	252	1172340	5627	1
maugi	50	Picture	101	1202375	0	2	2000	4	0	1920	other	0
maugi	51	Sound	61	1214365	0	1			0		hit	81
maugi	51	Response	251	1218349	3984	1
maugi	52	Picture	3	1250204	0	1	2000	2	0	1920	other	0
maugi	53	Sound	63	1262195	0	2			0		hit	84
maugi	53	Response	252	1268987	6792	1
maugi	54	Picture	2	1297532	0	2	2000	4	0	1920	other	0
maugi	55	Sound	62	1309518	0	1			0		hit	87
maugi	55	Response	251	1317848	8330	1
maugi	56	Picture	3	1344194	0	2	2000	4	0	1920	other	0
maugi	57	Sound	63	1356182	0	1			0		hit	90
maugi	57	Response	252	1359874	3692	2
maugi	58	Picture	121	1391856	0	2	2000	3	0	1920	other	0
maugi	58	Sound	52	1400015	8159	2			8160		other	0
maugi	59	Sound	61	1403833	0	1			0		hit	94
maugi	59	Response	251	1408783	4950	1
maugi	59	Response	251	1410711	6878	1
maugi	60	Picture	1	1438518	0	1	2000	2	0	1920	other	0
maugi	61	Sound	61	1450497	0	1			0		hit	98
maugi	61	Response	251	1454594	4097	1
maugi	62	Picture	2	1486347	0	1	1999	3	0	1920	other	0
maugi	63	Sound	62	1498328	0	1			0		hit	101
maugi	63	Response	251	1503513	5185	1
maugi	64	Picture	103	1533842	0	1	1999	3	0	1920	other	0
maugi	65	Sound	63	1545830	0	1			0		hit	104
maugi	65	Response	252	1549041	3211	2
maugi	66	Picture	222	1581670	0	1	2000	2	0	1920	other	0
maugi	66	Sound	52	1587329	5659	2			5660		other	0
maugi	67	Sound	62	1593661	0	1			0		hit	108
maugi	67	Response	251	1596933	3272	1
maugi	68	Picture	14	1628165	0	2	2000	3	0	1920	other	0
maugi	68	Sound	51	1632394	4229	2			4230		other	0
maugi	69	Sound	64	1640145	0	1			0		hit	112
maugi	69	Response	252	1644267	4122	2
maugi	70	Picture	2	1675327	0	2	2000	3	0	1920	other	0
maugi	71	Sound	62	1687318	0	1			0		miss	0
maugi	71	Response	251	1718315	30997	1
maugi	72	Picture	103	1722156	0	1	1999	3	0	1920	other	0
maugi	73	Sound	63	1734131	0	1			0		hit	118
maugi	73	Response	252	1740360	6229	1
maugi	74	Picture	101	1768651	0	1	2000	2	0	1920	other	0
maugi	75	Sound	61	1780645	0	2			0		incorrect	121
maugi	75	Response	252	1784025	3380	1
maugi	76	Picture	111	1816479	0	2	2000	4	0	1920	other	0
maugi	76	Sound	51	1820208	3729	1			3730		other	0
maugi	77	Sound	61	1828476	0	2			0		hit	125
maugi	77	Response	251	1831648	3172	1
maugi	78	Picture	202	1863808	0	1	2000	2	0	1920	other	0
maugi	79	Sound	62	1875799	0	1			0		incorrect	128
maugi	79	Response	252	1879407	3608	1
maugi	79	Response	251	1883966	8167	1
maugi	80	Picture	1	1911470	0	1	2000	2	0	1920	other	0
maugi	81	Sound	61	1923450	0	1			0		hit	132
maugi	81	Response	251	1929714	6264	1
maugi	82	Picture	4	1957965	0	1	2000	2	0	1920	other	0
maugi	83	Sound	64	1969964	0	2			0		hit	135
maugi	83	Response	252	1973184	3220	1
maugi	84	Picture	101	2004627	0	1	2000	2	0	1920	other	0
maugi	85	Sound	61	2016598	0	1			0		hit	138
maugi	85	Response	251	2020277	3679	1
maugi	86	Picture	204	2050955	0	2	2000	4	0	1920	other	0
maugi	87	Sound	64	2062933	0	1			0		hit	141
maugi	87	Response	252	2065879	2946	1
maugi	88	Picture	13	2098451	0	1	2000	2	0	1920	other	0
maugi	88	Sound	51	2102280	3829	2			3830		other	0
maugi	89	Sound	63	2110435	0	1			0		hit	145
maugi	89	Response	252	2113821	3386	1
maugi	90	Picture	12	2146279	0	2	2000	3	0	1920	other	0
maugi	90	Sound	51	2151478	5199	2			5200		other	0
maugi	91	Sound	62	2158266	0	1			0		hit	149
maugi	91	Response	251	2161046	2780	2
maugi	92	Picture	204	2193774	0	2	2000	4	0	1920	other	0
maugi	93	Sound	64	2205767	0	2			0		hit	152
maugi	93	Response	252	2209793	4026	1
maugi	94	Picture	11	2241436	0	2	2000	3	0	1920	other	0
maugi	94	Sound	51	2244945	3509	2			3510		other	0
maugi	95	Sound	61	2253419	0	1			0		hit	156
maugi	95	Response	251	2256455	3036	1
maugi	96	Picture	3	2288598	0	1	2000	2	0	1920	other	0
maugi	97	Sound	63	2300592	0	1			0		hit	159
maugi	97	Response	252	2306997	6405	1
maugi	98	Picture	212	2336093	0	1	2000	2	0	1920	other	0
maugi	98	Sound	51	2340562	4469	1			4470		other	0
maugi	99	Sound	62	2348064	0	1			0		hit	163
maugi	99	Response	251	2353746	5682	1
maugi	100	Picture	1	2383921	0	2	2000	4	0	1920	other	0
maugi	101	Sound	61	2395895	0	1			0		hit	166
maugi	101	Response	251	2401058	5163	1
maugi	102	Picture	2	2430916	0	2	2000	4	0	1920	other	0
maugi	103	Sound	62	2442888	0	1			0		hit	169
maugi	103	Response	251	2447467	4579	1
maugi	104	Picture	1	2478578	0	2	2000	4	0	1920	other	0
maugi	105	Sound	61	2490569	0	1			0		hit	172
maugi	105	Response	251	2494069	3500	2
maugi	106	Picture	204	2526407	0	1	2000	2	0	1920	other	0
maugi	107	Sound	64	2538400	0	2			0		hit	175
maugi	107	Response	252	2545041	6641	1
maugi	108	Picture	103	2573235	0	2	2000	4	0	1920	other	0
maugi	109	Sound	63	2585214	0	1			0		hit	178
maugi	109	Response	252	2589458	4244	2
maugi	110	Picture	4	2620564	0	2	2000	3	0	1920	other	0
maugi	111	Sound	64	2632536	0	1			0		hit	181
maugi	111	Response	252	2635508	2972	1
maugi	112	Picture	204	2666893	0	1	1999	3	0	1920	other	0
maugi	113	Sound	64	2678871	0	1			0		hit	184
maugi	113	Response	252	2682037	3166	1
maugi	114	Picture	101	2714221	0	2	2000	3	0	1920	other	0
maugi	115	Sound	61	2726193	0	1			0		hit	187
maugi	115	Response	251	2729463	3270	2
maugi	116	Picture	4	2761050	0	1	1999	3	0	1920	other	0
maugi	117	Sound	64	2773036	0	1			0		hit	190
maugi	117	Response	252	2776541	3505	1
maugi	118	Picture	214	2807711	0	2	2000	4	0	1920	other	0
maugi	118	Sound	51	2812340	4629	2			4630		other	0
maugi	119	Sound	64	2819700	0	1			0		hit	194
maugi	119	Response	252	2822652	2952	1
maugi	120	Picture	2	2854873	0	2	2000	4	0	1920	other	0
maugi	121	Sound	62	2866873	0	1			0		hit	197
maugi	121	Response	251	2871093	4220	1
maugi	122	Picture	103	2901202	0	2	2000	3	0	1920	other	0
maugi	123	Sound	63	2913177	0	1			0		hit	200
maugi	123	Response	252	2919864	6687	1
maugi	124	Picture	101	2948364	0	1	2000	2	0	1920	other	0
maugi	125	Sound	61	2960350	0	1			0		hit	203
maugi	125	Response	251	2966724	6374	1
maugi	126	Picture	2	2994859	0	2	2000	3	0	1920	other	0
maugi	127	Sound	62	3006834	0	1			0		hit	206
maugi	127	Response	251	3010342	3508	1
maugi	128	Picture	24	3042021	0	1	2000	2	0	1920	other	0
maugi	128	Sound	52	3048380	6359	2			6360		other	0
maugi	129	Sound	64	3054006	0	2			0		hit	210
maugi	129	Response	252	3058267	4261	2
maugi	130	Picture	123	3088849	0	2	2000	4	0	1920	other	0
maugi	130	Sound	52	3094688	5839	2			5840		other	0
maugi	131	Sound	63	3100820	0	1			0		hit	214
maugi	131	Response	252	3107090	6270	2
maugi	132	Picture	3	3136845	0	1	1999	3	0	1920	other	0
maugi	133	Sound	63	3148831	0	1			0		hit	217
maugi	133	Response	252	3153223	4392	1
maugi	134	Response	253	3691484	508311	2


Event Type	Code	Type	Response	RT	RT Uncertainty	Time	Uncertainty	Duration	Uncertainty	ReqTime	ReqDur

Picture	10	other				33995	1	20164	3	0	20000
Picture	10	other				54326	2	40162	4	0	40000
Picture	10	other				94655	2	40163	3	0	40000
Nothing	91	other				134820	1			0
Picture	21	other				164981	2	2000	3	0	1920
Sound	52	other				170870	1			5890
Sound	61	hit	1	4154	2	176956	1			0
Picture	3	other				212643	2	2000	3	0	1920
Sound	63	hit	2	6531	2	224638	1			0
Picture	1	other				259472	2	1999	4	0	1920
Sound	61	hit	1	3330	3	271451	1			0
Picture	113	other				305634	1	1999	3	0	1920
Sound	51	other				308433	2			2800
Sound	63	hit	2	3323	3	317606	1			0
Picture	202	other				352296	1	1999	3	0	1920
Sound	62	hit	1	5252	2	364270	1			0
Picture	1	other				400291	1	1999	3	0	1920
Sound	61	hit	1	4009	3	412280	2			0
Picture	4	other				446786	1	2000	2	0	1920
Sound	64	hit	2	4367	2	458765	1			0
Picture	101	other				492948	2	1999	4	0	1920
Sound	61	incorrect	2	5798	3	504919	2			0
Picture	4	other				540776	2	2000	3	0	1920
Sound	64	hit	2	5936	2	552751	1			0
Picture	3	other				588105	1	1999	3	0	1920
Sound	63	hit	2	5191	2	600103	1			0
Picture	224	other				635933	2	2000	3	0	1920
Sound	52	other				642272	2			6340
Sound	64	hit	2	4376	3	647904	1			0
Picture	4	other				682595	2	2000	3	0	1920
Sound	64	hit	2	4047	2	694568	1			0
Picture	202	other				729757	1	2000	2	0	1920
Sound	62	hit	1	3998	3	741740	2			0
Picture	202	other				777919	1	2000	2	0	1920
Sound	62	hit	1	4880	3	789901	1			0
Picture	204	other				825080	2	2000	4	0	1920
Sound	64	hit	2	4020	3	837073	2			0
Picture	103	other				872242	2	2000	4	0	1920
Sound	63	hit	2	4439	2	884216	1			0
Picture	202	other				918571	2	2000	3	0	1920
Sound	62	hit	1	4705	3	930551	1			0
Picture	22	other				966066	2	2000	4	0	1920
Sound	52	other				973945	2			7880
Sound	62	hit	1	4708	3	978052	2			0
Picture	202	other				1013228	2	2000	3	0	1920
Sound	62	hit	1	4782	3	1025225	1			0
Picture	103	other				1061223	2	2000	3	0	1920
Sound	63	hit	2	3295	2	1073206	1			0
Picture	204	other				1108385	1	2000	2	0	1920
Sound	64	hit	2	5168	4	1120378	2			0
Picture	23	other				1154714	1	2000	2	0	1920
Sound	52	other				1163023	2			8310
Sound	63	hit	2	5627	2	1166713	1			0
Picture	101	other				1202375	2	2000	4	0	1920
Sound	61	hit	1	3984	2	1214365	1			0
Picture	3	other				1250204	1	2000	2	0	1920
Sound	63	hit	2	6792	3	1262195	2			0
Picture	2	other				1297532	2	2000	4	0	1920
Sound	62	hit	1	8330	2	1309518	1			0
Picture	3	other				1344194	2	2000	4	0	1920
Sound	63	hit	2	3692	3	1356182	1			0
Picture	121	other				1391856	2	2000	3	0	1920
Sound	52	other				1400015	2			8160
Sound	61	hit	1	4950	2	1403833	1			0
Picture	1	other				1438518	1	2000	2	0	1920
Sound	61	hit	1	4097	2	1450497	1			0
Picture	2	other				1486347	1	1999	3	0	1920
Sound	62	hit	1	5185	2	1498328	1			0
Picture	103	other				1533842	1	1999	3	0	1920
Sound	63	hit	2	3211	3	1545830	1			0
Picture	222	other				1581670	1	2000	2	0	1920
Sound	52	other				1587329	2			5660
Sound	62	hit	1	3272	2	1593661	1			0
Picture	14	other				1628165	2	2000	3	0	1920
Sound	51	other				1632394	2			4230
Sound	64	hit	2	4122	3	1640145	1			0
Picture	2	other				1675327	2	2000	3	0	1920
Sound	62	miss				1687318	1			0
Picture	103	other				1722156	1	1999	3	0	1920
Sound	63	hit	2	6229	2	1734131	1			0
Picture	101	other				1768651	1	2000	2	0	1920
Sound	61	incorrect	2	3380	3	1780645	2			0
Picture	111	other				1816479	2	2000	4	0	1920
Sound	51	other				1820208	1			3730
Sound	61	hit	1	3172	3	1828476	2			0
Picture	202	other				1863808	1	2000	2	0	1920
Sound	62	incorrect	2	3608	2	1875799	1			0
Picture	1	other				1911470	1	2000	2	0	1920
Sound	61	hit	1	6264	2	1923450	1			0
Picture	4	other				1957965	1	2000	2	0	1920
Sound	64	hit	2	3220	3	1969964	2			0
Picture	101	other				2004627	1	2000	2	0	1920
Sound	61	hit	1	3679	2	2016598	1			0
Picture	204	other				2050955	2	2000	4	0	1920
Sound	64	hit	2	2946	2	2062933	1			0
Picture	13	other				2098451	1	2000	2	0	1920
Sound	51	other				2102280	2			3830
Sound	63	hit	2	3386	2	2110435	1			0
Picture	12	other				2146279	2	2000	3	0	1920
Sound	51	other				2151478	2			5200
Sound	62	hit	1	2780	3	2158266	1			0
Picture	204	other				2193774	2	2000	4	0	1920
Sound	64	hit	2	4026	3	2205767	2			0
Picture	11	other				2241436	2	2000	3	0	1920
Sound	51	other				2244945	2			3510
Sound	61	hit	1	3036	2	2253419	1			0
Picture	3	other				2288598	1	2000	2	0	1920
Sound	63	hit	2	6405	2	2300592	1			0
Picture	212	other				2336093	1	2000	2	0	1920
Sound	51	other				2340562	1			4470
Sound	62	hit	1	5682	2	2348064	1			0
Picture	1	other				2383921	2	2000	4	0	1920
Sound	61	hit	1	5163	2	2395895	1			0
Picture	2	other				2430916	2	2000	4	0	1920
Sound	62	hit	1	4579	2	2442888	1			0
Picture	1	other				2478578	2	2000	4	0	1920
Sound	61	hit	1	3500	3	2490569	1			0
Picture	204	other				2526407	1	2000	2	0	1920
Sound	64	hit	2	6641	3	2538400	2			0
Picture	103	other				2573235	2	2000	4	0	1920
Sound	63	hit	2	4244	3	2585214	1			0
Picture	4	other				2620564	2	2000	3	0	1920
Sound	64	hit	2	2972	2	2632536	1			0
Picture	204	other				2666893	1	1999	3	0	1920
Sound	64	hit	2	3166	2	2678871	1			0
Picture	101	other				2714221	2	2000	3	0	1920
Sound	61	hit	1	3270	3	2726193	1			0
Picture	4	other				2761050	1	1999	3	0	1920
Sound	64	hit	2	3505	2	2773036	1			0
Picture	214	other				2807711	2	2000	4	0	1920
Sound	51	other				2812340	2			4630
Sound	64	hit	2	2952	2	2819700	1			0
Picture	2	other				2854873	2	2000	4	0	1920
Sound	62	hit	1	4220	2	2866873	1			0
Picture	103	other				2901202	2	2000	3	0	1920
Sound	63	hit	2	6687	2	2913177	1			0
Picture	101	other				2948364	1	2000	2	0	1920
Sound	61	hit	1	6374	2	2960350	1			0
Picture	2	other				2994859	2	2000	3	0	1920
Sound	62	hit	1	3508	2	3006834	1			0
Picture	24	other				3042021	1	2000	2	0	1920
Sound	52	other				3048380	2			6360
Sound	64	hit	2	4261	4	3054006	2			0
Picture	123	other				3088849	2	2000	4	0	1920
Sound	52	other				3094688	2			5840
Sound	63	hit	2	6270	3	3100820	1			0
Picture	3	other				3136845	1	1999	3	0	1920
Sound	63	hit	2	4392	2	3148831	1			0
