Scenario - 17_March_2015
Logfile written - 05/10/2017 15:24:44

Subject	Trial	Event Type	Code	Time	TTime	Uncertainty	Duration	Uncertainty	ReqTime	ReqDur	Stim Type	Pair Index

serth	1	Response	253	14231	24064	1
serth	2	Picture	10	14330	0	2	20165	3	0	20000	other	0
serth	3	Picture	10	34661	0	3	40163	5	0	40000	other	0
serth	3	Response	251	55864	21203	1
serth	4	Picture	10	74991	0	2	40163	3	0	40000	other	0
serth	4	Response	252	90175	15184	1
serth	5	Nothing	91	115156	0	1			0		other	0
serth	6	Picture	204	145318	0	1	1999	3	0	1920	other	0
serth	7	Sound	64	157292	0	1			0		hit	10
serth	7	Response	252	165589	8297	2
serth	8	Picture	222	192146	0	2	2000	3	0	1920	other	0
serth	8	Sound	52	199545	7399	1			7400		other	0
serth	9	Sound	62	204135	0	1			0		hit	14
serth	9	Response	251	210235	6100	2
serth	10	Picture	12	239475	0	2	2000	3	0	1920	other	0
serth	10	Sound	51	244284	4809	1			4810		other	0
serth	11	Sound	62	251458	0	1			0		hit	18
serth	11	Response	251	256443	4985	1
serth	12	Picture	204	287471	0	1	1999	3	0	1920	other	0
serth	13	Sound	64	299469	0	1			0		hit	21
serth	13	Response	252	309264	9795	2
serth	14	Picture	22	333800	0	1	1999	3	0	1920	other	0
serth	14	Sound	52	341909	8109	2			8110		other	0
serth	15	Sound	62	345774	0	1			0		hit	25
serth	15	Response	251	353561	7787	1
serth	16	Picture	4	380295	0	1	2000	2	0	1920	other	0
serth	17	Sound	64	392288	0	2			0		hit	28
serth	17	Response	252	400154	7866	1
serth	18	Picture	13	428290	0	2	2000	4	0	1920	other	0
serth	18	Sound	51	433409	5119	2			5120		other	0
serth	19	Sound	63	440269	0	2			0		hit	32
serth	19	Response	252	446429	6160	2
serth	20	Picture	103	474786	0	1	2000	2	0	1920	other	0
serth	21	Sound	63	486784	0	1			0		hit	35
serth	21	Response	252	493793	7009	1
serth	22	Picture	3	521948	0	2	2000	3	0	1920	other	0
serth	23	Sound	63	533927	0	1			0		hit	38
serth	23	Response	252	538966	5039	2
serth	24	Picture	2	569777	0	1	2000	2	0	1920	other	0
serth	25	Sound	62	581758	0	1			0		hit	41
serth	25	Response	251	588342	6584	1
serth	26	Picture	101	616106	0	1	1999	3	0	1920	other	0
serth	27	Sound	61	628093	0	1			0		hit	44
serth	27	Response	251	633851	5758	2
serth	28	Picture	1	663434	0	2	2000	4	0	1920	other	0
serth	29	Sound	61	675415	0	2			0		hit	47
serth	29	Response	251	680079	4664	1
serth	30	Picture	3	711430	0	1	2000	3	0	1920	other	0
serth	31	Sound	63	723426	0	2			0		hit	50
serth	31	Response	252	729432	6006	1
serth	32	Picture	1	758425	0	2	2000	3	0	1920	other	0
serth	33	Sound	61	770420	0	1			0		hit	53
serth	33	Response	251	775892	5472	1
serth	34	Picture	3	805088	0	1	1999	3	0	1920	other	0
serth	35	Sound	63	817084	0	1			0		hit	56
serth	35	Response	252	825457	8373	1
serth	36	Picture	214	852583	0	2	2000	3	0	1920	other	0
serth	36	Sound	51	857133	4550	1			4550		other	0
serth	37	Sound	64	864556	0	1			0		hit	60
serth	37	Response	252	872083	7527	2
serth	38	Picture	14	898745	0	2	2000	4	0	1920	other	0
serth	38	Sound	51	904134	5389	2			5390		other	0
serth	39	Sound	64	910741	0	1			0		hit	64
serth	39	Response	252	916756	6015	1
serth	40	Picture	202	945574	0	2	2000	3	0	1920	other	0
serth	41	Sound	62	957555	0	1			0		hit	67
serth	41	Response	251	962758	5203	1
serth	42	Picture	4	992736	0	2	2000	3	0	1920	other	0
serth	43	Sound	64	1004728	0	1			0		hit	70
serth	43	Response	252	1011718	6990	1
serth	43	Response	252	1017663	12935	1
serth	43	Response	252	1018171	13443	1
serth	44	Picture	101	1039898	0	2	2000	3	0	1920	other	0
serth	45	Sound	61	1051871	0	1			0		hit	75
serth	45	Response	251	1058166	6295	1
serth	46	Picture	24	1086394	0	1	2000	2	0	1920	other	0
serth	46	Sound	52	1092233	5839	1			5840		other	0
serth	47	Sound	64	1098385	0	1			0		hit	79
serth	47	Response	252	1104986	6601	1
serth	48	Picture	103	1134056	0	1	2000	2	0	1920	other	0
serth	49	Sound	63	1146037	0	1			0		hit	82
serth	49	Response	252	1153996	7959	1
serth	50	Picture	121	1181385	0	1	1999	3	0	1920	other	0
serth	50	Sound	52	1189694	8309	2			8310		other	0
serth	51	Sound	61	1193360	0	1			0		hit	86
serth	51	Response	251	1201186	7826	2
serth	52	Picture	103	1227714	0	1	1999	3	0	1920	other	0
serth	53	Sound	63	1239694	0	2			0		hit	89
serth	53	Response	252	1245092	5398	1
serth	54	Picture	2	1274209	0	1	2000	2	0	1920	other	0
serth	55	Sound	62	1286209	0	1			0		hit	92
serth	55	Response	251	1292606	6397	1
serth	56	Picture	111	1320871	0	2	2000	4	0	1920	other	0
serth	56	Sound	51	1323910	3039	1			3040		other	0
serth	57	Sound	61	1332843	0	1			0		hit	96
serth	57	Response	251	1338646	5803	1
serth	58	Picture	101	1367200	0	2	2000	3	0	1920	other	0
serth	59	Sound	61	1379178	0	1			0		hit	99
serth	59	Response	251	1383682	4504	1
serth	60	Picture	103	1414029	0	1	2000	2	0	1920	other	0
serth	61	Sound	63	1426021	0	2			0		hit	102
serth	61	Response	252	1431306	5285	2
serth	62	Picture	204	1461858	0	1	2000	2	0	1920	other	0
serth	63	Sound	64	1473853	0	1			0		hit	105
serth	63	Response	252	1480029	6176	2
serth	64	Picture	4	1509020	0	1	2000	2	0	1920	other	0
serth	65	Sound	64	1520996	0	1			0		hit	108
serth	65	Response	252	1526763	5767	1
serth	66	Picture	101	1555349	0	1	2000	2	0	1920	other	0
serth	67	Sound	61	1567331	0	1			0		hit	111
serth	67	Response	251	1573292	5961	2
serth	68	Picture	202	1602511	0	1	2000	2	0	1920	other	0
serth	69	Sound	62	1614504	0	1			0		hit	114
serth	69	Response	251	1622965	8461	1
serth	70	Picture	2	1649006	0	2	2000	4	0	1920	other	0
serth	71	Sound	62	1660988	0	1			0		hit	117
serth	71	Response	251	1665846	4858	1
serth	72	Picture	113	1696668	0	2	2000	4	0	1920	other	0
serth	72	Sound	51	1699537	2869	2			2870		other	0
serth	73	Sound	63	1708640	0	1			0		hit	121
serth	73	Response	252	1713336	4696	1
serth	74	Picture	101	1743997	0	2	2000	3	0	1920	other	0
serth	75	Sound	61	1755992	0	2			0		hit	124
serth	75	Response	251	1762427	6435	1
serth	76	Picture	204	1792159	0	2	2000	4	0	1920	other	0
serth	77	Sound	64	1804153	0	1			0		hit	127
serth	77	Response	252	1812237	8084	1
serth	78	Picture	4	1838488	0	2	2000	3	0	1920	other	0
serth	79	Sound	64	1850488	0	1			0		hit	130
serth	79	Response	252	1856996	6508	1
serth	80	Picture	103	1884817	0	2	2000	3	0	1920	other	0
serth	81	Sound	63	1896793	0	1			0		hit	133
serth	81	Response	252	1901891	5098	1
serth	82	Picture	204	1931646	0	2	2000	3	0	1920	other	0
serth	83	Sound	64	1943636	0	2			0		hit	136
serth	83	Response	252	1949297	5661	2
serth	84	Picture	202	1979475	0	1	2000	2	0	1920	other	0
serth	85	Sound	62	1991468	0	1			0		hit	139
serth	85	Response	251	1997287	5819	1
serth	86	Picture	1	2026304	0	1	1999	3	0	1920	other	0
serth	87	Sound	61	2038282	0	1			0		hit	142
serth	87	Response	251	2044472	6190	2
serth	88	Picture	2	2073632	0	2	2000	3	0	1920	other	0
serth	89	Sound	62	2085604	0	1			0		hit	145
serth	89	Response	251	2090321	4717	1
serth	90	Picture	3	2121128	0	1	2000	2	0	1920	other	0
serth	91	Sound	63	2133106	0	2			0		hit	148
serth	91	Response	252	2137896	4790	2
serth	92	Picture	1	2168957	0	1	1999	3	0	1920	other	0
serth	93	Sound	61	2180938	0	1			0		hit	151
serth	93	Response	251	2186884	5946	1
serth	94	Picture	4	2216285	0	2	2000	4	0	1920	other	0
serth	95	Sound	64	2228260	0	1			0		hit	154
serth	95	Response	252	2234578	6318	2
serth	96	Picture	3	2264114	0	1	2000	2	0	1920	other	0
serth	97	Sound	63	2276092	0	1			0		hit	157
serth	97	Response	252	2282849	6757	2
serth	98	Picture	23	2311276	0	2	2000	3	0	1920	other	0
serth	98	Sound	52	2317815	6539	2			6540		other	0
serth	99	Sound	63	2323265	0	1			0		hit	161
serth	99	Response	252	2330221	6956	1
serth	100	Picture	3	2357605	0	1	2000	2	0	1920	other	0
serth	101	Sound	63	2369599	0	2			0		hit	164
serth	101	Response	252	2375041	5442	2
serth	101	Response	252	2378690	9091	2
serth	102	Picture	1	2403934	0	2	2000	3	0	1920	other	0
serth	103	Sound	61	2415934	0	1			0		hit	168
serth	103	Response	251	2422877	6943	1
serth	104	Picture	103	2451596	0	2	2000	3	0	1920	other	0
serth	105	Sound	63	2463586	0	1			0		hit	171
serth	105	Response	252	2469132	5546	2
serth	106	Picture	204	2498258	0	2	2000	3	0	1920	other	0
serth	107	Sound	64	2510250	0	1			0		hit	174
serth	107	Response	252	2520503	10253	2
serth	108	Picture	202	2545420	0	2	2000	3	0	1920	other	0
serth	109	Sound	62	2557393	0	1			0		hit	177
serth	109	Response	251	2562331	4938	1
serth	110	Picture	202	2592749	0	2	2000	3	0	1920	other	0
serth	111	Sound	62	2604746	0	1			0		hit	180
serth	111	Response	251	2610334	5588	1
serth	112	Picture	2	2640245	0	1	1999	3	0	1920	other	0
serth	113	Sound	62	2652218	0	1			0		hit	183
serth	113	Response	251	2657800	5582	2
serth	114	Picture	1	2687407	0	1	2000	2	0	1920	other	0
serth	115	Sound	61	2699391	0	1			0		hit	186
serth	115	Response	251	2704514	5123	1
serth	116	Picture	224	2735069	0	1	2000	2	0	1920	other	0
serth	116	Sound	52	2740688	5619	2			5620		other	0
serth	117	Sound	64	2747043	0	1			0		hit	190
serth	117	Response	252	2753727	6684	1
serth	118	Picture	11	2781731	0	1	2000	2	0	1920	other	0
serth	118	Sound	51	2786570	4839	1			4840		other	0
serth	119	Sound	61	2793707	0	1			0		hit	194
serth	119	Response	251	2799666	5959	1
serth	120	Picture	202	2828726	0	2	2000	4	0	1920	other	0
serth	121	Sound	62	2840700	0	1			0		hit	197
serth	121	Response	251	2847118	6418	1
serth	122	Picture	123	2875888	0	2	2000	4	0	1920	other	0
serth	122	Sound	52	2884287	8399	2			8400		other	0
serth	123	Sound	63	2887873	0	1			0		hit	201
serth	123	Response	252	2894870	6997	1
serth	124	Picture	21	2922884	0	1	2000	2	0	1920	other	0
serth	124	Sound	52	2928883	5999	2			6000		other	0
serth	125	Sound	61	2934866	0	1			0		hit	205
serth	125	Response	251	2943474	8608	1
serth	126	Picture	2	2969379	0	2	2000	4	0	1920	other	0
serth	127	Sound	62	2981351	0	1			0		hit	208
serth	127	Response	251	2988666	7315	1
serth	128	Picture	101	3016042	0	1	1999	3	0	1920	other	0
serth	129	Sound	61	3028015	0	1			0		hit	211
serth	129	Response	251	3033314	5299	1
serth	130	Picture	4	3064037	0	2	2000	3	0	1920	other	0
serth	131	Sound	64	3076026	0	1			0		hit	214
serth	131	Response	252	3086166	10140	1
serth	131	Response	252	3089004	12978	1
serth	132	Picture	212	3111866	0	1	2000	2	0	1920	other	0
serth	132	Sound	51	3116715	4849	2			4850		other	0
serth	133	Sound	62	3123857	0	1			0		hit	219
serth	133	Response	251	3130834	6977	2
serth	134	Response	253	3564378	404684	1


Event Type	Code	Type	Response	RT	RT Uncertainty	Time	Uncertainty	Duration	Uncertainty	ReqTime	ReqDur

Picture	10	other				14330	2	20165	3	0	20000
Picture	10	other				34661	3	40163	5	0	40000
Picture	10	other				74991	2	40163	3	0	40000
Nothing	91	other				115156	1			0
Picture	204	other				145318	1	1999	3	0	1920
Sound	64	hit	2	8297	3	157292	1			0
Picture	222	other				192146	2	2000	3	0	1920
Sound	52	other				199545	1			7400
Sound	62	hit	1	6100	3	204135	1			0
Picture	12	other				239475	2	2000	3	0	1920
Sound	51	other				244284	1			4810
Sound	62	hit	1	4985	2	251458	1			0
Picture	204	other				287471	1	1999	3	0	1920
Sound	64	hit	2	9795	3	299469	1			0
Picture	22	other				333800	1	1999	3	0	1920
Sound	52	other				341909	2			8110
Sound	62	hit	1	7787	2	345774	1			0
Picture	4	other				380295	1	2000	2	0	1920
Sound	64	hit	2	7866	3	392288	2			0
Picture	13	other				428290	2	2000	4	0	1920
Sound	51	other				433409	2			5120
Sound	63	hit	2	6160	4	440269	2			0
Picture	103	other				474786	1	2000	2	0	1920
Sound	63	hit	2	7009	2	486784	1			0
Picture	3	other				521948	2	2000	3	0	1920
Sound	63	hit	2	5039	3	533927	1			0
Picture	2	other				569777	1	2000	2	0	1920
Sound	62	hit	1	6584	2	581758	1			0
Picture	101	other				616106	1	1999	3	0	1920
Sound	61	hit	1	5758	3	628093	1			0
Picture	1	other				663434	2	2000	4	0	1920
Sound	61	hit	1	4664	3	675415	2			0
Picture	3	other				711430	1	2000	3	0	1920
Sound	63	hit	2	6006	3	723426	2			0
Picture	1	other				758425	2	2000	3	0	1920
Sound	61	hit	1	5472	2	770420	1			0
Picture	3	other				805088	1	1999	3	0	1920
Sound	63	hit	2	8373	2	817084	1			0
Picture	214	other				852583	2	2000	3	0	1920
Sound	51	other				857133	1			4550
Sound	64	hit	2	7527	3	864556	1			0
Picture	14	other				898745	2	2000	4	0	1920
Sound	51	other				904134	2			5390
Sound	64	hit	2	6015	2	910741	1			0
Picture	202	other				945574	2	2000	3	0	1920
Sound	62	hit	1	5203	2	957555	1			0
Picture	4	other				992736	2	2000	3	0	1920
Sound	64	hit	2	6990	2	1004728	1			0
Picture	101	other				1039898	2	2000	3	0	1920
Sound	61	hit	1	6295	2	1051871	1			0
Picture	24	other				1086394	1	2000	2	0	1920
Sound	52	other				1092233	1			5840
Sound	64	hit	2	6601	2	1098385	1			0
Picture	103	other				1134056	1	2000	2	0	1920
Sound	63	hit	2	7959	2	1146037	1			0
Picture	121	other				1181385	1	1999	3	0	1920
Sound	52	other				1189694	2			8310
Sound	61	hit	1	7826	3	1193360	1			0
Picture	103	other				1227714	1	1999	3	0	1920
Sound	63	hit	2	5398	3	1239694	2			0
Picture	2	other				1274209	1	2000	2	0	1920
Sound	62	hit	1	6397	2	1286209	1			0
Picture	111	other				1320871	2	2000	4	0	1920
Sound	51	other				1323910	1			3040
Sound	61	hit	1	5803	2	1332843	1			0
Picture	101	other				1367200	2	2000	3	0	1920
Sound	61	hit	1	4504	2	1379178	1			0
Picture	103	other				1414029	1	2000	2	0	1920
Sound	63	hit	2	5285	4	1426021	2			0
Picture	204	other				1461858	1	2000	2	0	1920
Sound	64	hit	2	6176	3	1473853	1			0
Picture	4	other				1509020	1	2000	2	0	1920
Sound	64	hit	2	5767	2	1520996	1			0
Picture	101	other				1555349	1	2000	2	0	1920
Sound	61	hit	1	5961	3	1567331	1			0
Picture	202	other				1602511	1	2000	2	0	1920
Sound	62	hit	1	8461	2	1614504	1			0
Picture	2	other				1649006	2	2000	4	0	1920
Sound	62	hit	1	4858	2	1660988	1			0
Picture	113	other				1696668	2	2000	4	0	1920
Sound	51	other				1699537	2			2870
Sound	63	hit	2	4696	2	1708640	1			0
Picture	101	other				1743997	2	2000	3	0	1920
Sound	61	hit	1	6435	3	1755992	2			0
Picture	204	other				1792159	2	2000	4	0	1920
Sound	64	hit	2	8084	2	1804153	1			0
Picture	4	other				1838488	2	2000	3	0	1920
Sound	64	hit	2	6508	2	1850488	1			0
Picture	103	other				1884817	2	2000	3	0	1920
Sound	63	hit	2	5098	2	1896793	1			0
Picture	204	other				1931646	2	2000	3	0	1920
Sound	64	hit	2	5661	4	1943636	2			0
Picture	202	other				1979475	1	2000	2	0	1920
Sound	62	hit	1	5819	2	1991468	1			0
Picture	1	other				2026304	1	1999	3	0	1920
Sound	61	hit	1	6190	3	2038282	1			0
Picture	2	other				2073632	2	2000	3	0	1920
Sound	62	hit	1	4717	2	2085604	1			0
Picture	3	other				2121128	1	2000	2	0	1920
Sound	63	hit	2	4790	4	2133106	2			0
Picture	1	other				2168957	1	1999	3	0	1920
Sound	61	hit	1	5946	2	2180938	1			0
Picture	4	other				2216285	2	2000	4	0	1920
Sound	64	hit	2	6318	3	2228260	1			0
Picture	3	other				2264114	1	2000	2	0	1920
Sound	63	hit	2	6757	3	2276092	1			0
Picture	23	other				2311276	2	2000	3	0	1920
Sound	52	other				2317815	2			6540
Sound	63	hit	2	6956	2	2323265	1			0
Picture	3	other				2357605	1	2000	2	0	1920
Sound	63	hit	2	5442	4	2369599	2			0
Picture	1	other				2403934	2	2000	3	0	1920
Sound	61	hit	1	6943	2	2415934	1			0
Picture	103	other				2451596	2	2000	3	0	1920
Sound	63	hit	2	5546	3	2463586	1			0
Picture	204	other				2498258	2	2000	3	0	1920
Sound	64	hit	2	10253	3	2510250	1			0
Picture	202	other				2545420	2	2000	3	0	1920
Sound	62	hit	1	4938	2	2557393	1			0
Picture	202	other				2592749	2	2000	3	0	1920
Sound	62	hit	1	5588	2	2604746	1			0
Picture	2	other				2640245	1	1999	3	0	1920
Sound	62	hit	1	5582	3	2652218	1			0
Picture	1	other				2687407	1	2000	2	0	1920
Sound	61	hit	1	5123	2	2699391	1			0
Picture	224	other				2735069	1	2000	2	0	1920
Sound	52	other				2740688	2			5620
Sound	64	hit	2	6684	2	2747043	1			0
Picture	11	other				2781731	1	2000	2	0	1920
Sound	51	other				2786570	1			4840
Sound	61	hit	1	5959	2	2793707	1			0
Picture	202	other				2828726	2	2000	4	0	1920
Sound	62	hit	1	6418	2	2840700	1			0
Picture	123	other				2875888	2	2000	4	0	1920
Sound	52	other				2884287	2			8400
Sound	63	hit	2	6997	2	2887873	1			0
Picture	21	other				2922884	1	2000	2	0	1920
Sound	52	other				2928883	2			6000
Sound	61	hit	1	8608	2	2934866	1			0
Picture	2	other				2969379	2	2000	4	0	1920
Sound	62	hit	1	7315	2	2981351	1			0
Picture	101	other				3016042	1	1999	3	0	1920
Sound	61	hit	1	5299	2	3028015	1			0
Picture	4	other				3064037	2	2000	3	0	1920
Sound	64	hit	2	10140	2	3076026	1			0
Picture	212	other				3111866	1	2000	2	0	1920
Sound	51	other				3116715	2			4850
Sound	62	hit	1	6977	3	3123857	1			0
