Scenario - SeuilAuditif
Logfile written - 06/06/2016 14:42:20

Subject	Trial	Event Type	Code	Time	TTime	Uncertainty	Duration	Uncertainty	ReqTime	ReqDur	Stim Type	Pair Index

fp3	2	Sound	L_tarson_Left_0.7	388	57	1			0		other	0
fp3	3	Sound	L_tarson_Left_0.65	10535	38	1			0		other	0
fp3	4	Sound	L_tarson_Left_0.6	20712	49	1			0		other	0
fp3	5	Sound	L_tarson_Left_0.55	30859	30	1			0		other	0
fp3	6	Sound	L_tarson_Left_0.5	41036	41	2			0		other	0
fp3	7	Sound	L_tarson_Left_0.45	51213	52	1			0		other	0
fp3	8	Sound	L_tarson_Left_0.4	61360	33	2			0		other	0
fp3	9	Sound	L_tarson_Left_0.35	71538	46	1			0		other	0
fp3	10	Sound	L_tarson_Left_0.3	81715	57	1			0		other	0
fp3	11	Sound	L_tarson_Left_0.25	91862	38	1			0		other	0
fp3	12	Sound	L_tarson_Left_0.2	102039	49	1			0		other	0
fp3	12	Response	1	106496	4506	2
fp3	13	Sound	L_tarson-Left-0.15	112186	31	1			0		other	0
fp3	14	Sound	L_tarson_Left_0.15	122363	42	1			0		other	0
fp3	15	Sound	L_tarson_Left_0.2	132540	53	1			0		other	0
fp3	16	Sound	L_tarson_Left_0.25	142687	34	2			0		other	0
fp3	17	Sound	L_tarson_Left_0.3	152865	46	1			0		other	0
fp3	18	Sound	L_tarson_Left_0.35	163041	56	1			0		other	0
fp3	19	Sound	L_tarson_Left_0.4	173189	39	1			0		other	0
fp3	20	Sound	L_tarson_Left_0.45	183366	50	1			0		other	0
fp3	21	Sound	L_tarson_Left_0.5	193513	31	1			0		other	0
fp3	22	Sound	L_tarson_Left_0.55	203690	42	1			0		other	0
fp3	23	Sound	L_tarson_Left_0.6	213867	53	1			0		other	0
fp3	23	Response	1	223704	9890	1
fp3	24	Sound	L_tarson-Left-0.65	224014	35	1			0		other	0
fp3	25	Sound	L_tarson_Left_0.65	234191	46	1			0		other	0
fp3	26	Sound	L_tarson_Left_0.63	244368	58	1			0		other	0
fp3	27	Sound	L_tarson_Left_0.61	254515	38	1			0		other	0
fp3	28	Sound	L_tarson_Left_0.59	264692	49	2			0		other	0
fp3	29	Sound	L_tarson_Left_0.57	274839	30	2			0		other	0
fp3	30	Sound	L_tarson_Left_0.55	285017	43	1			0		other	0
fp3	31	Sound	L_tarson_Left_0.53	295194	54	1			0		other	0
fp3	32	Sound	L_tarson_Left_0.51	305341	35	1			0		other	0
fp3	33	Sound	L_tarson_Left_0.49	315518	46	1			0		other	0
fp3	34	Sound	L_tarson_Left_0.47	325695	57	1			0		other	0
fp3	35	Sound	L_tarson_Left_0.45	335842	39	1			0		other	0
fp3	36	Sound	L_tarson_Left_0.43	346019	50	1			0		other	0
fp3	37	Sound	L_tarson_Left_0.41	356166	31	1			0		other	0
fp3	38	Sound	L_tarson_Left_0.39	366343	42	2			0		other	0
fp3	39	Sound	L_tarson_Left_0.37	376520	53	1			0		other	0
fp3	40	Sound	L_tarson_Left_0.35	386667	34	2			0		other	0
fp3	41	Sound	L_tarson_Left_0.33	396844	46	2			0		other	0
fp3	42	Sound	L_tarson_Left_0.31	407022	58	1			0		other	0
fp3	43	Sound	L_tarson_Left_0.29	417169	39	1			0		other	0
fp3	44	Sound	L_tarson_Left_0.27	427346	50	1			0		other	0
fp3	45	Sound	L_tarson_Left_0.25	437493	31	1			0		other	0
fp3	46	Sound	L_tarson_Left_0.23	447670	43	1			0		other	0
fp3	47	Sound	L_tarson_Left_0.21	457847	54	1			0		other	0
fp3	48	Sound	L_tarson_Left_0.19	467994	35	1			0		other	0
fp3	49	Sound	L_tarson_Left_0.17	478171	46	1			0		other	0
fp3	50	Sound	L_tarson_Left_0.15	488348	57	1			0		other	0
fp3	51	Sound	L_tarson_Left_0.13	498495	39	2			0		other	0
fp3	52	Sound	L_tarson_Left_0.11	508673	51	1			0		other	0
fp3	53	Sound	L_tarson_Left_8.99999999999996e-002	518820	32	1			0		other	0
fp3	54	Sound	L_tarson_Left_6.99999999999996e-002	528997	43	1			0		other	0
fp3	55	Sound	L_tarson_Left_4.99999999999996e-002	539174	54	1			0		other	0
fp3	55	Response	1	546529	7409	1
fp3	55	Response	1	548827	9707	1
fp3	56	Sound	L_tarson-Left-2.99999999999996e-002	549321	36	1			0		other	0
fp3	57	Sound	L_tarson_Left_2.99999999999996e-002	559498	47	1			0		other	0
fp3	58	Sound	L_tarson_Left_4.99999999999996e-002	569675	58	1			0		other	0
fp3	59	Sound	L_tarson_Left_6.99999999999996e-002	579822	39	1			0		other	0
fp3	60	Sound	L_tarson_Left_8.99999999999996e-002	589999	50	2			0		other	0
fp3	61	Sound	L_tarson_Left_0.11	600146	32	2			0		other	0
fp3	62	Sound	L_tarson_Left_0.13	610324	44	1			0		other	0
fp3	63	Sound	L_tarson_Left_0.15	620501	55	1			0		other	0
fp3	64	Sound	L_tarson_Left_0.17	630648	36	1			0		other	0
fp3	65	Sound	L_tarson_Left_0.19	640825	47	1			0		other	0
fp3	66	Sound	L_tarson_Left_0.21	651002	58	1			0		other	0
fp3	67	Sound	L_tarson_Left_0.23	661149	39	1			0		other	0
fp3	68	Sound	L_tarson_Left_0.25	671326	51	1			0		other	0
fp3	69	Sound	L_tarson_Left_0.27	681473	32	1			0		other	0
fp3	70	Sound	L_tarson_Left_0.29	691650	43	1			0		other	0
fp3	71	Sound	L_tarson_Left_0.31	701827	54	2			0		other	0
fp3	72	Sound	L_tarson_Left_0.33	711974	36	2			0		other	0
fp3	73	Sound	L_tarson_Left_0.35	722151	47	2			0		other	0
fp3	74	Sound	L_tarson_Left_0.37	732329	59	1			0		other	0
fp3	75	Sound	L_tarson_Left_0.39	742476	40	1			0		other	0
fp3	76	Sound	L_tarson_Left_0.41	752653	51	1			0		other	0
fp3	77	Sound	L_tarson_Left_0.43	762800	32	1			0		other	0
fp3	78	Sound	L_tarson_Left_0.45	772977	44	1			0		other	0
fp3	79	Sound	L_tarson_Left_0.47	783154	55	1			0		other	0
fp3	80	Sound	L_tarson_Left_0.49	793301	36	1			0		other	0
fp3	81	Sound	L_tarson_Left_0.51	803478	47	1			0		other	0
fp3	82	Sound	L_tarson_Left_0.53	813655	59	1			0		other	0
fp3	83	Sound	L_tarson_Left_0.55	823802	40	2			0		other	0
fp3	84	Sound	L_tarson_Left_0.57	833979	51	2			0		other	0
fp3	85	Sound	L_tarson_Left_0.59	844127	33	1			0		other	0
fp3	86	Sound	L_tarson_Left_0.61	854304	44	1			0		other	0
fp3	86	Response	1	860821	6561	1
fp3	87	Sound	L_tarson-Left-0.63	864481	55	1			0		other	0
fp3	88	Sound	L_tarson_Left_0.63	874628	37	1			0		other	0
fp3	89	Sound	L_tarson_Left_0.61	884805	48	1			0		other	0
fp3	90	Sound	L_tarson_Left_0.59	894982	59	1			0		other	0
fp3	91	Sound	L_tarson_Left_0.57	905129	40	1			0		other	0
fp3	92	Sound	L_tarson_Left_0.55	915306	51	1			0		other	0
fp3	93	Sound	L_tarson_Left_0.53	925453	32	2			0		other	0
fp3	93	Response	1	932218	6797	1
fp3	94	Sound	L_tarson-Left-0.51	935630	44	2			0		other	0
fp3	95	Sound	L_tarson_Left_0.51	945808	56	1			0		other	0
fp3	96	Sound	L_tarson_Left_0.53	955955	37	1			0		other	0
fp3	97	Sound	L_tarson_Left_0.55	966132	48	1			0		other	0
fp3	98	Sound	L_tarson_Left_0.57	976309	59	1			0		other	0
fp3	99	Sound	L_tarson_Left_0.59	986456	41	1			0		other	0
fp3	100	Sound	L_tarson_Left_0.61	996633	52	1			0		other	0
fp3	101	Sound	L_tarson_Left_0.63	1006780	33	1			0		other	0
fp3	101	Response	1	1010167	3420	2
fp3	103	Sound	H_tarson_Left_0.7	1027134	55	2			0		other	0
fp3	104	Sound	H_tarson_Left_0.65	1037281	36	1			0		other	0
fp3	105	Sound	H_tarson_Left_0.6	1047458	48	2			0		other	0
fp3	105	Response	1	1049478	2068	1
fp3	106	Sound	H_tarson-Left-0.55	1057636	60	1			0		other	0
fp3	107	Sound	H_tarson_Left_0.55	1067783	41	1			0		other	0
fp3	108	Sound	H_tarson_Left_0.6	1077960	52	1			0		other	0
fp3	109	Sound	H_tarson_Left_0.65	1088107	33	1			0		other	0
fp3	110	Sound	H_tarson_Left_0.7	1098284	44	1			0		other	0
fp3	111	Sound	H_tarson_Left_0.75	1108461	56	1			0		other	0
fp3	111	Response	1	1109617	1212	1
fp3	112	Sound	H_tarson-Left-0.8	1118608	37	1			0		other	0
fp3	113	Sound	H_tarson_Left_0.8	1128785	48	1			0		other	0
fp3	114	Sound	H_tarson_Left_0.78	1138932	29	1			0		other	0
fp3	115	Sound	H_tarson_Left_0.76	1149109	41	2			0		other	0
fp3	116	Sound	H_tarson_Left_0.74	1159287	53	1			0		other	0
fp3	117	Sound	H_tarson_Left_0.72	1169434	34	1			0		other	0
fp3	118	Sound	H_tarson_Left_0.7	1179611	45	1			0		other	0
fp3	119	Sound	H_tarson_Left_0.68	1189788	56	1			0		other	0
fp3	120	Sound	H_tarson_Left_0.66	1199935	38	1			0		other	0
fp3	121	Sound	H_tarson_Left_0.64	1210112	49	1			0		other	0
fp3	122	Sound	H_tarson_Left_0.62	1220259	30	1			0		other	0
fp3	123	Sound	H_tarson_Left_0.6	1230436	41	1			0		other	0
fp3	124	Sound	H_tarson_Left_0.58	1240613	52	1			0		other	0
fp3	124	Response	1	1248026	7465	1
fp3	125	Sound	H_tarson-Left-0.56	1250760	33	2			0		other	0
fp3	126	Sound	H_tarson_Left_0.56	1260937	44	2			0		other	0
fp3	127	Sound	H_tarson_Left_0.58	1271114	56	2			0		other	0
fp3	128	Sound	H_tarson_Left_0.6	1281261	37	2			0		other	0
fp3	129	Sound	H_tarson_Left_0.62	1291439	49	1			0		other	0
fp3	130	Sound	H_tarson_Left_0.64	1301586	30	1			0		other	0
fp3	131	Sound	H_tarson_Left_0.66	1311763	42	1			0		other	0
fp3	132	Sound	H_tarson_Left_0.68	1321940	53	1			0		other	0
fp3	133	Sound	H_tarson_Left_0.7	1332087	34	1			0		other	0
fp3	134	Sound	H_tarson_Left_0.72	1342264	45	1			0		other	0
fp3	135	Sound	H_tarson_Left_0.74	1352441	56	1			0		other	0
fp3	135	Response	1	1356298	3913	1
fp3	136	Sound	H_tarson-Left-0.76	1362588	37	1			0		other	0
fp3	137	Sound	H_tarson_Left_0.76	1372765	49	2			0		other	0
fp3	138	Sound	H_tarson_Left_0.74	1382913	31	1			0		other	0
fp3	139	Sound	H_tarson_Left_0.72	1393090	42	1			0		other	0
fp3	140	Sound	H_tarson_Left_0.7	1403267	53	1			0		other	0
fp3	141	Sound	H_tarson_Left_0.68	1413414	34	1			0		other	0
fp3	142	Sound	H_tarson_Left_0.66	1423591	46	1			0		other	0
fp3	143	Sound	H_tarson_Left_0.64	1433768	57	1			0		other	0
fp3	144	Sound	H_tarson_Left_0.62	1443915	38	1			0		other	0
fp3	145	Sound	H_tarson_Left_0.6	1454092	49	1			0		other	0
fp3	146	Sound	H_tarson_Left_0.58	1464239	30	2			0		other	0
fp3	147	Sound	H_tarson_Left_0.56	1474416	42	1			0		other	0
fp3	148	Sound	H_tarson_Left_0.54	1484593	53	2			0		other	0
fp3	149	Sound	H_tarson_Left_0.52	1494741	35	1			0		other	0
fp3	150	Sound	H_tarson_Left_0.5	1504918	46	1			0		other	0
fp3	150	Response	1	1510429	5557	1
fp3	151	Sound	H_tarson-Left-0.48	1515095	57	1			0		other	0
fp3	152	Sound	H_tarson_Left_0.48	1525242	38	1			0		other	0
fp3	153	Sound	H_tarson_Left_0.5	1535419	50	1			0		other	0
fp3	154	Sound	H_tarson_Left_0.52	1545566	31	1			0		other	0
fp3	155	Sound	H_tarson_Left_0.54	1555743	42	1			0		other	0
fp3	156	Sound	H_tarson_Left_0.56	1565920	53	1			0		other	0
fp3	157	Sound	H_tarson_Left_0.58	1576067	34	1			0		other	0
fp3	158	Sound	H_tarson_Left_0.6	1586244	45	2			0		other	0
fp3	159	Sound	H_tarson_Left_0.62	1596421	57	2			0		other	0
fp3	160	Sound	H_tarson_Left_0.64	1606568	38	2			0		other	0
fp3	160	Quit		1615173	8643


Event Type	Code	Type	Response	RT	RT Uncertainty	Time	Uncertainty	Duration	Uncertainty	ReqTime	ReqDur

Sound	L_tarson_Left_0.7	other				388	1			0
Sound	L_tarson_Left_0.65	other				10535	1			0
Sound	L_tarson_Left_0.6	other				20712	1			0
Sound	L_tarson_Left_0.55	other				30859	1			0
Sound	L_tarson_Left_0.5	other				41036	2			0
Sound	L_tarson_Left_0.45	other				51213	1			0
Sound	L_tarson_Left_0.4	other				61360	2			0
Sound	L_tarson_Left_0.35	other				71538	1			0
Sound	L_tarson_Left_0.3	other				81715	1			0
Sound	L_tarson_Left_0.25	other				91862	1			0
Sound	L_tarson_Left_0.2	other				102039	1			0
Sound	L_tarson-Left-0.15	other				112186	1			0
Sound	L_tarson_Left_0.15	other				122363	1			0
Sound	L_tarson_Left_0.2	other				132540	1			0
Sound	L_tarson_Left_0.25	other				142687	2			0
Sound	L_tarson_Left_0.3	other				152865	1			0
Sound	L_tarson_Left_0.35	other				163041	1			0
Sound	L_tarson_Left_0.4	other				173189	1			0
Sound	L_tarson_Left_0.45	other				183366	1			0
Sound	L_tarson_Left_0.5	other				193513	1			0
Sound	L_tarson_Left_0.55	other				203690	1			0
Sound	L_tarson_Left_0.6	other				213867	1			0
Sound	L_tarson-Left-0.65	other				224014	1			0
Sound	L_tarson_Left_0.65	other				234191	1			0
Sound	L_tarson_Left_0.63	other				244368	1			0
Sound	L_tarson_Left_0.61	other				254515	1			0
Sound	L_tarson_Left_0.59	other				264692	2			0
Sound	L_tarson_Left_0.57	other				274839	2			0
Sound	L_tarson_Left_0.55	other				285017	1			0
Sound	L_tarson_Left_0.53	other				295194	1			0
Sound	L_tarson_Left_0.51	other				305341	1			0
Sound	L_tarson_Left_0.49	other				315518	1			0
Sound	L_tarson_Left_0.47	other				325695	1			0
Sound	L_tarson_Left_0.45	other				335842	1			0
Sound	L_tarson_Left_0.43	other				346019	1			0
Sound	L_tarson_Left_0.41	other				356166	1			0
Sound	L_tarson_Left_0.39	other				366343	2			0
Sound	L_tarson_Left_0.37	other				376520	1			0
Sound	L_tarson_Left_0.35	other				386667	2			0
Sound	L_tarson_Left_0.33	other				396844	2			0
Sound	L_tarson_Left_0.31	other				407022	1			0
Sound	L_tarson_Left_0.29	other				417169	1			0
Sound	L_tarson_Left_0.27	other				427346	1			0
Sound	L_tarson_Left_0.25	other				437493	1			0
Sound	L_tarson_Left_0.23	other				447670	1			0
Sound	L_tarson_Left_0.21	other				457847	1			0
Sound	L_tarson_Left_0.19	other				467994	1			0
Sound	L_tarson_Left_0.17	other				478171	1			0
Sound	L_tarson_Left_0.15	other				488348	1			0
Sound	L_tarson_Left_0.13	other				498495	2			0
Sound	L_tarson_Left_0.11	other				508673	1			0
Sound	L_tarson_Left_8.99999999999996e-002	other				518820	1			0
Sound	L_tarson_Left_6.99999999999996e-002	other				528997	1			0
Sound	L_tarson_Left_4.99999999999996e-002	other				539174	1			0
Sound	L_tarson-Left-2.99999999999996e-002	other				549321	1			0
Sound	L_tarson_Left_2.99999999999996e-002	other				559498	1			0
Sound	L_tarson_Left_4.99999999999996e-002	other				569675	1			0
Sound	L_tarson_Left_6.99999999999996e-002	other				579822	1			0
Sound	L_tarson_Left_8.99999999999996e-002	other				589999	2			0
Sound	L_tarson_Left_0.11	other				600146	2			0
Sound	L_tarson_Left_0.13	other				610324	1			0
Sound	L_tarson_Left_0.15	other				620501	1			0
Sound	L_tarson_Left_0.17	other				630648	1			0
Sound	L_tarson_Left_0.19	other				640825	1			0
Sound	L_tarson_Left_0.21	other				651002	1			0
Sound	L_tarson_Left_0.23	other				661149	1			0
Sound	L_tarson_Left_0.25	other				671326	1			0
Sound	L_tarson_Left_0.27	other				681473	1			0
Sound	L_tarson_Left_0.29	other				691650	1			0
Sound	L_tarson_Left_0.31	other				701827	2			0
Sound	L_tarson_Left_0.33	other				711974	2			0
Sound	L_tarson_Left_0.35	other				722151	2			0
Sound	L_tarson_Left_0.37	other				732329	1			0
Sound	L_tarson_Left_0.39	other				742476	1			0
Sound	L_tarson_Left_0.41	other				752653	1			0
Sound	L_tarson_Left_0.43	other				762800	1			0
Sound	L_tarson_Left_0.45	other				772977	1			0
Sound	L_tarson_Left_0.47	other				783154	1			0
Sound	L_tarson_Left_0.49	other				793301	1			0
Sound	L_tarson_Left_0.51	other				803478	1			0
Sound	L_tarson_Left_0.53	other				813655	1			0
Sound	L_tarson_Left_0.55	other				823802	2			0
Sound	L_tarson_Left_0.57	other				833979	2			0
Sound	L_tarson_Left_0.59	other				844127	1			0
Sound	L_tarson_Left_0.61	other				854304	1			0
Sound	L_tarson-Left-0.63	other				864481	1			0
Sound	L_tarson_Left_0.63	other				874628	1			0
Sound	L_tarson_Left_0.61	other				884805	1			0
Sound	L_tarson_Left_0.59	other				894982	1			0
Sound	L_tarson_Left_0.57	other				905129	1			0
Sound	L_tarson_Left_0.55	other				915306	1			0
Sound	L_tarson_Left_0.53	other				925453	2			0
Sound	L_tarson-Left-0.51	other				935630	2			0
Sound	L_tarson_Left_0.51	other				945808	1			0
Sound	L_tarson_Left_0.53	other				955955	1			0
Sound	L_tarson_Left_0.55	other				966132	1			0
Sound	L_tarson_Left_0.57	other				976309	1			0
Sound	L_tarson_Left_0.59	other				986456	1			0
Sound	L_tarson_Left_0.61	other				996633	1			0
Sound	L_tarson_Left_0.63	other				1006780	1			0
Sound	H_tarson_Left_0.7	other				1027134	2			0
Sound	H_tarson_Left_0.65	other				1037281	1			0
Sound	H_tarson_Left_0.6	other				1047458	2			0
Sound	H_tarson-Left-0.55	other				1057636	1			0
Sound	H_tarson_Left_0.55	other				1067783	1			0
Sound	H_tarson_Left_0.6	other				1077960	1			0
Sound	H_tarson_Left_0.65	other				1088107	1			0
Sound	H_tarson_Left_0.7	other				1098284	1			0
Sound	H_tarson_Left_0.75	other				1108461	1			0
Sound	H_tarson-Left-0.8	other				1118608	1			0
Sound	H_tarson_Left_0.8	other				1128785	1			0
Sound	H_tarson_Left_0.78	other				1138932	1			0
Sound	H_tarson_Left_0.76	other				1149109	2			0
Sound	H_tarson_Left_0.74	other				1159287	1			0
Sound	H_tarson_Left_0.72	other				1169434	1			0
Sound	H_tarson_Left_0.7	other				1179611	1			0
Sound	H_tarson_Left_0.68	other				1189788	1			0
Sound	H_tarson_Left_0.66	other				1199935	1			0
Sound	H_tarson_Left_0.64	other				1210112	1			0
Sound	H_tarson_Left_0.62	other				1220259	1			0
Sound	H_tarson_Left_0.6	other				1230436	1			0
Sound	H_tarson_Left_0.58	other				1240613	1			0
Sound	H_tarson-Left-0.56	other				1250760	2			0
Sound	H_tarson_Left_0.56	other				1260937	2			0
Sound	H_tarson_Left_0.58	other				1271114	2			0
Sound	H_tarson_Left_0.6	other				1281261	2			0
Sound	H_tarson_Left_0.62	other				1291439	1			0
Sound	H_tarson_Left_0.64	other				1301586	1			0
Sound	H_tarson_Left_0.66	other				1311763	1			0
Sound	H_tarson_Left_0.68	other				1321940	1			0
Sound	H_tarson_Left_0.7	other				1332087	1			0
Sound	H_tarson_Left_0.72	other				1342264	1			0
Sound	H_tarson_Left_0.74	other				1352441	1			0
Sound	H_tarson-Left-0.76	other				1362588	1			0
Sound	H_tarson_Left_0.76	other				1372765	2			0
Sound	H_tarson_Left_0.74	other				1382913	1			0
Sound	H_tarson_Left_0.72	other				1393090	1			0
Sound	H_tarson_Left_0.7	other				1403267	1			0
Sound	H_tarson_Left_0.68	other				1413414	1			0
Sound	H_tarson_Left_0.66	other				1423591	1			0
Sound	H_tarson_Left_0.64	other				1433768	1			0
Sound	H_tarson_Left_0.62	other				1443915	1			0
Sound	H_tarson_Left_0.6	other				1454092	1			0
Sound	H_tarson_Left_0.58	other				1464239	2			0
Sound	H_tarson_Left_0.56	other				1474416	1			0
Sound	H_tarson_Left_0.54	other				1484593	2			0
Sound	H_tarson_Left_0.52	other				1494741	1			0
Sound	H_tarson_Left_0.5	other				1504918	1			0
Sound	H_tarson-Left-0.48	other				1515095	1			0
Sound	H_tarson_Left_0.48	other				1525242	1			0
Sound	H_tarson_Left_0.5	other				1535419	1			0
Sound	H_tarson_Left_0.52	other				1545566	1			0
Sound	H_tarson_Left_0.54	other				1555743	1			0
Sound	H_tarson_Left_0.56	other				1565920	1			0
Sound	H_tarson_Left_0.58	other				1576067	1			0
Sound	H_tarson_Left_0.6	other				1586244	2			0
Sound	H_tarson_Left_0.62	other				1596421	2			0
Sound	H_tarson_Left_0.64	other				1606568	2			0
