Scenario - SeuilAuditif
Logfile written - 06/06/2016 14:45:25

Subject	Trial	Event Type	Code	Time	TTime	Uncertainty	Duration	Uncertainty	ReqTime	ReqDur	Stim Type	Pair Index

fp3	2	Sound	L_tarson_Left_0.7	388	57	1			0		other	0
fp3	3	Sound	L_tarson_Left_0.65	10535	38	1			0		other	0
fp3	4	Sound	L_tarson_Left_0.6	20712	49	1			0		other	0
fp3	5	Sound	L_tarson_Left_0.55	30859	30	2			0		other	0
fp3	5	Response	1	39457	8628	1
fp3	6	Sound	L_tarson-Left-0.5	41036	41	2			0		other	0
fp3	7	Sound	L_tarson_Left_0.5	51213	52	2			0		other	0
fp3	8	Sound	L_tarson_Left_0.55	61361	35	1			0		other	0
fp3	9	Sound	L_tarson_Left_0.6	71538	46	1			0		other	0
fp3	10	Sound	L_tarson_Left_0.65	81715	57	1			0		other	0
fp3	10	Response	1	91123	9465	1
fp3	11	Sound	L_tarson-Left-0.7	91862	38	1			0		other	0
fp3	12	Sound	L_tarson_Left_0.7	102039	49	1			0		other	0
fp3	13	Sound	L_tarson_Left_0.68	112186	30	1			0		other	0
fp3	14	Sound	L_tarson_Left_0.66	122363	42	1			0		other	0
fp3	15	Sound	L_tarson_Left_0.64	132540	53	1			0		other	0
fp3	16	Sound	L_tarson_Left_0.62	142687	34	1			0		other	0
fp3	17	Sound	L_tarson_Left_0.6	152864	45	2			0		other	0
fp3	17	Response	1	157276	4457	1
fp3	18	Sound	L_tarson-Left-0.58	163042	58	1			0		other	0
fp3	19	Sound	L_tarson_Left_0.58	173189	39	1			0		other	0
fp3	20	Sound	L_tarson_Left_0.6	183366	50	1			0		other	0
fp3	21	Sound	L_tarson_Left_0.62	193513	31	1			0		other	0
fp3	21	Response	1	200920	7438	2
fp3	22	Sound	L_tarson-Left-0.64	203690	42	1			0		other	0
fp3	23	Sound	L_tarson_Left_0.64	213867	54	1			0		other	0
fp3	24	Sound	L_tarson_Left_0.62	224014	35	1			0		other	0
fp3	25	Sound	L_tarson_Left_0.6	234191	46	1			0		other	0
fp3	26	Sound	L_tarson_Left_0.58	244368	58	1			0		other	0
fp3	27	Sound	L_tarson_Left_0.56	254515	38	1			0		other	0
fp3	27	Response	1	259089	4612	1
fp3	28	Sound	L_tarson-Left-0.54	264692	49	2			0		other	0
fp3	29	Sound	L_tarson_Left_0.54	274840	31	1			0		other	0
fp3	30	Sound	L_tarson_Left_0.56	285017	43	1			0		other	0
fp3	31	Sound	L_tarson_Left_0.58	295194	54	1			0		other	0
fp3	32	Sound	L_tarson_Left_0.6	305341	35	1			0		other	0
fp3	33	Sound	L_tarson_Left_0.62	315518	46	1			0		other	0
fp3	33	Response	1	325288	9816	1
fp3	35	Sound	H_tarson_Left_0.7	335842	38	1			0		other	0
fp3	36	Sound	H_tarson_Left_0.65	346019	50	1			0		other	0
fp3	37	Sound	H_tarson_Left_0.6	356166	31	2			0		other	0
fp3	38	Sound	H_tarson_Left_0.55	366343	42	1			0		other	0
fp3	38	Response	1	366471	170	1
fp3	39	Sound	H_tarson-Left-0.5	376520	53	2			0		other	0
fp3	40	Sound	H_tarson_Left_0.5	386668	36	1			0		other	0
fp3	41	Sound	H_tarson_Left_0.55	396845	47	1			0		other	0
fp3	42	Sound	H_tarson_Left_0.6	407022	58	1			0		other	0
fp3	43	Sound	H_tarson_Left_0.65	417169	39	1			0		other	0
fp3	44	Sound	H_tarson_Left_0.7	427346	50	1			0		other	0
fp3	44	Response	1	436586	9290	2
fp3	45	Sound	H_tarson-Left-0.75	437493	32	1			0		other	0
fp3	46	Sound	H_tarson_Left_0.75	447670	43	1			0		other	0
fp3	47	Sound	H_tarson_Left_0.73	457847	54	1			0		other	0
fp3	48	Sound	H_tarson_Left_0.71	467994	35	1			0		other	0
fp3	49	Sound	H_tarson_Left_0.69	478171	46	2			0		other	0
fp3	50	Sound	H_tarson_Left_0.67	488348	58	2			0		other	0
fp3	51	Sound	H_tarson_Left_0.65	498496	40	1			0		other	0
fp3	52	Sound	H_tarson_Left_0.63	508673	51	1			0		other	0
fp3	52	Response	1	512737	4115	2
fp3	53	Sound	H_tarson-Left-0.61	518820	32	1			0		other	0
fp3	54	Sound	H_tarson_Left_0.61	528997	43	1			0		other	0
fp3	55	Sound	H_tarson_Left_0.63	539174	54	1			0		other	0
fp3	56	Sound	H_tarson_Left_0.65	549321	36	1			0		other	0
fp3	57	Sound	H_tarson_Left_0.67	559498	47	1			0		other	0
fp3	58	Sound	H_tarson_Left_0.69	569675	58	1			0		other	0
fp3	59	Sound	H_tarson_Left_0.71	579822	39	2			0		other	0
fp3	59	Response	1	586378	6595	1
fp3	60	Sound	H_tarson-Left-0.73	589999	50	2			0		other	0
fp3	61	Sound	H_tarson_Left_0.73	600146	32	2			0		other	0
fp3	62	Sound	H_tarson_Left_0.71	610324	44	1			0		other	0
fp3	63	Sound	H_tarson_Left_0.69	620501	55	1			0		other	0
fp3	64	Sound	H_tarson_Left_0.67	630648	36	1			0		other	0
fp3	65	Sound	H_tarson_Left_0.65	640825	47	1			0		other	0
fp3	66	Sound	H_tarson_Left_0.63	651002	59	1			0		other	0
fp3	67	Sound	H_tarson_Left_0.61	661149	40	1			0		other	0
fp3	67	Response	1	666402	5293	1
fp3	68	Sound	H_tarson-Left-0.59	671326	51	1			0		other	0
fp3	69	Sound	H_tarson_Left_0.59	681473	32	1			0		other	0
fp3	70	Sound	H_tarson_Left_0.61	691650	43	2			0		other	0
fp3	71	Sound	H_tarson_Left_0.63	701827	54	1			0		other	0
fp3	72	Sound	H_tarson_Left_0.65	711974	36	2			0		other	0
fp3	72	Response	1	717468	5530	2
fp3	74	Sound	L_tarson_Right_0.7	732329	59	1			0		other	0
fp3	75	Sound	L_tarson_Right_0.65	742476	40	1			0		other	0
fp3	76	Sound	L_tarson_Right_0.6	752653	51	1			0		other	0
fp3	77	Sound	L_tarson_Right_0.55	762800	32	1			0		other	0
fp3	78	Sound	L_tarson_Right_0.5	772977	44	1			0		other	0
fp3	79	Sound	L_tarson_Right_0.45	783154	55	1			0		other	0
fp3	80	Sound	L_tarson_Right_0.4	793301	36	1			0		other	0
fp3	80	Response	1	795885	2620	1
fp3	81	Sound	L_tarson-Right-0.35	803478	47	2			0		other	0
fp3	82	Sound	L_tarson_Right_0.35	813656	60	1			0		other	0
fp3	83	Sound	L_tarson_Right_0.4	823802	40	2			0		other	0
fp3	84	Sound	L_tarson_Right_0.45	833980	52	1			0		other	0
fp3	85	Sound	L_tarson_Right_0.5	844127	33	1			0		other	0
fp3	86	Sound	L_tarson_Right_0.55	854304	44	1			0		other	0
fp3	86	Response	1	862318	8058	2
fp3	87	Sound	L_tarson-Right-0.6	864481	55	1			0		other	0
fp3	88	Sound	L_tarson_Right_0.6	874628	36	1			0		other	0
fp3	89	Sound	L_tarson_Right_0.58	884805	48	1			0		other	0
fp3	90	Sound	L_tarson_Right_0.56	894982	59	1			0		other	0
fp3	91	Sound	L_tarson_Right_0.54	905129	40	1			0		other	0
fp3	92	Sound	L_tarson_Right_0.52	915306	51	1			0		other	0
fp3	93	Sound	L_tarson_Right_0.5	925454	33	1			0		other	0
fp3	94	Sound	L_tarson_Right_0.48	935631	45	1			0		other	0
fp3	95	Sound	L_tarson_Right_0.46	945808	56	1			0		other	0
fp3	95	Response	1	953121	7369	1
fp3	96	Sound	L_tarson-Right-0.44	955955	37	1			0		other	0
fp3	97	Sound	L_tarson_Right_0.44	966132	48	1			0		other	0
fp3	98	Sound	L_tarson_Right_0.46	976309	59	1			0		other	0
fp3	99	Sound	L_tarson_Right_0.48	986456	40	1			0		other	0
fp3	99	Response	1	989136	2720	1
fp3	100	Sound	L_tarson-Right-0.5	996633	52	1			0		other	0
fp3	101	Sound	L_tarson_Right_0.5	1006780	33	1			0		other	0
fp3	102	Sound	L_tarson_Right_0.48	1016957	44	1			0		other	0
fp3	103	Sound	L_tarson_Right_0.46	1027134	55	1			0		other	0
fp3	104	Sound	L_tarson_Right_0.44	1037281	36	2			0		other	0
fp3	105	Sound	L_tarson_Right_0.42	1047459	49	1			0		other	0
fp3	105	Response	1	1051662	4252	1
fp3	106	Sound	L_tarson-Right-0.4	1057606	30	1			0		other	0
fp3	107	Sound	L_tarson_Right_0.4	1067783	41	1			0		other	0
fp3	108	Sound	L_tarson_Right_0.42	1077960	52	1			0		other	0
fp3	109	Sound	L_tarson_Right_0.44	1088107	33	1			0		other	0
fp3	110	Sound	L_tarson_Right_0.46	1098284	45	1			0		other	0
fp3	111	Sound	L_tarson_Right_0.48	1108461	56	1			0		other	0
fp3	111	Response	1	1117909	9504	2
fp3	113	Sound	H_tarson_Right_0.7	1128785	48	1			0		other	0
fp3	114	Sound	H_tarson_Right_0.65	1138932	29	2			0		other	0
fp3	115	Sound	H_tarson_Right_0.6	1149109	40	2			0		other	0
fp3	116	Sound	H_tarson_Right_0.55	1159286	52	2			0		other	0
fp3	117	Sound	H_tarson_Right_0.5	1169434	34	1			0		other	0
fp3	118	Sound	H_tarson_Right_0.45	1179611	45	1			0		other	0
fp3	119	Sound	H_tarson_Right_0.4	1189788	56	1			0		other	0
fp3	119	Response	1	1195180	5448	1
fp3	120	Sound	H_tarson-Right-0.35	1199935	38	1			0		other	0
fp3	121	Sound	H_tarson_Right_0.35	1210112	49	1			0		other	0
fp3	122	Sound	H_tarson_Right_0.4	1220259	30	1			0		other	0
fp3	123	Sound	H_tarson_Right_0.45	1230436	41	1			0		other	0
fp3	123	Response	1	1236664	6269	1
fp3	124	Sound	H_tarson-Right-0.5	1240613	52	1			0		other	0
fp3	125	Sound	H_tarson_Right_0.5	1250760	33	1			0		other	0
fp3	126	Sound	H_tarson_Right_0.48	1260937	45	2			0		other	0
fp3	127	Sound	H_tarson_Right_0.46	1271114	56	2			0		other	0
fp3	128	Sound	H_tarson_Right_0.44	1281262	38	1			0		other	0
fp3	129	Sound	H_tarson_Right_0.42	1291439	49	1			0		other	0
fp3	130	Sound	H_tarson_Right_0.4	1301586	30	1			0		other	0
fp3	130	Response	1	1305803	4247	2
fp3	131	Sound	H_tarson-Right-0.38	1311763	42	1			0		other	0
fp3	132	Sound	H_tarson_Right_0.38	1321940	53	1			0		other	0
fp3	133	Sound	H_tarson_Right_0.4	1332087	34	1			0		other	0
fp3	134	Sound	H_tarson_Right_0.42	1342264	45	1			0		other	0
fp3	135	Sound	H_tarson_Right_0.44	1352441	56	1			0		other	0
fp3	135	Response	1	1358114	5729	1
fp3	136	Sound	H_tarson-Right-0.46	1362588	38	2			0		other	0
fp3	137	Sound	H_tarson_Right_0.46	1372765	49	2			0		other	0
fp3	138	Sound	H_tarson_Right_0.44	1382913	31	1			0		other	0
fp3	139	Sound	H_tarson_Right_0.42	1393090	42	1			0		other	0
fp3	140	Sound	H_tarson_Right_0.4	1403267	53	1			0		other	0
fp3	141	Sound	H_tarson_Right_0.38	1413414	35	1			0		other	0
fp3	141	Response	1	1413685	306	1
fp3	142	Sound	H_tarson-Right-0.36	1423591	46	1			0		other	0
fp3	143	Sound	H_tarson_Right_0.36	1433768	57	1			0		other	0
fp3	144	Sound	H_tarson_Right_0.38	1443915	38	1			0		other	0
fp3	145	Sound	H_tarson_Right_0.4	1454092	49	1			0		other	0
fp3	146	Sound	H_tarson_Right_0.42	1464239	30	1			0		other	0
fp3	146	Response	1	1468589	4380	1


Event Type	Code	Type	Response	RT	RT Uncertainty	Time	Uncertainty	Duration	Uncertainty	ReqTime	ReqDur

Sound	L_tarson_Left_0.7	other				388	1			0
Sound	L_tarson_Left_0.65	other				10535	1			0
Sound	L_tarson_Left_0.6	other				20712	1			0
Sound	L_tarson_Left_0.55	other				30859	2			0
Sound	L_tarson-Left-0.5	other				41036	2			0
Sound	L_tarson_Left_0.5	other				51213	2			0
Sound	L_tarson_Left_0.55	other				61361	1			0
Sound	L_tarson_Left_0.6	other				71538	1			0
Sound	L_tarson_Left_0.65	other				81715	1			0
Sound	L_tarson-Left-0.7	other				91862	1			0
Sound	L_tarson_Left_0.7	other				102039	1			0
Sound	L_tarson_Left_0.68	other				112186	1			0
Sound	L_tarson_Left_0.66	other				122363	1			0
Sound	L_tarson_Left_0.64	other				132540	1			0
Sound	L_tarson_Left_0.62	other				142687	1			0
Sound	L_tarson_Left_0.6	other				152864	2			0
Sound	L_tarson-Left-0.58	other				163042	1			0
Sound	L_tarson_Left_0.58	other				173189	1			0
Sound	L_tarson_Left_0.6	other				183366	1			0
Sound	L_tarson_Left_0.62	other				193513	1			0
Sound	L_tarson-Left-0.64	other				203690	1			0
Sound	L_tarson_Left_0.64	other				213867	1			0
Sound	L_tarson_Left_0.62	other				224014	1			0
Sound	L_tarson_Left_0.6	other				234191	1			0
Sound	L_tarson_Left_0.58	other				244368	1			0
Sound	L_tarson_Left_0.56	other				254515	1			0
Sound	L_tarson-Left-0.54	other				264692	2			0
Sound	L_tarson_Left_0.54	other				274840	1			0
Sound	L_tarson_Left_0.56	other				285017	1			0
Sound	L_tarson_Left_0.58	other				295194	1			0
Sound	L_tarson_Left_0.6	other				305341	1			0
Sound	L_tarson_Left_0.62	other				315518	1			0
Sound	H_tarson_Left_0.7	other				335842	1			0
Sound	H_tarson_Left_0.65	other				346019	1			0
Sound	H_tarson_Left_0.6	other				356166	2			0
Sound	H_tarson_Left_0.55	other				366343	1			0
Sound	H_tarson-Left-0.5	other				376520	2			0
Sound	H_tarson_Left_0.5	other				386668	1			0
Sound	H_tarson_Left_0.55	other				396845	1			0
Sound	H_tarson_Left_0.6	other				407022	1			0
Sound	H_tarson_Left_0.65	other				417169	1			0
Sound	H_tarson_Left_0.7	other				427346	1			0
Sound	H_tarson-Left-0.75	other				437493	1			0
Sound	H_tarson_Left_0.75	other				447670	1			0
Sound	H_tarson_Left_0.73	other				457847	1			0
Sound	H_tarson_Left_0.71	other				467994	1			0
Sound	H_tarson_Left_0.69	other				478171	2			0
Sound	H_tarson_Left_0.67	other				488348	2			0
Sound	H_tarson_Left_0.65	other				498496	1			0
Sound	H_tarson_Left_0.63	other				508673	1			0
Sound	H_tarson-Left-0.61	other				518820	1			0
Sound	H_tarson_Left_0.61	other				528997	1			0
Sound	H_tarson_Left_0.63	other				539174	1			0
Sound	H_tarson_Left_0.65	other				549321	1			0
Sound	H_tarson_Left_0.67	other				559498	1			0
Sound	H_tarson_Left_0.69	other				569675	1			0
Sound	H_tarson_Left_0.71	other				579822	2			0
Sound	H_tarson-Left-0.73	other				589999	2			0
Sound	H_tarson_Left_0.73	other				600146	2			0
Sound	H_tarson_Left_0.71	other				610324	1			0
Sound	H_tarson_Left_0.69	other				620501	1			0
Sound	H_tarson_Left_0.67	other				630648	1			0
Sound	H_tarson_Left_0.65	other				640825	1			0
Sound	H_tarson_Left_0.63	other				651002	1			0
Sound	H_tarson_Left_0.61	other				661149	1			0
Sound	H_tarson-Left-0.59	other				671326	1			0
Sound	H_tarson_Left_0.59	other				681473	1			0
Sound	H_tarson_Left_0.61	other				691650	2			0
Sound	H_tarson_Left_0.63	other				701827	1			0
Sound	H_tarson_Left_0.65	other				711974	2			0
Sound	L_tarson_Right_0.7	other				732329	1			0
Sound	L_tarson_Right_0.65	other				742476	1			0
Sound	L_tarson_Right_0.6	other				752653	1			0
Sound	L_tarson_Right_0.55	other				762800	1			0
Sound	L_tarson_Right_0.5	other				772977	1			0
Sound	L_tarson_Right_0.45	other				783154	1			0
Sound	L_tarson_Right_0.4	other				793301	1			0
Sound	L_tarson-Right-0.35	other				803478	2			0
Sound	L_tarson_Right_0.35	other				813656	1			0
Sound	L_tarson_Right_0.4	other				823802	2			0
Sound	L_tarson_Right_0.45	other				833980	1			0
Sound	L_tarson_Right_0.5	other				844127	1			0
Sound	L_tarson_Right_0.55	other				854304	1			0
Sound	L_tarson-Right-0.6	other				864481	1			0
Sound	L_tarson_Right_0.6	other				874628	1			0
Sound	L_tarson_Right_0.58	other				884805	1			0
Sound	L_tarson_Right_0.56	other				894982	1			0
Sound	L_tarson_Right_0.54	other				905129	1			0
Sound	L_tarson_Right_0.52	other				915306	1			0
Sound	L_tarson_Right_0.5	other				925454	1			0
Sound	L_tarson_Right_0.48	other				935631	1			0
Sound	L_tarson_Right_0.46	other				945808	1			0
Sound	L_tarson-Right-0.44	other				955955	1			0
Sound	L_tarson_Right_0.44	other				966132	1			0
Sound	L_tarson_Right_0.46	other				976309	1			0
Sound	L_tarson_Right_0.48	other				986456	1			0
Sound	L_tarson-Right-0.5	other				996633	1			0
Sound	L_tarson_Right_0.5	other				1006780	1			0
Sound	L_tarson_Right_0.48	other				1016957	1			0
Sound	L_tarson_Right_0.46	other				1027134	1			0
Sound	L_tarson_Right_0.44	other				1037281	2			0
Sound	L_tarson_Right_0.42	other				1047459	1			0
Sound	L_tarson-Right-0.4	other				1057606	1			0
Sound	L_tarson_Right_0.4	other				1067783	1			0
Sound	L_tarson_Right_0.42	other				1077960	1			0
Sound	L_tarson_Right_0.44	other				1088107	1			0
Sound	L_tarson_Right_0.46	other				1098284	1			0
Sound	L_tarson_Right_0.48	other				1108461	1			0
Sound	H_tarson_Right_0.7	other				1128785	1			0
Sound	H_tarson_Right_0.65	other				1138932	2			0
Sound	H_tarson_Right_0.6	other				1149109	2			0
Sound	H_tarson_Right_0.55	other				1159286	2			0
Sound	H_tarson_Right_0.5	other				1169434	1			0
Sound	H_tarson_Right_0.45	other				1179611	1			0
Sound	H_tarson_Right_0.4	other				1189788	1			0
Sound	H_tarson-Right-0.35	other				1199935	1			0
Sound	H_tarson_Right_0.35	other				1210112	1			0
Sound	H_tarson_Right_0.4	other				1220259	1			0
Sound	H_tarson_Right_0.45	other				1230436	1			0
Sound	H_tarson-Right-0.5	other				1240613	1			0
Sound	H_tarson_Right_0.5	other				1250760	1			0
Sound	H_tarson_Right_0.48	other				1260937	2			0
Sound	H_tarson_Right_0.46	other				1271114	2			0
Sound	H_tarson_Right_0.44	other				1281262	1			0
Sound	H_tarson_Right_0.42	other				1291439	1			0
Sound	H_tarson_Right_0.4	other				1301586	1			0
Sound	H_tarson-Right-0.38	other				1311763	1			0
Sound	H_tarson_Right_0.38	other				1321940	1			0
Sound	H_tarson_Right_0.4	other				1332087	1			0
Sound	H_tarson_Right_0.42	other				1342264	1			0
Sound	H_tarson_Right_0.44	other				1352441	1			0
Sound	H_tarson-Right-0.46	other				1362588	2			0
Sound	H_tarson_Right_0.46	other				1372765	2			0
Sound	H_tarson_Right_0.44	other				1382913	1			0
Sound	H_tarson_Right_0.42	other				1393090	1			0
Sound	H_tarson_Right_0.4	other				1403267	1			0
Sound	H_tarson_Right_0.38	other				1413414	1			0
Sound	H_tarson-Right-0.36	other				1423591	1			0
Sound	H_tarson_Right_0.36	other				1433768	1			0
Sound	H_tarson_Right_0.38	other				1443915	1			0
Sound	H_tarson_Right_0.4	other				1454092	1			0
Sound	H_tarson_Right_0.42	other				1464239	1			0
