Scenario - 17_March_2015
Logfile written - 02/16/2017 15:39:02

Subject	Trial	Event Type	Code	Time	TTime	Uncertainty	Duration	Uncertainty	ReqTime	ReqDur	Stim Type	Pair Index

yc22	1	Response	253	10378	20212	2
yc22	2	Picture	10	10497	0	1	20164	3	0	20000	other	0
yc22	3	Picture	10	30828	0	1	40162	3	0	40000	other	0
yc22	3	Response	251	55672	24844	1
yc22	4	Picture	10	71157	0	2	40162	4	0	40000	other	0
yc22	4	Response	252	84879	13722	1
yc22	5	Nothing	91	111321	0	1			0		other	0
yc22	6	Picture	1	141483	0	2	2000	3	0	1920	other	0
yc22	7	Sound	61	153460	0	1			0		hit	10
yc22	7	Response	251	159336	5876	2
yc22	8	Picture	123	188978	0	1	2000	2	0	1920	other	0
yc22	8	Sound	52	194777	5799	2			5800		other	0
yc22	9	Sound	63	200962	0	1			0		hit	14
yc22	9	Response	252	206327	5365	1
yc22	10	Picture	101	236640	0	1	1999	3	0	1920	other	0
yc22	11	Sound	61	248614	0	1			0		hit	17
yc22	11	Response	251	252835	4221	2
yc22	12	Picture	204	283635	0	2	2000	3	0	1920	other	0
yc22	13	Sound	64	295607	0	1			0		hit	20
yc22	13	Response	252	299918	4311	2
yc22	14	Picture	3	330630	0	1	2000	2	0	1920	other	0
yc22	15	Sound	63	342630	0	1			0		hit	23
yc22	15	Response	252	348028	5398	1
yc22	16	Picture	2	377458	0	2	2000	4	0	1920	other	0
yc22	17	Sound	62	389443	0	2			0		hit	26
yc22	17	Response	251	396712	7269	2
yc22	18	Picture	202	423787	0	1	1999	3	0	1920	other	0
yc22	19	Sound	62	435778	0	1			0		hit	29
yc22	19	Response	251	441001	5223	1
yc22	20	Picture	212	469948	0	2	2000	4	0	1920	other	0
yc22	20	Sound	51	475337	5389	1			5390		other	0
yc22	21	Sound	62	481933	0	1			0		hit	33
yc22	21	Response	251	485890	3957	2
yc22	22	Picture	21	517277	0	2	2000	3	0	1920	other	0
yc22	22	Sound	52	524396	7119	1			7120		other	0
yc22	23	Sound	61	529256	0	1			0		hit	37
yc22	23	Response	251	534964	5708	1
yc22	24	Picture	101	563772	0	2	2000	3	0	1920	other	0
yc22	25	Sound	61	575770	0	1			0		hit	40
yc22	25	Response	251	579709	3939	2
yc22	26	Picture	2	610934	0	1	2000	2	0	1920	other	0
yc22	27	Sound	62	622913	0	1			0		hit	43
yc22	27	Response	251	628394	5481	1
yc22	28	Picture	4	657429	0	2	2000	3	0	1920	other	0
yc22	29	Sound	64	669427	0	1			0		hit	46
yc22	29	Response	252	675385	5958	1
yc22	30	Picture	2	704424	0	2	2000	3	0	1920	other	0
yc22	31	Sound	62	716420	0	1			0		hit	49
yc22	31	Response	251	725824	9404	1
yc22	32	Picture	23	752086	0	1	1999	3	0	1920	other	0
yc22	32	Sound	52	757935	5849	2			5850		other	0
yc22	33	Sound	63	764072	0	1			0		hit	53
yc22	33	Response	252	773915	9843	2
yc22	34	Picture	4	799748	0	1	1999	3	0	1920	other	0
yc22	35	Sound	64	811723	0	1			0		hit	56
yc22	35	Response	252	819428	7705	1
yc22	36	Picture	113	846743	0	1	1999	3	0	1920	other	0
yc22	36	Sound	51	850122	3379	2			3380		other	0
yc22	37	Sound	63	858716	0	2			0		hit	60
yc22	37	Response	252	864316	5600	2
yc22	38	Picture	4	893404	0	2	2000	4	0	1920	other	0
yc22	39	Sound	64	905380	0	2			0		hit	63
yc22	39	Response	252	910574	5194	1
yc22	40	Picture	101	939566	0	2	2000	4	0	1920	other	0
yc22	41	Sound	61	951565	0	1			0		hit	66
yc22	41	Response	251	957006	5441	1
yc22	42	Picture	2	986228	0	2	2000	3	0	1920	other	0
yc22	43	Sound	62	998199	0	1			0		hit	69
yc22	43	Response	251	1003644	5445	2
yc22	44	Picture	103	1033390	0	1	1999	3	0	1920	other	0
yc22	45	Sound	63	1045372	0	1			0		hit	72
yc22	45	Response	252	1049888	4516	1
yc22	46	Picture	202	1080385	0	1	2000	2	0	1920	other	0
yc22	47	Sound	62	1092365	0	1			0		hit	75
yc22	47	Response	251	1096739	4374	1
yc22	48	Picture	101	1127380	0	1	2000	2	0	1920	other	0
yc22	49	Sound	61	1139358	0	1			0		hit	78
yc22	49	Response	251	1142956	3598	1
yc22	50	Picture	103	1174875	0	2	2000	3	0	1920	other	0
yc22	51	Sound	63	1186860	0	1			0		hit	81
yc22	51	Response	252	1191695	4835	2
yc22	52	Picture	24	1222037	0	1	1999	3	0	1920	other	0
yc22	52	Sound	52	1230186	8149	1			8150		other	0
yc22	53	Sound	64	1234033	0	1			0		hit	85
yc22	53	Response	252	1239042	5009	1
yc22	54	Picture	1	1268532	0	1	2000	2	0	1920	other	0
yc22	55	Sound	61	1280517	0	1			0		hit	88
yc22	55	Response	251	1285430	4913	2
yc22	56	Picture	202	1315194	0	1	1999	3	0	1920	other	0
yc22	57	Sound	62	1327181	0	1			0		incorrect	91
yc22	57	Response	252	1331061	3880	1
yc22	58	Picture	101	1362689	0	1	1999	3	0	1920	other	0
yc22	59	Sound	61	1374683	0	1			0		hit	94
yc22	59	Response	251	1378512	3829	1
yc22	60	Picture	204	1409850	0	2	2000	3	0	1920	other	0
yc22	61	Sound	64	1421826	0	1			0		hit	97
yc22	61	Response	252	1426228	4402	1
yc22	62	Picture	224	1457179	0	1	2000	2	0	1920	other	0
yc22	62	Sound	52	1465158	7979	1			7980		other	0
yc22	63	Sound	64	1469178	0	1			0		hit	101
yc22	63	Response	252	1475337	6159	1
yc22	64	Picture	103	1504674	0	1	2000	2	0	1920	other	0
yc22	65	Sound	63	1516650	0	1			0		hit	104
yc22	65	Response	252	1522303	5653	1
yc22	66	Picture	3	1551669	0	1	2000	2	0	1920	other	0
yc22	67	Sound	63	1563643	0	1			0		hit	107
yc22	67	Response	252	1568161	4518	1
yc22	68	Picture	1	1599664	0	1	2000	2	0	1920	other	0
yc22	69	Sound	61	1611654	0	1			0		hit	110
yc22	69	Response	251	1617356	5702	1
yc22	70	Picture	12	1647159	0	1	2000	2	0	1920	other	0
yc22	70	Sound	51	1651498	4339	2			4340		other	0
yc22	71	Sound	62	1659156	0	1			0		hit	114
yc22	71	Response	251	1663717	4561	2
yc22	72	Picture	4	1693654	0	2	2000	3	0	1920	other	0
yc22	73	Sound	64	1705640	0	1			0		hit	117
yc22	73	Response	252	1711890	6250	1
yc22	74	Picture	13	1739982	0	2	2000	4	0	1920	other	0
yc22	74	Sound	51	1743121	3139	2			3140		other	0
yc22	75	Sound	63	1751975	0	1			0		hit	121
yc22	75	Response	252	1757899	5924	1
yc22	76	Picture	204	1786644	0	2	2000	4	0	1920	other	0
yc22	77	Sound	64	1798639	0	1			0		hit	124
yc22	77	Response	252	1807440	8801	2
yc22	78	Picture	222	1834139	0	2	2000	3	0	1920	other	0
yc22	78	Sound	52	1840598	6459	1			6460		other	0
yc22	79	Sound	62	1846111	0	1			0		hit	128
yc22	79	Response	251	1850821	4710	1
yc22	80	Picture	3	1880801	0	2	2000	3	0	1920	other	0
yc22	81	Sound	63	1892775	0	1			0		hit	131
yc22	81	Response	252	1897057	4282	1
yc22	82	Picture	202	1928296	0	2	2000	3	0	1920	other	0
yc22	83	Sound	62	1940277	0	1			0		hit	134
yc22	83	Response	251	1945787	5510	1
yc22	84	Picture	204	1974791	0	2	2000	4	0	1920	other	0
yc22	85	Sound	64	1986791	0	1			0		hit	137
yc22	85	Response	252	1990743	3952	2
yc22	86	Picture	2	2021120	0	1	2000	2	0	1920	other	0
yc22	87	Sound	62	2033096	0	1			0		hit	140
yc22	87	Response	251	2038161	5065	1
yc22	88	Picture	121	2067282	0	1	2000	2	0	1920	other	0
yc22	88	Sound	52	2075521	8239	1			8240		other	0
yc22	89	Sound	61	2079280	0	2			0		hit	144
yc22	89	Response	251	2084781	5501	1
yc22	90	Picture	202	2114943	0	2	2000	4	0	1920	other	0
yc22	91	Sound	62	2126932	0	1			0		hit	147
yc22	91	Response	251	2131818	4886	2
yc22	92	Picture	1	2162772	0	1	1999	3	0	1920	other	0
yc22	93	Sound	61	2174763	0	2			0		hit	150
yc22	93	Response	251	2178569	3806	1
yc22	94	Picture	11	2210600	0	1	2000	2	0	1920	other	0
yc22	94	Sound	51	2215169	4569	1			4570		other	0
yc22	95	Sound	61	2222595	0	1			0		hit	154
yc22	95	Response	251	2226065	3470	1
yc22	96	Picture	3	2257428	0	2	2000	4	0	1920	other	0
yc22	97	Sound	63	2269408	0	1			0		hit	157
yc22	97	Response	252	2274632	5224	2
yc22	98	Picture	14	2305257	0	1	1999	3	0	1920	other	0
yc22	98	Sound	51	2308916	3659	2			3660		other	0
yc22	99	Sound	64	2317239	0	1			0		hit	161
yc22	99	Response	252	2322645	5406	1
yc22	100	Picture	4	2351419	0	1	1999	3	0	1920	other	0
yc22	101	Sound	64	2363394	0	2			0		hit	164
yc22	101	Response	252	2368366	4972	2
yc22	102	Picture	204	2399414	0	1	1999	3	0	1920	other	0
yc22	103	Sound	64	2411405	0	1			0		hit	167
yc22	103	Response	252	2416708	5303	1
yc22	104	Picture	214	2446909	0	1	1999	3	0	1920	other	0
yc22	104	Sound	51	2451068	4159	2			4160		other	0
yc22	105	Sound	64	2458907	0	1			0		hit	171
yc22	105	Response	252	2463806	4899	1
yc22	106	Picture	22	2493570	0	2	2000	4	0	1920	other	0
yc22	106	Sound	52	2500449	6879	1			6880		other	0
yc22	107	Sound	62	2505541	0	1			0		hit	175
yc22	107	Response	251	2509990	4449	2
yc22	108	Picture	3	2540899	0	1	1999	3	0	1920	other	0
yc22	109	Sound	63	2552893	0	2			0		hit	178
yc22	109	Response	252	2557838	4945	1
yc22	110	Picture	1	2588392	0	3	2002	4	0	1920	other	0
yc22	111	Sound	61	2600365	0	2			0		hit	181
yc22	111	Response	251	2605817	5452	1
yc22	112	Picture	101	2634722	0	2	2000	3	0	1920	other	0
yc22	113	Sound	61	2646700	0	1			0		hit	184
yc22	113	Response	251	2650903	4203	1
yc22	114	Picture	111	2682217	0	2	2000	4	0	1920	other	0
yc22	114	Sound	51	2684816	2599	1			2600		other	0
yc22	115	Sound	61	2694202	0	1			0		hit	188
yc22	115	Response	251	2698490	4288	1
yc22	116	Picture	204	2729879	0	1	2000	2	0	1920	other	0
yc22	117	Sound	64	2741854	0	1			0		hit	191
yc22	117	Response	252	2745605	3751	2
yc22	118	Picture	1	2776374	0	2	2000	3	0	1920	other	0
yc22	119	Sound	61	2788368	0	1			0		hit	194
yc22	119	Response	251	2794283	5915	2
yc22	120	Picture	4	2823536	0	2	2000	4	0	1920	other	0
yc22	121	Sound	64	2835511	0	1			0		hit	197
yc22	121	Response	252	2840213	4702	2
yc22	122	Picture	103	2870531	0	1	2000	2	0	1920	other	0
yc22	123	Sound	63	2882504	0	1			0		hit	200
yc22	123	Response	252	2888378	5874	1
yc22	124	Picture	103	2918526	0	1	2000	2	0	1920	other	0
yc22	125	Sound	63	2930514	0	2			0		hit	203
yc22	125	Response	252	2936104	5590	1
yc22	126	Picture	3	2966354	0	2	2000	4	0	1920	other	0
yc22	127	Sound	63	2978346	0	1			0		hit	206
yc22	127	Response	252	2982893	4547	2
yc22	128	Picture	2	3014016	0	2	2000	3	0	1920	other	0
yc22	129	Sound	62	3025997	0	2			0		hit	209
yc22	129	Response	251	3031236	5239	1
yc22	130	Picture	103	3062178	0	1	1999	3	0	1920	other	0
yc22	131	Sound	63	3074158	0	1			0		hit	212
yc22	131	Response	252	3081527	7369	1
yc22	132	Picture	202	3110173	0	1	1999	3	0	1920	other	0
yc22	133	Sound	62	3122169	0	1			0		hit	215
yc22	133	Response	251	3130180	8011	1
yc22	134	Response	253	3521136	363302	1


Event Type	Code	Type	Response	RT	RT Uncertainty	Time	Uncertainty	Duration	Uncertainty	ReqTime	ReqDur

Picture	10	other				10497	1	20164	3	0	20000
Picture	10	other				30828	1	40162	3	0	40000
Picture	10	other				71157	2	40162	4	0	40000
Nothing	91	other				111321	1			0
Picture	1	other				141483	2	2000	3	0	1920
Sound	61	hit	1	5876	3	153460	1			0
Picture	123	other				188978	1	2000	2	0	1920
Sound	52	other				194777	2			5800
Sound	63	hit	2	5365	2	200962	1			0
Picture	101	other				236640	1	1999	3	0	1920
Sound	61	hit	1	4221	3	248614	1			0
Picture	204	other				283635	2	2000	3	0	1920
Sound	64	hit	2	4311	3	295607	1			0
Picture	3	other				330630	1	2000	2	0	1920
Sound	63	hit	2	5398	2	342630	1			0
Picture	2	other				377458	2	2000	4	0	1920
Sound	62	hit	1	7269	4	389443	2			0
Picture	202	other				423787	1	1999	3	0	1920
Sound	62	hit	1	5223	2	435778	1			0
Picture	212	other				469948	2	2000	4	0	1920
Sound	51	other				475337	1			5390
Sound	62	hit	1	3957	3	481933	1			0
Picture	21	other				517277	2	2000	3	0	1920
Sound	52	other				524396	1			7120
Sound	61	hit	1	5708	2	529256	1			0
Picture	101	other				563772	2	2000	3	0	1920
Sound	61	hit	1	3939	3	575770	1			0
Picture	2	other				610934	1	2000	2	0	1920
Sound	62	hit	1	5481	2	622913	1			0
Picture	4	other				657429	2	2000	3	0	1920
Sound	64	hit	2	5958	2	669427	1			0
Picture	2	other				704424	2	2000	3	0	1920
Sound	62	hit	1	9404	2	716420	1			0
Picture	23	other				752086	1	1999	3	0	1920
Sound	52	other				757935	2			5850
Sound	63	hit	2	9843	3	764072	1			0
Picture	4	other				799748	1	1999	3	0	1920
Sound	64	hit	2	7705	2	811723	1			0
Picture	113	other				846743	1	1999	3	0	1920
Sound	51	other				850122	2			3380
Sound	63	hit	2	5600	4	858716	2			0
Picture	4	other				893404	2	2000	4	0	1920
Sound	64	hit	2	5194	3	905380	2			0
Picture	101	other				939566	2	2000	4	0	1920
Sound	61	hit	1	5441	2	951565	1			0
Picture	2	other				986228	2	2000	3	0	1920
Sound	62	hit	1	5445	3	998199	1			0
Picture	103	other				1033390	1	1999	3	0	1920
Sound	63	hit	2	4516	2	1045372	1			0
Picture	202	other				1080385	1	2000	2	0	1920
Sound	62	hit	1	4374	2	1092365	1			0
Picture	101	other				1127380	1	2000	2	0	1920
Sound	61	hit	1	3598	2	1139358	1			0
Picture	103	other				1174875	2	2000	3	0	1920
Sound	63	hit	2	4835	3	1186860	1			0
Picture	24	other				1222037	1	1999	3	0	1920
Sound	52	other				1230186	1			8150
Sound	64	hit	2	5009	2	1234033	1			0
Picture	1	other				1268532	1	2000	2	0	1920
Sound	61	hit	1	4913	3	1280517	1			0
Picture	202	other				1315194	1	1999	3	0	1920
Sound	62	incorrect	2	3880	2	1327181	1			0
Picture	101	other				1362689	1	1999	3	0	1920
Sound	61	hit	1	3829	2	1374683	1			0
Picture	204	other				1409850	2	2000	3	0	1920
Sound	64	hit	2	4402	2	1421826	1			0
Picture	224	other				1457179	1	2000	2	0	1920
Sound	52	other				1465158	1			7980
Sound	64	hit	2	6159	2	1469178	1			0
Picture	103	other				1504674	1	2000	2	0	1920
Sound	63	hit	2	5653	2	1516650	1			0
Picture	3	other				1551669	1	2000	2	0	1920
Sound	63	hit	2	4518	2	1563643	1			0
Picture	1	other				1599664	1	2000	2	0	1920
Sound	61	hit	1	5702	2	1611654	1			0
Picture	12	other				1647159	1	2000	2	0	1920
Sound	51	other				1651498	2			4340
Sound	62	hit	1	4561	3	1659156	1			0
Picture	4	other				1693654	2	2000	3	0	1920
Sound	64	hit	2	6250	2	1705640	1			0
Picture	13	other				1739982	2	2000	4	0	1920
Sound	51	other				1743121	2			3140
Sound	63	hit	2	5924	2	1751975	1			0
Picture	204	other				1786644	2	2000	4	0	1920
Sound	64	hit	2	8801	3	1798639	1			0
Picture	222	other				1834139	2	2000	3	0	1920
Sound	52	other				1840598	1			6460
Sound	62	hit	1	4710	2	1846111	1			0
Picture	3	other				1880801	2	2000	3	0	1920
Sound	63	hit	2	4282	2	1892775	1			0
Picture	202	other				1928296	2	2000	3	0	1920
Sound	62	hit	1	5510	2	1940277	1			0
Picture	204	other				1974791	2	2000	4	0	1920
Sound	64	hit	2	3952	3	1986791	1			0
Picture	2	other				2021120	1	2000	2	0	1920
Sound	62	hit	1	5065	2	2033096	1			0
Picture	121	other				2067282	1	2000	2	0	1920
Sound	52	other				2075521	1			8240
Sound	61	hit	1	5501	3	2079280	2			0
Picture	202	other				2114943	2	2000	4	0	1920
Sound	62	hit	1	4886	3	2126932	1			0
Picture	1	other				2162772	1	1999	3	0	1920
Sound	61	hit	1	3806	3	2174763	2			0
Picture	11	other				2210600	1	2000	2	0	1920
Sound	51	other				2215169	1			4570
Sound	61	hit	1	3470	2	2222595	1			0
Picture	3	other				2257428	2	2000	4	0	1920
Sound	63	hit	2	5224	3	2269408	1			0
Picture	14	other				2305257	1	1999	3	0	1920
Sound	51	other				2308916	2			3660
Sound	64	hit	2	5406	2	2317239	1			0
Picture	4	other				2351419	1	1999	3	0	1920
Sound	64	hit	2	4972	4	2363394	2			0
Picture	204	other				2399414	1	1999	3	0	1920
Sound	64	hit	2	5303	2	2411405	1			0
Picture	214	other				2446909	1	1999	3	0	1920
Sound	51	other				2451068	2			4160
Sound	64	hit	2	4899	2	2458907	1			0
Picture	22	other				2493570	2	2000	4	0	1920
Sound	52	other				2500449	1			6880
Sound	62	hit	1	4449	3	2505541	1			0
Picture	3	other				2540899	1	1999	3	0	1920
Sound	63	hit	2	4945	3	2552893	2			0
Picture	1	other				2588392	3	2002	4	0	1920
Sound	61	hit	1	5452	3	2600365	2			0
Picture	101	other				2634722	2	2000	3	0	1920
Sound	61	hit	1	4203	2	2646700	1			0
Picture	111	other				2682217	2	2000	4	0	1920
Sound	51	other				2684816	1			2600
Sound	61	hit	1	4288	2	2694202	1			0
Picture	204	other				2729879	1	2000	2	0	1920
Sound	64	hit	2	3751	3	2741854	1			0
Picture	1	other				2776374	2	2000	3	0	1920
Sound	61	hit	1	5915	3	2788368	1			0
Picture	4	other				2823536	2	2000	4	0	1920
Sound	64	hit	2	4702	3	2835511	1			0
Picture	103	other				2870531	1	2000	2	0	1920
Sound	63	hit	2	5874	2	2882504	1			0
Picture	103	other				2918526	1	2000	2	0	1920
Sound	63	hit	2	5590	3	2930514	2			0
Picture	3	other				2966354	2	2000	4	0	1920
Sound	63	hit	2	4547	3	2978346	1			0
Picture	2	other				3014016	2	2000	3	0	1920
Sound	62	hit	1	5239	3	3025997	2			0
Picture	103	other				3062178	1	1999	3	0	1920
Sound	63	hit	2	7369	2	3074158	1			0
Picture	202	other				3110173	1	1999	3	0	1920
Sound	62	hit	1	8011	2	3122169	1			0
