Scenario - 17_March_2015
Logfile written - 02/16/2017 15:08:51

Subject	Trial	Event Type	Code	Time	TTime	Uncertainty	Duration	Uncertainty	ReqTime	ReqDur	Stim Type	Pair Index

yc22	1	Response	253	14781	24615	1
yc22	2	Picture	10	14830	0	1	20164	3	0	20000	other	0
yc22	3	Picture	10	35161	0	2	40162	4	0	40000	other	0
yc22	3	Response	251	61428	26267	2
yc22	4	Picture	10	75489	0	3	40163	5	0	40000	other	0
yc22	4	Response	252	91763	16274	1
yc22	5	Nothing	91	115654	0	1			0		other	0
yc22	6	Picture	103	145816	0	1	2000	2	0	1920	other	0
yc22	7	Sound	63	157800	0	1			0		hit	10
yc22	7	Response	252	166580	8780	1
yc22	8	Picture	202	192144	0	2	2000	4	0	1920	other	0
yc22	9	Sound	62	204135	0	1			0		hit	13
yc22	9	Response	251	209066	4931	1
yc22	10	Picture	204	238306	0	2	2000	4	0	1920	other	0
yc22	11	Sound	64	250290	0	1			0		hit	16
yc22	11	Response	252	256153	5863	1
yc22	12	Picture	111	286135	0	1	1999	3	0	1920	other	0
yc22	12	Sound	51	290474	4339	2			4340		other	0
yc22	13	Sound	61	298121	0	1			0		hit	20
yc22	13	Response	251	303636	5515	1
yc22	14	Picture	222	333963	0	2	2000	3	0	1920	other	0
yc22	14	Sound	52	340764	6801	1			6800		other	0
yc22	15	Sound	62	345952	0	1			0		hit	24
yc22	15	Response	251	351475	5523	1
yc22	16	Picture	3	380291	0	2	2000	4	0	1920	other	0
yc22	17	Sound	63	392287	0	1			0		hit	27
yc22	17	Response	252	398311	6024	1
yc22	18	Picture	103	427453	0	2	2000	3	0	1920	other	0
yc22	19	Sound	63	439429	0	2			0		hit	30
yc22	19	Response	252	444633	5204	2
yc22	20	Picture	202	474448	0	2	2000	4	0	1920	other	0
yc22	21	Sound	62	486423	0	1			0		hit	33
yc22	21	Response	251	491643	5220	1
yc22	22	Picture	3	522277	0	1	1999	3	0	1920	other	0
yc22	23	Sound	63	534254	0	1			0		hit	36
yc22	23	Response	252	537885	3631	1
yc22	24	Picture	1	568772	0	1	2000	2	0	1920	other	0
yc22	25	Sound	61	580768	0	1			0		hit	39
yc22	25	Response	251	586071	5303	1
yc22	26	Picture	23	616434	0	1	1999	3	0	1920	other	0
yc22	26	Sound	52	624474	8040	1			8040		other	0
yc22	27	Sound	63	628420	0	1			0		hit	43
yc22	27	Response	252	635963	7543	1
yc22	28	Picture	12	663595	0	2	2000	3	0	1920	other	0
yc22	28	Sound	51	668204	4609	1			4610		other	0
yc22	29	Sound	62	675592	0	2			0		hit	47
yc22	29	Response	251	680358	4766	2
yc22	30	Picture	4	710757	0	1	2000	2	0	1920	other	0
yc22	31	Sound	64	722735	0	1			0		hit	50
yc22	31	Response	252	730584	7849	1
yc22	32	Picture	1	757585	0	2	2000	3	0	1920	other	0
yc22	33	Sound	61	769579	0	1			0		hit	53
yc22	33	Response	251	773872	4293	2
yc22	34	Picture	2	805080	0	3	2000	5	0	1920	other	0
yc22	35	Sound	62	817051	0	1			0		hit	56
yc22	35	Response	251	821515	4464	1
yc22	36	Picture	202	852076	0	1	1999	3	0	1920	other	0
yc22	37	Sound	62	864074	0	1			0		hit	59
yc22	37	Response	251	871653	7579	1
yc22	38	Picture	11	899904	0	1	2000	2	0	1920	other	0
yc22	38	Sound	51	904053	4149	2			4150		other	0
yc22	39	Sound	61	911875	0	1			0		hit	63
yc22	39	Response	251	916244	4369	1
yc22	40	Picture	1	947732	0	1	2000	2	0	1920	other	0
yc22	41	Sound	61	959706	0	1			0		hit	66
yc22	41	Response	251	964298	4592	1
yc22	42	Picture	2	994894	0	1	2000	2	0	1920	other	0
yc22	43	Sound	62	1006879	0	1			0		hit	69
yc22	43	Response	251	1014649	7770	2
yc22	44	Picture	24	1041056	0	1	1999	3	0	1920	other	0
yc22	44	Sound	52	1047295	6239	2			6240		other	0
yc22	45	Sound	64	1053034	0	1			0		hit	73
yc22	45	Response	252	1058179	5145	1
yc22	46	Picture	14	1087384	0	2	2000	3	0	1920	other	0
yc22	46	Sound	51	1090153	2769	1			2770		other	0
yc22	47	Sound	64	1099369	0	1			0		hit	77
yc22	47	Response	252	1105882	6513	1
yc22	48	Picture	4	1135379	0	2	2000	3	0	1920	other	0
yc22	49	Sound	64	1147349	0	2			0		hit	80
yc22	49	Response	252	1152747	5398	1
yc22	50	Picture	101	1182208	0	1	1999	3	0	1920	other	0
yc22	51	Sound	61	1194193	0	1			0		hit	83
yc22	51	Response	251	1199181	4988	2
yc22	52	Picture	204	1230036	0	1	2000	2	0	1920	other	0
yc22	53	Sound	64	1242024	0	1			0		hit	86
yc22	53	Response	252	1247115	5091	1
yc22	54	Picture	101	1278031	0	1	2000	2	0	1920	other	0
yc22	55	Sound	61	1290005	0	1			0		hit	89
yc22	55	Response	251	1295216	5211	1
yc22	56	Picture	1	1325359	0	2	2000	3	0	1920	other	0
yc22	57	Sound	61	1337357	0	1			0		hit	92
yc22	57	Response	251	1342064	4707	1
yc22	58	Picture	21	1372188	0	1	1999	3	0	1920	other	0
yc22	58	Sound	52	1379887	7699	2			7700		other	0
yc22	59	Sound	61	1384171	0	1			0		hit	96
yc22	59	Response	251	1389111	4940	1
yc22	60	Picture	113	1420016	0	2	2000	3	0	1920	other	0
yc22	60	Sound	51	1422605	2589	2			2590		other	0
yc22	61	Sound	63	1432002	0	1			0		hit	100
yc22	61	Response	252	1436633	4631	1
yc22	62	Picture	103	1466678	0	1	2000	2	0	1920	other	0
yc22	63	Sound	63	1478666	0	1			0		hit	103
yc22	63	Response	252	1484349	5683	1
yc22	64	Picture	204	1513673	0	1	2000	2	0	1920	other	0
yc22	65	Sound	64	1525659	0	1			0		hit	106
yc22	65	Response	252	1531445	5786	1
yc22	66	Picture	202	1560501	0	2	2000	3	0	1920	other	0
yc22	67	Sound	62	1572473	0	1			0		hit	109
yc22	67	Response	251	1576659	4186	2
yc22	68	Picture	4	1608330	0	1	1999	3	0	1920	other	0
yc22	69	Sound	64	1620304	0	1			0		hit	112
yc22	69	Response	252	1628197	7893	1
yc22	70	Picture	103	1656325	0	1	1999	3	0	1920	other	0
yc22	71	Sound	63	1668314	0	2			0		hit	115
yc22	71	Response	252	1672679	4365	1
yc22	72	Picture	4	1704319	0	2	2000	4	0	1920	other	0
yc22	73	Sound	64	1716295	0	2			0		hit	118
yc22	73	Response	252	1720863	4568	2
yc22	74	Picture	13	1751481	0	2	2000	4	0	1920	other	0
yc22	74	Sound	51	1756820	5339	2			5340		other	0
yc22	75	Sound	63	1763468	0	1			0		hit	122
yc22	75	Response	252	1768272	4804	1
yc22	76	Picture	123	1799310	0	1	1999	3	0	1920	other	0
yc22	76	Sound	52	1806789	7479	2			7480		other	0
yc22	77	Sound	63	1811299	0	1			0		hit	126
yc22	77	Response	252	1818397	7098	1
yc22	78	Picture	204	1845638	0	2	2000	4	0	1920	other	0
yc22	79	Sound	64	1857634	0	1			0		hit	129
yc22	79	Response	252	1863192	5558	1
yc22	80	Picture	22	1892300	0	2	2000	3	0	1920	other	0
yc22	80	Sound	52	1899309	7009	2			7010		other	0
yc22	81	Sound	62	1904298	0	1			0		hit	133
yc22	81	Response	251	1909638	5340	1
yc22	82	Picture	3	1939462	0	1	2000	2	0	1920	other	0
yc22	83	Sound	63	1951441	0	1			0		hit	136
yc22	83	Response	252	1956668	5227	2
yc22	84	Picture	3	1987456	0	2	2001	3	0	1920	other	0
yc22	85	Sound	63	1999451	0	2			0		hit	139
yc22	85	Response	252	2008728	9277	1
yc22	86	Picture	103	2035118	0	2	2000	4	0	1920	other	0
yc22	87	Sound	63	2047103	0	1			0		hit	142
yc22	87	Response	252	2051448	4345	2
yc22	88	Picture	4	2082113	0	2	2000	3	0	1920	other	0
yc22	89	Sound	64	2094096	0	1			0		hit	145
yc22	89	Response	252	2098098	4002	1
yc22	90	Picture	2	2128442	0	1	2000	2	0	1920	other	0
yc22	91	Sound	62	2140431	0	1			0		hit	148
yc22	91	Response	251	2144542	4111	2
yc22	92	Picture	202	2175603	0	2	2001	3	0	1920	other	0
yc22	93	Sound	62	2187573	0	2			0		hit	151
yc22	93	Response	251	2192286	4713	2
yc22	94	Picture	121	2222099	0	1	2000	2	0	1920	other	0
yc22	94	Sound	52	2227828	5729	1			5730		other	0
yc22	95	Sound	61	2234088	0	1			0		hit	155
yc22	95	Response	251	2239882	5794	2
yc22	96	Picture	101	2269760	0	2	2000	4	0	1920	other	0
yc22	97	Sound	61	2281739	0	1			0		hit	158
yc22	97	Response	251	2285397	3658	1
yc22	98	Picture	2	2316755	0	2	2000	4	0	1920	other	0
yc22	99	Sound	62	2328732	0	2			0		hit	161
yc22	99	Response	251	2334189	5457	2
yc22	100	Picture	212	2364917	0	2	2000	3	0	1920	other	0
yc22	100	Sound	51	2369946	5029	2			5030		other	0
yc22	101	Sound	62	2376893	0	1			0		hit	165
yc22	101	Response	251	2380891	3998	1
yc22	102	Picture	2	2411079	0	1	2000	2	0	1920	other	0
yc22	103	Sound	62	2423078	0	1			0		hit	168
yc22	103	Response	251	2428298	5220	1
yc22	104	Picture	4	2458074	0	2	2000	3	0	1920	other	0
yc22	105	Sound	64	2470071	0	1			0		hit	171
yc22	105	Response	252	2475503	5432	2
yc22	106	Picture	224	2506236	0	1	1999	3	0	1920	other	0
yc22	106	Sound	52	2512666	6430	1			6430		other	0
yc22	107	Sound	64	2518232	0	1			0		hit	175
yc22	107	Response	252	2522848	4616	1
yc22	108	Picture	2	2552731	0	1	2000	2	0	1920	other	0
yc22	109	Sound	62	2564716	0	1			0		hit	178
yc22	109	Response	251	2571322	6606	1
yc22	110	Picture	204	2600059	0	2	2000	3	0	1920	other	0
yc22	111	Sound	64	2612038	0	1			0		hit	181
yc22	111	Response	252	2619169	7131	1
yc22	112	Picture	101	2647554	0	2	2000	4	0	1920	other	0
yc22	113	Sound	61	2659540	0	1			0		hit	184
yc22	113	Response	251	2670230	10690	1
yc22	114	Picture	214	2695382	0	2	2000	4	0	1920	other	0
yc22	114	Sound	51	2698171	2789	1			2790		other	0
yc22	115	Sound	64	2707371	0	2			0		hit	188
yc22	115	Response	252	2711303	3932	2
yc22	116	Picture	202	2742044	0	2	2000	3	0	1920	other	0
yc22	117	Sound	62	2754035	0	1			0		hit	191
yc22	117	Response	251	2759536	5501	2
yc22	118	Picture	3	2789039	0	2	2000	3	0	1920	other	0
yc22	119	Sound	63	2801028	0	1			0		hit	194
yc22	119	Response	252	2805268	4240	2
yc22	120	Picture	1	2836368	0	1	1999	3	0	1920	other	0
yc22	121	Sound	61	2848351	0	1			0		hit	197
yc22	121	Response	251	2854238	5887	2
yc22	122	Picture	1	2883696	0	2	2000	3	0	1920	other	0
yc22	123	Sound	61	2895673	0	1			0		hit	200
yc22	123	Response	251	2901723	6050	2
yc22	124	Picture	3	2931024	0	2	2000	4	0	1920	other	0
yc22	125	Sound	63	2942995	0	1			0		hit	203
yc22	125	Response	252	2948825	5830	1
yc22	126	Picture	204	2977520	0	1	1999	3	0	1920	other	0
yc22	127	Sound	64	2989510	0	1			0		hit	206
yc22	127	Response	252	2994938	5428	2
yc22	128	Picture	101	3023681	0	2	2000	4	0	1920	other	0
yc22	129	Sound	61	3035665	0	1			0		hit	209
yc22	129	Response	251	3040730	5065	2
yc22	130	Picture	103	3069843	0	2	2000	4	0	1920	other	0
yc22	131	Sound	63	3081820	0	1			0		hit	212
yc22	131	Response	252	3087301	5481	1
yc22	132	Picture	101	3117838	0	2	2000	4	0	1920	other	0
yc22	133	Sound	61	3129830	0	2			0		hit	215
yc22	133	Response	251	3134527	4697	1
yc22	134	Response	253	3478659	314326	2


Event Type	Code	Type	Response	RT	RT Uncertainty	Time	Uncertainty	Duration	Uncertainty	ReqTime	ReqDur

Picture	10	other				14830	1	20164	3	0	20000
Picture	10	other				35161	2	40162	4	0	40000
Picture	10	other				75489	3	40163	5	0	40000
Nothing	91	other				115654	1			0
Picture	103	other				145816	1	2000	2	0	1920
Sound	63	hit	2	8780	2	157800	1			0
Picture	202	other				192144	2	2000	4	0	1920
Sound	62	hit	1	4931	2	204135	1			0
Picture	204	other				238306	2	2000	4	0	1920
Sound	64	hit	2	5863	2	250290	1			0
Picture	111	other				286135	1	1999	3	0	1920
Sound	51	other				290474	2			4340
Sound	61	hit	1	5515	2	298121	1			0
Picture	222	other				333963	2	2000	3	0	1920
Sound	52	other				340764	1			6800
Sound	62	hit	1	5523	2	345952	1			0
Picture	3	other				380291	2	2000	4	0	1920
Sound	63	hit	2	6024	2	392287	1			0
Picture	103	other				427453	2	2000	3	0	1920
Sound	63	hit	2	5204	4	439429	2			0
Picture	202	other				474448	2	2000	4	0	1920
Sound	62	hit	1	5220	2	486423	1			0
Picture	3	other				522277	1	1999	3	0	1920
Sound	63	hit	2	3631	2	534254	1			0
Picture	1	other				568772	1	2000	2	0	1920
Sound	61	hit	1	5303	2	580768	1			0
Picture	23	other				616434	1	1999	3	0	1920
Sound	52	other				624474	1			8040
Sound	63	hit	2	7543	2	628420	1			0
Picture	12	other				663595	2	2000	3	0	1920
Sound	51	other				668204	1			4610
Sound	62	hit	1	4766	4	675592	2			0
Picture	4	other				710757	1	2000	2	0	1920
Sound	64	hit	2	7849	2	722735	1			0
Picture	1	other				757585	2	2000	3	0	1920
Sound	61	hit	1	4293	3	769579	1			0
Picture	2	other				805080	3	2000	5	0	1920
Sound	62	hit	1	4464	2	817051	1			0
Picture	202	other				852076	1	1999	3	0	1920
Sound	62	hit	1	7579	2	864074	1			0
Picture	11	other				899904	1	2000	2	0	1920
Sound	51	other				904053	2			4150
Sound	61	hit	1	4369	2	911875	1			0
Picture	1	other				947732	1	2000	2	0	1920
Sound	61	hit	1	4592	2	959706	1			0
Picture	2	other				994894	1	2000	2	0	1920
Sound	62	hit	1	7770	3	1006879	1			0
Picture	24	other				1041056	1	1999	3	0	1920
Sound	52	other				1047295	2			6240
Sound	64	hit	2	5145	2	1053034	1			0
Picture	14	other				1087384	2	2000	3	0	1920
Sound	51	other				1090153	1			2770
Sound	64	hit	2	6513	2	1099369	1			0
Picture	4	other				1135379	2	2000	3	0	1920
Sound	64	hit	2	5398	3	1147349	2			0
Picture	101	other				1182208	1	1999	3	0	1920
Sound	61	hit	1	4988	3	1194193	1			0
Picture	204	other				1230036	1	2000	2	0	1920
Sound	64	hit	2	5091	2	1242024	1			0
Picture	101	other				1278031	1	2000	2	0	1920
Sound	61	hit	1	5211	2	1290005	1			0
Picture	1	other				1325359	2	2000	3	0	1920
Sound	61	hit	1	4707	2	1337357	1			0
Picture	21	other				1372188	1	1999	3	0	1920
Sound	52	other				1379887	2			7700
Sound	61	hit	1	4940	2	1384171	1			0
Picture	113	other				1420016	2	2000	3	0	1920
Sound	51	other				1422605	2			2590
Sound	63	hit	2	4631	2	1432002	1			0
Picture	103	other				1466678	1	2000	2	0	1920
Sound	63	hit	2	5683	2	1478666	1			0
Picture	204	other				1513673	1	2000	2	0	1920
Sound	64	hit	2	5786	2	1525659	1			0
Picture	202	other				1560501	2	2000	3	0	1920
Sound	62	hit	1	4186	3	1572473	1			0
Picture	4	other				1608330	1	1999	3	0	1920
Sound	64	hit	2	7893	2	1620304	1			0
Picture	103	other				1656325	1	1999	3	0	1920
Sound	63	hit	2	4365	3	1668314	2			0
Picture	4	other				1704319	2	2000	4	0	1920
Sound	64	hit	2	4568	4	1716295	2			0
Picture	13	other				1751481	2	2000	4	0	1920
Sound	51	other				1756820	2			5340
Sound	63	hit	2	4804	2	1763468	1			0
Picture	123	other				1799310	1	1999	3	0	1920
Sound	52	other				1806789	2			7480
Sound	63	hit	2	7098	2	1811299	1			0
Picture	204	other				1845638	2	2000	4	0	1920
Sound	64	hit	2	5558	2	1857634	1			0
Picture	22	other				1892300	2	2000	3	0	1920
Sound	52	other				1899309	2			7010
Sound	62	hit	1	5340	2	1904298	1			0
Picture	3	other				1939462	1	2000	2	0	1920
Sound	63	hit	2	5227	3	1951441	1			0
Picture	3	other				1987456	2	2001	3	0	1920
Sound	63	hit	2	9277	3	1999451	2			0
Picture	103	other				2035118	2	2000	4	0	1920
Sound	63	hit	2	4345	3	2047103	1			0
Picture	4	other				2082113	2	2000	3	0	1920
Sound	64	hit	2	4002	2	2094096	1			0
Picture	2	other				2128442	1	2000	2	0	1920
Sound	62	hit	1	4111	3	2140431	1			0
Picture	202	other				2175603	2	2001	3	0	1920
Sound	62	hit	1	4713	4	2187573	2			0
Picture	121	other				2222099	1	2000	2	0	1920
Sound	52	other				2227828	1			5730
Sound	61	hit	1	5794	3	2234088	1			0
Picture	101	other				2269760	2	2000	4	0	1920
Sound	61	hit	1	3658	2	2281739	1			0
Picture	2	other				2316755	2	2000	4	0	1920
Sound	62	hit	1	5457	4	2328732	2			0
Picture	212	other				2364917	2	2000	3	0	1920
Sound	51	other				2369946	2			5030
Sound	62	hit	1	3998	2	2376893	1			0
Picture	2	other				2411079	1	2000	2	0	1920
Sound	62	hit	1	5220	2	2423078	1			0
Picture	4	other				2458074	2	2000	3	0	1920
Sound	64	hit	2	5432	3	2470071	1			0
Picture	224	other				2506236	1	1999	3	0	1920
Sound	52	other				2512666	1			6430
Sound	64	hit	2	4616	2	2518232	1			0
Picture	2	other				2552731	1	2000	2	0	1920
Sound	62	hit	1	6606	2	2564716	1			0
Picture	204	other				2600059	2	2000	3	0	1920
Sound	64	hit	2	7131	2	2612038	1			0
Picture	101	other				2647554	2	2000	4	0	1920
Sound	61	hit	1	10690	2	2659540	1			0
Picture	214	other				2695382	2	2000	4	0	1920
Sound	51	other				2698171	1			2790
Sound	64	hit	2	3932	4	2707371	2			0
Picture	202	other				2742044	2	2000	3	0	1920
Sound	62	hit	1	5501	3	2754035	1			0
Picture	3	other				2789039	2	2000	3	0	1920
Sound	63	hit	2	4240	3	2801028	1			0
Picture	1	other				2836368	1	1999	3	0	1920
Sound	61	hit	1	5887	3	2848351	1			0
Picture	1	other				2883696	2	2000	3	0	1920
Sound	61	hit	1	6050	3	2895673	1			0
Picture	3	other				2931024	2	2000	4	0	1920
Sound	63	hit	2	5830	2	2942995	1			0
Picture	204	other				2977520	1	1999	3	0	1920
Sound	64	hit	2	5428	3	2989510	1			0
Picture	101	other				3023681	2	2000	4	0	1920
Sound	61	hit	1	5065	3	3035665	1			0
Picture	103	other				3069843	2	2000	4	0	1920
Sound	63	hit	2	5481	2	3081820	1			0
Picture	101	other				3117838	2	2000	4	0	1920
Sound	61	hit	1	4697	3	3129830	2			0

The following output port codes were not sent because of a conflict on the port.
Port	Code	Time(ms)
1	90	1483
