Scenario - 17_March_2015
Logfile written - 02/16/2017 16:07:48

Subject	Trial	Event Type	Code	Time	TTime	Uncertainty	Duration	Uncertainty	ReqTime	ReqDur	Stim Type	Pair Index

yc22	1	Response	253	12425	22258	2
yc22	2	Picture	10	12497	0	1	20164	3	0	20000	other	0
yc22	3	Picture	10	32828	0	1	40162	3	0	40000	other	0
yc22	3	Response	251	49626	16798	1
yc22	4	Picture	10	73157	0	1	40162	3	0	40000	other	0
yc22	4	Response	252	86186	13029	1
yc22	5	Nothing	91	113321	0	1			0		other	0
yc22	6	Picture	204	143483	0	1	2000	2	0	1920	other	0
yc22	7	Sound	64	155465	0	1			0		hit	10
yc22	7	Response	252	159739	4274	1
yc22	8	Picture	202	190145	0	1	2000	2	0	1920	other	0
yc22	9	Sound	62	202129	0	1			0		hit	13
yc22	9	Response	251	206177	4048	1
yc22	10	Picture	111	237973	0	2	2000	3	0	1920	other	0
yc22	10	Sound	51	242072	4099	2			4100		other	0
yc22	11	Sound	61	249960	0	2			0		hit	17
yc22	11	Response	251	255153	5193	1
yc22	12	Picture	204	284135	0	1	2000	2	0	1920	other	0
yc22	13	Sound	64	296115	0	2			0		hit	20
yc22	13	Response	252	300290	4175	1
yc22	14	Picture	113	332130	0	1	2000	3	0	1920	other	0
yc22	14	Sound	51	336969	4839	1			4840		other	0
yc22	15	Sound	63	344126	0	1			0		hit	24
yc22	15	Response	252	348187	4061	1
yc22	16	Picture	202	378958	0	2	2000	3	0	1920	other	0
yc22	17	Sound	62	390940	0	1			0		hit	27
yc22	17	Response	251	396309	5369	2
yc22	18	Picture	12	426287	0	1	1999	3	0	1920	other	0
yc22	18	Sound	51	430026	3739	1			3740		other	0
yc22	19	Sound	62	438262	0	1			0		hit	31
yc22	19	Response	251	443068	4806	1
yc22	20	Picture	4	472782	0	1	2000	2	0	1920	other	0
yc22	21	Sound	64	484776	0	2			0		hit	34
yc22	21	Response	252	489584	4808	1
yc22	22	Picture	4	520443	0	2	2000	4	0	1920	other	0
yc22	23	Sound	64	532428	0	1			0		hit	37
yc22	23	Response	252	536778	4350	1
yc22	24	Picture	23	567772	0	2	2000	3	0	1920	other	0
yc22	24	Sound	52	573921	6149	1			6150		other	0
yc22	25	Sound	63	579750	0	1			0		hit	41
yc22	25	Response	252	584507	4757	1
yc22	26	Picture	3	615267	0	1	2000	2	0	1920	other	0
yc22	27	Sound	63	627252	0	2			0		hit	44
yc22	27	Response	252	632279	5027	2
yc22	28	Picture	1	661762	0	2	2000	3	0	1920	other	0
yc22	29	Sound	61	673736	0	2			0		hit	47
yc22	29	Response	251	676915	3179	1
yc22	30	Picture	2	708091	0	1	1999	3	0	1920	other	0
yc22	31	Sound	62	720071	0	1			0		hit	50
yc22	31	Response	251	724830	4759	2
yc22	32	Picture	101	755086	0	1	1999	3	0	1920	other	0
yc22	33	Sound	61	767064	0	1			0		hit	53
yc22	33	Response	251	770995	3931	1
yc22	34	Picture	4	801247	0	2	2000	4	0	1920	other	0
yc22	35	Sound	64	813219	0	1			0		hit	56
yc22	35	Response	252	819675	6456	1
yc22	36	Picture	4	848576	0	1	1999	3	0	1920	other	0
yc22	37	Sound	64	860572	0	1			0		hit	59
yc22	37	Response	252	865687	5115	1
yc22	38	Picture	1	895571	0	1	2000	2	0	1920	other	0
yc22	39	Sound	61	907565	0	1			0		hit	62
yc22	39	Response	251	913827	6262	1
yc22	40	Picture	1	942066	0	2	2000	3	0	1920	other	0
yc22	41	Sound	61	954049	0	1			0		hit	65
yc22	41	Response	251	958693	4644	1
yc22	42	Picture	101	989394	0	2	2000	4	0	1920	other	0
yc22	43	Sound	61	1001371	0	2			0		hit	68
yc22	43	Response	251	1006990	5619	1
yc22	44	Picture	101	1036223	0	1	2000	2	0	1920	other	0
yc22	45	Sound	61	1048215	0	1			0		hit	71
yc22	45	Response	251	1052809	4594	2
yc22	46	Picture	2	1082551	0	2	2000	4	0	1920	other	0
yc22	47	Sound	62	1094549	0	2			0		hit	74
yc22	47	Response	251	1099501	4952	1
yc22	48	Picture	204	1128880	0	1	2000	2	0	1920	other	0
yc22	49	Sound	64	1140854	0	1			0		hit	77
yc22	49	Response	252	1145850	4996	2
yc22	50	Picture	24	1175542	0	1	1999	3	0	1920	other	0
yc22	50	Sound	52	1182561	7019	2			7020		other	0
yc22	51	Sound	64	1187518	0	1			0		hit	81
yc22	51	Response	252	1191989	4471	1
yc22	52	Picture	4	1222037	0	1	2000	2	0	1920	other	0
yc22	53	Sound	64	1234032	0	1			0		hit	84
yc22	53	Response	252	1240436	6404	1
yc22	54	Picture	224	1269865	0	2	2000	3	0	1920	other	0
yc22	54	Sound	52	1275594	5729	2			5730		other	0
yc22	55	Sound	64	1281863	0	2			0		hit	88
yc22	55	Response	252	1286262	4399	1
yc22	56	Picture	1	1317027	0	1	2000	2	0	1920	other	0
yc22	57	Sound	61	1329006	0	1			0		hit	91
yc22	57	Response	251	1334279	5273	2
yc22	58	Picture	212	1364189	0	1	1999	3	0	1920	other	0
yc22	58	Sound	51	1367298	3109	2			3110		other	0
yc22	59	Sound	62	1376179	0	1			0		hit	95
yc22	59	Response	251	1382240	6061	1
yc22	60	Picture	13	1411850	0	2	2000	3	0	1920	other	0
yc22	60	Sound	51	1415550	3700	1			3700		other	0
yc22	61	Sound	63	1423830	0	2			0		hit	99
yc22	61	Response	252	1427554	3724	1
yc22	62	Picture	202	1458345	0	2	2000	4	0	1920	other	0
yc22	63	Sound	62	1470345	0	1			0		hit	102
yc22	63	Response	251	1478821	8476	2
yc22	64	Picture	204	1505674	0	1	2000	2	0	1920	other	0
yc22	65	Sound	64	1517667	0	1			0		hit	105
yc22	65	Response	252	1522137	4470	1
yc22	66	Picture	1	1552169	0	2	2000	3	0	1920	other	0
yc22	67	Sound	61	1564151	0	2			0		hit	108
yc22	67	Response	251	1570312	6161	1
yc22	68	Picture	22	1598498	0	1	1999	3	0	1920	other	0
yc22	68	Sound	52	1604587	6089	2			6090		other	0
yc22	69	Sound	62	1610486	0	1			0		hit	112
yc22	69	Response	251	1614737	4251	2
yc22	70	Picture	123	1645826	0	1	1999	3	0	1920	other	0
yc22	70	Sound	52	1653495	7669	2			7670		other	0
yc22	71	Sound	63	1657808	0	2			0		hit	116
yc22	71	Response	252	1664255	6447	1
yc22	72	Picture	2	1693154	0	2	2000	3	0	1920	other	0
yc22	73	Sound	62	1705131	0	1			0		hit	119
yc22	73	Response	251	1709954	4823	2
yc22	74	Picture	103	1739649	0	2	2000	4	0	1920	other	0
yc22	75	Sound	63	1751645	0	1			0		hit	122
yc22	75	Response	252	1755457	3812	2
yc22	76	Picture	204	1786144	0	2	2000	4	0	1920	other	0
yc22	77	Sound	64	1798129	0	1			0		hit	125
yc22	77	Response	252	1802412	4283	1
yc22	78	Picture	214	1833973	0	1	1999	3	0	1920	other	0
yc22	78	Sound	51	1838243	4270	1			4270		other	0
yc22	79	Sound	64	1845960	0	2			0		incorrect	129
yc22	79	Response	251	1851135	5175	1
yc22	80	Picture	202	1881468	0	1	1999	3	0	1920	other	0
yc22	81	Sound	62	1893462	0	2			0		hit	132
yc22	81	Response	251	1898351	4889	2
yc22	82	Picture	101	1929296	0	2	2000	4	0	1920	other	0
yc22	83	Sound	61	1941294	0	1			0		hit	135
yc22	83	Response	251	1945949	4655	1
yc22	84	Picture	2	1976291	0	2	1999	4	0	1920	other	0
yc22	85	Sound	62	1988287	0	1			0		hit	138
yc22	85	Response	251	1992380	4093	2
yc22	86	Picture	202	2023953	0	1	2000	2	0	1920	other	0
yc22	87	Sound	62	2035938	0	2			0		hit	141
yc22	87	Response	251	2040945	5007	2
yc22	88	Picture	1	2071781	0	2	2000	4	0	1920	other	0
yc22	89	Sound	61	2083769	0	2			0		hit	144
yc22	89	Response	251	2089567	5798	1
yc22	90	Picture	2	2118276	0	2	2000	4	0	1920	other	0
yc22	91	Sound	62	2130254	0	1			0		hit	147
yc22	91	Response	251	2136378	6124	1
yc22	92	Picture	204	2164938	0	2	2000	3	0	1920	other	0
yc22	93	Sound	64	2176918	0	1			0		hit	150
yc22	93	Response	252	2182250	5332	2
yc22	94	Picture	14	2211600	0	2	2000	3	0	1920	other	0
yc22	94	Sound	51	2216109	4509	2			4510		other	0
yc22	95	Sound	64	2223582	0	1			0		hit	154
yc22	95	Response	252	2229199	5617	2
yc22	96	Picture	222	2259261	0	2	2000	4	0	1920	other	0
yc22	96	Sound	52	2267230	7969	2			7970		other	0
yc22	97	Sound	62	2271233	0	1			0		hit	158
yc22	97	Response	251	2276894	5661	1
yc22	98	Picture	103	2306090	0	1	2000	2	0	1920	other	0
yc22	99	Sound	63	2318077	0	1			0		hit	161
yc22	99	Response	252	2323243	5166	2
yc22	100	Picture	2	2353918	0	2	2000	3	0	1920	other	0
yc22	101	Sound	62	2365908	0	1			0		hit	164
yc22	101	Response	251	2371987	6079	2
yc22	102	Picture	103	2401580	0	1	2000	2	0	1920	other	0
yc22	103	Sound	63	2413559	0	2			0		hit	167
yc22	103	Response	252	2417160	3601	1
yc22	104	Picture	11	2449575	0	1	1999	3	0	1920	other	0
yc22	104	Sound	51	2453364	3789	2			3790		other	0
yc22	105	Sound	61	2461570	0	1			0		hit	171
yc22	105	Response	251	2466802	5232	1
yc22	106	Picture	103	2496737	0	1	1999	3	0	1920	other	0
yc22	107	Sound	63	2508713	0	1			0		hit	174
yc22	107	Response	252	2512815	4102	1
yc22	108	Picture	3	2544399	0	1	1999	3	0	1920	other	0
yc22	109	Sound	63	2556395	0	1			0		hit	177
yc22	109	Response	252	2560966	4571	2
yc22	110	Picture	103	2592227	0	1	1999	3	0	1920	other	0
yc22	111	Sound	63	2604226	0	1			0		hit	180
yc22	111	Response	252	2608900	4674	2
yc22	112	Picture	121	2638389	0	1	1999	3	0	1920	other	0
yc22	112	Sound	52	2644028	5639	2			5640		other	0
yc22	113	Sound	61	2650381	0	1			0		hit	184
yc22	113	Response	251	2656079	5698	1
yc22	114	Picture	103	2686550	0	2	2000	3	0	1920	other	0
yc22	115	Sound	63	2698541	0	1			0		hit	187
yc22	115	Response	252	2703882	5341	1
yc22	116	Picture	3	2733879	0	1	1999	3	0	1920	other	0
yc22	117	Sound	63	2745864	0	1			0		hit	190
yc22	117	Response	252	2750818	4954	1
yc22	118	Picture	101	2781874	0	1	1999	3	0	1920	other	0
yc22	119	Sound	61	2793844	0	2			0		hit	193
yc22	119	Response	251	2805857	12013	2
yc22	120	Picture	21	2828202	0	2	2000	3	0	1920	other	0
yc22	120	Sound	52	2836621	8419	2			8420		other	0
yc22	121	Sound	61	2840179	0	1			0		hit	197
yc22	121	Response	251	2847047	6868	1
yc22	122	Picture	202	2875697	0	2	2000	3	0	1920	other	0
yc22	123	Sound	62	2887681	0	1			0		hit	200
yc22	123	Response	251	2893332	5651	2
yc22	124	Picture	3	2923359	0	1	1999	3	0	1920	other	0
yc22	125	Sound	63	2935333	0	1			0		hit	203
yc22	125	Response	252	2939990	4657	1
yc22	126	Picture	4	2970187	0	2	2000	3	0	1920	other	0
yc22	127	Sound	64	2982176	0	1			0		hit	206
yc22	127	Response	252	2993352	11176	1
yc22	128	Picture	3	3017516	0	1	1999	3	0	1920	other	0
yc22	129	Sound	63	3029498	0	2			0		hit	209
yc22	129	Response	252	3035566	6068	1
yc22	130	Picture	3	3064511	0	1	1999	3	0	1920	other	0
yc22	131	Sound	63	3076492	0	1			0		hit	212
yc22	131	Response	252	3080869	4377	1
yc22	132	Picture	101	3111006	0	1	2000	2	0	1920	other	0
yc22	133	Sound	61	3123006	0	1			0		hit	215
yc22	133	Response	251	3127573	4567	1
yc22	134	Response	253	3507423	348422	2


Event Type	Code	Type	Response	RT	RT Uncertainty	Time	Uncertainty	Duration	Uncertainty	ReqTime	ReqDur

Picture	10	other				12497	1	20164	3	0	20000
Picture	10	other				32828	1	40162	3	0	40000
Picture	10	other				73157	1	40162	3	0	40000
Nothing	91	other				113321	1			0
Picture	204	other				143483	1	2000	2	0	1920
Sound	64	hit	2	4274	2	155465	1			0
Picture	202	other				190145	1	2000	2	0	1920
Sound	62	hit	1	4048	2	202129	1			0
Picture	111	other				237973	2	2000	3	0	1920
Sound	51	other				242072	2			4100
Sound	61	hit	1	5193	3	249960	2			0
Picture	204	other				284135	1	2000	2	0	1920
Sound	64	hit	2	4175	3	296115	2			0
Picture	113	other				332130	1	2000	3	0	1920
Sound	51	other				336969	1			4840
Sound	63	hit	2	4061	2	344126	1			0
Picture	202	other				378958	2	2000	3	0	1920
Sound	62	hit	1	5369	3	390940	1			0
Picture	12	other				426287	1	1999	3	0	1920
Sound	51	other				430026	1			3740
Sound	62	hit	1	4806	2	438262	1			0
Picture	4	other				472782	1	2000	2	0	1920
Sound	64	hit	2	4808	3	484776	2			0
Picture	4	other				520443	2	2000	4	0	1920
Sound	64	hit	2	4350	2	532428	1			0
Picture	23	other				567772	2	2000	3	0	1920
Sound	52	other				573921	1			6150
Sound	63	hit	2	4757	2	579750	1			0
Picture	3	other				615267	1	2000	2	0	1920
Sound	63	hit	2	5027	4	627252	2			0
Picture	1	other				661762	2	2000	3	0	1920
Sound	61	hit	1	3179	3	673736	2			0
Picture	2	other				708091	1	1999	3	0	1920
Sound	62	hit	1	4759	3	720071	1			0
Picture	101	other				755086	1	1999	3	0	1920
Sound	61	hit	1	3931	2	767064	1			0
Picture	4	other				801247	2	2000	4	0	1920
Sound	64	hit	2	6456	2	813219	1			0
Picture	4	other				848576	1	1999	3	0	1920
Sound	64	hit	2	5115	2	860572	1			0
Picture	1	other				895571	1	2000	2	0	1920
Sound	61	hit	1	6262	2	907565	1			0
Picture	1	other				942066	2	2000	3	0	1920
Sound	61	hit	1	4644	2	954049	1			0
Picture	101	other				989394	2	2000	4	0	1920
Sound	61	hit	1	5619	3	1001371	2			0
Picture	101	other				1036223	1	2000	2	0	1920
Sound	61	hit	1	4594	3	1048215	1			0
Picture	2	other				1082551	2	2000	4	0	1920
Sound	62	hit	1	4952	3	1094549	2			0
Picture	204	other				1128880	1	2000	2	0	1920
Sound	64	hit	2	4996	3	1140854	1			0
Picture	24	other				1175542	1	1999	3	0	1920
Sound	52	other				1182561	2			7020
Sound	64	hit	2	4471	2	1187518	1			0
Picture	4	other				1222037	1	2000	2	0	1920
Sound	64	hit	2	6404	2	1234032	1			0
Picture	224	other				1269865	2	2000	3	0	1920
Sound	52	other				1275594	2			5730
Sound	64	hit	2	4399	3	1281863	2			0
Picture	1	other				1317027	1	2000	2	0	1920
Sound	61	hit	1	5273	3	1329006	1			0
Picture	212	other				1364189	1	1999	3	0	1920
Sound	51	other				1367298	2			3110
Sound	62	hit	1	6061	2	1376179	1			0
Picture	13	other				1411850	2	2000	3	0	1920
Sound	51	other				1415550	1			3700
Sound	63	hit	2	3724	3	1423830	2			0
Picture	202	other				1458345	2	2000	4	0	1920
Sound	62	hit	1	8476	3	1470345	1			0
Picture	204	other				1505674	1	2000	2	0	1920
Sound	64	hit	2	4470	2	1517667	1			0
Picture	1	other				1552169	2	2000	3	0	1920
Sound	61	hit	1	6161	3	1564151	2			0
Picture	22	other				1598498	1	1999	3	0	1920
Sound	52	other				1604587	2			6090
Sound	62	hit	1	4251	3	1610486	1			0
Picture	123	other				1645826	1	1999	3	0	1920
Sound	52	other				1653495	2			7670
Sound	63	hit	2	6447	3	1657808	2			0
Picture	2	other				1693154	2	2000	3	0	1920
Sound	62	hit	1	4823	3	1705131	1			0
Picture	103	other				1739649	2	2000	4	0	1920
Sound	63	hit	2	3812	3	1751645	1			0
Picture	204	other				1786144	2	2000	4	0	1920
Sound	64	hit	2	4283	2	1798129	1			0
Picture	214	other				1833973	1	1999	3	0	1920
Sound	51	other				1838243	1			4270
Sound	64	incorrect	1	5175	3	1845960	2			0
Picture	202	other				1881468	1	1999	3	0	1920
Sound	62	hit	1	4889	4	1893462	2			0
Picture	101	other				1929296	2	2000	4	0	1920
Sound	61	hit	1	4655	2	1941294	1			0
Picture	2	other				1976291	2	1999	4	0	1920
Sound	62	hit	1	4093	3	1988287	1			0
Picture	202	other				2023953	1	2000	2	0	1920
Sound	62	hit	1	5007	4	2035938	2			0
Picture	1	other				2071781	2	2000	4	0	1920
Sound	61	hit	1	5798	3	2083769	2			0
Picture	2	other				2118276	2	2000	4	0	1920
Sound	62	hit	1	6124	2	2130254	1			0
Picture	204	other				2164938	2	2000	3	0	1920
Sound	64	hit	2	5332	3	2176918	1			0
Picture	14	other				2211600	2	2000	3	0	1920
Sound	51	other				2216109	2			4510
Sound	64	hit	2	5617	3	2223582	1			0
Picture	222	other				2259261	2	2000	4	0	1920
Sound	52	other				2267230	2			7970
Sound	62	hit	1	5661	2	2271233	1			0
Picture	103	other				2306090	1	2000	2	0	1920
Sound	63	hit	2	5166	3	2318077	1			0
Picture	2	other				2353918	2	2000	3	0	1920
Sound	62	hit	1	6079	3	2365908	1			0
Picture	103	other				2401580	1	2000	2	0	1920
Sound	63	hit	2	3601	3	2413559	2			0
Picture	11	other				2449575	1	1999	3	0	1920
Sound	51	other				2453364	2			3790
Sound	61	hit	1	5232	2	2461570	1			0
Picture	103	other				2496737	1	1999	3	0	1920
Sound	63	hit	2	4102	2	2508713	1			0
Picture	3	other				2544399	1	1999	3	0	1920
Sound	63	hit	2	4571	3	2556395	1			0
Picture	103	other				2592227	1	1999	3	0	1920
Sound	63	hit	2	4674	3	2604226	1			0
Picture	121	other				2638389	1	1999	3	0	1920
Sound	52	other				2644028	2			5640
Sound	61	hit	1	5698	2	2650381	1			0
Picture	103	other				2686550	2	2000	3	0	1920
Sound	63	hit	2	5341	2	2698541	1			0
Picture	3	other				2733879	1	1999	3	0	1920
Sound	63	hit	2	4954	2	2745864	1			0
Picture	101	other				2781874	1	1999	3	0	1920
Sound	61	hit	1	12013	4	2793844	2			0
Picture	21	other				2828202	2	2000	3	0	1920
Sound	52	other				2836621	2			8420
Sound	61	hit	1	6868	2	2840179	1			0
Picture	202	other				2875697	2	2000	3	0	1920
Sound	62	hit	1	5651	3	2887681	1			0
Picture	3	other				2923359	1	1999	3	0	1920
Sound	63	hit	2	4657	2	2935333	1			0
Picture	4	other				2970187	2	2000	3	0	1920
Sound	64	hit	2	11176	2	2982176	1			0
Picture	3	other				3017516	1	1999	3	0	1920
Sound	63	hit	2	6068	3	3029498	2			0
Picture	3	other				3064511	1	1999	3	0	1920
Sound	63	hit	2	4377	2	3076492	1			0
Picture	101	other				3111006	1	2000	2	0	1920
Sound	61	hit	1	4567	2	3123006	1			0
