Scenario - 17_March_2015
Logfile written - 02/16/2017 15:16:54

Subject	Trial	Event Type	Code	Time	TTime	Uncertainty	Duration	Uncertainty	ReqTime	ReqDur	Stim Type	Pair Index

yc22	1	Response	253	74129	83962	1
yc22	2	Picture	10	74157	0	1	20164	3	0	20000	other	0
yc22	3	Picture	10	94488	0	2	40162	4	0	40000	other	0
yc22	3	Response	251	112780	18292	2
yc22	4	Picture	10	134817	0	2	40163	3	0	40000	other	0
yc22	4	Response	252	150798	15981	2
yc22	5	Nothing	91	174982	0	1			0		other	0
yc22	6	Picture	202	205143	0	2	2000	3	0	1920	other	0
yc22	7	Sound	62	217125	0	1			0		hit	10
yc22	7	Response	251	222574	5449	2
yc22	8	Picture	123	251305	0	2	1999	4	0	1920	other	0
yc22	8	Sound	52	256894	5589	2			5590		other	0
yc22	9	Sound	63	263280	0	1			0		hit	14
yc22	9	Response	252	270134	6854	2
yc22	10	Picture	12	298800	0	2	2000	3	0	1920	other	0
yc22	10	Sound	51	301559	2759	1			2760		other	0
yc22	11	Sound	62	310782	0	1			0		hit	18
yc22	11	Response	251	316774	5992	1
yc22	12	Picture	1	346295	0	2	2000	3	0	1920	other	0
yc22	13	Sound	61	358284	0	1			0		hit	21
yc22	13	Response	251	362714	4430	1
yc22	14	Picture	214	392457	0	1	2000	2	0	1920	other	0
yc22	14	Sound	51	397217	4760	1			4760		other	0
yc22	15	Sound	64	404439	0	1			0		hit	25
yc22	15	Response	252	415018	10579	1
yc22	16	Picture	224	440452	0	1	2000	2	0	1920	other	0
yc22	16	Sound	52	446491	6039	2			6040		other	0
yc22	17	Sound	64	452450	0	1			0		hit	29
yc22	17	Response	252	458799	6349	1
yc22	18	Picture	3	486947	0	2	2000	3	0	1920	other	0
yc22	19	Sound	63	498934	0	1			0		hit	32
yc22	19	Response	252	503368	4434	1
yc22	20	Picture	21	533942	0	2	2000	3	0	1920	other	0
yc22	20	Sound	52	541701	7759	2			7760		other	0
yc22	21	Sound	61	545927	0	2			0		hit	36
yc22	21	Response	251	550799	4872	1
yc22	22	Picture	2	581771	0	1	1999	3	0	1920	other	0
yc22	23	Sound	62	593759	0	1			0		hit	39
yc22	23	Response	251	605004	11245	1
yc22	24	Picture	1	629432	0	2	2000	3	0	1920	other	0
yc22	25	Sound	61	641410	0	1			0		hit	42
yc22	25	Response	251	645566	4156	1
yc22	26	Picture	204	675927	0	2	2000	3	0	1920	other	0
yc22	27	Sound	64	687924	0	2			0		hit	45
yc22	27	Response	252	691499	3575	1
yc22	28	Picture	101	722922	0	2	2000	4	0	1920	other	0
yc22	29	Sound	61	734918	0	1			0		hit	48
yc22	29	Response	251	739502	4584	2
yc22	30	Picture	101	770917	0	2	2000	3	0	1920	other	0
yc22	31	Sound	61	782899	0	1			0		hit	51
yc22	31	Response	251	786912	4013	1
yc22	32	Picture	113	817246	0	1	2000	2	0	1920	other	0
yc22	32	Sound	51	822385	5139	1			5140		other	0
yc22	33	Sound	63	829233	0	1			0		hit	55
yc22	33	Response	252	833914	4681	1
yc22	34	Picture	4	865241	0	1	1999	3	0	1920	other	0
yc22	35	Sound	64	877214	0	1			0		hit	58
yc22	35	Response	252	881741	4527	1
yc22	36	Picture	23	911569	0	2	2000	4	0	1920	other	0
yc22	36	Sound	52	918208	6639	2			6640		other	0
yc22	37	Sound	63	923548	0	2			0		hit	62
yc22	37	Response	252	929102	5554	1
yc22	38	Picture	3	959564	0	2	2000	3	0	1920	other	0
yc22	39	Sound	63	971559	0	2			0		hit	65
yc22	39	Response	252	976432	4873	2
yc22	40	Picture	22	1007059	0	2	2000	3	0	1920	other	0
yc22	40	Sound	52	1012968	5909	2			5910		other	0
yc22	41	Sound	62	1019032	0	1			0		hit	69
yc22	41	Response	251	1024027	4995	1
yc22	42	Picture	14	1055054	0	2	2000	4	0	1920	other	0
yc22	42	Sound	51	1059103	4049	1			4050		other	0
yc22	43	Sound	64	1067042	0	1			0		hit	73
yc22	43	Response	252	1071962	4920	1
yc22	44	Picture	4	1101549	0	2	2000	4	0	1920	other	0
yc22	45	Sound	64	1113527	0	1			0		hit	76
yc22	45	Response	252	1118577	5050	1
yc22	46	Picture	101	1147711	0	2	2000	3	0	1920	other	0
yc22	47	Sound	61	1159681	0	2			0		hit	79
yc22	47	Response	251	1163442	3761	2
yc22	48	Picture	202	1195040	0	1	1999	3	0	1920	other	0
yc22	49	Sound	62	1207034	0	1			0		hit	82
yc22	49	Response	251	1211814	4780	2
yc22	50	Picture	204	1243035	0	1	1999	3	0	1920	other	0
yc22	51	Sound	64	1255015	0	1			0		hit	85
yc22	51	Response	252	1259485	4470	2
yc22	52	Picture	2	1289197	0	1	1999	3	0	1920	other	0
yc22	53	Sound	62	1301170	0	1			0		hit	88
yc22	53	Response	251	1305982	4812	1
yc22	54	Picture	103	1335358	0	2	2000	4	0	1920	other	0
yc22	55	Sound	63	1347355	0	1			0		hit	91
yc22	55	Response	252	1351231	3876	2
yc22	56	Picture	204	1382520	0	1	2000	2	0	1920	other	0
yc22	57	Sound	64	1394498	0	1			0		hit	94
yc22	57	Response	252	1399098	4600	1
yc22	58	Picture	2	1430182	0	1	1999	3	0	1920	other	0
yc22	59	Sound	62	1442179	0	1			0		hit	97
yc22	59	Response	251	1446336	4157	1
yc22	60	Picture	1	1477677	0	1	1999	3	0	1920	other	0
yc22	61	Sound	61	1489651	0	1			0		hit	100
yc22	61	Response	251	1493895	4244	2
yc22	62	Picture	24	1525505	0	2	2000	3	0	1920	other	0
yc22	62	Sound	52	1531834	6329	2			6330		other	0
yc22	63	Sound	64	1537482	0	2			0		hit	104
yc22	63	Response	252	1542095	4613	1
yc22	64	Picture	222	1572500	0	2	2000	3	0	1920	other	0
yc22	64	Sound	52	1578159	5659	1			5660		other	0
yc22	65	Sound	62	1584475	0	2			0		hit	108
yc22	65	Response	251	1591314	6839	2
yc22	66	Picture	1	1618829	0	1	1999	3	0	1920	other	0
yc22	67	Sound	61	1630810	0	1			0		hit	111
yc22	67	Response	251	1639508	8698	1
yc22	68	Picture	204	1666490	0	2	2000	3	0	1920	other	0
yc22	69	Sound	64	1678462	0	1			0		hit	114
yc22	69	Response	252	1686075	7613	1
yc22	70	Picture	101	1714485	0	2	2000	3	0	1920	other	0
yc22	71	Sound	61	1726472	0	2			0		hit	117
yc22	71	Response	251	1730421	3949	1
yc22	72	Picture	3	1760647	0	2	2000	3	0	1920	other	0
yc22	73	Sound	63	1772628	0	1			0		hit	120
yc22	73	Response	252	1778413	5785	1
yc22	74	Picture	1	1807642	0	2	2000	3	0	1920	other	0
yc22	75	Sound	61	1819621	0	1			0		hit	123
yc22	75	Response	251	1825003	5382	1
yc22	76	Picture	204	1855304	0	1	2000	2	0	1920	other	0
yc22	77	Sound	64	1867302	0	1			0		hit	126
yc22	77	Response	252	1871712	4410	1
yc22	78	Picture	121	1901799	0	2	2000	3	0	1920	other	0
yc22	78	Sound	52	1909838	8039	2			8040		other	0
yc22	79	Sound	61	1913787	0	1			0		hit	130
yc22	79	Response	251	1918600	4813	1
yc22	80	Picture	4	1948461	0	1	1999	3	0	1920	other	0
yc22	81	Sound	64	1960450	0	2			0		hit	133
yc22	81	Response	252	1965243	4793	1
yc22	82	Picture	2	1996122	0	2	2000	4	0	1920	other	0
yc22	83	Sound	62	2008102	0	1			0		hit	136
yc22	83	Response	251	2018978	10876	2
yc22	84	Picture	2	2042284	0	2	2000	4	0	1920	other	0
yc22	85	Sound	62	2054257	0	1			0		hit	139
yc22	85	Response	251	2058973	4716	2
yc22	86	Picture	202	2089946	0	1	2000	2	0	1920	other	0
yc22	87	Sound	62	2101939	0	1			0		hit	142
yc22	87	Response	251	2106471	4532	1
yc22	88	Picture	212	2137274	0	2	2000	4	0	1920	other	0
yc22	88	Sound	51	2142153	4879	2			4880		other	0
yc22	89	Sound	62	2149261	0	1			0		hit	146
yc22	89	Response	251	2153373	4112	1
yc22	90	Picture	3	2183769	0	2	2000	4	0	1920	other	0
yc22	91	Sound	63	2195745	0	1			0		hit	149
yc22	91	Response	252	2200019	4274	2
yc22	92	Picture	3	2231098	0	1	2000	2	0	1920	other	0
yc22	93	Sound	63	2243097	0	2			0		hit	152
yc22	93	Response	252	2248154	5057	1
yc22	94	Picture	101	2278260	0	1	1999	3	0	1920	other	0
yc22	95	Sound	61	2290240	0	1			0		hit	155
yc22	95	Response	251	2295373	5133	1
yc22	96	Picture	103	2326421	0	2	2000	4	0	1920	other	0
yc22	97	Sound	63	2338401	0	1			0		hit	158
yc22	97	Response	252	2345903	7502	2
yc22	98	Picture	1	2373916	0	2	2000	3	0	1920	other	0
yc22	99	Sound	61	2385903	0	1			0		hit	161
yc22	99	Response	251	2389681	3778	1
yc22	100	Picture	103	2421911	0	2	2000	3	0	1920	other	0
yc22	101	Sound	63	2433883	0	2			0		hit	164
yc22	101	Response	252	2439476	5593	1
yc22	102	Picture	4	2468406	0	2	2000	4	0	1920	other	0
yc22	103	Sound	64	2480398	0	1			0		hit	167
yc22	103	Response	252	2486220	5822	2
yc22	104	Picture	202	2516568	0	1	2000	2	0	1920	other	0
yc22	105	Sound	62	2528558	0	1			0		hit	170
yc22	105	Response	251	2532239	3681	3
yc22	106	Picture	4	2562896	0	2	2000	4	0	1920	other	0
yc22	107	Sound	64	2574893	0	1			0		hit	173
yc22	107	Response	252	2580926	6033	1
yc22	108	Picture	202	2610892	0	1	1999	3	0	1920	other	0
yc22	109	Sound	62	2622874	0	1			0		hit	176
yc22	109	Response	251	2628524	5650	1
yc22	110	Picture	11	2658720	0	1	2000	2	0	1920	other	0
yc22	110	Sound	51	2663889	5169	1			5170		other	0
yc22	111	Sound	61	2670705	0	1			0		hit	180
yc22	111	Response	251	2675708	5003	1
yc22	112	Picture	2	2706215	0	1	1999	3	0	1920	other	0
yc22	113	Sound	62	2718207	0	1			0		hit	183
yc22	113	Response	251	2724599	6392	2
yc22	114	Picture	103	2752377	0	1	2000	2	0	1920	other	0
yc22	115	Sound	63	2764362	0	1			0		hit	186
yc22	115	Response	252	2770302	5940	1
yc22	116	Picture	103	2799205	0	1	2000	2	0	1920	other	0
yc22	117	Sound	63	2811175	0	2			0		hit	189
yc22	117	Response	252	2815172	3997	1
yc22	118	Picture	3	2845867	0	1	1999	3	0	1920	other	0
yc22	119	Sound	63	2857839	0	1			0		hit	192
yc22	119	Response	252	2864347	6508	2
yc22	120	Picture	4	2893028	0	2	2001	3	0	1920	other	0
yc22	121	Sound	64	2905012	0	1			0		hit	195
yc22	121	Response	252	2910012	5000	1
yc22	122	Picture	202	2939524	0	1	2000	2	0	1920	other	0
yc22	123	Sound	62	2951496	0	1			0		hit	198
yc22	123	Response	251	2955800	4304	2
yc22	124	Picture	103	2986185	0	2	2000	4	0	1920	other	0
yc22	125	Sound	63	2998160	0	1			0		hit	201
yc22	125	Response	252	3003190	5030	1
yc22	126	Picture	111	3034347	0	2	2000	3	0	1920	other	0
yc22	126	Sound	51	3036876	2529	2			2530		other	0
yc22	127	Sound	61	3046321	0	1			0		hit	205
yc22	127	Response	251	3050888	4567	1
yc22	128	Picture	13	3081176	0	1	1999	3	0	1920	other	0
yc22	128	Sound	51	3085465	4289	2			4290		other	0
yc22	129	Sound	63	3093164	0	1			0		hit	209
yc22	129	Response	252	3097479	4315	1
yc22	130	Picture	204	3127504	0	1	2000	2	0	1920	other	0
yc22	131	Sound	64	3139499	0	1			0		hit	212
yc22	131	Response	252	3144485	4986	1
yc22	132	Picture	101	3173999	0	1	2000	2	0	1920	other	0
yc22	133	Sound	61	3185983	0	1			0		hit	215
yc22	133	Response	251	3194621	8638	1
yc22	134	Response	253	3360013	138352	2


Event Type	Code	Type	Response	RT	RT Uncertainty	Time	Uncertainty	Duration	Uncertainty	ReqTime	ReqDur

Picture	10	other				74157	1	20164	3	0	20000
Picture	10	other				94488	2	40162	4	0	40000
Picture	10	other				134817	2	40163	3	0	40000
Nothing	91	other				174982	1			0
Picture	202	other				205143	2	2000	3	0	1920
Sound	62	hit	1	5449	3	217125	1			0
Picture	123	other				251305	2	1999	4	0	1920
Sound	52	other				256894	2			5590
Sound	63	hit	2	6854	3	263280	1			0
Picture	12	other				298800	2	2000	3	0	1920
Sound	51	other				301559	1			2760
Sound	62	hit	1	5992	2	310782	1			0
Picture	1	other				346295	2	2000	3	0	1920
Sound	61	hit	1	4430	2	358284	1			0
Picture	214	other				392457	1	2000	2	0	1920
Sound	51	other				397217	1			4760
Sound	64	hit	2	10579	2	404439	1			0
Picture	224	other				440452	1	2000	2	0	1920
Sound	52	other				446491	2			6040
Sound	64	hit	2	6349	2	452450	1			0
Picture	3	other				486947	2	2000	3	0	1920
Sound	63	hit	2	4434	2	498934	1			0
Picture	21	other				533942	2	2000	3	0	1920
Sound	52	other				541701	2			7760
Sound	61	hit	1	4872	3	545927	2			0
Picture	2	other				581771	1	1999	3	0	1920
Sound	62	hit	1	11245	2	593759	1			0
Picture	1	other				629432	2	2000	3	0	1920
Sound	61	hit	1	4156	2	641410	1			0
Picture	204	other				675927	2	2000	3	0	1920
Sound	64	hit	2	3575	3	687924	2			0
Picture	101	other				722922	2	2000	4	0	1920
Sound	61	hit	1	4584	3	734918	1			0
Picture	101	other				770917	2	2000	3	0	1920
Sound	61	hit	1	4013	2	782899	1			0
Picture	113	other				817246	1	2000	2	0	1920
Sound	51	other				822385	1			5140
Sound	63	hit	2	4681	2	829233	1			0
Picture	4	other				865241	1	1999	3	0	1920
Sound	64	hit	2	4527	2	877214	1			0
Picture	23	other				911569	2	2000	4	0	1920
Sound	52	other				918208	2			6640
Sound	63	hit	2	5554	3	923548	2			0
Picture	3	other				959564	2	2000	3	0	1920
Sound	63	hit	2	4873	4	971559	2			0
Picture	22	other				1007059	2	2000	3	0	1920
Sound	52	other				1012968	2			5910
Sound	62	hit	1	4995	2	1019032	1			0
Picture	14	other				1055054	2	2000	4	0	1920
Sound	51	other				1059103	1			4050
Sound	64	hit	2	4920	2	1067042	1			0
Picture	4	other				1101549	2	2000	4	0	1920
Sound	64	hit	2	5050	2	1113527	1			0
Picture	101	other				1147711	2	2000	3	0	1920
Sound	61	hit	1	3761	4	1159681	2			0
Picture	202	other				1195040	1	1999	3	0	1920
Sound	62	hit	1	4780	3	1207034	1			0
Picture	204	other				1243035	1	1999	3	0	1920
Sound	64	hit	2	4470	3	1255015	1			0
Picture	2	other				1289197	1	1999	3	0	1920
Sound	62	hit	1	4812	2	1301170	1			0
Picture	103	other				1335358	2	2000	4	0	1920
Sound	63	hit	2	3876	3	1347355	1			0
Picture	204	other				1382520	1	2000	2	0	1920
Sound	64	hit	2	4600	2	1394498	1			0
Picture	2	other				1430182	1	1999	3	0	1920
Sound	62	hit	1	4157	2	1442179	1			0
Picture	1	other				1477677	1	1999	3	0	1920
Sound	61	hit	1	4244	3	1489651	1			0
Picture	24	other				1525505	2	2000	3	0	1920
Sound	52	other				1531834	2			6330
Sound	64	hit	2	4613	3	1537482	2			0
Picture	222	other				1572500	2	2000	3	0	1920
Sound	52	other				1578159	1			5660
Sound	62	hit	1	6839	4	1584475	2			0
Picture	1	other				1618829	1	1999	3	0	1920
Sound	61	hit	1	8698	2	1630810	1			0
Picture	204	other				1666490	2	2000	3	0	1920
Sound	64	hit	2	7613	2	1678462	1			0
Picture	101	other				1714485	2	2000	3	0	1920
Sound	61	hit	1	3949	3	1726472	2			0
Picture	3	other				1760647	2	2000	3	0	1920
Sound	63	hit	2	5785	2	1772628	1			0
Picture	1	other				1807642	2	2000	3	0	1920
Sound	61	hit	1	5382	2	1819621	1			0
Picture	204	other				1855304	1	2000	2	0	1920
Sound	64	hit	2	4410	2	1867302	1			0
Picture	121	other				1901799	2	2000	3	0	1920
Sound	52	other				1909838	2			8040
Sound	61	hit	1	4813	2	1913787	1			0
Picture	4	other				1948461	1	1999	3	0	1920
Sound	64	hit	2	4793	3	1960450	2			0
Picture	2	other				1996122	2	2000	4	0	1920
Sound	62	hit	1	10876	3	2008102	1			0
Picture	2	other				2042284	2	2000	4	0	1920
Sound	62	hit	1	4716	3	2054257	1			0
Picture	202	other				2089946	1	2000	2	0	1920
Sound	62	hit	1	4532	2	2101939	1			0
Picture	212	other				2137274	2	2000	4	0	1920
Sound	51	other				2142153	2			4880
Sound	62	hit	1	4112	2	2149261	1			0
Picture	3	other				2183769	2	2000	4	0	1920
Sound	63	hit	2	4274	3	2195745	1			0
Picture	3	other				2231098	1	2000	2	0	1920
Sound	63	hit	2	5057	3	2243097	2			0
Picture	101	other				2278260	1	1999	3	0	1920
Sound	61	hit	1	5133	2	2290240	1			0
Picture	103	other				2326421	2	2000	4	0	1920
Sound	63	hit	2	7502	3	2338401	1			0
Picture	1	other				2373916	2	2000	3	0	1920
Sound	61	hit	1	3778	2	2385903	1			0
Picture	103	other				2421911	2	2000	3	0	1920
Sound	63	hit	2	5593	3	2433883	2			0
Picture	4	other				2468406	2	2000	4	0	1920
Sound	64	hit	2	5822	3	2480398	1			0
Picture	202	other				2516568	1	2000	2	0	1920
Sound	62	hit	1	3681	4	2528558	1			0
Picture	4	other				2562896	2	2000	4	0	1920
Sound	64	hit	2	6033	2	2574893	1			0
Picture	202	other				2610892	1	1999	3	0	1920
Sound	62	hit	1	5650	2	2622874	1			0
Picture	11	other				2658720	1	2000	2	0	1920
Sound	51	other				2663889	1			5170
Sound	61	hit	1	5003	2	2670705	1			0
Picture	2	other				2706215	1	1999	3	0	1920
Sound	62	hit	1	6392	3	2718207	1			0
Picture	103	other				2752377	1	2000	2	0	1920
Sound	63	hit	2	5940	2	2764362	1			0
Picture	103	other				2799205	1	2000	2	0	1920
Sound	63	hit	2	3997	3	2811175	2			0
Picture	3	other				2845867	1	1999	3	0	1920
Sound	63	hit	2	6508	3	2857839	1			0
Picture	4	other				2893028	2	2001	3	0	1920
Sound	64	hit	2	5000	2	2905012	1			0
Picture	202	other				2939524	1	2000	2	0	1920
Sound	62	hit	1	4304	3	2951496	1			0
Picture	103	other				2986185	2	2000	4	0	1920
Sound	63	hit	2	5030	2	2998160	1			0
Picture	111	other				3034347	2	2000	3	0	1920
Sound	51	other				3036876	2			2530
Sound	61	hit	1	4567	2	3046321	1			0
Picture	13	other				3081176	1	1999	3	0	1920
Sound	51	other				3085465	2			4290
Sound	63	hit	2	4315	2	3093164	1			0
Picture	204	other				3127504	1	2000	2	0	1920
Sound	64	hit	2	4986	2	3139499	1			0
Picture	101	other				3173999	1	2000	2	0	1920
Sound	61	hit	1	8638	2	3185983	1			0

The following output port codes were not sent because of a conflict on the port.
Port	Code	Time(ms)
1	90	7415.7
