Scenario - 17_March_2015
Logfile written - 02/16/2017 15:53:59

Subject	Trial	Event Type	Code	Time	TTime	Uncertainty	Duration	Uncertainty	ReqTime	ReqDur	Stim Type	Pair Index

yc22	1	Response	253	12221	22054	2
yc22	2	Picture	10	12330	0	2	20165	3	0	20000	other	0
yc22	3	Picture	10	32661	0	2	40163	3	0	40000	other	0
yc22	3	Response	251	46787	14126	1
yc22	4	Picture	10	72990	0	2	40163	3	0	40000	other	0
yc22	4	Response	252	85166	12176	2
yc22	5	Nothing	91	113155	0	1			0		other	0
yc22	6	Picture	2	143316	0	2	2000	4	0	1920	other	0
yc22	7	Sound	62	155315	0	2			0		hit	10
yc22	7	Response	251	161293	5978	2
yc22	8	Picture	101	190312	0	1	1999	3	0	1920	other	0
yc22	9	Sound	61	202309	0	1			0		hit	13
yc22	9	Response	251	206682	4373	2
yc22	10	Picture	123	236806	0	2	2000	4	0	1920	other	0
yc22	10	Sound	52	243865	7059	1			7060		other	0
yc22	11	Sound	63	248793	0	1			0		hit	17
yc22	11	Response	252	252486	3693	2
yc22	12	Picture	101	282968	0	2	2000	3	0	1920	other	0
yc22	13	Sound	61	294948	0	1			0		hit	20
yc22	13	Response	251	299300	4352	1
yc22	14	Picture	103	330297	0	1	2000	2	0	1920	other	0
yc22	15	Sound	63	342270	0	1			0		hit	23
yc22	15	Response	252	347923	5653	1
yc22	16	Picture	4	377959	0	1	1999	3	0	1920	other	0
yc22	17	Sound	64	389952	0	1			0		hit	26
yc22	17	Response	252	394139	4187	1
yc22	18	Picture	11	425120	0	2	2000	3	0	1920	other	0
yc22	18	Sound	51	427829	2709	1			2710		other	0
yc22	19	Sound	61	437095	0	1			0		hit	30
yc22	19	Response	251	441979	4884	1
yc22	20	Picture	22	471449	0	1	2000	2	0	1920	other	0
yc22	20	Sound	52	479008	7559	2			7560		other	0
yc22	21	Sound	62	483429	0	1			0		hit	34
yc22	21	Response	251	488088	4659	1
yc22	22	Picture	1	519277	0	1	2000	2	0	1920	other	0
yc22	23	Sound	61	531260	0	2			0		hit	37
yc22	23	Response	251	544090	12830	1
yc22	24	Picture	2	565939	0	1	2000	2	0	1920	other	0
yc22	25	Sound	62	577924	0	1			0		hit	40
yc22	25	Response	251	582154	4230	1
yc22	26	Picture	204	612267	0	2	2000	3	0	1920	other	0
yc22	27	Sound	64	624259	0	1			0		hit	43
yc22	27	Response	252	628844	4585	1
yc22	28	Picture	4	659429	0	2	2000	3	0	1920	other	0
yc22	29	Sound	64	671402	0	1			0		hit	46
yc22	29	Response	252	675727	4325	1
yc22	30	Picture	111	707424	0	2	2000	3	0	1920	other	0
yc22	30	Sound	51	710943	3519	1			3520		other	0
yc22	31	Sound	61	719412	0	2			0		hit	50
yc22	31	Response	251	724926	5514	1
yc22	32	Picture	3	754253	0	1	1999	3	0	1920	other	0
yc22	33	Sound	63	766226	0	1			0		hit	53
yc22	33	Response	252	771574	5348	1
yc22	34	Picture	24	800747	0	2	2000	4	0	1920	other	0
yc22	34	Sound	52	808046	7299	2			7300		other	0
yc22	35	Sound	64	812740	0	1			0		hit	57
yc22	35	Response	252	817910	5170	1
yc22	36	Picture	1	847409	0	2	2000	4	0	1920	other	0
yc22	37	Sound	61	859404	0	1			0		hit	60
yc22	37	Response	251	865704	6300	1
yc22	38	Picture	3	894904	0	2	2000	4	0	1920	other	0
yc22	39	Sound	63	906876	0	1			0		hit	63
yc22	39	Response	252	910981	4105	1
yc22	40	Picture	202	941899	0	2	2000	4	0	1920	other	0
yc22	41	Sound	62	953899	0	1			0		hit	66
yc22	41	Response	251	957827	3928	1
yc22	42	Picture	2	989228	0	1	2000	2	0	1920	other	0
yc22	43	Sound	62	1001221	0	2			0		hit	69
yc22	43	Response	251	1005816	4595	2
yc22	44	Picture	4	1036890	0	1	1999	3	0	1920	other	0
yc22	45	Sound	64	1048873	0	1			0		hit	72
yc22	45	Response	252	1053260	4387	1
yc22	46	Picture	3	1083718	0	2	2000	3	0	1920	other	0
yc22	47	Sound	63	1095717	0	1			0		hit	75
yc22	47	Response	252	1102538	6821	2
yc22	48	Picture	204	1131546	0	2	2000	3	0	1920	other	0
yc22	49	Sound	64	1143518	0	1			0		hit	78
yc22	49	Response	252	1152716	9198	1
yc22	50	Picture	13	1179541	0	2	2000	3	0	1920	other	0
yc22	50	Sound	51	1182540	2999	2			3000		other	0
yc22	51	Sound	63	1191529	0	1			0		hit	82
yc22	51	Response	252	1195909	4380	1
yc22	52	Picture	3	1225703	0	2	2000	3	0	1920	other	0
yc22	53	Sound	63	1237684	0	1			0		hit	85
yc22	53	Response	252	1242214	4530	1
yc22	54	Picture	204	1273364	0	2	2001	3	0	1920	other	0
yc22	55	Sound	64	1285335	0	2			0		hit	88
yc22	55	Response	252	1291362	6027	1
yc22	56	Picture	1	1320527	0	1	1999	3	0	1920	other	0
yc22	57	Sound	61	1332508	0	1			0		hit	91
yc22	57	Response	251	1340989	8481	1
yc22	58	Picture	1	1367522	0	1	1999	3	0	1920	other	0
yc22	59	Sound	61	1379501	0	1			0		hit	94
yc22	59	Response	251	1384378	4877	1
yc22	60	Picture	103	1414350	0	2	2000	3	0	1920	other	0
yc22	61	Sound	63	1426345	0	1			0		hit	97
yc22	61	Response	252	1432720	6375	1
yc22	62	Picture	2	1461345	0	2	2000	3	0	1920	other	0
yc22	63	Sound	62	1473338	0	1			0		hit	100
yc22	63	Response	251	1479283	5945	1
yc22	64	Picture	103	1508840	0	2	2000	3	0	1920	other	0
yc22	65	Sound	63	1520840	0	1			0		hit	103
yc22	65	Response	252	1525289	4449	2
yc22	66	Picture	4	1555169	0	1	1999	3	0	1920	other	0
yc22	67	Sound	64	1567144	0	2			0		hit	106
yc22	67	Response	252	1573643	6499	2
yc22	68	Picture	113	1602330	0	2	2000	3	0	1920	other	0
yc22	68	Sound	51	1607449	5119	2			5120		other	0
yc22	69	Sound	63	1614317	0	1			0		hit	110
yc22	69	Response	252	1619163	4846	1
yc22	70	Picture	103	1648492	0	2	2000	3	0	1920	other	0
yc22	71	Sound	63	1660472	0	1			0		hit	113
yc22	71	Response	252	1664985	4513	2
yc22	72	Picture	204	1695321	0	1	1999	3	0	1920	other	0
yc22	73	Sound	64	1707316	0	1			0		hit	116
yc22	73	Response	252	1711455	4139	2
yc22	74	Picture	202	1742482	0	2	2000	3	0	1920	other	0
yc22	75	Sound	62	1754458	0	2			0		hit	119
yc22	75	Response	251	1758801	4343	2
yc22	76	Picture	224	1789977	0	2	2000	4	0	1920	other	0
yc22	76	Sound	52	1796266	6289	2			6290		other	0
yc22	77	Sound	64	1801960	0	2			0		hit	123
yc22	77	Response	252	1806012	4052	1
yc22	78	Picture	1	1836806	0	1	1999	3	0	1920	other	0
yc22	79	Sound	61	1848804	0	1			0		hit	126
yc22	79	Response	251	1852782	3978	1
yc22	80	Picture	23	1883467	0	2	2000	4	0	1920	other	0
yc22	80	Sound	52	1891416	7949	1			7950		other	0
yc22	81	Sound	63	1895438	0	1			0		hit	130
yc22	81	Response	252	1902635	7197	2
yc22	82	Picture	103	1930296	0	1	2000	2	0	1920	other	0
yc22	83	Sound	63	1942281	0	1			0		hit	133
yc22	83	Response	252	1948851	6570	1
yc22	84	Picture	212	1977291	0	2	2000	3	0	1920	other	0
yc22	84	Sound	51	1982270	4979	1			4980		other	0
yc22	85	Sound	62	1989274	0	1			0		hit	137
yc22	85	Response	251	1996577	7303	1
yc22	86	Picture	204	2025120	0	1	1999	3	0	1920	other	0
yc22	87	Sound	64	2037106	0	1			0		hit	140
yc22	87	Response	252	2043402	6296	1
yc22	88	Picture	101	2072781	0	2	2000	3	0	1920	other	0
yc22	89	Sound	61	2084757	0	2			0		hit	143
yc22	89	Response	251	2089076	4319	1
yc22	90	Picture	101	2120609	0	2	2000	4	0	1920	other	0
yc22	91	Sound	61	2132588	0	2			0		hit	146
yc22	91	Response	251	2136885	4297	2
yc22	92	Picture	4	2168605	0	1	1999	3	0	1920	other	0
yc22	93	Sound	64	2180599	0	1			0		hit	149
yc22	93	Response	252	2185174	4575	1
yc22	94	Picture	202	2216433	0	1	2000	2	0	1920	other	0
yc22	95	Sound	62	2228430	0	2			0		hit	152
yc22	95	Response	251	2233153	4723	1
yc22	96	Picture	222	2263261	0	2	2000	3	0	1920	other	0
yc22	96	Sound	52	2271390	8129	2			8130		other	0
yc22	97	Sound	62	2275244	0	1			0		hit	156
yc22	97	Response	251	2281215	5971	1
yc22	98	Picture	121	2310423	0	1	2000	2	0	1920	other	0
yc22	98	Sound	52	2318162	7739	2			7740		other	0
yc22	99	Sound	61	2322417	0	1			0		hit	160
yc22	99	Response	251	2327060	4643	1
yc22	100	Picture	1	2357585	0	1	1999	3	0	1920	other	0
yc22	101	Sound	61	2369560	0	1			0		hit	163
yc22	101	Response	251	2373391	3831	1
yc22	102	Picture	101	2403747	0	1	1999	3	0	1920	other	0
yc22	103	Sound	61	2415744	0	2			0		hit	166
yc22	103	Response	251	2419895	4151	2
yc22	104	Picture	2	2451741	0	2	2000	4	0	1920	other	0
yc22	105	Sound	62	2463725	0	2			0		hit	169
yc22	105	Response	251	2469056	5331	1
yc22	106	Picture	202	2498737	0	1	1999	3	0	1920	other	0
yc22	107	Sound	62	2510718	0	2			0		hit	172
yc22	107	Response	251	2515496	4778	2
yc22	108	Picture	14	2545398	0	2	2000	3	0	1920	other	0
yc22	108	Sound	51	2549117	3719	2			3720		other	0
yc22	109	Sound	64	2557382	0	1			0		hit	176
yc22	109	Response	252	2563415	6033	1
yc22	110	Picture	202	2591560	0	2	2000	3	0	1920	other	0
yc22	111	Sound	62	2603537	0	1			0		hit	179
yc22	111	Response	251	2609751	6214	2
yc22	112	Picture	3	2638222	0	2	2000	3	0	1920	other	0
yc22	113	Sound	63	2650201	0	1			0		hit	182
yc22	113	Response	252	2655528	5327	1
yc22	114	Picture	2	2685217	0	1	2000	2	0	1920	other	0
yc22	115	Sound	62	2697194	0	1			0		hit	185
yc22	115	Response	251	2704373	7179	2
yc22	116	Picture	103	2731712	0	1	2000	2	0	1920	other	0
yc22	117	Sound	63	2743708	0	2			0		hit	188
yc22	117	Response	252	2748553	4845	2
yc22	118	Picture	214	2779707	0	2	2000	3	0	1920	other	0
yc22	118	Sound	51	2783106	3399	2			3400		other	0
yc22	119	Sound	64	2791689	0	2			0		hit	192
yc22	119	Response	252	2797018	5329	1
yc22	120	Picture	101	2826036	0	1	1999	3	0	1920	other	0
yc22	121	Sound	61	2838024	0	1			0		hit	195
yc22	121	Response	251	2843218	5194	2
yc22	122	Picture	12	2873864	0	2	2000	3	0	1920	other	0
yc22	122	Sound	51	2877143	3279	2			3280		other	0
yc22	123	Sound	62	2885855	0	1			0		hit	199
yc22	123	Response	251	2890537	4682	1
yc22	124	Picture	21	2920192	0	2	2000	4	0	1920	other	0
yc22	124	Sound	52	2928371	8179	2			8180		other	0
yc22	125	Sound	61	2932190	0	1			0		hit	203
yc22	125	Response	251	2937319	5129	2
yc22	126	Picture	4	2967021	0	1	2000	2	0	1920	other	0
yc22	127	Sound	64	2979003	0	2			0		hit	206
yc22	127	Response	252	2983024	4021	2
yc22	128	Picture	204	3014849	0	2	2000	3	0	1920	other	0
yc22	129	Sound	64	3026835	0	1			0		hit	209
yc22	129	Response	252	3032436	5601	1
yc22	130	Picture	3	3061511	0	1	2000	2	0	1920	other	0
yc22	131	Sound	63	3073498	0	2			0		hit	212
yc22	131	Response	252	3078764	5266	1
yc22	132	Picture	202	3108173	0	1	2000	2	0	1920	other	0
yc22	133	Sound	62	3120162	0	1			0		hit	215
yc22	133	Response	251	3126152	5990	1
yc22	134	Response	253	3258507	103339	2


Event Type	Code	Type	Response	RT	RT Uncertainty	Time	Uncertainty	Duration	Uncertainty	ReqTime	ReqDur

Picture	10	other				12330	2	20165	3	0	20000
Picture	10	other				32661	2	40163	3	0	40000
Picture	10	other				72990	2	40163	3	0	40000
Nothing	91	other				113155	1			0
Picture	2	other				143316	2	2000	4	0	1920
Sound	62	hit	1	5978	4	155315	2			0
Picture	101	other				190312	1	1999	3	0	1920
Sound	61	hit	1	4373	3	202309	1			0
Picture	123	other				236806	2	2000	4	0	1920
Sound	52	other				243865	1			7060
Sound	63	hit	2	3693	3	248793	1			0
Picture	101	other				282968	2	2000	3	0	1920
Sound	61	hit	1	4352	2	294948	1			0
Picture	103	other				330297	1	2000	2	0	1920
Sound	63	hit	2	5653	2	342270	1			0
Picture	4	other				377959	1	1999	3	0	1920
Sound	64	hit	2	4187	2	389952	1			0
Picture	11	other				425120	2	2000	3	0	1920
Sound	51	other				427829	1			2710
Sound	61	hit	1	4884	2	437095	1			0
Picture	22	other				471449	1	2000	2	0	1920
Sound	52	other				479008	2			7560
Sound	62	hit	1	4659	2	483429	1			0
Picture	1	other				519277	1	2000	2	0	1920
Sound	61	hit	1	12830	3	531260	2			0
Picture	2	other				565939	1	2000	2	0	1920
Sound	62	hit	1	4230	2	577924	1			0
Picture	204	other				612267	2	2000	3	0	1920
Sound	64	hit	2	4585	2	624259	1			0
Picture	4	other				659429	2	2000	3	0	1920
Sound	64	hit	2	4325	2	671402	1			0
Picture	111	other				707424	2	2000	3	0	1920
Sound	51	other				710943	1			3520
Sound	61	hit	1	5514	3	719412	2			0
Picture	3	other				754253	1	1999	3	0	1920
Sound	63	hit	2	5348	2	766226	1			0
Picture	24	other				800747	2	2000	4	0	1920
Sound	52	other				808046	2			7300
Sound	64	hit	2	5170	2	812740	1			0
Picture	1	other				847409	2	2000	4	0	1920
Sound	61	hit	1	6300	2	859404	1			0
Picture	3	other				894904	2	2000	4	0	1920
Sound	63	hit	2	4105	2	906876	1			0
Picture	202	other				941899	2	2000	4	0	1920
Sound	62	hit	1	3928	2	953899	1			0
Picture	2	other				989228	1	2000	2	0	1920
Sound	62	hit	1	4595	4	1001221	2			0
Picture	4	other				1036890	1	1999	3	0	1920
Sound	64	hit	2	4387	2	1048873	1			0
Picture	3	other				1083718	2	2000	3	0	1920
Sound	63	hit	2	6821	3	1095717	1			0
Picture	204	other				1131546	2	2000	3	0	1920
Sound	64	hit	2	9198	2	1143518	1			0
Picture	13	other				1179541	2	2000	3	0	1920
Sound	51	other				1182540	2			3000
Sound	63	hit	2	4380	2	1191529	1			0
Picture	3	other				1225703	2	2000	3	0	1920
Sound	63	hit	2	4530	2	1237684	1			0
Picture	204	other				1273364	2	2001	3	0	1920
Sound	64	hit	2	6027	3	1285335	2			0
Picture	1	other				1320527	1	1999	3	0	1920
Sound	61	hit	1	8481	2	1332508	1			0
Picture	1	other				1367522	1	1999	3	0	1920
Sound	61	hit	1	4877	2	1379501	1			0
Picture	103	other				1414350	2	2000	3	0	1920
Sound	63	hit	2	6375	2	1426345	1			0
Picture	2	other				1461345	2	2000	3	0	1920
Sound	62	hit	1	5945	2	1473338	1			0
Picture	103	other				1508840	2	2000	3	0	1920
Sound	63	hit	2	4449	3	1520840	1			0
Picture	4	other				1555169	1	1999	3	0	1920
Sound	64	hit	2	6499	4	1567144	2			0
Picture	113	other				1602330	2	2000	3	0	1920
Sound	51	other				1607449	2			5120
Sound	63	hit	2	4846	2	1614317	1			0
Picture	103	other				1648492	2	2000	3	0	1920
Sound	63	hit	2	4513	3	1660472	1			0
Picture	204	other				1695321	1	1999	3	0	1920
Sound	64	hit	2	4139	3	1707316	1			0
Picture	202	other				1742482	2	2000	3	0	1920
Sound	62	hit	1	4343	4	1754458	2			0
Picture	224	other				1789977	2	2000	4	0	1920
Sound	52	other				1796266	2			6290
Sound	64	hit	2	4052	3	1801960	2			0
Picture	1	other				1836806	1	1999	3	0	1920
Sound	61	hit	1	3978	2	1848804	1			0
Picture	23	other				1883467	2	2000	4	0	1920
Sound	52	other				1891416	1			7950
Sound	63	hit	2	7197	3	1895438	1			0
Picture	103	other				1930296	1	2000	2	0	1920
Sound	63	hit	2	6570	2	1942281	1			0
Picture	212	other				1977291	2	2000	3	0	1920
Sound	51	other				1982270	1			4980
Sound	62	hit	1	7303	2	1989274	1			0
Picture	204	other				2025120	1	1999	3	0	1920
Sound	64	hit	2	6296	2	2037106	1			0
Picture	101	other				2072781	2	2000	3	0	1920
Sound	61	hit	1	4319	3	2084757	2			0
Picture	101	other				2120609	2	2000	4	0	1920
Sound	61	hit	1	4297	4	2132588	2			0
Picture	4	other				2168605	1	1999	3	0	1920
Sound	64	hit	2	4575	2	2180599	1			0
Picture	202	other				2216433	1	2000	2	0	1920
Sound	62	hit	1	4723	3	2228430	2			0
Picture	222	other				2263261	2	2000	3	0	1920
Sound	52	other				2271390	2			8130
Sound	62	hit	1	5971	2	2275244	1			0
Picture	121	other				2310423	1	2000	2	0	1920
Sound	52	other				2318162	2			7740
Sound	61	hit	1	4643	2	2322417	1			0
Picture	1	other				2357585	1	1999	3	0	1920
Sound	61	hit	1	3831	2	2369560	1			0
Picture	101	other				2403747	1	1999	3	0	1920
Sound	61	hit	1	4151	4	2415744	2			0
Picture	2	other				2451741	2	2000	4	0	1920
Sound	62	hit	1	5331	3	2463725	2			0
Picture	202	other				2498737	1	1999	3	0	1920
Sound	62	hit	1	4778	4	2510718	2			0
Picture	14	other				2545398	2	2000	3	0	1920
Sound	51	other				2549117	2			3720
Sound	64	hit	2	6033	2	2557382	1			0
Picture	202	other				2591560	2	2000	3	0	1920
Sound	62	hit	1	6214	3	2603537	1			0
Picture	3	other				2638222	2	2000	3	0	1920
Sound	63	hit	2	5327	2	2650201	1			0
Picture	2	other				2685217	1	2000	2	0	1920
Sound	62	hit	1	7179	3	2697194	1			0
Picture	103	other				2731712	1	2000	2	0	1920
Sound	63	hit	2	4845	4	2743708	2			0
Picture	214	other				2779707	2	2000	3	0	1920
Sound	51	other				2783106	2			3400
Sound	64	hit	2	5329	3	2791689	2			0
Picture	101	other				2826036	1	1999	3	0	1920
Sound	61	hit	1	5194	3	2838024	1			0
Picture	12	other				2873864	2	2000	3	0	1920
Sound	51	other				2877143	2			3280
Sound	62	hit	1	4682	2	2885855	1			0
Picture	21	other				2920192	2	2000	4	0	1920
Sound	52	other				2928371	2			8180
Sound	61	hit	1	5129	3	2932190	1			0
Picture	4	other				2967021	1	2000	2	0	1920
Sound	64	hit	2	4021	4	2979003	2			0
Picture	204	other				3014849	2	2000	3	0	1920
Sound	64	hit	2	5601	2	3026835	1			0
Picture	3	other				3061511	1	2000	2	0	1920
Sound	63	hit	2	5266	3	3073498	2			0
Picture	202	other				3108173	1	2000	2	0	1920
Sound	62	hit	1	5990	2	3120162	1			0
