Scenario - 17_March_2015
Logfile written - 04/28/2017 16:24:50

Subject	Trial	Event Type	Code	Time	TTime	Uncertainty	Duration	Uncertainty	ReqTime	ReqDur	Stim Type	Pair Index

bouan	1	Response	253	5715	15383	4
bouan	2	Picture	10	5830	0	3	20164	6	0	20000	other	0
bouan	3	Picture	10	26160	0	3	40163	5	0	40000	other	0
bouan	3	Response	251	45432	19272	2
bouan	4	Picture	10	66489	0	3	40161	8	0	40000	other	0
bouan	4	Response	252	80562	14073	2
bouan	5	Nothing	91	106659	0	2			0		other	0
bouan	6	Picture	202	137149	0	3	2000	6	0	1920	other	0
bouan	7	Sound	62	149151	0	9			0		hit	10
bouan	7	Response	251	156631	7480	3
bouan	8	Picture	2	183977	0	3	2000	6	0	1920	other	0
bouan	9	Sound	62	195966	0	1			0		hit	13
bouan	9	Response	251	200853	4887	3
bouan	10	Picture	113	230637	0	5	2000	9	0	1920	other	0
bouan	10	Sound	51	233957	3320	2			3320		other	0
bouan	11	Sound	63	242629	0	2			0		hit	17
bouan	11	Response	252	247745	5116	3
bouan	12	Picture	1	278300	0	6	2000	9	0	1920	other	0
bouan	13	Sound	61	290280	0	2			0		hit	20
bouan	13	Response	251	301092	10812	2
bouan	14	Picture	101	325128	0	3	1999	8	0	1920	other	0
bouan	15	Sound	61	337123	0	2			0		incorrect	23
bouan	15	Response	252	342521	5398	3
bouan	16	Picture	212	372956	0	3	2001	7	0	1920	other	0
bouan	16	Sound	51	377816	4860	2			4860		other	0
bouan	17	Sound	62	384954	0	2			0		incorrect	27
bouan	17	Response	252	391389	6435	4
bouan	18	Picture	2	420285	0	3	1999	6	0	1920	other	0
bouan	19	Sound	62	432276	0	2			0		hit	30
bouan	19	Response	251	449232	16956	2
bouan	20	Picture	24	467279	0	3	2001	6	0	1920	other	0
bouan	20	Sound	52	474609	7330	2			7330		other	0
bouan	21	Sound	64	479269	0	2			0		hit	34
bouan	21	Response	252	485698	6429	2
bouan	22	Picture	12	513775	0	2	1999	5	0	1920	other	0
bouan	22	Sound	51	518674	4899	2			4900		other	0
bouan	23	Sound	62	525753	0	2			0		hit	38
bouan	23	Response	251	532313	6560	2
bouan	24	Picture	1	561103	0	6	2000	8	0	1920	other	0
bouan	25	Sound	61	573106	0	3			0		hit	41
bouan	25	Response	251	579579	6473	3
bouan	26	Picture	2	608764	0	3	2000	5	0	1920	other	0
bouan	27	Sound	62	620756	0	2			0		hit	44
bouan	27	Response	251	630211	9455	2
bouan	28	Picture	4	655093	0	3	2000	5	0	1920	other	0
bouan	29	Sound	64	667090	0	2			0		hit	47
bouan	29	Response	252	672907	5817	2
bouan	30	Picture	111	702421	0	4	2000	7	0	1920	other	0
bouan	30	Sound	51	707352	4931	2			4930		other	0
bouan	31	Sound	61	714413	0	1			0		hit	51
bouan	31	Response	251	722225	7812	4
bouan	32	Picture	204	748916	0	3	2000	6	0	1920	other	0
bouan	33	Sound	64	760897	0	1			0		hit	54
bouan	33	Response	252	766065	5168	2
bouan	34	Picture	202	796744	0	3	2000	6	0	1920	other	0
bouan	35	Sound	62	808727	0	2			0		hit	57
bouan	35	Response	251	815228	6501	2
bouan	36	Picture	3	843405	0	3	2001	6	0	1920	other	0
bouan	37	Sound	63	855391	0	1			0		hit	60
bouan	37	Response	252	863342	7951	2
bouan	38	Picture	202	890400	0	3	2001	5	0	1920	other	0
bouan	39	Sound	62	902384	0	2			0		hit	63
bouan	39	Response	251	907966	5582	3
bouan	40	Picture	2	938229	0	3	2000	6	0	1920	other	0
bouan	41	Sound	62	950215	0	1			0		hit	66
bouan	41	Response	251	957971	7756	2
bouan	42	Picture	3	984890	0	3	2000	6	0	1920	other	0
bouan	43	Sound	63	996878	0	3			0		hit	69
bouan	43	Response	252	1005023	8145	2
bouan	44	Picture	101	1032719	0	3	1999	6	0	1920	other	0
bouan	45	Sound	61	1044709	0	2			0		hit	72
bouan	45	Response	251	1051974	7265	2
bouan	46	Picture	21	1080880	0	3	2000	5	0	1920	other	0
bouan	46	Sound	52	1087339	6459	2			6460		other	0
bouan	47	Sound	61	1092869	0	4			0		hit	76
bouan	47	Response	251	1100605	7736	2
bouan	48	Picture	204	1128708	0	3	2000	5	0	1920	other	0
bouan	49	Sound	64	1140700	0	2			0		hit	79
bouan	49	Response	252	1150171	9471	2
bouan	49	Response	252	1152300	11600	2
bouan	50	Picture	23	1175203	0	3	2000	6	0	1920	other	0
bouan	50	Sound	52	1181323	6120	2			6120		other	0
bouan	51	Sound	63	1187183	0	2			0		hit	84
bouan	51	Response	252	1193332	6149	2
bouan	52	Picture	3	1223032	0	3	1999	6	0	1920	other	0
bouan	53	Sound	63	1235014	0	2			0		hit	87
bouan	53	Response	252	1240702	5688	4
bouan	54	Picture	103	1269360	0	2	1999	5	0	1920	other	0
bouan	55	Sound	63	1281349	0	2			0		hit	90
bouan	55	Response	252	1286236	4887	2
bouan	56	Picture	103	1316355	0	2	2000	4	0	1920	other	0
bouan	57	Sound	63	1328342	0	2			0		hit	93
bouan	57	Response	252	1335473	7131	2
bouan	58	Picture	1	1363183	0	4	2000	7	0	1920	other	0
bouan	59	Sound	61	1375185	0	3			0		hit	96
bouan	59	Response	251	1386244	11059	2
bouan	60	Picture	4	1410678	0	2	2000	5	0	1920	other	0
bouan	61	Sound	64	1422656	0	2			0		hit	99
bouan	61	Response	252	1428857	6201	3
bouan	61	Response	252	1431087	8431	2
bouan	62	Picture	214	1457173	0	3	2000	7	0	1920	other	0
bouan	62	Sound	51	1461882	4709	2			4710		other	0
bouan	63	Sound	64	1469170	0	2			0		hit	104
bouan	63	Response	252	1478388	9218	3
bouan	64	Picture	204	1504501	0	3	2000	6	0	1920	other	0
bouan	65	Sound	64	1516492	0	2			0		hit	107
bouan	65	Response	252	1523398	6906	2
bouan	66	Picture	202	1552162	0	3	2001	5	0	1920	other	0
bouan	67	Sound	62	1564144	0	3			0		hit	110
bouan	67	Response	251	1571038	6894	2
bouan	68	Picture	101	1598657	0	4	2001	7	0	1920	other	0
bouan	69	Sound	61	1610657	0	2			0		hit	113
bouan	69	Response	251	1618782	8125	2
bouan	70	Picture	11	1645318	0	5	2001	8	0	1920	other	0
bouan	70	Sound	51	1648747	3429	2			3430		other	0
bouan	71	Sound	61	1657321	0	2			0		hit	117
bouan	71	Response	251	1663687	6366	2
bouan	72	Picture	222	1692315	0	6	1999	9	0	1920	other	0
bouan	72	Sound	52	1699414	7099	2			7100		other	0
bouan	73	Sound	62	1704313	0	2			0		hit	121
bouan	73	Response	251	1710890	6577	2
bouan	74	Picture	4	1739643	0	2	1999	5	0	1920	other	0
bouan	75	Sound	64	1751635	0	2			0		hit	124
bouan	75	Response	252	1763579	11944	3
bouan	76	Picture	3	1786304	0	3	1999	7	0	1920	other	0
bouan	77	Sound	63	1798299	0	2			0		hit	127
bouan	77	Response	252	1804867	6568	2
bouan	78	Picture	22	1832631	0	5	2002	7	0	1920	other	0
bouan	78	Sound	52	1839331	6700	1			6700		other	0
bouan	79	Sound	62	1844633	0	2			0		hit	131
bouan	79	Response	251	1851791	7158	2
bouan	80	Picture	202	1879961	0	3	2000	6	0	1920	other	0
bouan	81	Sound	62	1891955	0	2			0		hit	134
bouan	81	Response	251	1898549	6594	2
bouan	82	Picture	1	1928122	0	3	1999	6	0	1920	other	0
bouan	83	Sound	61	1940116	0	2			0		hit	137
bouan	83	Response	251	1951115	10999	3
bouan	84	Picture	204	1975951	0	3	1998	7	0	1920	other	0
bouan	85	Sound	64	1987947	0	1			0		hit	140
bouan	85	Response	252	1995550	7603	3
bouan	86	Picture	101	2022278	0	4	2001	6	0	1920	other	0
bouan	87	Sound	61	2034281	0	2			0		hit	143
bouan	87	Response	251	2043019	8738	2
bouan	88	Picture	101	2068940	0	3	2000	6	0	1920	other	0
bouan	89	Sound	61	2080944	0	2			0		hit	146
bouan	89	Response	251	2087534	6590	2
bouan	90	Picture	1	2116768	0	3	2000	6	0	1920	other	0
bouan	91	Sound	61	2128775	0	2			0		hit	149
bouan	91	Response	251	2137400	8625	2
bouan	92	Picture	4	2164430	0	3	1999	7	0	1920	other	0
bouan	93	Sound	64	2176426	0	2			0		hit	152
bouan	93	Response	252	2183964	7538	2
bouan	94	Picture	101	2211425	0	3	1998	7	0	1920	other	0
bouan	95	Sound	61	2223419	0	2			0		hit	155
bouan	95	Response	251	2231262	7843	3
bouan	96	Picture	3	2258587	0	3	2000	5	0	1920	other	0
bouan	97	Sound	63	2270591	0	2			0		hit	158
bouan	97	Response	252	2278548	7957	2
bouan	98	Picture	14	2306581	0	3	2000	5	0	1920	other	0
bouan	98	Sound	51	2311781	5200	2			5200		other	0
bouan	99	Sound	64	2318572	0	2			0		hit	162
bouan	99	Response	252	2325457	6885	4
bouan	100	Picture	103	2354076	0	3	2000	7	0	1920	other	0
bouan	101	Sound	63	2366073	0	2			0		hit	165
bouan	101	Response	252	2375642	9569	2
bouan	102	Picture	2	2401405	0	3	1999	6	0	1920	other	0
bouan	103	Sound	62	2413396	0	4			0		hit	168
bouan	103	Response	251	2422049	8653	2
bouan	104	Picture	4	2449233	0	3	2000	6	0	1920	other	0
bouan	105	Sound	64	2461227	0	1			0		hit	171
bouan	105	Response	252	2469504	8277	3
bouan	106	Picture	103	2496726	0	4	2001	7	0	1920	other	0
bouan	107	Sound	63	2508728	0	2			0		hit	174
bouan	107	Response	252	2517156	8428	2
bouan	108	Picture	121	2544556	0	4	2000	6	0	1920	other	0
bouan	108	Sound	52	2551465	6909	2			6910		other	0
bouan	109	Sound	61	2556559	0	1			0		hit	178
bouan	109	Response	251	2564761	8202	3
bouan	110	Picture	3	2591384	0	2	1999	5	0	1920	other	0
bouan	111	Sound	63	2603372	0	2			0		hit	181
bouan	111	Response	252	2610660	7288	3
bouan	112	Picture	202	2639046	0	3	1999	6	0	1920	other	0
bouan	113	Sound	62	2651053	0	2			0		hit	184
bouan	113	Response	251	2662278	11225	3
bouan	114	Picture	13	2685374	0	3	2000	5	0	1920	other	0
bouan	114	Sound	51	2687944	2570	1			2570		other	0
bouan	115	Sound	63	2697357	0	2			0		hit	188
bouan	115	Response	252	2703183	5826	3
bouan	116	Picture	123	2731869	0	5	2000	8	0	1920	other	0
bouan	116	Sound	52	2737449	5580	2			5580		other	0
bouan	117	Sound	63	2743872	0	3			0		hit	192
bouan	117	Response	252	2749493	5621	2
bouan	118	Picture	2	2779864	0	3	1998	7	0	1920	other	0
bouan	119	Sound	62	2791852	0	2			0		hit	195
bouan	119	Response	251	2803198	11346	3
bouan	120	Picture	204	2826192	0	4	2000	9	0	1920	other	0
bouan	121	Sound	64	2838187	0	3			0		hit	198
bouan	121	Response	252	2847851	9664	2
bouan	122	Picture	4	2872854	0	3	1999	7	0	1920	other	0
bouan	123	Sound	64	2884850	0	3			0		hit	201
bouan	123	Response	252	2893400	8550	2
bouan	124	Picture	224	2919682	0	3	2000	5	0	1920	other	0
bouan	124	Sound	52	2926012	6330	1			6330		other	0
bouan	125	Sound	64	2931663	0	2			0		hit	205
bouan	125	Response	252	2938077	6414	2
bouan	126	Picture	103	2967010	0	3	2000	6	0	1920	other	0
bouan	127	Sound	63	2979015	0	2			0		hit	208
bouan	127	Response	252	2986880	7865	3
bouan	128	Picture	1	3015171	0	3	2000	6	0	1920	other	0
bouan	129	Sound	61	3027175	0	2			0		hit	211
bouan	129	Response	251	3035525	8350	2
bouan	130	Picture	103	3062833	0	3	1999	6	0	1920	other	0
bouan	131	Sound	63	3074826	0	2			0		hit	214
bouan	131	Response	252	3082039	7213	3
bouan	132	Picture	204	3109827	0	3	2001	5	0	1920	other	0
bouan	133	Sound	64	3121819	0	2			0		incorrect	217
bouan	133	Response	251	3135600	13781	2
bouan	134	Response	253	3523981	365991	6


Event Type	Code	Type	Response	RT	RT Uncertainty	Time	Uncertainty	Duration	Uncertainty	ReqTime	ReqDur

Picture	10	other				5830	3	20164	6	0	20000
Picture	10	other				26160	3	40163	5	0	40000
Picture	10	other				66489	3	40161	8	0	40000
Nothing	91	other				106659	2			0
Picture	202	other				137149	3	2000	6	0	1920
Sound	62	hit	1	7480	12	149151	9			0
Picture	2	other				183977	3	2000	6	0	1920
Sound	62	hit	1	4887	4	195966	1			0
Picture	113	other				230637	5	2000	9	0	1920
Sound	51	other				233957	2			3320
Sound	63	hit	2	5116	5	242629	2			0
Picture	1	other				278300	6	2000	9	0	1920
Sound	61	hit	1	10812	4	290280	2			0
Picture	101	other				325128	3	1999	8	0	1920
Sound	61	incorrect	2	5398	5	337123	2			0
Picture	212	other				372956	3	2001	7	0	1920
Sound	51	other				377816	2			4860
Sound	62	incorrect	2	6435	6	384954	2			0
Picture	2	other				420285	3	1999	6	0	1920
Sound	62	hit	1	16956	4	432276	2			0
Picture	24	other				467279	3	2001	6	0	1920
Sound	52	other				474609	2			7330
Sound	64	hit	2	6429	4	479269	2			0
Picture	12	other				513775	2	1999	5	0	1920
Sound	51	other				518674	2			4900
Sound	62	hit	1	6560	4	525753	2			0
Picture	1	other				561103	6	2000	8	0	1920
Sound	61	hit	1	6473	6	573106	3			0
Picture	2	other				608764	3	2000	5	0	1920
Sound	62	hit	1	9455	4	620756	2			0
Picture	4	other				655093	3	2000	5	0	1920
Sound	64	hit	2	5817	4	667090	2			0
Picture	111	other				702421	4	2000	7	0	1920
Sound	51	other				707352	2			4930
Sound	61	hit	1	7812	5	714413	1			0
Picture	204	other				748916	3	2000	6	0	1920
Sound	64	hit	2	5168	3	760897	1			0
Picture	202	other				796744	3	2000	6	0	1920
Sound	62	hit	1	6501	4	808727	2			0
Picture	3	other				843405	3	2001	6	0	1920
Sound	63	hit	2	7951	3	855391	1			0
Picture	202	other				890400	3	2001	5	0	1920
Sound	62	hit	1	5582	5	902384	2			0
Picture	2	other				938229	3	2000	6	0	1920
Sound	62	hit	1	7756	3	950215	1			0
Picture	3	other				984890	3	2000	6	0	1920
Sound	63	hit	2	8145	5	996878	3			0
Picture	101	other				1032719	3	1999	6	0	1920
Sound	61	hit	1	7265	4	1044709	2			0
Picture	21	other				1080880	3	2000	5	0	1920
Sound	52	other				1087339	2			6460
Sound	61	hit	1	7736	6	1092869	4			0
Picture	204	other				1128708	3	2000	5	0	1920
Sound	64	hit	2	9471	4	1140700	2			0
Picture	23	other				1175203	3	2000	6	0	1920
Sound	52	other				1181323	2			6120
Sound	63	hit	2	6149	4	1187183	2			0
Picture	3	other				1223032	3	1999	6	0	1920
Sound	63	hit	2	5688	6	1235014	2			0
Picture	103	other				1269360	2	1999	5	0	1920
Sound	63	hit	2	4887	4	1281349	2			0
Picture	103	other				1316355	2	2000	4	0	1920
Sound	63	hit	2	7131	4	1328342	2			0
Picture	1	other				1363183	4	2000	7	0	1920
Sound	61	hit	1	11059	5	1375185	3			0
Picture	4	other				1410678	2	2000	5	0	1920
Sound	64	hit	2	6201	5	1422656	2			0
Picture	214	other				1457173	3	2000	7	0	1920
Sound	51	other				1461882	2			4710
Sound	64	hit	2	9218	5	1469170	2			0
Picture	204	other				1504501	3	2000	6	0	1920
Sound	64	hit	2	6906	4	1516492	2			0
Picture	202	other				1552162	3	2001	5	0	1920
Sound	62	hit	1	6894	5	1564144	3			0
Picture	101	other				1598657	4	2001	7	0	1920
Sound	61	hit	1	8125	4	1610657	2			0
Picture	11	other				1645318	5	2001	8	0	1920
Sound	51	other				1648747	2			3430
Sound	61	hit	1	6366	4	1657321	2			0
Picture	222	other				1692315	6	1999	9	0	1920
Sound	52	other				1699414	2			7100
Sound	62	hit	1	6577	4	1704313	2			0
Picture	4	other				1739643	2	1999	5	0	1920
Sound	64	hit	2	11944	5	1751635	2			0
Picture	3	other				1786304	3	1999	7	0	1920
Sound	63	hit	2	6568	4	1798299	2			0
Picture	22	other				1832631	5	2002	7	0	1920
Sound	52	other				1839331	1			6700
Sound	62	hit	1	7158	4	1844633	2			0
Picture	202	other				1879961	3	2000	6	0	1920
Sound	62	hit	1	6594	4	1891955	2			0
Picture	1	other				1928122	3	1999	6	0	1920
Sound	61	hit	1	10999	5	1940116	2			0
Picture	204	other				1975951	3	1998	7	0	1920
Sound	64	hit	2	7603	4	1987947	1			0
Picture	101	other				2022278	4	2001	6	0	1920
Sound	61	hit	1	8738	4	2034281	2			0
Picture	101	other				2068940	3	2000	6	0	1920
Sound	61	hit	1	6590	4	2080944	2			0
Picture	1	other				2116768	3	2000	6	0	1920
Sound	61	hit	1	8625	4	2128775	2			0
Picture	4	other				2164430	3	1999	7	0	1920
Sound	64	hit	2	7538	4	2176426	2			0
Picture	101	other				2211425	3	1998	7	0	1920
Sound	61	hit	1	7843	5	2223419	2			0
Picture	3	other				2258587	3	2000	5	0	1920
Sound	63	hit	2	7957	4	2270591	2			0
Picture	14	other				2306581	3	2000	5	0	1920
Sound	51	other				2311781	2			5200
Sound	64	hit	2	6885	6	2318572	2			0
Picture	103	other				2354076	3	2000	7	0	1920
Sound	63	hit	2	9569	4	2366073	2			0
Picture	2	other				2401405	3	1999	6	0	1920
Sound	62	hit	1	8653	6	2413396	4			0
Picture	4	other				2449233	3	2000	6	0	1920
Sound	64	hit	2	8277	4	2461227	1			0
Picture	103	other				2496726	4	2001	7	0	1920
Sound	63	hit	2	8428	4	2508728	2			0
Picture	121	other				2544556	4	2000	6	0	1920
Sound	52	other				2551465	2			6910
Sound	61	hit	1	8202	4	2556559	1			0
Picture	3	other				2591384	2	1999	5	0	1920
Sound	63	hit	2	7288	5	2603372	2			0
Picture	202	other				2639046	3	1999	6	0	1920
Sound	62	hit	1	11225	5	2651053	2			0
Picture	13	other				2685374	3	2000	5	0	1920
Sound	51	other				2687944	1			2570
Sound	63	hit	2	5826	5	2697357	2			0
Picture	123	other				2731869	5	2000	8	0	1920
Sound	52	other				2737449	2			5580
Sound	63	hit	2	5621	5	2743872	3			0
Picture	2	other				2779864	3	1998	7	0	1920
Sound	62	hit	1	11346	5	2791852	2			0
Picture	204	other				2826192	4	2000	9	0	1920
Sound	64	hit	2	9664	5	2838187	3			0
Picture	4	other				2872854	3	1999	7	0	1920
Sound	64	hit	2	8550	5	2884850	3			0
Picture	224	other				2919682	3	2000	5	0	1920
Sound	52	other				2926012	1			6330
Sound	64	hit	2	6414	4	2931663	2			0
Picture	103	other				2967010	3	2000	6	0	1920
Sound	63	hit	2	7865	5	2979015	2			0
Picture	1	other				3015171	3	2000	6	0	1920
Sound	61	hit	1	8350	4	3027175	2			0
Picture	103	other				3062833	3	1999	6	0	1920
Sound	63	hit	2	7213	5	3074826	2			0
Picture	204	other				3109827	3	2001	5	0	1920
Sound	64	incorrect	1	13781	4	3121819	2			0
