Scenario - 17_March_2015
Logfile written - 03/28/2017 16:19:34

Subject	Trial	Event Type	Code	Time	TTime	Uncertainty	Duration	Uncertainty	ReqTime	ReqDur	Stim Type	Pair Index

RENFR	1	Response	253	7294	17127	1
RENFR	2	Picture	10	7331	0	1	20164	3	0	20000	other	0
RENFR	3	Picture	10	27662	0	1	40163	2	0	40000	other	0
RENFR	4	Picture	10	67991	0	2	40163	4	0	40000	other	0
RENFR	4	Response	252	85387	17396	2
RENFR	5	Nothing	91	108156	0	1			0		other	0
RENFR	6	Picture	202	138318	0	1	1999	3	0	1920	other	0
RENFR	7	Sound	62	150317	0	2			0		incorrect	9
RENFR	7	Response	252	161865	11548	1
RENFR	8	Picture	1	185480	0	1	2000	2	0	1920	other	0
RENFR	9	Sound	61	197460	0	1			0		incorrect	12
RENFR	9	Response	252	213245	15785	1
RENFR	10	Picture	103	231808	0	2	2000	4	0	1920	other	0
RENFR	11	Sound	63	243795	0	1			0		hit	15
RENFR	11	Response	252	253654	9859	2
RENFR	12	Picture	204	279470	0	2	2000	4	0	1920	other	0
RENFR	13	Sound	64	291447	0	1			0		hit	18
RENFR	13	Response	252	299121	7674	2
RENFR	14	Picture	2	326466	0	1	2000	2	0	1920	other	0
RENFR	15	Sound	62	338440	0	1			0		incorrect	21
RENFR	15	Response	252	343056	4616	1
RENFR	16	Picture	103	373461	0	2	2000	3	0	1920	other	0
RENFR	17	Sound	63	385433	0	1			0		incorrect	24
RENFR	17	Response	251	389959	4526	2
RENFR	18	Picture	123	421123	0	1	2000	2	0	1920	other	0
RENFR	18	Sound	52	427212	6089	1			6090		other	0
RENFR	19	Sound	63	433115	0	1			0		hit	28
RENFR	19	Response	252	447474	14359	1
RENFR	20	Picture	3	468452	0	1	1999	3	0	1920	other	0
RENFR	21	Sound	63	480437	0	1			0		hit	31
RENFR	21	Response	252	490139	9702	1
RENFR	22	Picture	14	515280	0	2	2000	4	0	1920	other	0
RENFR	22	Sound	51	518629	3349	1			3350		other	0
RENFR	23	Sound	64	527251	0	1			0		hit	35
RENFR	23	Response	252	535158	7907	1
RENFR	24	Picture	3	563109	0	1	2000	2	0	1920	other	0
RENFR	25	Sound	63	575082	0	1			0		hit	38
RENFR	25	Response	252	583295	8213	1
RENFR	26	Picture	101	610771	0	1	2000	2	0	1920	other	0
RENFR	27	Sound	61	622764	0	1			0		hit	41
RENFR	27	Response	251	628381	5617	1
RENFR	28	Picture	234	658766	0	2	2000	4	0	1920	other	0
RENFR	28	Sound	52	665745	6979	1			6980		other	0
RENFR	29	Sound	64	670745	0	1			0		hit	45
RENFR	29	Response	252	686192	15447	1
RENFR	30	Picture	4	706428	0	2	2000	3	0	1920	other	0
RENFR	31	Sound	61	718426	0	2			0		hit	48
RENFR	31	Response	251	722110	3684	1
RENFR	32	Picture	214	752923	0	2	2000	4	0	1920	other	0
RENFR	32	Sound	51	757633	4710	1			4710		other	0
RENFR	33	Sound	64	764911	0	1			0		hit	52
RENFR	33	Response	252	773272	8361	2
RENFR	34	Picture	204	800252	0	2	2000	3	0	1920	other	0
RENFR	35	Sound	62	812233	0	1			0		incorrect	55
RENFR	35	Response	252	820356	8123	1
RENFR	36	Response	251	907479	59565	1
RENFR	36	Response	251	907589	59675	1
RENFR	36	Response	251	907694	59780	2
RENFR	36	Response	251	907864	59950	1
RENFR	36	Response	251	907981	60067	2
RENFR	36	Response	251	921089	73175	2
RENFR	36	Response	251	921196	73282	1
RENFR	36	Response	251	921669	73755	1
RENFR	36	Response	251	921989	74075	1
RENFR	36	Response	251	922200	74286	2
RENFR	36	Response	251	922317	74403	1
RENFR	36	Response	251	922456	74542	1
RENFR	36	Response	251	937970	90056	1
RENFR	36	Response	251	938104	90190	2
RENFR	36	Response	251	1015985	168071	1
RENFR	36	Response	251	1021235	173321	1
RENFR	36	Response	251	1121142	273228	1
RENFR	36	Response	251	1122766	274852	1
RENFR	36	Response	251	1122874	274960	1
RENFR	36	Response	251	1123204	275290	2
RENFR	36	Response	251	1123308	275394	2
RENFR	36	Response	251	1127315	279401	2
RENFR	36	Response	251	1127418	279504	1
RENFR	36	Response	251	1135126	287212	1
RENFR	36	Response	251	1172283	324369	2
RENFR	36	Response	251	1183390	335476	1
RENFR	36	Response	251	1338242	490328	1
RENFR	36	Response	251	1338356	490442	1
RENFR	36	Response	251	1382215	534301	1
RENFR	36	Response	251	1492450	644536	1
RENFR	36	Response	251	1497490	649576	1
RENFR	36	Response	251	1500626	652712	1
RENFR	36	Response	251	1503450	655536	1
RENFR	36	Response	251	1503553	655639	1
RENFR	36	Response	251	1503656	655742	2
RENFR	36	Response	251	1503760	655846	1
RENFR	36	Response	251	1517783	669869	1
RENFR	36	Response	251	2223250	1375336	1
RENFR	36	Response	253	2575939	1728025	1


Event Type	Code	Type	Response	RT	RT Uncertainty	Time	Uncertainty	Duration	Uncertainty	ReqTime	ReqDur

Picture	10	other				7331	1	20164	3	0	20000
Picture	10	other				27662	1	40163	2	0	40000
Picture	10	other				67991	2	40163	4	0	40000
Nothing	91	other				108156	1			0
Picture	202	other				138318	1	1999	3	0	1920
Sound	62	incorrect	2	11548	3	150317	2			0
Picture	1	other				185480	1	2000	2	0	1920
Sound	61	incorrect	2	15785	2	197460	1			0
Picture	103	other				231808	2	2000	4	0	1920
Sound	63	hit	2	9859	3	243795	1			0
Picture	204	other				279470	2	2000	4	0	1920
Sound	64	hit	2	7674	3	291447	1			0
Picture	2	other				326466	1	2000	2	0	1920
Sound	62	incorrect	2	4616	2	338440	1			0
Picture	103	other				373461	2	2000	3	0	1920
Sound	63	incorrect	1	4526	3	385433	1			0
Picture	123	other				421123	1	2000	2	0	1920
Sound	52	other				427212	1			6090
Sound	63	hit	2	14359	2	433115	1			0
Picture	3	other				468452	1	1999	3	0	1920
Sound	63	hit	2	9702	2	480437	1			0
Picture	14	other				515280	2	2000	4	0	1920
Sound	51	other				518629	1			3350
Sound	64	hit	2	7907	2	527251	1			0
Picture	3	other				563109	1	2000	2	0	1920
Sound	63	hit	2	8213	2	575082	1			0
Picture	101	other				610771	1	2000	2	0	1920
Sound	61	hit	1	5617	2	622764	1			0
Picture	234	other				658766	2	2000	4	0	1920
Sound	52	other				665745	1			6980
Sound	64	hit	2	15447	2	670745	1			0
Picture	4	other				706428	2	2000	3	0	1920
Sound	61	hit	1	3684	3	718426	2			0
Picture	214	other				752923	2	2000	4	0	1920
Sound	51	other				757633	1			4710
Sound	64	hit	2	8361	3	764911	1			0
Picture	204	other				800252	2	2000	3	0	1920
Sound	62	incorrect	2	8123	2	812233	1			0
