Scenario - SeuilAuditif
Logfile written - 03/28/2017 15:54:14

Subject	Trial	Event Type	Code	Time	TTime	Uncertainty	Duration	Uncertainty	ReqTime	ReqDur	Stim Type	Pair Index

RRENFR	2	Sound	L_tarson_Left_0.7	388	57	1			0		other	0
RRENFR	3	Sound	L_tarson_Left_0.65	10535	38	1			0		other	0
RRENFR	4	Sound	L_tarson_Left_0.6	20712	50	1			0		other	0
RRENFR	5	Sound	L_tarson_Left_0.55	30859	31	1			0		other	0
RRENFR	6	Sound	L_tarson_Left_0.5	41036	42	1			0		other	0
RRENFR	7	Sound	L_tarson_Left_0.45	51212	53	2			0		other	0
RRENFR	8	Sound	L_tarson_Left_0.4	61360	35	1			0		other	0
RRENFR	8	Response	1	66838	5513	2
RRENFR	9	Sound	L_tarson-Left-0.35	71536	45	2			0		other	0
RRENFR	10	Sound	L_tarson_Left_0.35	81713	57	1			0		other	0
RRENFR	11	Sound	L_tarson_Left_0.4	91860	38	1			0		other	0
RRENFR	12	Sound	L_tarson_Left_0.45	102037	49	1			0		other	0
RRENFR	12	Response	1	111357	9369	1
RRENFR	13	Sound	L_tarson-Left-0.5	112184	31	1			0		other	0
RRENFR	14	Sound	L_tarson_Left_0.5	122361	42	1			0		other	0
RRENFR	15	Sound	L_tarson_Left_0.48	132538	53	1			0		other	0
RRENFR	16	Sound	L_tarson_Left_0.46	142685	35	1			0		other	0
RRENFR	17	Sound	L_tarson_Left_0.44	152862	46	1			0		other	0
RRENFR	18	Sound	L_tarson_Left_0.42	163039	57	1			0		other	0
RRENFR	19	Sound	L_tarson_Left_0.4	173185	38	2			0		other	0
RRENFR	19	Response	1	179262	6115	2
RRENFR	20	Sound	L_tarson-Left-0.38	183362	49	1			0		other	0
RRENFR	21	Sound	L_tarson_Left_0.38	193509	31	1			0		other	0
RRENFR	22	Sound	L_tarson_Left_0.4	203686	42	1			0		other	0
RRENFR	23	Sound	L_tarson_Left_0.42	213863	53	1			0		other	0
RRENFR	24	Sound	L_tarson_Left_0.44	224010	34	1			0		other	0
RRENFR	24	Response	1	228244	4268	2
RRENFR	25	Sound	L_tarson-Left-0.46	234187	46	1			0		other	0
RRENFR	26	Sound	L_tarson_Left_0.46	244364	58	1			0		other	0
RRENFR	27	Sound	L_tarson_Left_0.44	254510	38	2			0		other	0
RRENFR	28	Sound	L_tarson_Left_0.42	264687	49	2			0		other	0
RRENFR	29	Sound	L_tarson_Left_0.4	274834	30	1			0		other	0
RRENFR	30	Sound	L_tarson_Left_0.38	285011	42	1			0		other	0
RRENFR	31	Sound	L_tarson_Left_0.36	295188	53	1			0		other	0
RRENFR	31	Response	1	299671	4536	1
RRENFR	32	Sound	L_tarson-Left-0.34	305335	34	1			0		other	0
RRENFR	33	Sound	L_tarson_Left_0.34	315512	46	1			0		other	0
RRENFR	34	Sound	L_tarson_Left_0.36	325689	57	1			0		other	0
RRENFR	35	Sound	L_tarson_Left_0.38	335836	38	1			0		other	0
RRENFR	36	Sound	L_tarson_Left_0.4	346013	50	1			0		other	0
RRENFR	37	Sound	L_tarson_Left_0.42	356160	31	1			0		other	0
RRENFR	38	Sound	L_tarson_Left_0.44	366336	41	2			0		other	0
RRENFR	38	Response	1	370390	4095	1
RRENFR	40	Sound	H_tarson_Left_0.7	386660	34	1			0		other	0
RRENFR	41	Sound	H_tarson_Left_0.65	396837	45	1			0		other	0
RRENFR	41	Response	1	404547	7755	1
RRENFR	42	Sound	H_tarson-Left-0.6	407014	57	1			0		other	0
RRENFR	43	Sound	H_tarson_Left_0.6	417161	38	1			0		other	0
RRENFR	44	Sound	H_tarson_Left_0.65	427338	49	1			0		other	0
RRENFR	44	Response	1	433024	5735	1
RRENFR	45	Sound	H_tarson-Left-0.7	437515	194	1			0		other	0
RRENFR	46	Sound	H_tarson_Left_0.7	447512	59	1			0		other	0
RRENFR	47	Sound	H_tarson_Left_0.68	457659	40	1			0		other	0
RRENFR	48	Sound	H_tarson_Left_0.66	467836	51	1			0		other	0
RRENFR	49	Sound	H_tarson_Left_0.64	477983	33	1			0		other	0
RRENFR	50	Sound	H_tarson_Left_0.62	488160	44	1			0		other	0
RRENFR	51	Sound	H_tarson_Left_0.6	498336	54	2			0		other	0
RRENFR	52	Sound	H_tarson_Left_0.58	508483	36	1			0		other	0
RRENFR	53	Sound	H_tarson_Left_0.56	518660	47	1			0		other	0
RRENFR	54	Sound	H_tarson_Left_0.54	528837	58	1			0		other	0
RRENFR	55	Sound	H_tarson_Left_0.52	538984	40	1			0		other	0
RRENFR	56	Sound	H_tarson_Left_0.5	549161	51	1			0		other	0
RRENFR	57	Sound	H_tarson_Left_0.48	559308	32	1			0		other	0
RRENFR	58	Sound	H_tarson_Left_0.46	569485	44	1			0		other	0
RRENFR	59	Sound	H_tarson_Left_0.44	579662	55	1			0		other	0
RRENFR	60	Sound	H_tarson_Left_0.42	589809	36	1			0		other	0
RRENFR	60	Response	1	593049	3276	2
RRENFR	61	Sound	H_tarson-Left-0.4	599985	47	2			0		other	0
RRENFR	62	Sound	H_tarson_Left_0.4	610162	59	1			0		other	0
RRENFR	63	Sound	H_tarson_Left_0.42	620309	40	1			0		other	0
RRENFR	64	Sound	H_tarson_Left_0.44	630486	51	1			0		other	0
RRENFR	64	Response	1	635504	5069	1
RRENFR	65	Sound	H_tarson-Left-0.46	640633	32	1			0		other	0
RRENFR	66	Sound	H_tarson_Left_0.46	650810	43	1			0		other	0
RRENFR	67	Sound	H_tarson_Left_0.44	660987	55	1			0		other	0
RRENFR	68	Sound	H_tarson_Left_0.42	671134	36	1			0		other	0
RRENFR	69	Sound	H_tarson_Left_0.4	681310	46	2			0		other	0
RRENFR	70	Sound	H_tarson_Left_0.38	691487	58	2			0		other	0
RRENFR	71	Sound	H_tarson_Left_0.36	701634	39	2			0		other	0
RRENFR	71	Response	1	707800	6205	1
RRENFR	72	Sound	H_tarson-Left-0.34	711811	50	1			0		other	0
RRENFR	73	Sound	H_tarson_Left_0.34	721958	32	1			0		other	0
RRENFR	74	Sound	H_tarson_Left_0.36	732135	43	1			0		other	0
RRENFR	75	Sound	H_tarson_Left_0.38	742312	55	1			0		other	0
RRENFR	76	Sound	H_tarson_Left_0.4	752459	36	1			0		other	0
RRENFR	76	Response	1	756524	4101	2
RRENFR	78	Sound	L_tarson_Right_0.7	772813	59	1			0		other	0
RRENFR	79	Sound	L_tarson_Right_0.65	782960	40	1			0		other	0
RRENFR	80	Sound	L_tarson_Right_0.6	793136	50	2			0		other	0
RRENFR	81	Sound	L_tarson_Right_0.55	803283	32	2			0		other	0
RRENFR	82	Sound	L_tarson_Right_0.5	813460	43	1			0		other	0
RRENFR	83	Sound	L_tarson_Right_0.45	823637	54	1			0		other	0
RRENFR	84	Sound	L_tarson_Right_0.4	833784	36	1			0		other	0
RRENFR	85	Sound	L_tarson_Right_0.35	843961	47	1			0		other	0
RRENFR	86	Sound	L_tarson_Right_0.3	854138	58	1			0		other	0
RRENFR	87	Sound	L_tarson_Right_0.25	864285	40	1			0		other	0
RRENFR	88	Sound	L_tarson_Right_0.2	874462	51	1			0		other	0
RRENFR	88	Response	1	875524	1113	1
RRENFR	89	Sound	L_tarson-Right-0.15	884609	32	1			0		other	0
RRENFR	90	Sound	L_tarson_Right_0.15	894785	43	2			0		other	0
RRENFR	91	Sound	L_tarson_Right_0.2	904962	54	1			0		other	0
RRENFR	92	Sound	L_tarson_Right_0.25	915109	35	1			0		other	0
RRENFR	93	Sound	L_tarson_Right_0.3	925286	47	1			0		other	0
RRENFR	94	Sound	L_tarson_Right_0.35	935463	58	1			0		other	0
RRENFR	95	Sound	L_tarson_Right_0.4	945610	39	1			0		other	0
RRENFR	95	Response	1	949329	3758	1
RRENFR	96	Sound	L_tarson-Right-0.45	955787	51	1			0		other	0
RRENFR	97	Sound	L_tarson_Right_0.45	965934	32	1			0		other	0
RRENFR	98	Sound	L_tarson_Right_0.43	976111	43	1			0		other	0
RRENFR	99	Sound	L_tarson_Right_0.41	986287	54	2			0		other	0
RRENFR	100	Sound	L_tarson_Right_0.39	996434	35	2			0		other	0
RRENFR	101	Sound	L_tarson_Right_0.37	1006611	46	1			0		other	0
RRENFR	102	Sound	L_tarson_Right_0.35	1016788	58	1			0		other	0
RRENFR	103	Sound	L_tarson_Right_0.33	1026935	39	1			0		other	0
RRENFR	104	Sound	L_tarson_Right_0.31	1037112	50	1			0		other	0
RRENFR	104	Response	1	1045994	8932	1
RRENFR	105	Sound	L_tarson-Right-0.29	1047259	32	1			0		other	0
RRENFR	106	Sound	L_tarson_Right_0.29	1057436	43	1			0		other	0
RRENFR	107	Sound	L_tarson_Right_0.31	1067613	54	1			0		other	0
RRENFR	108	Sound	L_tarson_Right_0.33	1077760	36	1			0		other	0
RRENFR	109	Sound	L_tarson_Right_0.35	1087936	46	2			0		other	0
RRENFR	110	Sound	L_tarson_Right_0.37	1098113	58	1			0		other	0
RRENFR	110	Response	1	1098113	58	1
RRENFR	111	Sound	L_tarson-Right-0.39	1108260	39	1			0		other	0
RRENFR	112	Sound	L_tarson_Right_0.39	1118437	50	1			0		other	0
RRENFR	113	Sound	L_tarson_Right_0.37	1128584	32	1			0		other	0
RRENFR	114	Sound	L_tarson_Right_0.35	1138761	43	1			0		other	0
RRENFR	115	Sound	L_tarson_Right_0.33	1148938	54	1			0		other	0
RRENFR	116	Sound	L_tarson_Right_0.31	1159085	36	1			0		other	0
RRENFR	116	Response	1	1167547	8498	1
RRENFR	117	Sound	L_tarson-Right-0.29	1169262	47	1			0		other	0
RRENFR	118	Sound	L_tarson_Right_0.29	1179439	58	1			0		other	0
RRENFR	119	Sound	L_tarson_Right_0.31	1189585	38	2			0		other	0
RRENFR	120	Sound	L_tarson_Right_0.33	1199762	50	1			0		other	0
RRENFR	121	Sound	L_tarson_Right_0.35	1209909	31	1			0		other	0
RRENFR	121	Response	1	1214567	4689	1
RRENFR	123	Sound	H_tarson_Right_0.7	1230263	54	1			0		other	0
RRENFR	124	Sound	H_tarson_Right_0.65	1240410	35	1			0		other	0
RRENFR	125	Sound	H_tarson_Right_0.6	1250587	47	1			0		other	0
RRENFR	126	Sound	H_tarson_Right_0.55	1260764	58	1			0		other	0
RRENFR	127	Sound	H_tarson_Right_0.5	1270911	39	1			0		other	0
RRENFR	128	Sound	H_tarson_Right_0.45	1281088	51	1			0		other	0
RRENFR	129	Sound	H_tarson_Right_0.4	1291234	31	1			0		other	0
RRENFR	130	Sound	H_tarson_Right_0.35	1301411	42	1			0		other	0
RRENFR	131	Sound	H_tarson_Right_0.3	1311588	54	1			0		other	0
RRENFR	131	Response	1	1316215	4681	1
RRENFR	132	Sound	H_tarson-Right-0.25	1321735	35	1			0		other	0
RRENFR	133	Sound	H_tarson_Right_0.25	1331912	46	1			0		other	0
RRENFR	134	Sound	H_tarson_Right_0.3	1342089	58	1			0		other	0
RRENFR	135	Sound	H_tarson_Right_0.35	1352236	39	1			0		other	0
RRENFR	136	Sound	H_tarson_Right_0.4	1362413	50	1			0		other	0
RRENFR	136	Response	1	1366280	3917	2
RRENFR	137	Sound	H_tarson-Right-0.45	1372560	32	1			0		other	0
RRENFR	138	Sound	H_tarson_Right_0.45	1382736	42	2			0		other	0
RRENFR	139	Sound	H_tarson_Right_0.43	1392913	53	1			0		other	0
RRENFR	139	Response	1	1400993	8133	1
RRENFR	140	Sound	H_tarson-Right-0.41	1403060	35	1			0		other	0
RRENFR	141	Sound	H_tarson_Right_0.41	1413237	46	1			0		other	0
RRENFR	142	Sound	H_tarson_Right_0.43	1423414	57	1			0		other	0
RRENFR	143	Sound	H_tarson_Right_0.45	1433561	39	1			0		other	0
RRENFR	143	Response	1	1441879	8357	2
RRENFR	144	Sound	H_tarson-Right-0.47	1443738	50	1			0		other	0
RRENFR	145	Sound	H_tarson_Right_0.47	1453885	31	1			0		other	0
RRENFR	146	Sound	H_tarson_Right_0.45	1464062	43	1			0		other	0
RRENFR	147	Sound	H_tarson_Right_0.43	1474238	53	2			0		other	0
RRENFR	148	Sound	H_tarson_Right_0.41	1484385	34	2			0		other	0
RRENFR	149	Sound	H_tarson_Right_0.39	1494562	46	1			0		other	0
RRENFR	150	Sound	H_tarson_Right_0.37	1504739	57	1			0		other	0
RRENFR	151	Sound	H_tarson_Right_0.35	1514886	38	1			0		other	0
RRENFR	152	Sound	H_tarson_Right_0.33	1525063	50	1			0		other	0
RRENFR	152	Response	1	1529985	4972	1
RRENFR	153	Sound	H_tarson-Right-0.31	1535210	31	1			0		other	0
RRENFR	154	Sound	H_tarson_Right_0.31	1545387	42	1			0		other	0
RRENFR	155	Sound	H_tarson_Right_0.33	1555564	54	1			0		other	0
RRENFR	156	Sound	H_tarson_Right_0.35	1565711	35	1			0		other	0
RRENFR	157	Sound	H_tarson_Right_0.37	1575888	47	1			0		other	0
RRENFR	157	Response	1	1579150	3309	1


Event Type	Code	Type	Response	RT	RT Uncertainty	Time	Uncertainty	Duration	Uncertainty	ReqTime	ReqDur

Sound	L_tarson_Left_0.7	other				388	1			0
Sound	L_tarson_Left_0.65	other				10535	1			0
Sound	L_tarson_Left_0.6	other				20712	1			0
Sound	L_tarson_Left_0.55	other				30859	1			0
Sound	L_tarson_Left_0.5	other				41036	1			0
Sound	L_tarson_Left_0.45	other				51212	2			0
Sound	L_tarson_Left_0.4	other				61360	1			0
Sound	L_tarson-Left-0.35	other				71536	2			0
Sound	L_tarson_Left_0.35	other				81713	1			0
Sound	L_tarson_Left_0.4	other				91860	1			0
Sound	L_tarson_Left_0.45	other				102037	1			0
Sound	L_tarson-Left-0.5	other				112184	1			0
Sound	L_tarson_Left_0.5	other				122361	1			0
Sound	L_tarson_Left_0.48	other				132538	1			0
Sound	L_tarson_Left_0.46	other				142685	1			0
Sound	L_tarson_Left_0.44	other				152862	1			0
Sound	L_tarson_Left_0.42	other				163039	1			0
Sound	L_tarson_Left_0.4	other				173185	2			0
Sound	L_tarson-Left-0.38	other				183362	1			0
Sound	L_tarson_Left_0.38	other				193509	1			0
Sound	L_tarson_Left_0.4	other				203686	1			0
Sound	L_tarson_Left_0.42	other				213863	1			0
Sound	L_tarson_Left_0.44	other				224010	1			0
Sound	L_tarson-Left-0.46	other				234187	1			0
Sound	L_tarson_Left_0.46	other				244364	1			0
Sound	L_tarson_Left_0.44	other				254510	2			0
Sound	L_tarson_Left_0.42	other				264687	2			0
Sound	L_tarson_Left_0.4	other				274834	1			0
Sound	L_tarson_Left_0.38	other				285011	1			0
Sound	L_tarson_Left_0.36	other				295188	1			0
Sound	L_tarson-Left-0.34	other				305335	1			0
Sound	L_tarson_Left_0.34	other				315512	1			0
Sound	L_tarson_Left_0.36	other				325689	1			0
Sound	L_tarson_Left_0.38	other				335836	1			0
Sound	L_tarson_Left_0.4	other				346013	1			0
Sound	L_tarson_Left_0.42	other				356160	1			0
Sound	L_tarson_Left_0.44	other				366336	2			0
Sound	H_tarson_Left_0.7	other				386660	1			0
Sound	H_tarson_Left_0.65	other				396837	1			0
Sound	H_tarson-Left-0.6	other				407014	1			0
Sound	H_tarson_Left_0.6	other				417161	1			0
Sound	H_tarson_Left_0.65	other				427338	1			0
Sound	H_tarson-Left-0.7	other				437515	1			0
Sound	H_tarson_Left_0.7	other				447512	1			0
Sound	H_tarson_Left_0.68	other				457659	1			0
Sound	H_tarson_Left_0.66	other				467836	1			0
Sound	H_tarson_Left_0.64	other				477983	1			0
Sound	H_tarson_Left_0.62	other				488160	1			0
Sound	H_tarson_Left_0.6	other				498336	2			0
Sound	H_tarson_Left_0.58	other				508483	1			0
Sound	H_tarson_Left_0.56	other				518660	1			0
Sound	H_tarson_Left_0.54	other				528837	1			0
Sound	H_tarson_Left_0.52	other				538984	1			0
Sound	H_tarson_Left_0.5	other				549161	1			0
Sound	H_tarson_Left_0.48	other				559308	1			0
Sound	H_tarson_Left_0.46	other				569485	1			0
Sound	H_tarson_Left_0.44	other				579662	1			0
Sound	H_tarson_Left_0.42	other				589809	1			0
Sound	H_tarson-Left-0.4	other				599985	2			0
Sound	H_tarson_Left_0.4	other				610162	1			0
Sound	H_tarson_Left_0.42	other				620309	1			0
Sound	H_tarson_Left_0.44	other				630486	1			0
Sound	H_tarson-Left-0.46	other				640633	1			0
Sound	H_tarson_Left_0.46	other				650810	1			0
Sound	H_tarson_Left_0.44	other				660987	1			0
Sound	H_tarson_Left_0.42	other				671134	1			0
Sound	H_tarson_Left_0.4	other				681310	2			0
Sound	H_tarson_Left_0.38	other				691487	2			0
Sound	H_tarson_Left_0.36	other				701634	2			0
Sound	H_tarson-Left-0.34	other				711811	1			0
Sound	H_tarson_Left_0.34	other				721958	1			0
Sound	H_tarson_Left_0.36	other				732135	1			0
Sound	H_tarson_Left_0.38	other				742312	1			0
Sound	H_tarson_Left_0.4	other				752459	1			0
Sound	L_tarson_Right_0.7	other				772813	1			0
Sound	L_tarson_Right_0.65	other				782960	1			0
Sound	L_tarson_Right_0.6	other				793136	2			0
Sound	L_tarson_Right_0.55	other				803283	2			0
Sound	L_tarson_Right_0.5	other				813460	1			0
Sound	L_tarson_Right_0.45	other				823637	1			0
Sound	L_tarson_Right_0.4	other				833784	1			0
Sound	L_tarson_Right_0.35	other				843961	1			0
Sound	L_tarson_Right_0.3	other				854138	1			0
Sound	L_tarson_Right_0.25	other				864285	1			0
Sound	L_tarson_Right_0.2	other				874462	1			0
Sound	L_tarson-Right-0.15	other				884609	1			0
Sound	L_tarson_Right_0.15	other				894785	2			0
Sound	L_tarson_Right_0.2	other				904962	1			0
Sound	L_tarson_Right_0.25	other				915109	1			0
Sound	L_tarson_Right_0.3	other				925286	1			0
Sound	L_tarson_Right_0.35	other				935463	1			0
Sound	L_tarson_Right_0.4	other				945610	1			0
Sound	L_tarson-Right-0.45	other				955787	1			0
Sound	L_tarson_Right_0.45	other				965934	1			0
Sound	L_tarson_Right_0.43	other				976111	1			0
Sound	L_tarson_Right_0.41	other				986287	2			0
Sound	L_tarson_Right_0.39	other				996434	2			0
Sound	L_tarson_Right_0.37	other				1006611	1			0
Sound	L_tarson_Right_0.35	other				1016788	1			0
Sound	L_tarson_Right_0.33	other				1026935	1			0
Sound	L_tarson_Right_0.31	other				1037112	1			0
Sound	L_tarson-Right-0.29	other				1047259	1			0
Sound	L_tarson_Right_0.29	other				1057436	1			0
Sound	L_tarson_Right_0.31	other				1067613	1			0
Sound	L_tarson_Right_0.33	other				1077760	1			0
Sound	L_tarson_Right_0.35	other				1087936	2			0
Sound	L_tarson_Right_0.37	other				1098113	1			0
Sound	L_tarson-Right-0.39	other				1108260	1			0
Sound	L_tarson_Right_0.39	other				1118437	1			0
Sound	L_tarson_Right_0.37	other				1128584	1			0
Sound	L_tarson_Right_0.35	other				1138761	1			0
Sound	L_tarson_Right_0.33	other				1148938	1			0
Sound	L_tarson_Right_0.31	other				1159085	1			0
Sound	L_tarson-Right-0.29	other				1169262	1			0
Sound	L_tarson_Right_0.29	other				1179439	1			0
Sound	L_tarson_Right_0.31	other				1189585	2			0
Sound	L_tarson_Right_0.33	other				1199762	1			0
Sound	L_tarson_Right_0.35	other				1209909	1			0
Sound	H_tarson_Right_0.7	other				1230263	1			0
Sound	H_tarson_Right_0.65	other				1240410	1			0
Sound	H_tarson_Right_0.6	other				1250587	1			0
Sound	H_tarson_Right_0.55	other				1260764	1			0
Sound	H_tarson_Right_0.5	other				1270911	1			0
Sound	H_tarson_Right_0.45	other				1281088	1			0
Sound	H_tarson_Right_0.4	other				1291234	1			0
Sound	H_tarson_Right_0.35	other				1301411	1			0
Sound	H_tarson_Right_0.3	other				1311588	1			0
Sound	H_tarson-Right-0.25	other				1321735	1			0
Sound	H_tarson_Right_0.25	other				1331912	1			0
Sound	H_tarson_Right_0.3	other				1342089	1			0
Sound	H_tarson_Right_0.35	other				1352236	1			0
Sound	H_tarson_Right_0.4	other				1362413	1			0
Sound	H_tarson-Right-0.45	other				1372560	1			0
Sound	H_tarson_Right_0.45	other				1382736	2			0
Sound	H_tarson_Right_0.43	other				1392913	1			0
Sound	H_tarson-Right-0.41	other				1403060	1			0
Sound	H_tarson_Right_0.41	other				1413237	1			0
Sound	H_tarson_Right_0.43	other				1423414	1			0
Sound	H_tarson_Right_0.45	other				1433561	1			0
Sound	H_tarson-Right-0.47	other				1443738	1			0
Sound	H_tarson_Right_0.47	other				1453885	1			0
Sound	H_tarson_Right_0.45	other				1464062	1			0
Sound	H_tarson_Right_0.43	other				1474238	2			0
Sound	H_tarson_Right_0.41	other				1484385	2			0
Sound	H_tarson_Right_0.39	other				1494562	1			0
Sound	H_tarson_Right_0.37	other				1504739	1			0
Sound	H_tarson_Right_0.35	other				1514886	1			0
Sound	H_tarson_Right_0.33	other				1525063	1			0
Sound	H_tarson-Right-0.31	other				1535210	1			0
Sound	H_tarson_Right_0.31	other				1545387	1			0
Sound	H_tarson_Right_0.33	other				1555564	1			0
Sound	H_tarson_Right_0.35	other				1565711	1			0
Sound	H_tarson_Right_0.37	other				1575888	1			0
