Scenario - 17_March_2015
Logfile written - 04/03/2017 16:58:13

Subject	Trial	Event Type	Code	Time	TTime	Uncertainty	Duration	Uncertainty	ReqTime	ReqDur	Stim Type	Pair Index

toto	1	Response	253	39239	48907	5
toto	2	Picture	10	39326	0	3	20165	5	0	20000	other	0
toto	3	Picture	10	59658	0	4	40162	8	0	40000	other	0
toto	4	Picture	10	99987	0	3	40163	6	0	40000	other	0
toto	5	Nothing	91	140157	0	1			0		other	0
toto	6	Picture	21	170646	0	4	2000	7	0	1920	other	0
toto	6	Sound	52	176535	5889	2			5890		other	0
toto	7	Sound	61	182648	0	2			0		hit	9
toto	7	Response	251	193347	10699	2
toto	8	Picture	3	218473	0	5	2000	9	0	1920	other	0
toto	9	Sound	63	230480	0	2			0		hit	12
toto	9	Response	252	237044	6564	2
toto	10	Picture	1	265470	0	6	2000	9	0	1920	other	0
toto	11	Sound	61	277473	0	2			0		hit	15
toto	11	Response	251	282708	5235	2
toto	12	Picture	113	311800	0	2	1999	5	0	1920	other	0
toto	12	Sound	51	314599	2799	2			2800		other	0
toto	13	Sound	63	323778	0	2			0		hit	19
toto	13	Response	252	330538	6760	2
toto	14	Picture	202	358628	0	3	1999	6	0	1920	other	0
toto	15	Sound	62	370621	0	2			0		hit	22
toto	15	Response	251	380989	10368	2
toto	16	Picture	1	406623	0	3	2000	5	0	1920	other	0
toto	17	Sound	61	418602	0	2			0		hit	25
toto	17	Response	251	424089	5487	2
toto	18	Picture	4	453285	0	3	2000	6	0	1920	other	0
toto	19	Sound	64	465266	0	2			0		hit	28
toto	19	Response	252	471803	6537	2
toto	20	Picture	101	499614	0	3	2000	6	0	1920	other	0
toto	21	Sound	61	511601	0	2			0		hit	31
toto	21	Response	251	521271	9670	3
toto	22	Picture	4	547609	0	5	2000	7	0	1920	other	0
toto	23	Sound	64	559612	0	4			0		hit	34
toto	23	Response	252	570378	10766	3
toto	24	Picture	3	594938	0	2	1999	6	0	1920	other	0
toto	25	Sound	63	606935	0	1			0		hit	37
toto	25	Response	252	616378	9443	3
toto	26	Picture	224	642933	0	2	2000	5	0	1920	other	0
toto	26	Sound	52	649272	6339	2			6340		other	0
toto	27	Sound	64	654915	0	2			0		hit	41
toto	27	Response	252	663844	8929	2
toto	27	Response	252	667391	12476	2
toto	28	Picture	4	689595	0	3	2000	5	0	1920	other	0
toto	29	Sound	64	701579	0	2			0		hit	45
toto	29	Response	252	708707	7128	3
toto	30	Picture	202	736923	0	3	2001	5	0	1920	other	0
toto	31	Sound	62	748902	0	3			0		hit	48
toto	31	Response	251	754122	5220	2
toto	32	Picture	202	785085	0	3	2000	6	0	1920	other	0
toto	33	Sound	62	797062	0	2			0		hit	51
toto	33	Response	251	808040	10978	2
toto	34	Picture	204	832412	0	5	2002	7	0	1920	other	0
toto	35	Sound	64	844415	0	3			0		hit	54
toto	35	Response	252	851685	7270	2
toto	36	Picture	103	879743	0	3	2000	6	0	1920	other	0
toto	37	Sound	63	891737	0	2			0		hit	57
toto	37	Response	252	910676	18939	2
toto	38	Picture	202	926238	0	3	2000	5	0	1920	other	0
toto	39	Sound	62	938221	0	2			0		hit	60
toto	39	Response	251	949787	11566	2
toto	40	Picture	22	973901	0	5	1999	8	0	1920	other	0
toto	40	Sound	52	981781	7880	2			7880		other	0
toto	41	Sound	62	985904	0	3			0		hit	64
toto	41	Response	251	995033	9129	3
toto	42	Picture	202	1021229	0	3	2000	7	0	1920	other	0
toto	43	Sound	62	1033225	0	2			0		hit	67
toto	43	Response	251	1040796	7571	2
toto	44	Picture	103	1069224	0	3	2000	6	0	1920	other	0
toto	45	Sound	63	1081206	0	2			0		hit	70
toto	45	Response	252	1089214	8008	2
toto	46	Picture	204	1116553	0	3	2000	6	0	1920	other	0
toto	47	Sound	64	1128559	0	2			0		hit	73
toto	47	Response	252	1136804	8245	2
toto	48	Picture	23	1162882	0	3	1999	6	0	1920	other	0
toto	48	Sound	52	1171192	8310	1			8310		other	0
toto	49	Sound	63	1174863	0	2			0		hit	77
toto	49	Response	252	1181756	6893	2
toto	50	Picture	101	1210543	0	5	2001	7	0	1920	other	0
toto	51	Sound	61	1222546	0	3			0		hit	80
toto	51	Response	251	1232536	9990	2
toto	52	Picture	3	1258372	0	2	2000	4	0	1920	other	0
toto	53	Sound	63	1270376	0	2			0		hit	83
toto	53	Response	252	1277607	7231	2
toto	54	Picture	2	1305868	0	2	1999	5	0	1920	other	0
toto	55	Sound	62	1317848	0	2			0		hit	86
toto	55	Response	251	1330468	12620	2
toto	56	Picture	3	1352695	0	3	2000	8	0	1920	other	0
toto	57	Sound	63	1364692	0	2			0		hit	89
toto	57	Response	252	1370970	6278	2
toto	58	Picture	121	1400358	0	3	2000	5	0	1920	other	0
toto	58	Sound	52	1408517	8159	2			8160		other	0
toto	59	Sound	61	1412343	0	2			0		hit	93
toto	59	Response	251	1421638	9295	2
toto	60	Picture	1	1447020	0	3	2000	5	0	1920	other	0
toto	61	Sound	61	1459007	0	2			0		hit	96
toto	61	Response	251	1468227	9220	3
toto	62	Picture	2	1495015	0	3	2000	6	0	1920	other	0
toto	63	Sound	62	1507019	0	2			0		hit	99
toto	63	Response	251	1516680	9661	2
toto	64	Picture	103	1542510	0	3	2001	5	0	1920	other	0
toto	65	Sound	63	1554491	0	4			0		hit	102
toto	65	Response	252	1564666	10175	2
toto	66	Picture	222	1590339	0	3	2000	5	0	1920	other	0
toto	66	Sound	52	1595998	5659	2			5660		other	0
toto	67	Sound	62	1602322	0	2			0		hit	106
toto	67	Response	251	1612249	9927	2
toto	68	Picture	14	1636834	0	4	2000	7	0	1920	other	0
toto	68	Sound	51	1641063	4229	2			4230		other	0
toto	69	Sound	64	1648837	0	3			0		hit	110
toto	69	Response	252	1658235	9398	3
toto	69	Response	252	1661681	12844	2
toto	70	Picture	2	1684163	0	3	1999	7	0	1920	other	0
toto	71	Sound	62	1696159	0	2			0		hit	114
toto	71	Response	251	1705797	9638	4
toto	72	Picture	103	1731159	0	2	1999	5	0	1920	other	0
toto	73	Sound	63	1743152	0	4			0		hit	117
toto	73	Response	252	1749581	6429	2
toto	74	Picture	101	1777820	0	3	1999	7	0	1920	other	0
toto	75	Sound	61	1789816	0	2			0		hit	120
toto	75	Response	251	1798078	8262	4
toto	76	Picture	111	1825649	0	3	2000	5	0	1920	other	0
toto	76	Sound	51	1829379	3730	1			3730		other	0
toto	77	Sound	61	1837647	0	2			0		hit	124
toto	77	Response	251	1847366	9719	2
toto	78	Picture	202	1873144	0	3	2000	6	0	1920	other	0
toto	79	Sound	62	1885149	0	2			0		hit	127
toto	79	Response	251	1893939	8790	3
toto	80	Picture	1	1920973	0	3	2000	5	0	1920	other	0
toto	81	Sound	61	1932951	0	1			0		hit	130
toto	81	Response	251	1941829	8878	3
toto	82	Picture	4	1967468	0	3	2000	8	0	1920	other	0
toto	83	Sound	64	1979465	0	2			0		hit	133
toto	83	Response	252	1990623	11158	3
toto	84	Picture	101	2014296	0	3	2001	6	0	1920	other	0
toto	85	Sound	61	2026279	0	1			0		hit	136
toto	85	Response	251	2035067	8788	3
toto	86	Picture	204	2060626	0	2	1999	5	0	1920	other	0
toto	87	Sound	64	2072614	0	3			0		hit	139
toto	87	Response	252	2086166	13552	3
toto	88	Picture	13	2108288	0	3	1999	6	0	1920	other	0
toto	88	Sound	51	2112118	3830	2			3830		other	0
toto	89	Sound	63	2120265	0	2			0		hit	143
toto	89	Response	252	2128107	7842	3
toto	90	Picture	12	2156116	0	3	2001	5	0	1920	other	0
toto	90	Sound	51	2161316	5200	2			5200		other	0
toto	91	Sound	62	2168096	0	2			0		hit	147
toto	91	Response	251	2175740	7644	2
toto	92	Picture	204	2203775	0	6	2002	10	0	1920	other	0
toto	93	Sound	64	2215777	0	2			0		hit	150
toto	93	Response	252	2224291	8514	2
toto	94	Picture	11	2251440	0	3	2000	6	0	1920	other	0
toto	94	Sound	51	2254950	3510	2			3510		other	0
toto	95	Sound	61	2263429	0	2			0		incorrect	154
toto	95	Response	252	2271854	8425	2
toto	96	Picture	3	2298769	0	3	2000	5	0	1920	other	0
toto	97	Sound	63	2310752	0	2			0		hit	157
toto	97	Response	252	2325418	14666	2
toto	97	Response	252	2327650	16898	2
toto	98	Picture	212	2346264	0	2	2000	4	0	1920	other	0
toto	98	Sound	51	2350733	4469	2			4470		other	0
toto	99	Sound	62	2358254	0	2			0		hit	162
toto	99	Response	251	2368413	10159	2
toto	100	Picture	1	2394093	0	3	1999	6	0	1920	other	0
toto	101	Sound	61	2406086	0	1			0		hit	165
toto	101	Response	251	2414197	8111	4
toto	102	Picture	2	2441088	0	3	2000	6	0	1920	other	0
toto	103	Sound	62	2453078	0	2			0		hit	168
toto	103	Response	251	2466230	13152	2
toto	104	Picture	1	2488916	0	3	2001	6	0	1920	other	0
toto	105	Sound	61	2500909	0	2			0		hit	171
toto	105	Response	251	2509756	8847	2
toto	106	Picture	204	2536746	0	2	1999	6	0	1920	other	0
toto	107	Sound	64	2548741	0	2			0		hit	174
toto	107	Response	252	2554348	5607	2
toto	108	Picture	103	2583741	0	2	2000	4	0	1920	other	0
toto	109	Sound	63	2595734	0	2			0		hit	177
toto	109	Response	252	2606347	10613	2
toto	110	Picture	4	2631234	0	4	2002	6	0	1920	other	0
toto	111	Sound	64	2643236	0	2			0		hit	180
toto	111	Response	252	2652506	9270	2
toto	112	Picture	204	2677731	0	3	2000	6	0	1920	other	0
toto	113	Sound	64	2689721	0	2			0		hit	183
toto	113	Response	252	2696388	6667	2
toto	114	Picture	101	2725060	0	3	1999	6	0	1920	other	0
toto	115	Sound	61	2737043	0	4			0		hit	186
toto	115	Response	251	2745807	8764	3
toto	116	Picture	4	2771843	0	48	2043	52	0	1920	other	0
toto	117	Sound	64	2783827	0	2			0		hit	189
toto	117	Response	252	2793456	9629	2
toto	118	Picture	214	2818550	0	6	2001	12	0	1920	other	0
toto	118	Sound	51	2823179	4629	2			4630		other	0
toto	119	Sound	64	2830551	0	2			0		hit	193
toto	119	Response	252	2848997	18446	3
toto	120	Picture	2	2865879	0	3	1998	7	0	1920	other	0
toto	121	Sound	62	2877873	0	2			0		hit	196
toto	121	Response	251	2888327	10454	2
toto	122	Picture	103	2912208	0	3	2000	6	0	1920	other	0
toto	123	Sound	63	2924208	0	2			0		hit	199
toto	123	Response	252	2934600	10392	2
toto	124	Picture	101	2959371	0	2	1999	5	0	1920	other	0
toto	125	Sound	61	2971350	0	2			0		hit	202
toto	125	Response	251	2986472	15122	3
toto	126	Picture	2	3005823	0	46	2042	49	0	1920	other	0
toto	127	Sound	62	3017805	0	2			0		hit	205
toto	127	Response	251	3024971	7166	2
toto	128	Picture	24	3053028	0	3	1999	6	0	1920	other	0
toto	128	Sound	52	3059388	6360	1			6360		other	0
toto	129	Sound	64	3065008	0	2			0		hit	209
toto	129	Response	252	3070985	5977	2
toto	130	Picture	123	3100022	0	3	2001	5	0	1920	other	0
toto	130	Sound	52	3105862	5840	2			5840		other	0
toto	131	Sound	63	3112001	0	2			0		hit	213
toto	131	Response	252	3119715	7714	2
toto	132	Picture	3	3148185	0	3	2000	5	0	1920	other	0
toto	133	Sound	63	3160162	0	1			0		hit	216
toto	133	Response	252	3166840	6678	2
toto	134	Quit		5361808	2167128


Event Type	Code	Type	Response	RT	RT Uncertainty	Time	Uncertainty	Duration	Uncertainty	ReqTime	ReqDur

Picture	10	other				39326	3	20165	5	0	20000
Picture	10	other				59658	4	40162	8	0	40000
Picture	10	other				99987	3	40163	6	0	40000
Nothing	91	other				140157	1			0
Picture	21	other				170646	4	2000	7	0	1920
Sound	52	other				176535	2			5890
Sound	61	hit	1	10699	4	182648	2			0
Picture	3	other				218473	5	2000	9	0	1920
Sound	63	hit	2	6564	4	230480	2			0
Picture	1	other				265470	6	2000	9	0	1920
Sound	61	hit	1	5235	4	277473	2			0
Picture	113	other				311800	2	1999	5	0	1920
Sound	51	other				314599	2			2800
Sound	63	hit	2	6760	4	323778	2			0
Picture	202	other				358628	3	1999	6	0	1920
Sound	62	hit	1	10368	4	370621	2			0
Picture	1	other				406623	3	2000	5	0	1920
Sound	61	hit	1	5487	4	418602	2			0
Picture	4	other				453285	3	2000	6	0	1920
Sound	64	hit	2	6537	4	465266	2			0
Picture	101	other				499614	3	2000	6	0	1920
Sound	61	hit	1	9670	5	511601	2			0
Picture	4	other				547609	5	2000	7	0	1920
Sound	64	hit	2	10766	7	559612	4			0
Picture	3	other				594938	2	1999	6	0	1920
Sound	63	hit	2	9443	4	606935	1			0
Picture	224	other				642933	2	2000	5	0	1920
Sound	52	other				649272	2			6340
Sound	64	hit	2	8929	4	654915	2			0
Picture	4	other				689595	3	2000	5	0	1920
Sound	64	hit	2	7128	5	701579	2			0
Picture	202	other				736923	3	2001	5	0	1920
Sound	62	hit	1	5220	5	748902	3			0
Picture	202	other				785085	3	2000	6	0	1920
Sound	62	hit	1	10978	4	797062	2			0
Picture	204	other				832412	5	2002	7	0	1920
Sound	64	hit	2	7270	5	844415	3			0
Picture	103	other				879743	3	2000	6	0	1920
Sound	63	hit	2	18939	4	891737	2			0
Picture	202	other				926238	3	2000	5	0	1920
Sound	62	hit	1	11566	4	938221	2			0
Picture	22	other				973901	5	1999	8	0	1920
Sound	52	other				981781	2			7880
Sound	62	hit	1	9129	6	985904	3			0
Picture	202	other				1021229	3	2000	7	0	1920
Sound	62	hit	1	7571	4	1033225	2			0
Picture	103	other				1069224	3	2000	6	0	1920
Sound	63	hit	2	8008	4	1081206	2			0
Picture	204	other				1116553	3	2000	6	0	1920
Sound	64	hit	2	8245	4	1128559	2			0
Picture	23	other				1162882	3	1999	6	0	1920
Sound	52	other				1171192	1			8310
Sound	63	hit	2	6893	4	1174863	2			0
Picture	101	other				1210543	5	2001	7	0	1920
Sound	61	hit	1	9990	5	1222546	3			0
Picture	3	other				1258372	2	2000	4	0	1920
Sound	63	hit	2	7231	4	1270376	2			0
Picture	2	other				1305868	2	1999	5	0	1920
Sound	62	hit	1	12620	4	1317848	2			0
Picture	3	other				1352695	3	2000	8	0	1920
Sound	63	hit	2	6278	4	1364692	2			0
Picture	121	other				1400358	3	2000	5	0	1920
Sound	52	other				1408517	2			8160
Sound	61	hit	1	9295	4	1412343	2			0
Picture	1	other				1447020	3	2000	5	0	1920
Sound	61	hit	1	9220	5	1459007	2			0
Picture	2	other				1495015	3	2000	6	0	1920
Sound	62	hit	1	9661	4	1507019	2			0
Picture	103	other				1542510	3	2001	5	0	1920
Sound	63	hit	2	10175	6	1554491	4			0
Picture	222	other				1590339	3	2000	5	0	1920
Sound	52	other				1595998	2			5660
Sound	62	hit	1	9927	4	1602322	2			0
Picture	14	other				1636834	4	2000	7	0	1920
Sound	51	other				1641063	2			4230
Sound	64	hit	2	9398	6	1648837	3			0
Picture	2	other				1684163	3	1999	7	0	1920
Sound	62	hit	1	9638	6	1696159	2			0
Picture	103	other				1731159	2	1999	5	0	1920
Sound	63	hit	2	6429	6	1743152	4			0
Picture	101	other				1777820	3	1999	7	0	1920
Sound	61	hit	1	8262	6	1789816	2			0
Picture	111	other				1825649	3	2000	5	0	1920
Sound	51	other				1829379	1			3730
Sound	61	hit	1	9719	4	1837647	2			0
Picture	202	other				1873144	3	2000	6	0	1920
Sound	62	hit	1	8790	5	1885149	2			0
Picture	1	other				1920973	3	2000	5	0	1920
Sound	61	hit	1	8878	4	1932951	1			0
Picture	4	other				1967468	3	2000	8	0	1920
Sound	64	hit	2	11158	5	1979465	2			0
Picture	101	other				2014296	3	2001	6	0	1920
Sound	61	hit	1	8788	4	2026279	1			0
Picture	204	other				2060626	2	1999	5	0	1920
Sound	64	hit	2	13552	6	2072614	3			0
Picture	13	other				2108288	3	1999	6	0	1920
Sound	51	other				2112118	2			3830
Sound	63	hit	2	7842	5	2120265	2			0
Picture	12	other				2156116	3	2001	5	0	1920
Sound	51	other				2161316	2			5200
Sound	62	hit	1	7644	4	2168096	2			0
Picture	204	other				2203775	6	2002	10	0	1920
Sound	64	hit	2	8514	4	2215777	2			0
Picture	11	other				2251440	3	2000	6	0	1920
Sound	51	other				2254950	2			3510
Sound	61	incorrect	2	8425	4	2263429	2			0
Picture	3	other				2298769	3	2000	5	0	1920
Sound	63	hit	2	14666	4	2310752	2			0
Picture	212	other				2346264	2	2000	4	0	1920
Sound	51	other				2350733	2			4470
Sound	62	hit	1	10159	4	2358254	2			0
Picture	1	other				2394093	3	1999	6	0	1920
Sound	61	hit	1	8111	5	2406086	1			0
Picture	2	other				2441088	3	2000	6	0	1920
Sound	62	hit	1	13152	4	2453078	2			0
Picture	1	other				2488916	3	2001	6	0	1920
Sound	61	hit	1	8847	4	2500909	2			0
Picture	204	other				2536746	2	1999	6	0	1920
Sound	64	hit	2	5607	4	2548741	2			0
Picture	103	other				2583741	2	2000	4	0	1920
Sound	63	hit	2	10613	4	2595734	2			0
Picture	4	other				2631234	4	2002	6	0	1920
Sound	64	hit	2	9270	4	2643236	2			0
Picture	204	other				2677731	3	2000	6	0	1920
Sound	64	hit	2	6667	4	2689721	2			0
Picture	101	other				2725060	3	1999	6	0	1920
Sound	61	hit	1	8764	7	2737043	4			0
Picture	4	other				2771843	48	2043	52	0	1920
Sound	64	hit	2	9629	4	2783827	2			0
Picture	214	other				2818550	6	2001	12	0	1920
Sound	51	other				2823179	2			4630
Sound	64	hit	2	18446	5	2830551	2			0
Picture	2	other				2865879	3	1998	7	0	1920
Sound	62	hit	1	10454	4	2877873	2			0
Picture	103	other				2912208	3	2000	6	0	1920
Sound	63	hit	2	10392	4	2924208	2			0
Picture	101	other				2959371	2	1999	5	0	1920
Sound	61	hit	1	15122	5	2971350	2			0
Picture	2	other				3005823	46	2042	49	0	1920
Sound	62	hit	1	7166	4	3017805	2			0
Picture	24	other				3053028	3	1999	6	0	1920
Sound	52	other				3059388	1			6360
Sound	64	hit	2	5977	4	3065008	2			0
Picture	123	other				3100022	3	2001	5	0	1920
Sound	52	other				3105862	2			5840
Sound	63	hit	2	7714	4	3112001	2			0
Picture	3	other				3148185	3	2000	5	0	1920
Sound	63	hit	2	6678	3	3160162	1			0
