Scenario - 17_March_2015
Logfile written - 06/15/2016 10:51:37

Subject	Trial	Event Type	Code	Time	TTime	Uncertainty	Duration	Uncertainty	ReqTime	ReqDur	Stim Type	Pair Index

fp5	1	Response	253	43982	53815	1
fp5	2	Picture	10	44161	0	1	20165	3	0	20000	other	0
fp5	3	Picture	10	64493	0	1	40163	2	0	40000	other	0
fp5	3	Response	251	82054	17561	1
fp5	4	Picture	10	104822	0	2	40163	4	0	40000	other	0
fp5	4	Response	252	117585	12763	1
fp5	5	Nothing	91	144987	0	1			0		other	0
fp5	6	Picture	12	175149	0	2	2000	4	0	1920	other	0
fp5	6	Sound	51	180258	5109	2			5110		other	0
fp5	7	Sound	62	187137	0	1			0		hit	11
fp5	7	Response	251	194587	7450	1
fp5	8	Picture	3	221812	0	2	2000	3	0	1920	other	0
fp5	9	Sound	63	233801	0	1			0		hit	14
fp5	9	Response	252	237802	4001	1
fp5	10	Picture	22	269141	0	2	2000	4	0	1920	other	0
fp5	10	Sound	52	277381	8240	1			8240		other	0
fp5	11	Sound	62	281125	0	1			0		hit	18
fp5	11	Response	251	287299	6174	1
fp5	12	Picture	204	315304	0	1	2000	2	0	1920	other	0
fp5	13	Sound	64	327280	0	2			0		hit	21
fp5	13	Response	252	331909	4629	1
fp5	14	Picture	204	361800	0	1	2000	2	0	1920	other	0
fp5	15	Sound	64	373795	0	2			0		hit	24
fp5	15	Response	252	379071	5276	1
fp5	15	Response	252	397135	23340	1
fp5	16	Picture	2	409296	0	1	2000	2	0	1920	other	0
fp5	17	Sound	62	421268	0	1			0		hit	28
fp5	17	Response	251	426641	5373	1
fp5	17	Response	251	438725	17457	1
fp5	18	Picture	2	455958	0	2	2000	4	0	1920	other	0
fp5	19	Sound	62	467933	0	1			0		hit	32
fp5	19	Response	251	472064	4131	2
fp5	20	Picture	204	502288	0	1	2000	2	0	1920	other	0
fp5	21	Sound	64	514268	0	2			0		hit	35
fp5	21	Response	252	520083	5815	2
fp5	21	Response	252	530588	16320	1
fp5	22	Picture	1	548617	0	1	2000	2	0	1920	other	0
fp5	23	Sound	61	560604	0	1			0		hit	39
fp5	23	Response	251	568324	7720	1
fp5	24	Picture	123	595780	0	1	1999	3	0	1920	other	0
fp5	24	Sound	52	602849	7069	2			7070		other	0
fp5	25	Sound	63	607777	0	2			0		hit	43
fp5	25	Response	252	618577	10800	2
fp5	26	Picture	103	642275	0	2	2000	4	0	1920	other	0
fp5	27	Sound	63	654262	0	2			0		hit	46
fp5	27	Response	252	669055	14793	1
fp5	28	Picture	11	689605	0	1	2000	2	0	1920	other	0
fp5	28	Sound	51	694244	4639	1			4640		other	0
fp5	29	Sound	61	701586	0	1			0		hit	50
fp5	29	Response	251	707642	6056	1
fp5	30	Picture	202	736767	0	2	2000	3	0	1920	other	0
fp5	31	Sound	62	748759	0	1			0		incorrect	53
fp5	31	Response	252	759993	11234	1
fp5	31	Response	252	767759	19000	2
fp5	32	Picture	204	783763	0	1	2000	2	0	1920	other	0
fp5	33	Sound	64	795753	0	1			0		hit	57
fp5	33	Response	252	803212	7459	2
fp5	34	Picture	101	829926	0	1	2000	2	0	1920	other	0
fp5	35	Sound	61	841909	0	1			0		hit	60
fp5	35	Response	251	848940	7031	1
fp5	36	Picture	4	876588	0	2	2000	4	0	1920	other	0
fp5	37	Sound	64	888574	0	1			0		hit	63
fp5	37	Response	252	895459	6885	1
fp5	38	Picture	1	922918	0	1	2000	2	0	1920	other	0
fp5	39	Sound	61	934909	0	1			0		hit	66
fp5	39	Response	251	942988	8079	1
fp5	40	Picture	1	970247	0	1	2000	2	0	1920	other	0
fp5	41	Sound	61	982232	0	1			0		hit	69
fp5	41	Response	251	989135	6903	1
fp5	42	Picture	103	1017743	0	1	2000	2	0	1920	other	0
fp5	43	Sound	63	1029735	0	1			0		hit	72
fp5	43	Response	252	1036948	7213	1
fp5	44	Picture	202	1065072	0	1	2000	2	0	1920	other	0
fp5	45	Sound	62	1077058	0	1			0		hit	75
fp5	45	Response	251	1087760	10702	1
fp5	46	Picture	103	1111401	0	2	2000	4	0	1920	other	0
fp5	47	Sound	63	1123394	0	1			0		hit	78
fp5	47	Response	252	1130645	7251	1
fp5	48	Picture	2	1157731	0	1	1999	3	0	1920	other	0
fp5	49	Sound	62	1169729	0	2			0		hit	81
fp5	49	Response	251	1175144	5415	1
fp5	50	Picture	204	1205726	0	2	2000	3	0	1920	other	0
fp5	51	Sound	64	1217711	0	1			0		hit	84
fp5	51	Response	252	1223569	5858	1
fp5	52	Picture	103	1252389	0	1	2000	2	0	1920	other	0
fp5	53	Sound	63	1264376	0	1			0		hit	87
fp5	53	Response	252	1270700	6324	1
fp5	54	Picture	101	1299551	0	2	2000	4	0	1920	other	0
fp5	55	Sound	61	1311549	0	1			0		hit	90
fp5	55	Response	251	1317105	5556	1
fp5	56	Picture	3	1346547	0	2	2000	3	0	1920	other	0
fp5	57	Sound	63	1358543	0	1			0		hit	93
fp5	57	Response	252	1372593	14050	2
fp5	57	Response	251	1387234	28691	2
fp5	58	Picture	103	1393543	0	2	2000	3	0	1920	other	0
fp5	59	Sound	63	1405537	0	2			0		hit	97
fp5	59	Response	252	1412058	6521	1
fp5	60	Picture	23	1440206	0	1	1999	3	0	1920	other	0
fp5	60	Sound	52	1446625	6419	1			6420		other	0
fp5	61	Sound	63	1452202	0	1			0		hit	101
fp5	61	Response	252	1463586	11384	1
fp5	62	Picture	24	1488035	0	1	2000	2	0	1920	other	0
fp5	62	Sound	52	1494324	6289	1			6290		other	0
fp5	63	Sound	64	1500034	0	1			0		hit	105
fp5	63	Response	252	1508628	8594	1
fp5	64	Picture	3	1535697	0	2	2000	4	0	1920	other	0
fp5	65	Sound	63	1547686	0	2			0		hit	108
fp5	65	Response	252	1554364	6678	1
fp5	66	Picture	4	1582360	0	2	2000	3	0	1920	other	0
fp5	67	Sound	64	1594351	0	1			0		hit	111
fp5	67	Response	252	1602117	7766	1
fp5	68	Picture	2	1629856	0	2	2000	3	0	1920	other	0
fp5	69	Sound	62	1641854	0	1			0		hit	114
fp5	69	Response	251	1646638	4784	1
fp5	70	Picture	202	1676685	0	2	2000	4	0	1920	other	0
fp5	71	Sound	62	1688668	0	1			0		hit	117
fp5	71	Response	251	1692284	3616	1
fp5	72	Picture	101	1723514	0	2	2000	4	0	1920	other	0
fp5	73	Sound	61	1735512	0	2			0		hit	120
fp5	73	Response	251	1741955	6443	1
fp5	74	Picture	4	1771177	0	1	2000	2	0	1920	other	0
fp5	75	Sound	64	1783165	0	1			0		hit	123
fp5	75	Response	252	1792069	8904	2
fp5	76	Picture	212	1817506	0	2	2000	4	0	1920	other	0
fp5	76	Sound	51	1822135	4629	2			4630		other	0
fp5	77	Sound	62	1829500	0	2			0		hit	127
fp5	77	Response	251	1837183	7683	1
fp5	78	Picture	101	1864335	0	2	2000	4	0	1920	other	0
fp5	79	Sound	61	1876315	0	1			0		hit	130
fp5	79	Response	251	1884301	7986	2
fp5	80	Picture	1	1912331	0	2	2000	4	0	1920	other	0
fp5	81	Sound	61	1924326	0	2			0		hit	133
fp5	81	Response	251	1932447	8121	2
fp5	82	Picture	224	1959327	0	2	2000	3	0	1920	other	0
fp5	82	Sound	52	1965436	6109	2			6110		other	0
fp5	83	Sound	64	1971320	0	1			0		hit	137
fp5	83	Response	252	1981072	9752	1
fp5	84	Picture	13	2006490	0	1	2000	2	0	1920	other	0
fp5	84	Sound	51	2009899	3409	1			3410		other	0
fp5	85	Sound	63	2018464	0	1			0		hit	141
fp5	85	Response	252	2026387	7923	1
fp5	86	Picture	101	2054152	0	2	2000	3	0	1920	other	0
fp5	87	Sound	61	2066146	0	1			0		hit	144
fp5	87	Response	251	2076066	9920	2
fp5	88	Picture	2	2101648	0	1	2000	2	0	1920	other	0
fp5	89	Sound	62	2113619	0	1			0		incorrect	147
fp5	89	Response	252	2137743	24124	1
fp5	90	Picture	121	2149644	0	2	2000	3	0	1920	other	0
fp5	90	Sound	52	2155303	5659	1			5660		other	0
fp5	91	Sound	61	2161631	0	1			0		hit	151
fp5	91	Response	251	2169702	8071	2
fp5	92	Picture	202	2197306	0	2	2000	4	0	1920	other	0
fp5	93	Sound	62	2209283	0	2			0		hit	154
fp5	93	Response	251	2213185	3902	2
fp5	94	Picture	4	2244469	0	1	2000	2	0	1920	other	0
fp5	95	Sound	64	2256457	0	1			0		hit	157
fp5	95	Response	252	2262675	6218	1
fp5	96	Picture	3	2292298	0	1	2000	2	0	1920	other	0
fp5	97	Sound	63	2304289	0	1			0		hit	160
fp5	97	Response	252	2309503	5214	1
fp5	98	Picture	2	2338461	0	1	2000	2	0	1920	other	0
fp5	99	Sound	62	2350445	0	1			0		hit	163
fp5	99	Response	251	2357051	6606	1
fp5	100	Picture	222	2384957	0	1	2000	2	0	1920	other	0
fp5	100	Sound	52	2393226	8269	2			8270		other	0
fp5	101	Sound	62	2396930	0	1			0		hit	167
fp5	101	Response	251	2406143	9213	1
fp5	102	Picture	101	2431119	0	2	2000	4	0	1920	other	0
fp5	103	Sound	61	2443116	0	1			0		hit	170
fp5	103	Response	251	2449873	6757	1
fp5	104	Picture	103	2477949	0	1	1999	3	0	1920	other	0
fp5	105	Sound	63	2489930	0	1			0		hit	173
fp5	105	Response	252	2495595	5665	1
fp5	106	Picture	111	2525611	0	2	2000	3	0	1920	other	0
fp5	106	Sound	51	2528450	2839	2			2840		other	0
fp5	107	Sound	61	2537582	0	2			0		incorrect	177
fp5	107	Response	252	2550680	13098	1
fp5	108	Picture	204	2573440	0	2	2000	4	0	1920	other	0
fp5	109	Sound	64	2585414	0	2			0		hit	180
fp5	109	Response	252	2593427	8013	1
fp5	110	Picture	14	2620270	0	1	1999	3	0	1920	other	0
fp5	110	Sound	51	2624769	4499	1			4500		other	0
fp5	111	Sound	64	2632259	0	1			0		hit	184
fp5	111	Response	252	2638282	6023	1
fp5	112	Picture	3	2667265	0	2	2000	4	0	1920	other	0
fp5	113	Sound	63	2679253	0	1			0		hit	187
fp5	113	Response	252	2695142	15889	1
fp5	114	Picture	202	2714928	0	1	2000	2	0	1920	other	0
fp5	115	Sound	62	2726905	0	1			0		hit	190
fp5	115	Response	251	2733514	6609	1
fp5	116	Picture	3	2762424	0	1	2000	2	0	1920	other	0
fp5	117	Sound	63	2774408	0	1			0		hit	193
fp5	117	Response	252	2780243	5835	2
fp5	118	Picture	4	2808752	0	2	2001	3	0	1920	other	0
fp5	119	Sound	64	2820743	0	2			0		hit	196
fp5	119	Response	252	2826917	6174	2
fp5	120	Picture	113	2855249	0	2	2000	3	0	1920	other	0
fp5	120	Sound	51	2860159	4910	1			4910		other	0
fp5	121	Sound	63	2867229	0	1			0		hit	200
fp5	121	Response	252	2883857	16628	1
fp5	122	Picture	1	2903411	0	2	2000	4	0	1920	other	0
fp5	123	Sound	61	2915390	0	1			0		hit	203
fp5	123	Response	251	2919689	4299	1
fp5	124	Picture	21	2951074	0	1	2000	2	0	1920	other	0
fp5	124	Sound	52	2958793	7719	2			7720		other	0
fp5	125	Sound	61	2963072	0	1			0		hit	207
fp5	125	Response	251	2970994	7922	2
fp5	126	Picture	1	2998570	0	1	1999	3	0	1920	other	0
fp5	127	Sound	61	3010545	0	2			0		hit	210
fp5	127	Response	251	3019240	8695	2
fp5	128	Picture	214	3046232	0	2	2000	4	0	1920	other	0
fp5	128	Sound	51	3048771	2539	2			2540		other	0
fp5	129	Sound	64	3058227	0	2			0		hit	214
fp5	129	Response	252	3063563	5336	2
fp5	130	Picture	4	3093395	0	1	2000	2	0	1920	other	0
fp5	131	Sound	64	3105371	0	1			0		hit	217
fp5	131	Response	252	3113243	7872	1
fp5	132	Picture	202	3141557	0	2	2000	4	0	1920	other	0
fp5	133	Sound	62	3153532	0	2			0		incorrect	220
fp5	133	Response	252	3156411	2879	1
fp5	133	Response	251	3161346	7814	2
fp5	134	Response	253	3451282	263229	1


Event Type	Code	Type	Response	RT	RT Uncertainty	Time	Uncertainty	Duration	Uncertainty	ReqTime	ReqDur

Picture	10	other				44161	1	20165	3	0	20000
Picture	10	other				64493	1	40163	2	0	40000
Picture	10	other				104822	2	40163	4	0	40000
Nothing	91	other				144987	1			0
Picture	12	other				175149	2	2000	4	0	1920
Sound	51	other				180258	2			5110
Sound	62	hit	1	7450	2	187137	1			0
Picture	3	other				221812	2	2000	3	0	1920
Sound	63	hit	2	4001	2	233801	1			0
Picture	22	other				269141	2	2000	4	0	1920
Sound	52	other				277381	1			8240
Sound	62	hit	1	6174	2	281125	1			0
Picture	204	other				315304	1	2000	2	0	1920
Sound	64	hit	2	4629	3	327280	2			0
Picture	204	other				361800	1	2000	2	0	1920
Sound	64	hit	2	5276	3	373795	2			0
Picture	2	other				409296	1	2000	2	0	1920
Sound	62	hit	1	5373	2	421268	1			0
Picture	2	other				455958	2	2000	4	0	1920
Sound	62	hit	1	4131	3	467933	1			0
Picture	204	other				502288	1	2000	2	0	1920
Sound	64	hit	2	5815	4	514268	2			0
Picture	1	other				548617	1	2000	2	0	1920
Sound	61	hit	1	7720	2	560604	1			0
Picture	123	other				595780	1	1999	3	0	1920
Sound	52	other				602849	2			7070
Sound	63	hit	2	10800	4	607777	2			0
Picture	103	other				642275	2	2000	4	0	1920
Sound	63	hit	2	14793	3	654262	2			0
Picture	11	other				689605	1	2000	2	0	1920
Sound	51	other				694244	1			4640
Sound	61	hit	1	6056	2	701586	1			0
Picture	202	other				736767	2	2000	3	0	1920
Sound	62	incorrect	2	11234	2	748759	1			0
Picture	204	other				783763	1	2000	2	0	1920
Sound	64	hit	2	7459	3	795753	1			0
Picture	101	other				829926	1	2000	2	0	1920
Sound	61	hit	1	7031	2	841909	1			0
Picture	4	other				876588	2	2000	4	0	1920
Sound	64	hit	2	6885	2	888574	1			0
Picture	1	other				922918	1	2000	2	0	1920
Sound	61	hit	1	8079	2	934909	1			0
Picture	1	other				970247	1	2000	2	0	1920
Sound	61	hit	1	6903	2	982232	1			0
Picture	103	other				1017743	1	2000	2	0	1920
Sound	63	hit	2	7213	2	1029735	1			0
Picture	202	other				1065072	1	2000	2	0	1920
Sound	62	hit	1	10702	2	1077058	1			0
Picture	103	other				1111401	2	2000	4	0	1920
Sound	63	hit	2	7251	2	1123394	1			0
Picture	2	other				1157731	1	1999	3	0	1920
Sound	62	hit	1	5415	3	1169729	2			0
Picture	204	other				1205726	2	2000	3	0	1920
Sound	64	hit	2	5858	2	1217711	1			0
Picture	103	other				1252389	1	2000	2	0	1920
Sound	63	hit	2	6324	2	1264376	1			0
Picture	101	other				1299551	2	2000	4	0	1920
Sound	61	hit	1	5556	2	1311549	1			0
Picture	3	other				1346547	2	2000	3	0	1920
Sound	63	hit	2	14050	3	1358543	1			0
Picture	103	other				1393543	2	2000	3	0	1920
Sound	63	hit	2	6521	3	1405537	2			0
Picture	23	other				1440206	1	1999	3	0	1920
Sound	52	other				1446625	1			6420
Sound	63	hit	2	11384	2	1452202	1			0
Picture	24	other				1488035	1	2000	2	0	1920
Sound	52	other				1494324	1			6290
Sound	64	hit	2	8594	2	1500034	1			0
Picture	3	other				1535697	2	2000	4	0	1920
Sound	63	hit	2	6678	3	1547686	2			0
Picture	4	other				1582360	2	2000	3	0	1920
Sound	64	hit	2	7766	2	1594351	1			0
Picture	2	other				1629856	2	2000	3	0	1920
Sound	62	hit	1	4784	2	1641854	1			0
Picture	202	other				1676685	2	2000	4	0	1920
Sound	62	hit	1	3616	2	1688668	1			0
Picture	101	other				1723514	2	2000	4	0	1920
Sound	61	hit	1	6443	3	1735512	2			0
Picture	4	other				1771177	1	2000	2	0	1920
Sound	64	hit	2	8904	3	1783165	1			0
Picture	212	other				1817506	2	2000	4	0	1920
Sound	51	other				1822135	2			4630
Sound	62	hit	1	7683	3	1829500	2			0
Picture	101	other				1864335	2	2000	4	0	1920
Sound	61	hit	1	7986	3	1876315	1			0
Picture	1	other				1912331	2	2000	4	0	1920
Sound	61	hit	1	8121	4	1924326	2			0
Picture	224	other				1959327	2	2000	3	0	1920
Sound	52	other				1965436	2			6110
Sound	64	hit	2	9752	2	1971320	1			0
Picture	13	other				2006490	1	2000	2	0	1920
Sound	51	other				2009899	1			3410
Sound	63	hit	2	7923	2	2018464	1			0
Picture	101	other				2054152	2	2000	3	0	1920
Sound	61	hit	1	9920	3	2066146	1			0
Picture	2	other				2101648	1	2000	2	0	1920
Sound	62	incorrect	2	24124	2	2113619	1			0
Picture	121	other				2149644	2	2000	3	0	1920
Sound	52	other				2155303	1			5660
Sound	61	hit	1	8071	3	2161631	1			0
Picture	202	other				2197306	2	2000	4	0	1920
Sound	62	hit	1	3902	4	2209283	2			0
Picture	4	other				2244469	1	2000	2	0	1920
Sound	64	hit	2	6218	2	2256457	1			0
Picture	3	other				2292298	1	2000	2	0	1920
Sound	63	hit	2	5214	2	2304289	1			0
Picture	2	other				2338461	1	2000	2	0	1920
Sound	62	hit	1	6606	2	2350445	1			0
Picture	222	other				2384957	1	2000	2	0	1920
Sound	52	other				2393226	2			8270
Sound	62	hit	1	9213	2	2396930	1			0
Picture	101	other				2431119	2	2000	4	0	1920
Sound	61	hit	1	6757	2	2443116	1			0
Picture	103	other				2477949	1	1999	3	0	1920
Sound	63	hit	2	5665	2	2489930	1			0
Picture	111	other				2525611	2	2000	3	0	1920
Sound	51	other				2528450	2			2840
Sound	61	incorrect	2	13098	3	2537582	2			0
Picture	204	other				2573440	2	2000	4	0	1920
Sound	64	hit	2	8013	3	2585414	2			0
Picture	14	other				2620270	1	1999	3	0	1920
Sound	51	other				2624769	1			4500
Sound	64	hit	2	6023	2	2632259	1			0
Picture	3	other				2667265	2	2000	4	0	1920
Sound	63	hit	2	15889	2	2679253	1			0
Picture	202	other				2714928	1	2000	2	0	1920
Sound	62	hit	1	6609	2	2726905	1			0
Picture	3	other				2762424	1	2000	2	0	1920
Sound	63	hit	2	5835	3	2774408	1			0
Picture	4	other				2808752	2	2001	3	0	1920
Sound	64	hit	2	6174	4	2820743	2			0
Picture	113	other				2855249	2	2000	3	0	1920
Sound	51	other				2860159	1			4910
Sound	63	hit	2	16628	2	2867229	1			0
Picture	1	other				2903411	2	2000	4	0	1920
Sound	61	hit	1	4299	2	2915390	1			0
Picture	21	other				2951074	1	2000	2	0	1920
Sound	52	other				2958793	2			7720
Sound	61	hit	1	7922	3	2963072	1			0
Picture	1	other				2998570	1	1999	3	0	1920
Sound	61	hit	1	8695	4	3010545	2			0
Picture	214	other				3046232	2	2000	4	0	1920
Sound	51	other				3048771	2			2540
Sound	64	hit	2	5336	4	3058227	2			0
Picture	4	other				3093395	1	2000	2	0	1920
Sound	64	hit	2	7872	2	3105371	1			0
Picture	202	other				3141557	2	2000	4	0	1920
Sound	62	incorrect	2	2879	3	3153532	2			0
