Scenario - SeuilAuditif
Logfile written - 06/15/2016 10:20:48

Subject	Trial	Event Type	Code	Time	TTime	Uncertainty	Duration	Uncertainty	ReqTime	ReqDur	Stim Type	Pair Index

fp5	2	Sound	L_tarson_Left_0.7	390	58	1			0		other	0
fp5	3	Sound	L_tarson_Left_0.65	10537	40	1			0		other	0
fp5	4	Sound	L_tarson_Left_0.6	20714	51	1			0		other	0
fp5	5	Sound	L_tarson_Left_0.55	30861	32	1			0		other	0
fp5	6	Sound	L_tarson_Left_0.5	41038	43	1			0		other	0
fp5	6	Response	1	43479	2484	1
fp5	7	Sound	L_tarson-Left-0.45	51215	55	1			0		other	0
fp5	8	Sound	L_tarson_Left_0.45	61362	36	1			0		other	0
fp5	9	Sound	L_tarson_Left_0.5	71539	47	1			0		other	0
fp5	10	Sound	L_tarson_Left_0.55	81716	58	1			0		other	0
fp5	11	Sound	L_tarson_Left_0.6	91863	39	1			0		other	0
fp5	11	Response	1	98702	6878	1
fp5	12	Sound	L_tarson-Left-0.65	102040	51	1			0		other	0
fp5	13	Sound	L_tarson_Left_0.65	112187	32	2			0		other	0
fp5	14	Sound	L_tarson_Left_0.63	122364	43	1			0		other	0
fp5	15	Sound	L_tarson_Left_0.61	132541	54	1			0		other	0
fp5	16	Sound	L_tarson_Left_0.59	142689	37	1			0		other	0
fp5	17	Sound	L_tarson_Left_0.57	152865	47	2			0		other	0
fp5	17	Response	1	155499	2681	1
fp5	18	Sound	L_tarson-Left-0.55	163043	59	1			0		other	0
fp5	19	Sound	L_tarson_Left_0.55	173190	40	1			0		other	0
fp5	20	Sound	L_tarson_Left_0.57	183367	51	1			0		other	0
fp5	21	Sound	L_tarson_Left_0.59	193514	32	1			0		other	0
fp5	21	Response	1	201026	7544	1
fp5	22	Sound	L_tarson-Left-0.61	203691	44	1			0		other	0
fp5	23	Sound	L_tarson_Left_0.61	213868	55	1			0		other	0
fp5	24	Sound	L_tarson_Left_0.59	224015	36	1			0		other	0
fp5	25	Sound	L_tarson_Left_0.57	234192	47	1			0		other	0
fp5	26	Sound	L_tarson_Left_0.55	244369	59	1			0		other	0
fp5	27	Sound	L_tarson_Left_0.53	254516	40	1			0		other	0
fp5	27	Response	1	258585	4109	1
fp5	28	Sound	L_tarson-Left-0.51	264693	51	1			0		other	0
fp5	29	Sound	L_tarson_Left_0.51	274840	32	1			0		other	0
fp5	30	Sound	L_tarson_Left_0.53	285017	44	2			0		other	0
fp5	31	Sound	L_tarson_Left_0.55	295194	55	1			0		other	0
fp5	32	Sound	L_tarson_Left_0.57	305341	36	2			0		other	0
fp5	33	Sound	L_tarson_Left_0.59	315519	48	1			0		other	0
fp5	33	Response	1	318280	2809	1
fp5	35	Sound	H_tarson_Left_0.7	335843	41	1			0		other	0
fp5	36	Sound	H_tarson_Left_0.65	346020	52	1			0		other	0
fp5	37	Sound	H_tarson_Left_0.6	356167	33	1			0		other	0
fp5	38	Sound	H_tarson_Left_0.55	366344	44	1			0		other	0
fp5	39	Sound	H_tarson_Left_0.5	376521	56	1			0		other	0
fp5	39	Response	1	384519	8054	1
fp5	40	Sound	H_tarson-Left-0.45	386668	37	1			0		other	0
fp5	41	Sound	H_tarson_Left_0.45	396845	48	1			0		other	0
fp5	42	Sound	H_tarson_Left_0.5	407022	59	1			0		other	0
fp5	43	Sound	H_tarson_Left_0.55	417169	40	1			0		other	0
fp5	44	Sound	H_tarson_Left_0.6	427346	52	1			0		other	0
fp5	44	Response	1	432825	5531	1
fp5	45	Sound	H_tarson-Left-0.65	437493	33	1			0		other	0
fp5	46	Sound	H_tarson_Left_0.65	447670	44	1			0		other	0
fp5	47	Sound	H_tarson_Left_0.63	457847	55	1			0		other	0
fp5	48	Sound	H_tarson_Left_0.61	467994	37	2			0		other	0
fp5	49	Sound	H_tarson_Left_0.59	478171	48	2			0		other	0
fp5	50	Sound	H_tarson_Left_0.57	488348	59	2			0		other	0
fp5	50	Response	1	494828	6539	1
fp5	51	Sound	H_tarson-Left-0.55	498496	41	1			0		other	0
fp5	52	Sound	H_tarson_Left_0.55	508673	52	1			0		other	0
fp5	53	Sound	H_tarson_Left_0.57	518820	33	1			0		other	0
fp5	54	Sound	H_tarson_Left_0.59	528997	45	1			0		other	0
fp5	55	Sound	H_tarson_Left_0.61	539174	56	1			0		other	0
fp5	55	Response	1	542889	3771	2
fp5	56	Sound	H_tarson-Left-0.63	549321	37	1			0		other	0
fp5	57	Sound	H_tarson_Left_0.63	559498	48	1			0		other	0
fp5	58	Sound	H_tarson_Left_0.61	569645	30	1			0		other	0
fp5	59	Sound	H_tarson_Left_0.59	579822	41	1			0		other	0
fp5	60	Sound	H_tarson_Left_0.57	589999	52	1			0		other	0
fp5	61	Sound	H_tarson_Left_0.55	600146	33	1			0		other	0
fp5	61	Response	1	602681	2568	1
fp5	62	Sound	H_tarson-Left-0.53	610323	44	1			0		other	0
fp5	63	Sound	H_tarson_Left_0.53	620500	56	1			0		other	0
fp5	64	Sound	H_tarson_Left_0.55	630647	37	2			0		other	0
fp5	65	Sound	H_tarson_Left_0.57	640824	48	2			0		other	0
fp5	66	Sound	H_tarson_Left_0.59	650972	30	1			0		other	0
fp5	67	Sound	H_tarson_Left_0.61	661149	42	1			0		other	0
fp5	67	Response	1	665253	4146	2
fp5	69	Sound	L_tarson_Right_0.7	681652	46	1			0		other	0
fp5	70	Sound	L_tarson_Right_0.65	691829	58	2			0		other	0
fp5	71	Sound	L_tarson_Right_0.6	701976	39	1			0		other	0
fp5	72	Sound	L_tarson_Right_0.55	712153	50	2			0		other	0
fp5	73	Sound	L_tarson_Right_0.5	722301	32	1			0		other	0
fp5	73	Response	1	727745	5476	1
fp5	74	Sound	L_tarson-Right-0.45	732478	43	1			0		other	0
fp5	75	Sound	L_tarson_Right_0.45	742655	55	1			0		other	0
fp5	76	Sound	L_tarson_Right_0.5	752802	36	1			0		other	0
fp5	77	Sound	L_tarson_Right_0.55	762979	47	1			0		other	0
fp5	77	Response	1	769581	6649	1
fp5	78	Sound	L_tarson-Right-0.6	773156	58	1			0		other	0
fp5	79	Sound	L_tarson_Right_0.6	783303	40	1			0		other	0
fp5	80	Sound	L_tarson_Right_0.58	793480	51	1			0		other	0
fp5	81	Sound	L_tarson_Right_0.56	803627	32	1			0		other	0
fp5	82	Sound	L_tarson_Right_0.54	813804	43	1			0		other	0
fp5	82	Response	1	816097	2336	1
fp5	83	Sound	L_tarson-Right-0.52	823981	54	1			0		other	0
fp5	84	Sound	L_tarson_Right_0.52	834128	36	1			0		other	0
fp5	85	Sound	L_tarson_Right_0.54	844305	47	1			0		other	0
fp5	85	Response	1	846831	2573	2
fp5	86	Sound	L_tarson-Right-0.56	854482	59	1			0		other	0
fp5	87	Sound	L_tarson_Right_0.56	864630	40	1			0		other	0
fp5	88	Sound	L_tarson_Right_0.54	874806	51	2			0		other	0
fp5	89	Sound	L_tarson_Right_0.52	884954	33	1			0		other	0
fp5	89	Response	1	891440	6519	1
fp5	90	Sound	L_tarson-Right-0.5	895131	44	1			0		other	0
fp5	91	Sound	L_tarson_Right_0.5	905308	55	1			0		other	0
fp5	92	Sound	L_tarson_Right_0.52	915455	36	1			0		other	0
fp5	93	Sound	L_tarson_Right_0.54	925632	48	1			0		other	0
fp5	93	Response	1	931677	6093	2
fp5	95	Sound	H_tarson_Right_0.7	945956	40	1			0		other	0
fp5	96	Sound	H_tarson_Right_0.65	956133	51	1			0		other	0
fp5	97	Sound	H_tarson_Right_0.6	966280	32	1			0		other	0
fp5	98	Sound	H_tarson_Right_0.55	976457	44	1			0		other	0
fp5	99	Sound	H_tarson_Right_0.5	986634	55	1			0		other	0
fp5	100	Sound	H_tarson_Right_0.45	996781	36	1			0		other	0
fp5	100	Response	1	998671	1926	2
fp5	101	Sound	H_tarson-Right-0.4	1006958	47	1			0		other	0
fp5	102	Sound	H_tarson_Right_0.4	1017135	59	1			0		other	0
fp5	103	Sound	H_tarson_Right_0.45	1027282	40	2			0		other	0
fp5	104	Sound	H_tarson_Right_0.5	1037459	51	2			0		other	0
fp5	105	Sound	H_tarson_Right_0.55	1047607	33	1			0		other	0
fp5	105	Response	1	1053065	5491	2
fp5	106	Sound	H_tarson-Right-0.6	1057784	44	1			0		other	0
fp5	107	Sound	H_tarson_Right_0.6	1067961	56	1			0		other	0
fp5	108	Sound	H_tarson_Right_0.58	1078108	37	1			0		other	0
fp5	109	Sound	H_tarson_Right_0.56	1088285	48	1			0		other	0
fp5	110	Sound	H_tarson_Right_0.54	1098462	59	1			0		other	0
fp5	111	Sound	H_tarson_Right_0.52	1108609	41	1			0		other	0
fp5	112	Sound	H_tarson_Right_0.5	1118786	52	1			0		other	0
fp5	112	Response	1	1121212	2478	1
fp5	113	Sound	H_tarson-Right-0.48	1128933	33	1			0		other	0
fp5	114	Sound	H_tarson_Right_0.48	1139110	44	1			0		other	0
fp5	115	Sound	H_tarson_Right_0.5	1149287	55	1			0		other	0
fp5	116	Sound	H_tarson_Right_0.52	1159434	37	1			0		other	0
fp5	117	Sound	H_tarson_Right_0.54	1169611	48	1			0		other	0
fp5	117	Response	1	1173317	3754	2
fp5	118	Sound	H_tarson-Right-0.56	1179788	59	1			0		other	0
fp5	119	Sound	H_tarson_Right_0.56	1189935	40	2			0		other	0
fp5	120	Sound	H_tarson_Right_0.54	1200112	51	2			0		other	0
fp5	121	Sound	H_tarson_Right_0.52	1210259	33	2			0		other	0
fp5	122	Sound	H_tarson_Right_0.5	1220437	45	1			0		other	0
fp5	123	Sound	H_tarson_Right_0.48	1230614	56	1			0		other	0
fp5	123	Response	1	1233460	2902	1
fp5	124	Sound	H_tarson-Right-0.46	1240761	37	1			0		other	0
fp5	125	Sound	H_tarson_Right_0.46	1250938	48	1			0		other	0
fp5	126	Sound	H_tarson_Right_0.48	1261085	30	1			0		other	0
fp5	127	Sound	H_tarson_Right_0.5	1271262	41	1			0		other	0
fp5	128	Sound	H_tarson_Right_0.52	1281439	52	1			0		other	0
fp5	129	Sound	H_tarson_Right_0.54	1291586	33	1			0		other	0
fp5	129	Response	1	1299911	8358	1


Event Type	Code	Type	Response	RT	RT Uncertainty	Time	Uncertainty	Duration	Uncertainty	ReqTime	ReqDur

Sound	L_tarson_Left_0.7	other				390	1			0
Sound	L_tarson_Left_0.65	other				10537	1			0
Sound	L_tarson_Left_0.6	other				20714	1			0
Sound	L_tarson_Left_0.55	other				30861	1			0
Sound	L_tarson_Left_0.5	other				41038	1			0
Sound	L_tarson-Left-0.45	other				51215	1			0
Sound	L_tarson_Left_0.45	other				61362	1			0
Sound	L_tarson_Left_0.5	other				71539	1			0
Sound	L_tarson_Left_0.55	other				81716	1			0
Sound	L_tarson_Left_0.6	other				91863	1			0
Sound	L_tarson-Left-0.65	other				102040	1			0
Sound	L_tarson_Left_0.65	other				112187	2			0
Sound	L_tarson_Left_0.63	other				122364	1			0
Sound	L_tarson_Left_0.61	other				132541	1			0
Sound	L_tarson_Left_0.59	other				142689	1			0
Sound	L_tarson_Left_0.57	other				152865	2			0
Sound	L_tarson-Left-0.55	other				163043	1			0
Sound	L_tarson_Left_0.55	other				173190	1			0
Sound	L_tarson_Left_0.57	other				183367	1			0
Sound	L_tarson_Left_0.59	other				193514	1			0
Sound	L_tarson-Left-0.61	other				203691	1			0
Sound	L_tarson_Left_0.61	other				213868	1			0
Sound	L_tarson_Left_0.59	other				224015	1			0
Sound	L_tarson_Left_0.57	other				234192	1			0
Sound	L_tarson_Left_0.55	other				244369	1			0
Sound	L_tarson_Left_0.53	other				254516	1			0
Sound	L_tarson-Left-0.51	other				264693	1			0
Sound	L_tarson_Left_0.51	other				274840	1			0
Sound	L_tarson_Left_0.53	other				285017	2			0
Sound	L_tarson_Left_0.55	other				295194	1			0
Sound	L_tarson_Left_0.57	other				305341	2			0
Sound	L_tarson_Left_0.59	other				315519	1			0
Sound	H_tarson_Left_0.7	other				335843	1			0
Sound	H_tarson_Left_0.65	other				346020	1			0
Sound	H_tarson_Left_0.6	other				356167	1			0
Sound	H_tarson_Left_0.55	other				366344	1			0
Sound	H_tarson_Left_0.5	other				376521	1			0
Sound	H_tarson-Left-0.45	other				386668	1			0
Sound	H_tarson_Left_0.45	other				396845	1			0
Sound	H_tarson_Left_0.5	other				407022	1			0
Sound	H_tarson_Left_0.55	other				417169	1			0
Sound	H_tarson_Left_0.6	other				427346	1			0
Sound	H_tarson-Left-0.65	other				437493	1			0
Sound	H_tarson_Left_0.65	other				447670	1			0
Sound	H_tarson_Left_0.63	other				457847	1			0
Sound	H_tarson_Left_0.61	other				467994	2			0
Sound	H_tarson_Left_0.59	other				478171	2			0
Sound	H_tarson_Left_0.57	other				488348	2			0
Sound	H_tarson-Left-0.55	other				498496	1			0
Sound	H_tarson_Left_0.55	other				508673	1			0
Sound	H_tarson_Left_0.57	other				518820	1			0
Sound	H_tarson_Left_0.59	other				528997	1			0
Sound	H_tarson_Left_0.61	other				539174	1			0
Sound	H_tarson-Left-0.63	other				549321	1			0
Sound	H_tarson_Left_0.63	other				559498	1			0
Sound	H_tarson_Left_0.61	other				569645	1			0
Sound	H_tarson_Left_0.59	other				579822	1			0
Sound	H_tarson_Left_0.57	other				589999	1			0
Sound	H_tarson_Left_0.55	other				600146	1			0
Sound	H_tarson-Left-0.53	other				610323	1			0
Sound	H_tarson_Left_0.53	other				620500	1			0
Sound	H_tarson_Left_0.55	other				630647	2			0
Sound	H_tarson_Left_0.57	other				640824	2			0
Sound	H_tarson_Left_0.59	other				650972	1			0
Sound	H_tarson_Left_0.61	other				661149	1			0
Sound	L_tarson_Right_0.7	other				681652	1			0
Sound	L_tarson_Right_0.65	other				691829	2			0
Sound	L_tarson_Right_0.6	other				701976	1			0
Sound	L_tarson_Right_0.55	other				712153	2			0
Sound	L_tarson_Right_0.5	other				722301	1			0
Sound	L_tarson-Right-0.45	other				732478	1			0
Sound	L_tarson_Right_0.45	other				742655	1			0
Sound	L_tarson_Right_0.5	other				752802	1			0
Sound	L_tarson_Right_0.55	other				762979	1			0
Sound	L_tarson-Right-0.6	other				773156	1			0
Sound	L_tarson_Right_0.6	other				783303	1			0
Sound	L_tarson_Right_0.58	other				793480	1			0
Sound	L_tarson_Right_0.56	other				803627	1			0
Sound	L_tarson_Right_0.54	other				813804	1			0
Sound	L_tarson-Right-0.52	other				823981	1			0
Sound	L_tarson_Right_0.52	other				834128	1			0
Sound	L_tarson_Right_0.54	other				844305	1			0
Sound	L_tarson-Right-0.56	other				854482	1			0
Sound	L_tarson_Right_0.56	other				864630	1			0
Sound	L_tarson_Right_0.54	other				874806	2			0
Sound	L_tarson_Right_0.52	other				884954	1			0
Sound	L_tarson-Right-0.5	other				895131	1			0
Sound	L_tarson_Right_0.5	other				905308	1			0
Sound	L_tarson_Right_0.52	other				915455	1			0
Sound	L_tarson_Right_0.54	other				925632	1			0
Sound	H_tarson_Right_0.7	other				945956	1			0
Sound	H_tarson_Right_0.65	other				956133	1			0
Sound	H_tarson_Right_0.6	other				966280	1			0
Sound	H_tarson_Right_0.55	other				976457	1			0
Sound	H_tarson_Right_0.5	other				986634	1			0
Sound	H_tarson_Right_0.45	other				996781	1			0
Sound	H_tarson-Right-0.4	other				1006958	1			0
Sound	H_tarson_Right_0.4	other				1017135	1			0
Sound	H_tarson_Right_0.45	other				1027282	2			0
Sound	H_tarson_Right_0.5	other				1037459	2			0
Sound	H_tarson_Right_0.55	other				1047607	1			0
Sound	H_tarson-Right-0.6	other				1057784	1			0
Sound	H_tarson_Right_0.6	other				1067961	1			0
Sound	H_tarson_Right_0.58	other				1078108	1			0
Sound	H_tarson_Right_0.56	other				1088285	1			0
Sound	H_tarson_Right_0.54	other				1098462	1			0
Sound	H_tarson_Right_0.52	other				1108609	1			0
Sound	H_tarson_Right_0.5	other				1118786	1			0
Sound	H_tarson-Right-0.48	other				1128933	1			0
Sound	H_tarson_Right_0.48	other				1139110	1			0
Sound	H_tarson_Right_0.5	other				1149287	1			0
Sound	H_tarson_Right_0.52	other				1159434	1			0
Sound	H_tarson_Right_0.54	other				1169611	1			0
Sound	H_tarson-Right-0.56	other				1179788	1			0
Sound	H_tarson_Right_0.56	other				1189935	2			0
Sound	H_tarson_Right_0.54	other				1200112	2			0
Sound	H_tarson_Right_0.52	other				1210259	2			0
Sound	H_tarson_Right_0.5	other				1220437	1			0
Sound	H_tarson_Right_0.48	other				1230614	1			0
Sound	H_tarson-Right-0.46	other				1240761	1			0
Sound	H_tarson_Right_0.46	other				1250938	1			0
Sound	H_tarson_Right_0.48	other				1261085	1			0
Sound	H_tarson_Right_0.5	other				1271262	1			0
Sound	H_tarson_Right_0.52	other				1281439	1			0
Sound	H_tarson_Right_0.54	other				1291586	1			0
