Scenario - 17_March_2015
Logfile written - 04/28/2017 15:22:21

Subject	Trial	Event Type	Code	Time	TTime	Uncertainty	Duration	Uncertainty	ReqTime	ReqDur	Stim Type	Pair Index

bouan	1	Response	253	13191	22859	4
bouan	2	Picture	10	13328	0	3	20164	6	0	20000	other	0
bouan	3	Picture	10	33659	0	3	40164	5	0	40000	other	0
bouan	3	Response	251	58732	25073	2
bouan	4	Picture	10	73989	0	4	40162	6	0	40000	other	0
bouan	4	Response	252	91854	17865	2
bouan	5	Nothing	91	114158	0	1			0		other	0
bouan	6	Picture	202	144481	0	3	2000	6	0	1920	other	0
bouan	7	Sound	62	156485	0	2			0		incorrect	10
bouan	7	Response	252	159769	3284	2
bouan	8	Picture	1	191643	0	3	1999	6	0	1920	other	0
bouan	9	Sound	61	203628	0	1			0		incorrect	13
bouan	9	Response	252	210685	7057	2
bouan	9	Response	252	211396	7768	2
bouan	9	Response	251	214387	10759	2
bouan	10	Picture	103	238136	0	4	2000	9	0	1920	other	0
bouan	11	Sound	63	250142	0	1			0		hit	18
bouan	11	Response	252	256996	6854	2
bouan	12	Picture	204	285799	0	3	1999	6	0	1920	other	0
bouan	13	Sound	64	297793	0	1			0		hit	21
bouan	13	Response	252	303920	6127	2
bouan	14	Picture	2	332794	0	3	2000	5	0	1920	other	0
bouan	15	Sound	62	344786	0	3			0		hit	24
bouan	15	Response	251	354794	10008	2
bouan	16	Picture	103	379956	0	4	2000	7	0	1920	other	0
bouan	17	Sound	63	391958	0	2			0		hit	27
bouan	17	Response	252	397411	5453	2
bouan	17	Response	252	399845	7887	2
bouan	18	Picture	123	427616	0	5	2001	10	0	1920	other	0
bouan	18	Sound	52	433706	6090	1			6090		other	0
bouan	19	Sound	63	439609	0	2			0		incorrect	32
bouan	19	Response	251	462186	22577	2
bouan	20	Picture	3	474945	0	3	2001	5	0	1920	other	0
bouan	21	Sound	63	486931	0	2			0		incorrect	35
bouan	21	Response	251	500021	13090	2
bouan	22	Picture	14	521940	0	3	2000	6	0	1920	other	0
bouan	22	Sound	51	525289	3349	2			3350		other	0
bouan	23	Sound	64	533924	0	2			0		incorrect	39
bouan	23	Response	251	552840	18916	2
bouan	24	Picture	3	569935	0	3	2000	6	0	1920	other	0
bouan	25	Sound	63	581935	0	1			0		incorrect	42
bouan	25	Response	251	591562	9627	2
bouan	26	Picture	101	617763	0	4	2001	6	0	1920	other	0
bouan	27	Sound	61	629765	0	2			0		hit	45
bouan	27	Response	251	640883	11118	1
bouan	28	Picture	234	665923	0	4	2002	6	0	1920	other	0
bouan	28	Sound	52	672902	6979	2			6980		other	0
bouan	29	Sound	64	677925	0	2			0		hit	49
bouan	29	Response	252	689075	11150	2
bouan	30	Picture	4	713752	0	5	2001	8	0	1920	other	0
bouan	31	Sound	61	725756	0	2			0		hit	52
bouan	31	Response	251	737315	11559	2
bouan	32	Picture	214	760248	0	4	2000	6	0	1920	other	0
bouan	32	Sound	51	764958	4710	1			4710		other	0
bouan	33	Sound	64	772240	0	2			0		incorrect	56
bouan	33	Response	251	791367	19127	3
bouan	34	Picture	204	807576	0	2	2000	5	0	1920	other	0
bouan	35	Sound	62	819562	0	2			0		hit	59
bouan	35	Response	251	830252	10690	1
bouan	36	Response	253	959075	103670	5


Event Type	Code	Type	Response	RT	RT Uncertainty	Time	Uncertainty	Duration	Uncertainty	ReqTime	ReqDur

Picture	10	other				13328	3	20164	6	0	20000
Picture	10	other				33659	3	40164	5	0	40000
Picture	10	other				73989	4	40162	6	0	40000
Nothing	91	other				114158	1			0
Picture	202	other				144481	3	2000	6	0	1920
Sound	62	incorrect	2	3284	4	156485	2			0
Picture	1	other				191643	3	1999	6	0	1920
Sound	61	incorrect	2	7057	3	203628	1			0
Picture	103	other				238136	4	2000	9	0	1920
Sound	63	hit	2	6854	3	250142	1			0
Picture	204	other				285799	3	1999	6	0	1920
Sound	64	hit	2	6127	3	297793	1			0
Picture	2	other				332794	3	2000	5	0	1920
Sound	62	hit	1	10008	5	344786	3			0
Picture	103	other				379956	4	2000	7	0	1920
Sound	63	hit	2	5453	4	391958	2			0
Picture	123	other				427616	5	2001	10	0	1920
Sound	52	other				433706	1			6090
Sound	63	incorrect	1	22577	4	439609	2			0
Picture	3	other				474945	3	2001	5	0	1920
Sound	63	incorrect	1	13090	4	486931	2			0
Picture	14	other				521940	3	2000	6	0	1920
Sound	51	other				525289	2			3350
Sound	64	incorrect	1	18916	4	533924	2			0
Picture	3	other				569935	3	2000	6	0	1920
Sound	63	incorrect	1	9627	3	581935	1			0
Picture	101	other				617763	4	2001	6	0	1920
Sound	61	hit	1	11118	3	629765	2			0
Picture	234	other				665923	4	2002	6	0	1920
Sound	52	other				672902	2			6980
Sound	64	hit	2	11150	4	677925	2			0
Picture	4	other				713752	5	2001	8	0	1920
Sound	61	hit	1	11559	4	725756	2			0
Picture	214	other				760248	4	2000	6	0	1920
Sound	51	other				764958	1			4710
Sound	64	incorrect	1	19127	5	772240	2			0
Picture	204	other				807576	2	2000	5	0	1920
Sound	62	hit	1	10690	3	819562	2			0
