Scenario - 17_March_2015
Logfile written - 04/28/2017 15:51:58

Subject	Trial	Event Type	Code	Time	TTime	Uncertainty	Duration	Uncertainty	ReqTime	ReqDur	Stim Type	Pair Index

bouan	1	Response	253	47577	57245	5
bouan	2	Picture	10	47658	0	3	20164	6	0	20000	other	0
bouan	3	Picture	10	67989	0	3	40163	6	0	40000	other	0
bouan	3	Response	251	84903	16914	2
bouan	4	Picture	10	108319	0	3	40161	6	0	40000	other	0
bouan	4	Response	252	121978	13659	2
bouan	5	Nothing	91	148487	0	1			0		other	0
bouan	6	Picture	204	178977	0	3	2000	6	0	1920	other	0
bouan	7	Sound	64	190967	0	2			0		hit	10
bouan	7	Response	252	197007	6040	2
bouan	8	Picture	222	225971	0	5	2000	9	0	1920	other	0
bouan	8	Sound	52	233370	7399	2			7400		other	0
bouan	9	Sound	62	237960	0	1			0		hit	14
bouan	9	Response	251	248482	10522	3
bouan	10	Picture	12	273300	0	3	2000	6	0	1920	other	0
bouan	10	Sound	51	278109	4809	2			4810		other	0
bouan	11	Sound	62	285282	0	2			0		hit	18
bouan	11	Response	251	294511	9229	2
bouan	12	Picture	204	321296	0	3	2000	7	0	1920	other	0
bouan	13	Sound	64	333292	0	2			0		hit	21
bouan	13	Response	252	338469	5177	2
bouan	14	Picture	22	367623	0	5	2001	7	0	1920	other	0
bouan	14	Sound	52	375732	8109	2			8110		other	0
bouan	15	Sound	62	379627	0	1			0		hit	25
bouan	15	Response	251	388264	8637	2
bouan	16	Picture	4	414119	0	3	1998	7	0	1920	other	0
bouan	17	Sound	64	426110	0	2			0		hit	28
bouan	17	Response	252	433427	7317	2
bouan	18	Picture	13	462280	0	3	2000	5	0	1920	other	0
bouan	18	Sound	51	467399	5119	2			5120		other	0
bouan	19	Sound	63	474270	0	2			0		hit	32
bouan	19	Response	252	484235	9965	3
bouan	20	Picture	103	508775	0	3	2000	5	0	1920	other	0
bouan	21	Sound	63	520755	0	1			0		hit	35
bouan	21	Response	252	527759	7004	3
bouan	22	Picture	3	555936	0	3	2000	6	0	1920	other	0
bouan	23	Sound	63	567927	0	1			0		hit	38
bouan	23	Response	252	574729	6802	2
bouan	24	Picture	2	603765	0	3	1999	6	0	1920	other	0
bouan	25	Sound	62	615757	0	2			0		hit	41
bouan	25	Response	251	624038	8281	2
bouan	26	Picture	101	650260	0	2	1999	5	0	1920	other	0
bouan	27	Sound	61	662242	0	3			0		hit	44
bouan	27	Response	251	669722	7480	3
bouan	28	Picture	1	697588	0	2	2000	5	0	1920	other	0
bouan	29	Sound	61	709593	0	2			0		hit	47
bouan	29	Response	251	714380	4787	2
bouan	30	Picture	3	745750	0	3	2000	5	0	1920	other	0
bouan	31	Sound	63	757753	0	2			0		hit	50
bouan	31	Response	252	764199	6446	3
bouan	32	Picture	1	792744	0	5	2000	8	0	1920	other	0
bouan	33	Sound	61	804747	0	3			0		hit	53
bouan	33	Response	251	813492	8745	2
bouan	34	Picture	3	839572	0	3	2000	6	0	1920	other	0
bouan	35	Sound	63	851560	0	1			0		hit	56
bouan	35	Response	252	861031	9471	3
bouan	36	Picture	214	887234	0	3	2000	6	0	1920	other	0
bouan	36	Sound	51	891783	4549	2			4550		other	0
bouan	37	Sound	64	899241	0	2			0		hit	60
bouan	37	Response	252	906536	7295	2
bouan	38	Picture	14	933396	0	3	2000	6	0	1920	other	0
bouan	38	Sound	51	938786	5390	2			5390		other	0
bouan	39	Sound	64	945395	0	2			0		hit	64
bouan	39	Response	252	949881	4486	2
bouan	40	Picture	202	980391	0	3	2000	7	0	1920	other	0
bouan	41	Sound	62	992388	0	2			0		hit	67
bouan	41	Response	251	1000904	8516	2
bouan	42	Picture	4	1027552	0	3	2000	6	0	1920	other	0
bouan	43	Sound	64	1039531	0	3			0		hit	70
bouan	43	Response	252	1046907	7376	2
bouan	44	Picture	101	1074880	0	4	2001	7	0	1920	other	0
bouan	45	Sound	61	1086883	0	2			0		hit	73
bouan	45	Response	251	1095719	8836	2
bouan	46	Picture	24	1121376	0	3	1999	6	0	1920	other	0
bouan	46	Sound	52	1127216	5840	2			5840		other	0
bouan	47	Sound	64	1133367	0	1			0		hit	77
bouan	47	Response	252	1140918	7551	2
bouan	48	Picture	103	1169038	0	2	1998	5	0	1920	other	0
bouan	49	Sound	63	1181018	0	1			0		hit	80
bouan	49	Response	252	1185530	4512	2
bouan	50	Picture	121	1216366	0	3	1999	6	0	1920	other	0
bouan	50	Sound	52	1224675	8309	2			8310		other	0
bouan	51	Sound	61	1228370	0	2			0		hit	84
bouan	51	Response	251	1235976	7606	2
bouan	52	Picture	103	1262860	0	3	1999	7	0	1920	other	0
bouan	53	Sound	63	1274853	0	2			0		hit	87
bouan	53	Response	252	1280821	5968	2
bouan	54	Picture	2	1309522	0	2	1999	6	0	1920	other	0
bouan	55	Sound	62	1321517	0	2			0		hit	90
bouan	55	Response	251	1329920	8403	2
bouan	56	Picture	111	1356183	0	3	2001	8	0	1920	other	0
bouan	56	Sound	51	1359223	3040	2			3040		other	0
bouan	57	Sound	61	1368180	0	2			0		hit	94
bouan	57	Response	251	1375127	6947	3
bouan	58	Picture	101	1402511	0	5	2001	8	0	1920	other	0
bouan	59	Sound	61	1414515	0	2			0		hit	97
bouan	59	Response	251	1420869	6354	3
bouan	60	Picture	103	1449505	0	5	2002	7	0	1920	other	0
bouan	61	Sound	63	1461508	0	2			0		hit	100
bouan	61	Response	252	1467276	5768	3
bouan	62	Picture	204	1497336	0	4	1999	6	0	1920	other	0
bouan	63	Sound	64	1509338	0	2			0		hit	103
bouan	63	Response	252	1517061	7723	4
bouan	64	Picture	4	1544664	0	2	1999	7	0	1920	other	0
bouan	65	Sound	64	1556661	0	1			0		hit	106
bouan	65	Response	252	1562131	5470	2
bouan	66	Picture	101	1591159	0	2	1999	5	0	1920	other	0
bouan	67	Sound	61	1603144	0	2			0		hit	109
bouan	67	Response	251	1609084	5940	2
bouan	68	Picture	202	1638486	0	3	2001	6	0	1920	other	0
bouan	69	Sound	62	1650466	0	2			0		hit	112
bouan	69	Response	251	1657984	7518	2
bouan	70	Picture	2	1684981	0	3	2001	6	0	1920	other	0
bouan	71	Sound	62	1696980	0	2			0		hit	115
bouan	71	Response	251	1703646	6666	2
bouan	72	Picture	113	1732643	0	3	2000	6	0	1920	other	0
bouan	72	Sound	51	1735512	2869	2			2870		other	0
bouan	73	Sound	63	1744632	0	1			0		hit	119
bouan	73	Response	252	1749771	5139	2
bouan	74	Picture	101	1780138	0	3	1999	7	0	1920	other	0
bouan	75	Sound	61	1792133	0	2			0		hit	122
bouan	75	Response	251	1799908	7775	2
bouan	76	Picture	204	1828299	0	3	1999	7	0	1920	other	0
bouan	77	Sound	64	1840293	0	2			0		hit	125
bouan	77	Response	252	1848100	7807	2
bouan	78	Picture	4	1874628	0	3	2000	5	0	1920	other	0
bouan	79	Sound	64	1886628	0	1			0		hit	128
bouan	79	Response	252	1894858	8230	2
bouan	80	Picture	103	1920956	0	3	2000	6	0	1920	other	0
bouan	81	Sound	63	1932962	0	2			0		hit	131
bouan	81	Response	252	1938780	5818	2
bouan	82	Picture	204	1967784	0	3	2000	6	0	1920	other	0
bouan	83	Sound	64	1979775	0	2			0		hit	134
bouan	83	Response	252	1986367	6592	3
bouan	84	Picture	202	2015612	0	3	2000	6	0	1920	other	0
bouan	85	Sound	62	2027606	0	2			0		hit	137
bouan	85	Response	251	2034056	6450	2
bouan	86	Picture	1	2062608	0	3	1999	5	0	1920	other	0
bouan	87	Sound	61	2074599	0	3			0		hit	140
bouan	87	Response	251	2080106	5507	2
bouan	88	Picture	2	2110103	0	2	1999	5	0	1920	other	0
bouan	89	Sound	62	2122100	0	2			0		hit	143
bouan	89	Response	251	2129338	7238	2
bouan	90	Picture	3	2157764	0	3	2000	6	0	1920	other	0
bouan	91	Sound	63	2169752	0	2			0		hit	146
bouan	91	Response	252	2173903	4151	2
bouan	92	Picture	1	2205592	0	2	1932	74	0	1920	other	0
bouan	93	Sound	61	2217582	0	2			0		hit	149
bouan	93	Response	251	2228042	10460	3
bouan	94	Picture	4	2253087	0	3	2000	7	0	1920	other	0
bouan	95	Sound	64	2265084	0	2			0		hit	152
bouan	95	Response	252	2272482	7398	3
bouan	96	Picture	3	2300915	0	4	2000	7	0	1920	other	0
bouan	97	Sound	63	2312915	0	2			0		hit	155
bouan	97	Response	252	2320832	7917	2
bouan	98	Picture	23	2348244	0	2	1998	5	0	1920	other	0
bouan	98	Sound	52	2354783	6539	2			6540		other	0
bouan	99	Sound	63	2360237	0	2			0		hit	159
bouan	99	Response	252	2366074	5837	3
bouan	100	Picture	3	2394571	0	3	2000	6	0	1920	other	0
bouan	101	Sound	63	2406571	0	2			0		hit	162
bouan	101	Response	252	2412639	6068	2
bouan	102	Picture	1	2440900	0	3	2000	5	0	1920	other	0
bouan	103	Sound	61	2452905	0	2			0		hit	165
bouan	103	Response	251	2458511	5606	2
bouan	104	Picture	103	2488728	0	3	2000	6	0	1920	other	0
bouan	105	Sound	63	2500706	0	4			0		hit	168
bouan	105	Response	252	2510639	9933	2
bouan	106	Picture	204	2535390	0	3	1999	6	0	1920	other	0
bouan	107	Sound	64	2547370	0	2			0		hit	171
bouan	107	Response	252	2554853	7483	5
bouan	108	Picture	202	2582552	0	3	1998	6	0	1920	other	0
bouan	109	Sound	62	2594542	0	2			0		hit	174
bouan	109	Response	251	2600563	6021	2
bouan	110	Picture	202	2630046	0	3	2000	5	0	1920	other	0
bouan	111	Sound	62	2642044	0	2			0		hit	177
bouan	111	Response	251	2648431	6387	2
bouan	112	Picture	2	2677541	0	3	2000	5	0	1920	other	0
bouan	113	Sound	62	2689545	0	2			0		hit	180
bouan	113	Response	251	2695797	6252	2
bouan	114	Picture	1	2724869	0	3	2000	6	0	1920	other	0
bouan	115	Sound	61	2736867	0	2			0		hit	183
bouan	115	Response	251	2746025	9158	2
bouan	116	Picture	224	2772695	0	6	2002	9	0	1920	other	0
bouan	116	Sound	52	2778315	5620	2			5620		other	0
bouan	117	Sound	64	2784698	0	2			0		hit	187
bouan	117	Response	252	2791876	7178	2
bouan	118	Picture	11	2819526	0	5	1999	10	0	1920	other	0
bouan	118	Sound	51	2824365	4839	2			4840		other	0
bouan	119	Sound	61	2831512	0	3			0		hit	191
bouan	119	Response	251	2838852	7340	2
bouan	120	Picture	202	2866521	0	2	2000	4	0	1920	other	0
bouan	121	Sound	62	2878504	0	2			0		hit	194
bouan	121	Response	251	2889085	10581	2
bouan	122	Picture	123	2913849	0	3	1999	6	0	1920	other	0
bouan	122	Sound	52	2922248	8399	2			8400		other	0
bouan	123	Sound	63	2925856	0	2			0		hit	198
bouan	123	Response	252	2933579	7723	4
bouan	124	Picture	21	2961010	0	3	2000	6	0	1920	other	0
bouan	124	Sound	52	2967009	5999	2			6000		other	0
bouan	125	Sound	61	2972998	0	2			0		hit	202
bouan	125	Response	251	2978991	5993	2
bouan	126	Picture	2	3007529	0	146	1976	149	0	1920	other	0
bouan	127	Sound	62	3019513	0	1			0		hit	205
bouan	127	Response	251	3026660	7147	2
bouan	128	Picture	101	3054167	0	3	1999	6	0	1920	other	0
bouan	129	Sound	61	3066146	0	2			0		hit	208
bouan	129	Response	251	3072527	6381	2
bouan	130	Picture	4	3102162	0	3	1998	7	0	1920	other	0
bouan	131	Sound	64	3114156	0	2			0		hit	211
bouan	131	Response	252	3122770	8614	2
bouan	132	Picture	212	3149991	0	3	1999	7	0	1920	other	0
bouan	132	Sound	51	3154840	4849	3			4850		other	0
bouan	133	Sound	62	3161987	0	2			0		hit	215
bouan	133	Response	251	3169401	7414	2
bouan	134	Response	253	3534804	336819	5


Event Type	Code	Type	Response	RT	RT Uncertainty	Time	Uncertainty	Duration	Uncertainty	ReqTime	ReqDur

Picture	10	other				47658	3	20164	6	0	20000
Picture	10	other				67989	3	40163	6	0	40000
Picture	10	other				108319	3	40161	6	0	40000
Nothing	91	other				148487	1			0
Picture	204	other				178977	3	2000	6	0	1920
Sound	64	hit	2	6040	4	190967	2			0
Picture	222	other				225971	5	2000	9	0	1920
Sound	52	other				233370	2			7400
Sound	62	hit	1	10522	4	237960	1			0
Picture	12	other				273300	3	2000	6	0	1920
Sound	51	other				278109	2			4810
Sound	62	hit	1	9229	4	285282	2			0
Picture	204	other				321296	3	2000	7	0	1920
Sound	64	hit	2	5177	4	333292	2			0
Picture	22	other				367623	5	2001	7	0	1920
Sound	52	other				375732	2			8110
Sound	62	hit	1	8637	3	379627	1			0
Picture	4	other				414119	3	1998	7	0	1920
Sound	64	hit	2	7317	4	426110	2			0
Picture	13	other				462280	3	2000	5	0	1920
Sound	51	other				467399	2			5120
Sound	63	hit	2	9965	5	474270	2			0
Picture	103	other				508775	3	2000	5	0	1920
Sound	63	hit	2	7004	4	520755	1			0
Picture	3	other				555936	3	2000	6	0	1920
Sound	63	hit	2	6802	3	567927	1			0
Picture	2	other				603765	3	1999	6	0	1920
Sound	62	hit	1	8281	4	615757	2			0
Picture	101	other				650260	2	1999	5	0	1920
Sound	61	hit	1	7480	6	662242	3			0
Picture	1	other				697588	2	2000	5	0	1920
Sound	61	hit	1	4787	4	709593	2			0
Picture	3	other				745750	3	2000	5	0	1920
Sound	63	hit	2	6446	5	757753	2			0
Picture	1	other				792744	5	2000	8	0	1920
Sound	61	hit	1	8745	5	804747	3			0
Picture	3	other				839572	3	2000	6	0	1920
Sound	63	hit	2	9471	4	851560	1			0
Picture	214	other				887234	3	2000	6	0	1920
Sound	51	other				891783	2			4550
Sound	64	hit	2	7295	4	899241	2			0
Picture	14	other				933396	3	2000	6	0	1920
Sound	51	other				938786	2			5390
Sound	64	hit	2	4486	4	945395	2			0
Picture	202	other				980391	3	2000	7	0	1920
Sound	62	hit	1	8516	4	992388	2			0
Picture	4	other				1027552	3	2000	6	0	1920
Sound	64	hit	2	7376	5	1039531	3			0
Picture	101	other				1074880	4	2001	7	0	1920
Sound	61	hit	1	8836	4	1086883	2			0
Picture	24	other				1121376	3	1999	6	0	1920
Sound	52	other				1127216	2			5840
Sound	64	hit	2	7551	3	1133367	1			0
Picture	103	other				1169038	2	1998	5	0	1920
Sound	63	hit	2	4512	3	1181018	1			0
Picture	121	other				1216366	3	1999	6	0	1920
Sound	52	other				1224675	2			8310
Sound	61	hit	1	7606	4	1228370	2			0
Picture	103	other				1262860	3	1999	7	0	1920
Sound	63	hit	2	5968	4	1274853	2			0
Picture	2	other				1309522	2	1999	6	0	1920
Sound	62	hit	1	8403	4	1321517	2			0
Picture	111	other				1356183	3	2001	8	0	1920
Sound	51	other				1359223	2			3040
Sound	61	hit	1	6947	5	1368180	2			0
Picture	101	other				1402511	5	2001	8	0	1920
Sound	61	hit	1	6354	5	1414515	2			0
Picture	103	other				1449505	5	2002	7	0	1920
Sound	63	hit	2	5768	5	1461508	2			0
Picture	204	other				1497336	4	1999	6	0	1920
Sound	64	hit	2	7723	6	1509338	2			0
Picture	4	other				1544664	2	1999	7	0	1920
Sound	64	hit	2	5470	3	1556661	1			0
Picture	101	other				1591159	2	1999	5	0	1920
Sound	61	hit	1	5940	4	1603144	2			0
Picture	202	other				1638486	3	2001	6	0	1920
Sound	62	hit	1	7518	4	1650466	2			0
Picture	2	other				1684981	3	2001	6	0	1920
Sound	62	hit	1	6666	4	1696980	2			0
Picture	113	other				1732643	3	2000	6	0	1920
Sound	51	other				1735512	2			2870
Sound	63	hit	2	5139	3	1744632	1			0
Picture	101	other				1780138	3	1999	7	0	1920
Sound	61	hit	1	7775	4	1792133	2			0
Picture	204	other				1828299	3	1999	7	0	1920
Sound	64	hit	2	7807	4	1840293	2			0
Picture	4	other				1874628	3	2000	5	0	1920
Sound	64	hit	2	8230	3	1886628	1			0
Picture	103	other				1920956	3	2000	6	0	1920
Sound	63	hit	2	5818	4	1932962	2			0
Picture	204	other				1967784	3	2000	6	0	1920
Sound	64	hit	2	6592	5	1979775	2			0
Picture	202	other				2015612	3	2000	6	0	1920
Sound	62	hit	1	6450	4	2027606	2			0
Picture	1	other				2062608	3	1999	5	0	1920
Sound	61	hit	1	5507	5	2074599	3			0
Picture	2	other				2110103	2	1999	5	0	1920
Sound	62	hit	1	7238	4	2122100	2			0
Picture	3	other				2157764	3	2000	6	0	1920
Sound	63	hit	2	4151	4	2169752	2			0
Picture	1	other				2205592	2	1932	74	0	1920
Sound	61	hit	1	10460	5	2217582	2			0
Picture	4	other				2253087	3	2000	7	0	1920
Sound	64	hit	2	7398	5	2265084	2			0
Picture	3	other				2300915	4	2000	7	0	1920
Sound	63	hit	2	7917	4	2312915	2			0
Picture	23	other				2348244	2	1998	5	0	1920
Sound	52	other				2354783	2			6540
Sound	63	hit	2	5837	5	2360237	2			0
Picture	3	other				2394571	3	2000	6	0	1920
Sound	63	hit	2	6068	4	2406571	2			0
Picture	1	other				2440900	3	2000	5	0	1920
Sound	61	hit	1	5606	4	2452905	2			0
Picture	103	other				2488728	3	2000	6	0	1920
Sound	63	hit	2	9933	6	2500706	4			0
Picture	204	other				2535390	3	1999	6	0	1920
Sound	64	hit	2	7483	7	2547370	2			0
Picture	202	other				2582552	3	1998	6	0	1920
Sound	62	hit	1	6021	4	2594542	2			0
Picture	202	other				2630046	3	2000	5	0	1920
Sound	62	hit	1	6387	4	2642044	2			0
Picture	2	other				2677541	3	2000	5	0	1920
Sound	62	hit	1	6252	4	2689545	2			0
Picture	1	other				2724869	3	2000	6	0	1920
Sound	61	hit	1	9158	4	2736867	2			0
Picture	224	other				2772695	6	2002	9	0	1920
Sound	52	other				2778315	2			5620
Sound	64	hit	2	7178	4	2784698	2			0
Picture	11	other				2819526	5	1999	10	0	1920
Sound	51	other				2824365	2			4840
Sound	61	hit	1	7340	5	2831512	3			0
Picture	202	other				2866521	2	2000	4	0	1920
Sound	62	hit	1	10581	4	2878504	2			0
Picture	123	other				2913849	3	1999	6	0	1920
Sound	52	other				2922248	2			8400
Sound	63	hit	2	7723	6	2925856	2			0
Picture	21	other				2961010	3	2000	6	0	1920
Sound	52	other				2967009	2			6000
Sound	61	hit	1	5993	4	2972998	2			0
Picture	2	other				3007529	146	1976	149	0	1920
Sound	62	hit	1	7147	3	3019513	1			0
Picture	101	other				3054167	3	1999	6	0	1920
Sound	61	hit	1	6381	4	3066146	2			0
Picture	4	other				3102162	3	1998	7	0	1920
Sound	64	hit	2	8614	4	3114156	2			0
Picture	212	other				3149991	3	1999	7	0	1920
Sound	51	other				3154840	3			4850
Sound	62	hit	1	7414	4	3161987	2			0
