Scenario - 17_March_2015
Logfile written - 04/28/2017 16:15:29

Subject	Trial	Event Type	Code	Time	TTime	Uncertainty	Duration	Uncertainty	ReqTime	ReqDur	Stim Type	Pair Index

bouan	1	Response	253	6728	16396	5
bouan	2	Picture	10	6827	0	5	20166	8	0	20000	other	0
bouan	3	Picture	10	27161	0	3	40159	8	0	40000	other	0
bouan	3	Response	251	45848	18687	3
bouan	4	Picture	10	67490	0	3	40162	5	0	40000	other	0
bouan	4	Response	252	81315	13825	2
bouan	5	Nothing	91	107659	0	1			0		other	0
bouan	6	Picture	1	138149	0	2	1999	5	0	1920	other	0
bouan	7	Sound	61	150139	0	3			0		hit	10
bouan	7	Response	251	158014	7875	3
bouan	8	Picture	123	185810	0	3	1999	6	0	1920	other	0
bouan	8	Sound	52	191610	5800	1			5800		other	0
bouan	9	Sound	63	197791	0	2			0		incorrect	14
bouan	9	Response	251	204533	6742	2
bouan	10	Picture	101	233638	0	4	1999	8	0	1920	other	0
bouan	11	Sound	61	245622	0	1			0		hit	17
bouan	11	Response	251	250833	5211	2
bouan	12	Picture	204	280800	0	3	1998	7	0	1920	other	0
bouan	13	Sound	64	292794	0	2			0		hit	20
bouan	13	Response	252	299060	6266	2
bouan	14	Picture	3	327961	0	3	2001	5	0	1920	other	0
bouan	15	Sound	63	339967	0	1			0		hit	23
bouan	15	Response	252	348618	8651	3
bouan	16	Picture	2	374956	0	5	2000	7	0	1920	other	0
bouan	17	Sound	62	386959	0	2			0		hit	26
bouan	17	Response	251	396168	9209	2
bouan	18	Picture	202	421451	0	3	2000	5	0	1920	other	0
bouan	19	Sound	62	433443	0	2			0		hit	29
bouan	19	Response	251	442758	9315	2
bouan	20	Picture	212	467780	0	3	2000	5	0	1920	other	0
bouan	20	Sound	51	473169	5389	2			5390		other	0
bouan	21	Sound	62	479777	0	2			0		hit	33
bouan	21	Response	251	486598	6821	2
bouan	22	Picture	21	515108	0	3	2000	6	0	1920	other	0
bouan	22	Sound	52	522227	7119	2			7120		other	0
bouan	23	Sound	61	527057	0	236			0		hit	37
bouan	23	Response	251	534767	7710	2
bouan	24	Picture	101	561602	0	3	2000	6	0	1920	other	0
bouan	25	Sound	61	573593	0	2			0		hit	40
bouan	25	Response	251	580021	6428	3
bouan	26	Picture	2	608931	0	3	2000	5	0	1920	other	0
bouan	27	Sound	62	620915	0	2			0		hit	43
bouan	27	Response	251	628211	7296	2
bouan	28	Picture	4	655425	0	6	2001	8	0	1920	other	0
bouan	29	Sound	64	667428	0	2			0		hit	46
bouan	29	Response	252	672153	4725	2
bouan	30	Picture	2	702419	0	6	2001	9	0	1920	other	0
bouan	31	Sound	62	714421	0	2			0		hit	49
bouan	31	Response	251	722169	7748	2
bouan	32	Picture	23	750083	0	2	1999	5	0	1920	other	0
bouan	32	Sound	52	755932	5849	2			5850		other	0
bouan	33	Sound	63	762073	0	2			0		hit	53
bouan	33	Response	252	768487	6414	2
bouan	34	Picture	4	797911	0	3	1999	6	0	1920	other	0
bouan	35	Sound	64	809904	0	2			0		hit	56
bouan	35	Response	252	815314	5410	2
bouan	36	Picture	113	845072	0	3	2001	5	0	1920	other	0
bouan	36	Sound	51	848452	3380	1			3380		other	0
bouan	37	Sound	63	857076	0	2			0		hit	60
bouan	37	Response	252	862486	5410	2
bouan	38	Picture	4	891899	0	6	2002	11	0	1920	other	0
bouan	39	Sound	64	903889	0	3			0		hit	63
bouan	39	Response	252	910629	6740	2
bouan	40	Picture	101	938229	0	3	2000	6	0	1920	other	0
bouan	41	Sound	61	950223	0	2			0		hit	66
bouan	41	Response	251	959227	9004	2
bouan	42	Picture	2	985057	0	4	2000	8	0	1920	other	0
bouan	43	Sound	62	997037	0	2			0		hit	69
bouan	43	Response	251	1007523	10486	2
bouan	44	Picture	103	1032386	0	4	1999	7	0	1920	other	0
bouan	45	Sound	63	1044388	0	2			0		hit	72
bouan	45	Response	252	1050091	5703	2
bouan	46	Picture	202	1079547	0	3	2000	5	0	1920	other	0
bouan	47	Sound	62	1091531	0	3			0		hit	75
bouan	47	Response	251	1099475	7944	2
bouan	48	Picture	101	1126542	0	3	2000	5	0	1920	other	0
bouan	49	Sound	61	1138524	0	3			0		hit	78
bouan	49	Response	251	1144365	5841	2
bouan	50	Picture	103	1174037	0	3	1999	6	0	1920	other	0
bouan	51	Sound	63	1186025	0	2			0		hit	81
bouan	51	Response	252	1192801	6776	2
bouan	51	Response	252	1195133	9108	2
bouan	52	Picture	24	1221199	0	3	2000	5	0	1920	other	0
bouan	52	Sound	52	1229348	8149	2			8150		other	0
bouan	53	Sound	64	1233198	0	1			0		hit	86
bouan	53	Response	252	1240965	7767	3
bouan	54	Picture	1	1267858	0	5	2002	7	0	1920	other	0
bouan	55	Sound	61	1279861	0	2			0		hit	89
bouan	55	Response	251	1289813	9952	2
bouan	56	Picture	202	1314688	0	3	1999	6	0	1920	other	0
bouan	57	Sound	62	1326674	0	2			0		hit	92
bouan	57	Response	251	1335404	8730	2
bouan	58	Picture	101	1362183	0	3	2000	5	0	1920	other	0
bouan	59	Sound	61	1374176	0	2			0		hit	95
bouan	59	Response	251	1381054	6878	2
bouan	60	Picture	204	1409511	0	3	2000	5	0	1920	other	0
bouan	61	Sound	64	1421498	0	1			0		hit	98
bouan	61	Response	252	1426871	5373	2
bouan	62	Picture	224	1457006	0	3	1999	6	0	1920	other	0
bouan	62	Sound	52	1464985	7979	2			7980		other	0
bouan	63	Sound	64	1468999	0	2			0		hit	102
bouan	63	Response	252	1474639	5640	2
bouan	64	Picture	103	1504668	0	3	1999	6	0	1920	other	0
bouan	65	Sound	63	1516651	0	2			0		hit	105
bouan	65	Response	252	1522307	5656	2
bouan	66	Picture	3	1551829	0	3	1997	10	0	1920	other	0
bouan	67	Sound	63	1563823	0	2			0		hit	108
bouan	67	Response	252	1571127	7304	4
bouan	68	Picture	1	1599991	0	3	1999	6	0	1920	other	0
bouan	69	Sound	61	1611983	0	2			0		hit	111
bouan	69	Response	251	1619309	7326	2
bouan	70	Picture	12	1647652	0	3	2001	5	0	1920	other	0
bouan	70	Sound	51	1651991	4339	2			4340		other	0
bouan	71	Sound	62	1659635	0	1			0		hit	115
bouan	71	Response	251	1667600	7965	2
bouan	72	Picture	4	1694146	0	4	2001	7	0	1920	other	0
bouan	73	Sound	64	1706148	0	2			0		hit	118
bouan	73	Response	252	1713761	7613	2
bouan	74	Picture	13	1740476	0	2	2000	5	0	1920	other	0
bouan	74	Sound	51	1743616	3140	1			3140		other	0
bouan	75	Sound	63	1752483	0	3			0		hit	122
bouan	75	Response	252	1761073	8590	3
bouan	76	Picture	204	1787304	0	2	2000	4	0	1920	other	0
bouan	77	Sound	64	1799296	0	2			0		hit	125
bouan	77	Response	252	1806956	7660	3
bouan	78	Picture	222	1834966	0	3	1999	6	0	1920	other	0
bouan	78	Sound	52	1841425	6459	2			6460		other	0
bouan	79	Sound	62	1846947	0	2			0		hit	129
bouan	79	Response	251	1852890	5943	3
bouan	80	Picture	3	1881794	0	3	1999	7	0	1920	other	0
bouan	81	Sound	63	1893790	0	2			0		hit	132
bouan	81	Response	252	1899488	5698	2
bouan	82	Picture	202	1929456	0	2	2000	4	0	1920	other	0
bouan	83	Sound	62	1941441	0	2			0		hit	135
bouan	83	Response	251	1948067	6626	3
bouan	84	Picture	204	1976117	0	3	2000	5	0	1920	other	0
bouan	85	Sound	64	1988105	0	2			0		hit	138
bouan	85	Response	252	1996150	8045	2
bouan	86	Picture	2	2022612	0	3	2000	5	0	1920	other	0
bouan	87	Sound	62	2034619	0	2			0		hit	141
bouan	87	Response	251	2042489	7870	3
bouan	88	Picture	121	2068941	0	3	1999	6	0	1920	other	0
bouan	88	Sound	52	2077180	8239	2			8240		other	0
bouan	89	Sound	61	2080923	0	2			0		hit	145
bouan	89	Response	251	2089371	8448	3
bouan	90	Picture	202	2116768	0	3	2000	6	0	1920	other	0
bouan	91	Sound	62	2128754	0	2			0		hit	148
bouan	91	Response	251	2136187	7433	2
bouan	92	Picture	1	2164597	0	2	2000	4	0	1920	other	0
bouan	93	Sound	61	2176585	0	2			0		hit	151
bouan	93	Response	251	2183673	7088	2
bouan	94	Picture	11	2212425	0	2	1999	5	0	1920	other	0
bouan	94	Sound	51	2216995	4570	2			4570		other	0
bouan	95	Sound	61	2224416	0	2			0		hit	155
bouan	95	Response	251	2232701	8285	3
bouan	96	Picture	3	2259420	0	4	2000	7	0	1920	other	0
bouan	97	Sound	63	2271409	0	1			0		hit	158
bouan	97	Response	252	2280514	9105	3
bouan	98	Picture	14	2307415	0	3	1999	6	0	1920	other	0
bouan	98	Sound	51	2311074	3659	2			3660		other	0
bouan	99	Sound	64	2319419	0	2			0		hit	162
bouan	99	Response	252	2323909	4490	4
bouan	100	Picture	4	2353742	0	3	2000	6	0	1920	other	0
bouan	101	Sound	64	2365723	0	4			0		hit	165
bouan	101	Response	252	2370889	5166	2
bouan	102	Picture	204	2401737	0	4	1999	9	0	1920	other	0
bouan	103	Sound	64	2413734	0	2			0		hit	168
bouan	103	Response	252	2418693	4959	2
bouan	104	Picture	214	2449732	0	3	2000	6	0	1920	other	0
bouan	104	Sound	51	2453891	4159	2			4160		other	0
bouan	105	Sound	64	2461714	0	2			0		hit	172
bouan	105	Response	252	2466036	4322	3
bouan	106	Picture	22	2496561	0	3	2000	7	0	1920	other	0
bouan	106	Sound	52	2503442	6881	2			6880		other	0
bouan	107	Sound	62	2508557	0	2			0		hit	176
bouan	107	Response	251	2517350	8793	2
bouan	108	Picture	3	2544056	0	4	1999	7	0	1920	other	0
bouan	109	Sound	63	2556059	0	2			0		hit	179
bouan	109	Response	252	2562318	6259	2
bouan	109	Response	252	2564042	7983	2
bouan	110	Picture	1	2591551	0	3	1999	6	0	1920	other	0
bouan	111	Sound	61	2603531	0	1			0		hit	183
bouan	111	Response	251	2613036	9505	2
bouan	112	Picture	101	2637879	0	3	2000	6	0	1920	other	0
bouan	113	Sound	61	2649865	0	3			0		hit	186
bouan	113	Response	251	2659015	9150	2
bouan	114	Picture	111	2685540	0	3	2000	5	0	1920	other	0
bouan	114	Sound	51	2688139	2599	2			2600		other	0
bouan	115	Sound	61	2697546	0	2			0		hit	190
bouan	115	Response	251	2703228	5682	2
bouan	116	Picture	204	2733368	0	3	2000	6	0	1920	other	0
bouan	117	Sound	64	2745347	0	3			0		hit	193
bouan	117	Response	252	2753357	8010	2
bouan	118	Picture	1	2780031	0	3	1997	7	0	1920	other	0
bouan	119	Sound	61	2792010	0	2			0		hit	196
bouan	119	Response	251	2800321	8311	2
bouan	120	Picture	4	2827192	0	4	2000	8	0	1920	other	0
bouan	121	Sound	64	2839183	0	2			0		hit	199
bouan	121	Response	252	2848438	9255	3
bouan	122	Picture	103	2874353	0	5	2000	8	0	1920	other	0
bouan	123	Sound	63	2886355	0	2			0		hit	202
bouan	123	Response	252	2893904	7549	2
bouan	124	Picture	103	2922513	0	5	2001	8	0	1920	other	0
bouan	125	Sound	63	2934515	0	2			0		hit	205
bouan	125	Response	252	2939408	4893	2
bouan	126	Picture	3	2970344	0	6	1999	9	0	1920	other	0
bouan	127	Sound	63	2982346	0	2			0		hit	208
bouan	127	Response	252	2987127	4781	2
bouan	128	Picture	2	3018005	0	3	1999	6	0	1920	other	0
bouan	129	Sound	62	3029997	0	2			0		hit	211
bouan	129	Response	251	3039282	9285	2
bouan	130	Picture	103	3066166	0	2	2000	4	0	1920	other	0
bouan	131	Sound	63	3078157	0	2			0		hit	214
bouan	131	Response	252	3084140	5983	2
bouan	132	Picture	202	3114327	0	3	2000	6	0	1920	other	0
bouan	133	Sound	62	3126318	0	1			0		hit	217
bouan	133	Response	251	3131421	5103	2
bouan	134	Response	253	3332201	170212	6


Event Type	Code	Type	Response	RT	RT Uncertainty	Time	Uncertainty	Duration	Uncertainty	ReqTime	ReqDur

Picture	10	other				6827	5	20166	8	0	20000
Picture	10	other				27161	3	40159	8	0	40000
Picture	10	other				67490	3	40162	5	0	40000
Nothing	91	other				107659	1			0
Picture	1	other				138149	2	1999	5	0	1920
Sound	61	hit	1	7875	6	150139	3			0
Picture	123	other				185810	3	1999	6	0	1920
Sound	52	other				191610	1			5800
Sound	63	incorrect	1	6742	4	197791	2			0
Picture	101	other				233638	4	1999	8	0	1920
Sound	61	hit	1	5211	3	245622	1			0
Picture	204	other				280800	3	1998	7	0	1920
Sound	64	hit	2	6266	4	292794	2			0
Picture	3	other				327961	3	2001	5	0	1920
Sound	63	hit	2	8651	4	339967	1			0
Picture	2	other				374956	5	2000	7	0	1920
Sound	62	hit	1	9209	4	386959	2			0
Picture	202	other				421451	3	2000	5	0	1920
Sound	62	hit	1	9315	4	433443	2			0
Picture	212	other				467780	3	2000	5	0	1920
Sound	51	other				473169	2			5390
Sound	62	hit	1	6821	4	479777	2			0
Picture	21	other				515108	3	2000	6	0	1920
Sound	52	other				522227	2			7120
Sound	61	hit	1	7710	238	527057	236			0
Picture	101	other				561602	3	2000	6	0	1920
Sound	61	hit	1	6428	5	573593	2			0
Picture	2	other				608931	3	2000	5	0	1920
Sound	62	hit	1	7296	4	620915	2			0
Picture	4	other				655425	6	2001	8	0	1920
Sound	64	hit	2	4725	4	667428	2			0
Picture	2	other				702419	6	2001	9	0	1920
Sound	62	hit	1	7748	4	714421	2			0
Picture	23	other				750083	2	1999	5	0	1920
Sound	52	other				755932	2			5850
Sound	63	hit	2	6414	4	762073	2			0
Picture	4	other				797911	3	1999	6	0	1920
Sound	64	hit	2	5410	4	809904	2			0
Picture	113	other				845072	3	2001	5	0	1920
Sound	51	other				848452	1			3380
Sound	63	hit	2	5410	4	857076	2			0
Picture	4	other				891899	6	2002	11	0	1920
Sound	64	hit	2	6740	5	903889	3			0
Picture	101	other				938229	3	2000	6	0	1920
Sound	61	hit	1	9004	4	950223	2			0
Picture	2	other				985057	4	2000	8	0	1920
Sound	62	hit	1	10486	4	997037	2			0
Picture	103	other				1032386	4	1999	7	0	1920
Sound	63	hit	2	5703	4	1044388	2			0
Picture	202	other				1079547	3	2000	5	0	1920
Sound	62	hit	1	7944	5	1091531	3			0
Picture	101	other				1126542	3	2000	5	0	1920
Sound	61	hit	1	5841	5	1138524	3			0
Picture	103	other				1174037	3	1999	6	0	1920
Sound	63	hit	2	6776	4	1186025	2			0
Picture	24	other				1221199	3	2000	5	0	1920
Sound	52	other				1229348	2			8150
Sound	64	hit	2	7767	4	1233198	1			0
Picture	1	other				1267858	5	2002	7	0	1920
Sound	61	hit	1	9952	4	1279861	2			0
Picture	202	other				1314688	3	1999	6	0	1920
Sound	62	hit	1	8730	4	1326674	2			0
Picture	101	other				1362183	3	2000	5	0	1920
Sound	61	hit	1	6878	4	1374176	2			0
Picture	204	other				1409511	3	2000	5	0	1920
Sound	64	hit	2	5373	3	1421498	1			0
Picture	224	other				1457006	3	1999	6	0	1920
Sound	52	other				1464985	2			7980
Sound	64	hit	2	5640	4	1468999	2			0
Picture	103	other				1504668	3	1999	6	0	1920
Sound	63	hit	2	5656	4	1516651	2			0
Picture	3	other				1551829	3	1997	10	0	1920
Sound	63	hit	2	7304	6	1563823	2			0
Picture	1	other				1599991	3	1999	6	0	1920
Sound	61	hit	1	7326	4	1611983	2			0
Picture	12	other				1647652	3	2001	5	0	1920
Sound	51	other				1651991	2			4340
Sound	62	hit	1	7965	3	1659635	1			0
Picture	4	other				1694146	4	2001	7	0	1920
Sound	64	hit	2	7613	4	1706148	2			0
Picture	13	other				1740476	2	2000	5	0	1920
Sound	51	other				1743616	1			3140
Sound	63	hit	2	8590	6	1752483	3			0
Picture	204	other				1787304	2	2000	4	0	1920
Sound	64	hit	2	7660	5	1799296	2			0
Picture	222	other				1834966	3	1999	6	0	1920
Sound	52	other				1841425	2			6460
Sound	62	hit	1	5943	5	1846947	2			0
Picture	3	other				1881794	3	1999	7	0	1920
Sound	63	hit	2	5698	4	1893790	2			0
Picture	202	other				1929456	2	2000	4	0	1920
Sound	62	hit	1	6626	5	1941441	2			0
Picture	204	other				1976117	3	2000	5	0	1920
Sound	64	hit	2	8045	4	1988105	2			0
Picture	2	other				2022612	3	2000	5	0	1920
Sound	62	hit	1	7870	5	2034619	2			0
Picture	121	other				2068941	3	1999	6	0	1920
Sound	52	other				2077180	2			8240
Sound	61	hit	1	8448	5	2080923	2			0
Picture	202	other				2116768	3	2000	6	0	1920
Sound	62	hit	1	7433	4	2128754	2			0
Picture	1	other				2164597	2	2000	4	0	1920
Sound	61	hit	1	7088	4	2176585	2			0
Picture	11	other				2212425	2	1999	5	0	1920
Sound	51	other				2216995	2			4570
Sound	61	hit	1	8285	5	2224416	2			0
Picture	3	other				2259420	4	2000	7	0	1920
Sound	63	hit	2	9105	4	2271409	1			0
Picture	14	other				2307415	3	1999	6	0	1920
Sound	51	other				2311074	2			3660
Sound	64	hit	2	4490	6	2319419	2			0
Picture	4	other				2353742	3	2000	6	0	1920
Sound	64	hit	2	5166	6	2365723	4			0
Picture	204	other				2401737	4	1999	9	0	1920
Sound	64	hit	2	4959	4	2413734	2			0
Picture	214	other				2449732	3	2000	6	0	1920
Sound	51	other				2453891	2			4160
Sound	64	hit	2	4322	5	2461714	2			0
Picture	22	other				2496561	3	2000	7	0	1920
Sound	52	other				2503442	2			6880
Sound	62	hit	1	8793	4	2508557	2			0
Picture	3	other				2544056	4	1999	7	0	1920
Sound	63	hit	2	6259	4	2556059	2			0
Picture	1	other				2591551	3	1999	6	0	1920
Sound	61	hit	1	9505	3	2603531	1			0
Picture	101	other				2637879	3	2000	6	0	1920
Sound	61	hit	1	9150	5	2649865	3			0
Picture	111	other				2685540	3	2000	5	0	1920
Sound	51	other				2688139	2			2600
Sound	61	hit	1	5682	4	2697546	2			0
Picture	204	other				2733368	3	2000	6	0	1920
Sound	64	hit	2	8010	5	2745347	3			0
Picture	1	other				2780031	3	1997	7	0	1920
Sound	61	hit	1	8311	4	2792010	2			0
Picture	4	other				2827192	4	2000	8	0	1920
Sound	64	hit	2	9255	5	2839183	2			0
Picture	103	other				2874353	5	2000	8	0	1920
Sound	63	hit	2	7549	4	2886355	2			0
Picture	103	other				2922513	5	2001	8	0	1920
Sound	63	hit	2	4893	4	2934515	2			0
Picture	3	other				2970344	6	1999	9	0	1920
Sound	63	hit	2	4781	4	2982346	2			0
Picture	2	other				3018005	3	1999	6	0	1920
Sound	62	hit	1	9285	4	3029997	2			0
Picture	103	other				3066166	2	2000	4	0	1920
Sound	63	hit	2	5983	4	3078157	2			0
Picture	202	other				3114327	3	2000	6	0	1920
Sound	62	hit	1	5103	3	3126318	1			0
