Scenario - 17_March_2015
Logfile written - 02/27/2017 16:15:59

Subject	Trial	Event Type	Code	Time	TTime	Uncertainty	Duration	Uncertainty	ReqTime	ReqDur	Stim Type	Pair Index

yc23	1	Response	253	8318	18152	1
yc23	2	Picture	10	8497	0	1	20164	3	0	20000	other	0
yc23	3	Picture	10	28828	0	1	40162	3	0	40000	other	0
yc23	3	Response	251	42496	13668	1
yc23	4	Picture	10	69157	0	2	40163	3	0	40000	other	0
yc23	4	Response	252	83364	14207	1
yc23	5	Nothing	91	109321	0	2			0		other	0
yc23	6	Picture	12	139483	0	2	2000	3	0	1920	other	0
yc23	6	Sound	51	144592	5109	2			5110		other	0
yc23	7	Sound	62	151454	0	2			0		hit	11
yc23	7	Response	251	158782	7328	2
yc23	8	Picture	3	186144	0	2	2000	4	0	1920	other	0
yc23	9	Sound	63	198118	0	1			0		hit	14
yc23	9	Response	252	202863	4745	2
yc23	10	Picture	22	233473	0	1	2000	2	0	1920	other	0
yc23	10	Sound	52	241712	8239	2			8240		other	0
yc23	11	Sound	62	245470	0	1			0		hit	18
yc23	11	Response	251	253339	7869	1
yc23	12	Picture	204	279634	0	2	2000	4	0	1920	other	0
yc23	13	Sound	64	291625	0	1			0		hit	21
yc23	13	Response	252	296416	4791	1
yc23	14	Picture	204	326296	0	2	2000	3	0	1920	other	0
yc23	15	Sound	64	338289	0	1			0		hit	24
yc23	15	Response	252	343883	5594	2
yc23	16	Picture	2	373791	0	1	2000	2	0	1920	other	0
yc23	17	Sound	62	385791	0	1			0		hit	27
yc23	17	Response	251	389984	4193	1
yc23	18	Picture	2	420453	0	2	1999	4	0	1920	other	0
yc23	19	Sound	62	432424	0	2			0		hit	30
yc23	19	Response	251	438961	6537	2
yc23	20	Picture	204	466781	0	1	2000	2	0	1920	other	0
yc23	21	Sound	64	478759	0	1			0		hit	33
yc23	21	Response	252	485387	6628	1
yc23	22	Picture	1	513109	0	2	2000	3	0	1920	other	0
yc23	23	Sound	61	525093	0	2			0		hit	36
yc23	23	Response	251	532121	7028	2
yc23	24	Picture	123	560271	0	1	2000	2	0	1920	other	0
yc23	24	Sound	52	567340	7069	1			7070		other	0
yc23	25	Sound	63	572266	0	1			0		hit	40
yc23	25	Response	252	580327	8061	1
yc23	26	Picture	103	606766	0	1	2000	2	0	1920	other	0
yc23	27	Sound	63	618750	0	1			0		hit	43
yc23	27	Response	252	623868	5118	1
yc23	28	Picture	11	654094	0	2	2000	3	0	1920	other	0
yc23	28	Sound	51	658733	4639	2			4640		other	0
yc23	29	Sound	61	666072	0	2			0		hit	47
yc23	29	Response	251	671433	5361	2
yc23	30	Picture	202	701256	0	1	1999	3	0	1920	other	0
yc23	31	Sound	62	713245	0	1			0		hit	50
yc23	31	Response	251	719012	5767	2
yc23	32	Picture	204	748250	0	2	2000	4	0	1920	other	0
yc23	33	Sound	64	760238	0	1			0		hit	53
yc23	33	Response	252	765332	5094	1
yc23	34	Picture	101	794412	0	2	2000	3	0	1920	other	0
yc23	35	Sound	61	806393	0	1			0		hit	56
yc23	35	Response	251	812383	5990	2
yc23	36	Picture	4	841074	0	1	2000	2	0	1920	other	0
yc23	37	Sound	64	853056	0	2			0		hit	59
yc23	37	Response	252	858283	5227	1
yc23	38	Picture	1	887402	0	2	2000	4	0	1920	other	0
yc23	39	Sound	61	899391	0	1			0		hit	62
yc23	39	Response	251	904689	5298	1
yc23	40	Picture	1	934731	0	1	1999	3	0	1920	other	0
yc23	41	Sound	61	946713	0	1			0		hit	65
yc23	41	Response	251	951728	5015	1
yc23	42	Picture	103	982225	0	2	2000	4	0	1920	other	0
yc23	43	Sound	63	994215	0	1			0		hit	68
yc23	43	Response	252	999411	5196	2
yc23	44	Picture	202	1029554	0	1	1999	3	0	1920	other	0
yc23	45	Sound	62	1041537	0	1			0		hit	71
yc23	45	Response	251	1046027	4490	2
yc23	46	Picture	103	1075882	0	1	2000	2	0	1920	other	0
yc23	47	Sound	63	1087872	0	1			0		hit	74
yc23	47	Response	252	1092832	4960	2
yc23	48	Picture	2	1122210	0	2	2000	4	0	1920	other	0
yc23	49	Sound	62	1134206	0	1			0		hit	77
yc23	49	Response	251	1139607	5401	1
yc23	50	Picture	204	1170205	0	2	2000	3	0	1920	other	0
yc23	51	Sound	64	1182187	0	1			0		hit	80
yc23	51	Response	252	1187888	5701	1
yc23	52	Picture	103	1216867	0	1	1999	3	0	1920	other	0
yc23	53	Sound	63	1228851	0	1			0		hit	83
yc23	53	Response	252	1234754	5903	1
yc23	54	Picture	101	1264028	0	2	2000	4	0	1920	other	0
yc23	55	Sound	61	1276023	0	1			0		hit	86
yc23	55	Response	251	1281065	5042	2
yc23	56	Picture	3	1311023	0	2	2000	3	0	1920	other	0
yc23	57	Sound	63	1323016	0	1			0		hit	89
yc23	57	Response	252	1327567	4551	1
yc23	58	Picture	103	1358018	0	2	2000	3	0	1920	other	0
yc23	59	Sound	63	1370009	0	1			0		hit	92
yc23	59	Response	252	1375363	5354	1
yc23	60	Picture	23	1404680	0	1	2000	2	0	1920	other	0
yc23	60	Sound	52	1411099	6419	2			6420		other	0
yc23	61	Sound	63	1416673	0	1			0		hit	96
yc23	61	Response	252	1422595	5922	1
yc23	62	Picture	24	1452508	0	1	1999	3	0	1920	other	0
yc23	62	Sound	52	1458797	6289	2			6290		other	0
yc23	63	Sound	64	1464504	0	1			0		hit	100
yc23	63	Response	252	1469981	5477	1
yc23	64	Picture	3	1500170	0	1	1999	3	0	1920	other	0
yc23	65	Sound	63	1512155	0	2			0		hit	103
yc23	65	Response	252	1517564	5409	1
yc23	66	Picture	4	1546831	0	2	2000	3	0	1920	other	0
yc23	67	Sound	64	1558819	0	1			0		hit	106
yc23	67	Response	252	1563857	5038	1
yc23	68	Picture	2	1594326	0	1	2000	2	0	1920	other	0
yc23	69	Sound	62	1606321	0	1			0		hit	109
yc23	69	Response	251	1610524	4203	1
yc23	70	Picture	202	1641154	0	2	2000	3	0	1920	other	0
yc23	71	Sound	62	1653134	0	1			0		hit	112
yc23	71	Response	251	1656692	3558	1
yc23	72	Picture	101	1687983	0	1	1999	3	0	1920	other	0
yc23	73	Sound	61	1699978	0	1			0		hit	115
yc23	73	Response	251	1705464	5486	1
yc23	74	Picture	4	1735644	0	2	2000	3	0	1920	other	0
yc23	75	Sound	64	1747629	0	1			0		hit	118
yc23	75	Response	252	1753407	5778	2
yc23	76	Picture	212	1781972	0	2	2000	4	0	1920	other	0
yc23	76	Sound	51	1786601	4629	1			4630		other	0
yc23	77	Sound	62	1793963	0	2			0		hit	122
yc23	77	Response	251	1798130	4167	2
yc23	78	Picture	101	1828801	0	1	1999	3	0	1920	other	0
yc23	79	Sound	61	1840777	0	1			0		hit	125
yc23	79	Response	251	1846637	5860	1
yc23	80	Picture	1	1876796	0	1	2000	2	0	1920	other	0
yc23	81	Sound	61	1888787	0	2			0		hit	128
yc23	81	Response	251	1893025	4238	2
yc23	82	Picture	224	1923791	0	1	1999	3	0	1920	other	0
yc23	82	Sound	52	1929900	6109	1			6110		other	0
yc23	83	Sound	64	1935781	0	1			0		hit	132
yc23	83	Response	252	1940750	4969	2
yc23	84	Picture	13	1970952	0	1	2000	2	0	1920	other	0
yc23	84	Sound	51	1974361	3409	2			3410		other	0
yc23	85	Sound	63	1982923	0	1			0		hit	136
yc23	85	Response	252	1987315	4392	1
yc23	86	Picture	101	2018614	0	1	1999	3	0	1920	other	0
yc23	87	Sound	61	2030605	0	1			0		hit	139
yc23	87	Response	251	2036546	5941	1
yc23	88	Picture	2	2066109	0	1	1999	3	0	1920	other	0
yc23	89	Sound	62	2078106	0	2			0		incorrect	142
yc23	89	Response	252	2084530	6424	2
yc23	90	Picture	121	2114103	0	2	2000	3	0	1920	other	0
yc23	90	Sound	52	2119762	5659	2			5660		other	0
yc23	91	Sound	61	2126087	0	1			0		hit	146
yc23	91	Response	251	2131423	5336	1
yc23	92	Picture	202	2161765	0	1	2000	2	0	1920	other	0
yc23	93	Sound	62	2173739	0	1			0		hit	149
yc23	93	Response	251	2178758	5019	1
yc23	94	Picture	4	2208926	0	2	2000	4	0	1920	other	0
yc23	95	Sound	64	2220911	0	1			0		hit	152
yc23	95	Response	252	2225779	4868	1
yc23	96	Picture	3	2256755	0	1	1999	3	0	1920	other	0
yc23	97	Sound	63	2268742	0	1			0		hit	155
yc23	97	Response	252	2274114	5372	1
yc23	98	Picture	2	2302916	0	2	2000	4	0	1920	other	0
yc23	99	Sound	62	2314897	0	1			0		hit	158
yc23	99	Response	251	2323220	8323	2
yc23	100	Picture	222	2349411	0	2	2000	3	0	1920	other	0
yc23	100	Sound	52	2357680	8269	1			8270		other	0
yc23	101	Sound	62	2361411	0	1			0		hit	162
yc23	101	Response	251	2367732	6321	1
yc23	102	Picture	101	2395573	0	1	2000	2	0	1920	other	0
yc23	103	Sound	61	2407566	0	1			0		hit	165
yc23	103	Response	251	2414275	6709	1
yc23	104	Picture	103	2442401	0	2	2000	4	0	1920	other	0
yc23	105	Sound	63	2454379	0	2			0		hit	168
yc23	105	Response	252	2459746	5367	2
yc23	106	Picture	111	2490063	0	1	1999	3	0	1920	other	0
yc23	106	Sound	51	2492902	2839	1			2840		other	0
yc23	107	Sound	61	2502061	0	1			0		hit	172
yc23	107	Response	251	2507039	4978	2
yc23	108	Picture	204	2537891	0	2	2000	3	0	1920	other	0
yc23	109	Sound	64	2549862	0	2			0		hit	175
yc23	109	Response	252	2555554	5692	1
yc23	110	Picture	14	2584719	0	2	2000	4	0	1920	other	0
yc23	110	Sound	51	2589218	4499	2			4500		other	0
yc23	111	Sound	64	2596705	0	1			0		hit	179
yc23	111	Response	252	2603520	6815	2
yc23	112	Picture	3	2631714	0	2	2000	3	0	1920	other	0
yc23	113	Sound	63	2643698	0	1			0		hit	182
yc23	113	Response	252	2650920	7222	2
yc23	114	Picture	202	2679376	0	1	1999	3	0	1920	other	0
yc23	115	Sound	62	2691350	0	1			0		hit	185
yc23	115	Response	251	2704073	12723	1
yc23	116	Picture	3	2726871	0	1	1999	3	0	1920	other	0
yc23	117	Sound	63	2738852	0	1			0		hit	188
yc23	117	Response	252	2743845	4993	1
yc23	118	Picture	4	2773199	0	1	2000	2	0	1920	other	0
yc23	119	Sound	64	2785186	0	1			0		hit	191
yc23	119	Response	252	2791469	6283	2
yc23	120	Picture	113	2819694	0	2	2000	4	0	1920	other	0
yc23	120	Sound	51	2824604	4910	1			4910		other	0
yc23	121	Sound	63	2831670	0	1			0		hit	195
yc23	121	Response	252	2836789	5119	1
yc23	122	Picture	1	2867855	0	2	2000	4	0	1920	other	0
yc23	123	Sound	61	2879830	0	2			0		hit	198
yc23	123	Response	251	2885619	5789	1
yc23	124	Picture	21	2915517	0	2	2000	3	0	1920	other	0
yc23	124	Sound	52	2923236	7719	1			7720		other	0
yc23	125	Sound	61	2927512	0	1			0		hit	202
yc23	125	Response	251	2933416	5904	1
yc23	126	Picture	1	2963012	0	2	2000	3	0	1920	other	0
yc23	127	Sound	61	2974984	0	1			0		hit	205
yc23	127	Response	251	2981704	6720	1
yc23	128	Picture	214	3010673	0	2	2000	3	0	1920	other	0
yc23	128	Sound	51	3013212	2539	2			2540		other	0
yc23	129	Sound	64	3022665	0	1			0		hit	209
yc23	129	Response	252	3026821	4156	1
yc23	130	Picture	4	3057835	0	1	2000	2	0	1920	other	0
yc23	131	Sound	64	3069808	0	1			0		hit	212
yc23	131	Response	252	3075043	5235	1
yc23	132	Picture	202	3105996	0	2	2000	3	0	1920	other	0
yc23	133	Sound	62	3117968	0	1			0		hit	215
yc23	133	Response	251	3124075	6107	2
yc23	134	Response	253	3387629	235304	2


Event Type	Code	Type	Response	RT	RT Uncertainty	Time	Uncertainty	Duration	Uncertainty	ReqTime	ReqDur

Picture	10	other				8497	1	20164	3	0	20000
Picture	10	other				28828	1	40162	3	0	40000
Picture	10	other				69157	2	40163	3	0	40000
Nothing	91	other				109321	2			0
Picture	12	other				139483	2	2000	3	0	1920
Sound	51	other				144592	2			5110
Sound	62	hit	1	7328	4	151454	2			0
Picture	3	other				186144	2	2000	4	0	1920
Sound	63	hit	2	4745	3	198118	1			0
Picture	22	other				233473	1	2000	2	0	1920
Sound	52	other				241712	2			8240
Sound	62	hit	1	7869	2	245470	1			0
Picture	204	other				279634	2	2000	4	0	1920
Sound	64	hit	2	4791	2	291625	1			0
Picture	204	other				326296	2	2000	3	0	1920
Sound	64	hit	2	5594	3	338289	1			0
Picture	2	other				373791	1	2000	2	0	1920
Sound	62	hit	1	4193	2	385791	1			0
Picture	2	other				420453	2	1999	4	0	1920
Sound	62	hit	1	6537	4	432424	2			0
Picture	204	other				466781	1	2000	2	0	1920
Sound	64	hit	2	6628	2	478759	1			0
Picture	1	other				513109	2	2000	3	0	1920
Sound	61	hit	1	7028	4	525093	2			0
Picture	123	other				560271	1	2000	2	0	1920
Sound	52	other				567340	1			7070
Sound	63	hit	2	8061	2	572266	1			0
Picture	103	other				606766	1	2000	2	0	1920
Sound	63	hit	2	5118	2	618750	1			0
Picture	11	other				654094	2	2000	3	0	1920
Sound	51	other				658733	2			4640
Sound	61	hit	1	5361	4	666072	2			0
Picture	202	other				701256	1	1999	3	0	1920
Sound	62	hit	1	5767	3	713245	1			0
Picture	204	other				748250	2	2000	4	0	1920
Sound	64	hit	2	5094	2	760238	1			0
Picture	101	other				794412	2	2000	3	0	1920
Sound	61	hit	1	5990	3	806393	1			0
Picture	4	other				841074	1	2000	2	0	1920
Sound	64	hit	2	5227	3	853056	2			0
Picture	1	other				887402	2	2000	4	0	1920
Sound	61	hit	1	5298	2	899391	1			0
Picture	1	other				934731	1	1999	3	0	1920
Sound	61	hit	1	5015	2	946713	1			0
Picture	103	other				982225	2	2000	4	0	1920
Sound	63	hit	2	5196	3	994215	1			0
Picture	202	other				1029554	1	1999	3	0	1920
Sound	62	hit	1	4490	3	1041537	1			0
Picture	103	other				1075882	1	2000	2	0	1920
Sound	63	hit	2	4960	3	1087872	1			0
Picture	2	other				1122210	2	2000	4	0	1920
Sound	62	hit	1	5401	2	1134206	1			0
Picture	204	other				1170205	2	2000	3	0	1920
Sound	64	hit	2	5701	2	1182187	1			0
Picture	103	other				1216867	1	1999	3	0	1920
Sound	63	hit	2	5903	2	1228851	1			0
Picture	101	other				1264028	2	2000	4	0	1920
Sound	61	hit	1	5042	3	1276023	1			0
Picture	3	other				1311023	2	2000	3	0	1920
Sound	63	hit	2	4551	2	1323016	1			0
Picture	103	other				1358018	2	2000	3	0	1920
Sound	63	hit	2	5354	2	1370009	1			0
Picture	23	other				1404680	1	2000	2	0	1920
Sound	52	other				1411099	2			6420
Sound	63	hit	2	5922	2	1416673	1			0
Picture	24	other				1452508	1	1999	3	0	1920
Sound	52	other				1458797	2			6290
Sound	64	hit	2	5477	2	1464504	1			0
Picture	3	other				1500170	1	1999	3	0	1920
Sound	63	hit	2	5409	3	1512155	2			0
Picture	4	other				1546831	2	2000	3	0	1920
Sound	64	hit	2	5038	2	1558819	1			0
Picture	2	other				1594326	1	2000	2	0	1920
Sound	62	hit	1	4203	2	1606321	1			0
Picture	202	other				1641154	2	2000	3	0	1920
Sound	62	hit	1	3558	2	1653134	1			0
Picture	101	other				1687983	1	1999	3	0	1920
Sound	61	hit	1	5486	2	1699978	1			0
Picture	4	other				1735644	2	2000	3	0	1920
Sound	64	hit	2	5778	3	1747629	1			0
Picture	212	other				1781972	2	2000	4	0	1920
Sound	51	other				1786601	1			4630
Sound	62	hit	1	4167	4	1793963	2			0
Picture	101	other				1828801	1	1999	3	0	1920
Sound	61	hit	1	5860	2	1840777	1			0
Picture	1	other				1876796	1	2000	2	0	1920
Sound	61	hit	1	4238	4	1888787	2			0
Picture	224	other				1923791	1	1999	3	0	1920
Sound	52	other				1929900	1			6110
Sound	64	hit	2	4969	3	1935781	1			0
Picture	13	other				1970952	1	2000	2	0	1920
Sound	51	other				1974361	2			3410
Sound	63	hit	2	4392	2	1982923	1			0
Picture	101	other				2018614	1	1999	3	0	1920
Sound	61	hit	1	5941	2	2030605	1			0
Picture	2	other				2066109	1	1999	3	0	1920
Sound	62	incorrect	2	6424	4	2078106	2			0
Picture	121	other				2114103	2	2000	3	0	1920
Sound	52	other				2119762	2			5660
Sound	61	hit	1	5336	2	2126087	1			0
Picture	202	other				2161765	1	2000	2	0	1920
Sound	62	hit	1	5019	2	2173739	1			0
Picture	4	other				2208926	2	2000	4	0	1920
Sound	64	hit	2	4868	2	2220911	1			0
Picture	3	other				2256755	1	1999	3	0	1920
Sound	63	hit	2	5372	2	2268742	1			0
Picture	2	other				2302916	2	2000	4	0	1920
Sound	62	hit	1	8323	3	2314897	1			0
Picture	222	other				2349411	2	2000	3	0	1920
Sound	52	other				2357680	1			8270
Sound	62	hit	1	6321	2	2361411	1			0
Picture	101	other				2395573	1	2000	2	0	1920
Sound	61	hit	1	6709	2	2407566	1			0
Picture	103	other				2442401	2	2000	4	0	1920
Sound	63	hit	2	5367	4	2454379	2			0
Picture	111	other				2490063	1	1999	3	0	1920
Sound	51	other				2492902	1			2840
Sound	61	hit	1	4978	3	2502061	1			0
Picture	204	other				2537891	2	2000	3	0	1920
Sound	64	hit	2	5692	3	2549862	2			0
Picture	14	other				2584719	2	2000	4	0	1920
Sound	51	other				2589218	2			4500
Sound	64	hit	2	6815	3	2596705	1			0
Picture	3	other				2631714	2	2000	3	0	1920
Sound	63	hit	2	7222	3	2643698	1			0
Picture	202	other				2679376	1	1999	3	0	1920
Sound	62	hit	1	12723	2	2691350	1			0
Picture	3	other				2726871	1	1999	3	0	1920
Sound	63	hit	2	4993	2	2738852	1			0
Picture	4	other				2773199	1	2000	2	0	1920
Sound	64	hit	2	6283	3	2785186	1			0
Picture	113	other				2819694	2	2000	4	0	1920
Sound	51	other				2824604	1			4910
Sound	63	hit	2	5119	2	2831670	1			0
Picture	1	other				2867855	2	2000	4	0	1920
Sound	61	hit	1	5789	3	2879830	2			0
Picture	21	other				2915517	2	2000	3	0	1920
Sound	52	other				2923236	1			7720
Sound	61	hit	1	5904	2	2927512	1			0
Picture	1	other				2963012	2	2000	3	0	1920
Sound	61	hit	1	6720	2	2974984	1			0
Picture	214	other				3010673	2	2000	3	0	1920
Sound	51	other				3013212	2			2540
Sound	64	hit	2	4156	2	3022665	1			0
Picture	4	other				3057835	1	2000	2	0	1920
Sound	64	hit	2	5235	2	3069808	1			0
Picture	202	other				3105996	2	2000	3	0	1920
Sound	62	hit	1	6107	3	3117968	1			0
