Scenario - 17_March_2015
Logfile written - 02/27/2017 15:33:43

Subject	Trial	Event Type	Code	Time	TTime	Uncertainty	Duration	Uncertainty	ReqTime	ReqDur	Stim Type	Pair Index

yc23	1	Response	253	12330	22163	1
yc23	2	Picture	10	12497	0	1	20164	3	0	20000	other	0
yc23	3	Picture	10	32828	0	1	40162	3	0	40000	other	0
yc23	3	Response	251	47110	14282	1
yc23	4	Picture	10	73157	0	1	40162	3	0	40000	other	0
yc23	4	Response	252	87556	14399	1
yc23	5	Nothing	91	113321	0	1			0		other	0
yc23	6	Picture	1	143483	0	1	1999	3	0	1920	other	0
yc23	7	Sound	61	155465	0	1			0		hit	10
yc23	7	Response	251	162058	6593	2
yc23	8	Picture	123	191144	0	2	2000	3	0	1920	other	0
yc23	8	Sound	52	196943	5799	2			5800		other	0
yc23	9	Sound	63	203116	0	1			0		hit	14
yc23	9	Response	252	207900	4784	1
yc23	10	Picture	101	238806	0	1	1999	3	0	1920	other	0
yc23	11	Sound	61	250798	0	1			0		hit	17
yc23	11	Response	251	256371	5573	1
yc23	12	Picture	204	285967	0	2	2000	3	0	1920	other	0
yc23	13	Sound	64	297940	0	1			0		hit	20
yc23	13	Response	252	302606	4666	1
yc23	14	Picture	3	332962	0	2	2000	3	0	1920	other	0
yc23	15	Sound	63	344933	0	1			0		hit	23
yc23	15	Response	252	351962	7029	1
yc23	16	Picture	2	379791	0	1	1999	3	0	1920	other	0
yc23	17	Sound	62	391776	0	2			0		hit	26
yc23	17	Response	251	396139	4363	1
yc23	18	Picture	202	426119	0	1	1999	3	0	1920	other	0
yc23	19	Sound	62	438111	0	1			0		hit	29
yc23	19	Response	251	443436	5325	1
yc23	20	Picture	212	472281	0	1	1999	3	0	1920	other	0
yc23	20	Sound	51	477670	5389	2			5390		other	0
yc23	21	Sound	62	484266	0	1			0		hit	33
yc23	21	Response	251	489293	5027	1
yc23	22	Picture	21	519609	0	1	2000	2	0	1920	other	0
yc23	22	Sound	52	526728	7119	2			7120		other	0
yc23	23	Sound	61	531588	0	1			0		hit	37
yc23	23	Response	251	536368	4780	1
yc23	24	Picture	101	566104	0	1	2000	2	0	1920	other	0
yc23	25	Sound	61	578102	0	1			0		hit	40
yc23	25	Response	251	582176	4074	1
yc23	26	Picture	2	613265	0	2	2000	9	0	1920	other	0
yc23	27	Sound	62	625245	0	1			0		hit	43
yc23	27	Response	251	629218	3973	1
yc23	28	Picture	4	659760	0	2	2000	3	0	1920	other	0
yc23	29	Sound	64	671759	0	1			0		hit	46
yc23	29	Response	252	676382	4623	2
yc23	30	Picture	2	706755	0	2	2000	3	0	1920	other	0
yc23	31	Sound	62	718752	0	1			0		hit	49
yc23	31	Response	251	725174	6422	1
yc23	32	Picture	23	754417	0	1	1999	3	0	1920	other	0
yc23	32	Sound	52	760266	5849	2			5850		other	0
yc23	33	Sound	63	766403	0	1			0		hit	53
yc23	33	Response	252	771536	5133	2
yc23	34	Picture	4	802078	0	2	2000	3	0	1920	other	0
yc23	35	Sound	64	814055	0	1			0		hit	56
yc23	35	Response	252	819543	5488	1
yc23	36	Picture	113	849073	0	2	2000	3	0	1920	other	0
yc23	36	Sound	51	852452	3379	2			3380		other	0
yc23	37	Sound	63	861048	0	1			0		hit	60
yc23	37	Response	252	867249	6201	2
yc23	38	Picture	4	895735	0	1	2000	2	0	1920	other	0
yc23	39	Sound	64	907711	0	2			0		hit	63
yc23	39	Response	252	914106	6395	2
yc23	40	Picture	101	941896	0	2	2000	4	0	1920	other	0
yc23	41	Sound	61	953896	0	1			0		hit	66
yc23	41	Response	251	958263	4367	1
yc23	42	Picture	2	988558	0	2	2000	3	0	1920	other	0
yc23	43	Sound	62	1000530	0	1			0		hit	69
yc23	43	Response	251	1006322	5792	1
yc23	44	Picture	103	1035720	0	1	2000	2	0	1920	other	0
yc23	45	Sound	63	1047703	0	1			0		hit	72
yc23	45	Response	252	1054931	7228	2
yc23	46	Picture	202	1082715	0	1	1999	3	0	1920	other	0
yc23	47	Sound	62	1094696	0	1			0		hit	75
yc23	47	Response	251	1099613	4917	1
yc23	48	Picture	101	1129710	0	1	2000	2	0	1920	other	0
yc23	49	Sound	61	1141689	0	1			0		incorrect	78
yc23	49	Response	252	1149760	8071	2
yc23	50	Picture	103	1177205	0	1	1999	3	0	1920	other	0
yc23	51	Sound	63	1189190	0	2			0		hit	81
yc23	51	Response	252	1196696	7506	1
yc23	52	Picture	24	1224366	0	2	2000	3	0	1920	other	0
yc23	52	Sound	52	1232515	8149	2			8150		other	0
yc23	53	Sound	64	1236363	0	1			0		hit	85
yc23	53	Response	252	1243320	6957	1
yc23	54	Picture	1	1270861	0	2	2000	3	0	1920	other	0
yc23	55	Sound	61	1282847	0	1			0		hit	88
yc23	55	Response	251	1288371	5524	2
yc23	56	Picture	202	1317523	0	1	2000	2	0	1920	other	0
yc23	57	Sound	62	1329511	0	1			0		hit	91
yc23	57	Response	251	1336043	6532	1
yc23	58	Picture	101	1365018	0	1	1999	3	0	1920	other	0
yc23	59	Sound	61	1377013	0	1			0		hit	94
yc23	59	Response	251	1383399	6386	1
yc23	60	Picture	204	1412179	0	2	2000	4	0	1920	other	0
yc23	61	Sound	64	1424155	0	1			0		hit	97
yc23	61	Response	252	1430877	6722	2
yc23	62	Picture	224	1459674	0	1	2000	2	0	1920	other	0
yc23	62	Sound	52	1467653	7979	2			7980		other	0
yc23	63	Sound	64	1471657	0	1			0		hit	101
yc23	63	Response	252	1479328	7671	1
yc23	64	Picture	103	1507169	0	1	2000	2	0	1920	other	0
yc23	65	Sound	63	1519159	0	1			0		hit	104
yc23	65	Response	252	1524702	5543	2
yc23	66	Picture	3	1554164	0	1	2000	2	0	1920	other	0
yc23	67	Sound	63	1566152	0	1			0		hit	107
yc23	67	Response	252	1573518	7366	2
yc23	68	Picture	1	1602159	0	1	1999	3	0	1920	other	0
yc23	69	Sound	61	1614133	0	1			0		hit	110
yc23	69	Response	251	1619675	5542	2
yc23	70	Picture	12	1649654	0	1	2000	2	0	1920	other	0
yc23	70	Sound	51	1653993	4339	2			4340		other	0
yc23	71	Sound	62	1661634	0	2			0		hit	114
yc23	71	Response	251	1666712	5078	1
yc23	72	Picture	4	1695982	0	1	2000	2	0	1920	other	0
yc23	73	Sound	64	1707969	0	1			0		hit	117
yc23	73	Response	252	1714759	6790	1
yc23	74	Picture	13	1742310	0	2	2000	4	0	1920	other	0
yc23	74	Sound	51	1745449	3139	1			3140		other	0
yc23	75	Sound	63	1754303	0	2			0		incorrect	121
yc23	75	Response	251	1760149	5846	1
yc23	76	Picture	204	1788972	0	1	2000	2	0	1920	other	0
yc23	77	Sound	64	1800967	0	1			0		incorrect	124
yc23	77	Response	251	1806764	5797	2
yc23	78	Picture	222	1836467	0	2	2000	3	0	1920	other	0
yc23	78	Sound	52	1842927	6460	1			6460		other	0
yc23	79	Sound	62	1848439	0	1			0		hit	128
yc23	79	Response	251	1858112	9673	1
yc23	80	Picture	3	1883128	0	2	2000	4	0	1920	other	0
yc23	81	Sound	63	1895103	0	1			0		hit	131
yc23	81	Response	252	1905644	10541	1
yc23	82	Picture	202	1930623	0	2	2000	3	0	1920	other	0
yc23	83	Sound	62	1942604	0	2			0		hit	134
yc23	83	Response	251	1949866	7262	1
yc23	84	Picture	204	1977118	0	2	2000	4	0	1920	other	0
yc23	85	Sound	64	1989089	0	1			0		hit	137
yc23	85	Response	252	1995987	6898	1
yc23	86	Picture	2	2023447	0	1	1999	3	0	1920	other	0
yc23	87	Sound	62	2035423	0	1			0		hit	140
yc23	87	Response	251	2042011	6588	1
yc23	88	Picture	121	2069608	0	2	2000	3	0	1920	other	0
yc23	88	Sound	52	2077847	8239	2			8240		other	0
yc23	89	Sound	61	2081608	0	1			0		hit	144
yc23	89	Response	251	2088325	6717	1
yc23	90	Picture	202	2117270	0	1	2000	2	0	1920	other	0
yc23	91	Sound	62	2129259	0	2			0		hit	147
yc23	91	Response	251	2134476	5217	1
yc23	92	Picture	1	2165098	0	1	2000	2	0	1920	other	0
yc23	93	Sound	61	2177090	0	2			0		hit	150
yc23	93	Response	251	2183292	6202	2
yc23	94	Picture	11	2213260	0	1	1999	3	0	1920	other	0
yc23	94	Sound	51	2217829	4569	2			4570		other	0
yc23	95	Sound	61	2225251	0	1			0		hit	154
yc23	95	Response	251	2231420	6169	1
yc23	96	Picture	3	2260088	0	1	2000	2	0	1920	other	0
yc23	97	Sound	63	2272064	0	1			0		hit	157
yc23	97	Response	252	2277544	5480	1
yc23	98	Picture	14	2307916	0	1	2000	2	0	1920	other	0
yc23	98	Sound	51	2311576	3660	1			3660		other	0
yc23	99	Sound	64	2319895	0	1			0		hit	161
yc23	99	Response	252	2327498	7603	1
yc23	100	Picture	4	2354078	0	1	2000	2	0	1920	other	0
yc23	101	Sound	64	2366050	0	1			0		hit	164
yc23	101	Response	252	2373195	7145	2
yc23	102	Picture	204	2401906	0	1	2000	2	0	1920	other	0
yc23	103	Sound	64	2413881	0	1			0		hit	167
yc23	103	Response	252	2420396	6515	1
yc23	104	Picture	214	2449401	0	1	1999	3	0	1920	other	0
yc23	104	Sound	51	2453560	4159	2			4160		other	0
yc23	105	Sound	64	2461383	0	1			0		hit	171
yc23	105	Response	252	2467740	6357	1
yc23	106	Picture	22	2496062	0	2	2000	4	0	1920	other	0
yc23	106	Sound	52	2502941	6879	2			6880		other	0
yc23	107	Sound	62	2508047	0	1			0		hit	175
yc23	107	Response	251	2515211	7164	1
yc23	108	Picture	3	2543390	0	2	2000	4	0	1920	other	0
yc23	109	Sound	63	2555369	0	1			0		hit	178
yc23	109	Response	252	2561812	6443	1
yc23	110	Picture	1	2590886	0	1	1999	3	0	1920	other	0
yc23	111	Sound	61	2602871	0	1			0		hit	181
yc23	111	Response	251	2609166	6295	1
yc23	112	Picture	101	2637214	0	1	2000	2	0	1920	other	0
yc23	113	Sound	61	2649205	0	1			0		hit	184
yc23	113	Response	251	2656903	7698	1
yc23	114	Picture	111	2684709	0	1	2000	2	0	1920	other	0
yc23	114	Sound	51	2687308	2599	1			2600		other	0
yc23	115	Sound	61	2696707	0	1			0		hit	188
yc23	115	Response	251	2702713	6006	2
yc23	116	Picture	204	2732370	0	2	2000	4	0	1920	other	0
yc23	117	Sound	64	2744358	0	2			0		hit	191
yc23	117	Response	252	2754181	9823	1
yc23	118	Picture	1	2778865	0	2	2000	3	0	1920	other	0
yc23	119	Sound	61	2790843	0	1			0		hit	194
yc23	119	Response	251	2797235	6392	2
yc23	120	Picture	4	2825860	0	2	2000	4	0	1920	other	0
yc23	121	Sound	64	2837835	0	2			0		hit	197
yc23	121	Response	252	2843459	5624	1
yc23	122	Picture	103	2872855	0	2	2000	3	0	1920	other	0
yc23	123	Sound	63	2884828	0	2			0		hit	200
yc23	123	Response	252	2891321	6493	2
yc23	124	Picture	103	2920850	0	1	2000	2	0	1920	other	0
yc23	125	Sound	63	2932839	0	1			0		hit	203
yc23	125	Response	252	2938432	5593	2
yc23	126	Picture	3	2968678	0	2	2000	3	0	1920	other	0
yc23	127	Sound	63	2980670	0	2			0		hit	206
yc23	127	Response	252	2985729	5059	1
yc23	128	Picture	2	3016340	0	1	1999	3	0	1920	other	0
yc23	129	Sound	62	3028322	0	1			0		hit	209
yc23	129	Response	251	3033889	5567	1
yc23	130	Picture	103	3064501	0	2	2000	3	0	1920	other	0
yc23	131	Sound	63	3076482	0	1			0		hit	212
yc23	131	Response	252	3082861	6379	2
yc23	132	Picture	202	3112496	0	1	2000	2	0	1920	other	0
yc23	133	Sound	62	3124493	0	1			0		hit	215
yc23	133	Response	251	3130535	6042	2
yc23	134	Response	253	3319004	158846	2


Event Type	Code	Type	Response	RT	RT Uncertainty	Time	Uncertainty	Duration	Uncertainty	ReqTime	ReqDur

Picture	10	other				12497	1	20164	3	0	20000
Picture	10	other				32828	1	40162	3	0	40000
Picture	10	other				73157	1	40162	3	0	40000
Nothing	91	other				113321	1			0
Picture	1	other				143483	1	1999	3	0	1920
Sound	61	hit	1	6593	3	155465	1			0
Picture	123	other				191144	2	2000	3	0	1920
Sound	52	other				196943	2			5800
Sound	63	hit	2	4784	2	203116	1			0
Picture	101	other				238806	1	1999	3	0	1920
Sound	61	hit	1	5573	2	250798	1			0
Picture	204	other				285967	2	2000	3	0	1920
Sound	64	hit	2	4666	2	297940	1			0
Picture	3	other				332962	2	2000	3	0	1920
Sound	63	hit	2	7029	2	344933	1			0
Picture	2	other				379791	1	1999	3	0	1920
Sound	62	hit	1	4363	3	391776	2			0
Picture	202	other				426119	1	1999	3	0	1920
Sound	62	hit	1	5325	2	438111	1			0
Picture	212	other				472281	1	1999	3	0	1920
Sound	51	other				477670	2			5390
Sound	62	hit	1	5027	2	484266	1			0
Picture	21	other				519609	1	2000	2	0	1920
Sound	52	other				526728	2			7120
Sound	61	hit	1	4780	2	531588	1			0
Picture	101	other				566104	1	2000	2	0	1920
Sound	61	hit	1	4074	2	578102	1			0
Picture	2	other				613265	2	2000	9	0	1920
Sound	62	hit	1	3973	2	625245	1			0
Picture	4	other				659760	2	2000	3	0	1920
Sound	64	hit	2	4623	3	671759	1			0
Picture	2	other				706755	2	2000	3	0	1920
Sound	62	hit	1	6422	2	718752	1			0
Picture	23	other				754417	1	1999	3	0	1920
Sound	52	other				760266	2			5850
Sound	63	hit	2	5133	3	766403	1			0
Picture	4	other				802078	2	2000	3	0	1920
Sound	64	hit	2	5488	2	814055	1			0
Picture	113	other				849073	2	2000	3	0	1920
Sound	51	other				852452	2			3380
Sound	63	hit	2	6201	3	861048	1			0
Picture	4	other				895735	1	2000	2	0	1920
Sound	64	hit	2	6395	4	907711	2			0
Picture	101	other				941896	2	2000	4	0	1920
Sound	61	hit	1	4367	2	953896	1			0
Picture	2	other				988558	2	2000	3	0	1920
Sound	62	hit	1	5792	2	1000530	1			0
Picture	103	other				1035720	1	2000	2	0	1920
Sound	63	hit	2	7228	3	1047703	1			0
Picture	202	other				1082715	1	1999	3	0	1920
Sound	62	hit	1	4917	2	1094696	1			0
Picture	101	other				1129710	1	2000	2	0	1920
Sound	61	incorrect	2	8071	3	1141689	1			0
Picture	103	other				1177205	1	1999	3	0	1920
Sound	63	hit	2	7506	3	1189190	2			0
Picture	24	other				1224366	2	2000	3	0	1920
Sound	52	other				1232515	2			8150
Sound	64	hit	2	6957	2	1236363	1			0
Picture	1	other				1270861	2	2000	3	0	1920
Sound	61	hit	1	5524	3	1282847	1			0
Picture	202	other				1317523	1	2000	2	0	1920
Sound	62	hit	1	6532	2	1329511	1			0
Picture	101	other				1365018	1	1999	3	0	1920
Sound	61	hit	1	6386	2	1377013	1			0
Picture	204	other				1412179	2	2000	4	0	1920
Sound	64	hit	2	6722	3	1424155	1			0
Picture	224	other				1459674	1	2000	2	0	1920
Sound	52	other				1467653	2			7980
Sound	64	hit	2	7671	2	1471657	1			0
Picture	103	other				1507169	1	2000	2	0	1920
Sound	63	hit	2	5543	3	1519159	1			0
Picture	3	other				1554164	1	2000	2	0	1920
Sound	63	hit	2	7366	3	1566152	1			0
Picture	1	other				1602159	1	1999	3	0	1920
Sound	61	hit	1	5542	3	1614133	1			0
Picture	12	other				1649654	1	2000	2	0	1920
Sound	51	other				1653993	2			4340
Sound	62	hit	1	5078	3	1661634	2			0
Picture	4	other				1695982	1	2000	2	0	1920
Sound	64	hit	2	6790	2	1707969	1			0
Picture	13	other				1742310	2	2000	4	0	1920
Sound	51	other				1745449	1			3140
Sound	63	incorrect	1	5846	3	1754303	2			0
Picture	204	other				1788972	1	2000	2	0	1920
Sound	64	incorrect	1	5797	3	1800967	1			0
Picture	222	other				1836467	2	2000	3	0	1920
Sound	52	other				1842927	1			6460
Sound	62	hit	1	9673	2	1848439	1			0
Picture	3	other				1883128	2	2000	4	0	1920
Sound	63	hit	2	10541	2	1895103	1			0
Picture	202	other				1930623	2	2000	3	0	1920
Sound	62	hit	1	7262	3	1942604	2			0
Picture	204	other				1977118	2	2000	4	0	1920
Sound	64	hit	2	6898	2	1989089	1			0
Picture	2	other				2023447	1	1999	3	0	1920
Sound	62	hit	1	6588	2	2035423	1			0
Picture	121	other				2069608	2	2000	3	0	1920
Sound	52	other				2077847	2			8240
Sound	61	hit	1	6717	2	2081608	1			0
Picture	202	other				2117270	1	2000	2	0	1920
Sound	62	hit	1	5217	3	2129259	2			0
Picture	1	other				2165098	1	2000	2	0	1920
Sound	61	hit	1	6202	4	2177090	2			0
Picture	11	other				2213260	1	1999	3	0	1920
Sound	51	other				2217829	2			4570
Sound	61	hit	1	6169	2	2225251	1			0
Picture	3	other				2260088	1	2000	2	0	1920
Sound	63	hit	2	5480	2	2272064	1			0
Picture	14	other				2307916	1	2000	2	0	1920
Sound	51	other				2311576	1			3660
Sound	64	hit	2	7603	2	2319895	1			0
Picture	4	other				2354078	1	2000	2	0	1920
Sound	64	hit	2	7145	3	2366050	1			0
Picture	204	other				2401906	1	2000	2	0	1920
Sound	64	hit	2	6515	2	2413881	1			0
Picture	214	other				2449401	1	1999	3	0	1920
Sound	51	other				2453560	2			4160
Sound	64	hit	2	6357	2	2461383	1			0
Picture	22	other				2496062	2	2000	4	0	1920
Sound	52	other				2502941	2			6880
Sound	62	hit	1	7164	2	2508047	1			0
Picture	3	other				2543390	2	2000	4	0	1920
Sound	63	hit	2	6443	2	2555369	1			0
Picture	1	other				2590886	1	1999	3	0	1920
Sound	61	hit	1	6295	2	2602871	1			0
Picture	101	other				2637214	1	2000	2	0	1920
Sound	61	hit	1	7698	2	2649205	1			0
Picture	111	other				2684709	1	2000	2	0	1920
Sound	51	other				2687308	1			2600
Sound	61	hit	1	6006	3	2696707	1			0
Picture	204	other				2732370	2	2000	4	0	1920
Sound	64	hit	2	9823	3	2744358	2			0
Picture	1	other				2778865	2	2000	3	0	1920
Sound	61	hit	1	6392	3	2790843	1			0
Picture	4	other				2825860	2	2000	4	0	1920
Sound	64	hit	2	5624	3	2837835	2			0
Picture	103	other				2872855	2	2000	3	0	1920
Sound	63	hit	2	6493	4	2884828	2			0
Picture	103	other				2920850	1	2000	2	0	1920
Sound	63	hit	2	5593	3	2932839	1			0
Picture	3	other				2968678	2	2000	3	0	1920
Sound	63	hit	2	5059	3	2980670	2			0
Picture	2	other				3016340	1	1999	3	0	1920
Sound	62	hit	1	5567	2	3028322	1			0
Picture	103	other				3064501	2	2000	3	0	1920
Sound	63	hit	2	6379	3	3076482	1			0
Picture	202	other				3112496	1	2000	2	0	1920
Sound	62	hit	1	6042	3	3124493	1			0
