Scenario - 17_March_2015
Logfile written - 07/20/2017 16:06:49

Subject	Trial	Event Type	Code	Time	TTime	Uncertainty	Duration	Uncertainty	ReqTime	ReqDur	Stim Type	Pair Index

cheal	1	Response	253	34566	44399	1
cheal	2	Picture	10	34661	0	2	20165	4	0	20000	other	0
cheal	3	Picture	10	54993	0	1	40163	2	0	40000	other	0
cheal	3	Response	251	70654	15661	1
cheal	4	Picture	10	95322	0	2	40163	4	0	40000	other	0
cheal	4	Response	252	113614	18292	2
cheal	5	Nothing	91	135487	0	1			0		other	0
cheal	6	Picture	103	165649	0	2	2000	4	0	1920	other	0
cheal	7	Sound	63	177646	0	1			0		hit	10
cheal	7	Response	252	181710	4064	2
cheal	8	Picture	202	211978	0	2	2000	4	0	1920	other	0
cheal	9	Sound	62	223951	0	1			0		hit	13
cheal	9	Response	251	226946	2995	2
cheal	10	Picture	204	258141	0	1	1999	3	0	1920	other	0
cheal	11	Sound	64	270137	0	1			0		hit	16
cheal	11	Response	252	273811	3674	1
cheal	12	Picture	111	305970	0	1	1999	3	0	1920	other	0
cheal	12	Sound	51	310309	4339	2			4340		other	0
cheal	13	Sound	61	317968	0	1			0		hit	20
cheal	13	Response	251	322034	4066	1
cheal	14	Picture	222	353798	0	2	2000	4	0	1920	other	0
cheal	14	Sound	52	360597	6799	2			6800		other	0
cheal	15	Sound	62	365770	0	1			0		hit	24
cheal	15	Response	251	369670	3900	2
cheal	16	Picture	3	400127	0	2	2000	4	0	1920	other	0
cheal	17	Sound	63	412105	0	1			0		hit	27
cheal	17	Response	252	415638	3533	2
cheal	18	Picture	103	447290	0	1	2000	2	0	1920	other	0
cheal	19	Sound	63	459278	0	1			0		hit	30
cheal	19	Response	252	462958	3680	1
cheal	20	Picture	202	494452	0	1	2000	2	0	1920	other	0
cheal	21	Sound	62	506451	0	1			0		hit	33
cheal	21	Response	251	510872	4421	1
cheal	22	Picture	3	542281	0	2	2000	3	0	1920	other	0
cheal	23	Sound	63	554253	0	1			0		hit	36
cheal	23	Response	252	557704	3451	1
cheal	24	Picture	1	588610	0	1	2000	2	0	1920	other	0
cheal	25	Sound	61	600587	0	2			0		hit	39
cheal	25	Response	251	603809	3222	1
cheal	26	Picture	23	636272	0	2	2000	3	0	1920	other	0
cheal	26	Sound	52	644311	8039	1			8040		other	0
cheal	27	Sound	63	648269	0	2			0		hit	43
cheal	27	Response	252	652186	3917	1
cheal	28	Picture	12	683434	0	2	2000	4	0	1920	other	0
cheal	28	Sound	51	688043	4609	1			4610		other	0
cheal	29	Sound	62	695413	0	1			0		hit	47
cheal	29	Response	251	698599	3186	2
cheal	30	Picture	4	730597	0	1	2000	2	0	1920	other	0
cheal	31	Sound	64	742586	0	1			0		hit	50
cheal	31	Response	252	745380	2794	2
cheal	32	Picture	1	777426	0	1	1999	3	0	1920	other	0
cheal	33	Sound	61	789400	0	1			0		hit	53
cheal	33	Response	251	792526	3126	2
cheal	34	Picture	2	824921	0	2	2000	3	0	1920	other	0
cheal	35	Sound	62	836902	0	1			0		hit	56
cheal	35	Response	251	841040	4138	1
cheal	36	Picture	202	871917	0	1	1999	3	0	1920	other	0
cheal	37	Sound	62	883895	0	2			0		hit	59
cheal	37	Response	251	887665	3770	1
cheal	38	Picture	11	919746	0	1	1999	3	0	1920	other	0
cheal	38	Sound	51	923896	4150	1			4150		other	0
cheal	39	Sound	61	931727	0	1			0		hit	63
cheal	39	Response	251	935553	3826	1
cheal	40	Picture	1	967575	0	1	1999	3	0	1920	other	0
cheal	41	Sound	61	979558	0	2			0		hit	66
cheal	41	Response	251	983691	4133	1
cheal	42	Picture	2	1014737	0	1	2000	2	0	1920	other	0
cheal	43	Sound	62	1026732	0	1			0		hit	69
cheal	43	Response	251	1030673	3941	2
cheal	44	Picture	24	1060899	0	2	2000	3	0	1920	other	0
cheal	44	Sound	52	1067138	6239	2			6240		other	0
cheal	45	Sound	64	1072887	0	1			0		hit	73
cheal	45	Response	252	1076509	3622	2
cheal	46	Picture	14	1107228	0	2	2000	3	0	1920	other	0
cheal	46	Sound	51	1109997	2769	2			2770		other	0
cheal	47	Sound	64	1119222	0	1			0		hit	77
cheal	47	Response	252	1122694	3472	1
cheal	48	Picture	4	1155224	0	1	1999	3	0	1920	other	0
cheal	49	Sound	64	1167203	0	1			0		hit	80
cheal	49	Response	252	1170679	3476	1
cheal	50	Picture	101	1202052	0	2	2001	3	0	1920	other	0
cheal	51	Sound	61	1214047	0	1			0		hit	83
cheal	51	Response	251	1217519	3472	1
cheal	52	Picture	204	1249881	0	2	2000	4	0	1920	other	0
cheal	53	Sound	64	1261879	0	1			0		hit	86
cheal	53	Response	252	1264596	2717	1
cheal	54	Picture	101	1297877	0	2	2000	3	0	1920	other	0
cheal	55	Sound	61	1309860	0	1			0		hit	89
cheal	55	Response	251	1312886	3026	1
cheal	56	Picture	1	1345206	0	1	2000	2	0	1920	other	0
cheal	57	Sound	61	1357183	0	1			0		hit	92
cheal	57	Response	251	1360694	3511	1
cheal	58	Picture	21	1392035	0	2	2000	3	0	1920	other	0
cheal	58	Sound	52	1399734	7699	2			7700		other	0
cheal	59	Sound	61	1404026	0	2			0		hit	96
cheal	59	Response	251	1407754	3728	2
cheal	60	Picture	113	1439864	0	1	1999	3	0	1920	other	0
cheal	60	Sound	51	1442453	2589	1			2590		other	0
cheal	61	Sound	63	1451858	0	1			0		hit	100
cheal	61	Response	252	1454825	2967	2
cheal	62	Picture	103	1486526	0	2	2000	4	0	1920	other	0
cheal	63	Sound	63	1498522	0	1			0		incorrect	103
cheal	63	Response	251	1501904	3382	1
cheal	64	Picture	204	1533522	0	1	2000	2	0	1920	other	0
cheal	65	Sound	64	1545515	0	2			0		hit	106
cheal	65	Response	252	1549284	3769	1
cheal	66	Picture	202	1580351	0	1	1999	3	0	1920	other	0
cheal	67	Sound	62	1592330	0	1			0		hit	109
cheal	67	Response	251	1596400	4070	2
cheal	68	Picture	4	1628180	0	1	1999	3	0	1920	other	0
cheal	69	Sound	64	1640161	0	1			0		hit	112
cheal	69	Response	252	1643509	3348	2
cheal	70	Picture	103	1676175	0	2	2000	3	0	1920	other	0
cheal	71	Sound	63	1688172	0	1			0		hit	115
cheal	71	Response	252	1692493	4321	2
cheal	72	Picture	4	1724337	0	2	2000	3	0	1920	other	0
cheal	73	Sound	64	1736333	0	1			0		hit	118
cheal	73	Response	252	1740491	4158	2
cheal	74	Picture	13	1771499	0	2	2000	4	0	1920	other	0
cheal	74	Sound	51	1776838	5339	2			5340		other	0
cheal	75	Sound	63	1783476	0	1			0		hit	122
cheal	75	Response	252	1787595	4119	2
cheal	76	Picture	123	1819328	0	2	2000	4	0	1920	other	0
cheal	76	Sound	52	1826807	7479	1			7480		other	0
cheal	77	Sound	63	1831308	0	1			0		hit	126
cheal	77	Response	252	1835190	3882	1
cheal	78	Picture	204	1865657	0	2	2000	4	0	1920	other	0
cheal	79	Sound	64	1877643	0	1			0		hit	129
cheal	79	Response	252	1882649	5006	1
cheal	80	Picture	22	1912320	0	2	1999	4	0	1920	other	0
cheal	80	Sound	52	1919329	7009	2			7010		other	0
cheal	81	Sound	62	1924307	0	1			0		hit	133
cheal	81	Response	251	1929172	4865	2
cheal	82	Picture	3	1959482	0	1	2000	2	0	1920	other	0
cheal	83	Sound	63	1971480	0	1			0		hit	136
cheal	83	Response	252	1974677	3197	1
cheal	84	Picture	3	2007477	0	2	2000	4	0	1920	other	0
cheal	85	Sound	63	2019461	0	1			0		hit	139
cheal	85	Response	252	2023281	3820	1
cheal	86	Picture	103	2055140	0	1	1999	3	0	1920	other	0
cheal	87	Sound	63	2067113	0	1			0		hit	142
cheal	87	Response	252	2070930	3817	2
cheal	88	Picture	4	2102135	0	2	2000	3	0	1920	other	0
cheal	89	Sound	64	2114107	0	1			0		hit	145
cheal	89	Response	252	2117594	3487	2
cheal	90	Picture	2	2148464	0	2	2000	4	0	1920	other	0
cheal	91	Sound	62	2160442	0	1			0		hit	148
cheal	91	Response	251	2164841	4399	2
cheal	92	Picture	202	2195627	0	1	1999	3	0	1920	other	0
cheal	93	Sound	62	2207615	0	1			0		hit	151
cheal	93	Response	251	2212046	4431	2
cheal	94	Picture	121	2242122	0	2	2000	4	0	1920	other	0
cheal	94	Sound	52	2247851	5729	2			5730		other	0
cheal	95	Sound	61	2254099	0	2			0		hit	155
cheal	95	Response	251	2258434	4335	1
cheal	96	Picture	101	2289785	0	1	1999	3	0	1920	other	0
cheal	97	Sound	61	2301781	0	2			0		hit	158
cheal	97	Response	251	2306086	4305	1
cheal	98	Picture	2	2336780	0	2	2000	3	0	1920	other	0
cheal	99	Sound	62	2348775	0	1			0		hit	161
cheal	99	Response	251	2352784	4009	1
cheal	100	Picture	212	2384942	0	2	2000	4	0	1920	other	0
cheal	100	Sound	51	2389971	5029	1			5030		other	0
cheal	101	Sound	62	2396936	0	1			0		hit	165
cheal	101	Response	251	2401210	4274	2
cheal	102	Picture	2	2431271	0	2	2000	3	0	1920	other	0
cheal	103	Sound	62	2443271	0	1			0		hit	168
cheal	103	Response	251	2447314	4043	1
cheal	104	Picture	4	2478267	0	1	2000	2	0	1920	other	0
cheal	105	Sound	64	2490264	0	1			0		hit	171
cheal	105	Response	252	2493391	3127	1
cheal	106	Picture	224	2526429	0	2	1999	4	0	1920	other	0
cheal	106	Sound	52	2532858	6429	1			6430		other	0
cheal	107	Sound	64	2538425	0	1			0		hit	175
cheal	107	Response	252	2541992	3567	1
cheal	108	Picture	2	2572925	0	1	1999	3	0	1920	other	0
cheal	109	Sound	62	2584909	0	2			0		hit	178
cheal	109	Response	251	2589020	4111	2
cheal	110	Picture	204	2620254	0	1	2000	2	0	1920	other	0
cheal	111	Sound	64	2632232	0	2			0		hit	181
cheal	111	Response	252	2635400	3168	1
cheal	112	Picture	101	2667749	0	2	2000	3	0	1920	other	0
cheal	113	Sound	61	2679735	0	1			0		hit	184
cheal	113	Response	251	2683243	3508	1
cheal	114	Picture	214	2715578	0	2	2000	3	0	1920	other	0
cheal	114	Sound	51	2718367	2789	1			2790		other	0
cheal	115	Sound	64	2727566	0	2			0		hit	188
cheal	115	Response	252	2730448	2882	1
cheal	116	Picture	202	2762240	0	2	2000	3	0	1920	other	0
cheal	117	Sound	62	2774230	0	2			0		hit	191
cheal	117	Response	251	2778361	4131	1
cheal	118	Picture	3	2809236	0	2	1999	4	0	1920	other	0
cheal	119	Sound	63	2821224	0	1			0		hit	194
cheal	119	Response	252	2824598	3374	1
cheal	120	Picture	1	2856564	0	3	2000	5	0	1920	other	0
cheal	121	Sound	61	2868547	0	1			0		hit	197
cheal	121	Response	251	2872196	3649	1
cheal	122	Picture	1	2903894	0	1	1999	3	0	1920	other	0
cheal	123	Sound	61	2915869	0	2			0		hit	200
cheal	123	Response	251	2919540	3671	2
cheal	124	Picture	3	2951223	0	1	1999	3	0	1920	other	0
cheal	125	Sound	63	2963222	0	1			0		hit	203
cheal	125	Response	252	2966397	3175	2
cheal	126	Picture	204	2997718	0	2	2000	4	0	1920	other	0
cheal	127	Sound	64	3009707	0	1			0		hit	206
cheal	127	Response	252	3012894	3187	2
cheal	128	Picture	101	3043881	0	1	2000	2	0	1920	other	0
cheal	129	Sound	61	3055862	0	1			0		hit	209
cheal	129	Response	251	3058951	3089	1
cheal	130	Picture	103	3090043	0	1	2000	2	0	1920	other	0
cheal	131	Sound	63	3102018	0	1			0		hit	212
cheal	131	Response	252	3105431	3413	1
cheal	132	Picture	101	3138039	0	1	1999	3	0	1920	other	0
cheal	133	Sound	61	3150029	0	1			0		hit	215
cheal	133	Response	251	3153700	3671	1
cheal	134	Response	253	3233051	48517	2


Event Type	Code	Type	Response	RT	RT Uncertainty	Time	Uncertainty	Duration	Uncertainty	ReqTime	ReqDur

Picture	10	other				34661	2	20165	4	0	20000
Picture	10	other				54993	1	40163	2	0	40000
Picture	10	other				95322	2	40163	4	0	40000
Nothing	91	other				135487	1			0
Picture	103	other				165649	2	2000	4	0	1920
Sound	63	hit	2	4064	3	177646	1			0
Picture	202	other				211978	2	2000	4	0	1920
Sound	62	hit	1	2995	3	223951	1			0
Picture	204	other				258141	1	1999	3	0	1920
Sound	64	hit	2	3674	2	270137	1			0
Picture	111	other				305970	1	1999	3	0	1920
Sound	51	other				310309	2			4340
Sound	61	hit	1	4066	2	317968	1			0
Picture	222	other				353798	2	2000	4	0	1920
Sound	52	other				360597	2			6800
Sound	62	hit	1	3900	3	365770	1			0
Picture	3	other				400127	2	2000	4	0	1920
Sound	63	hit	2	3533	3	412105	1			0
Picture	103	other				447290	1	2000	2	0	1920
Sound	63	hit	2	3680	2	459278	1			0
Picture	202	other				494452	1	2000	2	0	1920
Sound	62	hit	1	4421	2	506451	1			0
Picture	3	other				542281	2	2000	3	0	1920
Sound	63	hit	2	3451	2	554253	1			0
Picture	1	other				588610	1	2000	2	0	1920
Sound	61	hit	1	3222	3	600587	2			0
Picture	23	other				636272	2	2000	3	0	1920
Sound	52	other				644311	1			8040
Sound	63	hit	2	3917	3	648269	2			0
Picture	12	other				683434	2	2000	4	0	1920
Sound	51	other				688043	1			4610
Sound	62	hit	1	3186	3	695413	1			0
Picture	4	other				730597	1	2000	2	0	1920
Sound	64	hit	2	2794	3	742586	1			0
Picture	1	other				777426	1	1999	3	0	1920
Sound	61	hit	1	3126	3	789400	1			0
Picture	2	other				824921	2	2000	3	0	1920
Sound	62	hit	1	4138	2	836902	1			0
Picture	202	other				871917	1	1999	3	0	1920
Sound	62	hit	1	3770	3	883895	2			0
Picture	11	other				919746	1	1999	3	0	1920
Sound	51	other				923896	1			4150
Sound	61	hit	1	3826	2	931727	1			0
Picture	1	other				967575	1	1999	3	0	1920
Sound	61	hit	1	4133	3	979558	2			0
Picture	2	other				1014737	1	2000	2	0	1920
Sound	62	hit	1	3941	3	1026732	1			0
Picture	24	other				1060899	2	2000	3	0	1920
Sound	52	other				1067138	2			6240
Sound	64	hit	2	3622	3	1072887	1			0
Picture	14	other				1107228	2	2000	3	0	1920
Sound	51	other				1109997	2			2770
Sound	64	hit	2	3472	2	1119222	1			0
Picture	4	other				1155224	1	1999	3	0	1920
Sound	64	hit	2	3476	2	1167203	1			0
Picture	101	other				1202052	2	2001	3	0	1920
Sound	61	hit	1	3472	2	1214047	1			0
Picture	204	other				1249881	2	2000	4	0	1920
Sound	64	hit	2	2717	2	1261879	1			0
Picture	101	other				1297877	2	2000	3	0	1920
Sound	61	hit	1	3026	2	1309860	1			0
Picture	1	other				1345206	1	2000	2	0	1920
Sound	61	hit	1	3511	2	1357183	1			0
Picture	21	other				1392035	2	2000	3	0	1920
Sound	52	other				1399734	2			7700
Sound	61	hit	1	3728	4	1404026	2			0
Picture	113	other				1439864	1	1999	3	0	1920
Sound	51	other				1442453	1			2590
Sound	63	hit	2	2967	3	1451858	1			0
Picture	103	other				1486526	2	2000	4	0	1920
Sound	63	incorrect	1	3382	2	1498522	1			0
Picture	204	other				1533522	1	2000	2	0	1920
Sound	64	hit	2	3769	3	1545515	2			0
Picture	202	other				1580351	1	1999	3	0	1920
Sound	62	hit	1	4070	3	1592330	1			0
Picture	4	other				1628180	1	1999	3	0	1920
Sound	64	hit	2	3348	3	1640161	1			0
Picture	103	other				1676175	2	2000	3	0	1920
Sound	63	hit	2	4321	3	1688172	1			0
Picture	4	other				1724337	2	2000	3	0	1920
Sound	64	hit	2	4158	3	1736333	1			0
Picture	13	other				1771499	2	2000	4	0	1920
Sound	51	other				1776838	2			5340
Sound	63	hit	2	4119	3	1783476	1			0
Picture	123	other				1819328	2	2000	4	0	1920
Sound	52	other				1826807	1			7480
Sound	63	hit	2	3882	2	1831308	1			0
Picture	204	other				1865657	2	2000	4	0	1920
Sound	64	hit	2	5006	2	1877643	1			0
Picture	22	other				1912320	2	1999	4	0	1920
Sound	52	other				1919329	2			7010
Sound	62	hit	1	4865	3	1924307	1			0
Picture	3	other				1959482	1	2000	2	0	1920
Sound	63	hit	2	3197	2	1971480	1			0
Picture	3	other				2007477	2	2000	4	0	1920
Sound	63	hit	2	3820	2	2019461	1			0
Picture	103	other				2055140	1	1999	3	0	1920
Sound	63	hit	2	3817	3	2067113	1			0
Picture	4	other				2102135	2	2000	3	0	1920
Sound	64	hit	2	3487	3	2114107	1			0
Picture	2	other				2148464	2	2000	4	0	1920
Sound	62	hit	1	4399	3	2160442	1			0
Picture	202	other				2195627	1	1999	3	0	1920
Sound	62	hit	1	4431	3	2207615	1			0
Picture	121	other				2242122	2	2000	4	0	1920
Sound	52	other				2247851	2			5730
Sound	61	hit	1	4335	3	2254099	2			0
Picture	101	other				2289785	1	1999	3	0	1920
Sound	61	hit	1	4305	3	2301781	2			0
Picture	2	other				2336780	2	2000	3	0	1920
Sound	62	hit	1	4009	2	2348775	1			0
Picture	212	other				2384942	2	2000	4	0	1920
Sound	51	other				2389971	1			5030
Sound	62	hit	1	4274	3	2396936	1			0
Picture	2	other				2431271	2	2000	3	0	1920
Sound	62	hit	1	4043	2	2443271	1			0
Picture	4	other				2478267	1	2000	2	0	1920
Sound	64	hit	2	3127	2	2490264	1			0
Picture	224	other				2526429	2	1999	4	0	1920
Sound	52	other				2532858	1			6430
Sound	64	hit	2	3567	2	2538425	1			0
Picture	2	other				2572925	1	1999	3	0	1920
Sound	62	hit	1	4111	4	2584909	2			0
Picture	204	other				2620254	1	2000	2	0	1920
Sound	64	hit	2	3168	3	2632232	2			0
Picture	101	other				2667749	2	2000	3	0	1920
Sound	61	hit	1	3508	2	2679735	1			0
Picture	214	other				2715578	2	2000	3	0	1920
Sound	51	other				2718367	1			2790
Sound	64	hit	2	2882	3	2727566	2			0
Picture	202	other				2762240	2	2000	3	0	1920
Sound	62	hit	1	4131	3	2774230	2			0
Picture	3	other				2809236	2	1999	4	0	1920
Sound	63	hit	2	3374	2	2821224	1			0
Picture	1	other				2856564	3	2000	5	0	1920
Sound	61	hit	1	3649	2	2868547	1			0
Picture	1	other				2903894	1	1999	3	0	1920
Sound	61	hit	1	3671	4	2915869	2			0
Picture	3	other				2951223	1	1999	3	0	1920
Sound	63	hit	2	3175	3	2963222	1			0
Picture	204	other				2997718	2	2000	4	0	1920
Sound	64	hit	2	3187	3	3009707	1			0
Picture	101	other				3043881	1	2000	2	0	1920
Sound	61	hit	1	3089	2	3055862	1			0
Picture	103	other				3090043	1	2000	2	0	1920
Sound	63	hit	2	3413	2	3102018	1			0
Picture	101	other				3138039	1	1999	3	0	1920
Sound	61	hit	1	3671	2	3150029	1			0
