Scenario - 17_March_2015
Logfile written - 07/20/2017 15:24:00

Subject	Trial	Event Type	Code	Time	TTime	Uncertainty	Duration	Uncertainty	ReqTime	ReqDur	Stim Type	Pair Index

cheal	1	Response	253	46291	56124	2
cheal	2	Picture	10	46327	0	2	20165	3	0	20000	other	0
cheal	3	Picture	10	66658	0	2	40163	4	0	40000	other	0
cheal	3	Response	251	80649	13991	1
cheal	4	Picture	10	106988	0	2	40163	4	0	40000	other	0
cheal	4	Response	252	120285	13297	2
cheal	5	Nothing	91	147153	0	1			0		other	0
cheal	6	Picture	202	177315	0	1	2000	2	0	1920	other	0
cheal	7	Sound	62	189290	0	1			0		hit	10
cheal	7	Response	251	193037	3747	2
cheal	8	Picture	123	223477	0	2	2000	4	0	1920	other	0
cheal	8	Sound	52	229066	5589	2			5590		other	0
cheal	9	Sound	63	235475	0	2			0		hit	14
cheal	9	Response	252	238589	3114	2
cheal	10	Picture	12	270973	0	1	2000	2	0	1920	other	0
cheal	10	Sound	51	273732	2759	1			2760		other	0
cheal	11	Sound	62	282948	0	1			0		hit	18
cheal	11	Response	251	286300	3352	2
cheal	12	Picture	1	318468	0	2	2000	4	0	1920	other	0
cheal	13	Sound	61	330450	0	1			0		hit	21
cheal	13	Response	251	334366	3916	2
cheal	14	Picture	214	364631	0	1	2000	2	0	1920	other	0
cheal	14	Sound	51	369390	4759	1			4760		other	0
cheal	15	Sound	64	376605	0	2			0		hit	25
cheal	15	Response	252	380183	3578	1
cheal	16	Picture	224	412626	0	2	2000	3	0	1920	other	0
cheal	16	Sound	52	418665	6039	2			6040		other	0
cheal	17	Sound	64	424617	0	1			0		hit	29
cheal	17	Response	252	427829	3212	1
cheal	18	Picture	3	459122	0	2	2000	3	0	1920	other	0
cheal	19	Sound	63	471101	0	2			0		hit	32
cheal	19	Response	252	475058	3957	1
cheal	20	Picture	21	506118	0	1	1999	3	0	1920	other	0
cheal	20	Sound	52	513877	7759	2			7760		other	0
cheal	21	Sound	61	518095	0	1			0		hit	36
cheal	21	Response	251	521582	3487	2
cheal	22	Picture	2	553946	0	2	2000	4	0	1920	other	0
cheal	23	Sound	62	565926	0	2			0		hit	39
cheal	23	Response	251	569701	3775	2
cheal	24	Picture	1	601609	0	1	1999	3	0	1920	other	0
cheal	25	Sound	61	613608	0	1			0		hit	42
cheal	25	Response	251	618269	4661	2
cheal	26	Picture	204	648104	0	2	2000	3	0	1920	other	0
cheal	27	Sound	64	660093	0	1			0		hit	45
cheal	27	Response	252	662547	2454	1
cheal	28	Picture	101	695100	0	1	2000	2	0	1920	other	0
cheal	29	Sound	61	707086	0	2			0		hit	48
cheal	29	Response	251	710328	3242	1
cheal	30	Picture	101	743095	0	2	2000	4	0	1920	other	0
cheal	31	Sound	61	755068	0	1			0		hit	51
cheal	31	Response	251	759283	4215	1
cheal	32	Picture	113	789425	0	1	1999	3	0	1920	other	0
cheal	32	Sound	51	794564	5139	2			5140		other	0
cheal	33	Sound	63	801403	0	1			0		hit	55
cheal	33	Response	252	805399	3996	1
cheal	34	Picture	4	837420	0	2	2000	3	0	1920	other	0
cheal	35	Sound	64	849414	0	1			0		hit	58
cheal	35	Response	252	852769	3355	1
cheal	36	Picture	23	883749	0	2	2000	3	0	1920	other	0
cheal	36	Sound	52	890388	6639	2			6640		other	0
cheal	37	Sound	63	895749	0	1			0		hit	62
cheal	37	Response	252	899487	3738	1
cheal	38	Picture	3	931745	0	1	1999	3	0	1920	other	0
cheal	39	Sound	63	943730	0	1			0		hit	65
cheal	39	Response	252	947789	4059	1
cheal	40	Picture	22	979240	0	2	2000	4	0	1920	other	0
cheal	40	Sound	52	985149	5909	2			5910		other	0
cheal	41	Sound	62	991232	0	1			0		incorrect	69
cheal	41	Response	252	994779	3547	2
cheal	42	Picture	14	1027236	0	1	1999	3	0	1920	other	0
cheal	42	Sound	51	1031285	4049	2			4050		other	0
cheal	43	Sound	64	1039213	0	2			0		hit	73
cheal	43	Response	252	1042870	3657	1
cheal	44	Picture	4	1073565	0	1	1999	3	0	1920	other	0
cheal	45	Sound	64	1085549	0	1			0		hit	76
cheal	45	Response	252	1089871	4322	2
cheal	46	Picture	101	1119727	0	2	2000	3	0	1920	other	0
cheal	47	Sound	61	1131704	0	1			0		hit	79
cheal	47	Response	251	1135927	4223	2
cheal	48	Picture	202	1167056	0	1	2000	2	0	1920	other	0
cheal	49	Sound	62	1179027	0	1			0		hit	82
cheal	49	Response	251	1182706	3679	1
cheal	50	Picture	204	1215052	0	1	1999	3	0	1920	other	0
cheal	51	Sound	64	1227038	0	1			0		hit	85
cheal	51	Response	252	1229861	2823	2
cheal	52	Picture	2	1261214	0	1	2000	2	0	1920	other	0
cheal	53	Sound	62	1273193	0	1			0		hit	88
cheal	53	Response	251	1276641	3448	1
cheal	54	Picture	103	1307376	0	2	2000	3	0	1920	other	0
cheal	55	Sound	63	1319349	0	1			0		hit	91
cheal	55	Response	252	1322508	3159	2
cheal	56	Picture	204	1354538	0	2	2000	4	0	1920	other	0
cheal	57	Sound	64	1366522	0	1			0		hit	94
cheal	57	Response	252	1370313	3791	2
cheal	58	Picture	2	1402200	0	2	2001	3	0	1920	other	0
cheal	59	Sound	62	1414174	0	1			0		hit	97
cheal	59	Response	251	1417966	3792	1
cheal	60	Picture	1	1449696	0	2	2000	3	0	1920	other	0
cheal	61	Sound	61	1461676	0	1			0		hit	100
cheal	61	Response	251	1466427	4751	1
cheal	62	Picture	24	1497525	0	2	1920	97	0	1920	other	0
cheal	62	Sound	52	1503854	6329	1			6330		other	0
cheal	63	Sound	64	1509507	0	2			0		hit	104
cheal	63	Response	252	1514046	4539	2
cheal	64	Picture	222	1544521	0	1	2000	2	0	1920	other	0
cheal	64	Sound	52	1550180	5659	2			5660		other	0
cheal	65	Sound	62	1556501	0	1			0		hit	108
cheal	65	Response	251	1560569	4068	1
cheal	66	Picture	1	1590850	0	1	2000	2	0	1920	other	0
cheal	67	Sound	61	1602836	0	1			0		hit	111
cheal	67	Response	251	1607404	4568	2
cheal	68	Picture	204	1638512	0	1	2000	2	0	1920	other	0
cheal	69	Sound	64	1650488	0	1			0		hit	114
cheal	69	Response	252	1653947	3459	1
cheal	70	Picture	101	1686508	0	1	1999	3	0	1920	other	0
cheal	71	Sound	61	1698499	0	1			0		hit	117
cheal	71	Response	251	1703118	4619	2
cheal	72	Picture	3	1732670	0	1	2000	2	0	1920	other	0
cheal	73	Sound	63	1744654	0	2			0		hit	120
cheal	73	Response	252	1748620	3966	1
cheal	74	Picture	1	1779666	0	1	1999	3	0	1920	other	0
cheal	75	Sound	61	1791648	0	1			0		hit	123
cheal	75	Response	251	1794673	3025	2
cheal	76	Picture	204	1827328	0	1	1999	3	0	1920	other	0
cheal	77	Sound	64	1839300	0	1			0		hit	126
cheal	77	Response	252	1843646	4346	1
cheal	78	Picture	121	1873823	0	2	2000	4	0	1920	other	0
cheal	78	Sound	52	1881862	8039	2			8040		other	0
cheal	79	Sound	61	1885814	0	2			0		hit	130
cheal	79	Response	251	1889882	4068	1
cheal	80	Picture	4	1920486	0	1	1999	3	0	1920	other	0
cheal	81	Sound	64	1932479	0	1			0		hit	133
cheal	81	Response	252	1935629	3150	1
cheal	82	Picture	2	1968148	0	1	2000	2	0	1920	other	0
cheal	83	Sound	62	1980131	0	1			0		hit	136
cheal	83	Response	251	1983146	3015	1
cheal	84	Picture	2	2014310	0	2	2000	4	0	1920	other	0
cheal	85	Sound	62	2026286	0	1			0		hit	139
cheal	85	Response	251	2030241	3955	2
cheal	86	Picture	202	2061972	0	2	2000	4	0	1920	other	0
cheal	87	Sound	62	2073968	0	1			0		hit	142
cheal	87	Response	251	2078128	4160	1
cheal	88	Picture	212	2109301	0	2	2000	4	0	1920	other	0
cheal	88	Sound	51	2114180	4879	2			4880		other	0
cheal	89	Sound	62	2121291	0	1			0		hit	146
cheal	89	Response	251	2124866	3575	2
cheal	90	Picture	3	2155797	0	2	2000	3	0	1920	other	0
cheal	91	Sound	63	2167775	0	2			0		hit	149
cheal	91	Response	252	2172300	4525	1
cheal	92	Picture	3	2203126	0	2	2000	3	0	1920	other	0
cheal	93	Sound	63	2215098	0	1			0		hit	152
cheal	93	Response	252	2219047	3949	1
cheal	94	Picture	101	2250288	0	2	2000	4	0	1920	other	0
cheal	95	Sound	61	2262271	0	1			0		hit	155
cheal	95	Response	251	2265912	3641	2
cheal	96	Picture	103	2298450	0	2	2000	3	0	1920	other	0
cheal	97	Sound	63	2310432	0	1			0		hit	158
cheal	97	Response	252	2313711	3279	1
cheal	98	Picture	1	2345946	0	1	2000	2	0	1920	other	0
cheal	99	Sound	61	2357934	0	2			0		hit	161
cheal	99	Response	251	2361332	3398	1
cheal	99	Response	251	2362144	4210	1
cheal	100	Picture	103	2393941	0	2	2000	4	0	1920	other	0
cheal	101	Sound	63	2405916	0	1			0		hit	165
cheal	101	Response	252	2408685	2769	1
cheal	102	Picture	4	2440437	0	2	2000	3	0	1920	other	0
cheal	103	Sound	64	2452430	0	1			0		hit	168
cheal	103	Response	252	2456271	3841	1
cheal	104	Picture	202	2488599	0	2	2000	3	0	1920	other	0
cheal	105	Sound	62	2500591	0	1			0		hit	171
cheal	105	Response	251	2504165	3574	1
cheal	106	Picture	4	2534928	0	2	2000	3	0	1920	other	0
cheal	107	Sound	64	2546926	0	1			0		hit	174
cheal	107	Response	252	2550749	3823	2
cheal	108	Picture	202	2582924	0	1	2000	2	0	1920	other	0
cheal	109	Sound	62	2594907	0	2			0		hit	177
cheal	109	Response	251	2598981	4074	1
cheal	110	Picture	11	2630753	0	1	1999	3	0	1920	other	0
cheal	110	Sound	51	2635922	5169	2			5170		other	0
cheal	111	Sound	61	2642739	0	1			0		hit	181
cheal	111	Response	251	2646466	3727	1
cheal	112	Picture	2	2678248	0	2	2000	4	0	1920	other	0
cheal	113	Sound	62	2690241	0	1			0		hit	184
cheal	113	Response	251	2693964	3723	1
cheal	114	Picture	103	2724410	0	2	2000	4	0	1920	other	0
cheal	115	Sound	63	2736397	0	1			0		hit	187
cheal	115	Response	252	2739690	3293	2
cheal	116	Picture	103	2771240	0	1	1999	3	0	1920	other	0
cheal	117	Sound	63	2783210	0	2			0		hit	190
cheal	117	Response	252	2786977	3767	1
cheal	118	Picture	3	2817902	0	1	2000	2	0	1920	other	0
cheal	119	Sound	63	2829874	0	2			0		hit	193
cheal	119	Response	252	2833276	3402	1
cheal	120	Picture	4	2865064	0	2	2000	3	0	1920	other	0
cheal	121	Sound	64	2877048	0	1			0		hit	196
cheal	121	Response	252	2880740	3692	2
cheal	122	Picture	202	2911560	0	1	2000	2	0	1920	other	0
cheal	123	Sound	62	2923532	0	2			0		hit	199
cheal	123	Response	251	2926370	2838	1
cheal	124	Picture	103	2958222	0	2	2000	4	0	1920	other	0
cheal	125	Sound	63	2970197	0	1			0		incorrect	202
cheal	125	Response	251	2974955	4758	1
cheal	126	Picture	111	3006384	0	2	2000	3	0	1920	other	0
cheal	126	Sound	51	3008913	2529	2			2530		other	0
cheal	127	Sound	61	3018357	0	2			0		hit	206
cheal	127	Response	251	3022351	3994	1
cheal	128	Picture	13	3053213	0	2	2000	3	0	1920	other	0
cheal	128	Sound	51	3057502	4289	1			4290		other	0
cheal	129	Sound	63	3065201	0	1			0		hit	210
cheal	129	Response	252	3068761	3560	2
cheal	130	Picture	204	3099542	0	2	2000	4	0	1920	other	0
cheal	131	Sound	64	3111536	0	2			0		hit	213
cheal	131	Response	252	3115264	3728	2
cheal	132	Picture	101	3146038	0	1	2000	2	0	1920	other	0
cheal	133	Sound	61	3158021	0	1			0		hit	216
cheal	133	Response	251	3162099	4078	1
cheal	133	Response	251	3162911	4890	1
cheal	134	Response	253	3352535	158835	1


Event Type	Code	Type	Response	RT	RT Uncertainty	Time	Uncertainty	Duration	Uncertainty	ReqTime	ReqDur

Picture	10	other				46327	2	20165	3	0	20000
Picture	10	other				66658	2	40163	4	0	40000
Picture	10	other				106988	2	40163	4	0	40000
Nothing	91	other				147153	1			0
Picture	202	other				177315	1	2000	2	0	1920
Sound	62	hit	1	3747	3	189290	1			0
Picture	123	other				223477	2	2000	4	0	1920
Sound	52	other				229066	2			5590
Sound	63	hit	2	3114	4	235475	2			0
Picture	12	other				270973	1	2000	2	0	1920
Sound	51	other				273732	1			2760
Sound	62	hit	1	3352	3	282948	1			0
Picture	1	other				318468	2	2000	4	0	1920
Sound	61	hit	1	3916	3	330450	1			0
Picture	214	other				364631	1	2000	2	0	1920
Sound	51	other				369390	1			4760
Sound	64	hit	2	3578	3	376605	2			0
Picture	224	other				412626	2	2000	3	0	1920
Sound	52	other				418665	2			6040
Sound	64	hit	2	3212	2	424617	1			0
Picture	3	other				459122	2	2000	3	0	1920
Sound	63	hit	2	3957	3	471101	2			0
Picture	21	other				506118	1	1999	3	0	1920
Sound	52	other				513877	2			7760
Sound	61	hit	1	3487	3	518095	1			0
Picture	2	other				553946	2	2000	4	0	1920
Sound	62	hit	1	3775	4	565926	2			0
Picture	1	other				601609	1	1999	3	0	1920
Sound	61	hit	1	4661	3	613608	1			0
Picture	204	other				648104	2	2000	3	0	1920
Sound	64	hit	2	2454	2	660093	1			0
Picture	101	other				695100	1	2000	2	0	1920
Sound	61	hit	1	3242	3	707086	2			0
Picture	101	other				743095	2	2000	4	0	1920
Sound	61	hit	1	4215	2	755068	1			0
Picture	113	other				789425	1	1999	3	0	1920
Sound	51	other				794564	2			5140
Sound	63	hit	2	3996	2	801403	1			0
Picture	4	other				837420	2	2000	3	0	1920
Sound	64	hit	2	3355	2	849414	1			0
Picture	23	other				883749	2	2000	3	0	1920
Sound	52	other				890388	2			6640
Sound	63	hit	2	3738	2	895749	1			0
Picture	3	other				931745	1	1999	3	0	1920
Sound	63	hit	2	4059	2	943730	1			0
Picture	22	other				979240	2	2000	4	0	1920
Sound	52	other				985149	2			5910
Sound	62	incorrect	2	3547	3	991232	1			0
Picture	14	other				1027236	1	1999	3	0	1920
Sound	51	other				1031285	2			4050
Sound	64	hit	2	3657	3	1039213	2			0
Picture	4	other				1073565	1	1999	3	0	1920
Sound	64	hit	2	4322	3	1085549	1			0
Picture	101	other				1119727	2	2000	3	0	1920
Sound	61	hit	1	4223	3	1131704	1			0
Picture	202	other				1167056	1	2000	2	0	1920
Sound	62	hit	1	3679	2	1179027	1			0
Picture	204	other				1215052	1	1999	3	0	1920
Sound	64	hit	2	2823	3	1227038	1			0
Picture	2	other				1261214	1	2000	2	0	1920
Sound	62	hit	1	3448	2	1273193	1			0
Picture	103	other				1307376	2	2000	3	0	1920
Sound	63	hit	2	3159	3	1319349	1			0
Picture	204	other				1354538	2	2000	4	0	1920
Sound	64	hit	2	3791	3	1366522	1			0
Picture	2	other				1402200	2	2001	3	0	1920
Sound	62	hit	1	3792	2	1414174	1			0
Picture	1	other				1449696	2	2000	3	0	1920
Sound	61	hit	1	4751	2	1461676	1			0
Picture	24	other				1497525	2	1920	97	0	1920
Sound	52	other				1503854	1			6330
Sound	64	hit	2	4539	4	1509507	2			0
Picture	222	other				1544521	1	2000	2	0	1920
Sound	52	other				1550180	2			5660
Sound	62	hit	1	4068	2	1556501	1			0
Picture	1	other				1590850	1	2000	2	0	1920
Sound	61	hit	1	4568	3	1602836	1			0
Picture	204	other				1638512	1	2000	2	0	1920
Sound	64	hit	2	3459	2	1650488	1			0
Picture	101	other				1686508	1	1999	3	0	1920
Sound	61	hit	1	4619	3	1698499	1			0
Picture	3	other				1732670	1	2000	2	0	1920
Sound	63	hit	2	3966	3	1744654	2			0
Picture	1	other				1779666	1	1999	3	0	1920
Sound	61	hit	1	3025	3	1791648	1			0
Picture	204	other				1827328	1	1999	3	0	1920
Sound	64	hit	2	4346	2	1839300	1			0
Picture	121	other				1873823	2	2000	4	0	1920
Sound	52	other				1881862	2			8040
Sound	61	hit	1	4068	3	1885814	2			0
Picture	4	other				1920486	1	1999	3	0	1920
Sound	64	hit	2	3150	2	1932479	1			0
Picture	2	other				1968148	1	2000	2	0	1920
Sound	62	hit	1	3015	2	1980131	1			0
Picture	2	other				2014310	2	2000	4	0	1920
Sound	62	hit	1	3955	3	2026286	1			0
Picture	202	other				2061972	2	2000	4	0	1920
Sound	62	hit	1	4160	2	2073968	1			0
Picture	212	other				2109301	2	2000	4	0	1920
Sound	51	other				2114180	2			4880
Sound	62	hit	1	3575	3	2121291	1			0
Picture	3	other				2155797	2	2000	3	0	1920
Sound	63	hit	2	4525	3	2167775	2			0
Picture	3	other				2203126	2	2000	3	0	1920
Sound	63	hit	2	3949	2	2215098	1			0
Picture	101	other				2250288	2	2000	4	0	1920
Sound	61	hit	1	3641	3	2262271	1			0
Picture	103	other				2298450	2	2000	3	0	1920
Sound	63	hit	2	3279	2	2310432	1			0
Picture	1	other				2345946	1	2000	2	0	1920
Sound	61	hit	1	3398	3	2357934	2			0
Picture	103	other				2393941	2	2000	4	0	1920
Sound	63	hit	2	2769	2	2405916	1			0
Picture	4	other				2440437	2	2000	3	0	1920
Sound	64	hit	2	3841	2	2452430	1			0
Picture	202	other				2488599	2	2000	3	0	1920
Sound	62	hit	1	3574	2	2500591	1			0
Picture	4	other				2534928	2	2000	3	0	1920
Sound	64	hit	2	3823	3	2546926	1			0
Picture	202	other				2582924	1	2000	2	0	1920
Sound	62	hit	1	4074	3	2594907	2			0
Picture	11	other				2630753	1	1999	3	0	1920
Sound	51	other				2635922	2			5170
Sound	61	hit	1	3727	2	2642739	1			0
Picture	2	other				2678248	2	2000	4	0	1920
Sound	62	hit	1	3723	2	2690241	1			0
Picture	103	other				2724410	2	2000	4	0	1920
Sound	63	hit	2	3293	3	2736397	1			0
Picture	103	other				2771240	1	1999	3	0	1920
Sound	63	hit	2	3767	3	2783210	2			0
Picture	3	other				2817902	1	2000	2	0	1920
Sound	63	hit	2	3402	3	2829874	2			0
Picture	4	other				2865064	2	2000	3	0	1920
Sound	64	hit	2	3692	3	2877048	1			0
Picture	202	other				2911560	1	2000	2	0	1920
Sound	62	hit	1	2838	3	2923532	2			0
Picture	103	other				2958222	2	2000	4	0	1920
Sound	63	incorrect	1	4758	2	2970197	1			0
Picture	111	other				3006384	2	2000	3	0	1920
Sound	51	other				3008913	2			2530
Sound	61	hit	1	3994	3	3018357	2			0
Picture	13	other				3053213	2	2000	3	0	1920
Sound	51	other				3057502	1			4290
Sound	63	hit	2	3560	3	3065201	1			0
Picture	204	other				3099542	2	2000	4	0	1920
Sound	64	hit	2	3728	4	3111536	2			0
Picture	101	other				3146038	1	2000	2	0	1920
Sound	61	hit	1	4078	2	3158021	1			0

The following output port codes were not sent because of a conflict on the port.
Port	Code	Time(ms)
1	90	4632.8
