Scenario - 17_March_2015
Logfile written - 07/20/2017 15:53:18

Subject	Trial	Event Type	Code	Time	TTime	Uncertainty	Duration	Uncertainty	ReqTime	ReqDur	Stim Type	Pair Index

cheal	1	Response	253	40457	50290	1
cheal	2	Picture	10	40494	0	2	20165	4	0	20000	other	0
cheal	3	Picture	10	60826	0	1	40163	2	0	40000	other	0
cheal	3	Response	251	73952	13126	1
cheal	4	Picture	10	101155	0	2	40163	4	0	40000	other	0
cheal	4	Response	252	114012	12857	1
cheal	5	Nothing	91	141320	0	1			0		other	0
cheal	6	Picture	204	171482	0	2	2000	3	0	1920	other	0
cheal	7	Sound	64	183453	0	1			0		hit	10
cheal	7	Response	252	187626	4173	1
cheal	8	Picture	222	218311	0	2	2000	3	0	1920	other	0
cheal	8	Sound	52	225710	7399	1			7400		other	0
cheal	9	Sound	62	230297	0	1			0		hit	14
cheal	9	Response	251	234643	4346	1
cheal	10	Picture	12	265640	0	2	2000	3	0	1920	other	0
cheal	10	Sound	51	270449	4809	1			4810		other	0
cheal	11	Sound	62	277620	0	1			0		hit	18
cheal	11	Response	251	281428	3808	1
cheal	12	Picture	204	313635	0	2	2000	4	0	1920	other	0
cheal	13	Sound	64	325631	0	1			0		hit	21
cheal	13	Response	252	328868	3237	2
cheal	14	Picture	22	359965	0	1	1999	3	0	1920	other	0
cheal	14	Sound	52	368074	8109	2			8110		other	0
cheal	15	Sound	62	371936	0	1			0		hit	25
cheal	15	Response	251	375478	3542	1
cheal	16	Picture	4	406460	0	2	2000	3	0	1920	other	0
cheal	17	Sound	64	418451	0	1			0		hit	28
cheal	17	Response	252	421608	3157	1
cheal	18	Picture	13	454456	0	1	2000	2	0	1920	other	0
cheal	18	Sound	51	459575	5119	2			5120		other	0
cheal	19	Sound	63	466432	0	1			0		hit	32
cheal	19	Response	252	470226	3794	1
cheal	20	Picture	103	500951	0	2	2000	4	0	1920	other	0
cheal	21	Sound	63	512946	0	2			0		hit	35
cheal	21	Response	252	518003	5057	1
cheal	22	Picture	3	548114	0	1	1999	3	0	1920	other	0
cheal	23	Sound	63	560089	0	2			0		hit	38
cheal	23	Response	252	564036	3947	2
cheal	24	Picture	2	595943	0	1	1999	3	0	1920	other	0
cheal	25	Sound	62	607921	0	1			0		hit	41
cheal	25	Response	251	611243	3322	1
cheal	26	Picture	101	642271	0	2	2000	4	0	1920	other	0
cheal	27	Sound	61	654256	0	1			0		hit	44
cheal	27	Response	251	659432	5176	1
cheal	28	Picture	1	689600	0	2	2000	4	0	1920	other	0
cheal	29	Sound	61	701579	0	1			0		hit	47
cheal	29	Response	251	705970	4391	1
cheal	30	Picture	3	737596	0	2	2000	3	0	1920	other	0
cheal	31	Sound	63	749590	0	1			0		hit	50
cheal	31	Response	252	753916	4326	2
cheal	32	Picture	1	784592	0	1	1999	3	0	1920	other	0
cheal	33	Sound	61	796583	0	2			0		hit	53
cheal	33	Response	251	800286	3703	2
cheal	34	Picture	3	831254	0	1	2000	2	0	1920	other	0
cheal	35	Sound	63	843248	0	1			0		hit	56
cheal	35	Response	252	846561	3313	2
cheal	36	Picture	214	878749	0	2	2000	4	0	1920	other	0
cheal	36	Sound	51	883298	4549	2			4550		other	0
cheal	37	Sound	64	890720	0	1			0		hit	60
cheal	37	Response	252	895322	4602	2
cheal	38	Picture	14	924912	0	1	2000	2	0	1920	other	0
cheal	38	Sound	51	930301	5389	1			5390		other	0
cheal	39	Sound	64	936905	0	2			0		hit	64
cheal	39	Response	252	940898	3993	1
cheal	40	Picture	202	971741	0	1	2000	2	0	1920	other	0
cheal	41	Sound	62	983719	0	1			0		hit	67
cheal	41	Response	251	987417	3698	2
cheal	42	Picture	4	1018903	0	2	2000	3	0	1920	other	0
cheal	43	Sound	64	1030892	0	2			0		hit	70
cheal	43	Response	252	1034910	4018	1
cheal	44	Picture	101	1066065	0	2	2000	4	0	1920	other	0
cheal	45	Sound	61	1078035	0	2			0		hit	73
cheal	45	Response	251	1081467	3432	2
cheal	46	Picture	24	1112561	0	2	2000	3	0	1920	other	0
cheal	46	Sound	52	1118400	5839	1			5840		other	0
cheal	47	Sound	64	1124550	0	1			0		hit	77
cheal	47	Response	252	1127835	3285	1
cheal	48	Picture	103	1160057	0	1	1999	3	0	1920	other	0
cheal	49	Sound	63	1172052	0	2			0		hit	80
cheal	49	Response	252	1176005	3953	2
cheal	50	Picture	121	1207386	0	1	1999	3	0	1920	other	0
cheal	50	Sound	52	1215695	8309	2			8310		other	0
cheal	51	Sound	61	1219375	0	1			0		hit	84
cheal	51	Response	251	1223443	4068	2
cheal	52	Picture	103	1253715	0	1	1999	3	0	1920	other	0
cheal	53	Sound	63	1265710	0	1			0		hit	87
cheal	53	Response	252	1269265	3555	2
cheal	54	Picture	2	1300210	0	2	2000	3	0	1920	other	0
cheal	55	Sound	62	1312195	0	1			0		hit	90
cheal	55	Response	251	1315373	3178	1
cheal	56	Picture	111	1346706	0	1	2000	2	0	1920	other	0
cheal	56	Sound	51	1349745	3039	1			3040		other	0
cheal	57	Sound	61	1358679	0	2			0		hit	94
cheal	57	Response	251	1364282	5603	1
cheal	58	Picture	101	1393035	0	2	2000	3	0	1920	other	0
cheal	59	Sound	61	1405014	0	2			0		hit	97
cheal	59	Response	251	1409238	4224	1
cheal	60	Picture	103	1439864	0	1	2000	2	0	1920	other	0
cheal	61	Sound	63	1451858	0	1			0		hit	100
cheal	61	Response	252	1455850	3992	2
cheal	62	Picture	204	1487693	0	1	1999	3	0	1920	other	0
cheal	63	Sound	64	1499690	0	1			0		hit	103
cheal	63	Response	252	1504310	4620	2
cheal	64	Picture	4	1534855	0	2	2000	3	0	1920	other	0
cheal	65	Sound	64	1546833	0	1			0		hit	106
cheal	65	Response	252	1551341	4508	2
cheal	66	Picture	101	1581184	0	1	2000	2	0	1920	other	0
cheal	67	Sound	61	1593168	0	1			0		hit	109
cheal	67	Response	251	1596485	3317	1
cheal	68	Picture	202	1628346	0	2	2000	4	0	1920	other	0
cheal	69	Sound	62	1640341	0	1			0		hit	112
cheal	69	Response	251	1644068	3727	1
cheal	70	Picture	2	1674842	0	1	2000	2	0	1920	other	0
cheal	71	Sound	62	1686826	0	1			0		hit	115
cheal	71	Response	251	1691151	4325	1
cheal	72	Picture	113	1722504	0	2	2000	3	0	1920	other	0
cheal	72	Sound	51	1725373	2869	2			2870		other	0
cheal	73	Sound	63	1734477	0	2			0		hit	119
cheal	73	Response	252	1737730	3253	1
cheal	74	Picture	101	1769833	0	2	2000	3	0	1920	other	0
cheal	75	Sound	61	1781830	0	1			0		hit	122
cheal	75	Response	251	1785529	3699	1
cheal	76	Picture	204	1817995	0	2	2000	4	0	1920	other	0
cheal	77	Sound	64	1829991	0	1			0		hit	125
cheal	77	Response	252	1833226	3235	1
cheal	78	Picture	4	1864324	0	2	2000	3	0	1920	other	0
cheal	79	Sound	64	1876296	0	1			0		hit	128
cheal	79	Response	252	1879963	3667	2
cheal	80	Picture	103	1910653	0	2	2000	3	0	1920	other	0
cheal	81	Sound	63	1922631	0	1			0		hit	131
cheal	81	Response	252	1926525	3894	2
cheal	82	Picture	204	1957482	0	2	2000	4	0	1920	other	0
cheal	83	Sound	64	1969475	0	1			0		hit	134
cheal	83	Response	252	1973805	4330	1
cheal	84	Picture	202	2005311	0	2	2000	3	0	1920	other	0
cheal	85	Sound	62	2017307	0	1			0		hit	137
cheal	85	Response	251	2020713	3406	1
cheal	85	Response	251	2021934	4627	1
cheal	86	Picture	1	2052140	0	2	2000	3	0	1920	other	0
cheal	87	Sound	61	2064120	0	2			0		hit	141
cheal	87	Response	251	2068057	3937	2
cheal	88	Picture	2	2099469	0	1	2000	2	0	1920	other	0
cheal	89	Sound	62	2111443	0	1			0		hit	144
cheal	89	Response	251	2115655	4212	1
cheal	90	Picture	3	2146965	0	1	1999	3	0	1920	other	0
cheal	91	Sound	63	2158945	0	2			0		hit	147
cheal	91	Response	252	2162577	3632	1
cheal	92	Picture	1	2194794	0	1	1999	3	0	1920	other	0
cheal	93	Sound	61	2206777	0	1			0		hit	150
cheal	93	Response	251	2209983	3206	1
cheal	94	Picture	4	2242122	0	2	2000	4	0	1920	other	0
cheal	95	Sound	64	2254100	0	1			0		hit	153
cheal	95	Response	252	2257909	3809	1
cheal	96	Picture	3	2289951	0	2	2000	3	0	1920	other	0
cheal	97	Sound	63	2301931	0	2			0		hit	156
cheal	97	Response	252	2305634	3703	1
cheal	98	Picture	23	2337113	0	2	2000	4	0	1920	other	0
cheal	98	Sound	52	2343652	6539	2			6540		other	0
cheal	99	Sound	63	2349104	0	2			0		hit	160
cheal	99	Response	252	2353326	4222	1
cheal	100	Picture	3	2383442	0	2	2000	4	0	1920	other	0
cheal	101	Sound	63	2395440	0	1			0		hit	163
cheal	101	Response	252	2398718	3278	1
cheal	102	Picture	1	2429771	0	2	2000	4	0	1920	other	0
cheal	103	Sound	61	2441744	0	2			0		hit	166
cheal	103	Response	251	2445316	3572	1
cheal	104	Picture	103	2477434	0	1	2000	2	0	1920	other	0
cheal	105	Sound	63	2489426	0	2			0		hit	169
cheal	105	Response	252	2493628	4202	1
cheal	106	Picture	204	2524096	0	2	2000	3	0	1920	other	0
cheal	107	Sound	64	2536091	0	1			0		hit	172
cheal	107	Response	252	2539926	3835	1
cheal	108	Picture	202	2571258	0	2	2000	4	0	1920	other	0
cheal	109	Sound	62	2583234	0	1			0		hit	175
cheal	109	Response	251	2586792	3558	1
cheal	110	Picture	202	2618587	0	2	2000	4	0	1920	other	0
cheal	111	Sound	62	2630586	0	2			0		hit	178
cheal	111	Response	251	2634778	4192	1
cheal	112	Picture	2	2666083	0	1	1999	3	0	1920	other	0
cheal	113	Sound	62	2678059	0	1			0		hit	181
cheal	113	Response	251	2682549	4490	2
cheal	114	Picture	1	2713245	0	2	2000	3	0	1920	other	0
cheal	115	Sound	61	2725232	0	1			0		hit	184
cheal	115	Response	251	2728868	3636	2
cheal	116	Picture	224	2760907	0	2	2000	4	0	1920	other	0
cheal	116	Sound	52	2766526	5619	1			5620		other	0
cheal	117	Sound	64	2772884	0	1			0		hit	188
cheal	117	Response	252	2776590	3706	1
cheal	118	Picture	11	2807570	0	1	1999	3	0	1920	other	0
cheal	118	Sound	51	2812409	4839	2			4840		other	0
cheal	119	Sound	61	2819548	0	1			0		hit	192
cheal	119	Response	251	2822688	3140	2
cheal	120	Picture	202	2854565	0	2	2000	3	0	1920	other	0
cheal	121	Sound	62	2866541	0	2			0		hit	195
cheal	121	Response	251	2870692	4151	2
cheal	122	Picture	123	2901727	0	2	2000	4	0	1920	other	0
cheal	122	Sound	52	2910126	8399	1			8400		other	0
cheal	123	Sound	63	2913715	0	1			0		hit	199
cheal	123	Response	252	2918536	4821	2
cheal	124	Picture	21	2948723	0	2	2000	3	0	1920	other	0
cheal	124	Sound	52	2954722	5999	2			6000		other	0
cheal	125	Sound	61	2960708	0	1			0		hit	203
cheal	125	Response	251	2964384	3676	1
cheal	126	Picture	2	2995219	0	1	2000	2	0	1920	other	0
cheal	127	Sound	62	3007193	0	1			0		hit	206
cheal	127	Response	251	3011189	3996	2
cheal	128	Picture	101	3041881	0	2	2000	3	0	1920	other	0
cheal	129	Sound	61	3053857	0	1			0		hit	209
cheal	129	Response	251	3057731	3874	1
cheal	130	Picture	4	3089877	0	1	1999	3	0	1920	other	0
cheal	131	Sound	64	3101868	0	1			0		hit	212
cheal	131	Response	252	3105398	3530	2
cheal	132	Picture	212	3137705	0	2	2000	4	0	1920	other	0
cheal	132	Sound	51	3142554	4849	2			4850		other	0
cheal	133	Sound	62	3149700	0	1			0		hit	216
cheal	133	Response	251	3153423	3723	1
cheal	134	Response	253	3241903	56369	1


Event Type	Code	Type	Response	RT	RT Uncertainty	Time	Uncertainty	Duration	Uncertainty	ReqTime	ReqDur

Picture	10	other				40494	2	20165	4	0	20000
Picture	10	other				60826	1	40163	2	0	40000
Picture	10	other				101155	2	40163	4	0	40000
Nothing	91	other				141320	1			0
Picture	204	other				171482	2	2000	3	0	1920
Sound	64	hit	2	4173	2	183453	1			0
Picture	222	other				218311	2	2000	3	0	1920
Sound	52	other				225710	1			7400
Sound	62	hit	1	4346	2	230297	1			0
Picture	12	other				265640	2	2000	3	0	1920
Sound	51	other				270449	1			4810
Sound	62	hit	1	3808	2	277620	1			0
Picture	204	other				313635	2	2000	4	0	1920
Sound	64	hit	2	3237	3	325631	1			0
Picture	22	other				359965	1	1999	3	0	1920
Sound	52	other				368074	2			8110
Sound	62	hit	1	3542	2	371936	1			0
Picture	4	other				406460	2	2000	3	0	1920
Sound	64	hit	2	3157	2	418451	1			0
Picture	13	other				454456	1	2000	2	0	1920
Sound	51	other				459575	2			5120
Sound	63	hit	2	3794	2	466432	1			0
Picture	103	other				500951	2	2000	4	0	1920
Sound	63	hit	2	5057	3	512946	2			0
Picture	3	other				548114	1	1999	3	0	1920
Sound	63	hit	2	3947	4	560089	2			0
Picture	2	other				595943	1	1999	3	0	1920
Sound	62	hit	1	3322	2	607921	1			0
Picture	101	other				642271	2	2000	4	0	1920
Sound	61	hit	1	5176	2	654256	1			0
Picture	1	other				689600	2	2000	4	0	1920
Sound	61	hit	1	4391	2	701579	1			0
Picture	3	other				737596	2	2000	3	0	1920
Sound	63	hit	2	4326	3	749590	1			0
Picture	1	other				784592	1	1999	3	0	1920
Sound	61	hit	1	3703	4	796583	2			0
Picture	3	other				831254	1	2000	2	0	1920
Sound	63	hit	2	3313	3	843248	1			0
Picture	214	other				878749	2	2000	4	0	1920
Sound	51	other				883298	2			4550
Sound	64	hit	2	4602	3	890720	1			0
Picture	14	other				924912	1	2000	2	0	1920
Sound	51	other				930301	1			5390
Sound	64	hit	2	3993	3	936905	2			0
Picture	202	other				971741	1	2000	2	0	1920
Sound	62	hit	1	3698	3	983719	1			0
Picture	4	other				1018903	2	2000	3	0	1920
Sound	64	hit	2	4018	3	1030892	2			0
Picture	101	other				1066065	2	2000	4	0	1920
Sound	61	hit	1	3432	4	1078035	2			0
Picture	24	other				1112561	2	2000	3	0	1920
Sound	52	other				1118400	1			5840
Sound	64	hit	2	3285	2	1124550	1			0
Picture	103	other				1160057	1	1999	3	0	1920
Sound	63	hit	2	3953	4	1172052	2			0
Picture	121	other				1207386	1	1999	3	0	1920
Sound	52	other				1215695	2			8310
Sound	61	hit	1	4068	3	1219375	1			0
Picture	103	other				1253715	1	1999	3	0	1920
Sound	63	hit	2	3555	3	1265710	1			0
Picture	2	other				1300210	2	2000	3	0	1920
Sound	62	hit	1	3178	2	1312195	1			0
Picture	111	other				1346706	1	2000	2	0	1920
Sound	51	other				1349745	1			3040
Sound	61	hit	1	5603	3	1358679	2			0
Picture	101	other				1393035	2	2000	3	0	1920
Sound	61	hit	1	4224	3	1405014	2			0
Picture	103	other				1439864	1	2000	2	0	1920
Sound	63	hit	2	3992	3	1451858	1			0
Picture	204	other				1487693	1	1999	3	0	1920
Sound	64	hit	2	4620	3	1499690	1			0
Picture	4	other				1534855	2	2000	3	0	1920
Sound	64	hit	2	4508	3	1546833	1			0
Picture	101	other				1581184	1	2000	2	0	1920
Sound	61	hit	1	3317	2	1593168	1			0
Picture	202	other				1628346	2	2000	4	0	1920
Sound	62	hit	1	3727	2	1640341	1			0
Picture	2	other				1674842	1	2000	2	0	1920
Sound	62	hit	1	4325	2	1686826	1			0
Picture	113	other				1722504	2	2000	3	0	1920
Sound	51	other				1725373	2			2870
Sound	63	hit	2	3253	3	1734477	2			0
Picture	101	other				1769833	2	2000	3	0	1920
Sound	61	hit	1	3699	2	1781830	1			0
Picture	204	other				1817995	2	2000	4	0	1920
Sound	64	hit	2	3235	2	1829991	1			0
Picture	4	other				1864324	2	2000	3	0	1920
Sound	64	hit	2	3667	3	1876296	1			0
Picture	103	other				1910653	2	2000	3	0	1920
Sound	63	hit	2	3894	3	1922631	1			0
Picture	204	other				1957482	2	2000	4	0	1920
Sound	64	hit	2	4330	2	1969475	1			0
Picture	202	other				2005311	2	2000	3	0	1920
Sound	62	hit	1	3406	2	2017307	1			0
Picture	1	other				2052140	2	2000	3	0	1920
Sound	61	hit	1	3937	4	2064120	2			0
Picture	2	other				2099469	1	2000	2	0	1920
Sound	62	hit	1	4212	2	2111443	1			0
Picture	3	other				2146965	1	1999	3	0	1920
Sound	63	hit	2	3632	3	2158945	2			0
Picture	1	other				2194794	1	1999	3	0	1920
Sound	61	hit	1	3206	2	2206777	1			0
Picture	4	other				2242122	2	2000	4	0	1920
Sound	64	hit	2	3809	2	2254100	1			0
Picture	3	other				2289951	2	2000	3	0	1920
Sound	63	hit	2	3703	3	2301931	2			0
Picture	23	other				2337113	2	2000	4	0	1920
Sound	52	other				2343652	2			6540
Sound	63	hit	2	4222	3	2349104	2			0
Picture	3	other				2383442	2	2000	4	0	1920
Sound	63	hit	2	3278	2	2395440	1			0
Picture	1	other				2429771	2	2000	4	0	1920
Sound	61	hit	1	3572	3	2441744	2			0
Picture	103	other				2477434	1	2000	2	0	1920
Sound	63	hit	2	4202	3	2489426	2			0
Picture	204	other				2524096	2	2000	3	0	1920
Sound	64	hit	2	3835	2	2536091	1			0
Picture	202	other				2571258	2	2000	4	0	1920
Sound	62	hit	1	3558	2	2583234	1			0
Picture	202	other				2618587	2	2000	4	0	1920
Sound	62	hit	1	4192	3	2630586	2			0
Picture	2	other				2666083	1	1999	3	0	1920
Sound	62	hit	1	4490	3	2678059	1			0
Picture	1	other				2713245	2	2000	3	0	1920
Sound	61	hit	1	3636	3	2725232	1			0
Picture	224	other				2760907	2	2000	4	0	1920
Sound	52	other				2766526	1			5620
Sound	64	hit	2	3706	2	2772884	1			0
Picture	11	other				2807570	1	1999	3	0	1920
Sound	51	other				2812409	2			4840
Sound	61	hit	1	3140	3	2819548	1			0
Picture	202	other				2854565	2	2000	3	0	1920
Sound	62	hit	1	4151	4	2866541	2			0
Picture	123	other				2901727	2	2000	4	0	1920
Sound	52	other				2910126	1			8400
Sound	63	hit	2	4821	3	2913715	1			0
Picture	21	other				2948723	2	2000	3	0	1920
Sound	52	other				2954722	2			6000
Sound	61	hit	1	3676	2	2960708	1			0
Picture	2	other				2995219	1	2000	2	0	1920
Sound	62	hit	1	3996	3	3007193	1			0
Picture	101	other				3041881	2	2000	3	0	1920
Sound	61	hit	1	3874	2	3053857	1			0
Picture	4	other				3089877	1	1999	3	0	1920
Sound	64	hit	2	3530	3	3101868	1			0
Picture	212	other				3137705	2	2000	4	0	1920
Sound	51	other				3142554	2			4850
Sound	62	hit	1	3723	2	3149700	1			0

The following output port codes were not sent because of a conflict on the port.
Port	Code	Time(ms)
1	90	4049.5
