Scenario - 17_March_2015
Logfile written - 03/06/2017 11:25:30

Subject	Trial	Event Type	Code	Time	TTime	Uncertainty	Duration	Uncertainty	ReqTime	ReqDur	Stim Type	Pair Index

BIRDA	1	Response	253	8668	18496	4
BIRDA	2	Picture	10	8829	0	3	20165	5	0	20000	other	0
BIRDA	3	Picture	10	29161	0	3	40163	5	0	40000	other	0
BIRDA	3	Response	251	44359	15198	2
BIRDA	4	Picture	10	69490	0	3	40162	6	0	40000	other	0
BIRDA	4	Response	252	82917	13427	3
BIRDA	5	Nothing	91	109659	0	2			0		other	0
BIRDA	6	Picture	204	140149	0	3	2001	7	0	1920	other	0
BIRDA	7	Sound	64	152146	0	2			0		hit	10
BIRDA	7	Response	252	156311	4165	3
BIRDA	8	Picture	202	186756	0	59	2055	62	0	1920	other	0
BIRDA	9	Sound	62	198751	0	1			0		hit	13
BIRDA	9	Response	251	203605	4854	2
BIRDA	10	Picture	111	234638	0	6	2001	11	0	1920	other	0
BIRDA	10	Sound	51	238738	4100	1			4100		other	0
BIRDA	11	Sound	61	246642	0	1			0		hit	17
BIRDA	11	Response	251	253997	7355	2
BIRDA	12	Picture	204	280968	0	3	2001	6	0	1920	other	0
BIRDA	13	Sound	64	292947	0	1			0		hit	20
BIRDA	13	Response	252	296444	3497	2
BIRDA	14	Picture	113	329131	0	3	1999	6	0	1920	other	0
BIRDA	14	Sound	51	333971	4840	2			4840		other	0
BIRDA	15	Sound	63	341137	0	2			0		hit	24
BIRDA	15	Response	252	345611	4474	2
BIRDA	16	Picture	202	375959	0	3	2000	6	0	1920	other	0
BIRDA	17	Sound	62	387950	0	2			0		hit	27
BIRDA	17	Response	251	393307	5357	2
BIRDA	18	Picture	12	423455	0	3	2000	5	0	1920	other	0
BIRDA	18	Sound	51	427194	3739	2			3740		other	0
BIRDA	19	Sound	62	435453	0	1			0		hit	31
BIRDA	19	Response	251	440620	5167	2
BIRDA	20	Picture	4	470116	0	4	2000	7	0	1920	other	0
BIRDA	21	Sound	64	482116	0	2			0		hit	34
BIRDA	21	Response	252	496620	14504	2
BIRDA	22	Picture	4	517946	0	4	1999	7	0	1920	other	0
BIRDA	23	Sound	64	529948	0	2			0		hit	37
BIRDA	23	Response	252	540929	10981	2
BIRDA	24	Picture	23	565273	0	3	2000	7	0	1920	other	0
BIRDA	24	Sound	52	571423	6150	2			6150		other	0
BIRDA	25	Sound	63	577270	0	2			0		hit	41
BIRDA	25	Response	252	582523	5253	2
BIRDA	26	Picture	3	612936	0	3	2000	5	0	1920	other	0
BIRDA	27	Sound	63	624922	0	2			0		hit	44
BIRDA	27	Response	252	630623	5701	2
BIRDA	28	Picture	1	659597	0	4	2001	7	0	1920	other	0
BIRDA	29	Sound	61	671586	0	2			0		hit	47
BIRDA	29	Response	251	676134	4548	2
BIRDA	30	Picture	2	706093	0	4	2000	7	0	1920	other	0
BIRDA	31	Sound	62	718070	0	2			0		hit	50
BIRDA	31	Response	251	722609	4539	2
BIRDA	32	Picture	101	753089	0	3	2000	5	0	1920	other	0
BIRDA	33	Sound	61	765093	0	2			0		hit	53
BIRDA	33	Response	251	772703	7610	2
BIRDA	34	Picture	4	799417	0	4	2001	7	0	1920	other	0
BIRDA	35	Sound	64	811398	0	2			0		hit	56
BIRDA	35	Response	252	818090	6692	2
BIRDA	36	Picture	4	846912	0	3	2001	6	0	1920	other	0
BIRDA	37	Sound	64	858900	0	2			0		incorrect	59
BIRDA	37	Response	251	869192	10292	2
BIRDA	37	Response	252	874081	15181	2
BIRDA	38	Picture	1	893908	0	3	2000	6	0	1920	other	0
BIRDA	39	Sound	61	905893	0	2			0		hit	63
BIRDA	39	Response	251	913173	7280	2
BIRDA	40	Picture	1	940403	0	3	2000	6	0	1920	other	0
BIRDA	41	Sound	61	952408	0	2			0		hit	66
BIRDA	41	Response	251	955982	3574	2
BIRDA	42	Picture	101	987733	0	2	1999	6	0	1920	other	0
BIRDA	43	Sound	61	999730	0	2			0		hit	69
BIRDA	43	Response	251	1004049	4319	2
BIRDA	44	Picture	101	1034561	0	3	2000	5	0	1920	other	0
BIRDA	45	Sound	61	1046543	0	2			0		hit	72
BIRDA	45	Response	251	1051115	4572	2
BIRDA	46	Picture	2	1080889	0	3	2001	5	0	1920	other	0
BIRDA	47	Sound	62	1092879	0	3			0		hit	75
BIRDA	47	Response	251	1098671	5792	3
BIRDA	48	Picture	204	1127219	0	4	1997	9	0	1920	other	0
BIRDA	49	Sound	64	1139213	0	2			0		hit	78
BIRDA	49	Response	252	1145377	6164	2
BIRDA	50	Picture	24	1174046	0	3	2001	6	0	1920	other	0
BIRDA	50	Sound	52	1181066	7020	1			7020		other	0
BIRDA	51	Sound	64	1186026	0	2			0		hit	82
BIRDA	51	Response	252	1191986	5960	3
BIRDA	52	Picture	4	1220709	0	3	1999	7	0	1920	other	0
BIRDA	53	Sound	64	1232691	0	3			0		hit	85
BIRDA	53	Response	252	1238479	5788	2
BIRDA	54	Picture	224	1268538	0	3	2000	6	0	1920	other	0
BIRDA	54	Sound	52	1274269	5731	2			5730		other	0
BIRDA	55	Sound	64	1280522	0	3			0		hit	89
BIRDA	55	Response	252	1285249	4727	2
BIRDA	56	Picture	1	1315700	0	3	2000	6	0	1920	other	0
BIRDA	57	Sound	61	1327694	0	2			0		hit	92
BIRDA	57	Response	251	1333500	5806	2
BIRDA	58	Picture	212	1363028	0	3	2001	5	0	1920	other	0
BIRDA	58	Sound	51	1366137	3109	2			3110		other	0
BIRDA	59	Sound	62	1375017	0	2			0		hit	96
BIRDA	59	Response	251	1379405	4388	4
BIRDA	60	Picture	13	1410854	0	5	1930	80	0	1920	other	0
BIRDA	60	Sound	51	1414554	3700	2			3700		other	0
BIRDA	61	Sound	63	1422848	0	2			0		hit	100
BIRDA	61	Response	252	1435578	12730	2
BIRDA	62	Picture	202	1457519	0	3	1999	6	0	1920	other	0
BIRDA	63	Sound	62	1469512	0	2			0		hit	103
BIRDA	63	Response	251	1474901	5389	3
BIRDA	64	Picture	204	1505014	0	4	2000	7	0	1920	other	0
BIRDA	65	Sound	64	1517014	0	2			0		hit	106
BIRDA	65	Response	252	1524960	7946	2
BIRDA	66	Picture	1	1551509	0	3	2000	6	0	1920	other	0
BIRDA	67	Sound	61	1563498	0	2			0		hit	109
BIRDA	67	Response	251	1568276	4778	2
BIRDA	68	Picture	22	1598005	0	3	2000	6	0	1920	other	0
BIRDA	68	Sound	52	1604095	6090	2			6090		other	0
BIRDA	69	Sound	62	1609983	0	2			0		incorrect	113
BIRDA	69	Response	252	1620512	10529	2
BIRDA	70	Picture	123	1645332	0	5	2002	7	0	1920	other	0
BIRDA	70	Sound	52	1653001	7669	2			7670		other	0
BIRDA	71	Sound	63	1657335	0	2			0		incorrect	117
BIRDA	71	Response	251	1666368	9033	2
BIRDA	72	Picture	2	1692830	0	3	1999	6	0	1920	other	0
BIRDA	73	Sound	62	1704807	0	2			0		hit	120
BIRDA	73	Response	251	1714235	9428	3
BIRDA	74	Picture	103	1739324	0	3	2001	7	0	1920	other	0
BIRDA	75	Sound	63	1751322	0	1			0		hit	123
BIRDA	75	Response	252	1756920	5598	4
BIRDA	76	Picture	204	1785986	0	3	2001	5	0	1920	other	0
BIRDA	77	Sound	64	1797986	0	3			0		incorrect	126
BIRDA	77	Response	251	1809133	11147	2
BIRDA	78	Picture	214	1833981	0	3	2001	6	0	1920	other	0
BIRDA	78	Sound	51	1838251	4270	2			4270		other	0
BIRDA	79	Sound	64	1845966	0	2			0		hit	130
BIRDA	79	Response	252	1872480	26514	2
BIRDA	80	Picture	202	1881644	0	3	1999	6	0	1920	other	0
BIRDA	81	Sound	62	1893648	0	2			0		hit	133
BIRDA	81	Response	251	1898367	4719	2
BIRDA	82	Picture	101	1929639	0	3	1999	6	0	1920	other	0
BIRDA	83	Sound	61	1941629	0	3			0		hit	136
BIRDA	83	Response	251	1948046	6417	2
BIRDA	84	Picture	2	1976634	0	3	2000	5	0	1920	other	0
BIRDA	85	Sound	62	1988622	0	2			0		hit	139
BIRDA	85	Response	251	1993681	5059	4
BIRDA	86	Picture	202	2024297	0	3	1999	5	0	1920	other	0
BIRDA	87	Sound	62	2036304	0	2			0		hit	142
BIRDA	87	Response	251	2041370	5066	2
BIRDA	88	Picture	1	2072291	0	4	1999	9	0	1920	other	0
BIRDA	89	Sound	61	2084285	0	3			0		hit	145
BIRDA	89	Response	251	2093550	9265	2
BIRDA	90	Picture	2	2118786	0	3	2000	11	0	1920	other	0
BIRDA	91	Sound	62	2130769	0	2			0		hit	148
BIRDA	91	Response	251	2135619	4850	3
BIRDA	92	Picture	204	2165615	0	3	2000	7	0	1920	other	0
BIRDA	93	Sound	64	2177613	0	1			0		hit	151
BIRDA	93	Response	252	2185711	8098	2
BIRDA	94	Picture	14	2212444	0	3	2000	6	0	1920	other	0
BIRDA	94	Sound	51	2216954	4510	2			4510		other	0
BIRDA	95	Sound	64	2224426	0	2			0		hit	155
BIRDA	95	Response	252	2228977	4551	3
BIRDA	96	Picture	222	2260105	0	4	2001	6	0	1920	other	0
BIRDA	96	Sound	52	2268075	7970	2			7970		other	0
BIRDA	97	Sound	62	2272108	0	2			0		hit	159
BIRDA	97	Response	251	2279212	7104	2
BIRDA	98	Picture	103	2307102	0	3	2000	5	0	1920	other	0
BIRDA	99	Sound	63	2319101	0	2			0		hit	162
BIRDA	99	Response	252	2324018	4917	2
BIRDA	100	Picture	2	2354930	0	4	2000	7	0	1920	other	0
BIRDA	101	Sound	62	2366932	0	2			0		hit	165
BIRDA	101	Response	251	2370753	3821	2
BIRDA	102	Picture	103	2402759	0	3	1999	6	0	1920	other	0
BIRDA	103	Sound	63	2414764	0	2			0		hit	168
BIRDA	103	Response	252	2424537	9773	2
BIRDA	104	Picture	11	2450754	0	2	2000	5	0	1920	other	0
BIRDA	104	Sound	51	2454543	3789	2			3790		other	0
BIRDA	105	Sound	61	2462744	0	2			0		hit	172
BIRDA	105	Response	251	2466502	3758	2
BIRDA	106	Picture	103	2498082	0	4	1999	8	0	1920	other	0
BIRDA	107	Sound	63	2510067	0	2			0		incorrect	175
BIRDA	107	Response	251	2517171	7104	2
BIRDA	108	Picture	3	2545745	0	3	1999	6	0	1920	other	0
BIRDA	109	Sound	63	2557748	0	2			0		hit	178
BIRDA	109	Response	252	2571168	13420	2
BIRDA	110	Picture	103	2593574	0	2	1999	5	0	1920	other	0
BIRDA	111	Sound	63	2605580	0	4			0		hit	181
BIRDA	111	Response	252	2610306	4726	2
BIRDA	112	Picture	121	2639901	0	3	2001	6	0	1920	other	0
BIRDA	112	Sound	52	2645540	5639	3			5640		other	0
BIRDA	113	Sound	61	2651885	0	2			0		hit	185
BIRDA	113	Response	251	2655721	3836	2
BIRDA	114	Picture	103	2688064	0	3	1999	6	0	1920	other	0
BIRDA	115	Sound	63	2700045	0	2			0		hit	188
BIRDA	115	Response	252	2708494	8449	2
BIRDA	116	Picture	3	2735560	0	2	1998	5	0	1920	other	0
BIRDA	117	Sound	63	2747548	0	3			0		hit	191
BIRDA	117	Response	252	2752983	5435	2
BIRDA	118	Picture	101	2783552	0	5	2000	9	0	1920	other	0
BIRDA	119	Sound	61	2795558	0	2			0		hit	194
BIRDA	119	Response	251	2800341	4783	2
BIRDA	120	Picture	21	2830050	0	4	1999	7	0	1920	other	0
BIRDA	120	Sound	52	2838469	8419	2			8420		other	0
BIRDA	121	Sound	61	2842042	0	2			0		hit	198
BIRDA	121	Response	251	2849825	7783	4
BIRDA	122	Picture	202	2877545	0	3	2000	6	0	1920	other	0
BIRDA	123	Sound	62	2889544	0	2			0		hit	201
BIRDA	123	Response	251	2894467	4923	2
BIRDA	124	Picture	3	2925207	0	2	2000	4	0	1920	other	0
BIRDA	125	Sound	63	2937196	0	2			0		hit	204
BIRDA	125	Response	252	2945434	8238	2
BIRDA	126	Picture	4	2972202	0	3	2000	6	0	1920	other	0
BIRDA	127	Sound	64	2984189	0	2			0		hit	207
BIRDA	127	Response	252	2990977	6788	3
BIRDA	128	Picture	3	3019531	0	3	2000	6	0	1920	other	0
BIRDA	129	Sound	63	3031512	0	2			0		hit	210
BIRDA	129	Response	252	3036987	5475	2
BIRDA	130	Picture	3	3066526	0	3	2000	6	0	1920	other	0
BIRDA	131	Sound	63	3078505	0	2			0		hit	213
BIRDA	131	Response	252	3083609	5104	2
BIRDA	132	Picture	101	3113188	0	3	2001	5	0	1920	other	0
BIRDA	133	Sound	61	3125169	0	4			0		hit	216
BIRDA	133	Response	251	3131526	6357	2
BIRDA	134	Response	253	3232973	71789	5


Event Type	Code	Type	Response	RT	RT Uncertainty	Time	Uncertainty	Duration	Uncertainty	ReqTime	ReqDur

Picture	10	other				8829	3	20165	5	0	20000
Picture	10	other				29161	3	40163	5	0	40000
Picture	10	other				69490	3	40162	6	0	40000
Nothing	91	other				109659	2			0
Picture	204	other				140149	3	2001	7	0	1920
Sound	64	hit	2	4165	5	152146	2			0
Picture	202	other				186756	59	2055	62	0	1920
Sound	62	hit	1	4854	3	198751	1			0
Picture	111	other				234638	6	2001	11	0	1920
Sound	51	other				238738	1			4100
Sound	61	hit	1	7355	3	246642	1			0
Picture	204	other				280968	3	2001	6	0	1920
Sound	64	hit	2	3497	3	292947	1			0
Picture	113	other				329131	3	1999	6	0	1920
Sound	51	other				333971	2			4840
Sound	63	hit	2	4474	4	341137	2			0
Picture	202	other				375959	3	2000	6	0	1920
Sound	62	hit	1	5357	4	387950	2			0
Picture	12	other				423455	3	2000	5	0	1920
Sound	51	other				427194	2			3740
Sound	62	hit	1	5167	3	435453	1			0
Picture	4	other				470116	4	2000	7	0	1920
Sound	64	hit	2	14504	4	482116	2			0
Picture	4	other				517946	4	1999	7	0	1920
Sound	64	hit	2	10981	4	529948	2			0
Picture	23	other				565273	3	2000	7	0	1920
Sound	52	other				571423	2			6150
Sound	63	hit	2	5253	4	577270	2			0
Picture	3	other				612936	3	2000	5	0	1920
Sound	63	hit	2	5701	4	624922	2			0
Picture	1	other				659597	4	2001	7	0	1920
Sound	61	hit	1	4548	4	671586	2			0
Picture	2	other				706093	4	2000	7	0	1920
Sound	62	hit	1	4539	4	718070	2			0
Picture	101	other				753089	3	2000	5	0	1920
Sound	61	hit	1	7610	4	765093	2			0
Picture	4	other				799417	4	2001	7	0	1920
Sound	64	hit	2	6692	4	811398	2			0
Picture	4	other				846912	3	2001	6	0	1920
Sound	64	incorrect	1	10292	4	858900	2			0
Picture	1	other				893908	3	2000	6	0	1920
Sound	61	hit	1	7280	4	905893	2			0
Picture	1	other				940403	3	2000	6	0	1920
Sound	61	hit	1	3574	4	952408	2			0
Picture	101	other				987733	2	1999	6	0	1920
Sound	61	hit	1	4319	4	999730	2			0
Picture	101	other				1034561	3	2000	5	0	1920
Sound	61	hit	1	4572	4	1046543	2			0
Picture	2	other				1080889	3	2001	5	0	1920
Sound	62	hit	1	5792	6	1092879	3			0
Picture	204	other				1127219	4	1997	9	0	1920
Sound	64	hit	2	6164	4	1139213	2			0
Picture	24	other				1174046	3	2001	6	0	1920
Sound	52	other				1181066	1			7020
Sound	64	hit	2	5960	5	1186026	2			0
Picture	4	other				1220709	3	1999	7	0	1920
Sound	64	hit	2	5788	5	1232691	3			0
Picture	224	other				1268538	3	2000	6	0	1920
Sound	52	other				1274269	2			5730
Sound	64	hit	2	4727	5	1280522	3			0
Picture	1	other				1315700	3	2000	6	0	1920
Sound	61	hit	1	5806	4	1327694	2			0
Picture	212	other				1363028	3	2001	5	0	1920
Sound	51	other				1366137	2			3110
Sound	62	hit	1	4388	6	1375017	2			0
Picture	13	other				1410854	5	1930	80	0	1920
Sound	51	other				1414554	2			3700
Sound	63	hit	2	12730	4	1422848	2			0
Picture	202	other				1457519	3	1999	6	0	1920
Sound	62	hit	1	5389	5	1469512	2			0
Picture	204	other				1505014	4	2000	7	0	1920
Sound	64	hit	2	7946	4	1517014	2			0
Picture	1	other				1551509	3	2000	6	0	1920
Sound	61	hit	1	4778	4	1563498	2			0
Picture	22	other				1598005	3	2000	6	0	1920
Sound	52	other				1604095	2			6090
Sound	62	incorrect	2	10529	4	1609983	2			0
Picture	123	other				1645332	5	2002	7	0	1920
Sound	52	other				1653001	2			7670
Sound	63	incorrect	1	9033	4	1657335	2			0
Picture	2	other				1692830	3	1999	6	0	1920
Sound	62	hit	1	9428	5	1704807	2			0
Picture	103	other				1739324	3	2001	7	0	1920
Sound	63	hit	2	5598	5	1751322	1			0
Picture	204	other				1785986	3	2001	5	0	1920
Sound	64	incorrect	1	11147	5	1797986	3			0
Picture	214	other				1833981	3	2001	6	0	1920
Sound	51	other				1838251	2			4270
Sound	64	hit	2	26514	4	1845966	2			0
Picture	202	other				1881644	3	1999	6	0	1920
Sound	62	hit	1	4719	4	1893648	2			0
Picture	101	other				1929639	3	1999	6	0	1920
Sound	61	hit	1	6417	5	1941629	3			0
Picture	2	other				1976634	3	2000	5	0	1920
Sound	62	hit	1	5059	6	1988622	2			0
Picture	202	other				2024297	3	1999	5	0	1920
Sound	62	hit	1	5066	4	2036304	2			0
Picture	1	other				2072291	4	1999	9	0	1920
Sound	61	hit	1	9265	5	2084285	3			0
Picture	2	other				2118786	3	2000	11	0	1920
Sound	62	hit	1	4850	5	2130769	2			0
Picture	204	other				2165615	3	2000	7	0	1920
Sound	64	hit	2	8098	3	2177613	1			0
Picture	14	other				2212444	3	2000	6	0	1920
Sound	51	other				2216954	2			4510
Sound	64	hit	2	4551	5	2224426	2			0
Picture	222	other				2260105	4	2001	6	0	1920
Sound	52	other				2268075	2			7970
Sound	62	hit	1	7104	4	2272108	2			0
Picture	103	other				2307102	3	2000	5	0	1920
Sound	63	hit	2	4917	4	2319101	2			0
Picture	2	other				2354930	4	2000	7	0	1920
Sound	62	hit	1	3821	4	2366932	2			0
Picture	103	other				2402759	3	1999	6	0	1920
Sound	63	hit	2	9773	4	2414764	2			0
Picture	11	other				2450754	2	2000	5	0	1920
Sound	51	other				2454543	2			3790
Sound	61	hit	1	3758	4	2462744	2			0
Picture	103	other				2498082	4	1999	8	0	1920
Sound	63	incorrect	1	7104	4	2510067	2			0
Picture	3	other				2545745	3	1999	6	0	1920
Sound	63	hit	2	13420	4	2557748	2			0
Picture	103	other				2593574	2	1999	5	0	1920
Sound	63	hit	2	4726	6	2605580	4			0
Picture	121	other				2639901	3	2001	6	0	1920
Sound	52	other				2645540	3			5640
Sound	61	hit	1	3836	4	2651885	2			0
Picture	103	other				2688064	3	1999	6	0	1920
Sound	63	hit	2	8449	4	2700045	2			0
Picture	3	other				2735560	2	1998	5	0	1920
Sound	63	hit	2	5435	5	2747548	3			0
Picture	101	other				2783552	5	2000	9	0	1920
Sound	61	hit	1	4783	4	2795558	2			0
Picture	21	other				2830050	4	1999	7	0	1920
Sound	52	other				2838469	2			8420
Sound	61	hit	1	7783	6	2842042	2			0
Picture	202	other				2877545	3	2000	6	0	1920
Sound	62	hit	1	4923	4	2889544	2			0
Picture	3	other				2925207	2	2000	4	0	1920
Sound	63	hit	2	8238	4	2937196	2			0
Picture	4	other				2972202	3	2000	6	0	1920
Sound	64	hit	2	6788	5	2984189	2			0
Picture	3	other				3019531	3	2000	6	0	1920
Sound	63	hit	2	5475	4	3031512	2			0
Picture	3	other				3066526	3	2000	6	0	1920
Sound	63	hit	2	5104	4	3078505	2			0
Picture	101	other				3113188	3	2001	5	0	1920
Sound	61	hit	1	6357	6	3125169	4			0
