Scenario - 17_March_2015
Logfile written - 03/06/2017 11:19:47

Subject	Trial	Event Type	Code	Time	TTime	Uncertainty	Duration	Uncertainty	ReqTime	ReqDur	Stim Type	Pair Index

BIRDA	1	Response	253	33949	43617	5
BIRDA	2	Picture	10	33993	0	3	20165	5	0	20000	other	0
BIRDA	3	Picture	10	54325	0	3	40162	5	0	40000	other	0
BIRDA	3	Response	251	74073	19748	2
BIRDA	4	Picture	10	94654	0	2	40162	6	0	40000	other	0
BIRDA	4	Response	252	110079	15425	2
BIRDA	5	Nothing	91	134825	0	1			0		other	0
BIRDA	6	Picture	12	165313	0	3	2000	6	0	1920	other	0
BIRDA	6	Sound	51	170423	5110	2			5110		other	0
BIRDA	7	Sound	62	177320	0	1			0		hit	11
BIRDA	7	Response	251	186693	9373	2
BIRDA	8	Picture	3	211955	0	23	2018	28	0	1920	other	0
BIRDA	9	Sound	63	223953	0	2			0		hit	14
BIRDA	9	Response	252	229051	5098	3
BIRDA	10	Picture	22	259471	0	4	2000	9	0	1920	other	0
BIRDA	10	Sound	52	267711	8240	1			8240		other	0
BIRDA	11	Sound	62	271455	0	2			0		hit	18
BIRDA	11	Response	251	276802	5347	4
BIRDA	12	Picture	204	305800	0	3	1999	5	0	1920	other	0
BIRDA	13	Sound	64	317791	0	4			0		hit	21
BIRDA	13	Response	252	322557	4766	3
BIRDA	14	Picture	204	352387	0	79	2074	82	0	1920	other	0
BIRDA	15	Sound	64	364365	0	1			0		hit	24
BIRDA	15	Response	252	371099	6734	4
BIRDA	16	Picture	2	399957	0	3	2000	5	0	1920	other	0
BIRDA	17	Sound	62	411956	0	2			0		hit	27
BIRDA	17	Response	251	417077	5121	3
BIRDA	18	Picture	2	446785	0	3	2001	5	0	1920	other	0
BIRDA	19	Sound	62	458770	0	2			0		hit	30
BIRDA	19	Response	251	463775	5005	2
BIRDA	20	Picture	204	493114	0	4	2000	7	0	1920	other	0
BIRDA	21	Sound	64	505105	0	3			0		hit	33
BIRDA	21	Response	252	510912	5807	4
BIRDA	22	Picture	1	539441	0	5	2001	9	0	1920	other	0
BIRDA	23	Sound	61	551439	0	2			0		hit	36
BIRDA	23	Response	251	555599	4160	2
BIRDA	24	Picture	123	586771	0	3	2000	6	0	1920	other	0
BIRDA	24	Sound	52	593840	7069	2			7070		other	0
BIRDA	25	Sound	63	598762	0	4			0		hit	40
BIRDA	25	Response	252	610041	11279	2
BIRDA	26	Picture	103	633214	0	59	2052	62	0	1920	other	0
BIRDA	27	Sound	63	645216	0	2			0		hit	43
BIRDA	27	Response	252	651784	6568	2
BIRDA	28	Picture	11	680762	0	3	2001	5	0	1920	other	0
BIRDA	28	Sound	51	685401	4639	2			4640		other	0
BIRDA	29	Sound	61	692748	0	2			0		hit	47
BIRDA	29	Response	251	697619	4871	2
BIRDA	30	Picture	202	727925	0	2	1999	7	0	1920	other	0
BIRDA	31	Sound	62	739921	0	2			0		hit	50
BIRDA	31	Response	251	745279	5358	3
BIRDA	32	Picture	204	775086	0	3	2001	5	0	1920	other	0
BIRDA	33	Sound	64	787094	0	6			0		hit	53
BIRDA	33	Response	252	792904	5810	2
BIRDA	34	Picture	101	821415	0	3	2000	6	0	1920	other	0
BIRDA	35	Sound	61	833399	0	1			0		hit	56
BIRDA	35	Response	251	839463	6064	2
BIRDA	36	Picture	4	868077	0	3	2000	5	0	1920	other	0
BIRDA	37	Sound	64	880062	0	2			0		hit	59
BIRDA	37	Response	252	886204	6142	2
BIRDA	38	Picture	1	914407	0	2	1999	5	0	1920	other	0
BIRDA	39	Sound	61	926397	0	2			0		hit	62
BIRDA	39	Response	251	934014	7617	2
BIRDA	40	Picture	1	961735	0	3	1999	6	0	1920	other	0
BIRDA	41	Sound	61	973719	0	2			0		hit	65
BIRDA	41	Response	251	979171	5452	2
BIRDA	42	Picture	103	1009230	0	3	2000	6	0	1920	other	0
BIRDA	43	Sound	63	1021222	0	2			0		hit	68
BIRDA	43	Response	252	1029012	7790	3
BIRDA	44	Picture	202	1056726	0	4	1999	6	0	1920	other	0
BIRDA	45	Sound	62	1068724	0	2			0		hit	71
BIRDA	45	Response	251	1074290	5566	2
BIRDA	46	Picture	103	1103054	0	3	2000	6	0	1920	other	0
BIRDA	47	Sound	63	1115031	0	2			0		hit	74
BIRDA	47	Response	252	1121761	6730	2
BIRDA	48	Picture	2	1149382	0	3	2001	5	0	1920	other	0
BIRDA	49	Sound	62	1161366	0	2			0		hit	77
BIRDA	49	Response	251	1166891	5525	2
BIRDA	50	Picture	204	1197378	0	3	1999	6	0	1920	other	0
BIRDA	51	Sound	64	1209376	0	2			0		hit	80
BIRDA	51	Response	252	1219122	9746	2
BIRDA	52	Picture	103	1244207	0	3	2000	5	0	1920	other	0
BIRDA	53	Sound	63	1256191	0	1			0		hit	83
BIRDA	53	Response	252	1261532	5341	3
BIRDA	54	Picture	101	1291369	0	3	2000	6	0	1920	other	0
BIRDA	55	Sound	61	1303363	0	2			0		hit	86
BIRDA	55	Response	251	1309363	6000	2
BIRDA	56	Picture	3	1338364	0	3	2000	6	0	1920	other	0
BIRDA	57	Sound	63	1350356	0	5			0		hit	89
BIRDA	57	Response	252	1359139	8783	2
BIRDA	58	Picture	103	1385360	0	2	1933	70	0	1920	other	0
BIRDA	59	Sound	63	1397349	0	2			0		hit	92
BIRDA	59	Response	252	1401507	4158	2
BIRDA	60	Picture	23	1432021	0	3	2000	6	0	1920	other	0
BIRDA	60	Sound	52	1438441	6420	1			6420		other	0
BIRDA	61	Sound	63	1444014	0	1			0		hit	96
BIRDA	61	Response	252	1449232	5218	2
BIRDA	62	Picture	24	1480016	0	3	2000	6	0	1920	other	0
BIRDA	62	Sound	52	1486306	6290	2			6290		other	0
BIRDA	63	Sound	64	1491995	0	3			0		hit	100
BIRDA	63	Response	252	1499380	7385	3
BIRDA	64	Picture	3	1527678	0	3	2001	7	0	1920	other	0
BIRDA	65	Sound	63	1539676	0	2			0		hit	103
BIRDA	65	Response	252	1545469	5793	2
BIRDA	66	Picture	4	1574507	0	3	2000	5	0	1920	other	0
BIRDA	67	Sound	64	1586490	0	3			0		hit	106
BIRDA	67	Response	252	1592317	5827	2
BIRDA	68	Picture	2	1622002	0	3	2000	6	0	1920	other	0
BIRDA	69	Sound	62	1633992	0	3			0		hit	109
BIRDA	69	Response	251	1637750	3758	2
BIRDA	70	Picture	202	1668831	0	5	1999	8	0	1920	other	0
BIRDA	71	Sound	62	1680836	0	3			0		incorrect	112
BIRDA	71	Response	252	1693174	12338	2
BIRDA	72	Picture	101	1715660	0	2	2000	5	0	1920	other	0
BIRDA	73	Sound	61	1727649	0	3			0		hit	115
BIRDA	73	Response	251	1736019	8370	2
BIRDA	74	Picture	4	1763489	0	3	1999	5	0	1920	other	0
BIRDA	75	Sound	64	1775480	0	2			0		hit	118
BIRDA	75	Response	252	1781782	6302	2
BIRDA	76	Picture	212	1809984	0	3	2000	6	0	1920	other	0
BIRDA	76	Sound	51	1814614	4630	2			4630		other	0
BIRDA	77	Sound	62	1821964	0	2			0		hit	122
BIRDA	77	Response	251	1826664	4700	4
BIRDA	78	Picture	101	1856979	0	3	2000	6	0	1920	other	0
BIRDA	79	Sound	61	1868958	0	2			0		hit	125
BIRDA	79	Response	251	1882361	13403	2
BIRDA	80	Picture	1	1905141	0	3	2000	6	0	1920	other	0
BIRDA	81	Sound	61	1917118	0	2			0		hit	128
BIRDA	81	Response	251	1923472	6354	2
BIRDA	82	Picture	224	1952303	0	3	2000	6	0	1920	other	0
BIRDA	82	Sound	52	1958412	6109	2			6110		other	0
BIRDA	83	Sound	64	1964291	0	3			0		hit	132
BIRDA	83	Response	252	1969470	5179	3
BIRDA	84	Picture	13	1999632	0	3	1999	6	0	1920	other	0
BIRDA	84	Sound	51	2003041	3409	2			3410		other	0
BIRDA	85	Sound	63	2011613	0	2			0		hit	136
BIRDA	85	Response	252	2017796	6183	2
BIRDA	86	Picture	101	2047460	0	3	2000	6	0	1920	other	0
BIRDA	87	Sound	61	2059445	0	2			0		hit	139
BIRDA	87	Response	251	2066008	6563	2
BIRDA	88	Picture	2	2094956	0	3	1999	6	0	1920	other	0
BIRDA	89	Sound	62	2106947	0	2			0		hit	142
BIRDA	89	Response	251	2112079	5132	2
BIRDA	90	Picture	121	2143118	0	3	2000	5	0	1920	other	0
BIRDA	90	Sound	52	2148777	5659	2			5660		other	0
BIRDA	91	Sound	61	2155107	0	2			0		hit	146
BIRDA	91	Response	251	2159640	4533	2
BIRDA	92	Picture	202	2190946	0	3	2000	5	0	1920	other	0
BIRDA	93	Sound	62	2202938	0	2			0		hit	149
BIRDA	93	Response	251	2208096	5158	2
BIRDA	94	Picture	4	2238108	0	4	2000	7	0	1920	other	0
BIRDA	95	Sound	64	2250112	0	3			0		hit	152
BIRDA	95	Response	252	2254947	4835	2
BIRDA	96	Picture	3	2286104	0	3	1999	6	0	1920	other	0
BIRDA	97	Sound	63	2298092	0	2			0		hit	155
BIRDA	97	Response	252	2307518	9426	2
BIRDA	98	Picture	2	2332265	0	3	2000	6	0	1920	other	0
BIRDA	99	Sound	62	2344247	0	2			0		hit	158
BIRDA	99	Response	251	2350352	6105	3
BIRDA	100	Picture	222	2378928	0	2	1999	5	0	1920	other	0
BIRDA	100	Sound	52	2387198	8270	1			8270		other	0
BIRDA	101	Sound	62	2390911	0	2			0		hit	162
BIRDA	101	Response	251	2396479	5568	3
BIRDA	102	Picture	101	2425256	0	3	2001	5	0	1920	other	0
BIRDA	103	Sound	61	2437246	0	2			0		hit	165
BIRDA	103	Response	251	2445247	8001	3
BIRDA	104	Picture	103	2472251	0	3	2001	6	0	1920	other	0
BIRDA	105	Sound	63	2484239	0	2			0		hit	168
BIRDA	105	Response	252	2492758	8519	2
BIRDA	106	Picture	111	2519914	0	3	1999	6	0	1920	other	0
BIRDA	106	Sound	51	2522754	2840	1			2840		other	0
BIRDA	107	Sound	61	2531891	0	2			0		hit	172
BIRDA	107	Response	251	2536475	4584	2
BIRDA	108	Picture	204	2567743	0	2	1999	5	0	1920	other	0
BIRDA	109	Sound	64	2579722	0	2			0		incorrect	175
BIRDA	109	Response	251	2588538	8816	2
BIRDA	110	Picture	14	2614738	0	3	1999	6	0	1920	other	0
BIRDA	110	Sound	51	2619237	4499	2			4500		other	0
BIRDA	111	Sound	64	2626715	0	2			0		hit	179
BIRDA	111	Response	252	2636563	9848	4
BIRDA	112	Picture	3	2661733	0	3	1998	7	0	1920	other	0
BIRDA	113	Sound	63	2673738	0	2			0		hit	182
BIRDA	113	Response	252	2678496	4758	2
BIRDA	114	Picture	202	2709394	0	3	2000	7	0	1920	other	0
BIRDA	115	Sound	62	2721390	0	2			0		hit	185
BIRDA	115	Response	251	2726761	5371	2
BIRDA	116	Picture	3	2756889	0	5	2001	8	0	1920	other	0
BIRDA	117	Sound	63	2768892	0	2			0		hit	188
BIRDA	117	Response	252	2776390	7498	3
BIRDA	118	Picture	4	2803385	0	5	1999	9	0	1920	other	0
BIRDA	119	Sound	64	2815377	0	3			0		hit	191
BIRDA	119	Response	252	2821020	5643	2
BIRDA	120	Picture	113	2850048	0	3	1999	6	0	1920	other	0
BIRDA	120	Sound	51	2854957	4909	2			4910		other	0
BIRDA	121	Sound	63	2862040	0	2			0		hit	195
BIRDA	121	Response	252	2878037	15997	3
BIRDA	122	Picture	1	2898210	0	3	2000	6	0	1920	other	0
BIRDA	123	Sound	61	2910201	0	2			0		hit	198
BIRDA	123	Response	251	2914542	4341	3
BIRDA	124	Picture	21	2946038	0	3	2000	6	0	1920	other	0
BIRDA	124	Sound	52	2953758	7720	1			7720		other	0
BIRDA	125	Sound	61	2958032	0	2			0		hit	202
BIRDA	125	Response	251	2968818	10786	2
BIRDA	126	Picture	1	2993532	0	6	2001	9	0	1920	other	0
BIRDA	127	Sound	61	3005534	0	2			0		hit	205
BIRDA	127	Response	251	3012087	6553	2
BIRDA	128	Picture	214	3041362	0	2	2000	4	0	1920	other	0
BIRDA	128	Sound	51	3043902	2540	1			2540		other	0
BIRDA	129	Sound	64	3053366	0	3			0		hit	209
BIRDA	129	Response	252	3060139	6773	2
BIRDA	130	Picture	4	3088691	0	2	2000	6	0	1920	other	0
BIRDA	131	Sound	64	3100688	0	2			0		hit	212
BIRDA	131	Response	252	3111763	11075	4
BIRDA	132	Picture	202	3136852	0	3	1999	7	0	1920	other	0
BIRDA	133	Sound	62	3148849	0	2			0		hit	215
BIRDA	133	Response	251	3152752	3903	2
BIRDA	134	Response	251	3470246	286898	2
BIRDA	134	Response	253	3597207	413859	2


Event Type	Code	Type	Response	RT	RT Uncertainty	Time	Uncertainty	Duration	Uncertainty	ReqTime	ReqDur

Picture	10	other				33993	3	20165	5	0	20000
Picture	10	other				54325	3	40162	5	0	40000
Picture	10	other				94654	2	40162	6	0	40000
Nothing	91	other				134825	1			0
Picture	12	other				165313	3	2000	6	0	1920
Sound	51	other				170423	2			5110
Sound	62	hit	1	9373	3	177320	1			0
Picture	3	other				211955	23	2018	28	0	1920
Sound	63	hit	2	5098	5	223953	2			0
Picture	22	other				259471	4	2000	9	0	1920
Sound	52	other				267711	1			8240
Sound	62	hit	1	5347	6	271455	2			0
Picture	204	other				305800	3	1999	5	0	1920
Sound	64	hit	2	4766	7	317791	4			0
Picture	204	other				352387	79	2074	82	0	1920
Sound	64	hit	2	6734	5	364365	1			0
Picture	2	other				399957	3	2000	5	0	1920
Sound	62	hit	1	5121	5	411956	2			0
Picture	2	other				446785	3	2001	5	0	1920
Sound	62	hit	1	5005	4	458770	2			0
Picture	204	other				493114	4	2000	7	0	1920
Sound	64	hit	2	5807	7	505105	3			0
Picture	1	other				539441	5	2001	9	0	1920
Sound	61	hit	1	4160	4	551439	2			0
Picture	123	other				586771	3	2000	6	0	1920
Sound	52	other				593840	2			7070
Sound	63	hit	2	11279	6	598762	4			0
Picture	103	other				633214	59	2052	62	0	1920
Sound	63	hit	2	6568	4	645216	2			0
Picture	11	other				680762	3	2001	5	0	1920
Sound	51	other				685401	2			4640
Sound	61	hit	1	4871	4	692748	2			0
Picture	202	other				727925	2	1999	7	0	1920
Sound	62	hit	1	5358	5	739921	2			0
Picture	204	other				775086	3	2001	5	0	1920
Sound	64	hit	2	5810	8	787094	6			0
Picture	101	other				821415	3	2000	6	0	1920
Sound	61	hit	1	6064	3	833399	1			0
Picture	4	other				868077	3	2000	5	0	1920
Sound	64	hit	2	6142	4	880062	2			0
Picture	1	other				914407	2	1999	5	0	1920
Sound	61	hit	1	7617	4	926397	2			0
Picture	1	other				961735	3	1999	6	0	1920
Sound	61	hit	1	5452	4	973719	2			0
Picture	103	other				1009230	3	2000	6	0	1920
Sound	63	hit	2	7790	5	1021222	2			0
Picture	202	other				1056726	4	1999	6	0	1920
Sound	62	hit	1	5566	4	1068724	2			0
Picture	103	other				1103054	3	2000	6	0	1920
Sound	63	hit	2	6730	4	1115031	2			0
Picture	2	other				1149382	3	2001	5	0	1920
Sound	62	hit	1	5525	4	1161366	2			0
Picture	204	other				1197378	3	1999	6	0	1920
Sound	64	hit	2	9746	4	1209376	2			0
Picture	103	other				1244207	3	2000	5	0	1920
Sound	63	hit	2	5341	4	1256191	1			0
Picture	101	other				1291369	3	2000	6	0	1920
Sound	61	hit	1	6000	4	1303363	2			0
Picture	3	other				1338364	3	2000	6	0	1920
Sound	63	hit	2	8783	7	1350356	5			0
Picture	103	other				1385360	2	1933	70	0	1920
Sound	63	hit	2	4158	4	1397349	2			0
Picture	23	other				1432021	3	2000	6	0	1920
Sound	52	other				1438441	1			6420
Sound	63	hit	2	5218	3	1444014	1			0
Picture	24	other				1480016	3	2000	6	0	1920
Sound	52	other				1486306	2			6290
Sound	64	hit	2	7385	6	1491995	3			0
Picture	3	other				1527678	3	2001	7	0	1920
Sound	63	hit	2	5793	4	1539676	2			0
Picture	4	other				1574507	3	2000	5	0	1920
Sound	64	hit	2	5827	5	1586490	3			0
Picture	2	other				1622002	3	2000	6	0	1920
Sound	62	hit	1	3758	5	1633992	3			0
Picture	202	other				1668831	5	1999	8	0	1920
Sound	62	incorrect	2	12338	5	1680836	3			0
Picture	101	other				1715660	2	2000	5	0	1920
Sound	61	hit	1	8370	5	1727649	3			0
Picture	4	other				1763489	3	1999	5	0	1920
Sound	64	hit	2	6302	4	1775480	2			0
Picture	212	other				1809984	3	2000	6	0	1920
Sound	51	other				1814614	2			4630
Sound	62	hit	1	4700	6	1821964	2			0
Picture	101	other				1856979	3	2000	6	0	1920
Sound	61	hit	1	13403	4	1868958	2			0
Picture	1	other				1905141	3	2000	6	0	1920
Sound	61	hit	1	6354	4	1917118	2			0
Picture	224	other				1952303	3	2000	6	0	1920
Sound	52	other				1958412	2			6110
Sound	64	hit	2	5179	6	1964291	3			0
Picture	13	other				1999632	3	1999	6	0	1920
Sound	51	other				2003041	2			3410
Sound	63	hit	2	6183	4	2011613	2			0
Picture	101	other				2047460	3	2000	6	0	1920
Sound	61	hit	1	6563	4	2059445	2			0
Picture	2	other				2094956	3	1999	6	0	1920
Sound	62	hit	1	5132	4	2106947	2			0
Picture	121	other				2143118	3	2000	5	0	1920
Sound	52	other				2148777	2			5660
Sound	61	hit	1	4533	4	2155107	2			0
Picture	202	other				2190946	3	2000	5	0	1920
Sound	62	hit	1	5158	4	2202938	2			0
Picture	4	other				2238108	4	2000	7	0	1920
Sound	64	hit	2	4835	5	2250112	3			0
Picture	3	other				2286104	3	1999	6	0	1920
Sound	63	hit	2	9426	4	2298092	2			0
Picture	2	other				2332265	3	2000	6	0	1920
Sound	62	hit	1	6105	5	2344247	2			0
Picture	222	other				2378928	2	1999	5	0	1920
Sound	52	other				2387198	1			8270
Sound	62	hit	1	5568	5	2390911	2			0
Picture	101	other				2425256	3	2001	5	0	1920
Sound	61	hit	1	8001	5	2437246	2			0
Picture	103	other				2472251	3	2001	6	0	1920
Sound	63	hit	2	8519	4	2484239	2			0
Picture	111	other				2519914	3	1999	6	0	1920
Sound	51	other				2522754	1			2840
Sound	61	hit	1	4584	4	2531891	2			0
Picture	204	other				2567743	2	1999	5	0	1920
Sound	64	incorrect	1	8816	4	2579722	2			0
Picture	14	other				2614738	3	1999	6	0	1920
Sound	51	other				2619237	2			4500
Sound	64	hit	2	9848	6	2626715	2			0
Picture	3	other				2661733	3	1998	7	0	1920
Sound	63	hit	2	4758	4	2673738	2			0
Picture	202	other				2709394	3	2000	7	0	1920
Sound	62	hit	1	5371	4	2721390	2			0
Picture	3	other				2756889	5	2001	8	0	1920
Sound	63	hit	2	7498	5	2768892	2			0
Picture	4	other				2803385	5	1999	9	0	1920
Sound	64	hit	2	5643	5	2815377	3			0
Picture	113	other				2850048	3	1999	6	0	1920
Sound	51	other				2854957	2			4910
Sound	63	hit	2	15997	5	2862040	2			0
Picture	1	other				2898210	3	2000	6	0	1920
Sound	61	hit	1	4341	5	2910201	2			0
Picture	21	other				2946038	3	2000	6	0	1920
Sound	52	other				2953758	1			7720
Sound	61	hit	1	10786	4	2958032	2			0
Picture	1	other				2993532	6	2001	9	0	1920
Sound	61	hit	1	6553	4	3005534	2			0
Picture	214	other				3041362	2	2000	4	0	1920
Sound	51	other				3043902	1			2540
Sound	64	hit	2	6773	5	3053366	3			0
Picture	4	other				3088691	2	2000	6	0	1920
Sound	64	hit	2	11075	6	3100688	2			0
Picture	202	other				3136852	3	1999	7	0	1920
Sound	62	hit	1	3903	4	3148849	2			0

The following output port codes were not sent because of a conflict on the port.
Port	Code	Time(ms)
1	90	3399.5
