Scenario - 17_March_2015
Logfile written - 03/06/2017 10:32:44

Subject	Trial	Event Type	Code	Time	TTime	Uncertainty	Duration	Uncertainty	ReqTime	ReqDur	Stim Type	Pair Index

BIRDA	1	Response	253	14194	23862	5
BIRDA	2	Picture	10	14329	0	3	20165	5	0	20000	other	0
BIRDA	3	Picture	10	34660	0	3	40163	6	0	40000	other	0
BIRDA	3	Response	251	57966	23306	2
BIRDA	4	Picture	10	74989	0	3	40163	7	0	40000	other	0
BIRDA	4	Response	252	90389	15400	2
BIRDA	5	Nothing	91	115160	0	2			0		other	0
BIRDA	6	Picture	103	145649	0	3	2000	6	0	1920	other	0
BIRDA	7	Sound	63	157655	0	3			0		hit	10
BIRDA	7	Response	252	162907	5252	3
BIRDA	8	Picture	202	191977	0	3	2000	6	0	1920	other	0
BIRDA	9	Sound	62	203959	0	2			0		hit	13
BIRDA	9	Response	251	209885	5926	2
BIRDA	10	Picture	204	238305	0	4	2001	8	0	1920	other	0
BIRDA	11	Sound	64	250294	0	3			0		hit	16
BIRDA	11	Response	252	260890	10596	4
BIRDA	12	Picture	111	286302	0	7	2000	9	0	1920	other	0
BIRDA	12	Sound	51	290641	4339	2			4340		other	0
BIRDA	13	Sound	61	298305	0	1			0		hit	20
BIRDA	13	Response	251	304727	6422	2
BIRDA	14	Picture	222	334297	0	2	2000	4	0	1920	other	0
BIRDA	14	Sound	52	341096	6799	2			6800		other	0
BIRDA	15	Sound	62	346285	0	2			0		hit	24
BIRDA	15	Response	251	352271	5986	3
BIRDA	16	Picture	3	380792	0	3	2000	5	0	1920	other	0
BIRDA	17	Sound	63	392770	0	2			0		incorrect	27
BIRDA	17	Response	251	401234	8464	3
BIRDA	18	Picture	103	428119	0	5	2002	8	0	1920	other	0
BIRDA	19	Sound	63	440122	0	2			0		incorrect	30
BIRDA	19	Response	251	447590	7468	2
BIRDA	20	Picture	202	475283	0	3	2000	6	0	1920	other	0
BIRDA	21	Sound	62	487265	0	2			0		hit	33
BIRDA	21	Response	251	494049	6784	2
BIRDA	22	Picture	3	523278	0	3	2000	5	0	1920	other	0
BIRDA	23	Sound	63	535276	0	2			0		hit	36
BIRDA	23	Response	252	548170	12894	2
BIRDA	24	Picture	1	569774	0	3	2000	6	0	1920	other	0
BIRDA	25	Sound	61	581760	0	2			0		hit	39
BIRDA	25	Response	251	587273	5513	2
BIRDA	26	Picture	23	617603	0	3	1999	6	0	1920	other	0
BIRDA	26	Sound	52	625641	8038	4			8040		other	0
BIRDA	27	Sound	63	629592	0	2			0		incorrect	43
BIRDA	27	Response	251	639709	10117	4
BIRDA	27	Response	251	648605	19013	2
BIRDA	27	Response	252	649740	20148	2
BIRDA	28	Picture	12	664762	0	5	2002	8	0	1920	other	0
BIRDA	28	Sound	51	669372	4610	3			4610		other	0
BIRDA	29	Sound	62	676764	0	2			0		hit	49
BIRDA	29	Response	251	682966	6202	2
BIRDA	30	Picture	4	712092	0	3	2001	6	0	1920	other	0
BIRDA	31	Sound	64	724087	0	2			0		hit	52
BIRDA	31	Response	252	735686	11599	2
BIRDA	32	Picture	1	758921	0	3	2000	6	0	1920	other	0
BIRDA	33	Sound	61	770900	0	2			0		hit	55
BIRDA	33	Response	251	776097	5197	2
BIRDA	34	Picture	2	806417	0	2	2000	5	0	1920	other	0
BIRDA	35	Sound	62	818402	0	2			0		hit	58
BIRDA	35	Response	251	824773	6371	2
BIRDA	36	Picture	202	853579	0	3	1999	7	0	1920	other	0
BIRDA	37	Sound	62	865575	0	2			0		hit	61
BIRDA	37	Response	251	871300	5725	2
BIRDA	38	Picture	11	901407	0	3	2001	5	0	1920	other	0
BIRDA	38	Sound	51	905557	4150	2			4150		other	0
BIRDA	39	Sound	61	913406	0	2			0		hit	65
BIRDA	39	Response	251	920045	6639	2
BIRDA	40	Picture	1	949235	0	4	2001	7	0	1920	other	0
BIRDA	41	Sound	61	961238	0	2			0		hit	68
BIRDA	41	Response	251	966484	5246	2
BIRDA	42	Picture	2	996398	0	3	2000	6	0	1920	other	0
BIRDA	43	Sound	62	1008380	0	2			0		hit	71
BIRDA	43	Response	251	1012701	4321	2
BIRDA	44	Picture	24	1042727	0	3	2000	5	0	1920	other	0
BIRDA	44	Sound	52	1048967	6240	2			6240		other	0
BIRDA	45	Sound	64	1054715	0	2			0		hit	75
BIRDA	45	Response	252	1065881	11166	3
BIRDA	46	Picture	14	1089222	0	3	2000	6	0	1920	other	0
BIRDA	46	Sound	51	1091991	2769	2			2770		other	0
BIRDA	47	Sound	64	1101199	0	2			0		hit	79
BIRDA	47	Response	252	1106102	4903	2
BIRDA	48	Picture	4	1137384	0	3	2000	5	0	1920	other	0
BIRDA	49	Sound	64	1149390	0	4			0		hit	82
BIRDA	49	Response	252	1155161	5771	2
BIRDA	50	Picture	101	1184213	0	3	2000	6	0	1920	other	0
BIRDA	51	Sound	61	1196204	0	2			0		hit	85
BIRDA	51	Response	251	1201275	5071	3
BIRDA	52	Picture	204	1232042	0	3	1999	7	0	1920	other	0
BIRDA	53	Sound	64	1244035	0	2			0		hit	88
BIRDA	53	Response	252	1255118	11083	3
BIRDA	54	Picture	101	1280203	0	3	2000	6	0	1920	other	0
BIRDA	55	Sound	61	1292195	0	2			0		hit	91
BIRDA	55	Response	251	1299961	7766	2
BIRDA	56	Picture	1	1327699	0	3	2000	5	0	1920	other	0
BIRDA	57	Sound	61	1339698	0	1			0		hit	94
BIRDA	57	Response	251	1345689	5991	2
BIRDA	58	Picture	21	1374693	0	3	2001	8	0	1920	other	0
BIRDA	58	Sound	52	1382393	7700	1			7700		other	0
BIRDA	59	Sound	61	1386691	0	3			0		hit	98
BIRDA	59	Response	251	1391633	4942	3
BIRDA	60	Picture	113	1422689	0	3	2000	6	0	1920	other	0
BIRDA	60	Sound	51	1425279	2590	2			2590		other	0
BIRDA	61	Sound	63	1434671	0	2			0		hit	102
BIRDA	61	Response	252	1439028	4357	2
BIRDA	62	Picture	103	1469351	0	3	2000	5	0	1920	other	0
BIRDA	63	Sound	63	1481336	0	2			0		hit	105
BIRDA	63	Response	252	1487395	6059	2
BIRDA	64	Picture	204	1516513	0	3	1998	7	0	1920	other	0
BIRDA	65	Sound	64	1528508	0	2			0		hit	108
BIRDA	65	Response	252	1533704	5196	2
BIRDA	66	Picture	202	1563509	0	3	1999	6	0	1920	other	0
BIRDA	67	Sound	62	1575502	0	3			0		hit	111
BIRDA	67	Response	251	1581741	6239	3
BIRDA	68	Picture	4	1611337	0	2	1999	6	0	1920	other	0
BIRDA	69	Sound	64	1623333	0	2			0		hit	114
BIRDA	69	Response	252	1637686	14353	2
BIRDA	70	Picture	103	1659332	0	3	2000	6	0	1920	other	0
BIRDA	71	Sound	63	1671314	0	1			0		hit	117
BIRDA	71	Response	252	1678853	7539	3
BIRDA	72	Picture	4	1707494	0	3	2001	5	0	1920	other	0
BIRDA	73	Sound	64	1719474	0	4			0		hit	120
BIRDA	73	Response	252	1723844	4370	6
BIRDA	74	Picture	13	1754656	0	3	2000	6	0	1920	other	0
BIRDA	74	Sound	51	1759995	5339	2			5340		other	0
BIRDA	75	Sound	63	1766647	0	2			0		hit	124
BIRDA	75	Response	252	1772163	5516	2
BIRDA	76	Picture	123	1802652	0	3	1999	6	0	1920	other	0
BIRDA	76	Sound	52	1810132	7480	1			7480		other	0
BIRDA	77	Sound	63	1814658	0	2			0		hit	128
BIRDA	77	Response	252	1819361	4703	3
BIRDA	78	Picture	204	1849147	0	3	1999	7	0	1920	other	0
BIRDA	79	Sound	64	1861142	0	2			0		hit	131
BIRDA	79	Response	252	1866642	5500	2
BIRDA	80	Picture	22	1895975	0	3	2001	5	0	1920	other	0
BIRDA	80	Sound	52	1902984	7009	2			7010		other	0
BIRDA	81	Sound	62	1907956	0	2			0		hit	135
BIRDA	81	Response	251	1916402	8446	2
BIRDA	82	Picture	3	1943137	0	3	2001	6	0	1920	other	0
BIRDA	83	Sound	63	1955129	0	1			0		hit	138
BIRDA	83	Response	252	1962347	7218	2
BIRDA	84	Picture	3	1991299	0	3	2001	5	0	1920	other	0
BIRDA	85	Sound	63	2003289	0	2			0		hit	141
BIRDA	85	Response	252	2007088	3799	2
BIRDA	86	Picture	103	2038961	0	3	2000	6	0	1920	other	0
BIRDA	87	Sound	63	2050941	0	2			0		hit	144
BIRDA	87	Response	252	2055906	4965	3
BIRDA	88	Picture	4	2086124	0	2	1999	5	0	1920	other	0
BIRDA	89	Sound	64	2098114	0	2			0		hit	147
BIRDA	89	Response	252	2102756	4642	2
BIRDA	90	Picture	2	2132619	0	3	2000	5	0	1920	other	0
BIRDA	91	Sound	62	2144598	0	2			0		hit	150
BIRDA	91	Response	251	2151126	6528	3
BIRDA	92	Picture	202	2179781	0	3	2000	6	0	1920	other	0
BIRDA	93	Sound	62	2191771	0	1			0		hit	153
BIRDA	93	Response	251	2208608	16837	2
BIRDA	94	Picture	121	2226277	0	3	1999	6	0	1920	other	0
BIRDA	94	Sound	52	2232006	5729	2			5730		other	0
BIRDA	95	Sound	61	2238255	0	2			0		hit	157
BIRDA	95	Response	251	2243988	5733	3
BIRDA	96	Picture	101	2274104	0	3	2001	5	0	1920	other	0
BIRDA	97	Sound	61	2286086	0	2			0		hit	160
BIRDA	97	Response	251	2291480	5394	2
BIRDA	98	Picture	2	2321267	0	3	2000	6	0	1920	other	0
BIRDA	99	Sound	62	2333260	0	4			0		hit	163
BIRDA	99	Response	251	2343329	10069	2
BIRDA	100	Picture	212	2369429	0	3	1999	6	0	1920	other	0
BIRDA	100	Sound	51	2374458	5029	3			5030		other	0
BIRDA	101	Sound	62	2381420	0	2			0		hit	167
BIRDA	101	Response	251	2385812	4392	2
BIRDA	102	Picture	2	2415756	0	7	2000	12	0	1920	other	0
BIRDA	103	Sound	62	2427754	0	2			0		hit	170
BIRDA	103	Response	251	2433275	5521	2
BIRDA	104	Picture	4	2462753	0	2	2000	5	0	1920	other	0
BIRDA	105	Sound	64	2474748	0	2			0		hit	173
BIRDA	105	Response	252	2480036	5288	2
BIRDA	106	Picture	224	2510915	0	3	1998	7	0	1920	other	0
BIRDA	106	Sound	52	2517344	6429	3			6430		other	0
BIRDA	107	Sound	64	2522908	0	3			0		hit	177
BIRDA	107	Response	252	2527629	4721	3
BIRDA	108	Picture	2	2557577	0	2	1999	6	0	1920	other	0
BIRDA	109	Sound	62	2569572	0	2			0		hit	180
BIRDA	109	Response	251	2576148	6576	2
BIRDA	110	Picture	204	2604941	0	136	1964	139	0	1920	other	0
BIRDA	111	Sound	64	2616924	0	2			0		incorrect	183
BIRDA	111	Response	251	2625352	8428	2
BIRDA	112	Picture	101	2652567	0	3	2000	6	0	1920	other	0
BIRDA	113	Sound	61	2664546	0	2			0		hit	186
BIRDA	113	Response	251	2673310	8764	2
BIRDA	114	Picture	214	2700563	0	3	1997	8	0	1920	other	0
BIRDA	114	Sound	51	2703353	2790	2			2790		other	0
BIRDA	115	Sound	64	2712557	0	2			0		hit	190
BIRDA	115	Response	252	2718602	6045	2
BIRDA	116	Picture	202	2747392	0	2	1999	5	0	1920	other	0
BIRDA	117	Sound	62	2759371	0	2			0		hit	193
BIRDA	117	Response	251	2766215	6844	3
BIRDA	118	Picture	3	2794385	0	5	2001	9	0	1920	other	0
BIRDA	119	Sound	63	2806364	0	2			0		hit	196
BIRDA	119	Response	252	2811491	5127	2
BIRDA	120	Picture	1	2841714	0	7	2001	10	0	1920	other	0
BIRDA	121	Sound	61	2853716	0	2			0		hit	199
BIRDA	121	Response	251	2862430	8714	2
BIRDA	122	Picture	1	2889210	0	3	2000	6	0	1920	other	0
BIRDA	123	Sound	61	2901189	0	3			0		hit	202
BIRDA	123	Response	251	2914686	13497	2
BIRDA	124	Picture	3	2936707	0	2	1999	5	0	1920	other	0
BIRDA	125	Sound	63	2948690	0	2			0		hit	205
BIRDA	125	Response	252	2954565	5875	2
BIRDA	126	Picture	204	2983201	0	4	2000	7	0	1920	other	0
BIRDA	127	Sound	64	2995205	0	1			0		hit	208
BIRDA	127	Response	252	3011359	16154	2
BIRDA	128	Picture	101	3029530	0	3	2000	6	0	1920	other	0
BIRDA	129	Sound	61	3041509	0	2			0		hit	211
BIRDA	129	Response	251	3046886	5377	2
BIRDA	130	Picture	103	3075859	0	3	2000	5	0	1920	other	0
BIRDA	131	Sound	63	3087844	0	3			0		hit	214
BIRDA	131	Response	252	3096713	8869	2
BIRDA	132	Picture	101	3124021	0	2	2000	4	0	1920	other	0
BIRDA	133	Sound	61	3136005	0	3			0		hit	217
BIRDA	133	Response	251	3145883	9878	4
BIRDA	134	Response	253	3600409	429727	4


Event Type	Code	Type	Response	RT	RT Uncertainty	Time	Uncertainty	Duration	Uncertainty	ReqTime	ReqDur

Picture	10	other				14329	3	20165	5	0	20000
Picture	10	other				34660	3	40163	6	0	40000
Picture	10	other				74989	3	40163	7	0	40000
Nothing	91	other				115160	2			0
Picture	103	other				145649	3	2000	6	0	1920
Sound	63	hit	2	5252	6	157655	3			0
Picture	202	other				191977	3	2000	6	0	1920
Sound	62	hit	1	5926	4	203959	2			0
Picture	204	other				238305	4	2001	8	0	1920
Sound	64	hit	2	10596	7	250294	3			0
Picture	111	other				286302	7	2000	9	0	1920
Sound	51	other				290641	2			4340
Sound	61	hit	1	6422	3	298305	1			0
Picture	222	other				334297	2	2000	4	0	1920
Sound	52	other				341096	2			6800
Sound	62	hit	1	5986	5	346285	2			0
Picture	3	other				380792	3	2000	5	0	1920
Sound	63	incorrect	1	8464	5	392770	2			0
Picture	103	other				428119	5	2002	8	0	1920
Sound	63	incorrect	1	7468	4	440122	2			0
Picture	202	other				475283	3	2000	6	0	1920
Sound	62	hit	1	6784	4	487265	2			0
Picture	3	other				523278	3	2000	5	0	1920
Sound	63	hit	2	12894	4	535276	2			0
Picture	1	other				569774	3	2000	6	0	1920
Sound	61	hit	1	5513	4	581760	2			0
Picture	23	other				617603	3	1999	6	0	1920
Sound	52	other				625641	4			8040
Sound	63	incorrect	1	10117	6	629592	2			0
Picture	12	other				664762	5	2002	8	0	1920
Sound	51	other				669372	3			4610
Sound	62	hit	1	6202	4	676764	2			0
Picture	4	other				712092	3	2001	6	0	1920
Sound	64	hit	2	11599	4	724087	2			0
Picture	1	other				758921	3	2000	6	0	1920
Sound	61	hit	1	5197	4	770900	2			0
Picture	2	other				806417	2	2000	5	0	1920
Sound	62	hit	1	6371	4	818402	2			0
Picture	202	other				853579	3	1999	7	0	1920
Sound	62	hit	1	5725	4	865575	2			0
Picture	11	other				901407	3	2001	5	0	1920
Sound	51	other				905557	2			4150
Sound	61	hit	1	6639	4	913406	2			0
Picture	1	other				949235	4	2001	7	0	1920
Sound	61	hit	1	5246	4	961238	2			0
Picture	2	other				996398	3	2000	6	0	1920
Sound	62	hit	1	4321	4	1008380	2			0
Picture	24	other				1042727	3	2000	5	0	1920
Sound	52	other				1048967	2			6240
Sound	64	hit	2	11166	5	1054715	2			0
Picture	14	other				1089222	3	2000	6	0	1920
Sound	51	other				1091991	2			2770
Sound	64	hit	2	4903	4	1101199	2			0
Picture	4	other				1137384	3	2000	5	0	1920
Sound	64	hit	2	5771	6	1149390	4			0
Picture	101	other				1184213	3	2000	6	0	1920
Sound	61	hit	1	5071	5	1196204	2			0
Picture	204	other				1232042	3	1999	7	0	1920
Sound	64	hit	2	11083	5	1244035	2			0
Picture	101	other				1280203	3	2000	6	0	1920
Sound	61	hit	1	7766	4	1292195	2			0
Picture	1	other				1327699	3	2000	5	0	1920
Sound	61	hit	1	5991	3	1339698	1			0
Picture	21	other				1374693	3	2001	8	0	1920
Sound	52	other				1382393	1			7700
Sound	61	hit	1	4942	6	1386691	3			0
Picture	113	other				1422689	3	2000	6	0	1920
Sound	51	other				1425279	2			2590
Sound	63	hit	2	4357	4	1434671	2			0
Picture	103	other				1469351	3	2000	5	0	1920
Sound	63	hit	2	6059	4	1481336	2			0
Picture	204	other				1516513	3	1998	7	0	1920
Sound	64	hit	2	5196	4	1528508	2			0
Picture	202	other				1563509	3	1999	6	0	1920
Sound	62	hit	1	6239	6	1575502	3			0
Picture	4	other				1611337	2	1999	6	0	1920
Sound	64	hit	2	14353	4	1623333	2			0
Picture	103	other				1659332	3	2000	6	0	1920
Sound	63	hit	2	7539	4	1671314	1			0
Picture	4	other				1707494	3	2001	5	0	1920
Sound	64	hit	2	4370	10	1719474	4			0
Picture	13	other				1754656	3	2000	6	0	1920
Sound	51	other				1759995	2			5340
Sound	63	hit	2	5516	4	1766647	2			0
Picture	123	other				1802652	3	1999	6	0	1920
Sound	52	other				1810132	1			7480
Sound	63	hit	2	4703	5	1814658	2			0
Picture	204	other				1849147	3	1999	7	0	1920
Sound	64	hit	2	5500	4	1861142	2			0
Picture	22	other				1895975	3	2001	5	0	1920
Sound	52	other				1902984	2			7010
Sound	62	hit	1	8446	4	1907956	2			0
Picture	3	other				1943137	3	2001	6	0	1920
Sound	63	hit	2	7218	3	1955129	1			0
Picture	3	other				1991299	3	2001	5	0	1920
Sound	63	hit	2	3799	4	2003289	2			0
Picture	103	other				2038961	3	2000	6	0	1920
Sound	63	hit	2	4965	5	2050941	2			0
Picture	4	other				2086124	2	1999	5	0	1920
Sound	64	hit	2	4642	4	2098114	2			0
Picture	2	other				2132619	3	2000	5	0	1920
Sound	62	hit	1	6528	5	2144598	2			0
Picture	202	other				2179781	3	2000	6	0	1920
Sound	62	hit	1	16837	3	2191771	1			0
Picture	121	other				2226277	3	1999	6	0	1920
Sound	52	other				2232006	2			5730
Sound	61	hit	1	5733	5	2238255	2			0
Picture	101	other				2274104	3	2001	5	0	1920
Sound	61	hit	1	5394	4	2286086	2			0
Picture	2	other				2321267	3	2000	6	0	1920
Sound	62	hit	1	10069	6	2333260	4			0
Picture	212	other				2369429	3	1999	6	0	1920
Sound	51	other				2374458	3			5030
Sound	62	hit	1	4392	4	2381420	2			0
Picture	2	other				2415756	7	2000	12	0	1920
Sound	62	hit	1	5521	4	2427754	2			0
Picture	4	other				2462753	2	2000	5	0	1920
Sound	64	hit	2	5288	4	2474748	2			0
Picture	224	other				2510915	3	1998	7	0	1920
Sound	52	other				2517344	3			6430
Sound	64	hit	2	4721	6	2522908	3			0
Picture	2	other				2557577	2	1999	6	0	1920
Sound	62	hit	1	6576	4	2569572	2			0
Picture	204	other				2604941	136	1964	139	0	1920
Sound	64	incorrect	1	8428	4	2616924	2			0
Picture	101	other				2652567	3	2000	6	0	1920
Sound	61	hit	1	8764	4	2664546	2			0
Picture	214	other				2700563	3	1997	8	0	1920
Sound	51	other				2703353	2			2790
Sound	64	hit	2	6045	4	2712557	2			0
Picture	202	other				2747392	2	1999	5	0	1920
Sound	62	hit	1	6844	5	2759371	2			0
Picture	3	other				2794385	5	2001	9	0	1920
Sound	63	hit	2	5127	4	2806364	2			0
Picture	1	other				2841714	7	2001	10	0	1920
Sound	61	hit	1	8714	4	2853716	2			0
Picture	1	other				2889210	3	2000	6	0	1920
Sound	61	hit	1	13497	5	2901189	3			0
Picture	3	other				2936707	2	1999	5	0	1920
Sound	63	hit	2	5875	4	2948690	2			0
Picture	204	other				2983201	4	2000	7	0	1920
Sound	64	hit	2	16154	3	2995205	1			0
Picture	101	other				3029530	3	2000	6	0	1920
Sound	61	hit	1	5377	4	3041509	2			0
Picture	103	other				3075859	3	2000	5	0	1920
Sound	63	hit	2	8869	5	3087844	3			0
Picture	101	other				3124021	2	2000	4	0	1920
Sound	61	hit	1	9878	7	3136005	3			0
