Scenario - 17_March_2015
Logfile written - 03/06/2017 10:47:06

Subject	Trial	Event Type	Code	Time	TTime	Uncertainty	Duration	Uncertainty	ReqTime	ReqDur	Stim Type	Pair Index

BIRDA	1	Response	253	12140	21808	4
BIRDA	2	Picture	10	12329	0	3	20165	6	0	20000	other	0
BIRDA	3	Picture	10	32659	0	5	40164	8	0	40000	other	0
BIRDA	3	Response	251	60772	28113	2
BIRDA	4	Picture	10	72989	0	3	40164	5	0	40000	other	0
BIRDA	4	Response	252	98891	25902	2
BIRDA	5	Nothing	91	113160	0	1			0		other	0
BIRDA	6	Picture	204	143649	0	3	1999	6	0	1920	other	0
BIRDA	7	Sound	64	155649	0	2			0		hit	10
BIRDA	7	Response	252	160889	5240	3
BIRDA	8	Picture	222	190567	0	80	2077	82	0	1920	other	0
BIRDA	8	Sound	52	197967	7400	2			7400		other	0
BIRDA	9	Sound	62	202552	0	2			0		hit	14
BIRDA	9	Response	251	209046	6494	2
BIRDA	10	Picture	12	237972	0	5	1999	10	0	1920	other	0
BIRDA	10	Sound	51	242783	4811	2			4810		other	0
BIRDA	11	Sound	62	249964	0	2			0		hit	18
BIRDA	11	Response	251	256068	6104	2
BIRDA	12	Picture	204	285968	0	3	2000	6	0	1920	other	0
BIRDA	13	Sound	64	297946	0	2			0		hit	21
BIRDA	13	Response	252	302975	5029	3
BIRDA	14	Picture	22	332297	0	3	2000	6	0	1920	other	0
BIRDA	14	Sound	52	340406	8109	2			8110		other	0
BIRDA	15	Sound	62	344280	0	3			0		hit	25
BIRDA	15	Response	251	351119	6839	2
BIRDA	16	Picture	4	378792	0	4	2001	7	0	1920	other	0
BIRDA	17	Sound	64	390794	0	2			0		hit	28
BIRDA	17	Response	252	394657	3863	3
BIRDA	18	Picture	13	426953	0	5	2001	8	0	1920	other	0
BIRDA	18	Sound	51	432073	5120	2			5120		other	0
BIRDA	19	Sound	63	438955	0	2			0		hit	32
BIRDA	19	Response	252	443898	4943	2
BIRDA	20	Picture	103	473450	0	2	1999	5	0	1920	other	0
BIRDA	21	Sound	63	485439	0	2			0		hit	35
BIRDA	21	Response	252	490596	5157	2
BIRDA	22	Picture	3	520612	0	3	2000	5	0	1920	other	0
BIRDA	23	Sound	63	532612	0	2			0		hit	38
BIRDA	23	Response	252	537440	4828	2
BIRDA	24	Picture	2	568607	0	3	2000	5	0	1920	other	0
BIRDA	25	Sound	62	580593	0	2			0		hit	41
BIRDA	25	Response	251	586008	5415	2
BIRDA	26	Picture	101	615102	0	3	2000	6	0	1920	other	0
BIRDA	27	Sound	61	627107	0	2			0		hit	44
BIRDA	27	Response	251	642168	15061	2
BIRDA	28	Picture	1	662432	0	3	1999	6	0	1920	other	0
BIRDA	29	Sound	61	674430	0	2			0		hit	47
BIRDA	29	Response	251	679342	4912	2
BIRDA	30	Picture	3	710594	0	3	1998	7	0	1920	other	0
BIRDA	31	Sound	63	722591	0	3			0		hit	50
BIRDA	31	Response	252	728402	5811	2
BIRDA	32	Picture	1	757588	0	3	1999	7	0	1920	other	0
BIRDA	33	Sound	61	769583	0	2			0		hit	53
BIRDA	33	Response	251	775315	5732	2
BIRDA	34	Picture	3	804417	0	2	2000	5	0	1920	other	0
BIRDA	35	Sound	63	816397	0	3			0		hit	56
BIRDA	35	Response	252	826360	9963	3
BIRDA	36	Picture	214	851912	0	3	2001	5	0	1920	other	0
BIRDA	36	Sound	51	856462	4550	1			4550		other	0
BIRDA	37	Sound	64	863899	0	4			0		hit	60
BIRDA	37	Response	252	868794	4895	2
BIRDA	38	Picture	14	898074	0	3	2001	6	0	1920	other	0
BIRDA	38	Sound	51	903464	5390	1			5390		other	0
BIRDA	39	Sound	64	910054	0	2			0		hit	64
BIRDA	39	Response	252	915103	5049	2
BIRDA	40	Picture	202	945070	0	3	2000	5	0	1920	other	0
BIRDA	41	Sound	62	957047	0	2			0		hit	67
BIRDA	41	Response	251	961973	4926	2
BIRDA	42	Picture	4	992232	0	2	2000	4	0	1920	other	0
BIRDA	43	Sound	64	1004220	0	3			0		hit	70
BIRDA	43	Response	252	1009470	5250	2
BIRDA	44	Picture	101	1039560	0	3	2000	6	0	1920	other	0
BIRDA	45	Sound	61	1051543	0	1			0		hit	73
BIRDA	45	Response	251	1056811	5268	4
BIRDA	46	Picture	24	1086054	0	5	2002	7	0	1920	other	0
BIRDA	46	Sound	52	1091894	5840	2			5840		other	0
BIRDA	47	Sound	64	1098057	0	2			0		hit	77
BIRDA	47	Response	252	1108950	10893	2
BIRDA	48	Picture	103	1133718	0	2	1999	5	0	1920	other	0
BIRDA	49	Sound	63	1145708	0	2			0		hit	80
BIRDA	49	Response	252	1150620	4912	2
BIRDA	50	Picture	121	1181047	0	3	1999	6	0	1920	other	0
BIRDA	50	Sound	52	1189356	8309	2			8310		other	0
BIRDA	51	Sound	61	1193031	0	2			0		hit	84
BIRDA	51	Response	251	1198652	5621	2
BIRDA	52	Picture	103	1227542	0	5	2000	7	0	1920	other	0
BIRDA	53	Sound	63	1239545	0	2			0		hit	87
BIRDA	53	Response	252	1245429	5884	2
BIRDA	54	Picture	2	1274204	0	2	2000	5	0	1920	other	0
BIRDA	55	Sound	62	1286209	0	2			0		hit	90
BIRDA	55	Response	251	1291121	4912	2
BIRDA	56	Picture	111	1320867	0	3	1998	6	0	1920	other	0
BIRDA	56	Sound	51	1323907	3040	1			3040		other	0
BIRDA	57	Sound	61	1332873	0	4			0		hit	94
BIRDA	57	Response	251	1340760	7887	5
BIRDA	58	Picture	101	1367361	0	4	2000	8	0	1920	other	0
BIRDA	59	Sound	61	1379357	0	2			0		hit	97
BIRDA	59	Response	251	1385078	5721	2
BIRDA	60	Picture	103	1414357	0	3	1999	6	0	1920	other	0
BIRDA	61	Sound	63	1426350	0	2			0		hit	100
BIRDA	61	Response	252	1431787	5437	2
BIRDA	62	Picture	204	1462186	0	3	1998	7	0	1920	other	0
BIRDA	63	Sound	64	1474182	0	2			0		hit	103
BIRDA	63	Response	252	1488125	13943	2
BIRDA	64	Picture	4	1509514	0	3	2000	5	0	1920	other	0
BIRDA	65	Sound	64	1521504	0	2			0		hit	106
BIRDA	65	Response	252	1526803	5299	4
BIRDA	66	Picture	101	1556010	0	3	2000	5	0	1920	other	0
BIRDA	67	Sound	61	1567989	0	3			0		hit	109
BIRDA	67	Response	251	1573673	5684	2
BIRDA	68	Picture	202	1603337	0	5	2000	8	0	1920	other	0
BIRDA	69	Sound	62	1615341	0	2			0		hit	112
BIRDA	69	Response	251	1630079	14738	2
BIRDA	70	Picture	2	1649833	0	4	2000	6	0	1920	other	0
BIRDA	71	Sound	62	1661825	0	2			0		hit	115
BIRDA	71	Response	251	1668257	6432	2
BIRDA	72	Picture	113	1697495	0	3	2000	6	0	1920	other	0
BIRDA	72	Sound	51	1700365	2870	2			2870		other	0
BIRDA	73	Sound	63	1709477	0	2			0		hit	119
BIRDA	73	Response	252	1714270	4793	2
BIRDA	74	Picture	101	1744990	0	5	2001	7	0	1920	other	0
BIRDA	75	Sound	61	1756979	0	2			0		hit	122
BIRDA	75	Response	251	1765759	8780	2
BIRDA	76	Picture	204	1793153	0	3	2000	5	0	1920	other	0
BIRDA	77	Sound	64	1805140	0	3			0		hit	125
BIRDA	77	Response	252	1810541	5401	2
BIRDA	78	Picture	4	1839481	0	3	1999	6	0	1920	other	0
BIRDA	79	Sound	64	1851474	0	2			0		hit	128
BIRDA	79	Response	252	1862539	11065	2
BIRDA	80	Picture	103	1885810	0	3	2000	5	0	1920	other	0
BIRDA	81	Sound	63	1897809	0	4			0		hit	131
BIRDA	81	Response	252	1904149	6340	2
BIRDA	82	Picture	204	1932637	0	4	2001	7	0	1920	other	0
BIRDA	83	Sound	64	1944623	0	1			0		hit	134
BIRDA	83	Response	252	1950451	5828	2
BIRDA	84	Picture	202	1980467	0	3	2000	6	0	1920	other	0
BIRDA	85	Sound	62	1992454	0	2			0		hit	137
BIRDA	85	Response	251	1996778	4324	2
BIRDA	86	Picture	1	2027462	0	3	2000	6	0	1920	other	0
BIRDA	87	Sound	61	2039447	0	2			0		hit	140
BIRDA	87	Response	251	2047343	7896	2
BIRDA	88	Picture	2	2074958	0	3	2000	6	0	1920	other	0
BIRDA	89	Sound	62	2086949	0	2			0		hit	143
BIRDA	89	Response	251	2092453	5504	2
BIRDA	90	Picture	3	2122620	0	3	2000	5	0	1920	other	0
BIRDA	91	Sound	63	2134601	0	1			0		hit	146
BIRDA	91	Response	252	2139705	5104	2
BIRDA	92	Picture	1	2170448	0	3	2001	5	0	1920	other	0
BIRDA	93	Sound	61	2182432	0	2			0		hit	149
BIRDA	93	Response	251	2187894	5462	2
BIRDA	94	Picture	4	2217944	0	3	2000	6	0	1920	other	0
BIRDA	95	Sound	64	2229934	0	2			0		hit	152
BIRDA	95	Response	252	2235258	5324	2
BIRDA	96	Picture	3	2265772	0	3	2000	6	0	1920	other	0
BIRDA	97	Sound	63	2277765	0	2			0		hit	155
BIRDA	97	Response	252	2285907	8142	3
BIRDA	98	Picture	23	2313101	0	2	2000	5	0	1920	other	0
BIRDA	98	Sound	52	2319640	6539	4			6540		other	0
BIRDA	99	Sound	63	2325088	0	2			0		hit	159
BIRDA	99	Response	252	2329531	4443	2
BIRDA	100	Picture	3	2359429	0	4	2001	7	0	1920	other	0
BIRDA	101	Sound	63	2371423	0	3			0		hit	162
BIRDA	101	Response	252	2376768	5345	2
BIRDA	102	Picture	1	2405759	0	2	1999	5	0	1920	other	0
BIRDA	103	Sound	61	2417757	0	2			0		hit	165
BIRDA	103	Response	251	2421631	3874	2
BIRDA	104	Picture	103	2453586	0	5	2001	7	0	1920	other	0
BIRDA	105	Sound	63	2465588	0	2			0		hit	168
BIRDA	105	Response	252	2471352	5764	2
BIRDA	106	Picture	204	2500248	0	3	2001	6	0	1920	other	0
BIRDA	107	Sound	64	2512252	0	2			0		hit	171
BIRDA	107	Response	252	2523486	11234	2
BIRDA	108	Picture	202	2547578	0	2	2000	6	0	1920	other	0
BIRDA	109	Sound	62	2559575	0	2			0		hit	174
BIRDA	109	Response	251	2564838	5263	2
BIRDA	110	Picture	202	2595074	0	4	1999	7	0	1920	other	0
BIRDA	111	Sound	62	2607076	0	3			0		hit	177
BIRDA	111	Response	251	2615564	8488	2
BIRDA	112	Picture	2	2642568	0	3	1999	6	0	1920	other	0
BIRDA	113	Sound	62	2654549	0	2			0		hit	180
BIRDA	113	Response	251	2660485	5936	2
BIRDA	114	Picture	1	2689897	0	3	2000	5	0	1920	other	0
BIRDA	115	Sound	61	2701901	0	2			0		hit	183
BIRDA	115	Response	251	2708609	6708	3
BIRDA	116	Picture	224	2737725	0	3	2000	6	0	1920	other	0
BIRDA	116	Sound	52	2743345	5620	2			5620		other	0
BIRDA	117	Sound	64	2749702	0	2			0		hit	187
BIRDA	117	Response	252	2761009	11307	3
BIRDA	118	Picture	11	2784385	0	5	2001	9	0	1920	other	0
BIRDA	118	Sound	51	2789224	4839	2			4840		other	0
BIRDA	119	Sound	61	2796366	0	2			0		hit	191
BIRDA	119	Response	251	2800266	3900	2
BIRDA	120	Picture	202	2831383	0	5	2000	9	0	1920	other	0
BIRDA	121	Sound	62	2843360	0	2			0		hit	194
BIRDA	121	Response	251	2847072	3712	4
BIRDA	122	Picture	123	2878710	0	5	2001	8	0	1920	other	0
BIRDA	122	Sound	52	2887109	8399	2			8400		other	0
BIRDA	123	Sound	63	2890712	0	2			0		hit	198
BIRDA	123	Response	252	2898878	8166	2
BIRDA	124	Picture	21	2925873	0	3	2001	5	0	1920	other	0
BIRDA	124	Sound	52	2931873	6000	2			6000		other	0
BIRDA	125	Sound	61	2937855	0	4			0		hit	202
BIRDA	125	Response	251	2941686	3831	4
BIRDA	126	Picture	2	2972535	0	3	2001	5	0	1920	other	0
BIRDA	127	Sound	62	2984519	0	2			0		hit	205
BIRDA	127	Response	251	2989568	5049	2
BIRDA	128	Picture	101	3019198	0	3	1999	6	0	1920	other	0
BIRDA	129	Sound	61	3031183	0	3			0		hit	208
BIRDA	129	Response	251	3036644	5461	2
BIRDA	130	Picture	4	3067192	0	4	2001	6	0	1920	other	0
BIRDA	131	Sound	64	3079194	0	2			0		hit	211
BIRDA	131	Response	252	3084920	5726	2
BIRDA	132	Picture	212	3115189	0	3	1999	6	0	1920	other	0
BIRDA	132	Sound	51	3120038	4849	2			4850		other	0
BIRDA	133	Sound	62	3127174	0	2			0		hit	215
BIRDA	133	Response	251	3134744	7570	2
BIRDA	134	Response	253	4081140	917957	6


Event Type	Code	Type	Response	RT	RT Uncertainty	Time	Uncertainty	Duration	Uncertainty	ReqTime	ReqDur

Picture	10	other				12329	3	20165	6	0	20000
Picture	10	other				32659	5	40164	8	0	40000
Picture	10	other				72989	3	40164	5	0	40000
Nothing	91	other				113160	1			0
Picture	204	other				143649	3	1999	6	0	1920
Sound	64	hit	2	5240	5	155649	2			0
Picture	222	other				190567	80	2077	82	0	1920
Sound	52	other				197967	2			7400
Sound	62	hit	1	6494	4	202552	2			0
Picture	12	other				237972	5	1999	10	0	1920
Sound	51	other				242783	2			4810
Sound	62	hit	1	6104	4	249964	2			0
Picture	204	other				285968	3	2000	6	0	1920
Sound	64	hit	2	5029	5	297946	2			0
Picture	22	other				332297	3	2000	6	0	1920
Sound	52	other				340406	2			8110
Sound	62	hit	1	6839	5	344280	3			0
Picture	4	other				378792	4	2001	7	0	1920
Sound	64	hit	2	3863	5	390794	2			0
Picture	13	other				426953	5	2001	8	0	1920
Sound	51	other				432073	2			5120
Sound	63	hit	2	4943	4	438955	2			0
Picture	103	other				473450	2	1999	5	0	1920
Sound	63	hit	2	5157	4	485439	2			0
Picture	3	other				520612	3	2000	5	0	1920
Sound	63	hit	2	4828	4	532612	2			0
Picture	2	other				568607	3	2000	5	0	1920
Sound	62	hit	1	5415	4	580593	2			0
Picture	101	other				615102	3	2000	6	0	1920
Sound	61	hit	1	15061	4	627107	2			0
Picture	1	other				662432	3	1999	6	0	1920
Sound	61	hit	1	4912	4	674430	2			0
Picture	3	other				710594	3	1998	7	0	1920
Sound	63	hit	2	5811	5	722591	3			0
Picture	1	other				757588	3	1999	7	0	1920
Sound	61	hit	1	5732	4	769583	2			0
Picture	3	other				804417	2	2000	5	0	1920
Sound	63	hit	2	9963	6	816397	3			0
Picture	214	other				851912	3	2001	5	0	1920
Sound	51	other				856462	1			4550
Sound	64	hit	2	4895	6	863899	4			0
Picture	14	other				898074	3	2001	6	0	1920
Sound	51	other				903464	1			5390
Sound	64	hit	2	5049	4	910054	2			0
Picture	202	other				945070	3	2000	5	0	1920
Sound	62	hit	1	4926	4	957047	2			0
Picture	4	other				992232	2	2000	4	0	1920
Sound	64	hit	2	5250	5	1004220	3			0
Picture	101	other				1039560	3	2000	6	0	1920
Sound	61	hit	1	5268	5	1051543	1			0
Picture	24	other				1086054	5	2002	7	0	1920
Sound	52	other				1091894	2			5840
Sound	64	hit	2	10893	4	1098057	2			0
Picture	103	other				1133718	2	1999	5	0	1920
Sound	63	hit	2	4912	4	1145708	2			0
Picture	121	other				1181047	3	1999	6	0	1920
Sound	52	other				1189356	2			8310
Sound	61	hit	1	5621	4	1193031	2			0
Picture	103	other				1227542	5	2000	7	0	1920
Sound	63	hit	2	5884	4	1239545	2			0
Picture	2	other				1274204	2	2000	5	0	1920
Sound	62	hit	1	4912	4	1286209	2			0
Picture	111	other				1320867	3	1998	6	0	1920
Sound	51	other				1323907	1			3040
Sound	61	hit	1	7887	9	1332873	4			0
Picture	101	other				1367361	4	2000	8	0	1920
Sound	61	hit	1	5721	4	1379357	2			0
Picture	103	other				1414357	3	1999	6	0	1920
Sound	63	hit	2	5437	4	1426350	2			0
Picture	204	other				1462186	3	1998	7	0	1920
Sound	64	hit	2	13943	4	1474182	2			0
Picture	4	other				1509514	3	2000	5	0	1920
Sound	64	hit	2	5299	6	1521504	2			0
Picture	101	other				1556010	3	2000	5	0	1920
Sound	61	hit	1	5684	5	1567989	3			0
Picture	202	other				1603337	5	2000	8	0	1920
Sound	62	hit	1	14738	4	1615341	2			0
Picture	2	other				1649833	4	2000	6	0	1920
Sound	62	hit	1	6432	4	1661825	2			0
Picture	113	other				1697495	3	2000	6	0	1920
Sound	51	other				1700365	2			2870
Sound	63	hit	2	4793	4	1709477	2			0
Picture	101	other				1744990	5	2001	7	0	1920
Sound	61	hit	1	8780	4	1756979	2			0
Picture	204	other				1793153	3	2000	5	0	1920
Sound	64	hit	2	5401	5	1805140	3			0
Picture	4	other				1839481	3	1999	6	0	1920
Sound	64	hit	2	11065	4	1851474	2			0
Picture	103	other				1885810	3	2000	5	0	1920
Sound	63	hit	2	6340	6	1897809	4			0
Picture	204	other				1932637	4	2001	7	0	1920
Sound	64	hit	2	5828	3	1944623	1			0
Picture	202	other				1980467	3	2000	6	0	1920
Sound	62	hit	1	4324	4	1992454	2			0
Picture	1	other				2027462	3	2000	6	0	1920
Sound	61	hit	1	7896	4	2039447	2			0
Picture	2	other				2074958	3	2000	6	0	1920
Sound	62	hit	1	5504	4	2086949	2			0
Picture	3	other				2122620	3	2000	5	0	1920
Sound	63	hit	2	5104	3	2134601	1			0
Picture	1	other				2170448	3	2001	5	0	1920
Sound	61	hit	1	5462	4	2182432	2			0
Picture	4	other				2217944	3	2000	6	0	1920
Sound	64	hit	2	5324	4	2229934	2			0
Picture	3	other				2265772	3	2000	6	0	1920
Sound	63	hit	2	8142	5	2277765	2			0
Picture	23	other				2313101	2	2000	5	0	1920
Sound	52	other				2319640	4			6540
Sound	63	hit	2	4443	4	2325088	2			0
Picture	3	other				2359429	4	2001	7	0	1920
Sound	63	hit	2	5345	5	2371423	3			0
Picture	1	other				2405759	2	1999	5	0	1920
Sound	61	hit	1	3874	4	2417757	2			0
Picture	103	other				2453586	5	2001	7	0	1920
Sound	63	hit	2	5764	4	2465588	2			0
Picture	204	other				2500248	3	2001	6	0	1920
Sound	64	hit	2	11234	4	2512252	2			0
Picture	202	other				2547578	2	2000	6	0	1920
Sound	62	hit	1	5263	4	2559575	2			0
Picture	202	other				2595074	4	1999	7	0	1920
Sound	62	hit	1	8488	5	2607076	3			0
Picture	2	other				2642568	3	1999	6	0	1920
Sound	62	hit	1	5936	4	2654549	2			0
Picture	1	other				2689897	3	2000	5	0	1920
Sound	61	hit	1	6708	5	2701901	2			0
Picture	224	other				2737725	3	2000	6	0	1920
Sound	52	other				2743345	2			5620
Sound	64	hit	2	11307	5	2749702	2			0
Picture	11	other				2784385	5	2001	9	0	1920
Sound	51	other				2789224	2			4840
Sound	61	hit	1	3900	4	2796366	2			0
Picture	202	other				2831383	5	2000	9	0	1920
Sound	62	hit	1	3712	6	2843360	2			0
Picture	123	other				2878710	5	2001	8	0	1920
Sound	52	other				2887109	2			8400
Sound	63	hit	2	8166	4	2890712	2			0
Picture	21	other				2925873	3	2001	5	0	1920
Sound	52	other				2931873	2			6000
Sound	61	hit	1	3831	8	2937855	4			0
Picture	2	other				2972535	3	2001	5	0	1920
Sound	62	hit	1	5049	4	2984519	2			0
Picture	101	other				3019198	3	1999	6	0	1920
Sound	61	hit	1	5461	5	3031183	3			0
Picture	4	other				3067192	4	2001	6	0	1920
Sound	64	hit	2	5726	4	3079194	2			0
Picture	212	other				3115189	3	1999	6	0	1920
Sound	51	other				3120038	2			4850
Sound	62	hit	1	7570	4	3127174	2			0
