Scenario - 17_March_2015
Logfile written - 03/06/2017 10:14:31

Subject	Trial	Event Type	Code	Time	TTime	Uncertainty	Duration	Uncertainty	ReqTime	ReqDur	Stim Type	Pair Index

BIRDA	1	Response	253	7884	17551	5
BIRDA	2	Picture	10	7995	0	5	20165	8	0	20000	other	0
BIRDA	3	Picture	10	28327	0	3	40163	6	0	40000	other	0
BIRDA	3	Response	251	58407	30080	2
BIRDA	4	Picture	10	68657	0	3	40162	6	0	40000	other	0
BIRDA	4	Response	252	84409	15752	3
BIRDA	5	Nothing	91	108826	0	1			0		other	0
BIRDA	6	Picture	202	139316	0	3	2000	6	0	1920	other	0
BIRDA	7	Sound	62	151308	0	2			0		hit	10
BIRDA	7	Response	251	157659	6351	2
BIRDA	8	Picture	2	186144	0	4	2001	7	0	1920	other	0
BIRDA	9	Sound	62	198122	0	2			0		hit	13
BIRDA	9	Response	251	203873	5751	2
BIRDA	10	Picture	113	232806	0	5	2000	10	0	1920	other	0
BIRDA	10	Sound	51	236126	3320	1			3320		other	0
BIRDA	11	Sound	63	244786	0	2			0		hit	17
BIRDA	11	Response	252	253061	8275	2
BIRDA	12	Picture	1	280470	0	2	1999	5	0	1920	other	0
BIRDA	13	Sound	61	292468	0	2			0		hit	20
BIRDA	13	Response	251	298964	6496	3
BIRDA	14	Picture	101	327298	0	3	1999	6	0	1920	other	0
BIRDA	15	Sound	61	339281	0	2			0		hit	23
BIRDA	15	Response	251	342916	3635	3
BIRDA	16	Picture	212	375126	0	3	2000	5	0	1920	other	0
BIRDA	16	Sound	51	379986	4860	2			4860		other	0
BIRDA	17	Sound	62	387112	0	2			0		hit	27
BIRDA	17	Response	251	392292	5180	4
BIRDA	18	Picture	2	422455	0	3	2000	6	0	1920	other	0
BIRDA	19	Sound	62	434435	0	2			0		hit	30
BIRDA	19	Response	251	439100	4665	2
BIRDA	20	Picture	24	469451	0	2	2000	4	0	1920	other	0
BIRDA	20	Sound	52	476780	7329	2			7330		other	0
BIRDA	21	Sound	64	481428	0	2			0		incorrect	34
BIRDA	21	Response	251	486737	5309	2
BIRDA	22	Picture	12	515946	0	3	2000	7	0	1920	other	0
BIRDA	22	Sound	51	520845	4899	2			4900		other	0
BIRDA	23	Sound	62	527942	0	2			0		hit	38
BIRDA	23	Response	251	533469	5527	2
BIRDA	24	Picture	1	563275	0	3	1999	5	0	1920	other	0
BIRDA	25	Sound	61	575265	0	2			0		hit	41
BIRDA	25	Response	251	580395	5130	2
BIRDA	26	Picture	2	610936	0	3	2000	6	0	1920	other	0
BIRDA	27	Sound	62	622917	0	1			0		hit	44
BIRDA	27	Response	251	629447	6530	2
BIRDA	28	Picture	4	657265	0	3	2000	6	0	1920	other	0
BIRDA	29	Sound	64	669251	0	2			0		incorrect	47
BIRDA	29	Response	251	679172	9921	2
BIRDA	30	Picture	111	704594	0	3	1999	6	0	1920	other	0
BIRDA	30	Sound	51	709523	4929	2			4930		other	0
BIRDA	31	Sound	61	716574	0	1			0		hit	51
BIRDA	31	Response	251	722615	6041	2
BIRDA	32	Picture	204	750923	0	2	2000	4	0	1920	other	0
BIRDA	33	Sound	64	762908	0	2			0		incorrect	54
BIRDA	33	Response	251	774038	11130	2
BIRDA	34	Picture	202	798751	0	3	2000	6	0	1920	other	0
BIRDA	35	Sound	62	810740	0	2			0		hit	57
BIRDA	35	Response	251	819602	8862	3
BIRDA	36	Picture	3	845413	0	2	2000	5	0	1920	other	0
BIRDA	37	Sound	63	857404	0	2			0		incorrect	60
BIRDA	37	Response	251	866402	8998	2
BIRDA	38	Picture	202	892408	0	3	2001	5	0	1920	other	0
BIRDA	39	Sound	62	904397	0	4			0		hit	63
BIRDA	39	Response	251	912639	8242	2
BIRDA	40	Picture	2	940238	0	2	1999	4	0	1920	other	0
BIRDA	41	Sound	62	952228	0	2			0		hit	66
BIRDA	41	Response	251	958120	5892	2
BIRDA	42	Picture	3	986900	0	3	1998	6	0	1920	other	0
BIRDA	43	Sound	63	998892	0	2			0		hit	69
BIRDA	43	Response	252	1004162	5270	3
BIRDA	44	Picture	101	1034728	0	3	1998	7	0	1920	other	0
BIRDA	45	Sound	61	1046723	0	2			0		hit	72
BIRDA	45	Response	251	1052788	6065	2
BIRDA	46	Picture	21	1082889	0	3	1998	8	0	1920	other	0
BIRDA	46	Sound	52	1089349	6460	2			6460		other	0
BIRDA	47	Sound	61	1094884	0	2			0		hit	76
BIRDA	47	Response	251	1102746	7862	2
BIRDA	48	Picture	204	1130719	0	2	1999	8	0	1920	other	0
BIRDA	49	Sound	64	1142715	0	2			0		hit	79
BIRDA	49	Response	252	1148809	6094	2
BIRDA	50	Picture	23	1177213	0	3	2000	6	0	1920	other	0
BIRDA	50	Sound	52	1183332	6119	2			6120		other	0
BIRDA	51	Sound	63	1189199	0	2			0		incorrect	83
BIRDA	51	Response	251	1199978	10779	3
BIRDA	52	Picture	3	1225042	0	3	2000	6	0	1920	other	0
BIRDA	53	Sound	63	1237031	0	2			0		incorrect	86
BIRDA	53	Response	251	1246688	9657	2
BIRDA	54	Picture	103	1271371	0	3	2000	6	0	1920	other	0
BIRDA	55	Sound	63	1283365	0	2			0		incorrect	89
BIRDA	55	Response	251	1290437	7072	2
BIRDA	56	Picture	103	1318366	0	3	2000	6	0	1920	other	0
BIRDA	57	Sound	63	1330360	0	3			0		incorrect	92
BIRDA	57	Response	251	1334562	4202	2
BIRDA	58	Picture	1	1365196	0	3	1998	6	0	1920	other	0
BIRDA	59	Sound	61	1377202	0	4			0		hit	95
BIRDA	59	Response	251	1384696	7494	2
BIRDA	60	Picture	4	1412857	0	3	2000	7	0	1920	other	0
BIRDA	61	Sound	64	1424854	0	2			0		hit	98
BIRDA	61	Response	252	1434176	9322	2
BIRDA	62	Picture	214	1459352	0	5	2001	9	0	1920	other	0
BIRDA	62	Sound	51	1464061	4709	2			4710		other	0
BIRDA	63	Sound	64	1471338	0	2			0		hit	102
BIRDA	63	Response	252	1476315	4977	2
BIRDA	64	Picture	204	1506681	0	2	2000	5	0	1920	other	0
BIRDA	65	Sound	64	1518661	0	1			0		hit	105
BIRDA	65	Response	252	1523321	4660	3
BIRDA	66	Picture	202	1554342	0	4	2001	7	0	1920	other	0
BIRDA	67	Sound	62	1566342	0	2			0		hit	108
BIRDA	67	Response	251	1572766	6424	2
BIRDA	68	Picture	101	1600839	0	2	1933	71	0	1920	other	0
BIRDA	69	Sound	61	1612826	0	2			0		hit	111
BIRDA	69	Response	251	1617826	5000	3
BIRDA	70	Picture	11	1647500	0	3	2000	6	0	1920	other	0
BIRDA	70	Sound	51	1650930	3430	2			3430		other	0
BIRDA	71	Sound	61	1659490	0	2			0		hit	115
BIRDA	71	Response	251	1664571	5081	2
BIRDA	72	Picture	222	1694496	0	3	1999	6	0	1920	other	0
BIRDA	72	Sound	52	1701595	7099	2			7100		other	0
BIRDA	73	Sound	62	1706484	0	3			0		hit	119
BIRDA	73	Response	251	1710899	4415	2
BIRDA	74	Picture	4	1741825	0	3	1999	6	0	1920	other	0
BIRDA	75	Sound	64	1753806	0	2			0		hit	122
BIRDA	75	Response	252	1759421	5615	2
BIRDA	76	Picture	3	1788486	0	3	2001	5	0	1920	other	0
BIRDA	77	Sound	63	1800470	0	2			0		hit	125
BIRDA	77	Response	252	1804460	3990	2
BIRDA	78	Picture	22	1834815	0	3	2000	5	0	1920	other	0
BIRDA	78	Sound	52	1841514	6699	2			6700		other	0
BIRDA	79	Sound	62	1846805	0	1			0		hit	129
BIRDA	79	Response	251	1853053	6248	2
BIRDA	80	Picture	202	1882143	0	3	2001	6	0	1920	other	0
BIRDA	81	Sound	62	1894127	0	2			0		hit	132
BIRDA	81	Response	251	1900829	6702	2
BIRDA	82	Picture	1	1930306	0	3	2000	5	0	1920	other	0
BIRDA	83	Sound	61	1942288	0	2			0		hit	135
BIRDA	83	Response	251	1947762	5474	2
BIRDA	84	Picture	204	1978134	0	4	2000	6	0	1920	other	0
BIRDA	85	Sound	64	1990119	0	2			0		incorrect	138
BIRDA	85	Response	251	1999972	9853	2
BIRDA	86	Picture	101	2024464	0	3	1999	5	0	1920	other	0
BIRDA	87	Sound	61	2036454	0	2			0		hit	141
BIRDA	87	Response	251	2045847	9393	2
BIRDA	88	Picture	101	2071124	0	4	1999	8	0	1920	other	0
BIRDA	89	Sound	61	2083117	0	2			0		hit	144
BIRDA	89	Response	251	2089076	5959	3
BIRDA	90	Picture	1	2118954	0	3	2000	6	0	1920	other	0
BIRDA	91	Sound	61	2130949	0	2			0		hit	147
BIRDA	91	Response	251	2135113	4164	2
BIRDA	92	Picture	4	2166616	0	2	2000	4	0	1920	other	0
BIRDA	93	Sound	64	2178600	0	2			0		hit	150
BIRDA	93	Response	252	2184018	5418	2
BIRDA	94	Picture	101	2213612	0	2	1999	4	0	1920	other	0
BIRDA	95	Sound	61	2225594	0	2			0		hit	153
BIRDA	95	Response	251	2231255	5661	3
BIRDA	96	Picture	3	2260773	0	3	1999	6	0	1920	other	0
BIRDA	97	Sound	63	2272766	0	2			0		hit	156
BIRDA	97	Response	252	2278926	6160	2
BIRDA	98	Picture	14	2308768	0	3	2001	5	0	1920	other	0
BIRDA	98	Sound	51	2313968	5200	1			5200		other	0
BIRDA	99	Sound	64	2320747	0	2			0		hit	160
BIRDA	99	Response	252	2325845	5098	2
BIRDA	100	Picture	103	2356263	0	3	2001	5	0	1920	other	0
BIRDA	101	Sound	63	2368250	0	2			0		hit	163
BIRDA	101	Response	252	2373747	5497	2
BIRDA	102	Picture	2	2403593	0	3	1999	6	0	1920	other	0
BIRDA	103	Sound	62	2415572	0	1			0		hit	166
BIRDA	103	Response	251	2420864	5292	2
BIRDA	104	Picture	4	2451420	0	4	2000	7	0	1920	other	0
BIRDA	105	Sound	64	2463403	0	2			0		hit	169
BIRDA	105	Response	252	2468031	4628	2
BIRDA	106	Picture	103	2498915	0	4	2001	7	0	1920	other	0
BIRDA	107	Sound	63	2510905	0	2			0		hit	172
BIRDA	107	Response	252	2516519	5614	2
BIRDA	108	Picture	121	2546745	0	3	1999	6	0	1920	other	0
BIRDA	108	Sound	52	2553655	6910	2			6910		other	0
BIRDA	109	Sound	61	2558736	0	2			0		hit	176
BIRDA	109	Response	251	2568550	9814	3
BIRDA	110	Picture	3	2593573	0	3	2000	6	0	1920	other	0
BIRDA	111	Sound	63	2605580	0	1			0		hit	179
BIRDA	111	Response	252	2611536	5956	2
BIRDA	112	Picture	202	2641235	0	3	2000	7	0	1920	other	0
BIRDA	113	Sound	62	2653232	0	2			0		hit	182
BIRDA	113	Response	251	2659492	6260	3
BIRDA	114	Picture	13	2687564	0	5	2000	7	0	1920	other	0
BIRDA	114	Sound	51	2690134	2570	2			2570		other	0
BIRDA	115	Sound	63	2699566	0	2			0		hit	186
BIRDA	115	Response	252	2705229	5663	2
BIRDA	116	Picture	123	2734060	0	3	1999	6	0	1920	other	0
BIRDA	116	Sound	52	2739639	5579	2			5580		other	0
BIRDA	117	Sound	63	2746051	0	2			0		hit	190
BIRDA	117	Response	252	2751937	5886	2
BIRDA	118	Picture	2	2782052	0	5	2000	10	0	1920	other	0
BIRDA	119	Sound	62	2794032	0	4			0		hit	193
BIRDA	119	Response	251	2800826	6794	4
BIRDA	120	Picture	204	2828384	0	5	1999	10	0	1920	other	0
BIRDA	121	Sound	64	2840366	0	2			0		hit	196
BIRDA	121	Response	252	2849466	9100	3
BIRDA	122	Picture	4	2875046	0	3	2000	5	0	1920	other	0
BIRDA	123	Sound	64	2887031	0	3			0		hit	199
BIRDA	123	Response	252	2893890	6859	2
BIRDA	124	Picture	224	2921872	0	5	2002	8	0	1920	other	0
BIRDA	124	Sound	52	2928202	6330	1			6330		other	0
BIRDA	125	Sound	64	2933874	0	1			0		hit	203
BIRDA	125	Response	252	2938593	4719	2
BIRDA	126	Picture	103	2969203	0	3	1999	6	0	1920	other	0
BIRDA	127	Sound	63	2981196	0	2			0		hit	206
BIRDA	127	Response	252	2987004	5808	3
BIRDA	128	Picture	1	3017364	0	3	2001	5	0	1920	other	0
BIRDA	129	Sound	61	3029356	0	2			0		hit	209
BIRDA	129	Response	251	3035494	6138	4
BIRDA	130	Picture	103	3065027	0	3	1999	6	0	1920	other	0
BIRDA	131	Sound	63	3077008	0	2			0		incorrect	212
BIRDA	131	Response	251	3085669	8661	2
BIRDA	132	Picture	204	3112023	0	2	1999	5	0	1920	other	0
BIRDA	133	Sound	64	3124001	0	2			0		incorrect	215
BIRDA	133	Response	251	3130728	6727	2
BIRDA	134	Response	253	3409544	249526	4


Event Type	Code	Type	Response	RT	RT Uncertainty	Time	Uncertainty	Duration	Uncertainty	ReqTime	ReqDur

Picture	10	other				7995	5	20165	8	0	20000
Picture	10	other				28327	3	40163	6	0	40000
Picture	10	other				68657	3	40162	6	0	40000
Nothing	91	other				108826	1			0
Picture	202	other				139316	3	2000	6	0	1920
Sound	62	hit	1	6351	4	151308	2			0
Picture	2	other				186144	4	2001	7	0	1920
Sound	62	hit	1	5751	4	198122	2			0
Picture	113	other				232806	5	2000	10	0	1920
Sound	51	other				236126	1			3320
Sound	63	hit	2	8275	4	244786	2			0
Picture	1	other				280470	2	1999	5	0	1920
Sound	61	hit	1	6496	5	292468	2			0
Picture	101	other				327298	3	1999	6	0	1920
Sound	61	hit	1	3635	5	339281	2			0
Picture	212	other				375126	3	2000	5	0	1920
Sound	51	other				379986	2			4860
Sound	62	hit	1	5180	6	387112	2			0
Picture	2	other				422455	3	2000	6	0	1920
Sound	62	hit	1	4665	4	434435	2			0
Picture	24	other				469451	2	2000	4	0	1920
Sound	52	other				476780	2			7330
Sound	64	incorrect	1	5309	4	481428	2			0
Picture	12	other				515946	3	2000	7	0	1920
Sound	51	other				520845	2			4900
Sound	62	hit	1	5527	4	527942	2			0
Picture	1	other				563275	3	1999	5	0	1920
Sound	61	hit	1	5130	4	575265	2			0
Picture	2	other				610936	3	2000	6	0	1920
Sound	62	hit	1	6530	3	622917	1			0
Picture	4	other				657265	3	2000	6	0	1920
Sound	64	incorrect	1	9921	4	669251	2			0
Picture	111	other				704594	3	1999	6	0	1920
Sound	51	other				709523	2			4930
Sound	61	hit	1	6041	3	716574	1			0
Picture	204	other				750923	2	2000	4	0	1920
Sound	64	incorrect	1	11130	4	762908	2			0
Picture	202	other				798751	3	2000	6	0	1920
Sound	62	hit	1	8862	5	810740	2			0
Picture	3	other				845413	2	2000	5	0	1920
Sound	63	incorrect	1	8998	4	857404	2			0
Picture	202	other				892408	3	2001	5	0	1920
Sound	62	hit	1	8242	6	904397	4			0
Picture	2	other				940238	2	1999	4	0	1920
Sound	62	hit	1	5892	4	952228	2			0
Picture	3	other				986900	3	1998	6	0	1920
Sound	63	hit	2	5270	5	998892	2			0
Picture	101	other				1034728	3	1998	7	0	1920
Sound	61	hit	1	6065	4	1046723	2			0
Picture	21	other				1082889	3	1998	8	0	1920
Sound	52	other				1089349	2			6460
Sound	61	hit	1	7862	4	1094884	2			0
Picture	204	other				1130719	2	1999	8	0	1920
Sound	64	hit	2	6094	4	1142715	2			0
Picture	23	other				1177213	3	2000	6	0	1920
Sound	52	other				1183332	2			6120
Sound	63	incorrect	1	10779	5	1189199	2			0
Picture	3	other				1225042	3	2000	6	0	1920
Sound	63	incorrect	1	9657	4	1237031	2			0
Picture	103	other				1271371	3	2000	6	0	1920
Sound	63	incorrect	1	7072	4	1283365	2			0
Picture	103	other				1318366	3	2000	6	0	1920
Sound	63	incorrect	1	4202	5	1330360	3			0
Picture	1	other				1365196	3	1998	6	0	1920
Sound	61	hit	1	7494	6	1377202	4			0
Picture	4	other				1412857	3	2000	7	0	1920
Sound	64	hit	2	9322	4	1424854	2			0
Picture	214	other				1459352	5	2001	9	0	1920
Sound	51	other				1464061	2			4710
Sound	64	hit	2	4977	4	1471338	2			0
Picture	204	other				1506681	2	2000	5	0	1920
Sound	64	hit	2	4660	4	1518661	1			0
Picture	202	other				1554342	4	2001	7	0	1920
Sound	62	hit	1	6424	4	1566342	2			0
Picture	101	other				1600839	2	1933	71	0	1920
Sound	61	hit	1	5000	5	1612826	2			0
Picture	11	other				1647500	3	2000	6	0	1920
Sound	51	other				1650930	2			3430
Sound	61	hit	1	5081	4	1659490	2			0
Picture	222	other				1694496	3	1999	6	0	1920
Sound	52	other				1701595	2			7100
Sound	62	hit	1	4415	5	1706484	3			0
Picture	4	other				1741825	3	1999	6	0	1920
Sound	64	hit	2	5615	4	1753806	2			0
Picture	3	other				1788486	3	2001	5	0	1920
Sound	63	hit	2	3990	4	1800470	2			0
Picture	22	other				1834815	3	2000	5	0	1920
Sound	52	other				1841514	2			6700
Sound	62	hit	1	6248	3	1846805	1			0
Picture	202	other				1882143	3	2001	6	0	1920
Sound	62	hit	1	6702	4	1894127	2			0
Picture	1	other				1930306	3	2000	5	0	1920
Sound	61	hit	1	5474	4	1942288	2			0
Picture	204	other				1978134	4	2000	6	0	1920
Sound	64	incorrect	1	9853	4	1990119	2			0
Picture	101	other				2024464	3	1999	5	0	1920
Sound	61	hit	1	9393	4	2036454	2			0
Picture	101	other				2071124	4	1999	8	0	1920
Sound	61	hit	1	5959	5	2083117	2			0
Picture	1	other				2118954	3	2000	6	0	1920
Sound	61	hit	1	4164	4	2130949	2			0
Picture	4	other				2166616	2	2000	4	0	1920
Sound	64	hit	2	5418	4	2178600	2			0
Picture	101	other				2213612	2	1999	4	0	1920
Sound	61	hit	1	5661	5	2225594	2			0
Picture	3	other				2260773	3	1999	6	0	1920
Sound	63	hit	2	6160	4	2272766	2			0
Picture	14	other				2308768	3	2001	5	0	1920
Sound	51	other				2313968	1			5200
Sound	64	hit	2	5098	4	2320747	2			0
Picture	103	other				2356263	3	2001	5	0	1920
Sound	63	hit	2	5497	4	2368250	2			0
Picture	2	other				2403593	3	1999	6	0	1920
Sound	62	hit	1	5292	3	2415572	1			0
Picture	4	other				2451420	4	2000	7	0	1920
Sound	64	hit	2	4628	4	2463403	2			0
Picture	103	other				2498915	4	2001	7	0	1920
Sound	63	hit	2	5614	4	2510905	2			0
Picture	121	other				2546745	3	1999	6	0	1920
Sound	52	other				2553655	2			6910
Sound	61	hit	1	9814	5	2558736	2			0
Picture	3	other				2593573	3	2000	6	0	1920
Sound	63	hit	2	5956	3	2605580	1			0
Picture	202	other				2641235	3	2000	7	0	1920
Sound	62	hit	1	6260	5	2653232	2			0
Picture	13	other				2687564	5	2000	7	0	1920
Sound	51	other				2690134	2			2570
Sound	63	hit	2	5663	4	2699566	2			0
Picture	123	other				2734060	3	1999	6	0	1920
Sound	52	other				2739639	2			5580
Sound	63	hit	2	5886	4	2746051	2			0
Picture	2	other				2782052	5	2000	10	0	1920
Sound	62	hit	1	6794	8	2794032	4			0
Picture	204	other				2828384	5	1999	10	0	1920
Sound	64	hit	2	9100	5	2840366	2			0
Picture	4	other				2875046	3	2000	5	0	1920
Sound	64	hit	2	6859	5	2887031	3			0
Picture	224	other				2921872	5	2002	8	0	1920
Sound	52	other				2928202	1			6330
Sound	64	hit	2	4719	3	2933874	1			0
Picture	103	other				2969203	3	1999	6	0	1920
Sound	63	hit	2	5808	5	2981196	2			0
Picture	1	other				3017364	3	2001	5	0	1920
Sound	61	hit	1	6138	6	3029356	2			0
Picture	103	other				3065027	3	1999	6	0	1920
Sound	63	incorrect	1	8661	4	3077008	2			0
Picture	204	other				3112023	2	1999	5	0	1920
Sound	64	incorrect	1	6727	4	3124001	2			0
