Scenario - 17_March_2015
Logfile written - 03/06/2017 10:00:00

Subject	Trial	Event Type	Code	Time	TTime	Uncertainty	Duration	Uncertainty	ReqTime	ReqDur	Stim Type	Pair Index

BIRDA	1	Response	253	15069	24737	4
BIRDA	2	Picture	10	15162	0	3	20164	6	0	20000	other	0
BIRDA	3	Picture	10	35493	0	3	40162	6	0	40000	other	0
BIRDA	3	Response	251	68437	32944	2
BIRDA	3	Response	252	69271	33778	2
BIRDA	3	Response	252	70521	35028	2
BIRDA	3	Response	252	71771	36278	2
BIRDA	3	Response	252	73021	37528	2
BIRDA	4	Picture	10	75821	0	5	40164	8	0	40000	other	0
BIRDA	5	Sound	111	116139	0	1			0		hit	11
BIRDA	5	Response	251	130656	14517	4
BIRDA	5	Response	252	131470	15331	2
BIRDA	5	Response	252	132720	16581	2
BIRDA	5	Response	252	133971	17832	1
BIRDA	5	Response	252	135221	19082	2
BIRDA	5	Response	251	146871	30732	2
BIRDA	6	Sound	122	147238	0	2			0		miss	0
BIRDA	7	Sound	111	178367	0	2			0		hit	19
BIRDA	7	Response	251	186902	8535	2
BIRDA	7	Response	252	187691	9324	1
BIRDA	7	Response	252	188940	10573	2
BIRDA	7	Response	252	190191	11824	3
BIRDA	7	Response	252	191441	13074	1
BIRDA	8	Sound	121	209497	0	1			0		miss	0
BIRDA	9	Sound	112	240596	0	2			0		hit	26
BIRDA	9	Response	251	246133	5537	2
BIRDA	9	Response	252	246899	6303	1
BIRDA	9	Response	252	248149	7553	2
BIRDA	9	Response	252	249399	8803	2
BIRDA	9	Response	252	250649	10053	2
BIRDA	10	Sound	111	271725	0	2			0		miss	0
BIRDA	11	Sound	122	302854	0	2			0		hit	33
BIRDA	11	Response	252	306501	3647	2
BIRDA	12	Sound	111	333983	0	2			0		hit	35
BIRDA	12	Response	251	340290	6307	2
BIRDA	12	Response	252	341034	7051	2
BIRDA	12	Response	252	342284	8301	2
BIRDA	12	Response	252	343535	9552	1
BIRDA	12	Response	252	344784	10801	2
BIRDA	13	Sound	121	365113	0	1			0		miss	0
BIRDA	14	Sound	112	396212	0	2			0		hit	42
BIRDA	14	Response	251	402862	6650	2
BIRDA	14	Response	252	403604	7392	1
BIRDA	14	Response	252	404854	8642	2
BIRDA	14	Response	252	406104	9892	2
BIRDA	14	Response	252	407354	11142	2
BIRDA	15	Sound	121	427342	0	4			0		miss	0
BIRDA	16	Sound	121	458441	0	1			0		hit	49
BIRDA	16	Response	252	463072	4631	2
BIRDA	17	Sound	112	489570	0	1			0		hit	51
BIRDA	17	Response	251	493807	4237	2
BIRDA	17	Response	252	494539	4969	3
BIRDA	17	Response	252	495789	6219	2
BIRDA	17	Response	252	497040	7470	1
BIRDA	17	Response	252	498290	8720	2
BIRDA	18	Sound	112	520699	0	2			0		incorrect	57
BIRDA	18	Response	252	549968	29269	2
BIRDA	19	Sound	122	551828	0	2			0		miss	0
BIRDA	20	Sound	122	582928	0	1			0		miss	0


Event Type	Code	Type	Response	RT	RT Uncertainty	Time	Uncertainty	Duration	Uncertainty	ReqTime	ReqDur

Picture	10	other				15162	3	20164	6	0	20000
Picture	10	other				35493	3	40162	6	0	40000
Picture	10	other				75821	5	40164	8	0	40000
Sound	111	hit	1	14517	5	116139	1			0
Sound	122	miss				147238	2			0
Sound	111	hit	1	8535	4	178367	2			0
Sound	121	miss				209497	1			0
Sound	112	hit	1	5537	4	240596	2			0
Sound	111	miss				271725	2			0
Sound	122	hit	2	3647	4	302854	2			0
Sound	111	hit	1	6307	4	333983	2			0
Sound	121	miss				365113	1			0
Sound	112	hit	1	6650	4	396212	2			0
Sound	121	miss				427342	4			0
Sound	121	hit	2	4631	3	458441	1			0
Sound	112	hit	1	4237	3	489570	1			0
Sound	112	incorrect	2	29269	4	520699	2			0
Sound	122	miss				551828	2			0
Sound	122	miss				582928	1			0
