Scenario - 17_March_2015
Logfile written - 06/20/2017 10:24:51

Subject	Trial	Event Type	Code	Time	TTime	Uncertainty	Duration	Uncertainty	ReqTime	ReqDur	Stim Type	Pair Index

vauch	1	Response	252	17249	27082	1
vauch	1	Response	252	17359	27192	1
vauch	1	Response	252	17464	27297	2
vauch	1	Response	252	17568	27401	1
vauch	1	Response	252	17673	27506	2
vauch	1	Response	252	17776	27609	1
vauch	1	Response	252	17879	27712	1
vauch	1	Response	252	18184	28017	1
vauch	1	Response	252	18489	28322	1
vauch	1	Response	252	18693	28526	1
vauch	1	Response	252	18797	28630	1
vauch	1	Response	252	18906	28739	1
vauch	1	Response	253	25216	35049	1
vauch	2	Picture	10	25329	0	1	20165	2	0	20000	other	0
vauch	2	Response	252	26613	1284	2
vauch	2	Response	252	35286	9957	1
vauch	3	Picture	10	45660	0	2	40163	4	0	40000	other	0
vauch	3	Response	251	58129	12469	1
vauch	3	Response	252	66057	20397	2
vauch	4	Picture	10	85990	0	1	40163	2	0	40000	other	0
vauch	4	Response	252	91047	5057	1
vauch	4	Response	252	112083	26093	1
vauch	5	Nothing	91	126155	0	1			0		other	0
vauch	6	Picture	2	156316	0	2	2000	4	0	1920	other	0
vauch	7	Sound	62	168307	0	1			0		hit	26
vauch	7	Response	251	173526	5219	1
vauch	8	Picture	101	203312	0	1	2000	2	0	1920	other	0
vauch	9	Sound	61	215300	0	1			0		hit	29
vauch	9	Response	251	219899	4599	2
vauch	9	Response	251	223143	7843	1
vauch	10	Picture	123	249807	0	2	2000	3	0	1920	other	0
vauch	10	Sound	52	256866	7059	2			7060		other	0
vauch	11	Sound	63	261785	0	1			0		hit	34
vauch	11	Response	252	270570	8785	1
vauch	12	Picture	101	295970	0	1	1999	3	0	1920	other	0
vauch	13	Sound	61	307970	0	1			0		hit	37
vauch	13	Response	251	312643	4673	1
vauch	14	Picture	103	343298	0	2	2000	4	0	1920	other	0
vauch	15	Sound	63	355292	0	2			0		hit	40
vauch	15	Response	252	361367	6075	1
vauch	15	Response	251	366262	10970	1
vauch	15	Response	251	367479	12187	1
vauch	15	Response	251	367685	12393	2
vauch	16	Picture	4	391127	0	1	2000	2	0	1920	other	0
vauch	17	Sound	64	403124	0	1			0		hit	46
vauch	17	Response	252	410270	7146	1
vauch	17	Response	251	415025	11901	1
vauch	18	Picture	11	438289	0	2	2000	3	0	1920	other	0
vauch	18	Sound	51	440998	2709	2			2710		other	0
vauch	19	Sound	61	450267	0	1			0		hit	51
vauch	19	Response	251	456031	5764	1
vauch	20	Picture	22	484617	0	3	2001	4	0	1920	other	0
vauch	20	Sound	52	492176	7559	1			7560		other	0
vauch	21	Sound	62	496602	0	1			0		hit	55
vauch	21	Response	251	504277	7675	1
vauch	22	Picture	1	532447	0	1	2000	2	0	1920	other	0
vauch	23	Sound	61	544433	0	1			0		hit	58
vauch	23	Response	251	549138	4705	2
vauch	24	Picture	2	579109	0	2	2000	3	0	1920	other	0
vauch	25	Sound	62	591097	0	1			0		hit	61
vauch	25	Response	251	596524	5427	1
vauch	26	Picture	204	625438	0	1	2000	2	0	1920	other	0
vauch	27	Sound	64	637432	0	1			0		hit	64
vauch	27	Response	252	641608	4176	1
vauch	27	Response	251	648359	10927	1
vauch	28	Picture	4	672600	0	2	2000	3	0	1920	other	0
vauch	29	Sound	64	684575	0	1			0		hit	68
vauch	29	Response	252	690984	6409	1
vauch	30	Picture	111	720595	0	2	2000	4	0	1920	other	0
vauch	30	Sound	51	724114	3519	2			3520		other	0
vauch	31	Sound	61	732586	0	1			0		hit	72
vauch	31	Response	251	739702	7116	2
vauch	32	Picture	3	767424	0	2	2000	3	0	1920	other	0
vauch	33	Sound	63	779400	0	1			0		hit	75
vauch	33	Response	252	786581	7181	1
vauch	33	Response	251	793499	14099	2
vauch	34	Picture	24	813920	0	1	1999	3	0	1920	other	0
vauch	34	Sound	52	821219	7299	2			7300		other	0
vauch	35	Sound	64	825914	0	1			0		hit	80
vauch	35	Response	252	838252	12338	1
vauch	36	Picture	1	860582	0	1	2000	3	0	1920	other	0
vauch	37	Sound	61	872578	0	1			0		hit	83
vauch	37	Response	251	876998	4420	1
vauch	38	Picture	3	908077	0	2	2000	4	0	1920	other	0
vauch	39	Sound	63	920050	0	2			0		hit	86
vauch	39	Response	252	927747	7697	1
vauch	39	Response	251	934970	14920	1
vauch	39	Response	251	936494	16444	1
vauch	40	Picture	202	955073	0	1	2000	2	0	1920	other	0
vauch	41	Sound	62	967044	0	1			0		hit	91
vauch	41	Response	251	982932	15888	1
vauch	42	Picture	2	1002235	0	1	2000	2	0	1920	other	0
vauch	43	Sound	62	1014217	0	1			0		hit	94
vauch	43	Response	251	1019651	5434	1
vauch	44	Picture	4	1049897	0	2	2000	3	0	1920	other	0
vauch	45	Sound	64	1061869	0	1			0		hit	97
vauch	45	Response	252	1066572	4703	2
vauch	45	Response	251	1074032	12163	2
vauch	45	Response	251	1076569	14700	2
vauch	45	Response	251	1076677	14808	1
vauch	45	Response	251	1076784	14915	1
vauch	46	Picture	3	1096726	0	1	2000	2	0	1920	other	0
vauch	47	Sound	63	1108712	0	1			0		hit	104
vauch	47	Response	252	1121443	12731	1
vauch	47	Response	251	1126508	17796	2
vauch	48	Picture	204	1144555	0	1	1999	3	0	1920	other	0
vauch	49	Sound	64	1156544	0	1			0		hit	108
vauch	49	Response	252	1163308	6764	1
vauch	49	Response	251	1169017	12473	2
vauch	50	Picture	13	1192717	0	1	1999	3	0	1920	other	0
vauch	50	Sound	51	1195716	2999	1			3000		other	0
vauch	51	Sound	63	1204704	0	1			0		hit	113
vauch	51	Response	252	1212291	7587	1
vauch	51	Response	251	1217805	13101	2
vauch	51	Response	251	1219630	14926	2
vauch	51	Response	251	1220042	15338	1
vauch	51	Response	251	1220146	15442	1
vauch	52	Picture	3	1238879	0	1	1999	3	0	1920	other	0
vauch	53	Sound	63	1250860	0	1			0		hit	120
vauch	53	Response	252	1255747	4887	1
vauch	53	Response	251	1261249	10389	1
vauch	54	Picture	204	1286541	0	2	2000	3	0	1920	other	0
vauch	55	Sound	64	1298541	0	1			0		hit	124
vauch	55	Response	252	1304738	6197	1
vauch	55	Response	251	1310697	12156	1
vauch	55	Response	251	1312522	13981	1
vauch	56	Picture	1	1333703	0	2	2000	3	0	1920	other	0
vauch	57	Sound	61	1345684	0	1			0		hit	129
vauch	57	Response	251	1355092	9408	1
vauch	57	Response	252	1367390	21706	1
vauch	57	Response	252	1375691	30007	1
vauch	58	Picture	1	1380698	0	2	2000	4	0	1920	false_alarm	133
vauch	58	Response	252	1387906	7208	1
vauch	58	Response	252	1389058	8360	2
vauch	58	Response	252	1389161	8463	1
vauch	59	Sound	61	1392707	0	2			0		hit	137
vauch	59	Response	251	1397420	4713	2
vauch	59	Response	252	1402172	9465	2
vauch	60	Picture	103	1427527	0	2	2000	4	0	1920	other	0
vauch	61	Sound	63	1439521	0	1			0		miss	0
vauch	62	Picture	2	1474523	0	2	1999	4	0	1920	other	0
vauch	63	Sound	62	1486515	0	1			0		hit	143
vauch	63	Response	251	1493772	7257	1
vauch	64	Picture	103	1522018	0	2	2000	3	0	1920	other	0
vauch	65	Sound	63	1534017	0	1			0		hit	146
vauch	65	Response	252	1541628	7611	2
vauch	66	Picture	4	1568347	0	2	2000	3	0	1920	other	0
vauch	67	Sound	64	1580322	0	1			0		hit	149
vauch	67	Response	252	1586369	6047	1
vauch	67	Response	251	1593720	13398	1
vauch	68	Picture	113	1615509	0	2	2000	3	0	1920	other	0
vauch	68	Sound	51	1620628	5119	1			5120		other	0
vauch	69	Sound	63	1627494	0	2			0		hit	154
vauch	69	Response	252	1634157	6663	1
vauch	69	Response	251	1641096	13602	1
vauch	70	Picture	103	1661671	0	2	2000	4	0	1920	other	0
vauch	71	Sound	63	1673650	0	1			0		hit	158
vauch	71	Response	252	1680291	6641	2
vauch	71	Response	251	1686452	12802	1
vauch	72	Picture	204	1708500	0	2	2000	4	0	1920	other	0
vauch	73	Sound	64	1720493	0	2			0		hit	162
vauch	73	Response	252	1726182	5689	1
vauch	73	Response	251	1732652	12159	1
vauch	74	Picture	202	1755662	0	2	2000	4	0	1920	other	0
vauch	75	Sound	62	1767636	0	2			0		hit	166
vauch	75	Response	251	1775286	7650	2
vauch	75	Response	252	1784978	17342	1
vauch	76	Picture	224	1803158	0	1	1999	3	0	1920	other	0
vauch	76	Sound	52	1809447	6289	2			6290		other	0
vauch	77	Sound	64	1815138	0	2			0		hit	171
vauch	77	Response	252	1829141	14003	1
vauch	78	Picture	1	1849987	0	1	1999	3	0	1920	other	0
vauch	79	Sound	61	1861982	0	1			0		hit	174
vauch	79	Response	251	1866797	4815	1
vauch	80	Picture	23	1896649	0	1	2000	2	0	1920	other	0
vauch	80	Sound	52	1904598	7949	2			7950		other	0
vauch	81	Sound	63	1908646	0	1			0		hit	178
vauch	81	Response	252	1923080	14434	1
vauch	82	Picture	103	1943478	0	1	1999	3	0	1920	other	0
vauch	83	Sound	63	1955460	0	1			0		hit	181
vauch	83	Response	252	1962189	6729	1
vauch	84	Picture	212	1990473	0	2	2000	3	0	1920	other	0
vauch	84	Sound	51	1995452	4979	2			4980		other	0
vauch	85	Sound	62	2002453	0	1			0		hit	185
vauch	85	Response	251	2008943	6490	1
vauch	86	Picture	204	2038302	0	1	2000	2	0	1920	other	0
vauch	87	Sound	64	2050285	0	1			0		hit	188
vauch	87	Response	252	2057772	7487	1
vauch	87	Response	251	2067036	16751	1
vauch	88	Picture	101	2085964	0	2	2000	3	0	1920	other	0
vauch	89	Sound	61	2097936	0	2			0		hit	192
vauch	89	Response	251	2104046	6110	2
vauch	90	Picture	101	2133793	0	1	1999	3	0	1920	other	0
vauch	91	Sound	61	2145768	0	1			0		hit	195
vauch	91	Response	251	2151284	5516	1
vauch	92	Picture	4	2181788	0	2	2000	3	0	1920	other	0
vauch	93	Sound	64	2193779	0	1			0		hit	198
vauch	93	Response	252	2198549	4770	2
vauch	94	Picture	202	2229617	0	1	2000	2	0	1920	other	0
vauch	95	Sound	62	2241610	0	2			0		hit	201
vauch	95	Response	251	2247197	5587	1
vauch	96	Picture	222	2276446	0	1	1999	3	0	1920	other	0
vauch	96	Sound	52	2284575	8129	1			8130		other	0
vauch	97	Sound	62	2288424	0	1			0		hit	205
vauch	97	Response	251	2295644	7220	1
vauch	98	Picture	121	2323607	0	3	2000	5	0	1920	other	0
vauch	98	Sound	52	2331346	7739	1			7740		other	0
vauch	99	Sound	61	2335597	0	1			0		hit	209
vauch	99	Response	251	2342244	6647	2
vauch	100	Picture	1	2370770	0	1	2000	2	0	1920	other	0
vauch	101	Sound	61	2382770	0	1			0		hit	212
vauch	101	Response	251	2386454	3684	2
vauch	101	Response	252	2392410	9640	4
vauch	101	Response	252	2403768	20998	1
vauch	101	Response	252	2403870	21100	2
vauch	101	Response	252	2415729	32959	1
vauch	101	Response	252	2415856	33086	1
vauch	101	Response	252	2415978	33208	1
vauch	102	Picture	101	2416932	0	2	2000	3	0	1920	other	0
vauch	103	Sound	61	2428925	0	1			0		hit	221
vauch	103	Response	251	2435630	6705	1
vauch	104	Picture	2	2464927	0	2	2000	4	0	1920	other	0
vauch	105	Sound	62	2476906	0	1			0		hit	224
vauch	105	Response	251	2482572	5666	2
vauch	105	Response	252	2488069	11163	1
vauch	106	Picture	202	2511923	0	1	2000	2	0	1920	other	0
vauch	107	Sound	62	2523899	0	2			0		hit	228
vauch	107	Response	251	2528539	4640	1
vauch	108	Picture	14	2558585	0	2	2000	3	0	1920	other	0
vauch	108	Sound	51	2562305	3720	1			3720		other	0
vauch	109	Sound	64	2570564	0	1			0		hit	232
vauch	109	Response	252	2576618	6054	1
vauch	110	Picture	202	2604747	0	2	2000	3	0	1920	other	0
vauch	111	Sound	62	2616719	0	1			0		hit	235
vauch	111	Response	251	2627121	10402	1
vauch	112	Picture	3	2651409	0	2	2000	4	0	1920	other	0
vauch	113	Sound	63	2663383	0	1			0		hit	238
vauch	113	Response	252	2669195	5812	1
vauch	114	Picture	2	2698404	0	3	2001	4	0	1920	other	0
vauch	115	Sound	62	2710376	0	1			0		hit	241
vauch	115	Response	251	2719349	8973	2
vauch	116	Picture	103	2744900	0	2	2000	4	0	1920	other	0
vauch	117	Sound	63	2756890	0	2			0		hit	244
vauch	117	Response	252	2764844	7954	1
vauch	118	Picture	214	2792896	0	1	2000	2	0	1920	other	0
vauch	118	Sound	51	2796295	3399	2			3400		other	0
vauch	119	Sound	64	2804872	0	1			0		hit	248
vauch	119	Response	252	2812118	7246	1
vauch	120	Picture	101	2839225	0	1	1999	3	0	1920	other	0
vauch	121	Sound	61	2851206	0	2			0		hit	251
vauch	121	Response	251	2855545	4339	1
vauch	122	Picture	12	2887053	0	2	2000	4	0	1920	other	0
vauch	122	Sound	51	2890332	3279	2			3280		other	0
vauch	123	Sound	62	2899038	0	1			0		hit	255
vauch	123	Response	251	2906304	7266	1
vauch	124	Picture	21	2933382	0	2	2000	3	0	1920	other	0
vauch	124	Sound	52	2941561	8179	2			8180		other	0
vauch	125	Sound	61	2945373	0	1			0		hit	259
vauch	125	Response	251	2950670	5297	1
vauch	126	Picture	4	2980211	0	1	2000	2	0	1920	other	0
vauch	127	Sound	64	2992186	0	2			0		hit	262
vauch	127	Response	252	2997579	5393	2
vauch	128	Picture	204	3028040	0	1	2000	2	0	1920	other	0
vauch	129	Sound	64	3040018	0	1			0		hit	265
vauch	129	Response	252	3045784	5766	2
vauch	130	Picture	3	3074702	0	1	2000	2	0	1920	other	0
vauch	131	Sound	63	3086682	0	1			0		hit	268
vauch	131	Response	252	3093852	7170	1
vauch	132	Picture	202	3121364	0	2	2000	3	0	1920	other	0
vauch	133	Sound	62	3133346	0	1			0		hit	271
vauch	133	Response	251	3140706	7360	1
vauch	134	Response	253	3386168	217808	1


Event Type	Code	Type	Response	RT	RT Uncertainty	Time	Uncertainty	Duration	Uncertainty	ReqTime	ReqDur

Picture	10	other				25329	1	20165	2	0	20000
Picture	10	other				45660	2	40163	4	0	40000
Picture	10	other				85990	1	40163	2	0	40000
Nothing	91	other				126155	1			0
Picture	2	other				156316	2	2000	4	0	1920
Sound	62	hit	1	5219	2	168307	1			0
Picture	101	other				203312	1	2000	2	0	1920
Sound	61	hit	1	4599	3	215300	1			0
Picture	123	other				249807	2	2000	3	0	1920
Sound	52	other				256866	2			7060
Sound	63	hit	2	8785	2	261785	1			0
Picture	101	other				295970	1	1999	3	0	1920
Sound	61	hit	1	4673	2	307970	1			0
Picture	103	other				343298	2	2000	4	0	1920
Sound	63	hit	2	6075	3	355292	2			0
Picture	4	other				391127	1	2000	2	0	1920
Sound	64	hit	2	7146	2	403124	1			0
Picture	11	other				438289	2	2000	3	0	1920
Sound	51	other				440998	2			2710
Sound	61	hit	1	5764	2	450267	1			0
Picture	22	other				484617	3	2001	4	0	1920
Sound	52	other				492176	1			7560
Sound	62	hit	1	7675	2	496602	1			0
Picture	1	other				532447	1	2000	2	0	1920
Sound	61	hit	1	4705	3	544433	1			0
Picture	2	other				579109	2	2000	3	0	1920
Sound	62	hit	1	5427	2	591097	1			0
Picture	204	other				625438	1	2000	2	0	1920
Sound	64	hit	2	4176	2	637432	1			0
Picture	4	other				672600	2	2000	3	0	1920
Sound	64	hit	2	6409	2	684575	1			0
Picture	111	other				720595	2	2000	4	0	1920
Sound	51	other				724114	2			3520
Sound	61	hit	1	7116	3	732586	1			0
Picture	3	other				767424	2	2000	3	0	1920
Sound	63	hit	2	7181	2	779400	1			0
Picture	24	other				813920	1	1999	3	0	1920
Sound	52	other				821219	2			7300
Sound	64	hit	2	12338	2	825914	1			0
Picture	1	other				860582	1	2000	3	0	1920
Sound	61	hit	1	4420	2	872578	1			0
Picture	3	other				908077	2	2000	4	0	1920
Sound	63	hit	2	7697	3	920050	2			0
Picture	202	other				955073	1	2000	2	0	1920
Sound	62	hit	1	15888	2	967044	1			0
Picture	2	other				1002235	1	2000	2	0	1920
Sound	62	hit	1	5434	2	1014217	1			0
Picture	4	other				1049897	2	2000	3	0	1920
Sound	64	hit	2	4703	3	1061869	1			0
Picture	3	other				1096726	1	2000	2	0	1920
Sound	63	hit	2	12731	2	1108712	1			0
Picture	204	other				1144555	1	1999	3	0	1920
Sound	64	hit	2	6764	2	1156544	1			0
Picture	13	other				1192717	1	1999	3	0	1920
Sound	51	other				1195716	1			3000
Sound	63	hit	2	7587	2	1204704	1			0
Picture	3	other				1238879	1	1999	3	0	1920
Sound	63	hit	2	4887	2	1250860	1			0
Picture	204	other				1286541	2	2000	3	0	1920
Sound	64	hit	2	6197	2	1298541	1			0
Picture	1	other				1333703	2	2000	3	0	1920
Sound	61	hit	1	9408	2	1345684	1			0
Picture	1	false_alarm	2	7208	3	1380698	2	2000	4	0	1920
Sound	61	hit	1	4713	4	1392707	2			0
Picture	103	other				1427527	2	2000	4	0	1920
Sound	63	miss				1439521	1			0
Picture	2	other				1474523	2	1999	4	0	1920
Sound	62	hit	1	7257	2	1486515	1			0
Picture	103	other				1522018	2	2000	3	0	1920
Sound	63	hit	2	7611	3	1534017	1			0
Picture	4	other				1568347	2	2000	3	0	1920
Sound	64	hit	2	6047	2	1580322	1			0
Picture	113	other				1615509	2	2000	3	0	1920
Sound	51	other				1620628	1			5120
Sound	63	hit	2	6663	3	1627494	2			0
Picture	103	other				1661671	2	2000	4	0	1920
Sound	63	hit	2	6641	3	1673650	1			0
Picture	204	other				1708500	2	2000	4	0	1920
Sound	64	hit	2	5689	3	1720493	2			0
Picture	202	other				1755662	2	2000	4	0	1920
Sound	62	hit	1	7650	4	1767636	2			0
Picture	224	other				1803158	1	1999	3	0	1920
Sound	52	other				1809447	2			6290
Sound	64	hit	2	14003	3	1815138	2			0
Picture	1	other				1849987	1	1999	3	0	1920
Sound	61	hit	1	4815	2	1861982	1			0
Picture	23	other				1896649	1	2000	2	0	1920
Sound	52	other				1904598	2			7950
Sound	63	hit	2	14434	2	1908646	1			0
Picture	103	other				1943478	1	1999	3	0	1920
Sound	63	hit	2	6729	2	1955460	1			0
Picture	212	other				1990473	2	2000	3	0	1920
Sound	51	other				1995452	2			4980
Sound	62	hit	1	6490	2	2002453	1			0
Picture	204	other				2038302	1	2000	2	0	1920
Sound	64	hit	2	7487	2	2050285	1			0
Picture	101	other				2085964	2	2000	3	0	1920
Sound	61	hit	1	6110	4	2097936	2			0
Picture	101	other				2133793	1	1999	3	0	1920
Sound	61	hit	1	5516	2	2145768	1			0
Picture	4	other				2181788	2	2000	3	0	1920
Sound	64	hit	2	4770	3	2193779	1			0
Picture	202	other				2229617	1	2000	2	0	1920
Sound	62	hit	1	5587	3	2241610	2			0
Picture	222	other				2276446	1	1999	3	0	1920
Sound	52	other				2284575	1			8130
Sound	62	hit	1	7220	2	2288424	1			0
Picture	121	other				2323607	3	2000	5	0	1920
Sound	52	other				2331346	1			7740
Sound	61	hit	1	6647	3	2335597	1			0
Picture	1	other				2370770	1	2000	2	0	1920
Sound	61	hit	1	3684	3	2382770	1			0
Picture	101	other				2416932	2	2000	3	0	1920
Sound	61	hit	1	6705	2	2428925	1			0
Picture	2	other				2464927	2	2000	4	0	1920
Sound	62	hit	1	5666	3	2476906	1			0
Picture	202	other				2511923	1	2000	2	0	1920
Sound	62	hit	1	4640	3	2523899	2			0
Picture	14	other				2558585	2	2000	3	0	1920
Sound	51	other				2562305	1			3720
Sound	64	hit	2	6054	2	2570564	1			0
Picture	202	other				2604747	2	2000	3	0	1920
Sound	62	hit	1	10402	2	2616719	1			0
Picture	3	other				2651409	2	2000	4	0	1920
Sound	63	hit	2	5812	2	2663383	1			0
Picture	2	other				2698404	3	2001	4	0	1920
Sound	62	hit	1	8973	3	2710376	1			0
Picture	103	other				2744900	2	2000	4	0	1920
Sound	63	hit	2	7954	3	2756890	2			0
Picture	214	other				2792896	1	2000	2	0	1920
Sound	51	other				2796295	2			3400
Sound	64	hit	2	7246	2	2804872	1			0
Picture	101	other				2839225	1	1999	3	0	1920
Sound	61	hit	1	4339	3	2851206	2			0
Picture	12	other				2887053	2	2000	4	0	1920
Sound	51	other				2890332	2			3280
Sound	62	hit	1	7266	2	2899038	1			0
Picture	21	other				2933382	2	2000	3	0	1920
Sound	52	other				2941561	2			8180
Sound	61	hit	1	5297	2	2945373	1			0
Picture	4	other				2980211	1	2000	2	0	1920
Sound	64	hit	2	5393	4	2992186	2			0
Picture	204	other				3028040	1	2000	2	0	1920
Sound	64	hit	2	5766	3	3040018	1			0
Picture	3	other				3074702	1	2000	2	0	1920
Sound	63	hit	2	7170	2	3086682	1			0
Picture	202	other				3121364	2	2000	3	0	1920
Sound	62	hit	1	7360	2	3133346	1			0
