Scenario - 17_March_2015
Logfile written - 06/20/2017 10:32:44

Subject	Trial	Event Type	Code	Time	TTime	Uncertainty	Duration	Uncertainty	ReqTime	ReqDur	Stim Type	Pair Index

vauch	1	Response	253	35875	45708	1
vauch	2	Picture	10	35995	0	1	20164	3	0	20000	other	0
vauch	3	Picture	10	56326	0	1	40163	2	0	40000	other	0
vauch	3	Response	251	71205	14879	1
vauch	4	Picture	10	96655	0	2	40163	4	0	40000	other	0
vauch	4	Response	252	110377	13722	1
vauch	5	Nothing	91	136821	0	1			0		other	0
vauch	6	Picture	204	166982	0	1	2000	2	0	1920	other	0
vauch	7	Sound	64	178963	0	1			0		hit	10
vauch	7	Response	252	185974	7011	1
vauch	8	Picture	202	213644	0	2	2000	3	0	1920	other	0
vauch	9	Sound	62	225627	0	1			0		hit	13
vauch	9	Response	251	231427	5800	1
vauch	10	Picture	111	261473	0	1	2000	2	0	1920	other	0
vauch	10	Sound	51	265572	4099	1			4100		other	0
vauch	11	Sound	61	273458	0	1			0		hit	17
vauch	11	Response	251	279241	5783	1
vauch	12	Picture	204	307635	0	2	2000	3	0	1920	other	0
vauch	13	Sound	64	319613	0	2			0		hit	20
vauch	13	Response	252	325348	5735	1
vauch	14	Picture	113	355631	0	1	1999	3	0	1920	other	0
vauch	14	Sound	51	360470	4839	2			4840		other	0
vauch	15	Sound	63	367624	0	2			0		hit	24
vauch	15	Response	252	374993	7369	2
vauch	16	Picture	202	402459	0	2	2000	3	0	1920	other	0
vauch	17	Sound	62	414438	0	1			0		hit	27
vauch	17	Response	251	422769	8331	1
vauch	18	Picture	12	449788	0	2	2000	3	0	1920	other	0
vauch	18	Sound	51	453527	3739	2			3740		other	0
vauch	19	Sound	62	461761	0	1			0		hit	31
vauch	19	Response	251	469338	7577	2
vauch	20	Picture	4	496284	0	1	1999	3	0	1920	other	0
vauch	21	Sound	64	508275	0	1			0		hit	34
vauch	21	Response	252	522775	14500	1
vauch	22	Picture	4	543946	0	1	1999	3	0	1920	other	0
vauch	23	Sound	64	555927	0	1			0		hit	37
vauch	23	Response	252	561457	5530	2
vauch	24	Picture	23	591274	0	2	2000	4	0	1920	other	0
vauch	24	Sound	52	597423	6149	2			6150		other	0
vauch	25	Sound	63	603250	0	1			0		hit	41
vauch	25	Response	252	609801	6551	2
vauch	26	Picture	3	638770	0	1	2000	2	0	1920	other	0
vauch	27	Sound	63	650752	0	1			0		hit	44
vauch	27	Response	252	656370	5618	2
vauch	28	Picture	1	685265	0	2	2000	4	0	1920	other	0
vauch	29	Sound	61	697236	0	1			0		hit	47
vauch	29	Response	251	701622	4386	1
vauch	30	Picture	2	731594	0	2	2000	3	0	1920	other	0
vauch	31	Sound	62	743571	0	1			0		hit	50
vauch	31	Response	251	749443	5872	1
vauch	32	Picture	101	778590	0	1	1999	3	0	1920	other	0
vauch	33	Sound	61	790564	0	2			0		hit	53
vauch	33	Response	251	794920	4356	2
vauch	34	Picture	4	824752	0	2	2000	4	0	1920	other	0
vauch	35	Sound	64	836749	0	2			0		hit	56
vauch	35	Response	252	842777	6028	2
vauch	36	Picture	4	872081	0	1	2000	2	0	1920	other	0
vauch	37	Sound	64	884072	0	1			0		hit	59
vauch	37	Response	252	888992	4920	1
vauch	38	Picture	1	919076	0	2	2000	3	0	1920	other	0
vauch	39	Sound	61	931065	0	1			0		hit	62
vauch	39	Response	251	941249	10184	1
vauch	40	Picture	1	965572	0	1	1999	3	0	1920	other	0
vauch	41	Sound	61	977550	0	1			0		hit	65
vauch	41	Response	251	981522	3972	1
vauch	42	Picture	101	1012900	0	2	2000	4	0	1920	other	0
vauch	43	Sound	61	1024872	0	2			0		hit	68
vauch	43	Response	251	1028889	4017	2
vauch	44	Picture	101	1059729	0	2	2000	4	0	1920	other	0
vauch	45	Sound	61	1071716	0	1			0		hit	71
vauch	45	Response	251	1076160	4444	1
vauch	46	Picture	2	1105891	0	2	2000	4	0	1920	other	0
vauch	47	Sound	62	1117871	0	1			0		hit	74
vauch	47	Response	251	1123198	5327	2
vauch	48	Picture	204	1152220	0	2	2000	4	0	1920	other	0
vauch	49	Sound	64	1164206	0	1			0		hit	77
vauch	49	Response	252	1170550	6344	2
vauch	50	Picture	24	1198883	0	1	1999	3	0	1920	other	0
vauch	50	Sound	52	1205902	7019	2			7020		other	0
vauch	51	Sound	64	1210870	0	1			0		hit	81
vauch	51	Response	252	1216907	6037	1
vauch	52	Picture	4	1245378	0	2	2000	3	0	1920	other	0
vauch	53	Sound	64	1257354	0	2			0		hit	84
vauch	53	Response	252	1262639	5285	1
vauch	54	Picture	224	1293207	0	1	2000	2	0	1920	other	0
vauch	54	Sound	52	1298937	5730	1			5730		other	0
vauch	55	Sound	64	1305186	0	1			0		hit	88
vauch	55	Response	252	1310288	5102	1
vauch	56	Picture	1	1340369	0	2	2000	3	0	1920	other	0
vauch	57	Sound	61	1352359	0	1			0		hit	91
vauch	57	Response	251	1361308	8949	1
vauch	58	Picture	212	1387531	0	2	2000	3	0	1920	other	0
vauch	58	Sound	51	1390640	3109	2			3110		other	0
vauch	59	Sound	62	1399502	0	1			0		hit	95
vauch	59	Response	251	1403657	4155	2
vauch	60	Picture	13	1435193	0	2	2000	3	0	1920	other	0
vauch	60	Sound	51	1438892	3699	1			3700		other	0
vauch	61	Sound	63	1447184	0	1			0		hit	99
vauch	61	Response	252	1453573	6389	1
vauch	62	Picture	202	1481689	0	1	1999	3	0	1920	other	0
vauch	63	Sound	62	1493668	0	1			0		hit	102
vauch	63	Response	251	1499639	5971	1
vauch	64	Picture	204	1529018	0	1	1999	3	0	1920	other	0
vauch	65	Sound	64	1540990	0	2			0		hit	105
vauch	65	Response	252	1549228	8238	2
vauch	66	Picture	1	1575513	0	1	2000	2	0	1920	other	0
vauch	67	Sound	61	1587505	0	1			0		hit	108
vauch	67	Response	251	1592618	5113	2
vauch	68	Picture	22	1621842	0	1	2000	2	0	1920	other	0
vauch	68	Sound	52	1627931	6089	2			6090		other	0
vauch	69	Sound	62	1633840	0	1			0		hit	112
vauch	69	Response	251	1640147	6307	1
vauch	70	Picture	123	1669171	0	1	1999	3	0	1920	other	0
vauch	70	Sound	52	1676840	7669	1			7670		other	0
vauch	71	Sound	63	1681162	0	2			0		incorrect	116
vauch	71	Response	251	1686115	4953	1
vauch	71	Response	252	1694838	13676	2
vauch	72	Picture	2	1716499	0	2	2000	4	0	1920	other	0
vauch	73	Sound	62	1728485	0	1			0		hit	120
vauch	73	Response	251	1736902	8417	1
vauch	74	Picture	103	1762995	0	1	2000	2	0	1920	other	0
vauch	75	Sound	63	1774969	0	2			0		hit	123
vauch	75	Response	252	1783803	8834	2
vauch	76	Picture	204	1809490	0	2	2000	4	0	1920	other	0
vauch	77	Sound	64	1821484	0	1			0		hit	126
vauch	77	Response	252	1825934	4450	2
vauch	78	Picture	214	1857319	0	2	2000	3	0	1920	other	0
vauch	78	Sound	51	1861588	4269	2			4270		other	0
vauch	79	Sound	64	1869315	0	1			0		hit	130
vauch	79	Response	252	1873314	3999	1
vauch	80	Picture	202	1904981	0	2	2000	3	0	1920	other	0
vauch	81	Sound	62	1916967	0	1			0		hit	133
vauch	81	Response	251	1922207	5240	1
vauch	82	Picture	101	1952810	0	1	2000	2	0	1920	other	0
vauch	83	Sound	61	1964798	0	2			0		hit	136
vauch	83	Response	251	1968753	3955	1
vauch	84	Picture	2	1999805	0	2	2000	4	0	1920	other	0
vauch	85	Sound	62	2011792	0	1			0		hit	139
vauch	85	Response	251	2017717	5925	1
vauch	86	Picture	202	2047301	0	1	2000	2	0	1920	other	0
vauch	87	Sound	62	2059294	0	1			0		hit	142
vauch	87	Response	251	2062801	3507	1
vauch	88	Picture	1	2095129	0	2	2000	4	0	1920	other	0
vauch	89	Sound	61	2107125	0	2			0		hit	145
vauch	89	Response	251	2112007	4882	2
vauch	90	Picture	2	2141625	0	2	2000	3	0	1920	other	0
vauch	91	Sound	62	2153610	0	1			0		hit	148
vauch	91	Response	251	2157632	4022	1
vauch	92	Picture	204	2188287	0	2	2000	3	0	1920	other	0
vauch	93	Sound	64	2200274	0	1			0		hit	151
vauch	93	Response	252	2206102	5828	1
vauch	94	Picture	14	2234949	0	2	2000	4	0	1920	other	0
vauch	94	Sound	51	2239458	4509	1			4510		other	0
vauch	95	Sound	64	2246938	0	1			0		hit	155
vauch	95	Response	252	2253087	6149	1
vauch	96	Picture	222	2282611	0	2	2000	4	0	1920	other	0
vauch	96	Sound	52	2290580	7969	2			7970		other	0
vauch	97	Sound	62	2294590	0	1			0		hit	159
vauch	97	Response	251	2302332	7742	1
vauch	98	Picture	103	2329440	0	2	2000	4	0	1920	other	0
vauch	99	Sound	63	2341433	0	2			0		hit	162
vauch	99	Response	252	2347732	6299	1
vauch	100	Picture	2	2377269	0	1	1999	3	0	1920	other	0
vauch	101	Sound	62	2389265	0	1			0		hit	165
vauch	101	Response	251	2397520	8255	2
vauch	102	Picture	103	2424931	0	1	2000	2	0	1920	other	0
vauch	103	Sound	63	2436917	0	1			0		hit	168
vauch	103	Response	252	2443205	6288	1
vauch	104	Picture	11	2472926	0	2	2000	4	0	1920	other	0
vauch	104	Sound	51	2476715	3789	1			3790		other	0
vauch	105	Sound	61	2484898	0	1			0		hit	172
vauch	105	Response	251	2490217	5319	2
vauch	106	Picture	103	2520089	0	1	2000	2	0	1920	other	0
vauch	107	Sound	63	2532071	0	1			0		hit	175
vauch	107	Response	252	2538639	6568	1
vauch	108	Picture	3	2567750	0	2	2000	4	0	1920	other	0
vauch	109	Sound	63	2579722	0	2			0		hit	178
vauch	109	Response	252	2585200	5478	1
vauch	110	Picture	103	2615579	0	2	2000	4	0	1920	other	0
vauch	111	Sound	63	2627554	0	1			0		hit	181
vauch	111	Response	252	2636416	8862	1
vauch	112	Picture	121	2661741	0	2	2000	4	0	1920	other	0
vauch	112	Sound	52	2667381	5640	1			5640		other	0
vauch	113	Sound	61	2673739	0	1			0		hit	185
vauch	113	Response	251	2678895	5156	2
vauch	114	Picture	103	2709904	0	1	1999	3	0	1920	other	0
vauch	115	Sound	63	2721900	0	1			0		hit	188
vauch	115	Response	252	2731823	9923	1
vauch	116	Picture	3	2757232	0	2	2000	4	0	1920	other	0
vauch	117	Sound	63	2769222	0	1			0		hit	191
vauch	117	Response	252	2774640	5418	2
vauch	118	Picture	101	2805228	0	1	1999	3	0	1920	other	0
vauch	119	Sound	61	2817203	0	1			0		hit	194
vauch	119	Response	251	2821934	4731	1
vauch	120	Picture	21	2851557	0	1	1999	3	0	1920	other	0
vauch	120	Sound	52	2859976	8419	2			8420		other	0
vauch	121	Sound	61	2863538	0	1			0		hit	198
vauch	121	Response	251	2868150	4612	2
vauch	122	Picture	202	2899052	0	2	2000	3	0	1920	other	0
vauch	123	Sound	62	2911040	0	2			0		hit	201
vauch	123	Response	251	2917593	6553	2
vauch	124	Picture	3	2946714	0	2	2000	3	0	1920	other	0
vauch	125	Sound	63	2958692	0	1			0		hit	204
vauch	125	Response	252	2964974	6282	1
vauch	126	Picture	4	2993543	0	1	2000	2	0	1920	other	0
vauch	127	Sound	64	3005536	0	1			0		hit	207
vauch	127	Response	252	3011185	5649	2
vauch	128	Picture	3	3040872	0	1	2000	2	0	1920	other	0
vauch	129	Sound	63	3052858	0	2			0		hit	210
vauch	129	Response	252	3067689	14831	2
vauch	130	Picture	3	3087867	0	2	2000	3	0	1920	other	0
vauch	131	Sound	63	3099852	0	1			0		hit	213
vauch	131	Response	252	3104907	5055	2
vauch	132	Picture	101	3134363	0	1	1999	3	0	1920	other	0
vauch	133	Sound	61	3146336	0	1			0		hit	216
vauch	133	Response	251	3152183	5847	1
vauch	134	Response	253	4318163	1135805	1


Event Type	Code	Type	Response	RT	RT Uncertainty	Time	Uncertainty	Duration	Uncertainty	ReqTime	ReqDur

Picture	10	other				35995	1	20164	3	0	20000
Picture	10	other				56326	1	40163	2	0	40000
Picture	10	other				96655	2	40163	4	0	40000
Nothing	91	other				136821	1			0
Picture	204	other				166982	1	2000	2	0	1920
Sound	64	hit	2	7011	2	178963	1			0
Picture	202	other				213644	2	2000	3	0	1920
Sound	62	hit	1	5800	2	225627	1			0
Picture	111	other				261473	1	2000	2	0	1920
Sound	51	other				265572	1			4100
Sound	61	hit	1	5783	2	273458	1			0
Picture	204	other				307635	2	2000	3	0	1920
Sound	64	hit	2	5735	3	319613	2			0
Picture	113	other				355631	1	1999	3	0	1920
Sound	51	other				360470	2			4840
Sound	63	hit	2	7369	4	367624	2			0
Picture	202	other				402459	2	2000	3	0	1920
Sound	62	hit	1	8331	2	414438	1			0
Picture	12	other				449788	2	2000	3	0	1920
Sound	51	other				453527	2			3740
Sound	62	hit	1	7577	3	461761	1			0
Picture	4	other				496284	1	1999	3	0	1920
Sound	64	hit	2	14500	2	508275	1			0
Picture	4	other				543946	1	1999	3	0	1920
Sound	64	hit	2	5530	3	555927	1			0
Picture	23	other				591274	2	2000	4	0	1920
Sound	52	other				597423	2			6150
Sound	63	hit	2	6551	3	603250	1			0
Picture	3	other				638770	1	2000	2	0	1920
Sound	63	hit	2	5618	3	650752	1			0
Picture	1	other				685265	2	2000	4	0	1920
Sound	61	hit	1	4386	2	697236	1			0
Picture	2	other				731594	2	2000	3	0	1920
Sound	62	hit	1	5872	2	743571	1			0
Picture	101	other				778590	1	1999	3	0	1920
Sound	61	hit	1	4356	4	790564	2			0
Picture	4	other				824752	2	2000	4	0	1920
Sound	64	hit	2	6028	4	836749	2			0
Picture	4	other				872081	1	2000	2	0	1920
Sound	64	hit	2	4920	2	884072	1			0
Picture	1	other				919076	2	2000	3	0	1920
Sound	61	hit	1	10184	2	931065	1			0
Picture	1	other				965572	1	1999	3	0	1920
Sound	61	hit	1	3972	2	977550	1			0
Picture	101	other				1012900	2	2000	4	0	1920
Sound	61	hit	1	4017	4	1024872	2			0
Picture	101	other				1059729	2	2000	4	0	1920
Sound	61	hit	1	4444	2	1071716	1			0
Picture	2	other				1105891	2	2000	4	0	1920
Sound	62	hit	1	5327	3	1117871	1			0
Picture	204	other				1152220	2	2000	4	0	1920
Sound	64	hit	2	6344	3	1164206	1			0
Picture	24	other				1198883	1	1999	3	0	1920
Sound	52	other				1205902	2			7020
Sound	64	hit	2	6037	2	1210870	1			0
Picture	4	other				1245378	2	2000	3	0	1920
Sound	64	hit	2	5285	3	1257354	2			0
Picture	224	other				1293207	1	2000	2	0	1920
Sound	52	other				1298937	1			5730
Sound	64	hit	2	5102	2	1305186	1			0
Picture	1	other				1340369	2	2000	3	0	1920
Sound	61	hit	1	8949	2	1352359	1			0
Picture	212	other				1387531	2	2000	3	0	1920
Sound	51	other				1390640	2			3110
Sound	62	hit	1	4155	3	1399502	1			0
Picture	13	other				1435193	2	2000	3	0	1920
Sound	51	other				1438892	1			3700
Sound	63	hit	2	6389	2	1447184	1			0
Picture	202	other				1481689	1	1999	3	0	1920
Sound	62	hit	1	5971	2	1493668	1			0
Picture	204	other				1529018	1	1999	3	0	1920
Sound	64	hit	2	8238	4	1540990	2			0
Picture	1	other				1575513	1	2000	2	0	1920
Sound	61	hit	1	5113	3	1587505	1			0
Picture	22	other				1621842	1	2000	2	0	1920
Sound	52	other				1627931	2			6090
Sound	62	hit	1	6307	2	1633840	1			0
Picture	123	other				1669171	1	1999	3	0	1920
Sound	52	other				1676840	1			7670
Sound	63	incorrect	1	4953	3	1681162	2			0
Picture	2	other				1716499	2	2000	4	0	1920
Sound	62	hit	1	8417	2	1728485	1			0
Picture	103	other				1762995	1	2000	2	0	1920
Sound	63	hit	2	8834	4	1774969	2			0
Picture	204	other				1809490	2	2000	4	0	1920
Sound	64	hit	2	4450	3	1821484	1			0
Picture	214	other				1857319	2	2000	3	0	1920
Sound	51	other				1861588	2			4270
Sound	64	hit	2	3999	2	1869315	1			0
Picture	202	other				1904981	2	2000	3	0	1920
Sound	62	hit	1	5240	2	1916967	1			0
Picture	101	other				1952810	1	2000	2	0	1920
Sound	61	hit	1	3955	3	1964798	2			0
Picture	2	other				1999805	2	2000	4	0	1920
Sound	62	hit	1	5925	2	2011792	1			0
Picture	202	other				2047301	1	2000	2	0	1920
Sound	62	hit	1	3507	2	2059294	1			0
Picture	1	other				2095129	2	2000	4	0	1920
Sound	61	hit	1	4882	4	2107125	2			0
Picture	2	other				2141625	2	2000	3	0	1920
Sound	62	hit	1	4022	2	2153610	1			0
Picture	204	other				2188287	2	2000	3	0	1920
Sound	64	hit	2	5828	2	2200274	1			0
Picture	14	other				2234949	2	2000	4	0	1920
Sound	51	other				2239458	1			4510
Sound	64	hit	2	6149	2	2246938	1			0
Picture	222	other				2282611	2	2000	4	0	1920
Sound	52	other				2290580	2			7970
Sound	62	hit	1	7742	2	2294590	1			0
Picture	103	other				2329440	2	2000	4	0	1920
Sound	63	hit	2	6299	3	2341433	2			0
Picture	2	other				2377269	1	1999	3	0	1920
Sound	62	hit	1	8255	3	2389265	1			0
Picture	103	other				2424931	1	2000	2	0	1920
Sound	63	hit	2	6288	2	2436917	1			0
Picture	11	other				2472926	2	2000	4	0	1920
Sound	51	other				2476715	1			3790
Sound	61	hit	1	5319	3	2484898	1			0
Picture	103	other				2520089	1	2000	2	0	1920
Sound	63	hit	2	6568	2	2532071	1			0
Picture	3	other				2567750	2	2000	4	0	1920
Sound	63	hit	2	5478	3	2579722	2			0
Picture	103	other				2615579	2	2000	4	0	1920
Sound	63	hit	2	8862	2	2627554	1			0
Picture	121	other				2661741	2	2000	4	0	1920
Sound	52	other				2667381	1			5640
Sound	61	hit	1	5156	3	2673739	1			0
Picture	103	other				2709904	1	1999	3	0	1920
Sound	63	hit	2	9923	2	2721900	1			0
Picture	3	other				2757232	2	2000	4	0	1920
Sound	63	hit	2	5418	3	2769222	1			0
Picture	101	other				2805228	1	1999	3	0	1920
Sound	61	hit	1	4731	2	2817203	1			0
Picture	21	other				2851557	1	1999	3	0	1920
Sound	52	other				2859976	2			8420
Sound	61	hit	1	4612	3	2863538	1			0
Picture	202	other				2899052	2	2000	3	0	1920
Sound	62	hit	1	6553	4	2911040	2			0
Picture	3	other				2946714	2	2000	3	0	1920
Sound	63	hit	2	6282	2	2958692	1			0
Picture	4	other				2993543	1	2000	2	0	1920
Sound	64	hit	2	5649	3	3005536	1			0
Picture	3	other				3040872	1	2000	2	0	1920
Sound	63	hit	2	14831	4	3052858	2			0
Picture	3	other				3087867	2	2000	3	0	1920
Sound	63	hit	2	5055	3	3099852	1			0
Picture	101	other				3134363	1	1999	3	0	1920
Sound	61	hit	1	5847	2	3146336	1			0
