Scenario - 17_March_2015
Logfile written - 06/28/2017 16:34:57

Subject	Trial	Event Type	Code	Time	TTime	Uncertainty	Duration	Uncertainty	ReqTime	ReqDur	Stim Type	Pair Index

amaya	1	Response	253	51438	61106	5
amaya	2	Picture	10	51492	0	3	20165	6	0	20000	other	0
amaya	3	Picture	10	71823	0	3	40162	6	0	40000	other	0
amaya	3	Response	251	86274	14451	2
amaya	4	Picture	10	112152	0	3	40163	5	0	40000	other	0
amaya	4	Response	252	127077	14925	2
amaya	5	Nothing	91	152322	0	1			0		other	0
amaya	6	Picture	12	182812	0	3	2000	6	0	1920	other	0
amaya	6	Sound	51	187922	5110	1			5110		other	0
amaya	7	Sound	62	194802	0	1			0		hit	11
amaya	7	Response	251	199660	4858	2
amaya	8	Picture	3	229473	0	3	2000	6	0	1920	other	0
amaya	9	Sound	63	241465	0	2			0		hit	14
amaya	9	Response	252	246683	5218	2
amaya	10	Picture	22	276970	0	3	1999	6	0	1920	other	0
amaya	10	Sound	52	285209	8239	2			8240		other	0
amaya	11	Sound	62	288967	0	2			0		hit	18
amaya	11	Response	251	294334	5367	2
amaya	12	Picture	204	323298	0	3	2000	5	0	1920	other	0
amaya	13	Sound	64	335302	0	2			0		hit	21
amaya	13	Response	252	340496	5194	2
amaya	14	Picture	204	369960	0	3	2000	6	0	1920	other	0
amaya	15	Sound	64	381966	0	2			0		hit	24
amaya	15	Response	252	388180	6214	2
amaya	16	Picture	2	417455	0	3	2000	6	0	1920	other	0
amaya	17	Sound	62	429438	0	2			0		hit	27
amaya	17	Response	251	433897	4459	2
amaya	18	Picture	2	464284	0	3	2000	8	0	1920	other	0
amaya	19	Sound	62	476281	0	2			0		hit	30
amaya	19	Response	251	480490	4209	2
amaya	20	Picture	204	510612	0	3	2001	6	0	1920	other	0
amaya	21	Sound	64	522616	0	2			0		hit	33
amaya	21	Response	252	526830	4214	3
amaya	22	Picture	1	557108	0	3	2000	6	0	1920	other	0
amaya	23	Sound	61	569100	0	2			0		hit	36
amaya	23	Response	251	573217	4117	3
amaya	24	Picture	123	604436	0	3	2001	6	0	1920	other	0
amaya	24	Sound	52	611505	7069	2			7070		other	0
amaya	25	Sound	63	616423	0	2			0		hit	40
amaya	25	Response	252	624137	7714	2
amaya	26	Picture	103	650932	0	3	2000	6	0	1920	other	0
amaya	27	Sound	63	662937	0	2			0		hit	43
amaya	27	Response	252	668194	5257	2
amaya	28	Picture	11	698427	0	3	2000	6	0	1920	other	0
amaya	28	Sound	51	703066	4639	2			4640		other	0
amaya	29	Sound	61	710410	0	3			0		hit	47
amaya	29	Response	251	715258	4848	2
amaya	30	Picture	202	745589	0	3	2000	6	0	1920	other	0
amaya	31	Sound	62	757582	0	2			0		hit	50
amaya	31	Response	251	761840	4258	2
amaya	32	Picture	204	792751	0	3	2000	6	0	1920	other	0
amaya	33	Sound	64	804755	0	2			0		hit	53
amaya	33	Response	252	812903	8148	2
amaya	34	Picture	101	839081	0	3	1999	5	0	1920	other	0
amaya	35	Sound	61	851060	0	1			0		hit	56
amaya	35	Response	251	854652	3592	3
amaya	36	Picture	4	885742	0	3	2000	6	0	1920	other	0
amaya	37	Sound	64	897724	0	1			0		hit	59
amaya	37	Response	252	902723	4999	3
amaya	38	Picture	1	932071	0	3	2000	6	0	1920	other	0
amaya	39	Sound	61	944058	0	2			0		hit	62
amaya	39	Response	251	949566	5508	4
amaya	40	Picture	1	979399	0	3	2001	5	0	1920	other	0
amaya	41	Sound	61	991381	0	2			0		hit	65
amaya	41	Response	251	996873	5492	2
amaya	42	Picture	103	1026895	0	3	1999	6	0	1920	other	0
amaya	43	Sound	63	1038883	0	3			0		hit	68
amaya	43	Response	252	1046448	7565	2
amaya	44	Picture	202	1074390	0	3	2000	6	0	1920	other	0
amaya	45	Sound	62	1086385	0	3			0		hit	71
amaya	45	Response	251	1092124	5739	2
amaya	46	Picture	103	1120717	0	5	2001	8	0	1920	other	0
amaya	47	Sound	63	1132719	0	2			0		hit	74
amaya	47	Response	252	1141183	8464	3
amaya	48	Picture	2	1167215	0	2	1999	4	0	1920	other	0
amaya	49	Sound	62	1179204	0	1			0		hit	77
amaya	49	Response	251	1184095	4891	2
amaya	50	Picture	204	1215209	0	3	2000	5	0	1920	other	0
amaya	51	Sound	64	1227214	0	2			0		hit	80
amaya	51	Response	252	1236917	9703	2
amaya	52	Picture	103	1262038	0	2	1999	5	0	1920	other	0
amaya	53	Sound	63	1274028	0	2			0		hit	83
amaya	53	Response	252	1283259	9231	2
amaya	54	Picture	101	1309199	0	4	2001	6	0	1920	other	0
amaya	55	Sound	61	1321201	0	1			0		hit	86
amaya	55	Response	251	1326374	5173	2
amaya	56	Picture	3	1356196	0	2	1999	4	0	1920	other	0
amaya	57	Sound	63	1368194	0	2			0		hit	89
amaya	57	Response	252	1376283	8089	2
amaya	58	Picture	103	1403191	0	3	1999	7	0	1920	false_alarm	91
amaya	58	Response	251	1413522	10331	2
amaya	59	Sound	63	1415217	0	2			0		miss	0
amaya	60	Picture	23	1450017	0	5	2000	9	0	1920	other	0
amaya	60	Sound	52	1456436	6419	3			6420		other	0
amaya	61	Sound	63	1462000	0	2			0		hit	96
amaya	61	Response	252	1473314	11314	2
amaya	62	Picture	24	1498015	0	5	2000	11	0	1920	other	0
amaya	62	Sound	52	1504304	6289	2			6290		other	0
amaya	63	Sound	64	1510012	0	2			0		hit	100
amaya	63	Response	252	1516764	6752	2
amaya	64	Picture	3	1545677	0	2	2000	4	0	1920	other	0
amaya	65	Sound	63	1557664	0	3			0		hit	103
amaya	65	Response	252	1564239	6575	2
amaya	66	Picture	4	1592505	0	4	2000	7	0	1920	other	0
amaya	67	Sound	64	1604506	0	2			0		hit	106
amaya	67	Response	252	1614126	9620	2
amaya	68	Picture	2	1640000	0	3	2001	5	0	1920	other	0
amaya	69	Sound	62	1651979	0	2			0		hit	109
amaya	69	Response	251	1656305	4326	2
amaya	70	Picture	202	1686829	0	3	1999	6	0	1920	other	0
amaya	71	Sound	62	1698822	0	2			0		hit	112
amaya	71	Response	251	1706055	7233	2
amaya	72	Picture	101	1733658	0	3	1999	6	0	1920	other	0
amaya	73	Sound	61	1745636	0	2			0		hit	115
amaya	73	Response	251	1750557	4921	3
amaya	74	Picture	4	1781486	0	3	2000	6	0	1920	other	0
amaya	75	Sound	64	1793467	0	2			0		hit	118
amaya	75	Response	252	1798669	5202	2
amaya	76	Picture	212	1827981	0	4	2001	7	0	1920	other	0
amaya	76	Sound	51	1832611	4630	2			4630		other	0
amaya	77	Sound	62	1839982	0	3			0		hit	122
amaya	77	Response	251	1845071	5089	3
amaya	78	Picture	101	1874978	0	3	1999	7	0	1920	other	0
amaya	79	Sound	61	1886974	0	2			0		hit	125
amaya	79	Response	251	1896843	9869	3
amaya	80	Picture	1	1923139	0	3	1999	7	0	1920	other	0
amaya	81	Sound	61	1935135	0	2			0		hit	128
amaya	81	Response	251	1940924	5789	2
amaya	82	Picture	224	1970300	0	3	2001	6	0	1920	other	0
amaya	82	Sound	52	1976410	6110	1			6110		other	0
amaya	83	Sound	64	1982278	0	4			0		hit	132
amaya	83	Response	252	1987035	4757	2
amaya	84	Picture	13	2017628	0	5	2002	7	0	1920	other	0
amaya	84	Sound	51	2021038	3410	2			3410		other	0
amaya	85	Sound	63	2029630	0	2			0		hit	136
amaya	85	Response	252	2035279	5649	2
amaya	86	Picture	101	2065458	0	3	2001	5	0	1920	other	0
amaya	87	Sound	61	2077461	0	2			0		hit	139
amaya	87	Response	251	2085307	7846	3
amaya	88	Picture	2	2113120	0	3	2000	6	0	1920	other	0
amaya	89	Sound	62	2125113	0	2			0		hit	142
amaya	89	Response	251	2132483	7370	2
amaya	90	Picture	121	2161283	0	2	1999	5	0	1920	other	0
amaya	90	Sound	52	2166943	5660	2			5660		other	0
amaya	91	Sound	61	2173273	0	2			0		hit	146
amaya	91	Response	251	2177866	4593	2
amaya	92	Picture	202	2209111	0	2	2000	5	0	1920	other	0
amaya	93	Sound	62	2221105	0	2			0		hit	149
amaya	93	Response	251	2225635	4530	2
amaya	94	Picture	4	2256272	0	3	2000	6	0	1920	other	0
amaya	95	Sound	64	2268278	0	2			0		hit	152
amaya	95	Response	252	2274199	5921	3
amaya	96	Picture	3	2304267	0	3	2001	6	0	1920	other	0
amaya	97	Sound	63	2316259	0	2			0		hit	155
amaya	97	Response	252	2324128	7869	2
amaya	98	Picture	2	2350429	0	3	2001	5	0	1920	other	0
amaya	99	Sound	62	2362414	0	2			0		hit	158
amaya	99	Response	251	2366754	4340	2
amaya	100	Picture	222	2397092	0	3	2000	6	0	1920	other	0
amaya	100	Sound	52	2405362	8270	2			8270		other	0
amaya	101	Sound	62	2409078	0	2			0		hit	162
amaya	101	Response	251	2416355	7277	2
amaya	102	Picture	101	2443421	0	3	2000	5	0	1920	other	0
amaya	103	Sound	61	2455413	0	2			0		hit	165
amaya	103	Response	251	2460903	5490	2
amaya	104	Picture	103	2490414	0	5	2000	10	0	1920	other	0
amaya	105	Sound	63	2502406	0	2			0		hit	168
amaya	105	Response	252	2510176	7770	2
amaya	106	Picture	111	2538078	0	2	2000	4	0	1920	other	0
amaya	106	Sound	51	2540917	2839	2			2840		other	0
amaya	107	Sound	61	2550057	0	4			0		hit	172
amaya	107	Response	251	2554428	4371	4
amaya	108	Picture	204	2585906	0	3	2001	5	0	1920	other	0
amaya	109	Sound	64	2597889	0	3			0		hit	175
amaya	109	Response	252	2607258	9369	3
amaya	110	Picture	14	2632902	0	2	2000	5	0	1920	other	0
amaya	110	Sound	51	2637400	4498	4			4500		other	0
amaya	111	Sound	64	2644882	0	2			0		hit	179
amaya	111	Response	252	2649626	4744	2
amaya	112	Picture	3	2679898	0	3	1999	6	0	1920	other	0
amaya	113	Sound	63	2691905	0	3			0		hit	182
amaya	113	Response	252	2698280	6375	4
amaya	114	Picture	202	2727560	0	3	2000	7	0	1920	other	0
amaya	115	Sound	62	2739557	0	1			0		hit	185
amaya	115	Response	251	2745332	5775	7
amaya	116	Picture	3	2775055	0	3	1999	6	0	1920	other	0
amaya	117	Sound	63	2787059	0	1			0		hit	188
amaya	117	Response	252	2797286	10227	2
amaya	118	Picture	4	2821549	0	3	2001	6	0	1920	other	0
amaya	119	Sound	64	2833543	0	2			0		hit	191
amaya	119	Response	252	2840119	6576	2
amaya	120	Picture	113	2868212	0	3	1998	8	0	1920	other	0
amaya	120	Sound	51	2873121	4909	2			4910		other	0
amaya	121	Sound	63	2880207	0	2			0		hit	195
amaya	121	Response	252	2887407	7200	2
amaya	122	Picture	1	2916374	0	3	1998	7	0	1920	other	0
amaya	123	Sound	61	2928367	0	2			0		hit	198
amaya	123	Response	251	2933240	4873	2
amaya	123	Response	251	2935777	7410	2
amaya	124	Picture	21	2964203	0	2	1998	6	0	1920	other	0
amaya	124	Sound	52	2971922	7719	3			7720		other	0
amaya	125	Sound	61	2976199	0	2			0		incorrect	203
amaya	125	Response	252	2988458	12259	2
amaya	126	Picture	1	3011697	0	5	2001	7	0	1920	other	0
amaya	127	Sound	61	3023701	0	1			0		hit	206
amaya	127	Response	251	3040247	16546	2
amaya	128	Picture	214	3059525	0	4	2000	7	0	1920	other	0
amaya	128	Sound	51	3062065	2540	2			2540		other	0
amaya	129	Sound	64	3071532	0	3			0		hit	210
amaya	129	Response	252	3078139	6607	2
amaya	130	Picture	4	3106855	0	3	2000	6	0	1920	other	0
amaya	131	Sound	64	3118854	0	2			0		hit	213
amaya	131	Response	252	3126503	7649	3
amaya	132	Picture	202	3155015	0	5	2002	10	0	1920	other	0
amaya	133	Sound	62	3167015	0	2			0		hit	216
amaya	133	Response	251	3172652	5637	2
amaya	134	Response	253	3402620	201108	4


Event Type	Code	Type	Response	RT	RT Uncertainty	Time	Uncertainty	Duration	Uncertainty	ReqTime	ReqDur

Picture	10	other				51492	3	20165	6	0	20000
Picture	10	other				71823	3	40162	6	0	40000
Picture	10	other				112152	3	40163	5	0	40000
Nothing	91	other				152322	1			0
Picture	12	other				182812	3	2000	6	0	1920
Sound	51	other				187922	1			5110
Sound	62	hit	1	4858	3	194802	1			0
Picture	3	other				229473	3	2000	6	0	1920
Sound	63	hit	2	5218	4	241465	2			0
Picture	22	other				276970	3	1999	6	0	1920
Sound	52	other				285209	2			8240
Sound	62	hit	1	5367	4	288967	2			0
Picture	204	other				323298	3	2000	5	0	1920
Sound	64	hit	2	5194	4	335302	2			0
Picture	204	other				369960	3	2000	6	0	1920
Sound	64	hit	2	6214	4	381966	2			0
Picture	2	other				417455	3	2000	6	0	1920
Sound	62	hit	1	4459	4	429438	2			0
Picture	2	other				464284	3	2000	8	0	1920
Sound	62	hit	1	4209	4	476281	2			0
Picture	204	other				510612	3	2001	6	0	1920
Sound	64	hit	2	4214	5	522616	2			0
Picture	1	other				557108	3	2000	6	0	1920
Sound	61	hit	1	4117	5	569100	2			0
Picture	123	other				604436	3	2001	6	0	1920
Sound	52	other				611505	2			7070
Sound	63	hit	2	7714	4	616423	2			0
Picture	103	other				650932	3	2000	6	0	1920
Sound	63	hit	2	5257	4	662937	2			0
Picture	11	other				698427	3	2000	6	0	1920
Sound	51	other				703066	2			4640
Sound	61	hit	1	4848	5	710410	3			0
Picture	202	other				745589	3	2000	6	0	1920
Sound	62	hit	1	4258	4	757582	2			0
Picture	204	other				792751	3	2000	6	0	1920
Sound	64	hit	2	8148	4	804755	2			0
Picture	101	other				839081	3	1999	5	0	1920
Sound	61	hit	1	3592	4	851060	1			0
Picture	4	other				885742	3	2000	6	0	1920
Sound	64	hit	2	4999	4	897724	1			0
Picture	1	other				932071	3	2000	6	0	1920
Sound	61	hit	1	5508	6	944058	2			0
Picture	1	other				979399	3	2001	5	0	1920
Sound	61	hit	1	5492	4	991381	2			0
Picture	103	other				1026895	3	1999	6	0	1920
Sound	63	hit	2	7565	5	1038883	3			0
Picture	202	other				1074390	3	2000	6	0	1920
Sound	62	hit	1	5739	5	1086385	3			0
Picture	103	other				1120717	5	2001	8	0	1920
Sound	63	hit	2	8464	5	1132719	2			0
Picture	2	other				1167215	2	1999	4	0	1920
Sound	62	hit	1	4891	3	1179204	1			0
Picture	204	other				1215209	3	2000	5	0	1920
Sound	64	hit	2	9703	4	1227214	2			0
Picture	103	other				1262038	2	1999	5	0	1920
Sound	63	hit	2	9231	4	1274028	2			0
Picture	101	other				1309199	4	2001	6	0	1920
Sound	61	hit	1	5173	3	1321201	1			0
Picture	3	other				1356196	2	1999	4	0	1920
Sound	63	hit	2	8089	4	1368194	2			0
Picture	103	false_alarm	1	10331	5	1403191	3	1999	7	0	1920
Sound	63	miss				1415217	2			0
Picture	23	other				1450017	5	2000	9	0	1920
Sound	52	other				1456436	3			6420
Sound	63	hit	2	11314	4	1462000	2			0
Picture	24	other				1498015	5	2000	11	0	1920
Sound	52	other				1504304	2			6290
Sound	64	hit	2	6752	4	1510012	2			0
Picture	3	other				1545677	2	2000	4	0	1920
Sound	63	hit	2	6575	5	1557664	3			0
Picture	4	other				1592505	4	2000	7	0	1920
Sound	64	hit	2	9620	4	1604506	2			0
Picture	2	other				1640000	3	2001	5	0	1920
Sound	62	hit	1	4326	4	1651979	2			0
Picture	202	other				1686829	3	1999	6	0	1920
Sound	62	hit	1	7233	4	1698822	2			0
Picture	101	other				1733658	3	1999	6	0	1920
Sound	61	hit	1	4921	5	1745636	2			0
Picture	4	other				1781486	3	2000	6	0	1920
Sound	64	hit	2	5202	4	1793467	2			0
Picture	212	other				1827981	4	2001	7	0	1920
Sound	51	other				1832611	2			4630
Sound	62	hit	1	5089	6	1839982	3			0
Picture	101	other				1874978	3	1999	7	0	1920
Sound	61	hit	1	9869	5	1886974	2			0
Picture	1	other				1923139	3	1999	7	0	1920
Sound	61	hit	1	5789	4	1935135	2			0
Picture	224	other				1970300	3	2001	6	0	1920
Sound	52	other				1976410	1			6110
Sound	64	hit	2	4757	6	1982278	4			0
Picture	13	other				2017628	5	2002	7	0	1920
Sound	51	other				2021038	2			3410
Sound	63	hit	2	5649	4	2029630	2			0
Picture	101	other				2065458	3	2001	5	0	1920
Sound	61	hit	1	7846	5	2077461	2			0
Picture	2	other				2113120	3	2000	6	0	1920
Sound	62	hit	1	7370	4	2125113	2			0
Picture	121	other				2161283	2	1999	5	0	1920
Sound	52	other				2166943	2			5660
Sound	61	hit	1	4593	4	2173273	2			0
Picture	202	other				2209111	2	2000	5	0	1920
Sound	62	hit	1	4530	4	2221105	2			0
Picture	4	other				2256272	3	2000	6	0	1920
Sound	64	hit	2	5921	5	2268278	2			0
Picture	3	other				2304267	3	2001	6	0	1920
Sound	63	hit	2	7869	4	2316259	2			0
Picture	2	other				2350429	3	2001	5	0	1920
Sound	62	hit	1	4340	4	2362414	2			0
Picture	222	other				2397092	3	2000	6	0	1920
Sound	52	other				2405362	2			8270
Sound	62	hit	1	7277	4	2409078	2			0
Picture	101	other				2443421	3	2000	5	0	1920
Sound	61	hit	1	5490	4	2455413	2			0
Picture	103	other				2490414	5	2000	10	0	1920
Sound	63	hit	2	7770	4	2502406	2			0
Picture	111	other				2538078	2	2000	4	0	1920
Sound	51	other				2540917	2			2840
Sound	61	hit	1	4371	8	2550057	4			0
Picture	204	other				2585906	3	2001	5	0	1920
Sound	64	hit	2	9369	6	2597889	3			0
Picture	14	other				2632902	2	2000	5	0	1920
Sound	51	other				2637400	4			4500
Sound	64	hit	2	4744	4	2644882	2			0
Picture	3	other				2679898	3	1999	6	0	1920
Sound	63	hit	2	6375	7	2691905	3			0
Picture	202	other				2727560	3	2000	7	0	1920
Sound	62	hit	1	5775	8	2739557	1			0
Picture	3	other				2775055	3	1999	6	0	1920
Sound	63	hit	2	10227	3	2787059	1			0
Picture	4	other				2821549	3	2001	6	0	1920
Sound	64	hit	2	6576	4	2833543	2			0
Picture	113	other				2868212	3	1998	8	0	1920
Sound	51	other				2873121	2			4910
Sound	63	hit	2	7200	4	2880207	2			0
Picture	1	other				2916374	3	1998	7	0	1920
Sound	61	hit	1	4873	4	2928367	2			0
Picture	21	other				2964203	2	1998	6	0	1920
Sound	52	other				2971922	3			7720
Sound	61	incorrect	2	12259	4	2976199	2			0
Picture	1	other				3011697	5	2001	7	0	1920
Sound	61	hit	1	16546	3	3023701	1			0
Picture	214	other				3059525	4	2000	7	0	1920
Sound	51	other				3062065	2			2540
Sound	64	hit	2	6607	5	3071532	3			0
Picture	4	other				3106855	3	2000	6	0	1920
Sound	64	hit	2	7649	5	3118854	2			0
Picture	202	other				3155015	5	2002	10	0	1920
Sound	62	hit	1	5637	4	3167015	2			0
