Scenario - 17_March_2015
Logfile written - 06/28/2017 15:54:10

Subject	Trial	Event Type	Code	Time	TTime	Uncertainty	Duration	Uncertainty	ReqTime	ReqDur	Stim Type	Pair Index

amaya	1	Response	253	4519	14187	7
amaya	2	Picture	10	4663	0	3	20164	6	0	20000	other	0
amaya	3	Picture	10	24994	0	3	40163	6	0	40000	other	0
amaya	3	Response	251	41118	16124	2
amaya	4	Picture	10	65324	0	3	40162	6	0	40000	other	0
amaya	4	Response	252	78837	13513	3
amaya	5	Nothing	91	105494	0	1			0		other	0
amaya	6	Picture	1	135984	0	5	1999	8	0	1920	other	0
amaya	7	Sound	61	147986	0	2			0		hit	10
amaya	7	Response	251	152012	4026	3
amaya	8	Picture	123	183645	0	3	1999	6	0	1920	other	0
amaya	8	Sound	52	189443	5798	6			5800		other	0
amaya	9	Sound	63	195638	0	2			0		hit	14
amaya	9	Response	252	201717	6079	3
amaya	10	Picture	101	231473	0	3	1999	7	0	1920	other	0
amaya	11	Sound	61	243469	0	2			0		hit	17
amaya	11	Response	251	248149	4680	2
amaya	12	Picture	204	278636	0	3	2000	6	0	1920	other	0
amaya	13	Sound	64	290642	0	2			0		hit	20
amaya	13	Response	252	298717	8075	2
amaya	14	Picture	3	325798	0	3	1999	6	0	1920	other	0
amaya	15	Sound	63	337785	0	2			0		hit	23
amaya	15	Response	252	344058	6273	2
amaya	16	Picture	2	372793	0	2	2000	4	0	1920	other	0
amaya	17	Sound	62	384777	0	2			0		hit	26
amaya	17	Response	251	388451	3674	2
amaya	18	Picture	202	419288	0	3	2000	6	0	1920	other	0
amaya	19	Sound	62	431292	0	4			0		hit	29
amaya	19	Response	251	434790	3498	2
amaya	20	Picture	212	465617	0	2	2000	5	0	1920	other	0
amaya	20	Sound	51	471006	5389	2			5390		other	0
amaya	21	Sound	62	477596	0	2			0		hit	33
amaya	21	Response	251	483017	5421	3
amaya	22	Picture	21	512946	0	4	2000	6	0	1920	other	0
amaya	22	Sound	52	520066	7120	1			7120		other	0
amaya	23	Sound	61	524949	0	2			0		hit	37
amaya	23	Response	251	531069	6120	2
amaya	24	Picture	101	559442	0	3	1998	6	0	1920	other	0
amaya	25	Sound	61	571434	0	4			0		hit	40
amaya	25	Response	251	577540	6106	3
amaya	26	Picture	2	606770	0	3	2000	5	0	1920	other	0
amaya	27	Sound	62	618756	0	2			0		hit	43
amaya	27	Response	251	622551	3795	2
amaya	28	Picture	4	653266	0	2	1999	5	0	1920	other	0
amaya	29	Sound	64	665270	0	2			0		hit	46
amaya	29	Response	252	671497	6227	3
amaya	30	Picture	2	700261	0	4	2000	6	0	1920	other	0
amaya	31	Sound	62	712263	0	2			0		hit	49
amaya	31	Response	251	716279	4016	3
amaya	32	Picture	23	747923	0	3	1998	6	0	1920	other	0
amaya	32	Sound	52	753772	5849	2			5850		other	0
amaya	33	Sound	63	759915	0	2			0		hit	53
amaya	33	Response	252	768314	8399	2
amaya	34	Picture	4	795751	0	3	1999	7	0	1920	other	0
amaya	35	Sound	64	807747	0	3			0		hit	56
amaya	35	Response	252	815024	7277	2
amaya	36	Picture	113	842913	0	3	2000	5	0	1920	other	0
amaya	36	Sound	51	846292	3379	2			3380		other	0
amaya	37	Sound	63	854919	0	2			0		hit	60
amaya	37	Response	252	860083	5164	2
amaya	38	Picture	4	889742	0	3	1999	6	0	1920	other	0
amaya	39	Sound	64	901733	0	1			0		hit	63
amaya	39	Response	252	909462	7729	2
amaya	40	Picture	101	936071	0	2	1999	6	0	1920	other	0
amaya	41	Sound	61	948067	0	2			0		hit	66
amaya	41	Response	251	953262	5195	2
amaya	42	Picture	2	982899	0	3	2000	6	0	1920	other	0
amaya	43	Sound	62	994881	0	2			0		hit	69
amaya	43	Response	251	1001039	6158	2
amaya	44	Picture	103	1030228	0	2	1999	5	0	1920	other	0
amaya	45	Sound	63	1042233	0	2			0		hit	72
amaya	45	Response	252	1047371	5138	2
amaya	46	Picture	202	1077389	0	3	2000	6	0	1920	other	0
amaya	47	Sound	62	1089376	0	2			0		hit	75
amaya	47	Response	251	1094321	4945	2
amaya	48	Picture	101	1124385	0	3	2000	6	0	1920	other	0
amaya	49	Sound	61	1136369	0	2			0		hit	78
amaya	49	Response	251	1142504	6135	2
amaya	50	Picture	103	1171881	0	2	1999	5	0	1920	other	0
amaya	51	Sound	63	1183871	0	2			0		hit	81
amaya	51	Response	252	1190720	6849	4
amaya	52	Picture	24	1219041	0	6	1999	11	0	1920	other	0
amaya	52	Sound	52	1227191	8150	2			8150		other	0
amaya	53	Sound	64	1231044	0	2			0		hit	85
amaya	53	Response	252	1240081	9037	2
amaya	54	Picture	1	1265704	0	3	2000	6	0	1920	other	0
amaya	55	Sound	61	1277708	0	2			0		hit	88
amaya	55	Response	251	1281604	3896	2
amaya	56	Picture	202	1312533	0	3	1999	6	0	1920	other	0
amaya	57	Sound	62	1324522	0	3			0		hit	91
amaya	57	Response	251	1329085	4563	2
amaya	58	Picture	101	1360000	0	31	2027	36	0	1920	other	0
amaya	59	Sound	61	1371994	0	1			0		hit	94
amaya	59	Response	251	1376364	4370	4
amaya	60	Picture	204	1407357	0	3	2000	6	0	1920	other	0
amaya	61	Sound	64	1419346	0	3			0		hit	97
amaya	61	Response	252	1430087	10741	2
amaya	62	Picture	224	1454853	0	3	1998	7	0	1920	other	0
amaya	62	Sound	52	1462833	7980	1			7980		other	0
amaya	63	Sound	64	1466848	0	2			0		hit	101
amaya	63	Response	252	1473085	6237	3
amaya	64	Picture	103	1502514	0	3	1999	6	0	1920	other	0
amaya	65	Sound	63	1514500	0	2			0		hit	104
amaya	65	Response	252	1523530	9030	2
amaya	66	Picture	3	1549676	0	3	1999	7	0	1920	other	0
amaya	67	Sound	63	1561673	0	1			0		hit	107
amaya	67	Response	252	1568571	6898	2
amaya	68	Picture	1	1597838	0	3	2000	6	0	1920	other	0
amaya	69	Sound	61	1609833	0	2			0		hit	110
amaya	69	Response	251	1614046	4213	2
amaya	70	Picture	12	1645500	0	3	2000	6	0	1920	other	0
amaya	70	Sound	51	1649840	4340	2			4340		other	0
amaya	71	Sound	62	1657485	0	1			0		hit	114
amaya	71	Response	251	1661739	4254	2
amaya	72	Picture	4	1691995	0	3	2000	6	0	1920	other	0
amaya	73	Sound	64	1703999	0	2			0		hit	117
amaya	73	Response	252	1711378	7379	2
amaya	74	Picture	13	1738324	0	2	2000	5	0	1920	other	0
amaya	74	Sound	51	1741463	3139	2			3140		other	0
amaya	75	Sound	63	1750304	0	1			0		hit	121
amaya	75	Response	252	1756873	6569	2
amaya	76	Picture	204	1785153	0	2	2000	5	0	1920	other	0
amaya	77	Sound	64	1797148	0	3			0		hit	124
amaya	77	Response	252	1805580	8432	3
amaya	78	Picture	222	1832814	0	3	2001	6	0	1920	other	0
amaya	78	Sound	52	1839273	6459	2			6460		other	0
amaya	79	Sound	62	1844799	0	1			0		hit	128
amaya	79	Response	251	1849297	4498	3
amaya	80	Picture	3	1879643	0	4	2000	7	0	1920	other	0
amaya	81	Sound	63	1891643	0	1			0		hit	131
amaya	81	Response	252	1899428	7785	3
amaya	82	Picture	202	1927306	0	3	1999	6	0	1920	other	0
amaya	83	Sound	62	1939294	0	2			0		hit	134
amaya	83	Response	251	1944709	5415	2
amaya	84	Picture	204	1973968	0	3	1999	6	0	1920	other	0
amaya	85	Sound	64	1985958	0	2			0		hit	137
amaya	85	Response	252	1994170	8212	2
amaya	86	Picture	2	2020462	0	3	2001	5	0	1920	other	0
amaya	87	Sound	62	2032442	0	2			0		hit	140
amaya	87	Response	251	2036788	4346	2
amaya	88	Picture	121	2066792	0	3	2000	5	0	1920	other	0
amaya	88	Sound	52	2075031	8239	2			8240		other	0
amaya	89	Sound	61	2078777	0	2			0		hit	144
amaya	89	Response	251	2086260	7483	4
amaya	90	Picture	202	2114620	0	3	2000	6	0	1920	other	0
amaya	91	Sound	62	2126609	0	3			0		hit	147
amaya	91	Response	251	2132181	5572	2
amaya	92	Picture	1	2162449	0	3	1999	6	0	1920	other	0
amaya	93	Sound	61	2174440	0	3			0		hit	150
amaya	93	Response	251	2179565	5125	2
amaya	94	Picture	11	2210278	0	2	1998	6	0	1920	other	0
amaya	94	Sound	51	2214848	4570	2			4570		other	0
amaya	95	Sound	61	2222271	0	4			0		hit	154
amaya	95	Response	251	2227693	5422	2
amaya	96	Picture	3	2257273	0	3	1999	5	0	1920	other	0
amaya	97	Sound	63	2269264	0	2			0		hit	157
amaya	97	Response	252	2275152	5888	2
amaya	98	Picture	14	2305268	0	3	2000	5	0	1920	other	0
amaya	98	Sound	51	2308928	3660	2			3660		other	0
amaya	99	Sound	64	2317245	0	2			0		hit	161
amaya	99	Response	252	2329660	12415	2
amaya	100	Picture	4	2351596	0	4	1999	8	0	1920	other	0
amaya	101	Sound	64	2363580	0	2			0		hit	164
amaya	101	Response	252	2369630	6050	3
amaya	102	Picture	204	2399592	0	3	2000	6	0	1920	other	0
amaya	103	Sound	64	2411590	0	2			0		hit	167
amaya	103	Response	252	2416970	5380	3
amaya	104	Picture	214	2447253	0	3	2001	5	0	1920	other	0
amaya	104	Sound	51	2451412	4159	2			4160		other	0
amaya	105	Sound	64	2459242	0	2			0		hit	171
amaya	105	Response	252	2465305	6063	2
amaya	106	Picture	22	2494083	0	4	1999	7	0	1920	other	0
amaya	106	Sound	52	2500962	6879	2			6880		other	0
amaya	107	Sound	62	2506086	0	2			0		hit	175
amaya	107	Response	251	2512598	6512	2
amaya	108	Picture	3	2541577	0	3	2001	6	0	1920	other	0
amaya	109	Sound	63	2553558	0	1			0		hit	178
amaya	109	Response	252	2561275	7717	3
amaya	109	Response	251	2565077	11519	2
amaya	110	Picture	1	2589072	0	3	2001	6	0	1920	other	0
amaya	111	Sound	61	2601060	0	7			0		hit	182
amaya	111	Response	251	2606446	5386	2
amaya	112	Picture	101	2635402	0	3	1999	6	0	1920	other	0
amaya	113	Sound	61	2647395	0	1			0		hit	185
amaya	113	Response	251	2652070	4675	2
amaya	114	Picture	111	2683064	0	3	1999	7	0	1920	other	0
amaya	114	Sound	51	2685664	2600	2			2600		other	0
amaya	115	Sound	61	2695046	0	2			0		hit	189
amaya	115	Response	251	2699234	4188	2
amaya	116	Picture	204	2730892	0	2	2000	5	0	1920	other	0
amaya	117	Sound	64	2742877	0	2			0		hit	192
amaya	117	Response	252	2747697	4820	4
amaya	118	Picture	1	2777555	0	2	1999	5	0	1920	other	0
amaya	119	Sound	61	2789541	0	2			0		hit	195
amaya	119	Response	251	2793177	3636	2
amaya	120	Picture	4	2824716	0	3	2000	6	0	1920	other	0
amaya	121	Sound	64	2836714	0	2			0		hit	198
amaya	121	Response	252	2841684	4970	6
amaya	122	Picture	103	2871879	0	3	1999	6	0	1920	other	0
amaya	123	Sound	63	2883857	0	2			0		hit	201
amaya	123	Response	252	2888879	5022	3
amaya	124	Picture	103	2920040	0	3	2000	6	0	1920	other	0
amaya	125	Sound	63	2932018	0	3			0		hit	204
amaya	125	Response	252	2938473	6455	2
amaya	126	Picture	3	2967868	0	3	2001	5	0	1920	other	0
amaya	127	Sound	63	2979849	0	2			0		hit	207
amaya	127	Response	252	2989986	10137	7
amaya	128	Picture	2	3015530	0	4	2000	7	0	1920	other	0
amaya	129	Sound	62	3027530	0	2			0		hit	210
amaya	129	Response	251	3032003	4473	2
amaya	130	Picture	103	3063692	0	3	2000	6	0	1920	other	0
amaya	131	Sound	63	3075691	0	2			0		hit	213
amaya	131	Response	252	3084068	8377	2
amaya	132	Picture	202	3111854	0	3	2001	7	0	1920	other	0
amaya	133	Sound	62	3123851	0	2			0		hit	216
amaya	133	Response	251	3132337	8486	2
amaya	134	Response	253	3319942	160426	4


Event Type	Code	Type	Response	RT	RT Uncertainty	Time	Uncertainty	Duration	Uncertainty	ReqTime	ReqDur

Picture	10	other				4663	3	20164	6	0	20000
Picture	10	other				24994	3	40163	6	0	40000
Picture	10	other				65324	3	40162	6	0	40000
Nothing	91	other				105494	1			0
Picture	1	other				135984	5	1999	8	0	1920
Sound	61	hit	1	4026	5	147986	2			0
Picture	123	other				183645	3	1999	6	0	1920
Sound	52	other				189443	6			5800
Sound	63	hit	2	6079	5	195638	2			0
Picture	101	other				231473	3	1999	7	0	1920
Sound	61	hit	1	4680	4	243469	2			0
Picture	204	other				278636	3	2000	6	0	1920
Sound	64	hit	2	8075	4	290642	2			0
Picture	3	other				325798	3	1999	6	0	1920
Sound	63	hit	2	6273	4	337785	2			0
Picture	2	other				372793	2	2000	4	0	1920
Sound	62	hit	1	3674	4	384777	2			0
Picture	202	other				419288	3	2000	6	0	1920
Sound	62	hit	1	3498	6	431292	4			0
Picture	212	other				465617	2	2000	5	0	1920
Sound	51	other				471006	2			5390
Sound	62	hit	1	5421	5	477596	2			0
Picture	21	other				512946	4	2000	6	0	1920
Sound	52	other				520066	1			7120
Sound	61	hit	1	6120	4	524949	2			0
Picture	101	other				559442	3	1998	6	0	1920
Sound	61	hit	1	6106	7	571434	4			0
Picture	2	other				606770	3	2000	5	0	1920
Sound	62	hit	1	3795	4	618756	2			0
Picture	4	other				653266	2	1999	5	0	1920
Sound	64	hit	2	6227	5	665270	2			0
Picture	2	other				700261	4	2000	6	0	1920
Sound	62	hit	1	4016	5	712263	2			0
Picture	23	other				747923	3	1998	6	0	1920
Sound	52	other				753772	2			5850
Sound	63	hit	2	8399	4	759915	2			0
Picture	4	other				795751	3	1999	7	0	1920
Sound	64	hit	2	7277	5	807747	3			0
Picture	113	other				842913	3	2000	5	0	1920
Sound	51	other				846292	2			3380
Sound	63	hit	2	5164	4	854919	2			0
Picture	4	other				889742	3	1999	6	0	1920
Sound	64	hit	2	7729	3	901733	1			0
Picture	101	other				936071	2	1999	6	0	1920
Sound	61	hit	1	5195	4	948067	2			0
Picture	2	other				982899	3	2000	6	0	1920
Sound	62	hit	1	6158	4	994881	2			0
Picture	103	other				1030228	2	1999	5	0	1920
Sound	63	hit	2	5138	4	1042233	2			0
Picture	202	other				1077389	3	2000	6	0	1920
Sound	62	hit	1	4945	4	1089376	2			0
Picture	101	other				1124385	3	2000	6	0	1920
Sound	61	hit	1	6135	4	1136369	2			0
Picture	103	other				1171881	2	1999	5	0	1920
Sound	63	hit	2	6849	6	1183871	2			0
Picture	24	other				1219041	6	1999	11	0	1920
Sound	52	other				1227191	2			8150
Sound	64	hit	2	9037	4	1231044	2			0
Picture	1	other				1265704	3	2000	6	0	1920
Sound	61	hit	1	3896	4	1277708	2			0
Picture	202	other				1312533	3	1999	6	0	1920
Sound	62	hit	1	4563	5	1324522	3			0
Picture	101	other				1360000	31	2027	36	0	1920
Sound	61	hit	1	4370	5	1371994	1			0
Picture	204	other				1407357	3	2000	6	0	1920
Sound	64	hit	2	10741	5	1419346	3			0
Picture	224	other				1454853	3	1998	7	0	1920
Sound	52	other				1462833	1			7980
Sound	64	hit	2	6237	5	1466848	2			0
Picture	103	other				1502514	3	1999	6	0	1920
Sound	63	hit	2	9030	4	1514500	2			0
Picture	3	other				1549676	3	1999	7	0	1920
Sound	63	hit	2	6898	3	1561673	1			0
Picture	1	other				1597838	3	2000	6	0	1920
Sound	61	hit	1	4213	4	1609833	2			0
Picture	12	other				1645500	3	2000	6	0	1920
Sound	51	other				1649840	2			4340
Sound	62	hit	1	4254	3	1657485	1			0
Picture	4	other				1691995	3	2000	6	0	1920
Sound	64	hit	2	7379	4	1703999	2			0
Picture	13	other				1738324	2	2000	5	0	1920
Sound	51	other				1741463	2			3140
Sound	63	hit	2	6569	3	1750304	1			0
Picture	204	other				1785153	2	2000	5	0	1920
Sound	64	hit	2	8432	6	1797148	3			0
Picture	222	other				1832814	3	2001	6	0	1920
Sound	52	other				1839273	2			6460
Sound	62	hit	1	4498	4	1844799	1			0
Picture	3	other				1879643	4	2000	7	0	1920
Sound	63	hit	2	7785	4	1891643	1			0
Picture	202	other				1927306	3	1999	6	0	1920
Sound	62	hit	1	5415	4	1939294	2			0
Picture	204	other				1973968	3	1999	6	0	1920
Sound	64	hit	2	8212	4	1985958	2			0
Picture	2	other				2020462	3	2001	5	0	1920
Sound	62	hit	1	4346	4	2032442	2			0
Picture	121	other				2066792	3	2000	5	0	1920
Sound	52	other				2075031	2			8240
Sound	61	hit	1	7483	6	2078777	2			0
Picture	202	other				2114620	3	2000	6	0	1920
Sound	62	hit	1	5572	5	2126609	3			0
Picture	1	other				2162449	3	1999	6	0	1920
Sound	61	hit	1	5125	5	2174440	3			0
Picture	11	other				2210278	2	1998	6	0	1920
Sound	51	other				2214848	2			4570
Sound	61	hit	1	5422	6	2222271	4			0
Picture	3	other				2257273	3	1999	5	0	1920
Sound	63	hit	2	5888	4	2269264	2			0
Picture	14	other				2305268	3	2000	5	0	1920
Sound	51	other				2308928	2			3660
Sound	64	hit	2	12415	4	2317245	2			0
Picture	4	other				2351596	4	1999	8	0	1920
Sound	64	hit	2	6050	5	2363580	2			0
Picture	204	other				2399592	3	2000	6	0	1920
Sound	64	hit	2	5380	5	2411590	2			0
Picture	214	other				2447253	3	2001	5	0	1920
Sound	51	other				2451412	2			4160
Sound	64	hit	2	6063	4	2459242	2			0
Picture	22	other				2494083	4	1999	7	0	1920
Sound	52	other				2500962	2			6880
Sound	62	hit	1	6512	4	2506086	2			0
Picture	3	other				2541577	3	2001	6	0	1920
Sound	63	hit	2	7717	4	2553558	1			0
Picture	1	other				2589072	3	2001	6	0	1920
Sound	61	hit	1	5386	9	2601060	7			0
Picture	101	other				2635402	3	1999	6	0	1920
Sound	61	hit	1	4675	3	2647395	1			0
Picture	111	other				2683064	3	1999	7	0	1920
Sound	51	other				2685664	2			2600
Sound	61	hit	1	4188	4	2695046	2			0
Picture	204	other				2730892	2	2000	5	0	1920
Sound	64	hit	2	4820	6	2742877	2			0
Picture	1	other				2777555	2	1999	5	0	1920
Sound	61	hit	1	3636	4	2789541	2			0
Picture	4	other				2824716	3	2000	6	0	1920
Sound	64	hit	2	4970	8	2836714	2			0
Picture	103	other				2871879	3	1999	6	0	1920
Sound	63	hit	2	5022	5	2883857	2			0
Picture	103	other				2920040	3	2000	6	0	1920
Sound	63	hit	2	6455	5	2932018	3			0
Picture	3	other				2967868	3	2001	5	0	1920
Sound	63	hit	2	10137	9	2979849	2			0
Picture	2	other				3015530	4	2000	7	0	1920
Sound	62	hit	1	4473	4	3027530	2			0
Picture	103	other				3063692	3	2000	6	0	1920
Sound	63	hit	2	8377	4	3075691	2			0
Picture	202	other				3111854	3	2001	7	0	1920
Sound	62	hit	1	8486	4	3123851	2			0
