Scenario - 17_March_2015
Logfile written - 06/28/2017 15:47:11

Subject	Trial	Event Type	Code	Time	TTime	Uncertainty	Duration	Uncertainty	ReqTime	ReqDur	Stim Type	Pair Index

amaya	1	Response	253	11644	21312	7
amaya	2	Picture	10	11828	0	4	20166	6	0	20000	other	0
amaya	3	Picture	10	32161	0	2	40162	4	0	40000	other	0
amaya	3	Response	251	47677	15516	2
amaya	4	Picture	10	72490	0	3	40161	6	0	40000	other	0
amaya	4	Response	252	86639	14149	2
amaya	5	Nothing	91	112659	0	1			0		other	0
amaya	6	Picture	103	143150	0	3	1999	6	0	1920	other	0
amaya	7	Sound	63	155140	0	2			0		hit	10
amaya	7	Response	252	162484	7344	2
amaya	8	Picture	101	190145	0	3	2000	5	0	1920	other	0
amaya	9	Sound	61	202133	0	2			0		hit	13
amaya	9	Response	251	208125	5992	2
amaya	10	Picture	1	237306	0	3	2000	6	0	1920	other	0
amaya	11	Sound	61	249306	0	2			0		hit	16
amaya	11	Response	251	253370	4064	2
amaya	12	Picture	24	284969	0	3	1999	6	0	1920	other	0
amaya	12	Sound	52	291199	6230	1			6230		other	0
amaya	13	Sound	64	296957	0	2			0		hit	20
amaya	13	Response	252	304437	7480	2
amaya	14	Picture	4	331797	0	3	2000	6	0	1920	other	0
amaya	15	Sound	64	343801	0	2			0		hit	23
amaya	15	Response	252	356570	12769	2
amaya	16	Picture	21	378457	0	5	2000	9	0	1920	other	0
amaya	16	Sound	52	385866	7409	2			7410		other	0
amaya	17	Sound	61	390435	0	6			0		hit	27
amaya	17	Response	251	395647	5212	2
amaya	18	Picture	204	426287	0	5	2001	9	0	1920	other	0
amaya	19	Sound	64	438266	0	2			0		hit	30
amaya	19	Response	252	447809	9543	2
amaya	20	Picture	11	472950	0	3	2000	5	0	1920	other	0
amaya	20	Sound	51	477219	4269	2			4270		other	0
amaya	21	Sound	61	484930	0	2			0		hit	34
amaya	21	Response	251	489548	4618	3
amaya	22	Picture	1	520445	0	3	2000	6	0	1920	other	0
amaya	23	Sound	61	532432	0	2			0		hit	37
amaya	23	Response	251	539784	7352	2
amaya	24	Picture	3	566773	0	3	2000	6	0	1920	other	0
amaya	25	Sound	63	578767	0	2			0		hit	40
amaya	25	Response	252	587817	9050	2
amaya	26	Picture	123	613269	0	3	2000	6	0	1920	other	0
amaya	26	Sound	52	619579	6310	2			6310		other	0
amaya	27	Sound	63	625251	0	2			0		hit	44
amaya	27	Response	252	635168	9917	2
amaya	28	Picture	214	660264	0	3	2001	5	0	1920	other	0
amaya	28	Sound	51	665113	4849	2			4850		other	0
amaya	29	Sound	64	672245	0	2			0		hit	48
amaya	29	Response	252	686950	14705	2
amaya	30	Picture	202	707260	0	3	2000	6	0	1920	other	0
amaya	31	Sound	62	719238	0	3			0		hit	51
amaya	31	Response	251	724323	5085	2
amaya	32	Picture	4	754088	0	3	2000	6	0	1920	other	0
amaya	33	Sound	64	766081	0	2			0		hit	54
amaya	33	Response	252	777546	11465	4
amaya	34	Picture	3	802083	0	3	2000	6	0	1920	other	0
amaya	35	Sound	63	814062	0	2			0		hit	57
amaya	35	Response	252	830778	16716	2
amaya	36	Picture	101	848245	0	4	2000	7	0	1920	other	0
amaya	37	Sound	61	860248	0	3			0		hit	60
amaya	37	Response	251	865149	4901	3
amaya	38	Picture	22	895575	0	3	2000	6	0	1920	other	0
amaya	38	Sound	52	903835	8260	2			8260		other	0
amaya	39	Sound	62	907569	0	2			0		hit	64
amaya	39	Response	251	915462	7893	2
amaya	40	Picture	212	943570	0	3	2000	5	0	1920	other	0
amaya	40	Sound	51	946609	3039	2			3040		other	0
amaya	41	Sound	62	955550	0	2			0		hit	68
amaya	41	Response	251	960467	4917	3
amaya	41	Response	251	962597	7047	2
amaya	42	Picture	103	991398	0	3	2000	6	0	1920	other	0
amaya	43	Sound	63	1003382	0	2			0		hit	72
amaya	43	Response	252	1011757	8375	2
amaya	44	Picture	103	1038560	0	3	1934	73	0	1920	other	0
amaya	45	Sound	63	1050555	0	1			0		hit	75
amaya	45	Response	252	1058292	7737	3
amaya	46	Picture	3	1086390	0	2	1999	6	0	1920	other	0
amaya	47	Sound	63	1098386	0	2			0		hit	78
amaya	47	Response	252	1105496	7110	2
amaya	48	Picture	2	1134050	0	3	2001	6	0	1920	other	0
amaya	49	Sound	62	1146038	0	1			0		hit	81
amaya	49	Response	251	1156998	10960	2
amaya	50	Picture	202	1180879	0	5	2001	7	0	1920	other	0
amaya	51	Sound	62	1192881	0	2			0		hit	84
amaya	51	Response	251	1200431	7550	2
amaya	52	Picture	12	1227541	0	3	2001	6	0	1920	other	0
amaya	52	Sound	51	1230671	3130	1			3130		other	0
amaya	53	Sound	62	1239545	0	1			0		hit	88
amaya	53	Response	251	1244699	5154	3
amaya	54	Picture	3	1273870	0	3	2000	5	0	1920	other	0
amaya	55	Sound	63	1285850	0	2			0		hit	91
amaya	55	Response	252	1302253	16403	4
amaya	56	Picture	1	1321199	0	5	2000	8	0	1920	other	0
amaya	57	Sound	61	1333202	0	2			0		hit	94
amaya	57	Response	251	1340395	7193	2
amaya	58	Picture	204	1367694	0	3	2000	6	0	1920	other	0
amaya	59	Sound	64	1379687	0	1			0		hit	97
amaya	59	Response	252	1396684	16997	2
amaya	60	Picture	4	1415689	0	3	2000	5	0	1920	other	0
amaya	61	Sound	64	1427667	0	2			0		hit	100
amaya	61	Response	252	1434975	7308	2
amaya	62	Picture	204	1462185	0	3	2000	7	0	1920	other	0
amaya	63	Sound	64	1474182	0	1			0		hit	103
amaya	63	Response	252	1482780	8598	2
amaya	64	Picture	4	1509680	0	3	2000	6	0	1920	other	0
amaya	65	Sound	64	1521684	0	2			0		hit	106
amaya	65	Response	252	1529646	7962	4
amaya	66	Picture	204	1556009	0	3	2000	5	0	1920	other	0
amaya	67	Sound	64	1567988	0	2			0		hit	109
amaya	67	Response	252	1579984	11996	3
amaya	68	Picture	113	1603504	0	3	2000	6	0	1920	other	0
amaya	68	Sound	51	1606053	2549	2			2550		other	0
amaya	69	Sound	63	1615490	0	2			0		hit	113
amaya	69	Response	252	1623731	8241	3
amaya	70	Picture	103	1651666	0	3	2000	6	0	1920	other	0
amaya	71	Sound	63	1663651	0	2			0		hit	116
amaya	71	Response	252	1670273	6622	2
amaya	72	Picture	14	1698328	0	3	2000	6	0	1920	other	0
amaya	72	Sound	51	1702157	3829	2			3830		other	0
amaya	73	Sound	64	1710315	0	2			0		hit	120
amaya	73	Response	252	1717967	7652	2
amaya	74	Picture	202	1744823	0	3	2000	6	0	1920	other	0
amaya	75	Sound	62	1756829	0	2			0		hit	123
amaya	75	Response	251	1774040	17211	4
amaya	76	Picture	204	1791152	0	3	2000	5	0	1920	other	0
amaya	77	Sound	64	1803134	0	2			0		hit	126
amaya	77	Response	252	1810647	7513	4
amaya	78	Picture	4	1837482	0	2	1999	5	0	1920	other	0
amaya	79	Sound	64	1849468	0	2			0		hit	129
amaya	79	Response	252	1856860	7392	2
amaya	80	Picture	101	1883810	0	2	2000	5	0	1920	other	0
amaya	81	Sound	61	1895803	0	2			0		hit	132
amaya	81	Response	251	1899133	3330	2
amaya	82	Picture	103	1931971	0	3	2000	6	0	1920	other	0
amaya	83	Sound	63	1943964	0	1			0		hit	135
amaya	83	Response	252	1952255	8291	3
amaya	84	Picture	202	1979967	0	3	2000	6	0	1920	other	0
amaya	85	Sound	62	1991945	0	2			0		hit	138
amaya	85	Response	251	1996826	4881	2
amaya	86	Picture	3	2027962	0	3	1999	6	0	1920	other	0
amaya	87	Sound	63	2039955	0	2			0		hit	141
amaya	87	Response	252	2049841	9886	2
amaya	88	Picture	101	2074791	0	3	2000	6	0	1920	other	0
amaya	89	Sound	61	2086769	0	2			0		hit	144
amaya	89	Response	251	2093729	6960	2
amaya	90	Picture	202	2121286	0	3	2000	7	0	1920	false_alarm	146
amaya	90	Response	252	2129011	7725	2
amaya	91	Sound	62	2133313	0	2			0		hit	148
amaya	91	Response	251	2142036	8723	2
amaya	91	Response	251	2144469	11156	2
amaya	92	Picture	2	2168448	0	3	2000	5	0	1920	other	0
amaya	93	Sound	62	2180426	0	2			0		hit	152
amaya	93	Response	251	2198980	18554	2
amaya	94	Picture	4	2215277	0	3	1999	6	0	1920	other	0
amaya	95	Sound	64	2227270	0	3			0		hit	155
amaya	95	Response	252	2238587	11317	3
amaya	96	Picture	23	2262044	0	65	2061	68	0	1920	other	0
amaya	96	Sound	52	2270433	8389	3			8390		other	0
amaya	97	Sound	63	2274023	0	2			0		hit	159
amaya	97	Response	252	2287632	13609	2
amaya	98	Picture	103	2309935	0	3	1999	5	0	1920	other	0
amaya	99	Sound	63	2321914	0	2			0		hit	162
amaya	99	Response	252	2328404	6490	2
amaya	100	Picture	202	2357094	0	5	2000	11	0	1920	other	0
amaya	101	Sound	62	2369087	0	2			0		hit	165
amaya	101	Response	251	2375332	6245	3
amaya	102	Picture	2	2404258	0	5	2000	8	0	1920	other	0
amaya	103	Sound	62	2416260	0	2			0		hit	168
amaya	103	Response	251	2420986	4726	2
amaya	104	Picture	1	2451754	0	3	1999	6	0	1920	other	0
amaya	105	Sound	61	2463732	0	2			0		hit	171
amaya	105	Response	251	2469711	5979	2
amaya	106	Picture	121	2498083	0	3	1999	6	0	1920	other	0
amaya	106	Sound	52	2505743	7660	2			7660		other	0
amaya	107	Sound	61	2510067	0	7			0		hit	175
amaya	107	Response	251	2516304	6237	2
amaya	108	Picture	2	2545745	0	3	1999	6	0	1920	other	0
amaya	109	Sound	62	2557748	0	2			0		hit	178
amaya	109	Response	251	2563195	5447	2
amaya	109	Response	251	2565734	7986	2
amaya	110	Picture	101	2592406	0	3	2000	6	0	1920	other	0
amaya	111	Sound	61	2604412	0	2			0		hit	182
amaya	111	Response	251	2611357	6945	4
amaya	112	Picture	3	2640234	0	3	2001	5	0	1920	other	0
amaya	113	Sound	63	2652214	0	2			0		hit	185
amaya	113	Response	252	2658558	6344	3
amaya	114	Picture	2	2687396	0	3	2000	6	0	1920	other	0
amaya	115	Sound	62	2699386	0	2			0		hit	188
amaya	115	Response	251	2704425	5039	2
amaya	116	Picture	224	2735059	0	3	2000	5	0	1920	other	0
amaya	116	Sound	52	2742948	7889	2			7890		other	0
amaya	117	Sound	64	2747038	0	2			0		hit	192
amaya	117	Response	252	2755262	8224	2
amaya	118	Picture	1	2782554	0	2	2000	4	0	1920	other	0
amaya	119	Sound	61	2794540	0	2			0		hit	195
amaya	119	Response	251	2801893	7353	2
amaya	120	Picture	101	2829716	0	3	1999	6	0	1920	other	0
amaya	121	Sound	61	2841713	0	1			0		hit	198
amaya	121	Response	251	2851067	9354	2
amaya	122	Picture	1	2877878	0	3	1998	8	0	1920	other	0
amaya	123	Sound	61	2889873	0	2			0		hit	201
amaya	123	Response	251	2896203	6330	2
amaya	124	Picture	204	2926040	0	3	1996	10	0	1920	other	0
amaya	125	Sound	64	2938034	0	2			0		hit	204
amaya	125	Response	252	2944482	6448	3
amaya	126	Picture	222	2973035	0	4	2000	8	0	1920	other	0
amaya	126	Sound	52	2978595	5560	2			5560		other	0
amaya	127	Sound	62	2985027	0	2			0		hit	208
amaya	127	Response	251	2990535	5508	4
amaya	128	Picture	111	3020364	0	3	1999	6	0	1920	other	0
amaya	128	Sound	51	3024474	4110	2			4110		other	0
amaya	129	Sound	61	3032350	0	1			0		hit	212
amaya	129	Response	251	3040207	7857	2
amaya	130	Picture	2	3066526	0	3	1999	6	0	1920	other	0
amaya	131	Sound	62	3078505	0	3			0		hit	215
amaya	131	Response	251	3085852	7347	2
amaya	132	Picture	13	3114521	0	3	2000	6	0	1920	other	0
amaya	132	Sound	51	3118281	3760	2			3760		other	0
amaya	133	Sound	63	3126515	0	2			0		hit	219
amaya	133	Response	252	3133030	6515	2
amaya	134	Response	253	3429225	267876	4


Event Type	Code	Type	Response	RT	RT Uncertainty	Time	Uncertainty	Duration	Uncertainty	ReqTime	ReqDur

Picture	10	other				11828	4	20166	6	0	20000
Picture	10	other				32161	2	40162	4	0	40000
Picture	10	other				72490	3	40161	6	0	40000
Nothing	91	other				112659	1			0
Picture	103	other				143150	3	1999	6	0	1920
Sound	63	hit	2	7344	4	155140	2			0
Picture	101	other				190145	3	2000	5	0	1920
Sound	61	hit	1	5992	4	202133	2			0
Picture	1	other				237306	3	2000	6	0	1920
Sound	61	hit	1	4064	4	249306	2			0
Picture	24	other				284969	3	1999	6	0	1920
Sound	52	other				291199	1			6230
Sound	64	hit	2	7480	4	296957	2			0
Picture	4	other				331797	3	2000	6	0	1920
Sound	64	hit	2	12769	4	343801	2			0
Picture	21	other				378457	5	2000	9	0	1920
Sound	52	other				385866	2			7410
Sound	61	hit	1	5212	8	390435	6			0
Picture	204	other				426287	5	2001	9	0	1920
Sound	64	hit	2	9543	4	438266	2			0
Picture	11	other				472950	3	2000	5	0	1920
Sound	51	other				477219	2			4270
Sound	61	hit	1	4618	5	484930	2			0
Picture	1	other				520445	3	2000	6	0	1920
Sound	61	hit	1	7352	4	532432	2			0
Picture	3	other				566773	3	2000	6	0	1920
Sound	63	hit	2	9050	4	578767	2			0
Picture	123	other				613269	3	2000	6	0	1920
Sound	52	other				619579	2			6310
Sound	63	hit	2	9917	4	625251	2			0
Picture	214	other				660264	3	2001	5	0	1920
Sound	51	other				665113	2			4850
Sound	64	hit	2	14705	4	672245	2			0
Picture	202	other				707260	3	2000	6	0	1920
Sound	62	hit	1	5085	5	719238	3			0
Picture	4	other				754088	3	2000	6	0	1920
Sound	64	hit	2	11465	6	766081	2			0
Picture	3	other				802083	3	2000	6	0	1920
Sound	63	hit	2	16716	4	814062	2			0
Picture	101	other				848245	4	2000	7	0	1920
Sound	61	hit	1	4901	6	860248	3			0
Picture	22	other				895575	3	2000	6	0	1920
Sound	52	other				903835	2			8260
Sound	62	hit	1	7893	4	907569	2			0
Picture	212	other				943570	3	2000	5	0	1920
Sound	51	other				946609	2			3040
Sound	62	hit	1	4917	5	955550	2			0
Picture	103	other				991398	3	2000	6	0	1920
Sound	63	hit	2	8375	4	1003382	2			0
Picture	103	other				1038560	3	1934	73	0	1920
Sound	63	hit	2	7737	4	1050555	1			0
Picture	3	other				1086390	2	1999	6	0	1920
Sound	63	hit	2	7110	4	1098386	2			0
Picture	2	other				1134050	3	2001	6	0	1920
Sound	62	hit	1	10960	3	1146038	1			0
Picture	202	other				1180879	5	2001	7	0	1920
Sound	62	hit	1	7550	4	1192881	2			0
Picture	12	other				1227541	3	2001	6	0	1920
Sound	51	other				1230671	1			3130
Sound	62	hit	1	5154	4	1239545	1			0
Picture	3	other				1273870	3	2000	5	0	1920
Sound	63	hit	2	16403	6	1285850	2			0
Picture	1	other				1321199	5	2000	8	0	1920
Sound	61	hit	1	7193	4	1333202	2			0
Picture	204	other				1367694	3	2000	6	0	1920
Sound	64	hit	2	16997	3	1379687	1			0
Picture	4	other				1415689	3	2000	5	0	1920
Sound	64	hit	2	7308	4	1427667	2			0
Picture	204	other				1462185	3	2000	7	0	1920
Sound	64	hit	2	8598	3	1474182	1			0
Picture	4	other				1509680	3	2000	6	0	1920
Sound	64	hit	2	7962	6	1521684	2			0
Picture	204	other				1556009	3	2000	5	0	1920
Sound	64	hit	2	11996	5	1567988	2			0
Picture	113	other				1603504	3	2000	6	0	1920
Sound	51	other				1606053	2			2550
Sound	63	hit	2	8241	5	1615490	2			0
Picture	103	other				1651666	3	2000	6	0	1920
Sound	63	hit	2	6622	4	1663651	2			0
Picture	14	other				1698328	3	2000	6	0	1920
Sound	51	other				1702157	2			3830
Sound	64	hit	2	7652	4	1710315	2			0
Picture	202	other				1744823	3	2000	6	0	1920
Sound	62	hit	1	17211	6	1756829	2			0
Picture	204	other				1791152	3	2000	5	0	1920
Sound	64	hit	2	7513	6	1803134	2			0
Picture	4	other				1837482	2	1999	5	0	1920
Sound	64	hit	2	7392	4	1849468	2			0
Picture	101	other				1883810	2	2000	5	0	1920
Sound	61	hit	1	3330	4	1895803	2			0
Picture	103	other				1931971	3	2000	6	0	1920
Sound	63	hit	2	8291	4	1943964	1			0
Picture	202	other				1979967	3	2000	6	0	1920
Sound	62	hit	1	4881	4	1991945	2			0
Picture	3	other				2027962	3	1999	6	0	1920
Sound	63	hit	2	9886	4	2039955	2			0
Picture	101	other				2074791	3	2000	6	0	1920
Sound	61	hit	1	6960	4	2086769	2			0
Picture	202	false_alarm	2	7725	5	2121286	3	2000	7	0	1920
Sound	62	hit	1	8723	4	2133313	2			0
Picture	2	other				2168448	3	2000	5	0	1920
Sound	62	hit	1	18554	4	2180426	2			0
Picture	4	other				2215277	3	1999	6	0	1920
Sound	64	hit	2	11317	6	2227270	3			0
Picture	23	other				2262044	65	2061	68	0	1920
Sound	52	other				2270433	3			8390
Sound	63	hit	2	13609	4	2274023	2			0
Picture	103	other				2309935	3	1999	5	0	1920
Sound	63	hit	2	6490	4	2321914	2			0
Picture	202	other				2357094	5	2000	11	0	1920
Sound	62	hit	1	6245	5	2369087	2			0
Picture	2	other				2404258	5	2000	8	0	1920
Sound	62	hit	1	4726	4	2416260	2			0
Picture	1	other				2451754	3	1999	6	0	1920
Sound	61	hit	1	5979	4	2463732	2			0
Picture	121	other				2498083	3	1999	6	0	1920
Sound	52	other				2505743	2			7660
Sound	61	hit	1	6237	9	2510067	7			0
Picture	2	other				2545745	3	1999	6	0	1920
Sound	62	hit	1	5447	4	2557748	2			0
Picture	101	other				2592406	3	2000	6	0	1920
Sound	61	hit	1	6945	6	2604412	2			0
Picture	3	other				2640234	3	2001	5	0	1920
Sound	63	hit	2	6344	5	2652214	2			0
Picture	2	other				2687396	3	2000	6	0	1920
Sound	62	hit	1	5039	4	2699386	2			0
Picture	224	other				2735059	3	2000	5	0	1920
Sound	52	other				2742948	2			7890
Sound	64	hit	2	8224	4	2747038	2			0
Picture	1	other				2782554	2	2000	4	0	1920
Sound	61	hit	1	7353	4	2794540	2			0
Picture	101	other				2829716	3	1999	6	0	1920
Sound	61	hit	1	9354	3	2841713	1			0
Picture	1	other				2877878	3	1998	8	0	1920
Sound	61	hit	1	6330	4	2889873	2			0
Picture	204	other				2926040	3	1996	10	0	1920
Sound	64	hit	2	6448	5	2938034	2			0
Picture	222	other				2973035	4	2000	8	0	1920
Sound	52	other				2978595	2			5560
Sound	62	hit	1	5508	6	2985027	2			0
Picture	111	other				3020364	3	1999	6	0	1920
Sound	51	other				3024474	2			4110
Sound	61	hit	1	7857	3	3032350	1			0
Picture	2	other				3066526	3	1999	6	0	1920
Sound	62	hit	1	7347	5	3078505	3			0
Picture	13	other				3114521	3	2000	6	0	1920
Sound	51	other				3118281	2			3760
Sound	63	hit	2	6515	4	3126515	2			0
