Scenario - 17_March_2015
Logfile written - 06/28/2017 15:39:46

Subject	Trial	Event Type	Code	Time	TTime	Uncertainty	Duration	Uncertainty	ReqTime	ReqDur	Stim Type	Pair Index

amaya	1	Response	253	4166	13834	6
amaya	2	Picture	10	4330	0	3	20165	5	0	20000	other	0
amaya	3	Picture	10	24661	0	3	40163	6	0	40000	other	0
amaya	3	Response	251	43441	18780	2
amaya	4	Picture	10	64990	0	3	40163	6	0	40000	other	0
amaya	4	Response	252	81009	16019	2
amaya	5	Nothing	91	105162	0	1			0		other	0
amaya	6	Picture	202	135650	0	3	1999	8	0	1920	other	0
amaya	7	Sound	62	147627	0	2			0		hit	10
amaya	7	Response	251	151989	4362	2
amaya	8	Picture	123	181812	0	3	2000	6	0	1920	other	0
amaya	8	Sound	52	187402	5590	1			5590		other	0
amaya	9	Sound	63	193812	0	2			0		hit	14
amaya	9	Response	252	199931	6119	3
amaya	10	Picture	12	229474	0	3	2000	6	0	1920	other	0
amaya	10	Sound	51	232234	2760	2			2760		other	0
amaya	11	Sound	62	241463	0	2			0		hit	18
amaya	11	Response	251	245004	3541	2
amaya	12	Picture	1	276970	0	2	1998	6	0	1920	other	0
amaya	13	Sound	61	288965	0	2			0		hit	21
amaya	13	Response	251	293184	4219	2
amaya	14	Picture	214	323298	0	5	1999	8	0	1920	other	0
amaya	14	Sound	51	328058	4760	3			4760		other	0
amaya	15	Sound	64	335301	0	1			0		hit	25
amaya	15	Response	252	340677	5376	2
amaya	16	Picture	224	371459	0	4	2001	7	0	1920	other	0
amaya	16	Sound	52	377499	6040	2			6040		other	0
amaya	17	Sound	64	383461	0	3			0		hit	29
amaya	17	Response	252	387958	4497	2
amaya	18	Picture	3	417955	0	3	2000	6	0	1920	other	0
amaya	19	Sound	63	429946	0	2			0		hit	32
amaya	19	Response	252	443354	13408	2
amaya	20	Picture	21	465115	0	5	2002	8	0	1920	other	0
amaya	20	Sound	52	472874	7759	2			7760		other	0
amaya	21	Sound	61	477118	0	2			0		hit	36
amaya	21	Response	251	482506	5388	4
amaya	21	Response	251	484839	7721	2
amaya	22	Picture	2	512946	0	2	2000	5	0	1920	other	0
amaya	23	Sound	62	524949	0	2			0		hit	40
amaya	23	Response	251	535110	10161	2
amaya	24	Picture	1	560608	0	3	1999	6	0	1920	other	0
amaya	25	Sound	61	572601	0	2			0		hit	43
amaya	25	Response	251	578847	6246	2
amaya	26	Picture	204	607103	0	2	2000	5	0	1920	other	0
amaya	27	Sound	64	619085	0	2			0		hit	46
amaya	27	Response	252	623943	4858	2
amaya	28	Picture	101	654098	0	3	2001	5	0	1920	other	0
amaya	29	Sound	61	666078	0	2			0		hit	49
amaya	29	Response	251	670848	4770	3
amaya	30	Picture	101	702094	0	2	1997	7	0	1920	other	0
amaya	31	Sound	61	714090	0	3			0		hit	52
amaya	31	Response	251	719413	5323	2
amaya	32	Picture	113	748421	0	5	2001	8	0	1920	other	0
amaya	32	Sound	51	753560	5139	2			5140		other	0
amaya	33	Sound	63	760424	0	2			0		hit	56
amaya	33	Response	252	768277	7853	2
amaya	34	Picture	4	796418	0	2	2000	5	0	1920	other	0
amaya	35	Sound	64	808405	0	2			0		hit	59
amaya	35	Response	252	821149	12744	2
amaya	36	Picture	23	842913	0	2	2000	5	0	1920	other	0
amaya	36	Sound	52	849552	6639	2			6640		other	0
amaya	37	Sound	63	854919	0	2			0		hit	63
amaya	37	Response	252	864203	9284	2
amaya	38	Picture	3	891075	0	3	2000	5	0	1920	other	0
amaya	39	Sound	63	903080	0	1			0		hit	66
amaya	39	Response	252	909366	6286	4
amaya	40	Picture	22	938737	0	2	2000	5	0	1920	other	0
amaya	40	Sound	52	944647	5910	2			5910		other	0
amaya	41	Sound	62	950731	0	2			0		hit	70
amaya	41	Response	251	955716	4985	2
amaya	42	Picture	14	986898	0	3	2000	6	0	1920	other	0
amaya	42	Sound	51	990947	4049	2			4050		other	0
amaya	43	Sound	64	998892	0	2			0		hit	74
amaya	43	Response	252	1010245	11353	2
amaya	44	Picture	4	1033394	0	3	2000	6	0	1920	other	0
amaya	45	Sound	64	1045376	0	2			0		hit	77
amaya	45	Response	252	1052280	6904	2
amaya	46	Picture	101	1079556	0	3	2000	6	0	1920	other	0
amaya	47	Sound	61	1091561	0	2			0		hit	80
amaya	47	Response	251	1096541	4980	2
amaya	48	Picture	202	1127051	0	3	2001	5	0	1920	other	0
amaya	49	Sound	62	1139033	0	2			0		hit	83
amaya	49	Response	251	1143197	4164	3
amaya	49	Response	251	1145326	6293	2
amaya	50	Picture	204	1175046	0	3	2001	7	0	1920	other	0
amaya	51	Sound	64	1187044	0	2			0		hit	87
amaya	51	Response	252	1198576	11532	3
amaya	52	Picture	2	1221376	0	5	2000	7	0	1920	other	0
amaya	53	Sound	62	1233379	0	2			0		hit	90
amaya	53	Response	251	1238376	4997	2
amaya	54	Picture	103	1267705	0	3	1999	6	0	1920	other	0
amaya	55	Sound	63	1279684	0	1			0		hit	93
amaya	55	Response	252	1289725	10041	2
amaya	56	Picture	204	1315033	0	6	2000	9	0	1920	other	0
amaya	57	Sound	64	1327035	0	6			0		hit	96
amaya	57	Response	252	1338670	11635	3
amaya	58	Picture	2	1362861	0	3	2000	6	0	1920	other	0
amaya	59	Sound	62	1374867	0	2			0		hit	99
amaya	59	Response	251	1379202	4335	2
amaya	60	Picture	1	1410357	0	3	2000	6	0	1920	other	0
amaya	61	Sound	61	1422339	0	2			0		hit	102
amaya	61	Response	251	1428976	6637	2
amaya	62	Picture	24	1458185	0	3	2000	6	0	1920	other	0
amaya	62	Sound	52	1464516	6331	2			6330		other	0
amaya	63	Sound	64	1470171	0	2			0		hit	106
amaya	63	Response	252	1478891	8720	2
amaya	64	Picture	222	1505348	0	2	1998	6	0	1920	other	0
amaya	64	Sound	52	1511007	5659	2			5660		other	0
amaya	65	Sound	62	1517344	0	3			0		hit	110
amaya	65	Response	251	1523276	5932	2
amaya	66	Picture	1	1551843	0	2	2000	4	0	1920	other	0
amaya	67	Sound	61	1563828	0	1			0		hit	113
amaya	67	Response	251	1569303	5475	2
amaya	68	Picture	204	1599504	0	3	2000	6	0	1920	other	0
amaya	69	Sound	64	1611509	0	2			0		hit	116
amaya	69	Response	252	1621806	10297	4
amaya	70	Picture	101	1647500	0	3	2000	6	0	1920	other	0
amaya	71	Sound	61	1659490	0	2			0		hit	119
amaya	71	Response	251	1666398	6908	3
amaya	72	Picture	3	1693662	0	3	2000	6	0	1920	other	0
amaya	73	Sound	63	1705645	0	2			0		hit	122
amaya	73	Response	252	1718195	12550	2
amaya	74	Picture	1	1740824	0	3	1998	7	0	1920	other	0
amaya	75	Sound	61	1752818	0	2			0		hit	125
amaya	75	Response	251	1758890	6072	2
amaya	76	Picture	204	1788653	0	3	2000	7	0	1920	other	0
amaya	77	Sound	64	1800649	0	2			0		hit	128
amaya	77	Response	252	1809914	9265	3
amaya	78	Picture	121	1835148	0	2	2000	4	0	1920	other	0
amaya	78	Sound	52	1843188	8040	2			8040		other	0
amaya	79	Sound	61	1847134	0	2			0		hit	132
amaya	79	Response	251	1853807	6673	3
amaya	80	Picture	4	1881975	0	5	2001	8	0	1920	other	0
amaya	81	Sound	64	1893977	0	4			0		hit	135
amaya	81	Response	252	1900358	6381	2
amaya	82	Picture	2	1929805	0	3	2000	6	0	1920	other	0
amaya	83	Sound	62	1941808	0	2			0		hit	138
amaya	83	Response	251	1947399	5591	2
amaya	84	Picture	2	1976134	0	2	2000	4	0	1920	other	0
amaya	85	Sound	62	1988113	0	2			0		hit	141
amaya	85	Response	251	1993239	5126	2
amaya	86	Picture	202	2023796	0	3	2000	6	0	1920	other	0
amaya	87	Sound	62	2035794	0	2			0		hit	144
amaya	87	Response	251	2041827	6033	2
amaya	88	Picture	212	2071291	0	3	2000	6	0	1920	other	0
amaya	88	Sound	51	2076171	4880	2			4880		other	0
amaya	89	Sound	62	2083297	0	2			0		hit	148
amaya	89	Response	251	2088257	4960	2
amaya	90	Picture	3	2117953	0	3	2000	5	0	1920	other	0
amaya	91	Sound	63	2129930	0	2			0		hit	151
amaya	91	Response	252	2139871	9941	2
amaya	92	Picture	3	2165280	0	5	2002	7	0	1920	other	0
amaya	93	Sound	63	2177283	0	2			0		hit	154
amaya	93	Response	252	2187895	10612	3
amaya	94	Picture	101	2212444	0	3	1999	6	0	1920	other	0
amaya	95	Sound	61	2224426	0	2			0		hit	157
amaya	95	Response	251	2232055	7629	3
amaya	96	Picture	103	2260605	0	4	2001	6	0	1920	other	0
amaya	97	Sound	63	2272587	0	1			0		hit	160
amaya	97	Response	252	2280734	8147	2
amaya	98	Picture	1	2308101	0	7	1999	11	0	1920	other	0
amaya	99	Sound	61	2320089	0	2			0		hit	163
amaya	99	Response	251	2328244	8155	2
amaya	100	Picture	103	2356262	0	3	2001	6	0	1920	other	0
amaya	101	Sound	63	2368249	0	2			0		hit	166
amaya	101	Response	252	2381341	13092	2
amaya	102	Picture	4	2402758	0	2	2000	5	0	1920	other	0
amaya	103	Sound	64	2414763	0	2			0		hit	169
amaya	103	Response	252	2422269	7506	2
amaya	104	Picture	202	2450920	0	2	2000	5	0	1920	other	0
amaya	105	Sound	62	2462924	0	2			0		hit	172
amaya	105	Response	251	2470074	7150	3
amaya	106	Picture	4	2497249	0	3	2000	5	0	1920	other	0
amaya	107	Sound	64	2509229	0	2			0		hit	175
amaya	107	Response	252	2525002	15773	2
amaya	108	Picture	202	2545245	0	2	1998	6	0	1920	other	0
amaya	109	Sound	62	2557240	0	1			0		hit	178
amaya	109	Response	251	2562862	5622	2
amaya	109	Response	251	2565295	8055	2
amaya	110	Picture	11	2593239	0	3	2000	6	0	1920	other	0
amaya	110	Sound	51	2598409	5170	2			5170		other	0
amaya	111	Sound	61	2605220	0	2			0		hit	183
amaya	111	Response	251	2610219	4999	2
amaya	112	Picture	2	2640899	0	5	2002	7	0	1920	other	0
amaya	113	Sound	62	2652902	0	2			0		hit	186
amaya	113	Response	251	2664237	11335	2
amaya	114	Picture	103	2687230	0	3	2000	5	0	1920	other	0
amaya	115	Sound	63	2699236	0	2			0		hit	189
amaya	115	Response	252	2705383	6147	3
amaya	116	Picture	103	2734225	0	3	2000	6	0	1920	other	0
amaya	117	Sound	63	2746230	0	2			0		hit	192
amaya	117	Response	252	2754733	8503	3
amaya	118	Picture	3	2781054	0	2	2000	5	0	1920	other	0
amaya	119	Sound	63	2793043	0	2			0		hit	195
amaya	119	Response	252	2806799	13756	2
amaya	120	Picture	4	2828214	0	5	2002	7	0	1920	other	0
amaya	121	Sound	64	2840216	0	2			0		hit	198
amaya	121	Response	252	2847866	7650	2
amaya	122	Picture	202	2874711	0	3	2000	6	0	1920	other	0
amaya	123	Sound	62	2886701	0	1			0		hit	201
amaya	123	Response	251	2891635	4934	2
amaya	124	Picture	103	2921373	0	3	2000	6	0	1920	other	0
amaya	125	Sound	63	2933364	0	2			0		hit	204
amaya	125	Response	252	2940874	7510	3
amaya	126	Picture	111	2969535	0	3	2001	5	0	1920	other	0
amaya	126	Sound	51	2972065	2530	1			2530		other	0
amaya	127	Sound	61	2981525	0	2			0		hit	208
amaya	127	Response	251	2988702	7177	2
amaya	128	Picture	13	3016530	0	3	2001	5	0	1920	other	0
amaya	128	Sound	51	3020819	4289	2			4290		other	0
amaya	129	Sound	63	3028518	0	2			0		hit	212
amaya	129	Response	252	3035228	6710	2
amaya	130	Picture	204	3063026	0	2	2000	5	0	1920	other	0
amaya	131	Sound	64	3075032	0	2			0		hit	215
amaya	131	Response	252	3083531	8499	2
amaya	132	Picture	101	3109688	0	3	1999	6	0	1920	other	0
amaya	133	Sound	61	3121666	0	2			0		hit	218
amaya	133	Response	251	3129504	7838	2
amaya	134	Response	253	3440305	282789	5


Event Type	Code	Type	Response	RT	RT Uncertainty	Time	Uncertainty	Duration	Uncertainty	ReqTime	ReqDur

Picture	10	other				4330	3	20165	5	0	20000
Picture	10	other				24661	3	40163	6	0	40000
Picture	10	other				64990	3	40163	6	0	40000
Nothing	91	other				105162	1			0
Picture	202	other				135650	3	1999	8	0	1920
Sound	62	hit	1	4362	4	147627	2			0
Picture	123	other				181812	3	2000	6	0	1920
Sound	52	other				187402	1			5590
Sound	63	hit	2	6119	5	193812	2			0
Picture	12	other				229474	3	2000	6	0	1920
Sound	51	other				232234	2			2760
Sound	62	hit	1	3541	4	241463	2			0
Picture	1	other				276970	2	1998	6	0	1920
Sound	61	hit	1	4219	4	288965	2			0
Picture	214	other				323298	5	1999	8	0	1920
Sound	51	other				328058	3			4760
Sound	64	hit	2	5376	3	335301	1			0
Picture	224	other				371459	4	2001	7	0	1920
Sound	52	other				377499	2			6040
Sound	64	hit	2	4497	5	383461	3			0
Picture	3	other				417955	3	2000	6	0	1920
Sound	63	hit	2	13408	4	429946	2			0
Picture	21	other				465115	5	2002	8	0	1920
Sound	52	other				472874	2			7760
Sound	61	hit	1	5388	6	477118	2			0
Picture	2	other				512946	2	2000	5	0	1920
Sound	62	hit	1	10161	4	524949	2			0
Picture	1	other				560608	3	1999	6	0	1920
Sound	61	hit	1	6246	4	572601	2			0
Picture	204	other				607103	2	2000	5	0	1920
Sound	64	hit	2	4858	4	619085	2			0
Picture	101	other				654098	3	2001	5	0	1920
Sound	61	hit	1	4770	5	666078	2			0
Picture	101	other				702094	2	1997	7	0	1920
Sound	61	hit	1	5323	5	714090	3			0
Picture	113	other				748421	5	2001	8	0	1920
Sound	51	other				753560	2			5140
Sound	63	hit	2	7853	4	760424	2			0
Picture	4	other				796418	2	2000	5	0	1920
Sound	64	hit	2	12744	4	808405	2			0
Picture	23	other				842913	2	2000	5	0	1920
Sound	52	other				849552	2			6640
Sound	63	hit	2	9284	4	854919	2			0
Picture	3	other				891075	3	2000	5	0	1920
Sound	63	hit	2	6286	5	903080	1			0
Picture	22	other				938737	2	2000	5	0	1920
Sound	52	other				944647	2			5910
Sound	62	hit	1	4985	4	950731	2			0
Picture	14	other				986898	3	2000	6	0	1920
Sound	51	other				990947	2			4050
Sound	64	hit	2	11353	4	998892	2			0
Picture	4	other				1033394	3	2000	6	0	1920
Sound	64	hit	2	6904	4	1045376	2			0
Picture	101	other				1079556	3	2000	6	0	1920
Sound	61	hit	1	4980	4	1091561	2			0
Picture	202	other				1127051	3	2001	5	0	1920
Sound	62	hit	1	4164	5	1139033	2			0
Picture	204	other				1175046	3	2001	7	0	1920
Sound	64	hit	2	11532	5	1187044	2			0
Picture	2	other				1221376	5	2000	7	0	1920
Sound	62	hit	1	4997	4	1233379	2			0
Picture	103	other				1267705	3	1999	6	0	1920
Sound	63	hit	2	10041	3	1279684	1			0
Picture	204	other				1315033	6	2000	9	0	1920
Sound	64	hit	2	11635	9	1327035	6			0
Picture	2	other				1362861	3	2000	6	0	1920
Sound	62	hit	1	4335	4	1374867	2			0
Picture	1	other				1410357	3	2000	6	0	1920
Sound	61	hit	1	6637	4	1422339	2			0
Picture	24	other				1458185	3	2000	6	0	1920
Sound	52	other				1464516	2			6330
Sound	64	hit	2	8720	4	1470171	2			0
Picture	222	other				1505348	2	1998	6	0	1920
Sound	52	other				1511007	2			5660
Sound	62	hit	1	5932	5	1517344	3			0
Picture	1	other				1551843	2	2000	4	0	1920
Sound	61	hit	1	5475	3	1563828	1			0
Picture	204	other				1599504	3	2000	6	0	1920
Sound	64	hit	2	10297	6	1611509	2			0
Picture	101	other				1647500	3	2000	6	0	1920
Sound	61	hit	1	6908	5	1659490	2			0
Picture	3	other				1693662	3	2000	6	0	1920
Sound	63	hit	2	12550	4	1705645	2			0
Picture	1	other				1740824	3	1998	7	0	1920
Sound	61	hit	1	6072	4	1752818	2			0
Picture	204	other				1788653	3	2000	7	0	1920
Sound	64	hit	2	9265	5	1800649	2			0
Picture	121	other				1835148	2	2000	4	0	1920
Sound	52	other				1843188	2			8040
Sound	61	hit	1	6673	5	1847134	2			0
Picture	4	other				1881975	5	2001	8	0	1920
Sound	64	hit	2	6381	6	1893977	4			0
Picture	2	other				1929805	3	2000	6	0	1920
Sound	62	hit	1	5591	4	1941808	2			0
Picture	2	other				1976134	2	2000	4	0	1920
Sound	62	hit	1	5126	4	1988113	2			0
Picture	202	other				2023796	3	2000	6	0	1920
Sound	62	hit	1	6033	4	2035794	2			0
Picture	212	other				2071291	3	2000	6	0	1920
Sound	51	other				2076171	2			4880
Sound	62	hit	1	4960	4	2083297	2			0
Picture	3	other				2117953	3	2000	5	0	1920
Sound	63	hit	2	9941	4	2129930	2			0
Picture	3	other				2165280	5	2002	7	0	1920
Sound	63	hit	2	10612	5	2177283	2			0
Picture	101	other				2212444	3	1999	6	0	1920
Sound	61	hit	1	7629	5	2224426	2			0
Picture	103	other				2260605	4	2001	6	0	1920
Sound	63	hit	2	8147	3	2272587	1			0
Picture	1	other				2308101	7	1999	11	0	1920
Sound	61	hit	1	8155	4	2320089	2			0
Picture	103	other				2356262	3	2001	6	0	1920
Sound	63	hit	2	13092	4	2368249	2			0
Picture	4	other				2402758	2	2000	5	0	1920
Sound	64	hit	2	7506	4	2414763	2			0
Picture	202	other				2450920	2	2000	5	0	1920
Sound	62	hit	1	7150	5	2462924	2			0
Picture	4	other				2497249	3	2000	5	0	1920
Sound	64	hit	2	15773	4	2509229	2			0
Picture	202	other				2545245	2	1998	6	0	1920
Sound	62	hit	1	5622	3	2557240	1			0
Picture	11	other				2593239	3	2000	6	0	1920
Sound	51	other				2598409	2			5170
Sound	61	hit	1	4999	4	2605220	2			0
Picture	2	other				2640899	5	2002	7	0	1920
Sound	62	hit	1	11335	4	2652902	2			0
Picture	103	other				2687230	3	2000	5	0	1920
Sound	63	hit	2	6147	5	2699236	2			0
Picture	103	other				2734225	3	2000	6	0	1920
Sound	63	hit	2	8503	5	2746230	2			0
Picture	3	other				2781054	2	2000	5	0	1920
Sound	63	hit	2	13756	4	2793043	2			0
Picture	4	other				2828214	5	2002	7	0	1920
Sound	64	hit	2	7650	4	2840216	2			0
Picture	202	other				2874711	3	2000	6	0	1920
Sound	62	hit	1	4934	3	2886701	1			0
Picture	103	other				2921373	3	2000	6	0	1920
Sound	63	hit	2	7510	5	2933364	2			0
Picture	111	other				2969535	3	2001	5	0	1920
Sound	51	other				2972065	1			2530
Sound	61	hit	1	7177	4	2981525	2			0
Picture	13	other				3016530	3	2001	5	0	1920
Sound	51	other				3020819	2			4290
Sound	63	hit	2	6710	4	3028518	2			0
Picture	204	other				3063026	2	2000	5	0	1920
Sound	64	hit	2	8499	4	3075032	2			0
Picture	101	other				3109688	3	1999	6	0	1920
Sound	61	hit	1	7838	4	3121666	2			0
