Scenario - 17_March_2015
Logfile written - 06/28/2017 16:08:37

Subject	Trial	Event Type	Code	Time	TTime	Uncertainty	Duration	Uncertainty	ReqTime	ReqDur	Stim Type	Pair Index

amaya	1	Response	253	7574	17243	7
amaya	2	Picture	10	7663	0	2	20164	5	0	20000	other	0
amaya	3	Picture	10	27994	0	3	40163	5	0	40000	other	0
amaya	3	Response	251	42070	14076	2
amaya	4	Picture	10	68322	0	3	40163	6	0	40000	other	0
amaya	4	Response	252	83871	15549	2
amaya	5	Nothing	91	108492	0	1			0		other	0
amaya	6	Picture	2	138983	0	3	2000	7	0	1920	other	0
amaya	7	Sound	62	150979	0	2			0		hit	10
amaya	7	Response	251	154720	3741	2
amaya	8	Picture	101	186145	0	3	2000	5	0	1920	other	0
amaya	9	Sound	61	198123	0	1			0		hit	13
amaya	9	Response	251	201845	3722	2
amaya	10	Picture	123	232805	0	4	2001	8	0	1920	other	0
amaya	10	Sound	52	239864	7059	2			7060		other	0
amaya	11	Sound	63	244787	0	1			0		hit	17
amaya	11	Response	252	253740	8953	2
amaya	12	Picture	101	279135	0	3	2000	6	0	1920	other	0
amaya	13	Sound	61	291121	0	2			0		hit	20
amaya	13	Response	251	294476	3355	3
amaya	14	Picture	103	326464	0	3	2000	6	0	1920	other	0
amaya	15	Sound	63	338443	0	2			0		hit	23
amaya	15	Response	252	344587	6144	2
amaya	16	Picture	4	374293	0	3	2000	5	0	1920	other	0
amaya	17	Sound	64	386275	0	2			0		hit	26
amaya	17	Response	252	393165	6890	3
amaya	18	Picture	11	421454	0	3	2000	6	0	1920	other	0
amaya	18	Sound	51	424163	2709	2			2710		other	0
amaya	19	Sound	61	433448	0	2			0		hit	30
amaya	19	Response	251	437236	3788	2
amaya	20	Picture	22	467783	0	3	2000	6	0	1920	other	0
amaya	20	Sound	52	475343	7560	1			7560		other	0
amaya	21	Sound	62	479782	0	2			0		hit	34
amaya	21	Response	251	488222	8440	2
amaya	22	Picture	1	515778	0	3	2000	6	0	1920	other	0
amaya	23	Sound	61	527763	0	4			0		hit	37
amaya	23	Response	251	533360	5597	2
amaya	24	Picture	2	562441	0	2	1999	5	0	1920	other	0
amaya	25	Sound	62	574427	0	2			0		hit	40
amaya	25	Response	251	579144	4717	2
amaya	26	Picture	204	608769	0	3	2000	6	0	1920	other	0
amaya	27	Sound	64	620762	0	2			0		hit	43
amaya	27	Response	252	629702	8940	2
amaya	28	Picture	4	656098	0	3	2000	6	0	1920	other	0
amaya	29	Sound	64	668084	0	2			0		hit	46
amaya	29	Response	252	675076	6992	2
amaya	30	Picture	111	704093	0	5	2000	8	0	1920	other	0
amaya	30	Sound	51	707613	3520	2			3520		other	0
amaya	31	Sound	61	716095	0	2			0		hit	50
amaya	31	Response	251	720459	4364	2
amaya	32	Picture	3	751088	0	4	2000	7	0	1920	other	0
amaya	33	Sound	63	763088	0	2			0		hit	53
amaya	33	Response	252	767079	3991	2
amaya	34	Picture	24	797750	0	5	2001	8	0	1920	other	0
amaya	34	Sound	52	805049	7299	2			7300		other	0
amaya	35	Sound	64	809752	0	2			0		hit	57
amaya	35	Response	252	816009	6257	3
amaya	36	Picture	1	844412	0	6	1999	10	0	1920	other	0
amaya	37	Sound	61	856416	0	2			0		hit	60
amaya	37	Response	251	860984	4568	2
amaya	38	Picture	3	891908	0	2	2000	4	0	1920	other	0
amaya	39	Sound	63	903888	0	2			0		hit	63
amaya	39	Response	252	911129	7241	2
amaya	40	Picture	202	939069	0	3	2001	6	0	1920	other	0
amaya	41	Sound	62	951061	0	2			0		hit	66
amaya	41	Response	251	955136	4075	2
amaya	42	Picture	2	986398	0	3	2000	6	0	1920	other	0
amaya	43	Sound	62	998383	0	2			0		hit	69
amaya	43	Response	251	1005470	7087	2
amaya	44	Picture	4	1034227	0	2	1999	5	0	1920	other	0
amaya	45	Sound	64	1046215	0	3			0		hit	72
amaya	45	Response	252	1051548	5333	2
amaya	46	Picture	3	1081055	0	5	2001	7	0	1920	other	0
amaya	47	Sound	63	1093058	0	2			0		hit	75
amaya	47	Response	252	1100030	6972	2
amaya	48	Picture	204	1129052	0	2	1999	4	0	1920	other	0
amaya	49	Sound	64	1141039	0	2			0		hit	78
amaya	49	Response	252	1147885	6846	2
amaya	50	Picture	13	1177212	0	4	2001	7	0	1920	other	0
amaya	50	Sound	51	1180212	3000	1			3000		other	0
amaya	51	Sound	63	1189200	0	2			0		hit	82
amaya	51	Response	252	1196816	7616	2
amaya	52	Picture	3	1223542	0	2	1998	5	0	1920	other	0
amaya	53	Sound	63	1235534	0	2			0		hit	85
amaya	53	Response	252	1241143	5609	2
amaya	54	Picture	204	1271202	0	6	2000	10	0	1920	other	0
amaya	55	Sound	64	1283186	0	2			0		hit	88
amaya	55	Response	252	1289888	6702	2
amaya	56	Picture	1	1318366	0	2	1998	6	0	1920	other	0
amaya	57	Sound	61	1330359	0	2			0		hit	91
amaya	57	Response	251	1334776	4417	2
amaya	58	Picture	1	1365361	0	3	2000	6	0	1920	other	0
amaya	59	Sound	61	1377352	0	2			0		hit	94
amaya	59	Response	251	1381948	4596	2
amaya	60	Picture	103	1412189	0	3	2001	5	0	1920	other	0
amaya	61	Sound	63	1424166	0	2			0		hit	97
amaya	61	Response	252	1430764	6598	3
amaya	62	Picture	2	1459185	0	5	2000	8	0	1920	other	0
amaya	63	Sound	62	1471189	0	2			0		hit	100
amaya	63	Response	251	1477697	6508	2
amaya	64	Picture	103	1506847	0	3	1999	6	0	1920	other	0
amaya	65	Sound	63	1518841	0	3			0		hit	103
amaya	65	Response	252	1526870	8029	2
amaya	66	Picture	4	1553176	0	3	2000	5	0	1920	other	0
amaya	67	Sound	64	1565175	0	2			0		hit	106
amaya	67	Response	252	1572249	7074	3
amaya	68	Picture	113	1600338	0	3	1999	6	0	1920	other	0
amaya	68	Sound	51	1605457	5119	2			5120		other	0
amaya	69	Sound	63	1612318	0	2			0		hit	110
amaya	69	Response	252	1622094	9776	2
amaya	70	Picture	103	1646667	0	3	1999	6	0	1920	other	0
amaya	71	Sound	63	1658653	0	2			0		hit	113
amaya	71	Response	252	1664607	5954	2
amaya	72	Picture	204	1693493	0	7	2001	10	0	1920	other	0
amaya	73	Sound	64	1705496	0	2			0		hit	116
amaya	73	Response	252	1714010	8514	2
amaya	74	Picture	202	1740824	0	3	1997	10	0	1920	other	0
amaya	75	Sound	62	1752818	0	2			0		hit	119
amaya	75	Response	251	1760332	7514	4
amaya	76	Picture	224	1788486	0	3	1999	6	0	1920	other	0
amaya	76	Sound	52	1794775	6289	2			6290		other	0
amaya	77	Sound	64	1800470	0	2			0		hit	123
amaya	77	Response	252	1809361	8891	3
amaya	78	Picture	1	1835314	0	3	2000	6	0	1920	other	0
amaya	79	Sound	61	1847314	0	2			0		hit	126
amaya	79	Response	251	1852355	5041	2
amaya	80	Picture	23	1881975	0	4	2001	7	0	1920	other	0
amaya	80	Sound	52	1889925	7950	2			7950		other	0
amaya	81	Sound	63	1893978	0	2			0		hit	130
amaya	81	Response	252	1902550	8572	2
amaya	82	Picture	103	1928971	0	4	2000	7	0	1920	other	0
amaya	83	Sound	63	1940971	0	4			0		hit	133
amaya	83	Response	252	1946740	5769	2
amaya	84	Picture	212	1975967	0	3	2000	7	0	1920	other	0
amaya	84	Sound	51	1980946	4979	2			4980		other	0
amaya	85	Sound	62	1987964	0	3			0		hit	137
amaya	85	Response	251	1992961	4997	2
amaya	86	Picture	204	2023962	0	3	2000	5	0	1920	other	0
amaya	87	Sound	64	2035945	0	2			0		hit	140
amaya	87	Response	252	2043303	7358	2
amaya	88	Picture	101	2071624	0	4	2000	7	0	1920	other	0
amaya	89	Sound	61	2083627	0	1			0		hit	143
amaya	89	Response	251	2088710	5083	3
amaya	90	Picture	101	2119619	0	3	2000	6	0	1920	other	0
amaya	91	Sound	61	2131608	0	3			0		hit	146
amaya	91	Response	251	2137498	5890	2
amaya	92	Picture	4	2167614	0	3	2001	6	0	1920	other	0
amaya	93	Sound	64	2179618	0	2			0		hit	149
amaya	93	Response	252	2187668	8050	2
amaya	94	Picture	202	2215609	0	3	2001	6	0	1920	other	0
amaya	95	Sound	62	2227599	0	2			0		hit	152
amaya	95	Response	251	2233801	6202	2
amaya	96	Picture	222	2262438	0	3	2001	5	0	1920	other	0
amaya	96	Sound	52	2270568	8130	2			8130		other	0
amaya	97	Sound	62	2274443	0	3			0		hit	156
amaya	97	Response	251	2280685	6242	2
amaya	98	Picture	121	2309767	0	3	2000	5	0	1920	other	0
amaya	98	Sound	52	2317506	7739	2			7740		other	0
amaya	99	Sound	61	2321765	0	2			0		hit	160
amaya	99	Response	251	2330146	8381	4
amaya	100	Picture	1	2356929	0	3	2000	6	0	1920	other	0
amaya	101	Sound	61	2368908	0	4			0		hit	163
amaya	101	Response	251	2374293	5385	2
amaya	102	Picture	101	2403090	0	5	2001	8	0	1920	other	0
amaya	103	Sound	61	2415093	0	2			0		hit	166
amaya	103	Response	251	2420643	5550	2
amaya	104	Picture	2	2451086	0	4	2000	7	0	1920	other	0
amaya	105	Sound	62	2463074	0	2			0		hit	169
amaya	105	Response	251	2467948	4874	2
amaya	106	Picture	202	2498248	0	4	2000	7	0	1920	other	0
amaya	107	Sound	62	2510247	0	2			0		hit	172
amaya	107	Response	251	2514806	4559	2
amaya	108	Picture	14	2544909	0	4	2001	7	0	1920	other	0
amaya	108	Sound	51	2548629	3720	1			3720		other	0
amaya	109	Sound	64	2556910	0	2			0		hit	176
amaya	109	Response	252	2561936	5026	2
amaya	110	Picture	202	2591239	0	3	2000	6	0	1920	other	0
amaya	111	Sound	62	2603245	0	2			0		hit	179
amaya	111	Response	251	2609225	5980	1
amaya	112	Picture	3	2638068	0	3	1999	6	0	1920	other	0
amaya	113	Sound	63	2650059	0	1			0		hit	182
amaya	113	Response	252	2655990	5931	2
amaya	114	Picture	2	2685063	0	3	2000	5	0	1920	other	0
amaya	115	Sound	62	2697052	0	2			0		hit	185
amaya	115	Response	251	2708062	11010	2
amaya	116	Picture	103	2731725	0	3	2000	6	0	1920	other	0
amaya	117	Sound	63	2743716	0	2			0		hit	188
amaya	117	Response	252	2750216	6500	2
amaya	118	Picture	214	2779724	0	166	1995	170	0	1920	other	0
amaya	118	Sound	51	2783124	3400	2			3400		other	0
amaya	119	Sound	64	2791727	0	2			0		hit	192
amaya	119	Response	252	2797526	5799	3
amaya	120	Picture	101	2826049	0	5	2000	9	0	1920	other	0
amaya	121	Sound	61	2838032	0	2			0		hit	195
amaya	121	Response	251	2842636	4604	2
amaya	122	Picture	12	2873877	0	3	2001	5	0	1920	other	0
amaya	122	Sound	51	2877156	3279	3			3280		other	0
amaya	123	Sound	62	2885863	0	1			0		hit	199
amaya	123	Response	251	2893220	7357	2
amaya	124	Picture	21	2920374	0	4	1999	7	0	1920	other	0
amaya	124	Sound	52	2928554	8180	1			8180		other	0
amaya	125	Sound	61	2932377	0	4			0		hit	203
amaya	125	Response	251	2939701	7324	2
amaya	126	Picture	4	2967368	0	6	2000	9	0	1920	other	0
amaya	127	Sound	64	2979370	0	2			0		hit	206
amaya	127	Response	252	2985253	5883	2
amaya	128	Picture	204	3015197	0	2	2000	5	0	1920	other	0
amaya	129	Sound	64	3027201	0	2			0		hit	209
amaya	129	Response	252	3034870	7669	2
amaya	130	Picture	3	3061859	0	3	2000	5	0	1920	other	0
amaya	131	Sound	63	3073865	0	4			0		hit	212
amaya	131	Response	252	3082265	8400	3
amaya	132	Picture	202	3108521	0	3	2000	6	0	1920	other	0
amaya	133	Sound	62	3120500	0	1			0		hit	215
amaya	133	Response	251	3124532	4032	3
amaya	134	Response	253	3283318	127635	6


Event Type	Code	Type	Response	RT	RT Uncertainty	Time	Uncertainty	Duration	Uncertainty	ReqTime	ReqDur

Picture	10	other				7663	2	20164	5	0	20000
Picture	10	other				27994	3	40163	5	0	40000
Picture	10	other				68322	3	40163	6	0	40000
Nothing	91	other				108492	1			0
Picture	2	other				138983	3	2000	7	0	1920
Sound	62	hit	1	3741	4	150979	2			0
Picture	101	other				186145	3	2000	5	0	1920
Sound	61	hit	1	3722	3	198123	1			0
Picture	123	other				232805	4	2001	8	0	1920
Sound	52	other				239864	2			7060
Sound	63	hit	2	8953	3	244787	1			0
Picture	101	other				279135	3	2000	6	0	1920
Sound	61	hit	1	3355	5	291121	2			0
Picture	103	other				326464	3	2000	6	0	1920
Sound	63	hit	2	6144	4	338443	2			0
Picture	4	other				374293	3	2000	5	0	1920
Sound	64	hit	2	6890	5	386275	2			0
Picture	11	other				421454	3	2000	6	0	1920
Sound	51	other				424163	2			2710
Sound	61	hit	1	3788	4	433448	2			0
Picture	22	other				467783	3	2000	6	0	1920
Sound	52	other				475343	1			7560
Sound	62	hit	1	8440	4	479782	2			0
Picture	1	other				515778	3	2000	6	0	1920
Sound	61	hit	1	5597	6	527763	4			0
Picture	2	other				562441	2	1999	5	0	1920
Sound	62	hit	1	4717	4	574427	2			0
Picture	204	other				608769	3	2000	6	0	1920
Sound	64	hit	2	8940	4	620762	2			0
Picture	4	other				656098	3	2000	6	0	1920
Sound	64	hit	2	6992	4	668084	2			0
Picture	111	other				704093	5	2000	8	0	1920
Sound	51	other				707613	2			3520
Sound	61	hit	1	4364	4	716095	2			0
Picture	3	other				751088	4	2000	7	0	1920
Sound	63	hit	2	3991	4	763088	2			0
Picture	24	other				797750	5	2001	8	0	1920
Sound	52	other				805049	2			7300
Sound	64	hit	2	6257	5	809752	2			0
Picture	1	other				844412	6	1999	10	0	1920
Sound	61	hit	1	4568	4	856416	2			0
Picture	3	other				891908	2	2000	4	0	1920
Sound	63	hit	2	7241	4	903888	2			0
Picture	202	other				939069	3	2001	6	0	1920
Sound	62	hit	1	4075	4	951061	2			0
Picture	2	other				986398	3	2000	6	0	1920
Sound	62	hit	1	7087	4	998383	2			0
Picture	4	other				1034227	2	1999	5	0	1920
Sound	64	hit	2	5333	5	1046215	3			0
Picture	3	other				1081055	5	2001	7	0	1920
Sound	63	hit	2	6972	4	1093058	2			0
Picture	204	other				1129052	2	1999	4	0	1920
Sound	64	hit	2	6846	4	1141039	2			0
Picture	13	other				1177212	4	2001	7	0	1920
Sound	51	other				1180212	1			3000
Sound	63	hit	2	7616	4	1189200	2			0
Picture	3	other				1223542	2	1998	5	0	1920
Sound	63	hit	2	5609	4	1235534	2			0
Picture	204	other				1271202	6	2000	10	0	1920
Sound	64	hit	2	6702	4	1283186	2			0
Picture	1	other				1318366	2	1998	6	0	1920
Sound	61	hit	1	4417	4	1330359	2			0
Picture	1	other				1365361	3	2000	6	0	1920
Sound	61	hit	1	4596	4	1377352	2			0
Picture	103	other				1412189	3	2001	5	0	1920
Sound	63	hit	2	6598	5	1424166	2			0
Picture	2	other				1459185	5	2000	8	0	1920
Sound	62	hit	1	6508	4	1471189	2			0
Picture	103	other				1506847	3	1999	6	0	1920
Sound	63	hit	2	8029	5	1518841	3			0
Picture	4	other				1553176	3	2000	5	0	1920
Sound	64	hit	2	7074	5	1565175	2			0
Picture	113	other				1600338	3	1999	6	0	1920
Sound	51	other				1605457	2			5120
Sound	63	hit	2	9776	4	1612318	2			0
Picture	103	other				1646667	3	1999	6	0	1920
Sound	63	hit	2	5954	4	1658653	2			0
Picture	204	other				1693493	7	2001	10	0	1920
Sound	64	hit	2	8514	4	1705496	2			0
Picture	202	other				1740824	3	1997	10	0	1920
Sound	62	hit	1	7514	6	1752818	2			0
Picture	224	other				1788486	3	1999	6	0	1920
Sound	52	other				1794775	2			6290
Sound	64	hit	2	8891	5	1800470	2			0
Picture	1	other				1835314	3	2000	6	0	1920
Sound	61	hit	1	5041	4	1847314	2			0
Picture	23	other				1881975	4	2001	7	0	1920
Sound	52	other				1889925	2			7950
Sound	63	hit	2	8572	4	1893978	2			0
Picture	103	other				1928971	4	2000	7	0	1920
Sound	63	hit	2	5769	6	1940971	4			0
Picture	212	other				1975967	3	2000	7	0	1920
Sound	51	other				1980946	2			4980
Sound	62	hit	1	4997	5	1987964	3			0
Picture	204	other				2023962	3	2000	5	0	1920
Sound	64	hit	2	7358	4	2035945	2			0
Picture	101	other				2071624	4	2000	7	0	1920
Sound	61	hit	1	5083	4	2083627	1			0
Picture	101	other				2119619	3	2000	6	0	1920
Sound	61	hit	1	5890	5	2131608	3			0
Picture	4	other				2167614	3	2001	6	0	1920
Sound	64	hit	2	8050	4	2179618	2			0
Picture	202	other				2215609	3	2001	6	0	1920
Sound	62	hit	1	6202	4	2227599	2			0
Picture	222	other				2262438	3	2001	5	0	1920
Sound	52	other				2270568	2			8130
Sound	62	hit	1	6242	5	2274443	3			0
Picture	121	other				2309767	3	2000	5	0	1920
Sound	52	other				2317506	2			7740
Sound	61	hit	1	8381	6	2321765	2			0
Picture	1	other				2356929	3	2000	6	0	1920
Sound	61	hit	1	5385	6	2368908	4			0
Picture	101	other				2403090	5	2001	8	0	1920
Sound	61	hit	1	5550	4	2415093	2			0
Picture	2	other				2451086	4	2000	7	0	1920
Sound	62	hit	1	4874	4	2463074	2			0
Picture	202	other				2498248	4	2000	7	0	1920
Sound	62	hit	1	4559	4	2510247	2			0
Picture	14	other				2544909	4	2001	7	0	1920
Sound	51	other				2548629	1			3720
Sound	64	hit	2	5026	4	2556910	2			0
Picture	202	other				2591239	3	2000	6	0	1920
Sound	62	hit	1	5980	3	2603245	2			0
Picture	3	other				2638068	3	1999	6	0	1920
Sound	63	hit	2	5931	3	2650059	1			0
Picture	2	other				2685063	3	2000	5	0	1920
Sound	62	hit	1	11010	4	2697052	2			0
Picture	103	other				2731725	3	2000	6	0	1920
Sound	63	hit	2	6500	4	2743716	2			0
Picture	214	other				2779724	166	1995	170	0	1920
Sound	51	other				2783124	2			3400
Sound	64	hit	2	5799	5	2791727	2			0
Picture	101	other				2826049	5	2000	9	0	1920
Sound	61	hit	1	4604	4	2838032	2			0
Picture	12	other				2873877	3	2001	5	0	1920
Sound	51	other				2877156	3			3280
Sound	62	hit	1	7357	3	2885863	1			0
Picture	21	other				2920374	4	1999	7	0	1920
Sound	52	other				2928554	1			8180
Sound	61	hit	1	7324	6	2932377	4			0
Picture	4	other				2967368	6	2000	9	0	1920
Sound	64	hit	2	5883	4	2979370	2			0
Picture	204	other				3015197	2	2000	5	0	1920
Sound	64	hit	2	7669	4	3027201	2			0
Picture	3	other				3061859	3	2000	5	0	1920
Sound	63	hit	2	8400	7	3073865	4			0
Picture	202	other				3108521	3	2000	6	0	1920
Sound	62	hit	1	4032	4	3120500	1			0
