Scenario - 17_March_2015
Logfile written - 06/28/2017 15:17:37

Subject	Trial	Event Type	Code	Time	TTime	Uncertainty	Duration	Uncertainty	ReqTime	ReqDur	Stim Type	Pair Index

amaya	1	Response	253	41697	51366	3
amaya	2	Picture	10	41825	0	2	20165	4	0	20000	other	0
amaya	3	Picture	10	62156	0	3	40162	6	0	40000	other	0
amaya	3	Response	251	90777	28621	2
amaya	4	Picture	10	102485	0	3	40163	6	0	40000	other	0
amaya	4	Response	252	120376	17891	2
amaya	5	Sound	111	142807	0	6			0		hit	8
amaya	5	Response	251	150773	7966	1
amaya	6	Sound	122	173937	0	2			0		hit	10
amaya	6	Response	252	181783	7846	2
amaya	7	Sound	111	205066	0	2			0		hit	12
amaya	7	Response	251	212843	7777	1
amaya	8	Sound	121	236196	0	1			0		hit	14
amaya	8	Response	252	242518	6322	2
amaya	9	Sound	112	267325	0	2			0		hit	16
amaya	9	Response	251	271665	4340	4
amaya	10	Sound	111	298454	0	2			0		hit	18
amaya	10	Response	251	307481	9027	2
amaya	11	Sound	122	329583	0	2			0		hit	20
amaya	11	Response	252	336595	7012	2
amaya	12	Sound	111	360713	0	1			0		hit	22
amaya	12	Response	251	365657	4944	2
amaya	13	Sound	121	391842	0	3			0		hit	24
amaya	13	Response	252	398478	6636	2
amaya	14	Sound	112	422971	0	2			0		hit	26
amaya	14	Response	251	427334	4363	2
amaya	14	Response	251	431489	8518	2
amaya	15	Sound	121	454101	0	3			0		hit	29
amaya	15	Response	252	458973	4872	2
amaya	15	Response	251	464068	9967	3
amaya	15	Response	251	464880	10779	2
amaya	16	Sound	121	485200	0	2			0		hit	33
amaya	16	Response	252	493641	8441	3
amaya	16	Response	251	498018	12818	2
amaya	16	Response	251	502987	17787	1
amaya	17	Sound	112	516329	0	2			0		hit	37
amaya	17	Response	251	521901	5572	2
amaya	18	Sound	112	547458	0	2			0		hit	39
amaya	18	Response	251	553652	6194	2
amaya	19	Sound	122	578587	0	2			0		hit	41
amaya	19	Response	252	591899	13312	2
amaya	20	Sound	122	609686	0	2			0		hit	43
amaya	20	Response	252	617578	7892	2
amaya	20	Response	251	622313	12627	2
amaya	20	Response	251	627178	17492	2


Event Type	Code	Type	Response	RT	RT Uncertainty	Time	Uncertainty	Duration	Uncertainty	ReqTime	ReqDur

Picture	10	other				41825	2	20165	4	0	20000
Picture	10	other				62156	3	40162	6	0	40000
Picture	10	other				102485	3	40163	6	0	40000
Sound	111	hit	1	7966	7	142807	6			0
Sound	122	hit	2	7846	4	173937	2			0
Sound	111	hit	1	7777	3	205066	2			0
Sound	121	hit	2	6322	3	236196	1			0
Sound	112	hit	1	4340	6	267325	2			0
Sound	111	hit	1	9027	4	298454	2			0
Sound	122	hit	2	7012	4	329583	2			0
Sound	111	hit	1	4944	3	360713	1			0
Sound	121	hit	2	6636	5	391842	3			0
Sound	112	hit	1	4363	4	422971	2			0
Sound	121	hit	2	4872	5	454101	3			0
Sound	121	hit	2	8441	5	485200	2			0
Sound	112	hit	1	5572	4	516329	2			0
Sound	112	hit	1	6194	4	547458	2			0
Sound	122	hit	2	13312	4	578587	2			0
Sound	122	hit	2	7892	4	609686	2			0
