Scenario - 17_March_2015
Logfile written - 06/28/2017 16:28:15

Subject	Trial	Event Type	Code	Time	TTime	Uncertainty	Duration	Uncertainty	ReqTime	ReqDur	Stim Type	Pair Index

amaya	1	Response	253	50787	60455	4
amaya	2	Picture	10	50825	0	3	20165	5	0	20000	other	0
amaya	3	Picture	10	71156	0	3	40162	8	0	40000	other	0
amaya	3	Response	251	84643	13487	2
amaya	4	Picture	10	111486	0	2	40162	5	0	40000	other	0
amaya	4	Response	252	125229	13743	2
amaya	5	Nothing	91	151655	0	1			0		other	0
amaya	6	Picture	21	182146	0	3	1998	7	0	1920	other	0
amaya	6	Sound	52	188036	5890	3			5890		other	0
amaya	7	Sound	61	194141	0	2			0		hit	11
amaya	7	Response	251	201084	6943	2
amaya	8	Picture	3	229974	0	3	2000	5	0	1920	other	0
amaya	9	Sound	63	241972	0	2			0		hit	14
amaya	9	Response	252	248394	6422	2
amaya	10	Picture	1	276969	0	3	1999	7	0	1920	other	0
amaya	11	Sound	61	288965	0	2			0		hit	17
amaya	11	Response	251	294053	5088	3
amaya	12	Picture	113	323297	0	5	2001	7	0	1920	other	0
amaya	12	Sound	51	326097	2800	2			2800		other	0
amaya	13	Sound	63	335300	0	2			0		hit	21
amaya	13	Response	252	339529	4229	2
amaya	14	Picture	202	370125	0	4	1932	76	0	1920	other	0
amaya	15	Sound	62	382115	0	3			0		hit	24
amaya	15	Response	251	385937	3822	2
amaya	16	Picture	1	418121	0	5	2000	8	0	1920	other	0
amaya	17	Sound	61	430124	0	2			0		hit	27
amaya	17	Response	251	436195	6071	2
amaya	18	Picture	4	464783	0	3	2001	5	0	1920	other	0
amaya	19	Sound	64	476788	0	2			0		hit	30
amaya	19	Response	252	481801	5013	2
amaya	20	Picture	101	511113	0	3	1999	6	0	1920	other	0
amaya	21	Sound	61	523093	0	2			0		hit	33
amaya	21	Response	251	528655	5562	2
amaya	22	Picture	4	559107	0	4	2000	10	0	1920	other	0
amaya	23	Sound	64	571104	0	2			0		hit	36
amaya	23	Response	252	578089	6985	2
amaya	24	Picture	3	606436	0	3	2000	6	0	1920	other	0
amaya	25	Sound	63	618426	0	2			0		hit	39
amaya	25	Response	252	623298	4872	2
amaya	26	Picture	224	654432	0	3	2000	5	0	1920	other	0
amaya	26	Sound	52	660771	6339	2			6340		other	0
amaya	27	Sound	64	666438	0	1			0		hit	43
amaya	27	Response	252	676323	9885	2
amaya	28	Picture	4	701261	0	3	2000	5	0	1920	other	0
amaya	29	Sound	64	713251	0	2			0		hit	46
amaya	29	Response	252	719650	6399	2
amaya	30	Picture	202	748589	0	3	2000	5	0	1920	other	0
amaya	31	Sound	62	760574	0	1			0		hit	49
amaya	31	Response	251	766404	5830	3
amaya	32	Picture	202	796751	0	3	1999	6	0	1920	other	0
amaya	33	Sound	62	808734	0	3			0		hit	52
amaya	33	Response	251	814554	5820	2
amaya	34	Picture	204	844079	0	3	2001	5	0	1920	other	0
amaya	35	Sound	64	856086	0	2			0		hit	55
amaya	35	Response	252	862558	6472	2
amaya	36	Picture	103	891409	0	3	2000	5	0	1920	other	0
amaya	37	Sound	63	903409	0	1			0		hit	58
amaya	37	Response	252	917363	13954	2
amaya	38	Picture	202	937904	0	3	1999	6	0	1920	other	0
amaya	39	Sound	62	949893	0	2			0		hit	61
amaya	39	Response	251	956694	6801	2
amaya	40	Picture	22	985566	0	3	1999	6	0	1920	other	0
amaya	40	Sound	52	993447	7881	2			7880		other	0
amaya	41	Sound	62	997545	0	2			0		hit	65
amaya	41	Response	251	1005653	8108	2
amaya	42	Picture	202	1032894	0	5	2000	7	0	1920	other	0
amaya	43	Sound	62	1044897	0	2			0		hit	68
amaya	43	Response	251	1050420	5523	2
amaya	44	Picture	103	1080890	0	3	2000	5	0	1920	other	0
amaya	45	Sound	63	1092878	0	2			0		hit	71
amaya	45	Response	252	1102062	9184	2
amaya	46	Picture	204	1128218	0	3	2000	6	0	1920	other	0
amaya	47	Sound	64	1140200	0	2			0		hit	74
amaya	47	Response	252	1146894	6694	2
amaya	48	Picture	23	1174547	0	3	1999	6	0	1920	other	0
amaya	48	Sound	52	1182857	8310	2			8310		other	0
amaya	49	Sound	63	1186535	0	2			0		hit	78
amaya	49	Response	252	1198545	12010	2
amaya	50	Picture	101	1222376	0	3	2000	5	0	1920	other	0
amaya	51	Sound	61	1234367	0	1			0		hit	81
amaya	51	Response	251	1239096	4729	4
amaya	52	Picture	3	1270203	0	3	2000	6	0	1920	other	0
amaya	53	Sound	63	1282198	0	2			0		hit	84
amaya	53	Response	252	1291048	8850	3
amaya	54	Picture	2	1317600	0	103	1937	268	0	1920	other	0
amaya	55	Sound	62	1329580	0	2			0		hit	87
amaya	55	Response	251	1337248	7668	2
amaya	56	Picture	3	1364361	0	6	2000	11	0	1920	other	0
amaya	57	Sound	63	1376364	0	2			0		hit	90
amaya	57	Response	252	1384119	7755	2
amaya	58	Picture	121	1412023	0	3	2000	5	0	1920	other	0
amaya	58	Sound	52	1420183	8160	1			8160		other	0
amaya	59	Sound	61	1424015	0	2			0		hit	94
amaya	59	Response	251	1429300	5285	2
amaya	60	Picture	1	1458685	0	3	1998	7	0	1920	other	0
amaya	61	Sound	61	1470679	0	4			0		hit	97
amaya	61	Response	251	1477696	7017	2
amaya	62	Picture	2	1506681	0	3	1998	6	0	1920	other	0
amaya	63	Sound	62	1518661	0	1			0		hit	100
amaya	63	Response	251	1525411	6750	2
amaya	64	Picture	103	1554176	0	2	2000	4	0	1920	other	0
amaya	65	Sound	63	1566163	0	3			0		hit	103
amaya	65	Response	252	1582453	16290	2
amaya	66	Picture	222	1602004	0	3	2000	6	0	1920	other	0
amaya	66	Sound	52	1607664	5660	2			5660		other	0
amaya	67	Sound	62	1613994	0	1			0		hit	107
amaya	67	Response	251	1618443	4449	2
amaya	68	Picture	14	1648500	0	2	2000	5	0	1920	other	0
amaya	68	Sound	51	1652729	4229	2			4230		other	0
amaya	69	Sound	64	1660478	0	2			0		hit	111
amaya	69	Response	252	1666693	6215	2
amaya	70	Picture	2	1695828	0	4	2000	7	0	1920	other	0
amaya	71	Sound	62	1707830	0	2			0		hit	114
amaya	71	Response	251	1712311	4481	2
amaya	72	Picture	103	1742824	0	3	2000	5	0	1920	other	0
amaya	73	Sound	63	1754824	0	3			0		hit	117
amaya	73	Response	252	1760007	5183	2
amaya	74	Picture	101	1789483	0	7	2002	10	0	1920	other	0
amaya	75	Sound	61	1801487	0	2			0		hit	120
amaya	75	Response	251	1809436	7949	2
amaya	76	Picture	111	1837314	0	3	2000	6	0	1920	other	0
amaya	76	Sound	51	1841044	3730	2			3730		other	0
amaya	77	Sound	61	1849319	0	1			0		hit	124
amaya	77	Response	251	1854533	5214	2
amaya	78	Picture	202	1884809	0	3	2001	6	0	1920	other	0
amaya	79	Sound	62	1896791	0	2			0		hit	127
amaya	79	Response	251	1904437	7646	2
amaya	79	Response	251	1906465	9674	1
amaya	80	Picture	1	1932638	0	3	2000	6	0	1920	other	0
amaya	81	Sound	61	1944622	0	2			0		hit	131
amaya	81	Response	251	1949702	5080	2
amaya	82	Picture	4	1979133	0	5	2000	8	0	1920	other	0
amaya	83	Sound	64	1991136	0	2			0		hit	134
amaya	83	Response	252	1996027	4891	2
amaya	84	Picture	101	2025962	0	2	2000	5	0	1920	other	0
amaya	85	Sound	61	2037950	0	1			0		hit	137
amaya	85	Response	251	2044278	6328	3
amaya	86	Picture	204	2072291	0	2	1999	5	0	1920	other	0
amaya	87	Sound	64	2084285	0	1			0		hit	140
amaya	87	Response	252	2090921	6636	2
amaya	88	Picture	13	2119953	0	2	2000	5	0	1920	other	0
amaya	88	Sound	51	2123782	3829	2			3830		other	0
amaya	89	Sound	63	2131936	0	2			0		hit	144
amaya	89	Response	252	2140613	8677	2
amaya	90	Picture	12	2167781	0	3	2000	6	0	1920	other	0
amaya	90	Sound	51	2172980	5199	2			5200		other	0
amaya	91	Sound	62	2179767	0	2			0		hit	148
amaya	91	Response	251	2188023	8256	2
amaya	92	Picture	204	2215444	0	3	1999	6	0	1920	other	0
amaya	93	Sound	64	2227449	0	2			0		hit	151
amaya	93	Response	252	2238985	11536	2
amaya	94	Picture	11	2263271	0	3	2001	5	0	1920	other	0
amaya	94	Sound	51	2266782	3511	2			3510		other	0
amaya	95	Sound	61	2275250	0	2			0		hit	155
amaya	95	Response	251	2278712	3462	2
amaya	96	Picture	3	2310600	0	4	2001	6	0	1920	other	0
amaya	97	Sound	63	2322602	0	2			0		hit	158
amaya	97	Response	252	2334196	11594	2
amaya	98	Picture	212	2358096	0	3	2000	6	0	1920	other	0
amaya	98	Sound	51	2362565	4469	2			4470		other	0
amaya	99	Sound	62	2370074	0	2			0		hit	162
amaya	99	Response	251	2375014	4940	4
amaya	100	Picture	1	2405924	0	3	2000	6	0	1920	other	0
amaya	101	Sound	61	2417910	0	2			0		hit	165
amaya	101	Response	251	2426351	8441	3
amaya	102	Picture	2	2452919	0	3	2001	5	0	1920	other	0
amaya	103	Sound	62	2464903	0	2			0		hit	168
amaya	103	Response	251	2481930	17027	2
amaya	104	Picture	1	2500749	0	3	1999	6	0	1920	other	0
amaya	105	Sound	61	2512734	0	2			0		hit	171
amaya	105	Response	251	2519461	6727	3
amaya	106	Picture	204	2548576	0	3	2001	5	0	1920	other	0
amaya	107	Sound	64	2560565	0	2			0		hit	174
amaya	107	Response	252	2566828	6263	2
amaya	108	Picture	103	2595572	0	3	2000	6	0	1920	other	0
amaya	109	Sound	63	2607559	0	2			0		incorrect	177
amaya	109	Response	251	2617681	10122	3
amaya	110	Picture	4	2643067	0	3	2000	6	0	1920	other	0
amaya	111	Sound	64	2655060	0	2			0		hit	180
amaya	111	Response	252	2661483	6423	2
amaya	112	Picture	204	2689563	0	2	2000	5	0	1920	other	0
amaya	113	Sound	64	2701545	0	2			0		hit	183
amaya	113	Response	252	2708862	7317	2
amaya	114	Picture	101	2736891	0	3	2001	5	0	1920	other	0
amaya	115	Sound	61	2748897	0	2			0		hit	186
amaya	115	Response	251	2760005	11108	3
amaya	116	Picture	4	2783720	0	3	2000	5	0	1920	other	0
amaya	117	Sound	64	2795710	0	2			0		hit	189
amaya	117	Response	252	2809431	13721	3
amaya	118	Picture	214	2830549	0	3	2000	6	0	1920	other	0
amaya	118	Sound	51	2835178	4629	2			4630		other	0
amaya	119	Sound	64	2842554	0	2			0		hit	193
amaya	119	Response	252	2854057	11503	2
amaya	120	Picture	2	2877877	0	3	2000	6	0	1920	other	0
amaya	121	Sound	62	2889877	0	2			0		hit	196
amaya	121	Response	251	2897289	7412	3
amaya	122	Picture	103	2924206	0	3	2001	5	0	1920	other	0
amaya	123	Sound	63	2936211	0	2			0		hit	199
amaya	123	Response	252	2944478	8267	2
amaya	124	Picture	101	2971368	0	3	2001	5	0	1920	other	0
amaya	125	Sound	61	2983354	0	2			0		hit	202
amaya	125	Response	251	2998039	14685	2
amaya	126	Picture	2	3017863	0	4	2000	7	0	1920	other	0
amaya	127	Sound	62	3029869	0	2			0		hit	205
amaya	127	Response	251	3036416	6547	2
amaya	128	Picture	24	3065193	0	2	1999	5	0	1920	other	0
amaya	128	Sound	52	3071552	6359	2			6360		other	0
amaya	129	Sound	64	3077191	0	2			0		hit	209
amaya	129	Response	252	3085573	8382	3
amaya	130	Picture	123	3112188	0	2	2000	6	0	1920	other	0
amaya	130	Sound	52	3118027	5839	2			5840		other	0
amaya	131	Sound	63	3124184	0	2			0		hit	213
amaya	131	Response	252	3135920	11736	2
amaya	132	Picture	3	3160350	0	2	1998	7	0	1920	other	0
amaya	133	Sound	63	3172345	0	3			0		hit	216
amaya	133	Response	252	3189611	17266	2
amaya	134	Response	253	3340131	133287	4


Event Type	Code	Type	Response	RT	RT Uncertainty	Time	Uncertainty	Duration	Uncertainty	ReqTime	ReqDur

Picture	10	other				50825	3	20165	5	0	20000
Picture	10	other				71156	3	40162	8	0	40000
Picture	10	other				111486	2	40162	5	0	40000
Nothing	91	other				151655	1			0
Picture	21	other				182146	3	1998	7	0	1920
Sound	52	other				188036	3			5890
Sound	61	hit	1	6943	4	194141	2			0
Picture	3	other				229974	3	2000	5	0	1920
Sound	63	hit	2	6422	4	241972	2			0
Picture	1	other				276969	3	1999	7	0	1920
Sound	61	hit	1	5088	5	288965	2			0
Picture	113	other				323297	5	2001	7	0	1920
Sound	51	other				326097	2			2800
Sound	63	hit	2	4229	4	335300	2			0
Picture	202	other				370125	4	1932	76	0	1920
Sound	62	hit	1	3822	5	382115	3			0
Picture	1	other				418121	5	2000	8	0	1920
Sound	61	hit	1	6071	4	430124	2			0
Picture	4	other				464783	3	2001	5	0	1920
Sound	64	hit	2	5013	4	476788	2			0
Picture	101	other				511113	3	1999	6	0	1920
Sound	61	hit	1	5562	4	523093	2			0
Picture	4	other				559107	4	2000	10	0	1920
Sound	64	hit	2	6985	4	571104	2			0
Picture	3	other				606436	3	2000	6	0	1920
Sound	63	hit	2	4872	4	618426	2			0
Picture	224	other				654432	3	2000	5	0	1920
Sound	52	other				660771	2			6340
Sound	64	hit	2	9885	3	666438	1			0
Picture	4	other				701261	3	2000	5	0	1920
Sound	64	hit	2	6399	4	713251	2			0
Picture	202	other				748589	3	2000	5	0	1920
Sound	62	hit	1	5830	4	760574	1			0
Picture	202	other				796751	3	1999	6	0	1920
Sound	62	hit	1	5820	5	808734	3			0
Picture	204	other				844079	3	2001	5	0	1920
Sound	64	hit	2	6472	4	856086	2			0
Picture	103	other				891409	3	2000	5	0	1920
Sound	63	hit	2	13954	3	903409	1			0
Picture	202	other				937904	3	1999	6	0	1920
Sound	62	hit	1	6801	4	949893	2			0
Picture	22	other				985566	3	1999	6	0	1920
Sound	52	other				993447	2			7880
Sound	62	hit	1	8108	4	997545	2			0
Picture	202	other				1032894	5	2000	7	0	1920
Sound	62	hit	1	5523	4	1044897	2			0
Picture	103	other				1080890	3	2000	5	0	1920
Sound	63	hit	2	9184	4	1092878	2			0
Picture	204	other				1128218	3	2000	6	0	1920
Sound	64	hit	2	6694	4	1140200	2			0
Picture	23	other				1174547	3	1999	6	0	1920
Sound	52	other				1182857	2			8310
Sound	63	hit	2	12010	4	1186535	2			0
Picture	101	other				1222376	3	2000	5	0	1920
Sound	61	hit	1	4729	5	1234367	1			0
Picture	3	other				1270203	3	2000	6	0	1920
Sound	63	hit	2	8850	5	1282198	2			0
Picture	2	other				1317600	103	1937	268	0	1920
Sound	62	hit	1	7668	4	1329580	2			0
Picture	3	other				1364361	6	2000	11	0	1920
Sound	63	hit	2	7755	4	1376364	2			0
Picture	121	other				1412023	3	2000	5	0	1920
Sound	52	other				1420183	1			8160
Sound	61	hit	1	5285	4	1424015	2			0
Picture	1	other				1458685	3	1998	7	0	1920
Sound	61	hit	1	7017	6	1470679	4			0
Picture	2	other				1506681	3	1998	6	0	1920
Sound	62	hit	1	6750	3	1518661	1			0
Picture	103	other				1554176	2	2000	4	0	1920
Sound	63	hit	2	16290	5	1566163	3			0
Picture	222	other				1602004	3	2000	6	0	1920
Sound	52	other				1607664	2			5660
Sound	62	hit	1	4449	3	1613994	1			0
Picture	14	other				1648500	2	2000	5	0	1920
Sound	51	other				1652729	2			4230
Sound	64	hit	2	6215	4	1660478	2			0
Picture	2	other				1695828	4	2000	7	0	1920
Sound	62	hit	1	4481	4	1707830	2			0
Picture	103	other				1742824	3	2000	5	0	1920
Sound	63	hit	2	5183	5	1754824	3			0
Picture	101	other				1789483	7	2002	10	0	1920
Sound	61	hit	1	7949	4	1801487	2			0
Picture	111	other				1837314	3	2000	6	0	1920
Sound	51	other				1841044	2			3730
Sound	61	hit	1	5214	3	1849319	1			0
Picture	202	other				1884809	3	2001	6	0	1920
Sound	62	hit	1	7646	4	1896791	2			0
Picture	1	other				1932638	3	2000	6	0	1920
Sound	61	hit	1	5080	4	1944622	2			0
Picture	4	other				1979133	5	2000	8	0	1920
Sound	64	hit	2	4891	4	1991136	2			0
Picture	101	other				2025962	2	2000	5	0	1920
Sound	61	hit	1	6328	4	2037950	1			0
Picture	204	other				2072291	2	1999	5	0	1920
Sound	64	hit	2	6636	3	2084285	1			0
Picture	13	other				2119953	2	2000	5	0	1920
Sound	51	other				2123782	2			3830
Sound	63	hit	2	8677	4	2131936	2			0
Picture	12	other				2167781	3	2000	6	0	1920
Sound	51	other				2172980	2			5200
Sound	62	hit	1	8256	4	2179767	2			0
Picture	204	other				2215444	3	1999	6	0	1920
Sound	64	hit	2	11536	4	2227449	2			0
Picture	11	other				2263271	3	2001	5	0	1920
Sound	51	other				2266782	2			3510
Sound	61	hit	1	3462	4	2275250	2			0
Picture	3	other				2310600	4	2001	6	0	1920
Sound	63	hit	2	11594	4	2322602	2			0
Picture	212	other				2358096	3	2000	6	0	1920
Sound	51	other				2362565	2			4470
Sound	62	hit	1	4940	6	2370074	2			0
Picture	1	other				2405924	3	2000	6	0	1920
Sound	61	hit	1	8441	5	2417910	2			0
Picture	2	other				2452919	3	2001	5	0	1920
Sound	62	hit	1	17027	4	2464903	2			0
Picture	1	other				2500749	3	1999	6	0	1920
Sound	61	hit	1	6727	5	2512734	2			0
Picture	204	other				2548576	3	2001	5	0	1920
Sound	64	hit	2	6263	4	2560565	2			0
Picture	103	other				2595572	3	2000	6	0	1920
Sound	63	incorrect	1	10122	5	2607559	2			0
Picture	4	other				2643067	3	2000	6	0	1920
Sound	64	hit	2	6423	4	2655060	2			0
Picture	204	other				2689563	2	2000	5	0	1920
Sound	64	hit	2	7317	4	2701545	2			0
Picture	101	other				2736891	3	2001	5	0	1920
Sound	61	hit	1	11108	5	2748897	2			0
Picture	4	other				2783720	3	2000	5	0	1920
Sound	64	hit	2	13721	5	2795710	2			0
Picture	214	other				2830549	3	2000	6	0	1920
Sound	51	other				2835178	2			4630
Sound	64	hit	2	11503	4	2842554	2			0
Picture	2	other				2877877	3	2000	6	0	1920
Sound	62	hit	1	7412	5	2889877	2			0
Picture	103	other				2924206	3	2001	5	0	1920
Sound	63	hit	2	8267	4	2936211	2			0
Picture	101	other				2971368	3	2001	5	0	1920
Sound	61	hit	1	14685	4	2983354	2			0
Picture	2	other				3017863	4	2000	7	0	1920
Sound	62	hit	1	6547	4	3029869	2			0
Picture	24	other				3065193	2	1999	5	0	1920
Sound	52	other				3071552	2			6360
Sound	64	hit	2	8382	5	3077191	2			0
Picture	123	other				3112188	2	2000	6	0	1920
Sound	52	other				3118027	2			5840
Sound	63	hit	2	11736	4	3124184	2			0
Picture	3	other				3160350	2	1998	7	0	1920
Sound	63	hit	2	17266	5	3172345	3			0

The following output port codes were not sent because of a conflict on the port.
Port	Code	Time(ms)
1	90	5082.7
