Scenario - 17_March_2015
Logfile written - 07/26/2017 11:43:32

Subject	Trial	Event Type	Code	Time	TTime	Uncertainty	Duration	Uncertainty	ReqTime	ReqDur	Stim Type	Pair Index

berpa	1	Response	253	72283	82116	1
berpa	2	Picture	10	72324	0	2	20165	3	0	20000	other	0
berpa	3	Picture	10	92655	0	2	40163	3	0	40000	other	0
berpa	3	Response	251	118199	25544	1
berpa	4	Picture	10	132984	0	2	40163	3	0	40000	other	0
berpa	4	Response	252	149207	16223	1
berpa	5	Nothing	91	173149	0	1			0		other	0
berpa	6	Picture	1	203311	0	1	1999	3	0	1920	other	0
berpa	7	Sound	61	215299	0	1			0		hit	10
berpa	7	Response	251	226172	10873	1
berpa	8	Picture	123	250806	0	1	2000	2	0	1920	other	0
berpa	8	Sound	52	256605	5799	1			5800		other	0
berpa	9	Sound	63	262801	0	1			0		hit	14
berpa	9	Response	252	266859	4058	1
berpa	10	Picture	101	298634	0	2	2000	3	0	1920	other	0
berpa	11	Sound	61	310632	0	1			0		hit	17
berpa	11	Response	251	313548	2916	2
berpa	12	Picture	204	345796	0	2	2000	3	0	1920	other	0
berpa	13	Sound	64	357774	0	2			0		hit	20
berpa	13	Response	252	363616	5842	1
berpa	13	Response	252	366758	8984	1
berpa	14	Picture	3	392791	0	2	2000	3	0	1920	other	0
berpa	15	Sound	63	404767	0	2			0		hit	24
berpa	15	Response	252	410996	6229	2
berpa	16	Picture	2	439620	0	1	2000	2	0	1920	other	0
berpa	17	Sound	62	451611	0	1			0		hit	27
berpa	17	Response	251	456701	5090	2
berpa	18	Picture	202	485948	0	2	2000	4	0	1920	other	0
berpa	19	Sound	62	497945	0	2			0		hit	30
berpa	19	Response	251	506399	8454	1
berpa	20	Picture	212	532110	0	2	2000	4	0	1920	other	0
berpa	20	Sound	51	537499	5389	1			5390		other	0
berpa	21	Sound	62	544100	0	2			0		hit	34
berpa	21	Response	251	551189	7089	1
berpa	22	Picture	21	579439	0	1	2000	2	0	1920	other	0
berpa	22	Sound	52	586558	7119	2			7120		other	0
berpa	23	Sound	61	591423	0	1			0		hit	38
berpa	23	Response	251	596319	4896	1
berpa	24	Picture	101	625934	0	2	2000	3	0	1920	other	0
berpa	25	Sound	61	637907	0	1			0		hit	41
berpa	25	Response	251	641449	3542	1
berpa	26	Picture	2	673096	0	1	2000	2	0	1920	other	0
berpa	27	Sound	62	685080	0	1			0		hit	44
berpa	27	Response	251	688763	3683	1
berpa	28	Picture	4	719591	0	2	2000	4	0	1920	other	0
berpa	29	Sound	64	731564	0	1			0		hit	47
berpa	29	Response	252	740334	8770	2
berpa	30	Picture	2	766586	0	2	2000	4	0	1920	other	0
berpa	31	Sound	62	778557	0	1			0		hit	50
berpa	31	Response	251	784751	6194	1
berpa	32	Picture	23	814248	0	2	2000	3	0	1920	other	0
berpa	32	Sound	52	820097	5849	2			5850		other	0
berpa	33	Sound	63	826238	0	1			0		hit	54
berpa	33	Response	252	832299	6061	1
berpa	34	Picture	4	861910	0	1	1999	3	0	1920	other	0
berpa	35	Sound	64	873890	0	1			0		hit	57
berpa	35	Response	252	879924	6034	2
berpa	36	Picture	113	909072	0	1	2000	2	0	1920	other	0
berpa	36	Sound	51	912451	3379	2			3380		other	0
berpa	37	Sound	63	921062	0	2			0		hit	61
berpa	37	Response	252	927027	5965	1
berpa	38	Picture	4	955900	0	2	2000	4	0	1920	other	0
berpa	39	Sound	64	967876	0	1			0		hit	64
berpa	39	Response	252	972989	5113	1
berpa	40	Picture	101	1002062	0	2	2000	3	0	1920	other	0
berpa	41	Sound	61	1014061	0	1			0		hit	67
berpa	41	Response	251	1019508	5447	2
berpa	42	Picture	2	1048724	0	2	2000	3	0	1920	other	0
berpa	43	Sound	62	1060695	0	1			0		hit	70
berpa	43	Response	251	1066607	5912	1
berpa	44	Picture	103	1095886	0	1	2000	2	0	1920	other	0
berpa	45	Sound	63	1107867	0	1			0		hit	73
berpa	45	Response	252	1112786	4919	1
berpa	46	Picture	202	1142881	0	2	2000	3	0	1920	other	0
berpa	47	Sound	62	1154860	0	1			0		hit	76
berpa	47	Response	251	1158931	4071	2
berpa	48	Picture	101	1189876	0	2	2000	4	0	1920	other	0
berpa	49	Sound	61	1201853	0	1			0		hit	79
berpa	49	Response	251	1210179	8326	1
berpa	50	Picture	103	1237371	0	2	2000	4	0	1920	other	0
berpa	51	Sound	63	1249355	0	1			0		hit	82
berpa	51	Response	252	1255183	5828	1
berpa	52	Picture	24	1284533	0	2	2000	4	0	1920	other	0
berpa	52	Sound	52	1292682	8149	1			8150		other	0
berpa	53	Sound	64	1296528	0	1			0		hit	86
berpa	53	Response	252	1305829	9301	1
berpa	54	Picture	1	1331029	0	1	1999	3	0	1920	other	0
berpa	55	Sound	61	1343012	0	1			0		hit	89
berpa	55	Response	251	1347030	4018	2
berpa	56	Picture	202	1377691	0	1	1999	3	0	1920	other	0
berpa	57	Sound	62	1389676	0	1			0		hit	92
berpa	57	Response	251	1395138	5462	1
berpa	58	Picture	101	1425186	0	1	1999	3	0	1920	other	0
berpa	59	Sound	61	1437178	0	1			0		hit	95
berpa	59	Response	251	1442378	5200	1
berpa	60	Picture	204	1472348	0	1	1999	3	0	1920	other	0
berpa	61	Sound	64	1484320	0	2			0		hit	98
berpa	61	Response	252	1492001	7681	1
berpa	62	Picture	224	1519676	0	1	2000	2	0	1920	other	0
berpa	62	Sound	52	1527655	7979	2			7980		other	0
berpa	63	Sound	64	1531673	0	1			0		hit	102
berpa	63	Response	252	1538182	6509	2
berpa	64	Picture	103	1567171	0	2	2000	3	0	1920	other	0
berpa	65	Sound	63	1579144	0	2			0		hit	105
berpa	65	Response	252	1585633	6489	1
berpa	66	Picture	3	1614166	0	2	2000	3	0	1920	other	0
berpa	67	Sound	63	1626137	0	2			0		hit	108
berpa	67	Response	252	1630889	4752	1
berpa	68	Picture	1	1662161	0	2	2000	4	0	1920	other	0
berpa	69	Sound	61	1674148	0	1			0		hit	111
berpa	69	Response	251	1677691	3543	1
berpa	70	Picture	12	1709656	0	2	2000	4	0	1920	other	0
berpa	70	Sound	51	1713995	4339	1			4340		other	0
berpa	71	Sound	62	1721650	0	1			0		hit	115
berpa	71	Response	251	1726403	4753	1
berpa	72	Picture	4	1756152	0	1	2000	2	0	1920	other	0
berpa	73	Sound	64	1768134	0	1			0		hit	118
berpa	73	Response	252	1775047	6913	1
berpa	74	Picture	13	1802480	0	2	2000	4	0	1920	other	0
berpa	74	Sound	51	1805619	3139	2			3140		other	0
berpa	75	Sound	63	1814469	0	1			0		hit	122
berpa	75	Response	252	1818600	4131	1
berpa	76	Picture	204	1849142	0	2	2000	3	0	1920	other	0
berpa	77	Sound	64	1861133	0	1			0		hit	125
berpa	77	Response	252	1866834	5701	2
berpa	78	Picture	222	1896637	0	2	2000	4	0	1920	other	0
berpa	78	Sound	52	1903096	6459	1			6460		other	0
berpa	79	Sound	62	1908635	0	1			0		hit	129
berpa	79	Response	251	1913044	4409	2
berpa	80	Picture	3	1943466	0	2	2000	3	0	1920	other	0
berpa	81	Sound	63	1955448	0	1			0		hit	132
berpa	81	Response	252	1960796	5348	2
berpa	82	Picture	202	1990961	0	2	2000	3	0	1920	other	0
berpa	83	Sound	62	2002950	0	1			0		hit	135
berpa	83	Response	251	2008898	5948	1
berpa	84	Picture	204	2037456	0	2	2000	4	0	1920	other	0
berpa	85	Sound	64	2049434	0	1			0		hit	138
berpa	85	Response	252	2055971	6537	1
berpa	86	Picture	2	2083785	0	2	2000	3	0	1920	other	0
berpa	87	Sound	62	2095768	0	2			0		hit	141
berpa	87	Response	251	2101583	5815	1
berpa	88	Picture	121	2129947	0	1	2000	2	0	1920	other	0
berpa	88	Sound	52	2138186	8239	1			8240		other	0
berpa	89	Sound	61	2141924	0	1			0		hit	145
berpa	89	Response	251	2149020	7096	1
berpa	90	Picture	202	2177609	0	1	2000	3	0	1920	other	0
berpa	91	Sound	62	2189605	0	1			0		hit	148
berpa	91	Response	251	2193566	3961	2
berpa	92	Picture	1	2225437	0	2	2000	3	0	1920	other	0
berpa	93	Sound	61	2237436	0	1			0		hit	151
berpa	93	Response	251	2243519	6083	2
berpa	94	Picture	11	2273265	0	2	2001	3	0	1920	other	0
berpa	94	Sound	51	2277834	4569	2			4570		other	0
berpa	95	Sound	61	2285237	0	2			0		hit	155
berpa	95	Response	251	2290493	5256	2
berpa	96	Picture	3	2320094	0	2	2000	3	0	1920	other	0
berpa	97	Sound	63	2332081	0	1			0		hit	158
berpa	97	Response	252	2349403	17322	2
berpa	98	Picture	14	2367923	0	1	1999	3	0	1920	other	0
berpa	98	Sound	51	2371582	3659	1			3660		other	0
berpa	99	Sound	64	2379912	0	1			0		hit	162
berpa	99	Response	252	2383893	3981	2
berpa	100	Picture	4	2414251	0	2	2000	4	0	1920	other	0
berpa	101	Sound	64	2426246	0	2			0		hit	165
berpa	101	Response	252	2432110	5864	1
berpa	101	Response	252	2435961	9715	1
berpa	102	Picture	204	2462246	0	2	2000	4	0	1920	other	0
berpa	103	Sound	64	2474227	0	1			0		hit	169
berpa	103	Response	252	2478559	4332	1
berpa	104	Picture	214	2509741	0	2	2000	4	0	1920	other	0
berpa	104	Sound	51	2513900	4159	2			4160		other	0
berpa	105	Sound	64	2521729	0	1			0		hit	173
berpa	105	Response	252	2527585	5856	1
berpa	105	Response	252	2530525	8796	1
berpa	106	Picture	22	2556403	0	2	2000	4	0	1920	other	0
berpa	106	Sound	52	2563282	6879	2			6880		other	0
berpa	107	Sound	62	2568393	0	1			0		hit	178
berpa	107	Response	251	2573042	4649	1
berpa	108	Picture	3	2603732	0	2	2000	4	0	1920	other	0
berpa	109	Sound	63	2615715	0	1			0		hit	181
berpa	109	Response	252	2621358	5643	1
berpa	110	Picture	1	2651227	0	1	2000	2	0	1920	other	0
berpa	111	Sound	61	2663217	0	1			0		hit	184
berpa	111	Response	251	2669698	6481	2
berpa	112	Picture	101	2697555	0	2	2000	4	0	1920	other	0
berpa	113	Sound	61	2709551	0	2			0		hit	187
berpa	113	Response	251	2713737	4186	1
berpa	114	Picture	111	2745051	0	1	2000	2	0	1920	other	0
berpa	114	Sound	51	2747650	2599	1			2600		other	0
berpa	115	Sound	61	2757023	0	2			0		hit	191
berpa	115	Response	251	2761922	4899	2
berpa	116	Picture	204	2792713	0	1	1999	3	0	1920	other	0
berpa	117	Sound	64	2804705	0	1			0		hit	194
berpa	117	Response	252	2809572	4867	1
berpa	118	Picture	1	2839374	0	2	2000	4	0	1920	other	0
berpa	119	Sound	61	2851369	0	1			0		hit	197
berpa	119	Response	251	2855691	4322	1
berpa	120	Picture	4	2886536	0	2	2000	3	0	1920	other	0
berpa	121	Sound	64	2898511	0	2			0		hit	200
berpa	121	Response	252	2906471	7960	1
berpa	122	Picture	103	2933532	0	1	1999	3	0	1920	other	0
berpa	123	Sound	63	2945504	0	2			0		hit	203
berpa	123	Response	252	2951428	5924	1
berpa	124	Picture	103	2981526	0	2	2000	4	0	1920	other	0
berpa	125	Sound	63	2993515	0	1			0		hit	206
berpa	125	Response	252	2999000	5485	1
berpa	126	Picture	3	3029355	0	1	2000	2	0	1920	other	0
berpa	127	Sound	63	3041346	0	1			0		hit	209
berpa	127	Response	252	3049177	7831	1
berpa	128	Picture	2	3077017	0	1	1999	3	0	1920	other	0
berpa	129	Sound	62	3088998	0	1			0		hit	212
berpa	129	Response	251	3094904	5906	1
berpa	130	Picture	103	3125179	0	1	1999	3	0	1920	other	0
berpa	131	Sound	63	3137158	0	1			0		hit	215
berpa	131	Response	252	3146445	9287	1
berpa	132	Picture	202	3173174	0	1	1999	3	0	1920	other	0
berpa	133	Sound	62	3185169	0	1			0		hit	218
berpa	133	Response	251	3192174	7005	2
berpa	134	Response	253	5105560	1884725	2


Event Type	Code	Type	Response	RT	RT Uncertainty	Time	Uncertainty	Duration	Uncertainty	ReqTime	ReqDur

Picture	10	other				72324	2	20165	3	0	20000
Picture	10	other				92655	2	40163	3	0	40000
Picture	10	other				132984	2	40163	3	0	40000
Nothing	91	other				173149	1			0
Picture	1	other				203311	1	1999	3	0	1920
Sound	61	hit	1	10873	2	215299	1			0
Picture	123	other				250806	1	2000	2	0	1920
Sound	52	other				256605	1			5800
Sound	63	hit	2	4058	2	262801	1			0
Picture	101	other				298634	2	2000	3	0	1920
Sound	61	hit	1	2916	3	310632	1			0
Picture	204	other				345796	2	2000	3	0	1920
Sound	64	hit	2	5842	3	357774	2			0
Picture	3	other				392791	2	2000	3	0	1920
Sound	63	hit	2	6229	4	404767	2			0
Picture	2	other				439620	1	2000	2	0	1920
Sound	62	hit	1	5090	3	451611	1			0
Picture	202	other				485948	2	2000	4	0	1920
Sound	62	hit	1	8454	3	497945	2			0
Picture	212	other				532110	2	2000	4	0	1920
Sound	51	other				537499	1			5390
Sound	62	hit	1	7089	3	544100	2			0
Picture	21	other				579439	1	2000	2	0	1920
Sound	52	other				586558	2			7120
Sound	61	hit	1	4896	2	591423	1			0
Picture	101	other				625934	2	2000	3	0	1920
Sound	61	hit	1	3542	2	637907	1			0
Picture	2	other				673096	1	2000	2	0	1920
Sound	62	hit	1	3683	2	685080	1			0
Picture	4	other				719591	2	2000	4	0	1920
Sound	64	hit	2	8770	3	731564	1			0
Picture	2	other				766586	2	2000	4	0	1920
Sound	62	hit	1	6194	2	778557	1			0
Picture	23	other				814248	2	2000	3	0	1920
Sound	52	other				820097	2			5850
Sound	63	hit	2	6061	2	826238	1			0
Picture	4	other				861910	1	1999	3	0	1920
Sound	64	hit	2	6034	3	873890	1			0
Picture	113	other				909072	1	2000	2	0	1920
Sound	51	other				912451	2			3380
Sound	63	hit	2	5965	3	921062	2			0
Picture	4	other				955900	2	2000	4	0	1920
Sound	64	hit	2	5113	2	967876	1			0
Picture	101	other				1002062	2	2000	3	0	1920
Sound	61	hit	1	5447	3	1014061	1			0
Picture	2	other				1048724	2	2000	3	0	1920
Sound	62	hit	1	5912	2	1060695	1			0
Picture	103	other				1095886	1	2000	2	0	1920
Sound	63	hit	2	4919	2	1107867	1			0
Picture	202	other				1142881	2	2000	3	0	1920
Sound	62	hit	1	4071	3	1154860	1			0
Picture	101	other				1189876	2	2000	4	0	1920
Sound	61	hit	1	8326	2	1201853	1			0
Picture	103	other				1237371	2	2000	4	0	1920
Sound	63	hit	2	5828	2	1249355	1			0
Picture	24	other				1284533	2	2000	4	0	1920
Sound	52	other				1292682	1			8150
Sound	64	hit	2	9301	2	1296528	1			0
Picture	1	other				1331029	1	1999	3	0	1920
Sound	61	hit	1	4018	3	1343012	1			0
Picture	202	other				1377691	1	1999	3	0	1920
Sound	62	hit	1	5462	2	1389676	1			0
Picture	101	other				1425186	1	1999	3	0	1920
Sound	61	hit	1	5200	2	1437178	1			0
Picture	204	other				1472348	1	1999	3	0	1920
Sound	64	hit	2	7681	3	1484320	2			0
Picture	224	other				1519676	1	2000	2	0	1920
Sound	52	other				1527655	2			7980
Sound	64	hit	2	6509	3	1531673	1			0
Picture	103	other				1567171	2	2000	3	0	1920
Sound	63	hit	2	6489	3	1579144	2			0
Picture	3	other				1614166	2	2000	3	0	1920
Sound	63	hit	2	4752	3	1626137	2			0
Picture	1	other				1662161	2	2000	4	0	1920
Sound	61	hit	1	3543	2	1674148	1			0
Picture	12	other				1709656	2	2000	4	0	1920
Sound	51	other				1713995	1			4340
Sound	62	hit	1	4753	2	1721650	1			0
Picture	4	other				1756152	1	2000	2	0	1920
Sound	64	hit	2	6913	2	1768134	1			0
Picture	13	other				1802480	2	2000	4	0	1920
Sound	51	other				1805619	2			3140
Sound	63	hit	2	4131	2	1814469	1			0
Picture	204	other				1849142	2	2000	3	0	1920
Sound	64	hit	2	5701	3	1861133	1			0
Picture	222	other				1896637	2	2000	4	0	1920
Sound	52	other				1903096	1			6460
Sound	62	hit	1	4409	3	1908635	1			0
Picture	3	other				1943466	2	2000	3	0	1920
Sound	63	hit	2	5348	3	1955448	1			0
Picture	202	other				1990961	2	2000	3	0	1920
Sound	62	hit	1	5948	2	2002950	1			0
Picture	204	other				2037456	2	2000	4	0	1920
Sound	64	hit	2	6537	2	2049434	1			0
Picture	2	other				2083785	2	2000	3	0	1920
Sound	62	hit	1	5815	3	2095768	2			0
Picture	121	other				2129947	1	2000	2	0	1920
Sound	52	other				2138186	1			8240
Sound	61	hit	1	7096	2	2141924	1			0
Picture	202	other				2177609	1	2000	3	0	1920
Sound	62	hit	1	3961	3	2189605	1			0
Picture	1	other				2225437	2	2000	3	0	1920
Sound	61	hit	1	6083	3	2237436	1			0
Picture	11	other				2273265	2	2001	3	0	1920
Sound	51	other				2277834	2			4570
Sound	61	hit	1	5256	4	2285237	2			0
Picture	3	other				2320094	2	2000	3	0	1920
Sound	63	hit	2	17322	3	2332081	1			0
Picture	14	other				2367923	1	1999	3	0	1920
Sound	51	other				2371582	1			3660
Sound	64	hit	2	3981	3	2379912	1			0
Picture	4	other				2414251	2	2000	4	0	1920
Sound	64	hit	2	5864	3	2426246	2			0
Picture	204	other				2462246	2	2000	4	0	1920
Sound	64	hit	2	4332	2	2474227	1			0
Picture	214	other				2509741	2	2000	4	0	1920
Sound	51	other				2513900	2			4160
Sound	64	hit	2	5856	2	2521729	1			0
Picture	22	other				2556403	2	2000	4	0	1920
Sound	52	other				2563282	2			6880
Sound	62	hit	1	4649	2	2568393	1			0
Picture	3	other				2603732	2	2000	4	0	1920
Sound	63	hit	2	5643	2	2615715	1			0
Picture	1	other				2651227	1	2000	2	0	1920
Sound	61	hit	1	6481	3	2663217	1			0
Picture	101	other				2697555	2	2000	4	0	1920
Sound	61	hit	1	4186	3	2709551	2			0
Picture	111	other				2745051	1	2000	2	0	1920
Sound	51	other				2747650	1			2600
Sound	61	hit	1	4899	4	2757023	2			0
Picture	204	other				2792713	1	1999	3	0	1920
Sound	64	hit	2	4867	2	2804705	1			0
Picture	1	other				2839374	2	2000	4	0	1920
Sound	61	hit	1	4322	2	2851369	1			0
Picture	4	other				2886536	2	2000	3	0	1920
Sound	64	hit	2	7960	3	2898511	2			0
Picture	103	other				2933532	1	1999	3	0	1920
Sound	63	hit	2	5924	3	2945504	2			0
Picture	103	other				2981526	2	2000	4	0	1920
Sound	63	hit	2	5485	2	2993515	1			0
Picture	3	other				3029355	1	2000	2	0	1920
Sound	63	hit	2	7831	2	3041346	1			0
Picture	2	other				3077017	1	1999	3	0	1920
Sound	62	hit	1	5906	2	3088998	1			0
Picture	103	other				3125179	1	1999	3	0	1920
Sound	63	hit	2	9287	2	3137158	1			0
Picture	202	other				3173174	1	1999	3	0	1920
Sound	62	hit	1	7005	3	3185169	1			0

The following output port codes were not sent because of a conflict on the port.
Port	Code	Time(ms)
1	90	7232.5
