Scenario - 17_March_2015
Logfile written - 07/26/2017 11:33:39

Subject	Trial	Event Type	Code	Time	TTime	Uncertainty	Duration	Uncertainty	ReqTime	ReqDur	Stim Type	Pair Index

berpa	1	Response	253	10442	20275	1
berpa	2	Picture	10	10497	0	1	20164	3	0	20000	other	0
berpa	3	Picture	10	30828	0	2	40163	3	0	40000	other	0
berpa	3	Response	251	53941	23113	1
berpa	4	Picture	10	71157	0	2	40163	3	0	40000	other	0
berpa	4	Response	252	86950	15793	1
berpa	5	Nothing	91	111322	0	1			0		other	0
berpa	6	Picture	204	141484	0	1	1999	3	0	1920	other	0
berpa	7	Sound	64	153459	0	2			0		hit	10
berpa	7	Response	252	159246	5787	2
berpa	8	Picture	222	188312	0	1	2000	2	0	1920	other	0
berpa	8	Sound	52	195711	7399	1			7400		other	0
berpa	9	Sound	62	200303	0	1			0		hit	14
berpa	9	Response	251	208550	8247	2
berpa	10	Picture	12	235640	0	2	2000	4	0	1920	other	0
berpa	10	Sound	51	240449	4809	2			4810		other	0
berpa	11	Sound	62	247625	0	1			0		hit	18
berpa	11	Response	251	251673	4048	1
berpa	12	Picture	204	283635	0	3	2001	4	0	1920	other	0
berpa	13	Sound	64	295606	0	1			0		hit	21
berpa	13	Response	252	301242	5636	1
berpa	14	Picture	22	329798	0	1	1999	3	0	1920	other	0
berpa	14	Sound	52	337907	8109	2			8110		other	0
berpa	15	Sound	62	341791	0	1			0		hit	25
berpa	15	Response	251	345460	3669	1
berpa	16	Picture	4	376293	0	1	2000	2	0	1920	other	0
berpa	17	Sound	64	388275	0	1			0		hit	28
berpa	17	Response	252	393701	5426	2
berpa	18	Picture	13	424288	0	1	2000	2	0	1920	other	0
berpa	18	Sound	51	429407	5119	1			5120		other	0
berpa	19	Sound	63	436286	0	1			0		hit	32
berpa	19	Response	252	441400	5114	1
berpa	20	Picture	103	470783	0	2	2000	3	0	1920	other	0
berpa	21	Sound	63	482770	0	1			0		hit	35
berpa	21	Response	252	487708	4938	1
berpa	22	Picture	3	517945	0	2	2000	3	0	1920	other	0
berpa	23	Sound	63	529942	0	2			0		hit	38
berpa	23	Response	252	533343	3401	1
berpa	24	Picture	2	565773	0	2	2000	4	0	1920	other	0
berpa	25	Sound	62	577744	0	1			0		hit	41
berpa	25	Response	251	581054	3310	2
berpa	26	Picture	101	612102	0	2	2000	3	0	1920	other	0
berpa	27	Sound	61	624078	0	2			0		hit	44
berpa	27	Response	251	631668	7590	2
berpa	28	Picture	1	659264	0	1	2000	2	0	1920	other	0
berpa	29	Sound	61	671251	0	1			0		hit	47
berpa	29	Response	251	676457	5206	2
berpa	30	Picture	3	707259	0	2	2000	3	0	1920	other	0
berpa	31	Sound	63	719232	0	1			0		hit	50
berpa	31	Response	252	723032	3800	2
berpa	32	Picture	1	754088	0	1	1999	3	0	1920	other	0
berpa	33	Sound	61	766075	0	1			0		hit	53
berpa	33	Response	251	770921	4846	1
berpa	34	Picture	3	800749	0	2	2000	4	0	1920	other	0
berpa	35	Sound	63	812739	0	1			0		hit	56
berpa	35	Response	252	818781	6042	1
berpa	36	Picture	214	848245	0	1	1999	3	0	1920	other	0
berpa	36	Sound	51	852794	4549	2			4550		other	0
berpa	37	Sound	64	860241	0	1			0		hit	60
berpa	37	Response	252	866958	6717	1
berpa	38	Picture	14	894407	0	1	1999	3	0	1920	other	0
berpa	38	Sound	51	899796	5389	1			5390		other	0
berpa	39	Sound	64	906396	0	1			0		hit	64
berpa	39	Response	252	909859	3463	1
berpa	40	Picture	202	941235	0	2	2000	3	0	1920	other	0
berpa	41	Sound	62	953209	0	1			0		hit	67
berpa	41	Response	251	958043	4834	1
berpa	42	Picture	4	988397	0	1	2000	2	0	1920	other	0
berpa	43	Sound	64	1000382	0	1			0		hit	70
berpa	43	Response	252	1005774	5392	1
berpa	44	Picture	101	1035559	0	1	1999	3	0	1920	other	0
berpa	45	Sound	61	1047554	0	2			0		hit	73
berpa	45	Response	251	1055000	7446	2
berpa	46	Picture	24	1082054	0	2	2000	3	0	1920	other	0
berpa	46	Sound	52	1087893	5839	2			5840		other	0
berpa	47	Sound	64	1094039	0	1			0		hit	77
berpa	47	Response	252	1102680	8641	2
berpa	48	Picture	103	1129549	0	2	2000	3	0	1920	other	0
berpa	49	Sound	63	1141541	0	1			0		hit	80
berpa	49	Response	252	1146611	5070	1
berpa	50	Picture	121	1176878	0	1	1999	3	0	1920	other	0
berpa	50	Sound	52	1185187	8309	1			8310		other	0
berpa	51	Sound	61	1188863	0	1			0		hit	84
berpa	51	Response	251	1194521	5658	2
berpa	52	Picture	103	1223206	0	2	2000	3	0	1920	other	0
berpa	53	Sound	63	1235197	0	1			0		hit	87
berpa	53	Response	252	1243406	8209	2
berpa	54	Picture	2	1269702	0	1	1999	3	0	1920	other	0
berpa	55	Sound	62	1281682	0	1			0		hit	90
berpa	55	Response	251	1285522	3840	2
berpa	56	Picture	111	1316197	0	1	2000	2	0	1920	other	0
berpa	56	Sound	51	1319236	3039	2			3040		other	0
berpa	57	Sound	61	1328196	0	1			0		hit	94
berpa	57	Response	251	1333719	5523	2
berpa	58	Picture	101	1362525	0	2	2000	3	0	1920	other	0
berpa	59	Sound	61	1374500	0	2			0		hit	97
berpa	59	Response	251	1382338	7838	1
berpa	60	Picture	103	1409354	0	1	2000	2	0	1920	other	0
berpa	61	Sound	63	1421344	0	1			0		hit	100
berpa	61	Response	252	1430325	8981	1
berpa	62	Picture	204	1457182	0	2	2000	4	0	1920	other	0
berpa	63	Sound	64	1469175	0	1			0		hit	103
berpa	63	Response	252	1475280	6105	1
berpa	64	Picture	4	1504344	0	2	2000	3	0	1920	other	0
berpa	65	Sound	64	1516318	0	1			0		hit	106
berpa	65	Response	252	1521181	4863	1
berpa	66	Picture	101	1550673	0	1	1999	3	0	1920	other	0
berpa	67	Sound	61	1562652	0	1			0		hit	109
berpa	67	Response	251	1569175	6523	1
berpa	68	Picture	202	1597834	0	2	2000	4	0	1920	other	0
berpa	69	Sound	62	1609825	0	1			0		hit	112
berpa	69	Response	251	1614419	4594	2
berpa	70	Picture	2	1644330	0	1	2000	2	0	1920	other	0
berpa	71	Sound	62	1656309	0	1			0		hit	115
berpa	71	Response	251	1660912	4603	1
berpa	72	Picture	113	1691992	0	1	1999	3	0	1920	other	0
berpa	72	Sound	51	1694861	2869	2			2870		other	0
berpa	73	Sound	63	1703990	0	2			0		hit	119
berpa	73	Response	252	1707866	3876	1
berpa	74	Picture	101	1739487	0	1	1999	3	0	1920	other	0
berpa	75	Sound	61	1751462	0	1			0		hit	122
berpa	75	Response	251	1757227	5765	1
berpa	76	Picture	204	1787649	0	1	1999	3	0	1920	other	0
berpa	77	Sound	64	1799623	0	1			0		hit	125
berpa	77	Response	252	1806123	6500	2
berpa	78	Picture	4	1833977	0	2	2000	3	0	1920	other	0
berpa	79	Sound	64	1845957	0	1			0		hit	128
berpa	79	Response	252	1852611	6654	2
berpa	80	Picture	103	1880306	0	1	2000	2	0	1920	other	0
berpa	81	Sound	63	1892292	0	1			0		hit	131
berpa	81	Response	252	1898778	6486	2
berpa	81	Response	252	1902225	9933	1
berpa	82	Picture	204	1927134	0	2	2000	3	0	1920	other	0
berpa	83	Sound	64	1939105	0	1			0		hit	135
berpa	83	Response	252	1944040	4935	2
berpa	83	Response	252	1947487	8382	1
berpa	84	Picture	202	1974963	0	1	1999	3	0	1920	other	0
berpa	85	Sound	62	1986936	0	2			0		hit	139
berpa	85	Response	251	1992188	5252	2
berpa	86	Picture	1	2021791	0	2	2000	3	0	1920	other	0
berpa	87	Sound	61	2033780	0	1			0		hit	142
berpa	87	Response	251	2038899	5119	1
berpa	88	Picture	2	2069120	0	1	1999	3	0	1920	other	0
berpa	89	Sound	62	2081102	0	1			0		hit	145
berpa	89	Response	251	2086429	5327	1
berpa	90	Picture	3	2116782	0	2	1999	4	0	1920	other	0
berpa	91	Sound	63	2128753	0	2			0		hit	148
berpa	91	Response	252	2139336	10583	1
berpa	92	Picture	1	2164610	0	2	2000	3	0	1920	other	0
berpa	93	Sound	61	2176585	0	1			0		hit	151
berpa	93	Response	251	2182576	5991	2
berpa	94	Picture	4	2211938	0	2	2000	4	0	1920	other	0
berpa	95	Sound	64	2223937	0	1			0		hit	154
berpa	95	Response	252	2229710	5773	1
berpa	96	Picture	3	2259766	0	2	2001	3	0	1920	other	0
berpa	97	Sound	63	2271738	0	1			0		hit	157
berpa	97	Response	252	2278942	7204	1
berpa	98	Picture	23	2306929	0	1	2000	2	0	1920	other	0
berpa	98	Sound	52	2313468	6539	2			6540		other	0
berpa	99	Sound	63	2318911	0	1			0		hit	161
berpa	99	Response	252	2330912	12001	2
berpa	100	Picture	3	2353257	0	2	2000	3	0	1920	other	0
berpa	101	Sound	63	2365245	0	1			0		hit	164
berpa	101	Response	252	2371168	5923	2
berpa	102	Picture	1	2399586	0	2	2000	3	0	1920	other	0
berpa	103	Sound	61	2411580	0	1			0		hit	167
berpa	103	Response	251	2416344	4764	1
berpa	104	Picture	103	2447248	0	1	2000	2	0	1920	other	0
berpa	105	Sound	63	2459231	0	2			0		hit	170
berpa	105	Response	252	2464703	5472	2
berpa	106	Picture	204	2493910	0	1	1999	3	0	1920	other	0
berpa	107	Sound	64	2505895	0	1			0		hit	173
berpa	107	Response	252	2511357	5462	1
berpa	108	Picture	202	2541071	0	2	2000	4	0	1920	other	0
berpa	109	Sound	62	2553068	0	1			0		hit	176
berpa	109	Response	251	2561289	8221	1
berpa	110	Picture	202	2588400	0	2	2000	3	0	1920	other	0
berpa	111	Sound	62	2600390	0	1			0		hit	179
berpa	111	Response	251	2605989	5599	1
berpa	112	Picture	2	2635895	0	1	2000	2	0	1920	other	0
berpa	113	Sound	62	2647892	0	1			0		hit	182
berpa	113	Response	251	2654704	6812	1
berpa	114	Picture	1	2683224	0	1	1999	3	0	1920	other	0
berpa	115	Sound	61	2695214	0	1			0		hit	185
berpa	115	Response	251	2701495	6281	2
berpa	116	Picture	224	2730886	0	1	1999	3	0	1920	other	0
berpa	116	Sound	52	2736505	5619	2			5620		other	0
berpa	117	Sound	64	2742866	0	1			0		hit	189
berpa	117	Response	252	2751706	8840	2
berpa	118	Picture	11	2777547	0	2	2000	4	0	1920	other	0
berpa	118	Sound	51	2782386	4839	1			4840		other	0
berpa	119	Sound	61	2789530	0	1			0		hit	193
berpa	119	Response	251	2794813	5283	1
berpa	120	Picture	202	2824543	0	1	1999	3	0	1920	other	0
berpa	121	Sound	62	2836523	0	1			0		hit	196
berpa	121	Response	251	2841345	4822	1
berpa	122	Picture	123	2871704	0	2	2000	3	0	1920	other	0
berpa	122	Sound	52	2880103	8399	2			8400		other	0
berpa	123	Sound	63	2883695	0	1			0		hit	200
berpa	123	Response	252	2890497	6802	2
berpa	124	Picture	21	2918700	0	1	1999	3	0	1920	other	0
berpa	124	Sound	52	2924699	5999	1			6000		other	0
berpa	125	Sound	61	2930688	0	1			0		hit	204
berpa	125	Response	251	2935565	4877	1
berpa	126	Picture	2	2965195	0	1	2000	2	0	1920	other	0
berpa	127	Sound	62	2977172	0	2			0		hit	207
berpa	127	Response	251	2983947	6775	1
berpa	128	Picture	101	3011857	0	1	1999	3	0	1920	other	0
berpa	129	Sound	61	3023836	0	1			0		hit	210
berpa	129	Response	251	3029090	5254	1
berpa	130	Picture	4	3059852	0	1	2000	2	0	1920	other	0
berpa	131	Sound	64	3071847	0	1			0		hit	213
berpa	131	Response	252	3078266	6419	2
berpa	132	Picture	212	3107680	0	2	2000	3	0	1920	other	0
berpa	132	Sound	51	3112529	4849	2			4850		other	0
berpa	133	Sound	62	3119678	0	1			0		hit	217
berpa	133	Response	251	3124830	5152	1
berpa	134	Response	253	3410492	254984	2


Event Type	Code	Type	Response	RT	RT Uncertainty	Time	Uncertainty	Duration	Uncertainty	ReqTime	ReqDur

Picture	10	other				10497	1	20164	3	0	20000
Picture	10	other				30828	2	40163	3	0	40000
Picture	10	other				71157	2	40163	3	0	40000
Nothing	91	other				111322	1			0
Picture	204	other				141484	1	1999	3	0	1920
Sound	64	hit	2	5787	4	153459	2			0
Picture	222	other				188312	1	2000	2	0	1920
Sound	52	other				195711	1			7400
Sound	62	hit	1	8247	3	200303	1			0
Picture	12	other				235640	2	2000	4	0	1920
Sound	51	other				240449	2			4810
Sound	62	hit	1	4048	2	247625	1			0
Picture	204	other				283635	3	2001	4	0	1920
Sound	64	hit	2	5636	2	295606	1			0
Picture	22	other				329798	1	1999	3	0	1920
Sound	52	other				337907	2			8110
Sound	62	hit	1	3669	2	341791	1			0
Picture	4	other				376293	1	2000	2	0	1920
Sound	64	hit	2	5426	3	388275	1			0
Picture	13	other				424288	1	2000	2	0	1920
Sound	51	other				429407	1			5120
Sound	63	hit	2	5114	2	436286	1			0
Picture	103	other				470783	2	2000	3	0	1920
Sound	63	hit	2	4938	2	482770	1			0
Picture	3	other				517945	2	2000	3	0	1920
Sound	63	hit	2	3401	3	529942	2			0
Picture	2	other				565773	2	2000	4	0	1920
Sound	62	hit	1	3310	3	577744	1			0
Picture	101	other				612102	2	2000	3	0	1920
Sound	61	hit	1	7590	4	624078	2			0
Picture	1	other				659264	1	2000	2	0	1920
Sound	61	hit	1	5206	3	671251	1			0
Picture	3	other				707259	2	2000	3	0	1920
Sound	63	hit	2	3800	3	719232	1			0
Picture	1	other				754088	1	1999	3	0	1920
Sound	61	hit	1	4846	2	766075	1			0
Picture	3	other				800749	2	2000	4	0	1920
Sound	63	hit	2	6042	2	812739	1			0
Picture	214	other				848245	1	1999	3	0	1920
Sound	51	other				852794	2			4550
Sound	64	hit	2	6717	2	860241	1			0
Picture	14	other				894407	1	1999	3	0	1920
Sound	51	other				899796	1			5390
Sound	64	hit	2	3463	2	906396	1			0
Picture	202	other				941235	2	2000	3	0	1920
Sound	62	hit	1	4834	2	953209	1			0
Picture	4	other				988397	1	2000	2	0	1920
Sound	64	hit	2	5392	2	1000382	1			0
Picture	101	other				1035559	1	1999	3	0	1920
Sound	61	hit	1	7446	4	1047554	2			0
Picture	24	other				1082054	2	2000	3	0	1920
Sound	52	other				1087893	2			5840
Sound	64	hit	2	8641	3	1094039	1			0
Picture	103	other				1129549	2	2000	3	0	1920
Sound	63	hit	2	5070	2	1141541	1			0
Picture	121	other				1176878	1	1999	3	0	1920
Sound	52	other				1185187	1			8310
Sound	61	hit	1	5658	3	1188863	1			0
Picture	103	other				1223206	2	2000	3	0	1920
Sound	63	hit	2	8209	3	1235197	1			0
Picture	2	other				1269702	1	1999	3	0	1920
Sound	62	hit	1	3840	3	1281682	1			0
Picture	111	other				1316197	1	2000	2	0	1920
Sound	51	other				1319236	2			3040
Sound	61	hit	1	5523	3	1328196	1			0
Picture	101	other				1362525	2	2000	3	0	1920
Sound	61	hit	1	7838	3	1374500	2			0
Picture	103	other				1409354	1	2000	2	0	1920
Sound	63	hit	2	8981	2	1421344	1			0
Picture	204	other				1457182	2	2000	4	0	1920
Sound	64	hit	2	6105	2	1469175	1			0
Picture	4	other				1504344	2	2000	3	0	1920
Sound	64	hit	2	4863	2	1516318	1			0
Picture	101	other				1550673	1	1999	3	0	1920
Sound	61	hit	1	6523	2	1562652	1			0
Picture	202	other				1597834	2	2000	4	0	1920
Sound	62	hit	1	4594	3	1609825	1			0
Picture	2	other				1644330	1	2000	2	0	1920
Sound	62	hit	1	4603	2	1656309	1			0
Picture	113	other				1691992	1	1999	3	0	1920
Sound	51	other				1694861	2			2870
Sound	63	hit	2	3876	3	1703990	2			0
Picture	101	other				1739487	1	1999	3	0	1920
Sound	61	hit	1	5765	2	1751462	1			0
Picture	204	other				1787649	1	1999	3	0	1920
Sound	64	hit	2	6500	3	1799623	1			0
Picture	4	other				1833977	2	2000	3	0	1920
Sound	64	hit	2	6654	3	1845957	1			0
Picture	103	other				1880306	1	2000	2	0	1920
Sound	63	hit	2	6486	3	1892292	1			0
Picture	204	other				1927134	2	2000	3	0	1920
Sound	64	hit	2	4935	3	1939105	1			0
Picture	202	other				1974963	1	1999	3	0	1920
Sound	62	hit	1	5252	4	1986936	2			0
Picture	1	other				2021791	2	2000	3	0	1920
Sound	61	hit	1	5119	2	2033780	1			0
Picture	2	other				2069120	1	1999	3	0	1920
Sound	62	hit	1	5327	2	2081102	1			0
Picture	3	other				2116782	2	1999	4	0	1920
Sound	63	hit	2	10583	3	2128753	2			0
Picture	1	other				2164610	2	2000	3	0	1920
Sound	61	hit	1	5991	3	2176585	1			0
Picture	4	other				2211938	2	2000	4	0	1920
Sound	64	hit	2	5773	2	2223937	1			0
Picture	3	other				2259766	2	2001	3	0	1920
Sound	63	hit	2	7204	2	2271738	1			0
Picture	23	other				2306929	1	2000	2	0	1920
Sound	52	other				2313468	2			6540
Sound	63	hit	2	12001	3	2318911	1			0
Picture	3	other				2353257	2	2000	3	0	1920
Sound	63	hit	2	5923	3	2365245	1			0
Picture	1	other				2399586	2	2000	3	0	1920
Sound	61	hit	1	4764	2	2411580	1			0
Picture	103	other				2447248	1	2000	2	0	1920
Sound	63	hit	2	5472	4	2459231	2			0
Picture	204	other				2493910	1	1999	3	0	1920
Sound	64	hit	2	5462	2	2505895	1			0
Picture	202	other				2541071	2	2000	4	0	1920
Sound	62	hit	1	8221	2	2553068	1			0
Picture	202	other				2588400	2	2000	3	0	1920
Sound	62	hit	1	5599	2	2600390	1			0
Picture	2	other				2635895	1	2000	2	0	1920
Sound	62	hit	1	6812	2	2647892	1			0
Picture	1	other				2683224	1	1999	3	0	1920
Sound	61	hit	1	6281	3	2695214	1			0
Picture	224	other				2730886	1	1999	3	0	1920
Sound	52	other				2736505	2			5620
Sound	64	hit	2	8840	3	2742866	1			0
Picture	11	other				2777547	2	2000	4	0	1920
Sound	51	other				2782386	1			4840
Sound	61	hit	1	5283	2	2789530	1			0
Picture	202	other				2824543	1	1999	3	0	1920
Sound	62	hit	1	4822	2	2836523	1			0
Picture	123	other				2871704	2	2000	3	0	1920
Sound	52	other				2880103	2			8400
Sound	63	hit	2	6802	3	2883695	1			0
Picture	21	other				2918700	1	1999	3	0	1920
Sound	52	other				2924699	1			6000
Sound	61	hit	1	4877	2	2930688	1			0
Picture	2	other				2965195	1	2000	2	0	1920
Sound	62	hit	1	6775	3	2977172	2			0
Picture	101	other				3011857	1	1999	3	0	1920
Sound	61	hit	1	5254	2	3023836	1			0
Picture	4	other				3059852	1	2000	2	0	1920
Sound	64	hit	2	6419	3	3071847	1			0
Picture	212	other				3107680	2	2000	3	0	1920
Sound	51	other				3112529	2			4850
Sound	62	hit	1	5152	2	3119678	1			0
