Scenario - 17_March_2015
Logfile written - 02/07/2018 14:25:44

Subject	Trial	Event Type	Code	Time	TTime	Uncertainty	Duration	Uncertainty	ReqTime	ReqDur	Stim Type	Pair Index

toto	1	Response	253	12061	21894	1
toto	2	Picture	10	12164	0	1	20164	3	0	20000	other	0
toto	3	Picture	10	32495	0	2	40163	3	0	40000	other	0
toto	4	Picture	10	72824	0	2	40163	4	0	40000	other	0
toto	5	Nothing	91	112989	0	1			0		other	0
toto	6	Picture	202	143151	0	2	2000	3	0	1920	other	0
toto	7	Sound	62	155137	0	1			0		miss	0
toto	8	Picture	2	189813	0	2	2000	4	0	1920	other	0
toto	9	Sound	62	201801	0	1			0		miss	0
toto	10	Picture	113	236476	0	1	1999	3	0	1920	other	0
toto	10	Sound	51	239795	3319	1			3320		other	0
toto	11	Sound	63	248465	0	1			0		miss	0
toto	12	Picture	1	284138	0	1	2000	2	0	1920	other	0
toto	13	Sound	61	296117	0	1			0		miss	0
toto	14	Picture	101	330800	0	1	2000	2	0	1920	other	0
toto	15	Sound	61	342781	0	1			0		miss	0
toto	16	Picture	212	378629	0	1	1999	3	0	1920	other	0
toto	16	Sound	51	383488	4859	2			4860		other	0
toto	17	Sound	62	390612	0	1			0		miss	0
toto	18	Picture	2	425958	0	1	1999	3	0	1920	other	0
toto	19	Sound	62	437935	0	1			0		miss	0
toto	20	Picture	24	472786	0	2	2000	4	0	1920	other	0
toto	20	Sound	52	480116	7330	1			7330		other	0
toto	21	Sound	64	484778	0	2			0		miss	0
toto	22	Picture	12	519282	0	1	2000	2	0	1920	other	0
toto	22	Sound	51	524181	4899	1			4900		other	0
toto	23	Sound	62	531263	0	1			0		miss	0
toto	24	Picture	1	566444	0	2	2000	3	0	1920	other	0
toto	25	Sound	61	578436	0	1			0		miss	0
toto	26	Picture	2	613939	0	2	2000	4	0	1920	other	0
toto	27	Sound	62	625938	0	1			0		miss	0
toto	28	Picture	4	660102	0	1	2000	2	0	1920	other	0
toto	29	Sound	64	672093	0	1			0		miss	0
toto	30	Picture	111	707264	0	2	2000	3	0	1920	other	0
toto	30	Sound	51	712193	4929	2			4930		other	0
toto	31	Sound	61	719236	0	1			0		miss	0
toto	32	Picture	204	753593	0	1	2000	2	0	1920	other	0
toto	33	Sound	64	765571	0	1			0		miss	0
toto	34	Picture	202	801422	0	1	2000	2	0	1920	other	0
toto	35	Sound	62	813402	0	2			0		miss	0
toto	36	Picture	3	848084	0	1	2000	2	0	1920	other	0
toto	37	Sound	63	860066	0	2			0		miss	0
toto	38	Picture	202	894913	0	1	1999	3	0	1920	other	0
toto	39	Sound	62	906910	0	1			0		miss	0
toto	40	Picture	2	942741	0	2	2000	4	0	1920	other	0
toto	41	Sound	62	954711	0	2			0		miss	0
toto	42	Picture	3	989237	0	1	2000	2	0	1920	other	0
toto	43	Sound	63	1001226	0	1			0		miss	0
toto	44	Picture	101	1036899	0	2	2000	3	0	1920	other	0
toto	45	Sound	61	1048878	0	1			0		miss	0
toto	46	Picture	21	1084894	0	2	2000	4	0	1920	other	0
toto	46	Sound	52	1091353	6459	2			6460		other	0
toto	47	Sound	61	1096889	0	1			0		miss	0
toto	48	Picture	204	1132556	0	2	2000	4	0	1920	other	0
toto	49	Sound	64	1144540	0	2			0		miss	0
toto	50	Picture	23	1178886	0	1	1999	3	0	1920	other	0
toto	50	Sound	52	1185006	6120	1			6120		other	0
toto	51	Sound	63	1190875	0	2			0		miss	0
toto	52	Picture	3	1226548	0	1	1999	3	0	1920	other	0
toto	53	Sound	63	1238527	0	1			0		miss	0
toto	54	Picture	103	1272710	0	1	2000	2	0	1920	other	0
toto	55	Sound	63	1284682	0	2			0		miss	0
toto	56	Picture	103	1319539	0	1	1999	3	0	1920	other	0
toto	57	Sound	63	1331526	0	1			0		miss	0
toto	58	Picture	1	1366201	0	1	2000	2	0	1920	other	0
toto	59	Sound	61	1378190	0	1			0		miss	0
toto	60	Picture	4	1413696	0	2	2000	4	0	1920	other	0
toto	61	Sound	64	1425692	0	1			0		miss	0
toto	62	Picture	214	1460192	0	1	2000	2	0	1920	other	0
toto	62	Sound	51	1464901	4709	2			4710		other	0
toto	63	Sound	64	1472177	0	1			0		miss	0
toto	64	Picture	204	1507354	0	2	2000	3	0	1920	other	0
toto	65	Sound	64	1519350	0	1			0		miss	0
toto	66	Picture	202	1555016	0	2	2000	3	0	1920	other	0
toto	67	Sound	62	1567001	0	2			0		miss	0
toto	68	Picture	101	1601345	0	2	2000	3	0	1920	other	0
toto	69	Sound	61	1613336	0	1			0		miss	0
toto	70	Picture	11	1647840	0	2	2000	4	0	1920	other	0
toto	70	Sound	51	1651269	3429	2			3430		other	0
toto	71	Sound	61	1659821	0	1			0		miss	0
toto	72	Picture	222	1694836	0	1	2000	2	0	1920	other	0
toto	72	Sound	52	1701935	7099	1			7100		other	0
toto	73	Sound	62	1706814	0	1			0		miss	0
toto	74	Picture	4	1741998	0	2	2000	4	0	1920	other	0
toto	75	Sound	64	1753987	0	1			0		miss	0
toto	76	Picture	3	1788494	0	1	2000	2	0	1920	other	0
toto	77	Sound	63	1800471	0	2			0		miss	0
toto	78	Picture	22	1834823	0	1	1999	3	0	1920	other	0
toto	78	Sound	52	1841522	6699	2			6700		other	0
toto	79	Sound	62	1846806	0	1			0		miss	0
toto	80	Picture	202	1881985	0	1	2000	2	0	1920	other	0
toto	81	Sound	62	1893979	0	1			0		miss	0
toto	82	Picture	1	1930147	0	1	2000	2	0	1920	other	0
toto	83	Sound	61	1942140	0	1			0		miss	0
toto	84	Picture	204	1977976	0	1	1999	3	0	1920	other	0
toto	85	Sound	64	1989971	0	2			0		miss	0
toto	86	Picture	101	2024138	0	1	2000	2	0	1920	other	0
toto	87	Sound	61	2036126	0	2			0		miss	0
toto	88	Picture	101	2070800	0	2	2000	3	0	1920	other	0
toto	89	Sound	61	2082791	0	1			0		miss	0
toto	90	Picture	1	2118629	0	1	2000	2	0	1920	other	0
toto	91	Sound	61	2130622	0	1			0		miss	0
toto	92	Picture	4	2166124	0	2	2000	3	0	1920	other	0
toto	93	Sound	64	2178124	0	1			0		miss	0
toto	94	Picture	101	2212953	0	2	2000	3	0	1920	other	0
toto	95	Sound	61	2224938	0	1			0		miss	0
toto	96	Picture	3	2259948	0	2	2000	4	0	1920	other	0
toto	97	Sound	63	2271931	0	1			0		miss	0
toto	98	Picture	14	2307944	0	1	2000	2	0	1920	other	0
toto	98	Sound	51	2313143	5199	2			5200		other	0
toto	99	Sound	64	2319942	0	1			0		miss	0
toto	100	Picture	103	2355273	0	1	1999	3	0	1920	other	0
toto	101	Sound	63	2367265	0	1			0		miss	0
toto	102	Picture	2	2402435	0	1	2000	2	0	1920	other	0
toto	103	Sound	62	2414408	0	1			0		miss	0
toto	104	Picture	4	2450097	0	2	2000	3	0	1920	other	0
toto	105	Sound	64	2462089	0	2			0		miss	0
toto	106	Picture	103	2497426	0	1	2000	2	0	1920	other	0
toto	107	Sound	63	2509412	0	1			0		miss	0
toto	108	Picture	121	2545088	0	1	2000	2	0	1920	other	0
toto	108	Sound	52	2551997	6909	2			6910		other	0
toto	109	Sound	61	2557064	0	1			0		miss	0
toto	110	Picture	3	2591750	0	1	2000	2	0	1920	other	0
toto	111	Sound	63	2603728	0	1			0		miss	0
toto	112	Picture	202	2639412	0	2	2000	3	0	1920	other	0
toto	113	Sound	62	2651410	0	1			0		miss	0
toto	114	Picture	13	2685741	0	1	2000	2	0	1920	other	0
toto	114	Sound	51	2688310	2569	1			2570		other	0
toto	115	Sound	63	2697714	0	2			0		miss	0
toto	116	Picture	123	2732070	0	1	2000	2	0	1920	other	0
toto	116	Sound	52	2737649	5579	2			5580		other	0
toto	117	Sound	63	2744049	0	2			0		miss	0
toto	118	Picture	2	2779899	0	1	1999	3	0	1920	other	0
toto	119	Sound	62	2791881	0	1			0		miss	0
toto	120	Picture	204	2826227	0	2	2000	4	0	1920	other	0
toto	121	Sound	64	2838216	0	1			0		miss	0
toto	122	Picture	4	2872890	0	1	1999	3	0	1920	other	0
toto	123	Sound	64	2884880	0	1			0		miss	0
toto	124	Picture	224	2919718	0	2	2000	4	0	1920	other	0
toto	124	Sound	52	2926047	6329	2			6330		other	0
toto	125	Sound	64	2931693	0	2			0		miss	0
toto	126	Picture	103	2966881	0	1	2000	2	0	1920	other	0
toto	127	Sound	63	2978866	0	2			0		miss	0
toto	128	Picture	1	3015043	0	1	2000	2	0	1920	other	0
toto	129	Sound	61	3027027	0	1			0		miss	0
toto	130	Picture	103	3062705	0	1	1999	3	0	1920	other	0
toto	131	Sound	63	3074679	0	1			0		miss	0
toto	132	Picture	204	3109534	0	1	1999	3	0	1920	other	0
toto	133	Sound	64	3121523	0	1			0		miss	0
toto	134	Response	253	4315548	1158019	1


Event Type	Code	Type	Response	RT	RT Uncertainty	Time	Uncertainty	Duration	Uncertainty	ReqTime	ReqDur

Picture	10	other				12164	1	20164	3	0	20000
Picture	10	other				32495	2	40163	3	0	40000
Picture	10	other				72824	2	40163	4	0	40000
Nothing	91	other				112989	1			0
Picture	202	other				143151	2	2000	3	0	1920
Sound	62	miss				155137	1			0
Picture	2	other				189813	2	2000	4	0	1920
Sound	62	miss				201801	1			0
Picture	113	other				236476	1	1999	3	0	1920
Sound	51	other				239795	1			3320
Sound	63	miss				248465	1			0
Picture	1	other				284138	1	2000	2	0	1920
Sound	61	miss				296117	1			0
Picture	101	other				330800	1	2000	2	0	1920
Sound	61	miss				342781	1			0
Picture	212	other				378629	1	1999	3	0	1920
Sound	51	other				383488	2			4860
Sound	62	miss				390612	1			0
Picture	2	other				425958	1	1999	3	0	1920
Sound	62	miss				437935	1			0
Picture	24	other				472786	2	2000	4	0	1920
Sound	52	other				480116	1			7330
Sound	64	miss				484778	2			0
Picture	12	other				519282	1	2000	2	0	1920
Sound	51	other				524181	1			4900
Sound	62	miss				531263	1			0
Picture	1	other				566444	2	2000	3	0	1920
Sound	61	miss				578436	1			0
Picture	2	other				613939	2	2000	4	0	1920
Sound	62	miss				625938	1			0
Picture	4	other				660102	1	2000	2	0	1920
Sound	64	miss				672093	1			0
Picture	111	other				707264	2	2000	3	0	1920
Sound	51	other				712193	2			4930
Sound	61	miss				719236	1			0
Picture	204	other				753593	1	2000	2	0	1920
Sound	64	miss				765571	1			0
Picture	202	other				801422	1	2000	2	0	1920
Sound	62	miss				813402	2			0
Picture	3	other				848084	1	2000	2	0	1920
Sound	63	miss				860066	2			0
Picture	202	other				894913	1	1999	3	0	1920
Sound	62	miss				906910	1			0
Picture	2	other				942741	2	2000	4	0	1920
Sound	62	miss				954711	2			0
Picture	3	other				989237	1	2000	2	0	1920
Sound	63	miss				1001226	1			0
Picture	101	other				1036899	2	2000	3	0	1920
Sound	61	miss				1048878	1			0
Picture	21	other				1084894	2	2000	4	0	1920
Sound	52	other				1091353	2			6460
Sound	61	miss				1096889	1			0
Picture	204	other				1132556	2	2000	4	0	1920
Sound	64	miss				1144540	2			0
Picture	23	other				1178886	1	1999	3	0	1920
Sound	52	other				1185006	1			6120
Sound	63	miss				1190875	2			0
Picture	3	other				1226548	1	1999	3	0	1920
Sound	63	miss				1238527	1			0
Picture	103	other				1272710	1	2000	2	0	1920
Sound	63	miss				1284682	2			0
Picture	103	other				1319539	1	1999	3	0	1920
Sound	63	miss				1331526	1			0
Picture	1	other				1366201	1	2000	2	0	1920
Sound	61	miss				1378190	1			0
Picture	4	other				1413696	2	2000	4	0	1920
Sound	64	miss				1425692	1			0
Picture	214	other				1460192	1	2000	2	0	1920
Sound	51	other				1464901	2			4710
Sound	64	miss				1472177	1			0
Picture	204	other				1507354	2	2000	3	0	1920
Sound	64	miss				1519350	1			0
Picture	202	other				1555016	2	2000	3	0	1920
Sound	62	miss				1567001	2			0
Picture	101	other				1601345	2	2000	3	0	1920
Sound	61	miss				1613336	1			0
Picture	11	other				1647840	2	2000	4	0	1920
Sound	51	other				1651269	2			3430
Sound	61	miss				1659821	1			0
Picture	222	other				1694836	1	2000	2	0	1920
Sound	52	other				1701935	1			7100
Sound	62	miss				1706814	1			0
Picture	4	other				1741998	2	2000	4	0	1920
Sound	64	miss				1753987	1			0
Picture	3	other				1788494	1	2000	2	0	1920
Sound	63	miss				1800471	2			0
Picture	22	other				1834823	1	1999	3	0	1920
Sound	52	other				1841522	2			6700
Sound	62	miss				1846806	1			0
Picture	202	other				1881985	1	2000	2	0	1920
Sound	62	miss				1893979	1			0
Picture	1	other				1930147	1	2000	2	0	1920
Sound	61	miss				1942140	1			0
Picture	204	other				1977976	1	1999	3	0	1920
Sound	64	miss				1989971	2			0
Picture	101	other				2024138	1	2000	2	0	1920
Sound	61	miss				2036126	2			0
Picture	101	other				2070800	2	2000	3	0	1920
Sound	61	miss				2082791	1			0
Picture	1	other				2118629	1	2000	2	0	1920
Sound	61	miss				2130622	1			0
Picture	4	other				2166124	2	2000	3	0	1920
Sound	64	miss				2178124	1			0
Picture	101	other				2212953	2	2000	3	0	1920
Sound	61	miss				2224938	1			0
Picture	3	other				2259948	2	2000	4	0	1920
Sound	63	miss				2271931	1			0
Picture	14	other				2307944	1	2000	2	0	1920
Sound	51	other				2313143	2			5200
Sound	64	miss				2319942	1			0
Picture	103	other				2355273	1	1999	3	0	1920
Sound	63	miss				2367265	1			0
Picture	2	other				2402435	1	2000	2	0	1920
Sound	62	miss				2414408	1			0
Picture	4	other				2450097	2	2000	3	0	1920
Sound	64	miss				2462089	2			0
Picture	103	other				2497426	1	2000	2	0	1920
Sound	63	miss				2509412	1			0
Picture	121	other				2545088	1	2000	2	0	1920
Sound	52	other				2551997	2			6910
Sound	61	miss				2557064	1			0
Picture	3	other				2591750	1	2000	2	0	1920
Sound	63	miss				2603728	1			0
Picture	202	other				2639412	2	2000	3	0	1920
Sound	62	miss				2651410	1			0
Picture	13	other				2685741	1	2000	2	0	1920
Sound	51	other				2688310	1			2570
Sound	63	miss				2697714	2			0
Picture	123	other				2732070	1	2000	2	0	1920
Sound	52	other				2737649	2			5580
Sound	63	miss				2744049	2			0
Picture	2	other				2779899	1	1999	3	0	1920
Sound	62	miss				2791881	1			0
Picture	204	other				2826227	2	2000	4	0	1920
Sound	64	miss				2838216	1			0
Picture	4	other				2872890	1	1999	3	0	1920
Sound	64	miss				2884880	1			0
Picture	224	other				2919718	2	2000	4	0	1920
Sound	52	other				2926047	2			6330
Sound	64	miss				2931693	2			0
Picture	103	other				2966881	1	2000	2	0	1920
Sound	63	miss				2978866	2			0
Picture	1	other				3015043	1	2000	2	0	1920
Sound	61	miss				3027027	1			0
Picture	103	other				3062705	1	1999	3	0	1920
Sound	63	miss				3074679	1			0
Picture	204	other				3109534	1	1999	3	0	1920
Sound	64	miss				3121523	1			0
