Scenario - 17_March_2015
Logfile written - 02/13/2017 15:42:42

Subject	Trial	Event Type	Code	Time	TTime	Uncertainty	Duration	Uncertainty	ReqTime	ReqDur	Stim Type	Pair Index

yc21	1	Response	253	8446	18279	1
yc21	2	Picture	10	8497	0	1	20165	2	0	20000	other	0
yc21	3	Picture	10	28828	0	2	40163	3	0	40000	other	0
yc21	3	Response	251	42977	14149	2
yc21	4	Picture	10	69157	0	2	40163	3	0	40000	other	0
yc21	4	Response	252	82398	13241	1
yc21	5	Nothing	91	109322	0	1			0		other	0
yc21	6	Picture	204	139483	0	2	2000	4	0	1920	other	0
yc21	7	Sound	64	151454	0	2			0		hit	10
yc21	7	Response	252	156920	5466	1
yc21	8	Picture	202	186145	0	2	2000	4	0	1920	other	0
yc21	9	Sound	62	198118	0	1			0		hit	13
yc21	9	Response	251	201776	3658	2
yc21	10	Picture	111	233974	0	1	1999	3	0	1920	other	0
yc21	10	Sound	51	238073	4099	1			4100		other	0
yc21	11	Sound	61	245949	0	2			0		hit	17
yc21	11	Response	251	252656	6707	1
yc21	12	Picture	204	280135	0	2	2000	3	0	1920	other	0
yc21	13	Sound	64	292134	0	2			0		hit	20
yc21	13	Response	252	296664	4530	1
yc21	14	Picture	113	328131	0	1	1999	3	0	1920	other	0
yc21	14	Sound	51	332970	4839	1			4840		other	0
yc21	15	Sound	63	340115	0	1			0		hit	24
yc21	15	Response	252	345733	5618	1
yc21	16	Picture	202	374959	0	2	2000	3	0	1920	other	0
yc21	17	Sound	62	386959	0	1			0		hit	27
yc21	17	Response	251	390928	3969	1
yc21	18	Picture	12	422287	0	2	2000	3	0	1920	other	0
yc21	18	Sound	51	426026	3739	1			3740		other	0
yc21	19	Sound	62	434281	0	1			0		hit	31
yc21	19	Response	251	439144	4863	2
yc21	20	Picture	4	468782	0	2	2000	3	0	1920	other	0
yc21	21	Sound	64	480765	0	2			0		hit	34
yc21	21	Response	252	484039	3274	2
yc21	22	Picture	4	516444	0	1	2000	2	0	1920	other	0
yc21	23	Sound	64	528417	0	1			0		hit	37
yc21	23	Response	252	537918	9501	1
yc21	24	Picture	23	563773	0	1	1999	3	0	1920	other	0
yc21	24	Sound	52	569922	6149	2			6150		other	0
yc21	25	Sound	63	575769	0	1			0		hit	41
yc21	25	Response	252	580679	4910	2
yc21	26	Picture	3	611268	0	1	1999	3	0	1920	other	0
yc21	27	Sound	63	623241	0	1			0		hit	44
yc21	27	Response	252	628701	5460	1
yc21	28	Picture	1	657763	0	1	1999	3	0	1920	other	0
yc21	29	Sound	61	669755	0	2			0		hit	47
yc21	29	Response	251	674822	5067	2
yc21	30	Picture	2	704091	0	2	2000	3	0	1920	other	0
yc21	31	Sound	62	716090	0	1			0		hit	50
yc21	31	Response	251	720356	4266	1
yc21	32	Picture	101	751086	0	2	2000	3	0	1920	other	0
yc21	33	Sound	61	763083	0	1			0		hit	53
yc21	33	Response	251	769757	6674	1
yc21	34	Picture	4	797248	0	2	2000	3	0	1920	other	0
yc21	35	Sound	64	809238	0	2			0		hit	56
yc21	35	Response	252	813918	4680	1
yc21	36	Picture	4	844576	0	2	2000	4	0	1920	other	0
yc21	37	Sound	64	856561	0	1			0		hit	59
yc21	37	Response	252	865098	8537	1
yc21	38	Picture	1	891571	0	2	2000	4	0	1920	other	0
yc21	39	Sound	61	903554	0	1			0		hit	62
yc21	39	Response	251	908945	5391	1
yc21	40	Picture	1	938067	0	1	1999	3	0	1920	other	0
yc21	41	Sound	61	950038	0	1			0		hit	65
yc21	41	Response	251	954711	4673	1
yc21	42	Picture	101	985395	0	2	1999	4	0	1920	other	0
yc21	43	Sound	61	997390	0	2			0		hit	68
yc21	43	Response	251	1003363	5973	1
yc21	44	Picture	101	1032223	0	2	2000	4	0	1920	other	0
yc21	45	Sound	61	1044204	0	1			0		hit	71
yc21	45	Response	251	1049629	5425	1
yc21	46	Picture	2	1078385	0	2	2000	3	0	1920	other	0
yc21	47	Sound	62	1090359	0	1			0		hit	74
yc21	47	Response	251	1097018	6659	2
yc21	48	Picture	204	1124714	0	1	1999	3	0	1920	other	0
yc21	49	Sound	64	1136693	0	2			0		hit	77
yc21	49	Response	252	1140828	4135	1
yc21	50	Picture	24	1171376	0	1	1999	3	0	1920	other	0
yc21	50	Sound	52	1178395	7019	2			7020		other	0
yc21	51	Sound	64	1183357	0	2			0		hit	81
yc21	51	Response	252	1188577	5220	1
yc21	52	Picture	4	1217870	0	2	2000	4	0	1920	other	0
yc21	53	Sound	64	1229842	0	1			0		hit	84
yc21	53	Response	252	1233863	4021	2
yc21	54	Picture	224	1265699	0	1	2000	2	0	1920	other	0
yc21	54	Sound	52	1271428	5729	1			5730		other	0
yc21	55	Sound	64	1277673	0	1			0		hit	88
yc21	55	Response	252	1282347	4674	2
yc21	56	Picture	1	1312861	0	1	2000	2	0	1920	other	0
yc21	57	Sound	61	1324845	0	2			0		hit	91
yc21	57	Response	251	1329336	4491	2
yc21	58	Picture	212	1360023	0	1	1999	3	0	1920	other	0
yc21	58	Sound	51	1363132	3109	2			3110		other	0
yc21	59	Sound	62	1372018	0	2			0		hit	95
yc21	59	Response	251	1377026	5008	2
yc21	60	Picture	13	1407684	0	2	2000	3	0	1920	other	0
yc21	60	Sound	51	1411383	3699	1			3700		other	0
yc21	61	Sound	63	1419670	0	1			0		hit	99
yc21	61	Response	252	1425810	6140	1
yc21	62	Picture	202	1454179	0	2	2000	3	0	1920	other	0
yc21	63	Sound	62	1466154	0	1			0		hit	102
yc21	63	Response	251	1472048	5894	1
yc21	64	Picture	204	1501507	0	2	2000	4	0	1920	other	0
yc21	65	Sound	64	1513506	0	2			0		hit	105
yc21	65	Response	252	1518084	4578	1
yc21	66	Picture	1	1548003	0	1	2000	2	0	1920	other	0
yc21	67	Sound	61	1559991	0	1			0		hit	108
yc21	67	Response	251	1564898	4907	1
yc21	68	Picture	22	1594331	0	2	2000	4	0	1920	other	0
yc21	68	Sound	52	1600420	6089	2			6090		other	0
yc21	69	Sound	62	1606325	0	2			0		hit	112
yc21	69	Response	251	1611496	5171	1
yc21	70	Picture	123	1641660	0	1	1999	3	0	1920	other	0
yc21	70	Sound	52	1649329	7669	2			7670		other	0
yc21	71	Sound	63	1653648	0	1			0		hit	116
yc21	71	Response	252	1660432	6784	1
yc21	72	Picture	2	1688988	0	2	2000	3	0	1920	other	0
yc21	73	Sound	62	1700970	0	1			0		hit	119
yc21	73	Response	251	1706753	5783	2
yc21	74	Picture	103	1735483	0	2	2000	4	0	1920	other	0
yc21	75	Sound	63	1747454	0	2			0		hit	122
yc21	75	Response	252	1755765	8311	1
yc21	76	Picture	204	1781978	0	2	2000	4	0	1920	other	0
yc21	77	Sound	64	1793969	0	1			0		hit	125
yc21	77	Response	252	1798050	4081	1
yc21	78	Picture	214	1830140	0	2	2000	3	0	1920	other	0
yc21	78	Sound	51	1834409	4269	1			4270		other	0
yc21	79	Sound	64	1842129	0	1			0		hit	129
yc21	79	Response	252	1845889	3760	2
yc21	80	Picture	202	1877635	0	1	2000	3	0	1920	other	0
yc21	81	Sound	62	1889631	0	1			0		hit	132
yc21	81	Response	251	1894180	4549	1
yc21	82	Picture	101	1925463	0	2	2000	3	0	1920	other	0
yc21	83	Sound	61	1937462	0	2			0		hit	135
yc21	83	Response	251	1941913	4451	1
yc21	84	Picture	2	1972458	0	2	2000	3	0	1920	other	0
yc21	85	Sound	62	1984455	0	2			0		hit	138
yc21	85	Response	251	1993010	8555	1
yc21	86	Picture	202	2020120	0	2	2000	3	0	1920	other	0
yc21	87	Sound	62	2032107	0	1			0		hit	141
yc21	87	Response	251	2036934	4827	1
yc21	88	Picture	1	2067948	0	2	2000	4	0	1920	other	0
yc21	89	Sound	61	2079938	0	1			0		hit	144
yc21	89	Response	251	2084737	4799	2
yc21	90	Picture	2	2114444	0	1	1999	3	0	1920	other	0
yc21	91	Sound	62	2126423	0	1			0		hit	147
yc21	91	Response	251	2131719	5296	1
yc21	92	Picture	204	2161105	0	2	2000	3	0	1920	other	0
yc21	93	Sound	64	2173086	0	2			0		hit	150
yc21	93	Response	252	2178134	5048	1
yc21	94	Picture	14	2207767	0	2	2000	3	0	1920	other	0
yc21	94	Sound	51	2212276	4509	2			4510		other	0
yc21	95	Sound	64	2219750	0	1			0		hit	154
yc21	95	Response	252	2224056	4306	1
yc21	96	Picture	222	2255429	0	1	2000	2	0	1920	other	0
yc21	96	Sound	52	2263398	7969	2			7970		other	0
yc21	97	Sound	62	2267402	0	1			0		hit	158
yc21	97	Response	251	2278257	10855	1
yc21	98	Picture	103	2302257	0	2	2000	4	0	1920	other	0
yc21	99	Sound	63	2314245	0	2			0		hit	161
yc21	99	Response	252	2320185	5940	1
yc21	100	Picture	2	2350085	0	2	2000	4	0	1920	other	0
yc21	101	Sound	62	2362077	0	1			0		hit	164
yc21	101	Response	251	2367709	5632	1
yc21	102	Picture	103	2397747	0	2	2000	4	0	1920	other	0
yc21	103	Sound	63	2409728	0	1			0		hit	167
yc21	103	Response	252	2416053	6325	1
yc21	104	Picture	11	2445742	0	2	2000	3	0	1920	other	0
yc21	104	Sound	51	2449532	3790	1			3790		other	0
yc21	105	Sound	61	2457739	0	1			0		hit	171
yc21	105	Response	251	2464859	7120	2
yc21	106	Picture	103	2492904	0	1	2000	2	0	1920	other	0
yc21	107	Sound	63	2504882	0	1			0		hit	174
yc21	107	Response	252	2512905	8023	1
yc21	108	Picture	3	2540566	0	1	1999	3	0	1920	other	0
yc21	109	Sound	63	2552563	0	2			0		hit	177
yc21	109	Response	252	2558760	6197	2
yc21	110	Picture	103	2588394	0	2	2000	3	0	1920	other	0
yc21	111	Sound	63	2600365	0	1			0		hit	180
yc21	111	Response	252	2605977	5612	1
yc21	112	Picture	121	2634556	0	1	1999	3	0	1920	other	0
yc21	112	Sound	52	2640195	5639	1			5640		other	0
yc21	113	Sound	61	2646550	0	1			0		hit	184
yc21	113	Response	251	2651602	5052	2
yc21	114	Picture	103	2682717	0	2	2000	4	0	1920	other	0
yc21	115	Sound	63	2694710	0	1			0		hit	187
yc21	115	Response	252	2699500	4790	2
yc21	116	Picture	3	2730046	0	1	1999	3	0	1920	other	0
yc21	117	Sound	63	2742032	0	2			0		hit	190
yc21	117	Response	252	2746837	4805	1
yc21	118	Picture	101	2778041	0	1	2000	2	0	1920	other	0
yc21	119	Sound	61	2790013	0	2			0		hit	193
yc21	119	Response	251	2795279	5266	2
yc21	120	Picture	21	2824369	0	2	2000	3	0	1920	other	0
yc21	120	Sound	52	2832788	8419	2			8420		other	0
yc21	121	Sound	61	2836348	0	1			0		hit	197
yc21	121	Response	251	2841966	5618	1
yc21	122	Picture	202	2871864	0	2	2000	4	0	1920	other	0
yc21	123	Sound	62	2883850	0	1			0		hit	200
yc21	123	Response	251	2887771	3921	1
yc21	124	Picture	3	2919526	0	2	2000	3	0	1920	other	0
yc21	125	Sound	63	2931501	0	2			0		hit	203
yc21	125	Response	252	2937637	6136	2
yc21	126	Picture	4	2966354	0	2	2000	4	0	1920	other	0
yc21	127	Sound	64	2978345	0	1			0		hit	206
yc21	127	Response	252	2985732	7387	1
yc21	128	Picture	3	3013683	0	1	1999	3	0	1920	other	0
yc21	129	Sound	63	3025667	0	2			0		hit	209
yc21	129	Response	252	3031573	5906	1
yc21	130	Picture	3	3060678	0	1	2000	2	0	1920	other	0
yc21	131	Sound	63	3072660	0	2			0		hit	212
yc21	131	Response	252	3077635	4975	1
yc21	132	Picture	101	3107173	0	2	2000	3	0	1920	other	0
yc21	133	Sound	61	3119145	0	1			0		hit	215
yc21	133	Response	251	3125140	5995	2
yc21	134	Response	253	3451205	296037	2


Event Type	Code	Type	Response	RT	RT Uncertainty	Time	Uncertainty	Duration	Uncertainty	ReqTime	ReqDur

Picture	10	other				8497	1	20165	2	0	20000
Picture	10	other				28828	2	40163	3	0	40000
Picture	10	other				69157	2	40163	3	0	40000
Nothing	91	other				109322	1			0
Picture	204	other				139483	2	2000	4	0	1920
Sound	64	hit	2	5466	3	151454	2			0
Picture	202	other				186145	2	2000	4	0	1920
Sound	62	hit	1	3658	3	198118	1			0
Picture	111	other				233974	1	1999	3	0	1920
Sound	51	other				238073	1			4100
Sound	61	hit	1	6707	3	245949	2			0
Picture	204	other				280135	2	2000	3	0	1920
Sound	64	hit	2	4530	3	292134	2			0
Picture	113	other				328131	1	1999	3	0	1920
Sound	51	other				332970	1			4840
Sound	63	hit	2	5618	2	340115	1			0
Picture	202	other				374959	2	2000	3	0	1920
Sound	62	hit	1	3969	2	386959	1			0
Picture	12	other				422287	2	2000	3	0	1920
Sound	51	other				426026	1			3740
Sound	62	hit	1	4863	3	434281	1			0
Picture	4	other				468782	2	2000	3	0	1920
Sound	64	hit	2	3274	4	480765	2			0
Picture	4	other				516444	1	2000	2	0	1920
Sound	64	hit	2	9501	2	528417	1			0
Picture	23	other				563773	1	1999	3	0	1920
Sound	52	other				569922	2			6150
Sound	63	hit	2	4910	3	575769	1			0
Picture	3	other				611268	1	1999	3	0	1920
Sound	63	hit	2	5460	2	623241	1			0
Picture	1	other				657763	1	1999	3	0	1920
Sound	61	hit	1	5067	4	669755	2			0
Picture	2	other				704091	2	2000	3	0	1920
Sound	62	hit	1	4266	2	716090	1			0
Picture	101	other				751086	2	2000	3	0	1920
Sound	61	hit	1	6674	2	763083	1			0
Picture	4	other				797248	2	2000	3	0	1920
Sound	64	hit	2	4680	3	809238	2			0
Picture	4	other				844576	2	2000	4	0	1920
Sound	64	hit	2	8537	2	856561	1			0
Picture	1	other				891571	2	2000	4	0	1920
Sound	61	hit	1	5391	2	903554	1			0
Picture	1	other				938067	1	1999	3	0	1920
Sound	61	hit	1	4673	2	950038	1			0
Picture	101	other				985395	2	1999	4	0	1920
Sound	61	hit	1	5973	3	997390	2			0
Picture	101	other				1032223	2	2000	4	0	1920
Sound	61	hit	1	5425	2	1044204	1			0
Picture	2	other				1078385	2	2000	3	0	1920
Sound	62	hit	1	6659	3	1090359	1			0
Picture	204	other				1124714	1	1999	3	0	1920
Sound	64	hit	2	4135	3	1136693	2			0
Picture	24	other				1171376	1	1999	3	0	1920
Sound	52	other				1178395	2			7020
Sound	64	hit	2	5220	3	1183357	2			0
Picture	4	other				1217870	2	2000	4	0	1920
Sound	64	hit	2	4021	3	1229842	1			0
Picture	224	other				1265699	1	2000	2	0	1920
Sound	52	other				1271428	1			5730
Sound	64	hit	2	4674	3	1277673	1			0
Picture	1	other				1312861	1	2000	2	0	1920
Sound	61	hit	1	4491	4	1324845	2			0
Picture	212	other				1360023	1	1999	3	0	1920
Sound	51	other				1363132	2			3110
Sound	62	hit	1	5008	4	1372018	2			0
Picture	13	other				1407684	2	2000	3	0	1920
Sound	51	other				1411383	1			3700
Sound	63	hit	2	6140	2	1419670	1			0
Picture	202	other				1454179	2	2000	3	0	1920
Sound	62	hit	1	5894	2	1466154	1			0
Picture	204	other				1501507	2	2000	4	0	1920
Sound	64	hit	2	4578	3	1513506	2			0
Picture	1	other				1548003	1	2000	2	0	1920
Sound	61	hit	1	4907	2	1559991	1			0
Picture	22	other				1594331	2	2000	4	0	1920
Sound	52	other				1600420	2			6090
Sound	62	hit	1	5171	3	1606325	2			0
Picture	123	other				1641660	1	1999	3	0	1920
Sound	52	other				1649329	2			7670
Sound	63	hit	2	6784	2	1653648	1			0
Picture	2	other				1688988	2	2000	3	0	1920
Sound	62	hit	1	5783	3	1700970	1			0
Picture	103	other				1735483	2	2000	4	0	1920
Sound	63	hit	2	8311	3	1747454	2			0
Picture	204	other				1781978	2	2000	4	0	1920
Sound	64	hit	2	4081	2	1793969	1			0
Picture	214	other				1830140	2	2000	3	0	1920
Sound	51	other				1834409	1			4270
Sound	64	hit	2	3760	3	1842129	1			0
Picture	202	other				1877635	1	2000	3	0	1920
Sound	62	hit	1	4549	2	1889631	1			0
Picture	101	other				1925463	2	2000	3	0	1920
Sound	61	hit	1	4451	3	1937462	2			0
Picture	2	other				1972458	2	2000	3	0	1920
Sound	62	hit	1	8555	3	1984455	2			0
Picture	202	other				2020120	2	2000	3	0	1920
Sound	62	hit	1	4827	2	2032107	1			0
Picture	1	other				2067948	2	2000	4	0	1920
Sound	61	hit	1	4799	3	2079938	1			0
Picture	2	other				2114444	1	1999	3	0	1920
Sound	62	hit	1	5296	2	2126423	1			0
Picture	204	other				2161105	2	2000	3	0	1920
Sound	64	hit	2	5048	3	2173086	2			0
Picture	14	other				2207767	2	2000	3	0	1920
Sound	51	other				2212276	2			4510
Sound	64	hit	2	4306	2	2219750	1			0
Picture	222	other				2255429	1	2000	2	0	1920
Sound	52	other				2263398	2			7970
Sound	62	hit	1	10855	2	2267402	1			0
Picture	103	other				2302257	2	2000	4	0	1920
Sound	63	hit	2	5940	3	2314245	2			0
Picture	2	other				2350085	2	2000	4	0	1920
Sound	62	hit	1	5632	2	2362077	1			0
Picture	103	other				2397747	2	2000	4	0	1920
Sound	63	hit	2	6325	2	2409728	1			0
Picture	11	other				2445742	2	2000	3	0	1920
Sound	51	other				2449532	1			3790
Sound	61	hit	1	7120	3	2457739	1			0
Picture	103	other				2492904	1	2000	2	0	1920
Sound	63	hit	2	8023	2	2504882	1			0
Picture	3	other				2540566	1	1999	3	0	1920
Sound	63	hit	2	6197	4	2552563	2			0
Picture	103	other				2588394	2	2000	3	0	1920
Sound	63	hit	2	5612	2	2600365	1			0
Picture	121	other				2634556	1	1999	3	0	1920
Sound	52	other				2640195	1			5640
Sound	61	hit	1	5052	3	2646550	1			0
Picture	103	other				2682717	2	2000	4	0	1920
Sound	63	hit	2	4790	3	2694710	1			0
Picture	3	other				2730046	1	1999	3	0	1920
Sound	63	hit	2	4805	3	2742032	2			0
Picture	101	other				2778041	1	2000	2	0	1920
Sound	61	hit	1	5266	4	2790013	2			0
Picture	21	other				2824369	2	2000	3	0	1920
Sound	52	other				2832788	2			8420
Sound	61	hit	1	5618	2	2836348	1			0
Picture	202	other				2871864	2	2000	4	0	1920
Sound	62	hit	1	3921	2	2883850	1			0
Picture	3	other				2919526	2	2000	3	0	1920
Sound	63	hit	2	6136	4	2931501	2			0
Picture	4	other				2966354	2	2000	4	0	1920
Sound	64	hit	2	7387	2	2978345	1			0
Picture	3	other				3013683	1	1999	3	0	1920
Sound	63	hit	2	5906	3	3025667	2			0
Picture	3	other				3060678	1	2000	2	0	1920
Sound	63	hit	2	4975	3	3072660	2			0
Picture	101	other				3107173	2	2000	3	0	1920
Sound	61	hit	1	5995	3	3119145	1			0
