Scenario - 17_March_2015
Logfile written - 02/13/2017 15:56:50

Subject	Trial	Event Type	Code	Time	TTime	Uncertainty	Duration	Uncertainty	ReqTime	ReqDur	Stim Type	Pair Index

yc21	1	Response	253	10875	20708	2
yc21	2	Picture	10	10997	0	1	20164	3	0	20000	other	0
yc21	3	Picture	10	31328	0	2	40162	4	0	40000	other	0
yc21	3	Response	251	49252	17924	1
yc21	4	Picture	10	71657	0	2	40163	3	0	40000	other	0
yc21	4	Response	252	85374	13717	1
yc21	5	Nothing	91	111822	0	1			0		other	0
yc21	6	Picture	2	141983	0	1	2000	2	0	1920	other	0
yc21	7	Sound	62	153969	0	1			0		hit	10
yc21	7	Response	251	160862	6893	2
yc21	8	Picture	101	188978	0	2	2000	4	0	1920	other	0
yc21	9	Sound	61	200962	0	1			0		hit	13
yc21	9	Response	251	205734	4772	1
yc21	10	Picture	123	235473	0	2	2000	4	0	1920	other	0
yc21	10	Sound	52	242532	7059	1			7060		other	0
yc21	11	Sound	63	247446	0	1			0		incorrect	17
yc21	11	Response	251	252140	4694	1
yc21	12	Picture	101	281635	0	2	2000	3	0	1920	other	0
yc21	13	Sound	61	293631	0	1			0		hit	20
yc21	13	Response	251	299529	5898	2
yc21	14	Picture	103	328964	0	1	1999	3	0	1920	other	0
yc21	15	Sound	63	340954	0	1			0		hit	23
yc21	15	Response	252	346499	5545	2
yc21	16	Picture	4	376792	0	1	2000	2	0	1920	other	0
yc21	17	Sound	64	388785	0	1			0		hit	26
yc21	17	Response	252	393893	5108	1
yc21	18	Picture	11	423954	0	1	1999	3	0	1920	other	0
yc21	18	Sound	51	426663	2709	1			2710		other	0
yc21	19	Sound	61	435928	0	1			0		hit	30
yc21	19	Response	251	441338	5410	2
yc21	20	Picture	22	470282	0	2	2000	3	0	1920	other	0
yc21	20	Sound	52	477841	7559	2			7560		other	0
yc21	21	Sound	62	482262	0	1			0		hit	34
yc21	21	Response	251	487949	5687	1
yc21	22	Picture	1	518110	0	2	2000	4	0	1920	other	0
yc21	23	Sound	61	530093	0	2			0		hit	37
yc21	23	Response	251	535264	5171	1
yc21	24	Picture	2	564772	0	2	2000	3	0	1920	other	0
yc21	25	Sound	62	576757	0	1			0		hit	40
yc21	25	Response	251	581793	5036	2
yc21	26	Picture	204	611101	0	1	1999	3	0	1920	other	0
yc21	27	Sound	64	623092	0	1			0		hit	43
yc21	27	Response	252	628289	5197	1
yc21	28	Picture	4	658262	0	2	2000	4	0	1920	other	0
yc21	29	Sound	64	670235	0	1			0		hit	46
yc21	29	Response	252	675852	5617	1
yc21	30	Picture	111	706257	0	2	2000	4	0	1920	other	0
yc21	30	Sound	51	709776	3519	1			3520		other	0
yc21	31	Sound	61	718245	0	2			0		hit	50
yc21	31	Response	251	722195	3950	1
yc21	32	Picture	3	753086	0	1	2000	2	0	1920	other	0
yc21	33	Sound	63	765059	0	1			0		hit	53
yc21	33	Response	252	771610	6551	1
yc21	34	Picture	24	799581	0	2	2000	3	0	1920	other	0
yc21	34	Sound	52	806880	7299	2			7300		other	0
yc21	35	Sound	64	811573	0	1			0		hit	57
yc21	35	Response	252	818314	6741	2
yc21	36	Picture	1	846243	0	1	1999	3	0	1920	other	0
yc21	37	Sound	61	858237	0	1			0		hit	60
yc21	37	Response	251	862825	4588	2
yc21	38	Picture	3	893737	0	2	2001	3	0	1920	other	0
yc21	39	Sound	63	905709	0	1			0		hit	63
yc21	39	Response	252	911050	5341	2
yc21	40	Picture	202	940733	0	1	2000	2	0	1920	other	0
yc21	41	Sound	62	952732	0	1			0		hit	66
yc21	41	Response	251	957966	5234	1
yc21	42	Picture	2	988061	0	2	2000	4	0	1920	other	0
yc21	43	Sound	62	1000055	0	1			0		hit	69
yc21	43	Response	251	1004260	4205	2
yc21	44	Picture	4	1035723	0	1	2000	2	0	1920	other	0
yc21	45	Sound	64	1047706	0	1			0		hit	72
yc21	45	Response	252	1053837	6131	1
yc21	46	Picture	3	1082551	0	2	2000	4	0	1920	other	0
yc21	47	Sound	63	1094550	0	1			0		hit	75
yc21	47	Response	252	1099705	5155	1
yc21	48	Picture	204	1130380	0	1	1999	3	0	1920	other	0
yc21	49	Sound	64	1142351	0	1			0		hit	78
yc21	49	Response	252	1147101	4750	1
yc21	50	Picture	13	1178375	0	1	2000	2	0	1920	other	0
yc21	50	Sound	51	1181375	3000	1			3000		other	0
yc21	51	Sound	63	1190362	0	1			0		hit	82
yc21	51	Response	252	1195096	4734	1
yc21	52	Picture	3	1224537	0	1	1999	3	0	1920	other	0
yc21	53	Sound	63	1236517	0	1			0		hit	85
yc21	53	Response	252	1241562	5045	1
yc21	54	Picture	204	1272198	0	2	2000	3	0	1920	other	0
yc21	55	Sound	64	1284198	0	1			0		hit	88
yc21	55	Response	252	1289475	5277	1
yc21	56	Picture	1	1319360	0	2	2000	3	0	1920	other	0
yc21	57	Sound	61	1331341	0	1			0		hit	91
yc21	57	Response	251	1336333	4992	1
yc21	58	Picture	1	1366355	0	1	2000	2	0	1920	other	0
yc21	59	Sound	61	1378334	0	1			0		hit	94
yc21	59	Response	251	1382861	4527	1
yc21	60	Picture	103	1413184	0	1	1999	3	0	1920	other	0
yc21	61	Sound	63	1425178	0	1			0		hit	97
yc21	61	Response	252	1431061	5883	2
yc21	62	Picture	2	1460178	0	2	2000	4	0	1920	other	0
yc21	63	Sound	62	1472171	0	1			0		hit	100
yc21	63	Response	251	1478412	6241	1
yc21	64	Picture	103	1507674	0	1	1999	3	0	1920	other	0
yc21	65	Sound	63	1519673	0	1			0		hit	103
yc21	65	Response	252	1525610	5937	2
yc21	66	Picture	4	1554002	0	2	2000	3	0	1920	other	0
yc21	67	Sound	64	1565977	0	2			0		hit	106
yc21	67	Response	252	1571824	5847	1
yc21	68	Picture	113	1601164	0	1	2000	2	0	1920	other	0
yc21	68	Sound	51	1606283	5119	2			5120		other	0
yc21	69	Sound	63	1613150	0	1			0		hit	110
yc21	69	Response	252	1617962	4812	2
yc21	70	Picture	103	1647326	0	1	1999	3	0	1920	other	0
yc21	71	Sound	63	1659305	0	1			0		hit	113
yc21	71	Response	252	1664513	5208	1
yc21	72	Picture	204	1694154	0	2	2000	4	0	1920	other	0
yc21	73	Sound	64	1706149	0	1			0		hit	116
yc21	73	Response	252	1710960	4811	1
yc21	74	Picture	202	1741316	0	1	2000	2	0	1920	other	0
yc21	75	Sound	62	1753291	0	2			0		hit	119
yc21	75	Response	251	1758661	5370	2
yc21	76	Picture	224	1788811	0	1	2000	2	0	1920	other	0
yc21	76	Sound	52	1795100	6289	2			6290		other	0
yc21	77	Sound	64	1800793	0	1			0		hit	123
yc21	77	Response	252	1806613	5820	1
yc21	78	Picture	1	1835639	0	2	2000	3	0	1920	other	0
yc21	79	Sound	61	1847637	0	1			0		hit	126
yc21	79	Response	251	1851783	4146	1
yc21	80	Picture	23	1882301	0	2	2000	3	0	1920	other	0
yc21	80	Sound	52	1890250	7949	2			7950		other	0
yc21	81	Sound	63	1894301	0	1			0		hit	130
yc21	81	Response	252	1900783	6482	1
yc21	82	Picture	103	1929130	0	1	1999	3	0	1920	other	0
yc21	83	Sound	63	1941114	0	1			0		hit	133
yc21	83	Response	252	1946189	5075	2
yc21	84	Picture	212	1976125	0	1	1999	3	0	1920	other	0
yc21	84	Sound	51	1981104	4979	2			4980		other	0
yc21	85	Sound	62	1988107	0	2			0		hit	137
yc21	85	Response	251	1994549	6442	1
yc21	86	Picture	204	2023953	0	1	2000	2	0	1920	other	0
yc21	87	Sound	64	2035938	0	2			0		hit	140
yc21	87	Response	252	2046420	10482	1
yc21	88	Picture	101	2071615	0	1	2000	2	0	1920	other	0
yc21	89	Sound	61	2083590	0	1			0		hit	143
yc21	89	Response	251	2089121	5531	1
yc21	90	Picture	101	2119443	0	1	2000	2	0	1920	other	0
yc21	91	Sound	61	2131421	0	2			0		hit	146
yc21	91	Response	251	2135880	4459	2
yc21	92	Picture	4	2167438	0	1	2000	2	0	1920	other	0
yc21	93	Sound	64	2179432	0	1			0		hit	149
yc21	93	Response	252	2183662	4230	1
yc21	94	Picture	202	2215266	0	2	2000	4	0	1920	other	0
yc21	95	Sound	62	2227263	0	2			0		hit	152
yc21	95	Response	251	2232856	5593	1
yc21	96	Picture	222	2262095	0	1	2000	2	0	1920	other	0
yc21	96	Sound	52	2270224	8129	2			8130		other	0
yc21	97	Sound	62	2274077	0	1			0		hit	156
yc21	97	Response	251	2278646	4569	1
yc21	98	Picture	121	2309256	0	2	2000	4	0	1920	other	0
yc21	98	Sound	52	2316995	7739	1			7740		other	0
yc21	99	Sound	61	2321250	0	1			0		hit	160
yc21	99	Response	251	2326281	5031	1
yc21	100	Picture	1	2356418	0	2	2000	3	0	1920	other	0
yc21	101	Sound	61	2368392	0	2			0		hit	163
yc21	101	Response	251	2372953	4561	1
yc21	102	Picture	101	2402580	0	2	2000	3	0	1920	other	0
yc21	103	Sound	61	2414577	0	2			0		hit	166
yc21	103	Response	251	2419149	4572	1
yc21	104	Picture	2	2450575	0	1	2000	2	0	1920	other	0
yc21	105	Sound	62	2462558	0	1			0		hit	169
yc21	105	Response	251	2467096	4538	2
yc21	106	Picture	202	2497570	0	1	2000	2	0	1920	other	0
yc21	107	Sound	62	2509551	0	2			0		hit	172
yc21	107	Response	251	2513675	4124	1
yc21	108	Picture	14	2544232	0	1	2000	2	0	1920	other	0
yc21	108	Sound	51	2547951	3719	1			3720		other	0
yc21	109	Sound	64	2556215	0	2			0		hit	176
yc21	109	Response	252	2562919	6704	2
yc21	110	Picture	202	2590394	0	1	2000	2	0	1920	other	0
yc21	111	Sound	62	2602370	0	2			0		hit	179
yc21	111	Response	251	2606442	4072	2
yc21	112	Picture	3	2637055	0	2	2000	4	0	1920	other	0
yc21	113	Sound	63	2649034	0	1			0		hit	182
yc21	113	Response	252	2655366	6332	1
yc21	114	Picture	2	2684051	0	1	1999	3	0	1920	other	0
yc21	115	Sound	62	2696027	0	1			0		hit	185
yc21	115	Response	251	2700483	4456	1
yc21	116	Picture	103	2730546	0	1	1999	3	0	1920	other	0
yc21	117	Sound	63	2742542	0	1			0		hit	188
yc21	117	Response	252	2749857	7315	2
yc21	118	Picture	214	2778541	0	1	1999	3	0	1920	other	0
yc21	118	Sound	51	2781940	3399	1			3400		other	0
yc21	119	Sound	64	2790522	0	2			0		hit	192
yc21	119	Response	252	2794719	4197	1
yc21	120	Picture	101	2824869	0	2	2000	3	0	1920	other	0
yc21	121	Sound	61	2836857	0	1			0		hit	195
yc21	121	Response	251	2842543	5686	1
yc21	122	Picture	12	2872698	0	1	1999	3	0	1920	other	0
yc21	122	Sound	51	2875977	3279	1			3280		other	0
yc21	123	Sound	62	2884688	0	1			0		hit	199
yc21	123	Response	251	2889171	4483	1
yc21	124	Picture	21	2919026	0	1	2000	2	0	1920	other	0
yc21	124	Sound	52	2927205	8179	2			8180		other	0
yc21	125	Sound	61	2931023	0	1			0		hit	203
yc21	125	Response	251	2936081	5058	1
yc21	126	Picture	4	2965854	0	2	2000	4	0	1920	other	0
yc21	127	Sound	64	2977836	0	2			0		hit	206
yc21	127	Response	252	2983082	5246	1
yc21	128	Picture	204	3013683	0	1	1999	3	0	1920	other	0
yc21	129	Sound	64	3025667	0	2			0		hit	209
yc21	129	Response	252	3031008	5341	1
yc21	130	Picture	3	3060344	0	2	2000	4	0	1920	other	0
yc21	131	Sound	63	3072331	0	2			0		hit	212
yc21	131	Response	252	3077204	4873	2
yc21	132	Picture	202	3107006	0	2	2000	3	0	1920	other	0
yc21	133	Sound	62	3118995	0	1			0		hit	215
yc21	133	Response	251	3124812	5817	2
yc21	134	Response	253	3255562	101561	1


Event Type	Code	Type	Response	RT	RT Uncertainty	Time	Uncertainty	Duration	Uncertainty	ReqTime	ReqDur

Picture	10	other				10997	1	20164	3	0	20000
Picture	10	other				31328	2	40162	4	0	40000
Picture	10	other				71657	2	40163	3	0	40000
Nothing	91	other				111822	1			0
Picture	2	other				141983	1	2000	2	0	1920
Sound	62	hit	1	6893	3	153969	1			0
Picture	101	other				188978	2	2000	4	0	1920
Sound	61	hit	1	4772	2	200962	1			0
Picture	123	other				235473	2	2000	4	0	1920
Sound	52	other				242532	1			7060
Sound	63	incorrect	1	4694	2	247446	1			0
Picture	101	other				281635	2	2000	3	0	1920
Sound	61	hit	1	5898	3	293631	1			0
Picture	103	other				328964	1	1999	3	0	1920
Sound	63	hit	2	5545	3	340954	1			0
Picture	4	other				376792	1	2000	2	0	1920
Sound	64	hit	2	5108	2	388785	1			0
Picture	11	other				423954	1	1999	3	0	1920
Sound	51	other				426663	1			2710
Sound	61	hit	1	5410	3	435928	1			0
Picture	22	other				470282	2	2000	3	0	1920
Sound	52	other				477841	2			7560
Sound	62	hit	1	5687	2	482262	1			0
Picture	1	other				518110	2	2000	4	0	1920
Sound	61	hit	1	5171	3	530093	2			0
Picture	2	other				564772	2	2000	3	0	1920
Sound	62	hit	1	5036	3	576757	1			0
Picture	204	other				611101	1	1999	3	0	1920
Sound	64	hit	2	5197	2	623092	1			0
Picture	4	other				658262	2	2000	4	0	1920
Sound	64	hit	2	5617	2	670235	1			0
Picture	111	other				706257	2	2000	4	0	1920
Sound	51	other				709776	1			3520
Sound	61	hit	1	3950	3	718245	2			0
Picture	3	other				753086	1	2000	2	0	1920
Sound	63	hit	2	6551	2	765059	1			0
Picture	24	other				799581	2	2000	3	0	1920
Sound	52	other				806880	2			7300
Sound	64	hit	2	6741	3	811573	1			0
Picture	1	other				846243	1	1999	3	0	1920
Sound	61	hit	1	4588	3	858237	1			0
Picture	3	other				893737	2	2001	3	0	1920
Sound	63	hit	2	5341	3	905709	1			0
Picture	202	other				940733	1	2000	2	0	1920
Sound	62	hit	1	5234	2	952732	1			0
Picture	2	other				988061	2	2000	4	0	1920
Sound	62	hit	1	4205	3	1000055	1			0
Picture	4	other				1035723	1	2000	2	0	1920
Sound	64	hit	2	6131	2	1047706	1			0
Picture	3	other				1082551	2	2000	4	0	1920
Sound	63	hit	2	5155	2	1094550	1			0
Picture	204	other				1130380	1	1999	3	0	1920
Sound	64	hit	2	4750	2	1142351	1			0
Picture	13	other				1178375	1	2000	2	0	1920
Sound	51	other				1181375	1			3000
Sound	63	hit	2	4734	2	1190362	1			0
Picture	3	other				1224537	1	1999	3	0	1920
Sound	63	hit	2	5045	2	1236517	1			0
Picture	204	other				1272198	2	2000	3	0	1920
Sound	64	hit	2	5277	2	1284198	1			0
Picture	1	other				1319360	2	2000	3	0	1920
Sound	61	hit	1	4992	2	1331341	1			0
Picture	1	other				1366355	1	2000	2	0	1920
Sound	61	hit	1	4527	2	1378334	1			0
Picture	103	other				1413184	1	1999	3	0	1920
Sound	63	hit	2	5883	3	1425178	1			0
Picture	2	other				1460178	2	2000	4	0	1920
Sound	62	hit	1	6241	2	1472171	1			0
Picture	103	other				1507674	1	1999	3	0	1920
Sound	63	hit	2	5937	3	1519673	1			0
Picture	4	other				1554002	2	2000	3	0	1920
Sound	64	hit	2	5847	3	1565977	2			0
Picture	113	other				1601164	1	2000	2	0	1920
Sound	51	other				1606283	2			5120
Sound	63	hit	2	4812	3	1613150	1			0
Picture	103	other				1647326	1	1999	3	0	1920
Sound	63	hit	2	5208	2	1659305	1			0
Picture	204	other				1694154	2	2000	4	0	1920
Sound	64	hit	2	4811	2	1706149	1			0
Picture	202	other				1741316	1	2000	2	0	1920
Sound	62	hit	1	5370	4	1753291	2			0
Picture	224	other				1788811	1	2000	2	0	1920
Sound	52	other				1795100	2			6290
Sound	64	hit	2	5820	2	1800793	1			0
Picture	1	other				1835639	2	2000	3	0	1920
Sound	61	hit	1	4146	2	1847637	1			0
Picture	23	other				1882301	2	2000	3	0	1920
Sound	52	other				1890250	2			7950
Sound	63	hit	2	6482	2	1894301	1			0
Picture	103	other				1929130	1	1999	3	0	1920
Sound	63	hit	2	5075	3	1941114	1			0
Picture	212	other				1976125	1	1999	3	0	1920
Sound	51	other				1981104	2			4980
Sound	62	hit	1	6442	3	1988107	2			0
Picture	204	other				2023953	1	2000	2	0	1920
Sound	64	hit	2	10482	3	2035938	2			0
Picture	101	other				2071615	1	2000	2	0	1920
Sound	61	hit	1	5531	2	2083590	1			0
Picture	101	other				2119443	1	2000	2	0	1920
Sound	61	hit	1	4459	4	2131421	2			0
Picture	4	other				2167438	1	2000	2	0	1920
Sound	64	hit	2	4230	2	2179432	1			0
Picture	202	other				2215266	2	2000	4	0	1920
Sound	62	hit	1	5593	3	2227263	2			0
Picture	222	other				2262095	1	2000	2	0	1920
Sound	52	other				2270224	2			8130
Sound	62	hit	1	4569	2	2274077	1			0
Picture	121	other				2309256	2	2000	4	0	1920
Sound	52	other				2316995	1			7740
Sound	61	hit	1	5031	2	2321250	1			0
Picture	1	other				2356418	2	2000	3	0	1920
Sound	61	hit	1	4561	3	2368392	2			0
Picture	101	other				2402580	2	2000	3	0	1920
Sound	61	hit	1	4572	3	2414577	2			0
Picture	2	other				2450575	1	2000	2	0	1920
Sound	62	hit	1	4538	3	2462558	1			0
Picture	202	other				2497570	1	2000	2	0	1920
Sound	62	hit	1	4124	3	2509551	2			0
Picture	14	other				2544232	1	2000	2	0	1920
Sound	51	other				2547951	1			3720
Sound	64	hit	2	6704	4	2556215	2			0
Picture	202	other				2590394	1	2000	2	0	1920
Sound	62	hit	1	4072	4	2602370	2			0
Picture	3	other				2637055	2	2000	4	0	1920
Sound	63	hit	2	6332	2	2649034	1			0
Picture	2	other				2684051	1	1999	3	0	1920
Sound	62	hit	1	4456	2	2696027	1			0
Picture	103	other				2730546	1	1999	3	0	1920
Sound	63	hit	2	7315	3	2742542	1			0
Picture	214	other				2778541	1	1999	3	0	1920
Sound	51	other				2781940	1			3400
Sound	64	hit	2	4197	3	2790522	2			0
Picture	101	other				2824869	2	2000	3	0	1920
Sound	61	hit	1	5686	2	2836857	1			0
Picture	12	other				2872698	1	1999	3	0	1920
Sound	51	other				2875977	1			3280
Sound	62	hit	1	4483	2	2884688	1			0
Picture	21	other				2919026	1	2000	2	0	1920
Sound	52	other				2927205	2			8180
Sound	61	hit	1	5058	2	2931023	1			0
Picture	4	other				2965854	2	2000	4	0	1920
Sound	64	hit	2	5246	3	2977836	2			0
Picture	204	other				3013683	1	1999	3	0	1920
Sound	64	hit	2	5341	3	3025667	2			0
Picture	3	other				3060344	2	2000	4	0	1920
Sound	63	hit	2	4873	4	3072331	2			0
Picture	202	other				3107006	2	2000	3	0	1920
Sound	62	hit	1	5817	3	3118995	1			0
