Scenario - 17_March_2015
Logfile written - 02/13/2017 15:28:56

Subject	Trial	Event Type	Code	Time	TTime	Uncertainty	Duration	Uncertainty	ReqTime	ReqDur	Stim Type	Pair Index

yc21	1	Response	253	7742	17575	1
yc21	2	Picture	10	7831	0	1	20164	2	0	20000	other	0
yc21	3	Picture	10	28162	0	1	40162	3	0	40000	other	0
yc21	3	Response	251	42991	14829	2
yc21	4	Picture	10	68491	0	2	40162	4	0	40000	other	0
yc21	4	Response	252	81915	13424	1
yc21	5	Nothing	91	108656	0	1			0		other	0
yc21	6	Picture	12	138817	0	1	2000	2	0	1920	other	0
yc21	6	Sound	51	143926	5109	2			5110		other	0
yc21	7	Sound	62	150796	0	1			0		hit	11
yc21	7	Response	251	156289	5493	1
yc21	8	Picture	3	185479	0	1	1999	3	0	1920	other	0
yc21	9	Sound	63	197460	0	1			0		hit	14
yc21	9	Response	252	202488	5028	2
yc21	10	Picture	22	232807	0	1	2000	2	0	1920	other	0
yc21	10	Sound	52	241046	8239	2			8240		other	0
yc21	11	Sound	62	244782	0	1			0		hit	18
yc21	11	Response	251	251459	6677	1
yc21	12	Picture	204	278969	0	1	2000	2	0	1920	other	0
yc21	13	Sound	64	290967	0	1			0		hit	21
yc21	13	Response	252	295775	4808	2
yc21	14	Picture	204	325631	0	1	1999	3	0	1920	other	0
yc21	15	Sound	64	337631	0	1			0		hit	24
yc21	15	Response	252	341934	4303	1
yc21	16	Picture	2	373126	0	1	2000	2	0	1920	other	0
yc21	17	Sound	62	385103	0	1			0		hit	27
yc21	17	Response	251	391420	6317	1
yc21	18	Picture	2	419787	0	2	2000	4	0	1920	other	0
yc21	19	Sound	62	431767	0	1			0		hit	30
yc21	19	Response	251	436452	4685	1
yc21	20	Picture	204	466116	0	2	2000	3	0	1920	other	0
yc21	21	Sound	64	478102	0	1			0		hit	33
yc21	21	Response	252	482356	4254	1
yc21	22	Picture	1	512445	0	1	1999	3	0	1920	other	0
yc21	23	Sound	61	524436	0	1			0		hit	36
yc21	23	Response	251	531220	6784	2
yc21	24	Picture	123	559606	0	2	2000	3	0	1920	other	0
yc21	24	Sound	52	566676	7070	1			7070		other	0
yc21	25	Sound	63	571579	0	1			0		hit	40
yc21	25	Response	252	578132	6553	1
yc21	26	Picture	103	606101	0	2	2000	3	0	1920	other	0
yc21	27	Sound	63	618093	0	1			0		hit	43
yc21	27	Response	252	621548	3455	1
yc21	28	Picture	11	653430	0	1	1999	3	0	1920	other	0
yc21	28	Sound	51	658069	4639	2			4640		other	0
yc21	29	Sound	61	665415	0	2			0		hit	47
yc21	29	Response	251	672088	6673	1
yc21	30	Picture	202	700591	0	2	2000	4	0	1920	other	0
yc21	31	Sound	62	712588	0	1			0		hit	50
yc21	31	Response	251	719701	7113	1
yc21	32	Picture	204	747586	0	2	2000	4	0	1920	other	0
yc21	33	Sound	64	759581	0	2			0		hit	53
yc21	33	Response	252	765120	5539	2
yc21	34	Picture	101	793748	0	2	2000	4	0	1920	other	0
yc21	35	Sound	61	805736	0	2			0		hit	56
yc21	35	Response	251	812395	6659	1
yc21	36	Picture	4	840410	0	2	2000	3	0	1920	other	0
yc21	37	Sound	64	852400	0	1			0		hit	59
yc21	37	Response	252	863735	11335	1
yc21	38	Picture	1	886739	0	1	1999	3	0	1920	other	0
yc21	39	Sound	61	898735	0	1			0		hit	62
yc21	39	Response	251	903722	4987	1
yc21	40	Picture	1	934067	0	2	2000	3	0	1920	other	0
yc21	41	Sound	61	946057	0	1			0		hit	65
yc21	41	Response	251	951131	5074	1
yc21	42	Picture	103	981562	0	2	2000	3	0	1920	other	0
yc21	43	Sound	63	993559	0	1			0		hit	68
yc21	43	Response	252	998704	5145	1
yc21	44	Picture	202	1029057	0	2	2000	3	0	1920	other	0
yc21	45	Sound	62	1041031	0	2			0		hit	71
yc21	45	Response	251	1046382	5351	2
yc21	46	Picture	103	1075386	0	1	1999	3	0	1920	other	0
yc21	47	Sound	63	1087366	0	1			0		hit	74
yc21	47	Response	252	1092913	5547	2
yc21	48	Picture	2	1121714	0	2	2000	3	0	1920	other	0
yc21	49	Sound	62	1133700	0	2			0		hit	77
yc21	49	Response	251	1139575	5875	1
yc21	50	Picture	204	1169709	0	1	2000	2	0	1920	other	0
yc21	51	Sound	64	1181681	0	1			0		hit	80
yc21	51	Response	252	1188732	7051	1
yc21	52	Picture	103	1216371	0	1	2000	2	0	1920	other	0
yc21	53	Sound	63	1228345	0	1			0		hit	83
yc21	53	Response	252	1233839	5494	1
yc21	54	Picture	101	1263533	0	1	1999	3	0	1920	other	0
yc21	55	Sound	61	1275518	0	1			0		hit	86
yc21	55	Response	251	1279262	3744	2
yc21	56	Picture	3	1310528	0	1	1999	3	0	1920	other	0
yc21	57	Sound	63	1322511	0	1			0		hit	89
yc21	57	Response	252	1330707	8196	2
yc21	58	Picture	103	1357523	0	1	2000	2	0	1920	other	0
yc21	59	Sound	63	1369504	0	1			0		hit	92
yc21	59	Response	252	1377248	7744	1
yc21	60	Picture	23	1404185	0	1	1999	3	0	1920	other	0
yc21	60	Sound	52	1410604	6419	1			6420		other	0
yc21	61	Sound	63	1416168	0	1			0		hit	96
yc21	61	Response	252	1422784	6616	2
yc21	62	Picture	24	1452013	0	1	2000	2	0	1920	other	0
yc21	62	Sound	52	1458302	6289	1			6290		other	0
yc21	63	Sound	64	1463999	0	1			0		hit	100
yc21	63	Response	252	1468586	4587	2
yc21	64	Picture	3	1499675	0	1	1999	3	0	1920	other	0
yc21	65	Sound	63	1511651	0	1			0		hit	103
yc21	65	Response	252	1517890	6239	1
yc21	66	Picture	4	1546336	0	2	2000	3	0	1920	other	0
yc21	67	Sound	64	1558315	0	1			0		hit	106
yc21	67	Response	252	1564093	5778	2
yc21	68	Picture	2	1593831	0	2	2000	4	0	1920	other	0
yc21	69	Sound	62	1605817	0	1			0		hit	109
yc21	69	Response	251	1612121	6304	1
yc21	70	Picture	202	1640660	0	1	2000	2	0	1920	other	0
yc21	71	Sound	62	1652660	0	1			0		hit	112
yc21	71	Response	251	1657086	4426	1
yc21	72	Picture	101	1687488	0	2	2000	3	0	1920	other	0
yc21	73	Sound	61	1699474	0	1			0		hit	115
yc21	73	Response	251	1705052	5578	2
yc21	74	Picture	4	1735150	0	1	2000	2	0	1920	other	0
yc21	75	Sound	64	1747125	0	1			0		hit	118
yc21	75	Response	252	1752074	4949	1
yc21	76	Picture	212	1781478	0	2	2000	4	0	1920	other	0
yc21	76	Sound	51	1786107	4629	2			4630		other	0
yc21	77	Sound	62	1793460	0	1			0		hit	122
yc21	77	Response	251	1805504	12044	1
yc21	78	Picture	101	1828307	0	1	2000	2	0	1920	other	0
yc21	79	Sound	61	1840303	0	2			0		hit	125
yc21	79	Response	251	1847199	6896	1
yc21	80	Picture	1	1876302	0	1	2000	2	0	1920	other	0
yc21	81	Sound	61	1888284	0	1			0		hit	128
yc21	81	Response	251	1894095	5811	2
yc21	82	Picture	224	1923297	0	1	2000	2	0	1920	other	0
yc21	82	Sound	52	1929406	6109	2			6110		other	0
yc21	83	Sound	64	1935277	0	2			0		hit	132
yc21	83	Response	252	1939984	4707	1
yc21	84	Picture	13	1970459	0	1	1999	3	0	1920	other	0
yc21	84	Sound	51	1973868	3409	2			3410		other	0
yc21	85	Sound	63	1982450	0	1			0		hit	136
yc21	85	Response	252	1986740	4290	2
yc21	86	Picture	101	2018120	0	2	2000	3	0	1920	other	0
yc21	87	Sound	61	2030102	0	1			0		hit	139
yc21	87	Response	251	2035079	4977	2
yc21	88	Picture	2	2065615	0	2	2000	3	0	1920	other	0
yc21	89	Sound	62	2077604	0	1			0		hit	142
yc21	89	Response	251	2082118	4514	1
yc21	90	Picture	121	2113610	0	2	2000	4	0	1920	other	0
yc21	90	Sound	52	2119269	5659	1			5660		other	0
yc21	91	Sound	61	2125584	0	2			0		hit	146
yc21	91	Response	251	2130396	4812	2
yc21	92	Picture	202	2161272	0	2	1999	4	0	1920	other	0
yc21	93	Sound	62	2173266	0	1			0		hit	149
yc21	93	Response	251	2179590	6324	1
yc21	94	Picture	4	2208434	0	1	1999	3	0	1920	other	0
yc21	95	Sound	64	2220409	0	1			0		hit	152
yc21	95	Response	252	2228371	7962	2
yc21	96	Picture	3	2256262	0	2	2000	3	0	1920	other	0
yc21	97	Sound	63	2268240	0	1			0		hit	155
yc21	97	Response	252	2272880	4640	1
yc21	98	Picture	2	2302424	0	2	2000	3	0	1920	other	0
yc21	99	Sound	62	2314395	0	1			0		hit	158
yc21	99	Response	251	2320587	6192	1
yc21	100	Picture	222	2348919	0	2	2000	3	0	1920	other	0
yc21	100	Sound	52	2357188	8269	2			8270		other	0
yc21	101	Sound	62	2360909	0	1			0		hit	162
yc21	101	Response	251	2366884	5975	1
yc21	102	Picture	101	2395081	0	1	2000	2	0	1920	other	0
yc21	103	Sound	61	2407064	0	2			0		hit	165
yc21	103	Response	251	2412139	5075	1
yc21	104	Picture	103	2441909	0	2	2000	3	0	1920	other	0
yc21	105	Sound	63	2453908	0	1			0		hit	168
yc21	105	Response	252	2466686	12778	1
yc21	106	Picture	111	2489571	0	1	2000	2	0	1920	other	0
yc21	106	Sound	51	2492410	2839	2			2840		other	0
yc21	107	Sound	61	2501559	0	2			0		hit	172
yc21	107	Response	251	2507253	5694	2
yc21	108	Picture	204	2537399	0	2	2000	4	0	1920	other	0
yc21	109	Sound	64	2549391	0	1			0		hit	175
yc21	109	Response	252	2555722	6331	1
yc21	110	Picture	14	2584394	0	2	2000	3	0	1920	other	0
yc21	110	Sound	51	2588893	4499	1			4500		other	0
yc21	111	Sound	64	2596384	0	1			0		hit	179
yc21	111	Response	252	2602000	5616	1
yc21	112	Picture	3	2631390	0	1	1999	3	0	1920	other	0
yc21	113	Sound	63	2643377	0	1			0		hit	182
yc21	113	Response	252	2649233	5856	1
yc21	114	Picture	202	2679051	0	2	2000	3	0	1920	other	0
yc21	115	Sound	62	2691028	0	2			0		hit	185
yc21	115	Response	251	2698049	7021	2
yc21	116	Picture	3	2726546	0	2	2000	3	0	1920	other	0
yc21	117	Sound	63	2738531	0	1			0		hit	188
yc21	117	Response	252	2744028	5497	1
yc21	118	Picture	4	2772875	0	1	1999	3	0	1920	other	0
yc21	119	Sound	64	2784865	0	1			0		hit	191
yc21	119	Response	252	2790662	5797	2
yc21	120	Picture	113	2819370	0	2	1999	4	0	1920	other	0
yc21	120	Sound	51	2824279	4909	1			4910		other	0
yc21	121	Sound	63	2831349	0	2			0		hit	195
yc21	121	Response	252	2837652	6303	1
yc21	122	Picture	1	2867531	0	2	2000	3	0	1920	other	0
yc21	123	Sound	61	2879510	0	1			0		hit	198
yc21	123	Response	251	2884136	4626	1
yc21	124	Picture	21	2915193	0	1	2000	2	0	1920	other	0
yc21	124	Sound	52	2922913	7720	1			7720		other	0
yc21	125	Sound	61	2927191	0	1			0		hit	202
yc21	125	Response	251	2934639	7448	2
yc21	126	Picture	1	2962688	0	2	2000	3	0	1920	other	0
yc21	127	Sound	61	2974663	0	2			0		hit	205
yc21	127	Response	251	2980463	5800	2
yc21	128	Picture	214	3010350	0	1	2000	2	0	1920	other	0
yc21	128	Sound	51	3012889	2539	2			2540		other	0
yc21	129	Sound	64	3022345	0	1			0		hit	209
yc21	129	Response	252	3027569	5224	2
yc21	130	Picture	4	3057512	0	1	1999	3	0	1920	other	0
yc21	131	Sound	64	3069488	0	1			0		hit	212
yc21	131	Response	252	3075204	5716	1
yc21	132	Picture	202	3105673	0	2	2000	3	0	1920	other	0
yc21	133	Sound	62	3117648	0	1			0		hit	215
yc21	133	Response	251	3122992	5344	1
yc21	134	Response	253	3285787	133785	1


Event Type	Code	Type	Response	RT	RT Uncertainty	Time	Uncertainty	Duration	Uncertainty	ReqTime	ReqDur

Picture	10	other				7831	1	20164	2	0	20000
Picture	10	other				28162	1	40162	3	0	40000
Picture	10	other				68491	2	40162	4	0	40000
Nothing	91	other				108656	1			0
Picture	12	other				138817	1	2000	2	0	1920
Sound	51	other				143926	2			5110
Sound	62	hit	1	5493	2	150796	1			0
Picture	3	other				185479	1	1999	3	0	1920
Sound	63	hit	2	5028	3	197460	1			0
Picture	22	other				232807	1	2000	2	0	1920
Sound	52	other				241046	2			8240
Sound	62	hit	1	6677	2	244782	1			0
Picture	204	other				278969	1	2000	2	0	1920
Sound	64	hit	2	4808	3	290967	1			0
Picture	204	other				325631	1	1999	3	0	1920
Sound	64	hit	2	4303	2	337631	1			0
Picture	2	other				373126	1	2000	2	0	1920
Sound	62	hit	1	6317	2	385103	1			0
Picture	2	other				419787	2	2000	4	0	1920
Sound	62	hit	1	4685	2	431767	1			0
Picture	204	other				466116	2	2000	3	0	1920
Sound	64	hit	2	4254	2	478102	1			0
Picture	1	other				512445	1	1999	3	0	1920
Sound	61	hit	1	6784	3	524436	1			0
Picture	123	other				559606	2	2000	3	0	1920
Sound	52	other				566676	1			7070
Sound	63	hit	2	6553	2	571579	1			0
Picture	103	other				606101	2	2000	3	0	1920
Sound	63	hit	2	3455	2	618093	1			0
Picture	11	other				653430	1	1999	3	0	1920
Sound	51	other				658069	2			4640
Sound	61	hit	1	6673	3	665415	2			0
Picture	202	other				700591	2	2000	4	0	1920
Sound	62	hit	1	7113	2	712588	1			0
Picture	204	other				747586	2	2000	4	0	1920
Sound	64	hit	2	5539	4	759581	2			0
Picture	101	other				793748	2	2000	4	0	1920
Sound	61	hit	1	6659	3	805736	2			0
Picture	4	other				840410	2	2000	3	0	1920
Sound	64	hit	2	11335	2	852400	1			0
Picture	1	other				886739	1	1999	3	0	1920
Sound	61	hit	1	4987	2	898735	1			0
Picture	1	other				934067	2	2000	3	0	1920
Sound	61	hit	1	5074	2	946057	1			0
Picture	103	other				981562	2	2000	3	0	1920
Sound	63	hit	2	5145	2	993559	1			0
Picture	202	other				1029057	2	2000	3	0	1920
Sound	62	hit	1	5351	4	1041031	2			0
Picture	103	other				1075386	1	1999	3	0	1920
Sound	63	hit	2	5547	3	1087366	1			0
Picture	2	other				1121714	2	2000	3	0	1920
Sound	62	hit	1	5875	3	1133700	2			0
Picture	204	other				1169709	1	2000	2	0	1920
Sound	64	hit	2	7051	2	1181681	1			0
Picture	103	other				1216371	1	2000	2	0	1920
Sound	63	hit	2	5494	2	1228345	1			0
Picture	101	other				1263533	1	1999	3	0	1920
Sound	61	hit	1	3744	3	1275518	1			0
Picture	3	other				1310528	1	1999	3	0	1920
Sound	63	hit	2	8196	3	1322511	1			0
Picture	103	other				1357523	1	2000	2	0	1920
Sound	63	hit	2	7744	2	1369504	1			0
Picture	23	other				1404185	1	1999	3	0	1920
Sound	52	other				1410604	1			6420
Sound	63	hit	2	6616	3	1416168	1			0
Picture	24	other				1452013	1	2000	2	0	1920
Sound	52	other				1458302	1			6290
Sound	64	hit	2	4587	3	1463999	1			0
Picture	3	other				1499675	1	1999	3	0	1920
Sound	63	hit	2	6239	2	1511651	1			0
Picture	4	other				1546336	2	2000	3	0	1920
Sound	64	hit	2	5778	3	1558315	1			0
Picture	2	other				1593831	2	2000	4	0	1920
Sound	62	hit	1	6304	2	1605817	1			0
Picture	202	other				1640660	1	2000	2	0	1920
Sound	62	hit	1	4426	2	1652660	1			0
Picture	101	other				1687488	2	2000	3	0	1920
Sound	61	hit	1	5578	3	1699474	1			0
Picture	4	other				1735150	1	2000	2	0	1920
Sound	64	hit	2	4949	2	1747125	1			0
Picture	212	other				1781478	2	2000	4	0	1920
Sound	51	other				1786107	2			4630
Sound	62	hit	1	12044	2	1793460	1			0
Picture	101	other				1828307	1	2000	2	0	1920
Sound	61	hit	1	6896	3	1840303	2			0
Picture	1	other				1876302	1	2000	2	0	1920
Sound	61	hit	1	5811	3	1888284	1			0
Picture	224	other				1923297	1	2000	2	0	1920
Sound	52	other				1929406	2			6110
Sound	64	hit	2	4707	3	1935277	2			0
Picture	13	other				1970459	1	1999	3	0	1920
Sound	51	other				1973868	2			3410
Sound	63	hit	2	4290	3	1982450	1			0
Picture	101	other				2018120	2	2000	3	0	1920
Sound	61	hit	1	4977	3	2030102	1			0
Picture	2	other				2065615	2	2000	3	0	1920
Sound	62	hit	1	4514	2	2077604	1			0
Picture	121	other				2113610	2	2000	4	0	1920
Sound	52	other				2119269	1			5660
Sound	61	hit	1	4812	4	2125584	2			0
Picture	202	other				2161272	2	1999	4	0	1920
Sound	62	hit	1	6324	2	2173266	1			0
Picture	4	other				2208434	1	1999	3	0	1920
Sound	64	hit	2	7962	3	2220409	1			0
Picture	3	other				2256262	2	2000	3	0	1920
Sound	63	hit	2	4640	2	2268240	1			0
Picture	2	other				2302424	2	2000	3	0	1920
Sound	62	hit	1	6192	2	2314395	1			0
Picture	222	other				2348919	2	2000	3	0	1920
Sound	52	other				2357188	2			8270
Sound	62	hit	1	5975	2	2360909	1			0
Picture	101	other				2395081	1	2000	2	0	1920
Sound	61	hit	1	5075	3	2407064	2			0
Picture	103	other				2441909	2	2000	3	0	1920
Sound	63	hit	2	12778	2	2453908	1			0
Picture	111	other				2489571	1	2000	2	0	1920
Sound	51	other				2492410	2			2840
Sound	61	hit	1	5694	4	2501559	2			0
Picture	204	other				2537399	2	2000	4	0	1920
Sound	64	hit	2	6331	2	2549391	1			0
Picture	14	other				2584394	2	2000	3	0	1920
Sound	51	other				2588893	1			4500
Sound	64	hit	2	5616	2	2596384	1			0
Picture	3	other				2631390	1	1999	3	0	1920
Sound	63	hit	2	5856	2	2643377	1			0
Picture	202	other				2679051	2	2000	3	0	1920
Sound	62	hit	1	7021	4	2691028	2			0
Picture	3	other				2726546	2	2000	3	0	1920
Sound	63	hit	2	5497	2	2738531	1			0
Picture	4	other				2772875	1	1999	3	0	1920
Sound	64	hit	2	5797	3	2784865	1			0
Picture	113	other				2819370	2	1999	4	0	1920
Sound	51	other				2824279	1			4910
Sound	63	hit	2	6303	3	2831349	2			0
Picture	1	other				2867531	2	2000	3	0	1920
Sound	61	hit	1	4626	2	2879510	1			0
Picture	21	other				2915193	1	2000	2	0	1920
Sound	52	other				2922913	1			7720
Sound	61	hit	1	7448	3	2927191	1			0
Picture	1	other				2962688	2	2000	3	0	1920
Sound	61	hit	1	5800	4	2974663	2			0
Picture	214	other				3010350	1	2000	2	0	1920
Sound	51	other				3012889	2			2540
Sound	64	hit	2	5224	3	3022345	1			0
Picture	4	other				3057512	1	1999	3	0	1920
Sound	64	hit	2	5716	2	3069488	1			0
Picture	202	other				3105673	2	2000	3	0	1920
Sound	62	hit	1	5344	2	3117648	1			0
