Scenario - SeuilAuditif
Logfile written - 02/13/2017 15:01:51

Subject	Trial	Event Type	Code	Time	TTime	Uncertainty	Duration	Uncertainty	ReqTime	ReqDur	Stim Type	Pair Index

yc21	2	Sound	L_tarson_Left_0.7	388	57	1			0		other	0
yc21	3	Sound	L_tarson_Left_0.65	10535	38	1			0		other	0
yc21	4	Sound	L_tarson_Left_0.6	20712	49	1			0		other	0
yc21	5	Sound	L_tarson_Left_0.55	30859	31	1			0		other	0
yc21	6	Sound	L_tarson_Left_0.5	41036	42	1			0		other	0
yc21	7	Sound	L_tarson_Left_0.45	51213	54	1			0		other	0
yc21	8	Sound	L_tarson_Left_0.4	61360	35	1			0		other	0
yc21	9	Sound	L_tarson_Left_0.35	71537	46	1			0		other	0
yc21	10	Sound	L_tarson_Left_0.3	81714	58	1			0		other	0
yc21	11	Sound	L_tarson_Left_0.25	91860	38	2			0		other	0
yc21	12	Sound	L_tarson_Left_0.2	102037	49	1			0		other	0
yc21	12	Response	1	105744	3756	1
yc21	13	Sound	L_tarson-Left-0.15	112184	31	1			0		other	0
yc21	14	Sound	L_tarson_Left_0.15	122361	42	1			0		other	0
yc21	15	Sound	L_tarson_Left_0.2	132538	54	1			0		other	0
yc21	16	Sound	L_tarson_Left_0.25	142685	35	1			0		other	0
yc21	17	Sound	L_tarson_Left_0.3	152862	47	1			0		other	0
yc21	17	Response	1	162834	10019	142
yc21	18	Sound	L_tarson_Left_0.35	163039	58	1			0		other	0
yc21	19	Sound	L_tarson-Left-0.4	173186	39	1			0		other	0
yc21	20	Sound	L_tarson_Left_0.4	183362	50	2			0		other	0
yc21	21	Sound	L_tarson_Left_0.38	193509	31	1			0		other	0
yc21	22	Sound	L_tarson_Left_0.36	203686	42	1			0		other	0
yc21	23	Sound	L_tarson_Left_0.34	213863	54	1			0		other	0
yc21	24	Sound	L_tarson_Left_0.32	224010	35	1			0		other	0
yc21	25	Sound	L_tarson_Left_0.3	234187	47	1			0		other	0
yc21	26	Sound	L_tarson_Left_0.28	244364	59	1			0		other	0
yc21	27	Sound	L_tarson_Left_0.26	254511	40	1			0		other	0
yc21	27	Response	1	256744	2273	2
yc21	28	Sound	L_tarson-Left-0.24	264687	50	2			0		other	0
yc21	29	Sound	L_tarson_Left_0.24	274834	31	2			0		other	0
yc21	30	Sound	L_tarson_Left_0.26	285011	43	1			0		other	0
yc21	31	Sound	L_tarson_Left_0.28	295188	54	1			0		other	0
yc21	32	Sound	L_tarson_Left_0.3	305335	35	1			0		other	0
yc21	32	Response	1	305737	437	1
yc21	33	Sound	L_tarson-Left-0.32	315512	47	1			0		other	0
yc21	34	Sound	L_tarson_Left_0.32	325689	58	1			0		other	0
yc21	35	Sound	L_tarson_Left_0.3	335836	40	1			0		other	0
yc21	36	Sound	L_tarson_Left_0.28	346013	51	1			0		other	0
yc21	37	Sound	L_tarson_Left_0.26	356160	33	1			0		other	0
yc21	38	Sound	L_tarson_Left_0.24	366336	43	2			0		other	0
yc21	38	Response	1	371211	4918	1
yc21	39	Sound	L_tarson-Left-0.22	376513	54	1			0		other	0
yc21	40	Sound	L_tarson_Left_0.22	386660	36	1			0		other	0
yc21	41	Sound	L_tarson_Left_0.24	396837	47	1			0		other	0
yc21	42	Sound	L_tarson_Left_0.26	407014	58	1			0		other	0
yc21	43	Sound	L_tarson_Left_0.28	417161	40	1			0		other	0
yc21	44	Sound	L_tarson_Left_0.3	427338	51	1			0		other	0
yc21	45	Sound	L_tarson_Left_0.32	437484	31	2			0		other	0
yc21	46	Sound	L_tarson_Left_0.34	447661	43	1			0		other	0
yc21	46	Response	1	450140	2522	1
yc21	48	Sound	H_tarson_Left_0.7	467985	36	1			0		other	0
yc21	49	Sound	H_tarson_Left_0.65	478162	47	1			0		other	0
yc21	50	Sound	H_tarson_Left_0.6	488339	58	1			0		other	0
yc21	51	Sound	H_tarson_Left_0.55	498486	40	1			0		other	0
yc21	52	Sound	H_tarson_Left_0.5	508663	51	1			0		other	0
yc21	53	Sound	H_tarson_Left_0.45	518810	33	1			0		other	0
yc21	54	Sound	H_tarson_Left_0.4	528987	44	1			0		other	0
yc21	55	Sound	H_tarson_Left_0.35	539163	54	2			0		other	0
yc21	56	Sound	H_tarson_Left_0.3	549310	36	1			0		other	0
yc21	57	Sound	H_tarson_Left_0.25	559487	47	1			0		other	0
yc21	57	Response	1	562893	3453	1
yc21	58	Sound	H_tarson-Left-0.2	569664	59	1			0		other	0
yc21	59	Sound	H_tarson_Left_0.2	579811	40	1			0		other	0
yc21	60	Sound	H_tarson_Left_0.25	589988	51	1			0		other	0
yc21	61	Sound	H_tarson_Left_0.3	600135	33	1			0		other	0
yc21	62	Sound	H_tarson_Left_0.35	610312	44	1			0		other	0
yc21	62	Response	1	613228	2960	1
yc21	63	Sound	H_tarson-Left-0.4	620488	55	2			0		other	0
yc21	64	Sound	H_tarson_Left_0.4	630635	36	2			0		other	0
yc21	65	Sound	H_tarson_Left_0.38	640812	47	1			0		other	0
yc21	66	Sound	H_tarson_Left_0.36	650989	59	1			0		other	0
yc21	67	Sound	H_tarson_Left_0.34	661136	40	1			0		other	0
yc21	68	Sound	H_tarson_Left_0.32	671313	52	1			0		other	0
yc21	69	Sound	H_tarson_Left_0.3	681460	33	1			0		other	0
yc21	70	Sound	H_tarson_Left_0.28	691637	45	1			0		other	0
yc21	71	Sound	H_tarson_Left_0.26	701813	55	2			0		other	0
yc21	71	Response	1	702406	648	1
yc21	72	Sound	H_tarson-Left-0.24	711960	36	2			0		other	0
yc21	73	Sound	H_tarson_Left_0.24	722137	48	1			0		other	0
yc21	74	Sound	H_tarson_Left_0.26	732314	59	1			0		other	0
yc21	75	Sound	H_tarson_Left_0.28	742461	40	1			0		other	0
yc21	76	Sound	H_tarson_Left_0.3	752638	52	1			0		other	0
yc21	76	Response	1	756522	3936	1
yc21	77	Sound	H_tarson-Left-0.32	762785	33	2			0		other	0
yc21	78	Sound	H_tarson_Left_0.32	772962	45	1			0		other	0
yc21	79	Sound	H_tarson_Left_0.3	783138	55	2			0		other	0
yc21	80	Sound	H_tarson_Left_0.28	793285	36	2			0		other	0
yc21	81	Sound	H_tarson_Left_0.26	803462	48	1			0		other	0
yc21	81	Response	1	812496	9082	1
yc21	82	Sound	H_tarson-Left-0.24	813639	59	1			0		other	0
yc21	83	Sound	H_tarson_Left_0.24	823786	41	1			0		other	0
yc21	84	Sound	H_tarson_Left_0.26	833963	52	1			0		other	0
yc21	85	Sound	H_tarson_Left_0.28	844110	33	1			0		other	0
yc21	85	Response	1	848974	4897	2
yc21	87	Sound	L_tarson_Right_0.7	864464	56	1			0		other	0
yc21	88	Sound	L_tarson_Right_0.65	874610	36	2			0		other	0
yc21	89	Sound	L_tarson_Right_0.6	884787	48	1			0		other	0
yc21	90	Sound	L_tarson_Right_0.55	894934	29	1			0		other	0
yc21	91	Sound	L_tarson_Right_0.5	905111	41	1			0		other	0
yc21	92	Sound	L_tarson_Right_0.45	915288	52	1			0		other	0
yc21	93	Sound	L_tarson_Right_0.4	925435	33	1			0		other	0
yc21	94	Sound	L_tarson_Right_0.35	935612	45	1			0		other	0
yc21	95	Sound	L_tarson_Right_0.3	945789	56	1			0		other	0
yc21	96	Sound	L_tarson_Right_0.25	955936	38	1			0		other	0
yc21	97	Sound	L_tarson_Right_0.2	966113	49	1			0		other	0
yc21	97	Response	1	973224	7160	1
yc21	98	Sound	L_tarson-Right-0.15	976259	29	2			0		other	0
yc21	99	Sound	L_tarson_Right_0.15	986436	41	1			0		other	0
yc21	100	Sound	L_tarson_Right_0.2	996613	52	1			0		other	0
yc21	101	Sound	L_tarson_Right_0.25	1006760	34	1			0		other	0
yc21	102	Sound	L_tarson_Right_0.3	1016937	45	1			0		other	0
yc21	102	Response	1	1021739	4847	1
yc21	103	Sound	L_tarson-Right-0.35	1027114	56	1			0		other	0
yc21	104	Sound	L_tarson_Right_0.35	1037261	38	1			0		other	0
yc21	105	Sound	L_tarson_Right_0.33	1047438	49	1			0		other	0
yc21	106	Sound	L_tarson_Right_0.31	1057584	29	2			0		other	0
yc21	107	Sound	L_tarson_Right_0.29	1067761	41	1			0		other	0
yc21	108	Sound	L_tarson_Right_0.27	1077938	52	1			0		other	0
yc21	109	Sound	L_tarson_Right_0.25	1088085	34	1			0		other	0
yc21	109	Response	1	1095245	7194	1
yc21	110	Sound	L_tarson-Right-0.23	1098262	45	1			0		other	0
yc21	111	Sound	L_tarson_Right_0.23	1108439	56	1			0		other	0
yc21	112	Sound	L_tarson_Right_0.25	1118586	38	1			0		other	0
yc21	113	Sound	L_tarson_Right_0.27	1128763	49	1			0		other	0
yc21	114	Sound	L_tarson_Right_0.29	1138910	31	1			0		other	0
yc21	114	Response	1	1142104	3225	1
yc21	115	Sound	L_tarson-Right-0.31	1149086	41	2			0		other	0
yc21	116	Sound	L_tarson_Right_0.31	1159263	52	1			0		other	0
yc21	117	Sound	L_tarson_Right_0.29	1169410	34	1			0		other	0
yc21	118	Sound	L_tarson_Right_0.27	1179587	45	1			0		other	0
yc21	119	Sound	L_tarson_Right_0.25	1189764	57	1			0		other	0
yc21	120	Sound	L_tarson_Right_0.23	1199911	38	1			0		other	0
yc21	121	Sound	L_tarson_Right_0.21	1210088	49	1			0		other	0
yc21	121	Response	1	1213071	3032	1
yc21	122	Sound	L_tarson-Right-0.19	1220235	31	1			0		other	0
yc21	123	Sound	L_tarson_Right_0.19	1230411	41	2			0		other	0
yc21	124	Sound	L_tarson_Right_0.21	1240588	53	1			0		other	0
yc21	125	Sound	L_tarson_Right_0.23	1250735	34	1			0		other	0
yc21	126	Sound	L_tarson_Right_0.25	1260912	46	1			0		other	0
yc21	126	Response	1	1264376	3510	1
yc21	128	Sound	H_tarson_Right_0.7	1281236	38	1			0		other	0
yc21	129	Sound	H_tarson_Right_0.65	1291413	50	1			0		other	0
yc21	130	Sound	H_tarson_Right_0.6	1301560	31	1			0		other	0
yc21	131	Sound	H_tarson_Right_0.55	1311736	42	2			0		other	0
yc21	132	Sound	H_tarson_Right_0.5	1321913	53	1			0		other	0
yc21	133	Sound	H_tarson_Right_0.45	1332060	34	2			0		other	0
yc21	134	Sound	H_tarson_Right_0.4	1342237	46	1			0		other	0
yc21	135	Sound	H_tarson_Right_0.35	1352414	57	1			0		other	0
yc21	136	Sound	H_tarson_Right_0.3	1362561	38	1			0		other	0
yc21	137	Sound	H_tarson_Right_0.25	1372738	50	1			0		other	0
yc21	138	Sound	H_tarson_Right_0.2	1382885	31	1			0		other	0
yc21	138	Response	1	1387956	5102	1
yc21	139	Sound	H_tarson-Right-0.15	1393062	43	1			0		other	0
yc21	140	Sound	H_tarson_Right_0.15	1403238	53	2			0		other	0
yc21	141	Sound	H_tarson_Right_0.2	1413385	34	1			0		other	0
yc21	142	Sound	H_tarson_Right_0.25	1423562	46	1			0		other	0
yc21	143	Sound	H_tarson_Right_0.3	1433739	57	1			0		other	0
yc21	143	Response	1	1437656	3974	2
yc21	144	Sound	H_tarson-Right-0.35	1443886	38	1			0		other	0
yc21	145	Sound	H_tarson_Right_0.35	1454063	50	1			0		other	0
yc21	146	Sound	H_tarson_Right_0.33	1464210	31	1			0		other	0
yc21	147	Sound	H_tarson_Right_0.31	1474387	43	1			0		other	0
yc21	148	Sound	H_tarson_Right_0.29	1484563	53	2			0		other	0
yc21	149	Sound	H_tarson_Right_0.27	1494710	35	2			0		other	0
yc21	150	Sound	H_tarson_Right_0.25	1504887	46	1			0		other	0
yc21	151	Sound	H_tarson_Right_0.23	1515064	58	1			0		other	0
yc21	151	Response	1	1517021	2015	2
yc21	152	Sound	H_tarson-Right-0.21	1525211	39	1			0		other	0
yc21	153	Sound	H_tarson_Right_0.21	1535388	50	1			0		other	0
yc21	154	Sound	H_tarson_Right_0.23	1545535	31	1			0		other	0
yc21	155	Sound	H_tarson_Right_0.25	1555712	43	1			0		other	0
yc21	155	Response	1	1560402	4733	2
yc21	156	Sound	H_tarson-Right-0.27	1565888	53	2			0		other	0
yc21	157	Sound	H_tarson_Right_0.27	1576035	34	2			0		other	0
yc21	158	Sound	H_tarson_Right_0.25	1586212	46	1			0		other	0
yc21	159	Sound	H_tarson_Right_0.23	1596389	204	1			0		other	0
yc21	160	Sound	H_tarson_Right_0.21	1606386	55	2			0		other	0
yc21	160	Response	1	1610747	4416	1
yc21	161	Sound	H_tarson-Right-0.19	1616533	37	1			0		other	0
yc21	162	Sound	H_tarson_Right_0.19	1626710	48	1			0		other	0
yc21	163	Sound	H_tarson_Right_0.21	1636857	30	1			0		other	0
yc21	164	Sound	H_tarson_Right_0.23	1647034	41	1			0		other	0
yc21	165	Sound	H_tarson_Right_0.25	1657211	52	1			0		other	0
yc21	165	Response	1	1661162	4003	1


Event Type	Code	Type	Response	RT	RT Uncertainty	Time	Uncertainty	Duration	Uncertainty	ReqTime	ReqDur

Sound	L_tarson_Left_0.7	other				388	1			0
Sound	L_tarson_Left_0.65	other				10535	1			0
Sound	L_tarson_Left_0.6	other				20712	1			0
Sound	L_tarson_Left_0.55	other				30859	1			0
Sound	L_tarson_Left_0.5	other				41036	1			0
Sound	L_tarson_Left_0.45	other				51213	1			0
Sound	L_tarson_Left_0.4	other				61360	1			0
Sound	L_tarson_Left_0.35	other				71537	1			0
Sound	L_tarson_Left_0.3	other				81714	1			0
Sound	L_tarson_Left_0.25	other				91860	2			0
Sound	L_tarson_Left_0.2	other				102037	1			0
Sound	L_tarson-Left-0.15	other				112184	1			0
Sound	L_tarson_Left_0.15	other				122361	1			0
Sound	L_tarson_Left_0.2	other				132538	1			0
Sound	L_tarson_Left_0.25	other				142685	1			0
Sound	L_tarson_Left_0.3	other				152862	1			0
Sound	L_tarson_Left_0.35	other				163039	1			0
Sound	L_tarson-Left-0.4	other				173186	1			0
Sound	L_tarson_Left_0.4	other				183362	2			0
Sound	L_tarson_Left_0.38	other				193509	1			0
Sound	L_tarson_Left_0.36	other				203686	1			0
Sound	L_tarson_Left_0.34	other				213863	1			0
Sound	L_tarson_Left_0.32	other				224010	1			0
Sound	L_tarson_Left_0.3	other				234187	1			0
Sound	L_tarson_Left_0.28	other				244364	1			0
Sound	L_tarson_Left_0.26	other				254511	1			0
Sound	L_tarson-Left-0.24	other				264687	2			0
Sound	L_tarson_Left_0.24	other				274834	2			0
Sound	L_tarson_Left_0.26	other				285011	1			0
Sound	L_tarson_Left_0.28	other				295188	1			0
Sound	L_tarson_Left_0.3	other				305335	1			0
Sound	L_tarson-Left-0.32	other				315512	1			0
Sound	L_tarson_Left_0.32	other				325689	1			0
Sound	L_tarson_Left_0.3	other				335836	1			0
Sound	L_tarson_Left_0.28	other				346013	1			0
Sound	L_tarson_Left_0.26	other				356160	1			0
Sound	L_tarson_Left_0.24	other				366336	2			0
Sound	L_tarson-Left-0.22	other				376513	1			0
Sound	L_tarson_Left_0.22	other				386660	1			0
Sound	L_tarson_Left_0.24	other				396837	1			0
Sound	L_tarson_Left_0.26	other				407014	1			0
Sound	L_tarson_Left_0.28	other				417161	1			0
Sound	L_tarson_Left_0.3	other				427338	1			0
Sound	L_tarson_Left_0.32	other				437484	2			0
Sound	L_tarson_Left_0.34	other				447661	1			0
Sound	H_tarson_Left_0.7	other				467985	1			0
Sound	H_tarson_Left_0.65	other				478162	1			0
Sound	H_tarson_Left_0.6	other				488339	1			0
Sound	H_tarson_Left_0.55	other				498486	1			0
Sound	H_tarson_Left_0.5	other				508663	1			0
Sound	H_tarson_Left_0.45	other				518810	1			0
Sound	H_tarson_Left_0.4	other				528987	1			0
Sound	H_tarson_Left_0.35	other				539163	2			0
Sound	H_tarson_Left_0.3	other				549310	1			0
Sound	H_tarson_Left_0.25	other				559487	1			0
Sound	H_tarson-Left-0.2	other				569664	1			0
Sound	H_tarson_Left_0.2	other				579811	1			0
Sound	H_tarson_Left_0.25	other				589988	1			0
Sound	H_tarson_Left_0.3	other				600135	1			0
Sound	H_tarson_Left_0.35	other				610312	1			0
Sound	H_tarson-Left-0.4	other				620488	2			0
Sound	H_tarson_Left_0.4	other				630635	2			0
Sound	H_tarson_Left_0.38	other				640812	1			0
Sound	H_tarson_Left_0.36	other				650989	1			0
Sound	H_tarson_Left_0.34	other				661136	1			0
Sound	H_tarson_Left_0.32	other				671313	1			0
Sound	H_tarson_Left_0.3	other				681460	1			0
Sound	H_tarson_Left_0.28	other				691637	1			0
Sound	H_tarson_Left_0.26	other				701813	2			0
Sound	H_tarson-Left-0.24	other				711960	2			0
Sound	H_tarson_Left_0.24	other				722137	1			0
Sound	H_tarson_Left_0.26	other				732314	1			0
Sound	H_tarson_Left_0.28	other				742461	1			0
Sound	H_tarson_Left_0.3	other				752638	1			0
Sound	H_tarson-Left-0.32	other				762785	2			0
Sound	H_tarson_Left_0.32	other				772962	1			0
Sound	H_tarson_Left_0.3	other				783138	2			0
Sound	H_tarson_Left_0.28	other				793285	2			0
Sound	H_tarson_Left_0.26	other				803462	1			0
Sound	H_tarson-Left-0.24	other				813639	1			0
Sound	H_tarson_Left_0.24	other				823786	1			0
Sound	H_tarson_Left_0.26	other				833963	1			0
Sound	H_tarson_Left_0.28	other				844110	1			0
Sound	L_tarson_Right_0.7	other				864464	1			0
Sound	L_tarson_Right_0.65	other				874610	2			0
Sound	L_tarson_Right_0.6	other				884787	1			0
Sound	L_tarson_Right_0.55	other				894934	1			0
Sound	L_tarson_Right_0.5	other				905111	1			0
Sound	L_tarson_Right_0.45	other				915288	1			0
Sound	L_tarson_Right_0.4	other				925435	1			0
Sound	L_tarson_Right_0.35	other				935612	1			0
Sound	L_tarson_Right_0.3	other				945789	1			0
Sound	L_tarson_Right_0.25	other				955936	1			0
Sound	L_tarson_Right_0.2	other				966113	1			0
Sound	L_tarson-Right-0.15	other				976259	2			0
Sound	L_tarson_Right_0.15	other				986436	1			0
Sound	L_tarson_Right_0.2	other				996613	1			0
Sound	L_tarson_Right_0.25	other				1006760	1			0
Sound	L_tarson_Right_0.3	other				1016937	1			0
Sound	L_tarson-Right-0.35	other				1027114	1			0
Sound	L_tarson_Right_0.35	other				1037261	1			0
Sound	L_tarson_Right_0.33	other				1047438	1			0
Sound	L_tarson_Right_0.31	other				1057584	2			0
Sound	L_tarson_Right_0.29	other				1067761	1			0
Sound	L_tarson_Right_0.27	other				1077938	1			0
Sound	L_tarson_Right_0.25	other				1088085	1			0
Sound	L_tarson-Right-0.23	other				1098262	1			0
Sound	L_tarson_Right_0.23	other				1108439	1			0
Sound	L_tarson_Right_0.25	other				1118586	1			0
Sound	L_tarson_Right_0.27	other				1128763	1			0
Sound	L_tarson_Right_0.29	other				1138910	1			0
Sound	L_tarson-Right-0.31	other				1149086	2			0
Sound	L_tarson_Right_0.31	other				1159263	1			0
Sound	L_tarson_Right_0.29	other				1169410	1			0
Sound	L_tarson_Right_0.27	other				1179587	1			0
Sound	L_tarson_Right_0.25	other				1189764	1			0
Sound	L_tarson_Right_0.23	other				1199911	1			0
Sound	L_tarson_Right_0.21	other				1210088	1			0
Sound	L_tarson-Right-0.19	other				1220235	1			0
Sound	L_tarson_Right_0.19	other				1230411	2			0
Sound	L_tarson_Right_0.21	other				1240588	1			0
Sound	L_tarson_Right_0.23	other				1250735	1			0
Sound	L_tarson_Right_0.25	other				1260912	1			0
Sound	H_tarson_Right_0.7	other				1281236	1			0
Sound	H_tarson_Right_0.65	other				1291413	1			0
Sound	H_tarson_Right_0.6	other				1301560	1			0
Sound	H_tarson_Right_0.55	other				1311736	2			0
Sound	H_tarson_Right_0.5	other				1321913	1			0
Sound	H_tarson_Right_0.45	other				1332060	2			0
Sound	H_tarson_Right_0.4	other				1342237	1			0
Sound	H_tarson_Right_0.35	other				1352414	1			0
Sound	H_tarson_Right_0.3	other				1362561	1			0
Sound	H_tarson_Right_0.25	other				1372738	1			0
Sound	H_tarson_Right_0.2	other				1382885	1			0
Sound	H_tarson-Right-0.15	other				1393062	1			0
Sound	H_tarson_Right_0.15	other				1403238	2			0
Sound	H_tarson_Right_0.2	other				1413385	1			0
Sound	H_tarson_Right_0.25	other				1423562	1			0
Sound	H_tarson_Right_0.3	other				1433739	1			0
Sound	H_tarson-Right-0.35	other				1443886	1			0
Sound	H_tarson_Right_0.35	other				1454063	1			0
Sound	H_tarson_Right_0.33	other				1464210	1			0
Sound	H_tarson_Right_0.31	other				1474387	1			0
Sound	H_tarson_Right_0.29	other				1484563	2			0
Sound	H_tarson_Right_0.27	other				1494710	2			0
Sound	H_tarson_Right_0.25	other				1504887	1			0
Sound	H_tarson_Right_0.23	other				1515064	1			0
Sound	H_tarson-Right-0.21	other				1525211	1			0
Sound	H_tarson_Right_0.21	other				1535388	1			0
Sound	H_tarson_Right_0.23	other				1545535	1			0
Sound	H_tarson_Right_0.25	other				1555712	1			0
Sound	H_tarson-Right-0.27	other				1565888	2			0
Sound	H_tarson_Right_0.27	other				1576035	2			0
Sound	H_tarson_Right_0.25	other				1586212	1			0
Sound	H_tarson_Right_0.23	other				1596389	1			0
Sound	H_tarson_Right_0.21	other				1606386	2			0
Sound	H_tarson-Right-0.19	other				1616533	1			0
Sound	H_tarson_Right_0.19	other				1626710	1			0
Sound	H_tarson_Right_0.21	other				1636857	1			0
Sound	H_tarson_Right_0.23	other				1647034	1			0
Sound	H_tarson_Right_0.25	other				1657211	1			0
