Scenario - 17_March_2015
Logfile written - 02/13/2017 15:35:55

Subject	Trial	Event Type	Code	Time	TTime	Uncertainty	Duration	Uncertainty	ReqTime	ReqDur	Stim Type	Pair Index

yc21	1	Response	253	10442	20276	1
yc21	2	Picture	10	10497	0	1	20164	3	0	20000	other	0
yc21	3	Picture	10	30828	0	2	40162	4	0	40000	other	0
yc21	3	Response	251	46034	15206	1
yc21	4	Picture	10	71157	0	2	40162	4	0	40000	other	0
yc21	4	Response	252	85259	14102	1
yc21	5	Nothing	91	111321	0	1			0		other	0
yc21	6	Picture	103	141483	0	2	2000	3	0	1920	other	0
yc21	7	Sound	63	153460	0	1			0		hit	10
yc21	7	Response	252	158243	4783	1
yc21	8	Picture	202	187812	0	1	1999	3	0	1920	other	0
yc21	9	Sound	62	199795	0	1			0		hit	13
yc21	9	Response	251	204343	4548	2
yc21	10	Picture	204	233973	0	2	2000	4	0	1920	other	0
yc21	11	Sound	64	245950	0	1			0		hit	16
yc21	11	Response	252	251914	5964	2
yc21	12	Picture	111	281802	0	1	1999	3	0	1920	other	0
yc21	12	Sound	51	286141	4339	1			4340		other	0
yc21	13	Sound	61	293781	0	1			0		hit	20
yc21	13	Response	251	300122	6341	1
yc21	14	Picture	222	329630	0	2	2000	3	0	1920	other	0
yc21	14	Sound	52	336429	6799	1			6800		other	0
yc21	15	Sound	62	341612	0	2			0		hit	24
yc21	15	Response	251	346121	4509	2
yc21	16	Picture	3	375959	0	1	1999	3	0	1920	other	0
yc21	17	Sound	63	387947	0	1			0		hit	27
yc21	17	Response	252	394627	6680	1
yc21	18	Picture	103	423120	0	2	2000	4	0	1920	other	0
yc21	19	Sound	63	435120	0	1			0		hit	30
yc21	19	Response	252	438908	3788	1
yc21	20	Picture	202	470282	0	2	2000	3	0	1920	other	0
yc21	21	Sound	62	482262	0	2			0		hit	33
yc21	21	Response	251	487897	5635	2
yc21	22	Picture	3	518110	0	2	2000	4	0	1920	other	0
yc21	23	Sound	63	530094	0	1			0		hit	36
yc21	23	Response	252	536804	6710	1
yc21	24	Picture	1	564605	0	2	2000	4	0	1920	other	0
yc21	25	Sound	61	576578	0	1			0		hit	39
yc21	25	Response	251	580981	4403	2
yc21	26	Picture	23	612267	0	2	2000	3	0	1920	other	0
yc21	26	Sound	52	620306	8039	2			8040		other	0
yc21	27	Sound	63	624260	0	1			0		hit	43
yc21	27	Response	252	634955	10695	1
yc21	28	Picture	12	659429	0	1	2000	2	0	1920	other	0
yc21	28	Sound	51	664038	4609	2			4610		other	0
yc21	29	Sound	62	671402	0	2			0		hit	47
yc21	29	Response	251	677141	5739	1
yc21	30	Picture	4	706591	0	1	2000	2	0	1920	other	0
yc21	31	Sound	64	718575	0	1			0		hit	50
yc21	31	Response	252	725341	6766	2
yc21	32	Picture	1	753419	0	2	2000	3	0	1920	other	0
yc21	33	Sound	61	765419	0	1			0		hit	53
yc21	33	Response	251	771541	6122	1
yc21	34	Picture	2	800914	0	2	2000	3	0	1920	other	0
yc21	35	Sound	62	812891	0	1			0		hit	56
yc21	35	Response	251	820682	7791	2
yc21	36	Picture	202	847909	0	2	2000	3	0	1920	other	0
yc21	37	Sound	62	859884	0	1			0		hit	59
yc21	37	Response	251	865597	5713	2
yc21	38	Picture	11	895738	0	1	1999	3	0	1920	other	0
yc21	38	Sound	51	899887	4149	1			4150		other	0
yc21	39	Sound	61	907715	0	1			0		hit	63
yc21	39	Response	251	913150	5435	1
yc21	40	Picture	1	943566	0	1	2000	2	0	1920	other	0
yc21	41	Sound	61	955546	0	1			0		hit	66
yc21	41	Response	251	960383	4837	2
yc21	42	Picture	2	990728	0	1	1999	3	0	1920	other	0
yc21	43	Sound	62	1002719	0	1			0		hit	69
yc21	43	Response	251	1009131	6412	1
yc21	44	Picture	24	1036890	0	1	1999	3	0	1920	other	0
yc21	44	Sound	52	1043129	6239	2			6240		other	0
yc21	45	Sound	64	1048874	0	1			0		hit	73
yc21	45	Response	252	1056297	7423	1
yc21	46	Picture	14	1083218	0	2	2000	3	0	1920	other	0
yc21	46	Sound	51	1085987	2769	2			2770		other	0
yc21	47	Sound	64	1095208	0	2			0		hit	77
yc21	47	Response	252	1099833	4625	1
yc21	48	Picture	4	1131213	0	1	2000	2	0	1920	other	0
yc21	49	Sound	64	1143189	0	2			0		hit	80
yc21	49	Response	252	1147886	4697	2
yc21	50	Picture	101	1178041	0	2	2000	4	0	1920	other	0
yc21	51	Sound	61	1190033	0	1			0		hit	83
yc21	51	Response	251	1194598	4565	1
yc21	52	Picture	204	1225870	0	1	1999	3	0	1920	other	0
yc21	53	Sound	64	1237864	0	1			0		hit	86
yc21	53	Response	252	1242380	4516	1
yc21	54	Picture	101	1273865	0	1	2000	2	0	1920	other	0
yc21	55	Sound	61	1285845	0	1			0		hit	89
yc21	55	Response	251	1291062	5217	1
yc21	56	Picture	1	1321193	0	2	2000	3	0	1920	other	0
yc21	57	Sound	61	1333167	0	2			0		hit	92
yc21	57	Response	251	1341025	7858	1
yc21	58	Picture	21	1368022	0	1	1999	3	0	1920	other	0
yc21	58	Sound	52	1375721	7699	1			7700		other	0
yc21	59	Sound	61	1380011	0	1			0		hit	96
yc21	59	Response	251	1385147	5136	1
yc21	60	Picture	113	1415850	0	1	2000	2	0	1920	other	0
yc21	60	Sound	51	1418440	2590	1			2590		other	0
yc21	61	Sound	63	1427842	0	1			0		hit	100
yc21	61	Response	252	1431927	4085	2
yc21	62	Picture	103	1462512	0	1	2000	2	0	1920	other	0
yc21	63	Sound	63	1474506	0	1			0		hit	103
yc21	63	Response	252	1481384	6878	1
yc21	64	Picture	204	1509507	0	1	1999	3	0	1920	other	0
yc21	65	Sound	64	1521499	0	1			0		hit	106
yc21	65	Response	252	1526501	5002	1
yc21	66	Picture	202	1556335	0	2	2000	3	0	1920	other	0
yc21	67	Sound	62	1568312	0	2			0		hit	109
yc21	67	Response	251	1575274	6962	1
yc21	68	Picture	4	1604163	0	2	2000	4	0	1920	other	0
yc21	69	Sound	64	1616144	0	1			0		hit	112
yc21	69	Response	252	1624047	7903	2
yc21	70	Picture	103	1652158	0	2	2000	4	0	1920	other	0
yc21	71	Sound	63	1664155	0	1			0		hit	115
yc21	71	Response	252	1673204	9049	1
yc21	72	Picture	4	1700320	0	2	2000	3	0	1920	other	0
yc21	73	Sound	64	1712315	0	1			0		hit	118
yc21	73	Response	252	1717879	5564	1
yc21	74	Picture	13	1747482	0	1	2000	2	0	1920	other	0
yc21	74	Sound	51	1752821	5339	2			5340		other	0
yc21	75	Sound	63	1759458	0	1			0		hit	122
yc21	75	Response	252	1764506	5048	1
yc21	76	Picture	123	1795310	0	2	2000	3	0	1920	other	0
yc21	76	Sound	52	1802789	7479	1			7480		other	0
yc21	77	Sound	63	1807289	0	1			0		hit	126
yc21	77	Response	252	1812955	5666	1
yc21	78	Picture	204	1841639	0	1	1999	3	0	1920	other	0
yc21	79	Sound	64	1853624	0	1			0		hit	129
yc21	79	Response	252	1860429	6805	2
yc21	80	Picture	22	1888300	0	2	2000	4	0	1920	other	0
yc21	80	Sound	52	1895309	7009	1			7010		other	0
yc21	81	Sound	62	1900288	0	1			0		hit	133
yc21	81	Response	251	1907272	6984	2
yc21	82	Picture	3	1935462	0	2	2000	3	0	1920	other	0
yc21	83	Sound	63	1947460	0	1			0		hit	136
yc21	83	Response	252	1953647	6187	1
yc21	84	Picture	3	1983457	0	2	2000	3	0	1920	other	0
yc21	85	Sound	63	1995441	0	1			0		hit	139
yc21	85	Response	252	2000977	5536	1
yc21	86	Picture	103	2031119	0	1	2000	2	0	1920	other	0
yc21	87	Sound	63	2043093	0	1			0		hit	142
yc21	87	Response	252	2048999	5906	2
yc21	88	Picture	4	2078114	0	2	2000	3	0	1920	other	0
yc21	89	Sound	64	2090086	0	1			0		hit	145
yc21	89	Response	252	2094692	4606	1
yc21	90	Picture	2	2124442	0	2	2000	3	0	1920	other	0
yc21	91	Sound	62	2136420	0	2			0		hit	148
yc21	91	Response	251	2140453	4033	1
yc21	92	Picture	202	2171604	0	2	2000	3	0	1920	other	0
yc21	93	Sound	62	2183593	0	1			0		hit	151
yc21	93	Response	251	2189892	6299	2
yc21	94	Picture	121	2218099	0	2	2000	4	0	1920	other	0
yc21	94	Sound	52	2223828	5729	1			5730		other	0
yc21	95	Sound	61	2230077	0	2			0		hit	155
yc21	95	Response	251	2235218	5141	1
yc21	96	Picture	101	2265761	0	1	2000	2	0	1920	other	0
yc21	97	Sound	61	2277759	0	1			0		hit	158
yc21	97	Response	251	2283125	5366	1
yc21	98	Picture	2	2312756	0	2	2000	3	0	1920	other	0
yc21	99	Sound	62	2324752	0	1			0		hit	161
yc21	99	Response	251	2329750	4998	1
yc21	100	Picture	212	2360918	0	1	1999	3	0	1920	other	0
yc21	100	Sound	51	2365947	5029	1			5030		other	0
yc21	101	Sound	62	2372913	0	1			0		hit	165
yc21	101	Response	251	2377833	4920	2
yc21	102	Picture	2	2407246	0	2	2000	3	0	1920	other	0
yc21	103	Sound	62	2419217	0	1			0		hit	168
yc21	103	Response	251	2424541	5324	2
yc21	104	Picture	4	2454241	0	2	2000	3	0	1920	other	0
yc21	105	Sound	64	2466240	0	2			0		hit	171
yc21	105	Response	252	2472529	6289	1
yc21	106	Picture	224	2502403	0	1	2000	2	0	1920	other	0
yc21	106	Sound	52	2508832	6429	2			6430		other	0
yc21	107	Sound	64	2514401	0	1			0		hit	175
yc21	107	Response	252	2520430	6029	1
yc21	108	Picture	2	2548898	0	2	2000	3	0	1920	other	0
yc21	109	Sound	62	2560885	0	1			0		hit	178
yc21	109	Response	251	2565104	4219	2
yc21	110	Picture	204	2596226	0	2	2000	4	0	1920	other	0
yc21	111	Sound	64	2608207	0	2			0		hit	181
yc21	111	Response	252	2612663	4456	1
yc21	112	Picture	101	2643721	0	2	2000	4	0	1920	other	0
yc21	113	Sound	61	2655709	0	2			0		hit	184
yc21	113	Response	251	2661102	5393	1
yc21	114	Picture	214	2691550	0	1	2000	2	0	1920	other	0
yc21	114	Sound	51	2694339	2789	1			2790		other	0
yc21	115	Sound	64	2703541	0	1			0		hit	188
yc21	115	Response	252	2708387	4846	1
yc21	116	Picture	202	2738212	0	1	1999	3	0	1920	other	0
yc21	117	Sound	62	2750204	0	2			0		hit	191
yc21	117	Response	251	2754974	4770	1
yc21	118	Picture	3	2785207	0	1	1999	3	0	1920	other	0
yc21	119	Sound	63	2797198	0	1			0		hit	194
yc21	119	Response	252	2803544	6346	1
yc21	120	Picture	1	2832535	0	1	2000	2	0	1920	other	0
yc21	121	Sound	61	2844520	0	1			0		hit	197
yc21	121	Response	251	2849435	4915	2
yc21	122	Picture	1	2879863	0	2	2000	3	0	1920	other	0
yc21	123	Sound	61	2891842	0	2			0		hit	200
yc21	123	Response	251	2897838	5996	1
yc21	124	Picture	3	2927192	0	1	2000	2	0	1920	other	0
yc21	125	Sound	63	2939165	0	1			0		hit	203
yc21	125	Response	252	2945130	5965	2
yc21	126	Picture	204	2973687	0	1	2000	2	0	1920	other	0
yc21	127	Sound	64	2985679	0	1			0		hit	206
yc21	127	Response	252	2990801	5122	1
yc21	128	Picture	101	3019849	0	1	1999	3	0	1920	other	0
yc21	129	Sound	61	3031834	0	1			0		hit	209
yc21	129	Response	251	3038511	6677	1
yc21	130	Picture	103	3066011	0	1	1999	3	0	1920	other	0
yc21	131	Sound	63	3077989	0	1			0		hit	212
yc21	131	Response	252	3084111	6122	1
yc21	132	Picture	101	3114005	0	2	2000	4	0	1920	other	0
yc21	133	Sound	61	3126000	0	1			0		hit	215
yc21	133	Response	251	3130264	4264	1
yc21	134	Response	253	3233608	73107	2


Event Type	Code	Type	Response	RT	RT Uncertainty	Time	Uncertainty	Duration	Uncertainty	ReqTime	ReqDur

Picture	10	other				10497	1	20164	3	0	20000
Picture	10	other				30828	2	40162	4	0	40000
Picture	10	other				71157	2	40162	4	0	40000
Nothing	91	other				111321	1			0
Picture	103	other				141483	2	2000	3	0	1920
Sound	63	hit	2	4783	2	153460	1			0
Picture	202	other				187812	1	1999	3	0	1920
Sound	62	hit	1	4548	3	199795	1			0
Picture	204	other				233973	2	2000	4	0	1920
Sound	64	hit	2	5964	3	245950	1			0
Picture	111	other				281802	1	1999	3	0	1920
Sound	51	other				286141	1			4340
Sound	61	hit	1	6341	2	293781	1			0
Picture	222	other				329630	2	2000	3	0	1920
Sound	52	other				336429	1			6800
Sound	62	hit	1	4509	4	341612	2			0
Picture	3	other				375959	1	1999	3	0	1920
Sound	63	hit	2	6680	2	387947	1			0
Picture	103	other				423120	2	2000	4	0	1920
Sound	63	hit	2	3788	2	435120	1			0
Picture	202	other				470282	2	2000	3	0	1920
Sound	62	hit	1	5635	4	482262	2			0
Picture	3	other				518110	2	2000	4	0	1920
Sound	63	hit	2	6710	2	530094	1			0
Picture	1	other				564605	2	2000	4	0	1920
Sound	61	hit	1	4403	3	576578	1			0
Picture	23	other				612267	2	2000	3	0	1920
Sound	52	other				620306	2			8040
Sound	63	hit	2	10695	2	624260	1			0
Picture	12	other				659429	1	2000	2	0	1920
Sound	51	other				664038	2			4610
Sound	62	hit	1	5739	3	671402	2			0
Picture	4	other				706591	1	2000	2	0	1920
Sound	64	hit	2	6766	3	718575	1			0
Picture	1	other				753419	2	2000	3	0	1920
Sound	61	hit	1	6122	2	765419	1			0
Picture	2	other				800914	2	2000	3	0	1920
Sound	62	hit	1	7791	3	812891	1			0
Picture	202	other				847909	2	2000	3	0	1920
Sound	62	hit	1	5713	3	859884	1			0
Picture	11	other				895738	1	1999	3	0	1920
Sound	51	other				899887	1			4150
Sound	61	hit	1	5435	2	907715	1			0
Picture	1	other				943566	1	2000	2	0	1920
Sound	61	hit	1	4837	3	955546	1			0
Picture	2	other				990728	1	1999	3	0	1920
Sound	62	hit	1	6412	2	1002719	1			0
Picture	24	other				1036890	1	1999	3	0	1920
Sound	52	other				1043129	2			6240
Sound	64	hit	2	7423	2	1048874	1			0
Picture	14	other				1083218	2	2000	3	0	1920
Sound	51	other				1085987	2			2770
Sound	64	hit	2	4625	3	1095208	2			0
Picture	4	other				1131213	1	2000	2	0	1920
Sound	64	hit	2	4697	4	1143189	2			0
Picture	101	other				1178041	2	2000	4	0	1920
Sound	61	hit	1	4565	2	1190033	1			0
Picture	204	other				1225870	1	1999	3	0	1920
Sound	64	hit	2	4516	2	1237864	1			0
Picture	101	other				1273865	1	2000	2	0	1920
Sound	61	hit	1	5217	2	1285845	1			0
Picture	1	other				1321193	2	2000	3	0	1920
Sound	61	hit	1	7858	3	1333167	2			0
Picture	21	other				1368022	1	1999	3	0	1920
Sound	52	other				1375721	1			7700
Sound	61	hit	1	5136	2	1380011	1			0
Picture	113	other				1415850	1	2000	2	0	1920
Sound	51	other				1418440	1			2590
Sound	63	hit	2	4085	3	1427842	1			0
Picture	103	other				1462512	1	2000	2	0	1920
Sound	63	hit	2	6878	2	1474506	1			0
Picture	204	other				1509507	1	1999	3	0	1920
Sound	64	hit	2	5002	2	1521499	1			0
Picture	202	other				1556335	2	2000	3	0	1920
Sound	62	hit	1	6962	3	1568312	2			0
Picture	4	other				1604163	2	2000	4	0	1920
Sound	64	hit	2	7903	3	1616144	1			0
Picture	103	other				1652158	2	2000	4	0	1920
Sound	63	hit	2	9049	2	1664155	1			0
Picture	4	other				1700320	2	2000	3	0	1920
Sound	64	hit	2	5564	2	1712315	1			0
Picture	13	other				1747482	1	2000	2	0	1920
Sound	51	other				1752821	2			5340
Sound	63	hit	2	5048	2	1759458	1			0
Picture	123	other				1795310	2	2000	3	0	1920
Sound	52	other				1802789	1			7480
Sound	63	hit	2	5666	2	1807289	1			0
Picture	204	other				1841639	1	1999	3	0	1920
Sound	64	hit	2	6805	3	1853624	1			0
Picture	22	other				1888300	2	2000	4	0	1920
Sound	52	other				1895309	1			7010
Sound	62	hit	1	6984	3	1900288	1			0
Picture	3	other				1935462	2	2000	3	0	1920
Sound	63	hit	2	6187	2	1947460	1			0
Picture	3	other				1983457	2	2000	3	0	1920
Sound	63	hit	2	5536	2	1995441	1			0
Picture	103	other				2031119	1	2000	2	0	1920
Sound	63	hit	2	5906	3	2043093	1			0
Picture	4	other				2078114	2	2000	3	0	1920
Sound	64	hit	2	4606	2	2090086	1			0
Picture	2	other				2124442	2	2000	3	0	1920
Sound	62	hit	1	4033	3	2136420	2			0
Picture	202	other				2171604	2	2000	3	0	1920
Sound	62	hit	1	6299	3	2183593	1			0
Picture	121	other				2218099	2	2000	4	0	1920
Sound	52	other				2223828	1			5730
Sound	61	hit	1	5141	3	2230077	2			0
Picture	101	other				2265761	1	2000	2	0	1920
Sound	61	hit	1	5366	2	2277759	1			0
Picture	2	other				2312756	2	2000	3	0	1920
Sound	62	hit	1	4998	2	2324752	1			0
Picture	212	other				2360918	1	1999	3	0	1920
Sound	51	other				2365947	1			5030
Sound	62	hit	1	4920	3	2372913	1			0
Picture	2	other				2407246	2	2000	3	0	1920
Sound	62	hit	1	5324	3	2419217	1			0
Picture	4	other				2454241	2	2000	3	0	1920
Sound	64	hit	2	6289	3	2466240	2			0
Picture	224	other				2502403	1	2000	2	0	1920
Sound	52	other				2508832	2			6430
Sound	64	hit	2	6029	2	2514401	1			0
Picture	2	other				2548898	2	2000	3	0	1920
Sound	62	hit	1	4219	3	2560885	1			0
Picture	204	other				2596226	2	2000	4	0	1920
Sound	64	hit	2	4456	3	2608207	2			0
Picture	101	other				2643721	2	2000	4	0	1920
Sound	61	hit	1	5393	3	2655709	2			0
Picture	214	other				2691550	1	2000	2	0	1920
Sound	51	other				2694339	1			2790
Sound	64	hit	2	4846	2	2703541	1			0
Picture	202	other				2738212	1	1999	3	0	1920
Sound	62	hit	1	4770	3	2750204	2			0
Picture	3	other				2785207	1	1999	3	0	1920
Sound	63	hit	2	6346	2	2797198	1			0
Picture	1	other				2832535	1	2000	2	0	1920
Sound	61	hit	1	4915	3	2844520	1			0
Picture	1	other				2879863	2	2000	3	0	1920
Sound	61	hit	1	5996	3	2891842	2			0
Picture	3	other				2927192	1	2000	2	0	1920
Sound	63	hit	2	5965	3	2939165	1			0
Picture	204	other				2973687	1	2000	2	0	1920
Sound	64	hit	2	5122	2	2985679	1			0
Picture	101	other				3019849	1	1999	3	0	1920
Sound	61	hit	1	6677	2	3031834	1			0
Picture	103	other				3066011	1	1999	3	0	1920
Sound	63	hit	2	6122	2	3077989	1			0
Picture	101	other				3114005	2	2000	4	0	1920
Sound	61	hit	1	4264	2	3126000	1			0
