Scenario - SeuilAuditif
Logfile written - 06/06/2017 09:56:07

Subject	Trial	Event Type	Code	Time	TTime	Uncertainty	Duration	Uncertainty	ReqTime	ReqDur	Stim Type	Pair Index

comra	2	Sound	L_tarson_Left_0.7	388	57	1			0		other	0
comra	3	Sound	L_tarson_Left_0.65	10535	38	1			0		other	0
comra	4	Sound	L_tarson_Left_0.6	20712	50	1			0		other	0
comra	5	Sound	L_tarson_Left_0.55	30859	31	1			0		other	0
comra	6	Sound	L_tarson_Left_0.5	41036	42	1			0		other	0
comra	7	Sound	L_tarson_Left_0.45	51213	54	1			0		other	0
comra	7	Response	1	58302	7143	1
comra	8	Sound	L_tarson-Left-0.4	61360	36	1			0		other	0
comra	9	Sound	L_tarson_Left_0.4	71536	46	1			0		other	0
comra	10	Sound	L_tarson_Left_0.45	81713	57	1			0		other	0
comra	11	Sound	L_tarson_Left_0.5	91860	38	1			0		other	0
comra	12	Sound	L_tarson_Left_0.55	102037	50	1			0		other	0
comra	13	Sound	L_tarson_Left_0.6	112184	31	1			0		other	0
comra	13	Response	1	116932	4779	1
comra	14	Sound	L_tarson-Left-0.65	122361	42	1			0		other	0
comra	15	Sound	L_tarson_Left_0.65	132537	53	2			0		other	0
comra	16	Sound	L_tarson_Left_0.63	142684	34	2			0		other	0
comra	17	Sound	L_tarson_Left_0.61	152861	45	1			0		other	0
comra	18	Sound	L_tarson_Left_0.59	163038	57	1			0		other	0
comra	19	Sound	L_tarson_Left_0.57	173185	38	1			0		other	0
comra	20	Sound	L_tarson_Left_0.55	183362	50	1			0		other	0
comra	21	Sound	L_tarson_Left_0.53	193509	31	1			0		other	0
comra	22	Sound	L_tarson_Left_0.51	203686	42	1			0		other	0
comra	23	Sound	L_tarson_Left_0.49	213862	53	2			0		other	0
comra	24	Sound	L_tarson_Left_0.47	224009	34	2			0		other	0
comra	24	Response	1	225808	1833	1
comra	25	Sound	L_tarson-Left-0.45	234186	45	1			0		other	0
comra	26	Sound	L_tarson_Left_0.45	244363	58	1			0		other	0
comra	27	Sound	L_tarson_Left_0.47	254510	38	1			0		other	0
comra	27	Response	1	257404	2932	1
comra	28	Sound	L_tarson-Left-0.49	264687	50	1			0		other	0
comra	29	Sound	L_tarson_Left_0.49	274834	31	1			0		other	0
comra	30	Sound	L_tarson_Left_0.47	285010	41	2			0		other	0
comra	31	Sound	L_tarson_Left_0.45	295187	52	1			0		other	0
comra	32	Sound	L_tarson_Left_0.43	305334	34	1			0		other	0
comra	33	Sound	L_tarson_Left_0.41	315511	46	1			0		other	0
comra	33	Response	1	318391	2926	1
comra	34	Sound	L_tarson-Left-0.39	325688	57	1			0		other	0
comra	35	Sound	L_tarson_Left_0.39	335835	38	1			0		other	0
comra	36	Sound	L_tarson_Left_0.41	346012	49	1			0		other	0
comra	37	Sound	L_tarson_Left_0.43	356158	30	2			0		other	0
comra	37	Response	1	363709	7581	1
comra	39	Sound	H_tarson_Left_0.7	376512	52	1			0		other	0
comra	40	Sound	H_tarson_Left_0.65	386659	34	1			0		other	0
comra	41	Sound	H_tarson_Left_0.6	396836	45	1			0		other	0
comra	42	Sound	H_tarson_Left_0.55	407013	57	1			0		other	0
comra	43	Sound	H_tarson_Left_0.5	417160	38	1			0		other	0
comra	44	Sound	H_tarson_Left_0.45	427336	48	2			0		other	0
comra	45	Sound	H_tarson_Left_0.4	437483	30	2			0		other	0
comra	45	Response	1	440776	3323	1
comra	46	Sound	H_tarson-Left-0.35	447660	41	1			0		other	0
comra	47	Sound	H_tarson_Left_0.35	457837	52	1			0		other	0
comra	48	Sound	H_tarson_Left_0.4	467984	34	1			0		other	0
comra	49	Sound	H_tarson_Left_0.45	478161	45	1			0		other	0
comra	49	Response	1	482748	4632	1
comra	50	Sound	H_tarson-Left-0.5	488338	57	1			0		other	0
comra	51	Sound	H_tarson_Left_0.5	498485	38	1			0		other	0
comra	52	Sound	H_tarson_Left_0.48	508661	49	1			0		other	0
comra	53	Sound	H_tarson_Left_0.46	518808	30	1			0		other	0
comra	54	Sound	H_tarson_Left_0.44	528985	41	1			0		other	0
comra	55	Sound	H_tarson_Left_0.42	539162	53	1			0		other	0
comra	56	Sound	H_tarson_Left_0.4	549309	34	1			0		other	0
comra	56	Response	1	552708	3433	1
comra	57	Sound	H_tarson-Left-0.38	559486	45	1			0		other	0
comra	58	Sound	H_tarson_Left_0.38	569662	56	2			0		other	0
comra	59	Sound	H_tarson_Left_0.4	579809	37	2			0		other	0
comra	60	Sound	H_tarson_Left_0.42	589986	48	1			0		other	0
comra	61	Sound	H_tarson_Left_0.44	600133	30	1			0		other	0
comra	61	Response	1	603856	3753	1
comra	62	Sound	H_tarson-Left-0.46	610310	41	1			0		other	0
comra	63	Sound	H_tarson_Left_0.46	620487	52	1			0		other	0
comra	64	Sound	H_tarson_Left_0.44	630634	34	1			0		other	0
comra	65	Sound	H_tarson_Left_0.42	640811	45	1			0		other	0
comra	66	Sound	H_tarson_Left_0.4	650987	56	2			0		other	0
comra	67	Sound	H_tarson_Left_0.38	661134	37	1			0		other	0
comra	67	Response	1	661511	414	1
comra	68	Sound	H_tarson-Left-0.36	671311	48	1			0		other	0
comra	69	Sound	H_tarson_Left_0.36	681458	30	1			0		other	0
comra	70	Sound	H_tarson_Left_0.38	691635	41	1			0		other	0
comra	71	Sound	H_tarson_Left_0.4	701812	52	1			0		other	0
comra	72	Sound	H_tarson_Left_0.42	711959	34	1			0		other	0
comra	72	Response	1	715232	3307	1
comra	74	Sound	L_tarson_Right_0.7	732462	39	1			0		other	0
comra	75	Sound	L_tarson_Right_0.65	742639	50	1			0		other	0
comra	76	Sound	L_tarson_Right_0.6	752786	31	1			0		other	0
comra	77	Sound	L_tarson_Right_0.55	762962	42	2			0		other	0
comra	78	Sound	L_tarson_Right_0.5	773139	53	1			0		other	0
comra	79	Sound	L_tarson_Right_0.45	783286	35	2			0		other	0
comra	80	Sound	L_tarson_Right_0.4	793463	46	1			0		other	0
comra	81	Sound	L_tarson_Right_0.35	803640	57	1			0		other	0
comra	82	Sound	L_tarson_Right_0.3	813787	39	1			0		other	0
comra	83	Sound	L_tarson_Right_0.25	823963	49	2			0		other	0
comra	83	Response	1	825087	1173	1
comra	84	Sound	L_tarson-Right-0.2	834111	31	1			0		other	0
comra	85	Sound	L_tarson_Right_0.2	844287	42	1			0		other	0
comra	86	Sound	L_tarson_Right_0.25	854464	53	1			0		other	0
comra	87	Sound	L_tarson_Right_0.3	864611	35	1			0		other	0
comra	87	Response	1	867196	2620	1
comra	88	Sound	L_tarson-Right-0.35	874788	46	1			0		other	0
comra	89	Sound	L_tarson_Right_0.35	884965	57	1			0		other	0
comra	90	Sound	L_tarson_Right_0.33	895112	39	1			0		other	0
comra	91	Sound	L_tarson_Right_0.31	905288	49	2			0		other	0
comra	92	Sound	L_tarson_Right_0.29	915435	30	1			0		other	0
comra	93	Sound	L_tarson_Right_0.27	925612	42	1			0		other	0
comra	94	Sound	L_tarson_Right_0.25	935789	53	1			0		other	0
comra	94	Response	1	936793	1057	2
comra	95	Sound	L_tarson-Right-0.23	945936	35	1			0		other	0
comra	96	Sound	L_tarson_Right_0.23	956113	46	1			0		other	0
comra	97	Sound	L_tarson_Right_0.25	966290	57	1			0		other	0
comra	97	Response	1	969366	3133	1
comra	98	Sound	L_tarson-Right-0.27	976437	39	1			0		other	0
comra	99	Sound	L_tarson_Right_0.27	986613	49	2			0		other	0
comra	100	Sound	L_tarson_Right_0.25	996760	30	1			0		other	0
comra	101	Sound	L_tarson_Right_0.23	1006937	42	1			0		other	0
comra	102	Sound	L_tarson_Right_0.21	1017114	53	1			0		other	0
comra	102	Response	1	1019785	2724	2
comra	103	Sound	L_tarson-Right-0.19	1027261	35	1			0		other	0
comra	104	Sound	L_tarson_Right_0.19	1037438	46	1			0		other	0
comra	105	Sound	L_tarson_Right_0.21	1047615	57	1			0		other	0
comra	106	Sound	L_tarson_Right_0.23	1057761	38	2			0		other	0
comra	106	Response	1	1062093	4370	1
comra	108	Sound	H_tarson_Right_0.7	1078085	30	1			0		other	0
comra	109	Sound	H_tarson_Right_0.65	1088262	42	1			0		other	0
comra	110	Sound	H_tarson_Right_0.6	1098439	53	1			0		other	0
comra	111	Sound	H_tarson_Right_0.55	1108586	34	1			0		other	0
comra	112	Sound	H_tarson_Right_0.5	1118763	46	1			0		other	0
comra	113	Sound	H_tarson_Right_0.45	1128939	56	2			0		other	0
comra	114	Sound	H_tarson_Right_0.4	1139086	38	1			0		other	0
comra	115	Sound	H_tarson_Right_0.35	1149263	49	1			0		other	0
comra	116	Sound	H_tarson_Right_0.3	1159410	30	1			0		other	0
comra	117	Sound	H_tarson_Right_0.25	1169587	42	1			0		other	0
comra	118	Sound	H_tarson_Right_0.2	1179764	53	1			0		other	0
comra	118	Response	1	1182673	2962	1
comra	119	Sound	H_tarson-Right-0.15	1189911	34	1			0		other	0
comra	120	Sound	H_tarson_Right_0.15	1200087	45	2			0		other	0
comra	121	Sound	H_tarson_Right_0.2	1210264	57	1			0		other	0
comra	122	Sound	H_tarson_Right_0.25	1220411	37	1			0		other	0
comra	122	Response	1	1223487	3113	1
comra	123	Sound	H_tarson-Right-0.3	1230588	49	1			0		other	0
comra	124	Sound	H_tarson_Right_0.3	1240735	30	1			0		other	0
comra	125	Sound	H_tarson_Right_0.28	1250912	42	1			0		other	0
comra	126	Sound	H_tarson_Right_0.26	1261088	52	2			0		other	0
comra	127	Sound	H_tarson_Right_0.24	1271235	33	1			0		other	0
comra	127	Response	1	1273813	2611	2
comra	128	Sound	H_tarson-Right-0.22	1281412	45	1			0		other	0
comra	129	Sound	H_tarson_Right_0.22	1291589	56	1			0		other	0
comra	130	Sound	H_tarson_Right_0.24	1301736	37	1			0		other	0
comra	131	Sound	H_tarson_Right_0.26	1311913	49	1			0		other	0
comra	131	Response	1	1313789	1925	2
comra	132	Sound	H_tarson-Right-0.28	1322060	30	1			0		other	0
comra	133	Sound	H_tarson_Right_0.28	1332236	40	2			0		other	0
comra	134	Sound	H_tarson_Right_0.26	1342413	52	2			0		other	0
comra	135	Sound	H_tarson_Right_0.24	1352560	33	1			0		other	0
comra	136	Sound	H_tarson_Right_0.22	1362737	44	1			0		other	0
comra	136	Response	1	1366286	3593	1
comra	137	Sound	H_tarson-Right-0.2	1372914	56	1			0		other	0
comra	138	Sound	H_tarson_Right_0.2	1383061	37	1			0		other	0
comra	139	Sound	H_tarson_Right_0.22	1393238	49	1			0		other	0
comra	140	Sound	H_tarson_Right_0.24	1403415	60	1			0		other	0
comra	141	Sound	H_tarson_Right_0.26	1413561	41	2			0		other	0
comra	141	Response	1	1414048	528	1


Event Type	Code	Type	Response	RT	RT Uncertainty	Time	Uncertainty	Duration	Uncertainty	ReqTime	ReqDur

Sound	L_tarson_Left_0.7	other				388	1			0
Sound	L_tarson_Left_0.65	other				10535	1			0
Sound	L_tarson_Left_0.6	other				20712	1			0
Sound	L_tarson_Left_0.55	other				30859	1			0
Sound	L_tarson_Left_0.5	other				41036	1			0
Sound	L_tarson_Left_0.45	other				51213	1			0
Sound	L_tarson-Left-0.4	other				61360	1			0
Sound	L_tarson_Left_0.4	other				71536	1			0
Sound	L_tarson_Left_0.45	other				81713	1			0
Sound	L_tarson_Left_0.5	other				91860	1			0
Sound	L_tarson_Left_0.55	other				102037	1			0
Sound	L_tarson_Left_0.6	other				112184	1			0
Sound	L_tarson-Left-0.65	other				122361	1			0
Sound	L_tarson_Left_0.65	other				132537	2			0
Sound	L_tarson_Left_0.63	other				142684	2			0
Sound	L_tarson_Left_0.61	other				152861	1			0
Sound	L_tarson_Left_0.59	other				163038	1			0
Sound	L_tarson_Left_0.57	other				173185	1			0
Sound	L_tarson_Left_0.55	other				183362	1			0
Sound	L_tarson_Left_0.53	other				193509	1			0
Sound	L_tarson_Left_0.51	other				203686	1			0
Sound	L_tarson_Left_0.49	other				213862	2			0
Sound	L_tarson_Left_0.47	other				224009	2			0
Sound	L_tarson-Left-0.45	other				234186	1			0
Sound	L_tarson_Left_0.45	other				244363	1			0
Sound	L_tarson_Left_0.47	other				254510	1			0
Sound	L_tarson-Left-0.49	other				264687	1			0
Sound	L_tarson_Left_0.49	other				274834	1			0
Sound	L_tarson_Left_0.47	other				285010	2			0
Sound	L_tarson_Left_0.45	other				295187	1			0
Sound	L_tarson_Left_0.43	other				305334	1			0
Sound	L_tarson_Left_0.41	other				315511	1			0
Sound	L_tarson-Left-0.39	other				325688	1			0
Sound	L_tarson_Left_0.39	other				335835	1			0
Sound	L_tarson_Left_0.41	other				346012	1			0
Sound	L_tarson_Left_0.43	other				356158	2			0
Sound	H_tarson_Left_0.7	other				376512	1			0
Sound	H_tarson_Left_0.65	other				386659	1			0
Sound	H_tarson_Left_0.6	other				396836	1			0
Sound	H_tarson_Left_0.55	other				407013	1			0
Sound	H_tarson_Left_0.5	other				417160	1			0
Sound	H_tarson_Left_0.45	other				427336	2			0
Sound	H_tarson_Left_0.4	other				437483	2			0
Sound	H_tarson-Left-0.35	other				447660	1			0
Sound	H_tarson_Left_0.35	other				457837	1			0
Sound	H_tarson_Left_0.4	other				467984	1			0
Sound	H_tarson_Left_0.45	other				478161	1			0
Sound	H_tarson-Left-0.5	other				488338	1			0
Sound	H_tarson_Left_0.5	other				498485	1			0
Sound	H_tarson_Left_0.48	other				508661	1			0
Sound	H_tarson_Left_0.46	other				518808	1			0
Sound	H_tarson_Left_0.44	other				528985	1			0
Sound	H_tarson_Left_0.42	other				539162	1			0
Sound	H_tarson_Left_0.4	other				549309	1			0
Sound	H_tarson-Left-0.38	other				559486	1			0
Sound	H_tarson_Left_0.38	other				569662	2			0
Sound	H_tarson_Left_0.4	other				579809	2			0
Sound	H_tarson_Left_0.42	other				589986	1			0
Sound	H_tarson_Left_0.44	other				600133	1			0
Sound	H_tarson-Left-0.46	other				610310	1			0
Sound	H_tarson_Left_0.46	other				620487	1			0
Sound	H_tarson_Left_0.44	other				630634	1			0
Sound	H_tarson_Left_0.42	other				640811	1			0
Sound	H_tarson_Left_0.4	other				650987	2			0
Sound	H_tarson_Left_0.38	other				661134	1			0
Sound	H_tarson-Left-0.36	other				671311	1			0
Sound	H_tarson_Left_0.36	other				681458	1			0
Sound	H_tarson_Left_0.38	other				691635	1			0
Sound	H_tarson_Left_0.4	other				701812	1			0
Sound	H_tarson_Left_0.42	other				711959	1			0
Sound	L_tarson_Right_0.7	other				732462	1			0
Sound	L_tarson_Right_0.65	other				742639	1			0
Sound	L_tarson_Right_0.6	other				752786	1			0
Sound	L_tarson_Right_0.55	other				762962	2			0
Sound	L_tarson_Right_0.5	other				773139	1			0
Sound	L_tarson_Right_0.45	other				783286	2			0
Sound	L_tarson_Right_0.4	other				793463	1			0
Sound	L_tarson_Right_0.35	other				803640	1			0
Sound	L_tarson_Right_0.3	other				813787	1			0
Sound	L_tarson_Right_0.25	other				823963	2			0
Sound	L_tarson-Right-0.2	other				834111	1			0
Sound	L_tarson_Right_0.2	other				844287	1			0
Sound	L_tarson_Right_0.25	other				854464	1			0
Sound	L_tarson_Right_0.3	other				864611	1			0
Sound	L_tarson-Right-0.35	other				874788	1			0
Sound	L_tarson_Right_0.35	other				884965	1			0
Sound	L_tarson_Right_0.33	other				895112	1			0
Sound	L_tarson_Right_0.31	other				905288	2			0
Sound	L_tarson_Right_0.29	other				915435	1			0
Sound	L_tarson_Right_0.27	other				925612	1			0
Sound	L_tarson_Right_0.25	other				935789	1			0
Sound	L_tarson-Right-0.23	other				945936	1			0
Sound	L_tarson_Right_0.23	other				956113	1			0
Sound	L_tarson_Right_0.25	other				966290	1			0
Sound	L_tarson-Right-0.27	other				976437	1			0
Sound	L_tarson_Right_0.27	other				986613	2			0
Sound	L_tarson_Right_0.25	other				996760	1			0
Sound	L_tarson_Right_0.23	other				1006937	1			0
Sound	L_tarson_Right_0.21	other				1017114	1			0
Sound	L_tarson-Right-0.19	other				1027261	1			0
Sound	L_tarson_Right_0.19	other				1037438	1			0
Sound	L_tarson_Right_0.21	other				1047615	1			0
Sound	L_tarson_Right_0.23	other				1057761	2			0
Sound	H_tarson_Right_0.7	other				1078085	1			0
Sound	H_tarson_Right_0.65	other				1088262	1			0
Sound	H_tarson_Right_0.6	other				1098439	1			0
Sound	H_tarson_Right_0.55	other				1108586	1			0
Sound	H_tarson_Right_0.5	other				1118763	1			0
Sound	H_tarson_Right_0.45	other				1128939	2			0
Sound	H_tarson_Right_0.4	other				1139086	1			0
Sound	H_tarson_Right_0.35	other				1149263	1			0
Sound	H_tarson_Right_0.3	other				1159410	1			0
Sound	H_tarson_Right_0.25	other				1169587	1			0
Sound	H_tarson_Right_0.2	other				1179764	1			0
Sound	H_tarson-Right-0.15	other				1189911	1			0
Sound	H_tarson_Right_0.15	other				1200087	2			0
Sound	H_tarson_Right_0.2	other				1210264	1			0
Sound	H_tarson_Right_0.25	other				1220411	1			0
Sound	H_tarson-Right-0.3	other				1230588	1			0
Sound	H_tarson_Right_0.3	other				1240735	1			0
Sound	H_tarson_Right_0.28	other				1250912	1			0
Sound	H_tarson_Right_0.26	other				1261088	2			0
Sound	H_tarson_Right_0.24	other				1271235	1			0
Sound	H_tarson-Right-0.22	other				1281412	1			0
Sound	H_tarson_Right_0.22	other				1291589	1			0
Sound	H_tarson_Right_0.24	other				1301736	1			0
Sound	H_tarson_Right_0.26	other				1311913	1			0
Sound	H_tarson-Right-0.28	other				1322060	1			0
Sound	H_tarson_Right_0.28	other				1332236	2			0
Sound	H_tarson_Right_0.26	other				1342413	2			0
Sound	H_tarson_Right_0.24	other				1352560	1			0
Sound	H_tarson_Right_0.22	other				1362737	1			0
Sound	H_tarson-Right-0.2	other				1372914	1			0
Sound	H_tarson_Right_0.2	other				1383061	1			0
Sound	H_tarson_Right_0.22	other				1393238	1			0
Sound	H_tarson_Right_0.24	other				1403415	1			0
Sound	H_tarson_Right_0.26	other				1413561	2			0
