Scenario - 17_March_2015
Logfile written - 06/06/2017 10:36:50

Subject	Trial	Event Type	Code	Time	TTime	Uncertainty	Duration	Uncertainty	ReqTime	ReqDur	Stim Type	Pair Index

comra	1	Response	253	6747	16580	1
comra	2	Picture	10	6831	0	1	20164	3	0	20000	other	0
comra	3	Picture	10	27162	0	2	40162	4	0	40000	other	0
comra	4	Picture	10	67491	0	2	40163	3	0	40000	other	0
comra	5	Nothing	91	107656	0	1			0		other	0
comra	6	Picture	204	137817	0	2	2000	3	0	1920	other	0
comra	7	Sound	64	149808	0	1			0		hit	8
comra	7	Response	252	157404	7596	1
comra	8	Picture	222	184646	0	1	2000	2	0	1920	other	0
comra	8	Sound	52	192045	7399	2			7400		other	0
comra	9	Sound	62	196621	0	1			0		hit	12
comra	9	Response	251	207792	11171	1
comra	10	Picture	12	231808	0	1	1999	3	0	1920	other	0
comra	10	Sound	51	236617	4809	1			4810		other	0
comra	11	Sound	62	243794	0	1			0		hit	16
comra	11	Response	251	248824	5030	2
comra	12	Picture	204	279803	0	2	2000	3	0	1920	other	0
comra	13	Sound	64	291775	0	1			0		hit	19
comra	13	Response	252	301520	9745	1
comra	14	Picture	22	325965	0	1	2000	2	0	1920	other	0
comra	14	Sound	52	334074	8109	1			8110		other	0
comra	15	Sound	62	337959	0	2			0		hit	23
comra	15	Response	251	345451	7492	1
comra	16	Picture	4	372460	0	2	2000	3	0	1920	other	0
comra	17	Sound	64	384443	0	2			0		hit	26
comra	17	Response	252	390283	5840	2
comra	18	Picture	13	420455	0	2	2000	3	0	1920	other	0
comra	18	Sound	51	425574	5119	1			5120		other	0
comra	19	Sound	63	432454	0	2			0		hit	30
comra	19	Response	252	436720	4266	2
comra	20	Picture	103	466950	0	2	2000	4	0	1920	other	0
comra	21	Sound	63	478938	0	2			0		hit	33
comra	21	Response	252	485924	6986	1
comra	22	Picture	3	514112	0	2	2000	3	0	1920	other	0
comra	23	Sound	63	526111	0	1			0		hit	36
comra	23	Response	252	536290	10179	2
comra	24	Picture	2	561941	0	1	1999	3	0	1920	other	0
comra	25	Sound	62	573912	0	1			0		hit	39
comra	25	Response	251	580774	6862	1
comra	26	Picture	101	608269	0	2	2000	3	0	1920	other	0
comra	27	Sound	61	620247	0	1			0		hit	42
comra	27	Response	251	643105	22858	2
comra	28	Picture	1	655598	0	2	2000	3	0	1920	other	0
comra	29	Sound	61	667569	0	1			0		hit	45
comra	29	Response	251	675043	7474	1
comra	30	Picture	3	703593	0	1	2000	2	0	1920	other	0
comra	31	Sound	63	715580	0	1			0		hit	48
comra	31	Response	252	722087	6507	1
comra	32	Picture	1	750588	0	2	2000	3	0	1920	other	0
comra	33	Sound	61	762573	0	1			0		miss	0
comra	33	Response	252	793559	30986	2
comra	34	Picture	3	797250	0	2	2000	3	0	1920	other	0
comra	35	Sound	63	809236	0	2			0		hit	54
comra	35	Response	252	824403	15167	1
comra	36	Picture	214	844745	0	2	2000	4	0	1920	other	0
comra	36	Sound	51	849294	4549	1			4550		other	0
comra	37	Sound	64	856738	0	2			0		hit	58
comra	37	Response	252	862695	5957	2
comra	38	Picture	14	890907	0	2	2000	4	0	1920	other	0
comra	38	Sound	51	896296	5389	1			5390		other	0
comra	39	Sound	64	902893	0	1			0		incorrect	62
comra	39	Response	251	907099	4206	2
comra	40	Picture	202	937736	0	1	1999	3	0	1920	other	0
comra	41	Sound	62	949707	0	1			0		hit	65
comra	41	Response	251	957021	7314	1
comra	42	Picture	4	984898	0	1	1999	3	0	1920	other	0
comra	43	Sound	64	996879	0	2			0		hit	68
comra	43	Response	252	1004827	7948	1
comra	44	Picture	101	1032060	0	1	1999	3	0	1920	other	0
comra	45	Sound	61	1044052	0	1			0		hit	71
comra	45	Response	251	1052862	8810	1
comra	46	Picture	24	1078555	0	2	1999	4	0	1920	other	0
comra	46	Sound	52	1084394	5839	2			5840		other	0
comra	47	Sound	64	1090536	0	1			0		hit	75
comra	47	Response	252	1095789	5253	1
comra	48	Picture	103	1126050	0	1	2000	2	0	1920	other	0
comra	49	Sound	63	1138038	0	1			0		hit	78
comra	49	Response	252	1145345	7307	1
comra	50	Picture	121	1173378	0	2	2000	4	0	1920	other	0
comra	50	Sound	52	1181687	8309	2			8310		other	0
comra	51	Sound	61	1185360	0	1			0		hit	82
comra	51	Response	251	1210531	25171	1
comra	52	Picture	103	1219707	0	1	2000	2	0	1920	other	0
comra	53	Sound	63	1231695	0	1			0		hit	85
comra	53	Response	252	1238579	6884	1
comra	54	Picture	2	1266202	0	2	2000	3	0	1920	other	0
comra	55	Sound	62	1278179	0	1			0		hit	88
comra	55	Response	251	1301775	23596	2
comra	56	Picture	111	1312697	0	2	2000	4	0	1920	other	0
comra	56	Sound	51	1315736	3039	2			3040		other	0
comra	57	Sound	61	1324693	0	1			0		hit	92
comra	57	Response	251	1329867	5174	1
comra	57	Response	251	1331895	7202	1
comra	58	Picture	101	1359026	0	2	2000	3	0	1920	other	0
comra	59	Sound	61	1370998	0	1			0		hit	96
comra	59	Response	251	1376075	5077	1
comra	60	Picture	103	1405855	0	1	1999	3	0	1920	other	0
comra	61	Sound	63	1417841	0	1			0		hit	99
comra	61	Response	252	1422651	4810	2
comra	62	Picture	204	1453683	0	2	2000	3	0	1920	other	0
comra	63	Sound	64	1465672	0	1			0		hit	102
comra	63	Response	252	1471070	5398	1
comra	64	Picture	4	1500845	0	1	2000	2	0	1920	other	0
comra	65	Sound	64	1512845	0	1			0		hit	105
comra	65	Response	252	1520237	7392	1
comra	66	Picture	101	1547174	0	1	1999	3	0	1920	other	0
comra	67	Sound	61	1559149	0	2			0		hit	108
comra	67	Response	251	1564816	5667	2
comra	68	Picture	202	1594336	0	1	1999	3	0	1920	other	0
comra	69	Sound	62	1606322	0	1			0		hit	111
comra	69	Response	251	1613154	6832	1
comra	70	Picture	2	1640831	0	1	1999	3	0	1920	other	0
comra	71	Sound	62	1652806	0	1			0		hit	114
comra	71	Response	251	1660358	7552	1
comra	72	Picture	113	1688492	0	2	2000	4	0	1920	other	0
comra	72	Sound	51	1691361	2869	2			2870		other	0
comra	73	Sound	63	1700488	0	1			0		hit	118
comra	73	Response	252	1704308	3820	1
comra	74	Picture	101	1735988	0	2	1999	4	0	1920	other	0
comra	75	Sound	61	1747960	0	1			0		hit	121
comra	75	Response	251	1756092	8132	2
comra	76	Picture	204	1784149	0	2	2000	4	0	1920	other	0
comra	77	Sound	64	1796120	0	1			0		hit	124
comra	77	Response	252	1802232	6112	2
comra	78	Picture	4	1830478	0	2	2000	3	0	1920	other	0
comra	79	Sound	64	1842455	0	1			0		hit	127
comra	79	Response	252	1850871	8416	2
comra	80	Picture	103	1876807	0	1	2000	2	0	1920	other	0
comra	81	Sound	63	1888789	0	1			0		incorrect	130
comra	81	Response	251	1897381	8592	1
comra	82	Picture	204	1923635	0	2	2000	3	0	1920	other	0
comra	83	Sound	64	1935632	0	1			0		incorrect	133
comra	83	Response	251	1950368	14736	1
comra	84	Picture	202	1971463	0	2	2000	4	0	1920	other	0
comra	85	Sound	62	1983463	0	2			0		hit	136
comra	85	Response	251	2001145	17682	2
comra	86	Picture	1	2018292	0	2	2000	3	0	1920	other	0
comra	87	Sound	61	2030277	0	1			0		hit	139
comra	87	Response	251	2038385	8108	1
comra	88	Picture	2	2065621	0	1	1999	3	0	1920	other	0
comra	89	Sound	62	2077599	0	1			0		incorrect	142
comra	89	Response	252	2083318	5719	2
comra	90	Picture	3	2113116	0	1	2000	2	0	1920	other	0
comra	91	Sound	63	2125101	0	1			0		hit	145
comra	91	Response	252	2131142	6041	1
comra	92	Picture	1	2160944	0	2	2000	4	0	1920	other	0
comra	93	Sound	61	2172932	0	1			0		hit	148
comra	93	Response	251	2177341	4409	1
comra	94	Picture	4	2208273	0	1	2000	2	0	1920	other	0
comra	95	Sound	64	2220254	0	2			0		hit	151
comra	95	Response	252	2225810	5556	1
comra	96	Picture	3	2256101	0	2	2000	3	0	1920	other	0
comra	97	Sound	63	2268085	0	2			0		hit	154
comra	97	Response	252	2293032	24947	1
comra	98	Picture	23	2303263	0	2	2000	3	0	1920	other	0
comra	98	Sound	52	2309802	6539	1			6540		other	0
comra	99	Sound	63	2315258	0	1			0		hit	158
comra	99	Response	252	2320039	4781	2
comra	100	Picture	3	2349592	0	1	2000	2	0	1920	other	0
comra	101	Sound	63	2361563	0	1			0		hit	161
comra	101	Response	252	2367918	6355	1
comra	102	Picture	1	2395920	0	2	2000	4	0	1920	other	0
comra	103	Sound	61	2407897	0	1			0		hit	164
comra	103	Response	251	2415229	7332	1
comra	104	Picture	103	2443582	0	2	2000	3	0	1920	other	0
comra	105	Sound	63	2455579	0	1			0		hit	167
comra	105	Response	252	2461022	5443	1
comra	106	Picture	204	2490244	0	1	2000	2	0	1920	other	0
comra	107	Sound	64	2502242	0	2			0		hit	170
comra	107	Response	252	2517035	14793	1
comra	108	Picture	202	2537406	0	1	2000	2	0	1920	other	0
comra	109	Sound	62	2549385	0	1			0		hit	173
comra	109	Response	251	2554201	4816	1
comra	110	Picture	202	2584734	0	2	2000	3	0	1920	other	0
comra	111	Sound	62	2596707	0	2			0		incorrect	176
comra	111	Response	252	2604049	7342	1
comra	112	Picture	2	2632229	0	2	2000	4	0	1920	other	0
comra	113	Sound	62	2644209	0	1			0		incorrect	179
comra	113	Response	252	2651049	6840	1
comra	114	Picture	1	2679391	0	2	2000	4	0	1920	other	0
comra	115	Sound	61	2691382	0	1			0		hit	182
comra	115	Response	251	2699899	8517	2
comra	116	Picture	224	2727053	0	2	2000	3	0	1920	other	0
comra	116	Sound	52	2732672	5619	2			5620		other	0
comra	117	Sound	64	2739033	0	1			0		hit	186
comra	117	Response	252	2744765	5732	1
comra	118	Picture	11	2773715	0	1	2000	2	0	1920	other	0
comra	118	Sound	51	2778554	4839	2			4840		other	0
comra	119	Sound	61	2785697	0	1			0		hit	190
comra	119	Response	251	2790481	4784	1
comra	120	Picture	202	2820710	0	2	2000	4	0	1920	other	0
comra	121	Sound	62	2832690	0	1			0		hit	193
comra	121	Response	251	2846978	14288	1
comra	121	Response	251	2850221	17531	2
comra	122	Picture	123	2867872	0	2	2000	3	0	1920	other	0
comra	122	Sound	52	2876271	8399	2			8400		other	0
comra	123	Sound	63	2879863	0	1			0		hit	198
comra	123	Response	252	2884954	5091	1
comra	124	Picture	21	2914867	0	2	2000	4	0	1920	other	0
comra	124	Sound	52	2920866	5999	2			6000		other	0
comra	125	Sound	61	2926856	0	1			0		hit	202
comra	125	Response	251	2933374	6518	1
comra	126	Picture	2	2961363	0	1	1999	3	0	1920	other	0
comra	127	Sound	62	2973340	0	1			0		hit	205
comra	127	Response	251	2979851	6511	1
comra	128	Picture	101	3008024	0	2	2000	4	0	1920	other	0
comra	129	Sound	61	3020004	0	1			0		hit	208
comra	129	Response	251	3028772	8768	2
comra	130	Picture	4	3056020	0	1	1999	3	0	1920	other	0
comra	131	Sound	64	3068014	0	2			0		hit	211
comra	131	Response	252	3074083	6069	1
comra	132	Picture	212	3103848	0	1	2000	2	0	1920	other	0
comra	132	Sound	51	3108697	4849	1			4850		other	0
comra	133	Sound	62	3115845	0	2			0		hit	215
comra	133	Response	251	3121292	5447	1
comra	134	Response	253	3270242	118566	1


Event Type	Code	Type	Response	RT	RT Uncertainty	Time	Uncertainty	Duration	Uncertainty	ReqTime	ReqDur

Picture	10	other				6831	1	20164	3	0	20000
Picture	10	other				27162	2	40162	4	0	40000
Picture	10	other				67491	2	40163	3	0	40000
Nothing	91	other				107656	1			0
Picture	204	other				137817	2	2000	3	0	1920
Sound	64	hit	2	7596	2	149808	1			0
Picture	222	other				184646	1	2000	2	0	1920
Sound	52	other				192045	2			7400
Sound	62	hit	1	11171	2	196621	1			0
Picture	12	other				231808	1	1999	3	0	1920
Sound	51	other				236617	1			4810
Sound	62	hit	1	5030	3	243794	1			0
Picture	204	other				279803	2	2000	3	0	1920
Sound	64	hit	2	9745	2	291775	1			0
Picture	22	other				325965	1	2000	2	0	1920
Sound	52	other				334074	1			8110
Sound	62	hit	1	7492	3	337959	2			0
Picture	4	other				372460	2	2000	3	0	1920
Sound	64	hit	2	5840	4	384443	2			0
Picture	13	other				420455	2	2000	3	0	1920
Sound	51	other				425574	1			5120
Sound	63	hit	2	4266	4	432454	2			0
Picture	103	other				466950	2	2000	4	0	1920
Sound	63	hit	2	6986	3	478938	2			0
Picture	3	other				514112	2	2000	3	0	1920
Sound	63	hit	2	10179	3	526111	1			0
Picture	2	other				561941	1	1999	3	0	1920
Sound	62	hit	1	6862	2	573912	1			0
Picture	101	other				608269	2	2000	3	0	1920
Sound	61	hit	1	22858	3	620247	1			0
Picture	1	other				655598	2	2000	3	0	1920
Sound	61	hit	1	7474	2	667569	1			0
Picture	3	other				703593	1	2000	2	0	1920
Sound	63	hit	2	6507	2	715580	1			0
Picture	1	other				750588	2	2000	3	0	1920
Sound	61	miss				762573	1			0
Picture	3	other				797250	2	2000	3	0	1920
Sound	63	hit	2	15167	3	809236	2			0
Picture	214	other				844745	2	2000	4	0	1920
Sound	51	other				849294	1			4550
Sound	64	hit	2	5957	4	856738	2			0
Picture	14	other				890907	2	2000	4	0	1920
Sound	51	other				896296	1			5390
Sound	64	incorrect	1	4206	3	902893	1			0
Picture	202	other				937736	1	1999	3	0	1920
Sound	62	hit	1	7314	2	949707	1			0
Picture	4	other				984898	1	1999	3	0	1920
Sound	64	hit	2	7948	3	996879	2			0
Picture	101	other				1032060	1	1999	3	0	1920
Sound	61	hit	1	8810	2	1044052	1			0
Picture	24	other				1078555	2	1999	4	0	1920
Sound	52	other				1084394	2			5840
Sound	64	hit	2	5253	2	1090536	1			0
Picture	103	other				1126050	1	2000	2	0	1920
Sound	63	hit	2	7307	2	1138038	1			0
Picture	121	other				1173378	2	2000	4	0	1920
Sound	52	other				1181687	2			8310
Sound	61	hit	1	25171	2	1185360	1			0
Picture	103	other				1219707	1	2000	2	0	1920
Sound	63	hit	2	6884	2	1231695	1			0
Picture	2	other				1266202	2	2000	3	0	1920
Sound	62	hit	1	23596	3	1278179	1			0
Picture	111	other				1312697	2	2000	4	0	1920
Sound	51	other				1315736	2			3040
Sound	61	hit	1	5174	2	1324693	1			0
Picture	101	other				1359026	2	2000	3	0	1920
Sound	61	hit	1	5077	2	1370998	1			0
Picture	103	other				1405855	1	1999	3	0	1920
Sound	63	hit	2	4810	3	1417841	1			0
Picture	204	other				1453683	2	2000	3	0	1920
Sound	64	hit	2	5398	2	1465672	1			0
Picture	4	other				1500845	1	2000	2	0	1920
Sound	64	hit	2	7392	2	1512845	1			0
Picture	101	other				1547174	1	1999	3	0	1920
Sound	61	hit	1	5667	4	1559149	2			0
Picture	202	other				1594336	1	1999	3	0	1920
Sound	62	hit	1	6832	2	1606322	1			0
Picture	2	other				1640831	1	1999	3	0	1920
Sound	62	hit	1	7552	2	1652806	1			0
Picture	113	other				1688492	2	2000	4	0	1920
Sound	51	other				1691361	2			2870
Sound	63	hit	2	3820	2	1700488	1			0
Picture	101	other				1735988	2	1999	4	0	1920
Sound	61	hit	1	8132	3	1747960	1			0
Picture	204	other				1784149	2	2000	4	0	1920
Sound	64	hit	2	6112	3	1796120	1			0
Picture	4	other				1830478	2	2000	3	0	1920
Sound	64	hit	2	8416	3	1842455	1			0
Picture	103	other				1876807	1	2000	2	0	1920
Sound	63	incorrect	1	8592	2	1888789	1			0
Picture	204	other				1923635	2	2000	3	0	1920
Sound	64	incorrect	1	14736	2	1935632	1			0
Picture	202	other				1971463	2	2000	4	0	1920
Sound	62	hit	1	17682	4	1983463	2			0
Picture	1	other				2018292	2	2000	3	0	1920
Sound	61	hit	1	8108	2	2030277	1			0
Picture	2	other				2065621	1	1999	3	0	1920
Sound	62	incorrect	2	5719	3	2077599	1			0
Picture	3	other				2113116	1	2000	2	0	1920
Sound	63	hit	2	6041	2	2125101	1			0
Picture	1	other				2160944	2	2000	4	0	1920
Sound	61	hit	1	4409	2	2172932	1			0
Picture	4	other				2208273	1	2000	2	0	1920
Sound	64	hit	2	5556	3	2220254	2			0
Picture	3	other				2256101	2	2000	3	0	1920
Sound	63	hit	2	24947	3	2268085	2			0
Picture	23	other				2303263	2	2000	3	0	1920
Sound	52	other				2309802	1			6540
Sound	63	hit	2	4781	3	2315258	1			0
Picture	3	other				2349592	1	2000	2	0	1920
Sound	63	hit	2	6355	2	2361563	1			0
Picture	1	other				2395920	2	2000	4	0	1920
Sound	61	hit	1	7332	2	2407897	1			0
Picture	103	other				2443582	2	2000	3	0	1920
Sound	63	hit	2	5443	2	2455579	1			0
Picture	204	other				2490244	1	2000	2	0	1920
Sound	64	hit	2	14793	3	2502242	2			0
Picture	202	other				2537406	1	2000	2	0	1920
Sound	62	hit	1	4816	2	2549385	1			0
Picture	202	other				2584734	2	2000	3	0	1920
Sound	62	incorrect	2	7342	3	2596707	2			0
Picture	2	other				2632229	2	2000	4	0	1920
Sound	62	incorrect	2	6840	2	2644209	1			0
Picture	1	other				2679391	2	2000	4	0	1920
Sound	61	hit	1	8517	3	2691382	1			0
Picture	224	other				2727053	2	2000	3	0	1920
Sound	52	other				2732672	2			5620
Sound	64	hit	2	5732	2	2739033	1			0
Picture	11	other				2773715	1	2000	2	0	1920
Sound	51	other				2778554	2			4840
Sound	61	hit	1	4784	2	2785697	1			0
Picture	202	other				2820710	2	2000	4	0	1920
Sound	62	hit	1	14288	2	2832690	1			0
Picture	123	other				2867872	2	2000	3	0	1920
Sound	52	other				2876271	2			8400
Sound	63	hit	2	5091	2	2879863	1			0
Picture	21	other				2914867	2	2000	4	0	1920
Sound	52	other				2920866	2			6000
Sound	61	hit	1	6518	2	2926856	1			0
Picture	2	other				2961363	1	1999	3	0	1920
Sound	62	hit	1	6511	2	2973340	1			0
Picture	101	other				3008024	2	2000	4	0	1920
Sound	61	hit	1	8768	3	3020004	1			0
Picture	4	other				3056020	1	1999	3	0	1920
Sound	64	hit	2	6069	3	3068014	2			0
Picture	212	other				3103848	1	2000	2	0	1920
Sound	51	other				3108697	1			4850
Sound	62	hit	1	5447	3	3115845	2			0
