Scenario - SeuilAuditif
Logfile written - 07/04/2017 09:57:32

Subject	Trial	Event Type	Code	Time	TTime	Uncertainty	Duration	Uncertainty	ReqTime	ReqDur	Stim Type	Pair Index

bonwi	2	Sound	L_tarson_Left_0.7	538	41	1			0		other	0
bonwi	3	Sound	L_tarson_Left_0.65	10715	52	1			0		other	0
bonwi	4	Sound	L_tarson_Left_0.6	20862	33	1			0		other	0
bonwi	5	Sound	L_tarson_Left_0.55	31038	44	2			0		other	0
bonwi	6	Sound	L_tarson_Left_0.5	41215	55	1			0		other	0
bonwi	7	Sound	L_tarson_Left_0.45	51362	36	1			0		other	0
bonwi	8	Sound	L_tarson_Left_0.4	61539	48	1			0		other	0
bonwi	9	Sound	L_tarson_Left_0.35	71716	59	1			0		other	0
bonwi	10	Sound	L_tarson_Left_0.3	81862	40	2			0		other	0
bonwi	11	Sound	L_tarson_Left_0.25	92039	51	1			0		other	0
bonwi	12	Sound	L_tarson_Left_0.2	102186	33	1			0		other	0
bonwi	13	Sound	L_tarson_Left_0.15	112363	44	1			0		other	0
bonwi	13	Response	1	116776	4457	1
bonwi	14	Sound	L_tarson-Left-9.99999999999999e-002	122540	55	1			0		other	0
bonwi	15	Sound	L_tarson_Left_9.99999999999999e-002	132687	37	1			0		other	0
bonwi	16	Sound	L_tarson_Left_0.15	142863	47	1			0		other	0
bonwi	17	Sound	L_tarson_Left_0.2	153040	59	1			0		other	0
bonwi	18	Sound	L_tarson_Left_0.25	163187	40	1			0		other	0
bonwi	18	Response	1	166749	3602	2
bonwi	19	Sound	L_tarson-Left-0.3	173364	52	1			0		other	0
bonwi	20	Sound	L_tarson_Left_0.3	183510	32	2			0		other	0
bonwi	21	Sound	L_tarson_Left_0.28	193687	44	1			0		other	0
bonwi	22	Sound	L_tarson_Left_0.26	203864	55	1			0		other	0
bonwi	23	Sound	L_tarson_Left_0.24	214011	36	1			0		other	0
bonwi	24	Sound	L_tarson_Left_0.22	224188	48	1			0		other	0
bonwi	25	Sound	L_tarson_Left_0.2	234364	59	2			0		other	0
bonwi	26	Sound	L_tarson_Left_0.18	244511	40	1			0		other	0
bonwi	26	Response	1	248564	4093	1
bonwi	27	Sound	L_tarson-Left-0.16	254688	51	1			0		other	0
bonwi	28	Sound	L_tarson_Left_0.16	264835	32	1			0		other	0
bonwi	29	Sound	L_tarson_Left_0.18	275012	44	1			0		other	0
bonwi	30	Sound	L_tarson_Left_0.2	285188	54	2			0		other	0
bonwi	31	Sound	L_tarson_Left_0.22	295335	36	1			0		other	0
bonwi	31	Response	1	302758	7459	1
bonwi	32	Sound	L_tarson-Left-0.24	305512	48	1			0		other	0
bonwi	33	Sound	L_tarson_Left_0.24	315689	59	1			0		other	0
bonwi	34	Sound	L_tarson_Left_0.22	325836	40	1			0		other	0
bonwi	35	Sound	L_tarson_Left_0.2	336013	51	1			0		other	0
bonwi	36	Sound	L_tarson_Left_0.18	346159	32	1			0		other	0
bonwi	36	Response	1	350046	3919	2
bonwi	37	Sound	L_tarson-Left-0.16	356336	43	1			0		other	0
bonwi	38	Sound	L_tarson_Left_0.16	366513	55	1			0		other	0
bonwi	39	Sound	L_tarson_Left_0.18	376660	36	1			0		other	0
bonwi	40	Sound	L_tarson_Left_0.2	386836	47	2			0		other	0
bonwi	41	Sound	L_tarson_Left_0.22	397013	58	1			0		other	0
bonwi	41	Response	1	399939	2984	2
bonwi	43	Sound	H_tarson_Left_0.7	417486	33	2			0		other	0
bonwi	44	Sound	H_tarson_Left_0.65	427663	45	1			0		other	0
bonwi	45	Sound	H_tarson_Left_0.6	437840	56	1			0		other	0
bonwi	46	Sound	H_tarson_Left_0.55	447987	37	1			0		other	0
bonwi	47	Sound	H_tarson_Left_0.5	458164	49	1			0		other	0
bonwi	48	Sound	H_tarson_Left_0.45	468311	30	1			0		other	0
bonwi	49	Sound	H_tarson_Left_0.4	478487	41	1			0		other	0
bonwi	50	Sound	H_tarson_Left_0.35	488664	52	1			0		other	0
bonwi	51	Sound	H_tarson_Left_0.3	498811	34	1			0		other	0
bonwi	52	Sound	H_tarson_Left_0.25	508988	45	1			0		other	0
bonwi	53	Sound	H_tarson_Left_0.2	519164	56	2			0		other	0
bonwi	53	Response	1	526184	7076	1
bonwi	54	Sound	H_tarson-Left-0.15	529311	37	1			0		other	0
bonwi	55	Sound	H_tarson_Left_0.15	539488	48	1			0		other	0
bonwi	56	Sound	H_tarson_Left_0.2	549635	30	1			0		other	0
bonwi	56	Response	1	557086	7481	1
bonwi	57	Sound	H_tarson-Left-0.25	559812	41	1			0		other	0
bonwi	58	Sound	H_tarson_Left_0.25	569988	52	2			0		other	0
bonwi	59	Sound	H_tarson_Left_0.23	580135	33	1			0		other	0
bonwi	60	Sound	H_tarson_Left_0.21	590312	45	1			0		other	0
bonwi	61	Sound	H_tarson_Left_0.19	600489	56	1			0		other	0
bonwi	61	Response	1	609142	8709	1
bonwi	62	Sound	H_tarson-Left-0.17	610636	37	1			0		other	0
bonwi	63	Sound	H_tarson_Left_0.17	620812	48	2			0		other	0
bonwi	64	Sound	H_tarson_Left_0.19	630959	29	1			0		other	0
bonwi	64	Response	1	634356	3426	2
bonwi	65	Sound	H_tarson-Left-0.21	641136	41	1			0		other	0
bonwi	66	Sound	H_tarson_Left_0.21	651313	52	1			0		other	0
bonwi	67	Sound	H_tarson_Left_0.19	661460	33	1			0		other	0
bonwi	68	Sound	H_tarson_Left_0.17	671636	44	2			0		other	0
bonwi	68	Response	1	680637	9045	1
bonwi	69	Sound	H_tarson-Left-0.15	681813	55	1			0		other	0
bonwi	70	Sound	H_tarson_Left_0.15	691960	37	1			0		other	0
bonwi	71	Sound	H_tarson_Left_0.17	702137	48	1			0		other	0
bonwi	72	Sound	H_tarson_Left_0.19	712284	30	1			0		other	0
bonwi	72	Response	1	714058	1804	1
bonwi	74	Sound	L_tarson_Right_0.7	732637	52	1			0		other	0
bonwi	75	Sound	L_tarson_Right_0.65	742784	33	1			0		other	0
bonwi	76	Sound	L_tarson_Right_0.6	752961	44	1			0		other	0
bonwi	77	Sound	L_tarson_Right_0.55	763138	56	1			0		other	0
bonwi	78	Sound	L_tarson_Right_0.5	773284	36	2			0		other	0
bonwi	79	Sound	L_tarson_Right_0.45	783461	48	1			0		other	0
bonwi	80	Sound	L_tarson_Right_0.4	793638	59	1			0		other	0
bonwi	81	Sound	L_tarson_Right_0.35	803785	41	1			0		other	0
bonwi	82	Sound	L_tarson_Right_0.3	813962	52	1			0		other	0
bonwi	83	Sound	L_tarson_Right_0.25	824108	33	2			0		other	0
bonwi	84	Sound	L_tarson_Right_0.2	834285	44	1			0		other	0
bonwi	85	Sound	L_tarson_Right_0.15	844462	55	1			0		other	0
bonwi	85	Response	1	850478	6071	2
bonwi	86	Sound	L_tarson-Right-9.99999999999999e-002	854609	37	1			0		other	0
bonwi	87	Sound	L_tarson_Right_9.99999999999999e-002	864786	48	1			0		other	0
bonwi	88	Sound	L_tarson_Right_0.15	874962	59	2			0		other	0
bonwi	88	Response	1	881487	6584	1
bonwi	89	Sound	L_tarson-Right-0.2	885109	40	1			0		other	0
bonwi	90	Sound	L_tarson_Right_0.2	895286	52	1			0		other	0
bonwi	91	Sound	L_tarson_Right_0.18	905433	33	1			0		other	0
bonwi	92	Sound	L_tarson_Right_0.16	915610	44	1			0		other	0
bonwi	93	Sound	L_tarson_Right_0.14	925787	56	1			0		other	0
bonwi	93	Response	1	928544	2813	1
bonwi	94	Sound	L_tarson-Right-0.12	935933	36	1			0		other	0
bonwi	95	Sound	L_tarson_Right_0.12	946110	48	1			0		other	0
bonwi	96	Sound	L_tarson_Right_0.14	956287	59	1			0		other	0
bonwi	97	Sound	L_tarson_Right_0.16	966434	41	1			0		other	0
bonwi	97	Response	1	972038	5645	1
bonwi	98	Sound	L_tarson-Right-0.18	976610	51	2			0		other	0
bonwi	99	Sound	L_tarson_Right_0.18	986757	32	1			0		other	0
bonwi	100	Sound	L_tarson_Right_0.16	996934	44	1			0		other	0
bonwi	101	Sound	L_tarson_Right_0.14	1007111	55	1			0		other	0
bonwi	101	Response	1	1015734	8678	1
bonwi	102	Sound	L_tarson-Right-0.12	1017258	36	1			0		other	0
bonwi	103	Sound	L_tarson_Right_0.12	1027435	48	1			0		other	0
bonwi	104	Sound	L_tarson_Right_0.14	1037611	59	1			0		other	0
bonwi	105	Sound	L_tarson_Right_0.16	1047758	40	1			0		other	0
bonwi	106	Sound	L_tarson_Right_0.18	1057935	51	1			0		other	0
bonwi	106	Response	1	1060922	3038	2
bonwi	108	Sound	H_tarson_Right_0.7	1078258	43	2			0		other	0
bonwi	109	Sound	H_tarson_Right_0.65	1088435	55	1			0		other	0
bonwi	110	Sound	H_tarson_Right_0.6	1098582	36	1			0		other	0
bonwi	111	Sound	H_tarson_Right_0.55	1108759	48	1			0		other	0
bonwi	112	Sound	H_tarson_Right_0.5	1118936	59	1			0		other	0
bonwi	113	Sound	H_tarson_Right_0.45	1129082	39	2			0		other	0
bonwi	114	Sound	H_tarson_Right_0.4	1139259	51	1			0		other	0
bonwi	115	Sound	H_tarson_Right_0.35	1149406	32	1			0		other	0
bonwi	116	Sound	H_tarson_Right_0.3	1159583	44	1			0		other	0
bonwi	117	Sound	H_tarson_Right_0.25	1169760	55	1			0		other	0
bonwi	118	Sound	H_tarson_Right_0.2	1179907	36	1			0		other	0
bonwi	119	Sound	H_tarson_Right_0.15	1190083	47	1			0		other	0
bonwi	120	Sound	H_tarson_Right_9.99999999999999e-002	1200260	59	1			0		other	0
bonwi	120	Response	1	1204558	4357	1
bonwi	121	Sound	H_tarson-Right-4.99999999999999e-002	1210407	40	1			0		other	0
bonwi	122	Sound	H_tarson_Right_4.99999999999999e-002	1220584	51	1			0		other	0
bonwi	123	Sound	H_tarson_Right_9.99999999999999e-002	1230731	33	1			0		other	0
bonwi	124	Sound	H_tarson_Right_0.15	1240907	43	1			0		other	0
bonwi	124	Response	1	1248099	7235	1
bonwi	125	Sound	H_tarson-Right-0.2	1251084	54	1			0		other	0
bonwi	126	Sound	H_tarson_Right_0.2	1261231	36	1			0		other	0
bonwi	127	Sound	H_tarson_Right_0.18	1271408	47	1			0		other	0
bonwi	128	Sound	H_tarson_Right_0.16	1281584	58	2			0		other	0
bonwi	129	Sound	H_tarson_Right_0.14	1291731	39	1			0		other	0
bonwi	129	Response	1	1298042	6350	1
bonwi	130	Sound	H_tarson-Right-0.12	1301908	51	1			0		other	0
bonwi	131	Sound	H_tarson_Right_0.12	1312055	32	1			0		other	0
bonwi	132	Sound	H_tarson_Right_0.14	1322232	43	1			0		other	0
bonwi	133	Sound	H_tarson_Right_0.16	1332408	54	2			0		other	0
bonwi	133	Response	1	1335066	2712	2
bonwi	134	Sound	H_tarson-Right-0.18	1342555	35	1			0		other	0
bonwi	135	Sound	H_tarson_Right_0.18	1352732	47	1			0		other	0
bonwi	136	Sound	H_tarson_Right_0.16	1362909	58	1			0		other	0
bonwi	137	Sound	H_tarson_Right_0.14	1373056	40	1			0		other	0
bonwi	138	Sound	H_tarson_Right_0.12	1383232	50	2			0		other	0
bonwi	138	Response	1	1385879	2697	1
bonwi	139	Sound	H_tarson-Right-9.99999999999999e-002	1393379	32	1			0		other	0
bonwi	140	Sound	H_tarson_Right_9.99999999999999e-002	1403556	43	1			0		other	0
bonwi	141	Sound	H_tarson_Right_0.12	1413733	54	1			0		other	0
bonwi	142	Sound	H_tarson_Right_0.14	1423880	36	1			0		other	0
bonwi	143	Sound	H_tarson_Right_0.16	1434056	46	2			0		other	0
bonwi	143	Response	1	1438509	4499	1


Event Type	Code	Type	Response	RT	RT Uncertainty	Time	Uncertainty	Duration	Uncertainty	ReqTime	ReqDur

Sound	L_tarson_Left_0.7	other				538	1			0
Sound	L_tarson_Left_0.65	other				10715	1			0
Sound	L_tarson_Left_0.6	other				20862	1			0
Sound	L_tarson_Left_0.55	other				31038	2			0
Sound	L_tarson_Left_0.5	other				41215	1			0
Sound	L_tarson_Left_0.45	other				51362	1			0
Sound	L_tarson_Left_0.4	other				61539	1			0
Sound	L_tarson_Left_0.35	other				71716	1			0
Sound	L_tarson_Left_0.3	other				81862	2			0
Sound	L_tarson_Left_0.25	other				92039	1			0
Sound	L_tarson_Left_0.2	other				102186	1			0
Sound	L_tarson_Left_0.15	other				112363	1			0
Sound	L_tarson-Left-9.99999999999999e-002	other				122540	1			0
Sound	L_tarson_Left_9.99999999999999e-002	other				132687	1			0
Sound	L_tarson_Left_0.15	other				142863	1			0
Sound	L_tarson_Left_0.2	other				153040	1			0
Sound	L_tarson_Left_0.25	other				163187	1			0
Sound	L_tarson-Left-0.3	other				173364	1			0
Sound	L_tarson_Left_0.3	other				183510	2			0
Sound	L_tarson_Left_0.28	other				193687	1			0
Sound	L_tarson_Left_0.26	other				203864	1			0
Sound	L_tarson_Left_0.24	other				214011	1			0
Sound	L_tarson_Left_0.22	other				224188	1			0
Sound	L_tarson_Left_0.2	other				234364	2			0
Sound	L_tarson_Left_0.18	other				244511	1			0
Sound	L_tarson-Left-0.16	other				254688	1			0
Sound	L_tarson_Left_0.16	other				264835	1			0
Sound	L_tarson_Left_0.18	other				275012	1			0
Sound	L_tarson_Left_0.2	other				285188	2			0
Sound	L_tarson_Left_0.22	other				295335	1			0
Sound	L_tarson-Left-0.24	other				305512	1			0
Sound	L_tarson_Left_0.24	other				315689	1			0
Sound	L_tarson_Left_0.22	other				325836	1			0
Sound	L_tarson_Left_0.2	other				336013	1			0
Sound	L_tarson_Left_0.18	other				346159	1			0
Sound	L_tarson-Left-0.16	other				356336	1			0
Sound	L_tarson_Left_0.16	other				366513	1			0
Sound	L_tarson_Left_0.18	other				376660	1			0
Sound	L_tarson_Left_0.2	other				386836	2			0
Sound	L_tarson_Left_0.22	other				397013	1			0
Sound	H_tarson_Left_0.7	other				417486	2			0
Sound	H_tarson_Left_0.65	other				427663	1			0
Sound	H_tarson_Left_0.6	other				437840	1			0
Sound	H_tarson_Left_0.55	other				447987	1			0
Sound	H_tarson_Left_0.5	other				458164	1			0
Sound	H_tarson_Left_0.45	other				468311	1			0
Sound	H_tarson_Left_0.4	other				478487	1			0
Sound	H_tarson_Left_0.35	other				488664	1			0
Sound	H_tarson_Left_0.3	other				498811	1			0
Sound	H_tarson_Left_0.25	other				508988	1			0
Sound	H_tarson_Left_0.2	other				519164	2			0
Sound	H_tarson-Left-0.15	other				529311	1			0
Sound	H_tarson_Left_0.15	other				539488	1			0
Sound	H_tarson_Left_0.2	other				549635	1			0
Sound	H_tarson-Left-0.25	other				559812	1			0
Sound	H_tarson_Left_0.25	other				569988	2			0
Sound	H_tarson_Left_0.23	other				580135	1			0
Sound	H_tarson_Left_0.21	other				590312	1			0
Sound	H_tarson_Left_0.19	other				600489	1			0
Sound	H_tarson-Left-0.17	other				610636	1			0
Sound	H_tarson_Left_0.17	other				620812	2			0
Sound	H_tarson_Left_0.19	other				630959	1			0
Sound	H_tarson-Left-0.21	other				641136	1			0
Sound	H_tarson_Left_0.21	other				651313	1			0
Sound	H_tarson_Left_0.19	other				661460	1			0
Sound	H_tarson_Left_0.17	other				671636	2			0
Sound	H_tarson-Left-0.15	other				681813	1			0
Sound	H_tarson_Left_0.15	other				691960	1			0
Sound	H_tarson_Left_0.17	other				702137	1			0
Sound	H_tarson_Left_0.19	other				712284	1			0
Sound	L_tarson_Right_0.7	other				732637	1			0
Sound	L_tarson_Right_0.65	other				742784	1			0
Sound	L_tarson_Right_0.6	other				752961	1			0
Sound	L_tarson_Right_0.55	other				763138	1			0
Sound	L_tarson_Right_0.5	other				773284	2			0
Sound	L_tarson_Right_0.45	other				783461	1			0
Sound	L_tarson_Right_0.4	other				793638	1			0
Sound	L_tarson_Right_0.35	other				803785	1			0
Sound	L_tarson_Right_0.3	other				813962	1			0
Sound	L_tarson_Right_0.25	other				824108	2			0
Sound	L_tarson_Right_0.2	other				834285	1			0
Sound	L_tarson_Right_0.15	other				844462	1			0
Sound	L_tarson-Right-9.99999999999999e-002	other				854609	1			0
Sound	L_tarson_Right_9.99999999999999e-002	other				864786	1			0
Sound	L_tarson_Right_0.15	other				874962	2			0
Sound	L_tarson-Right-0.2	other				885109	1			0
Sound	L_tarson_Right_0.2	other				895286	1			0
Sound	L_tarson_Right_0.18	other				905433	1			0
Sound	L_tarson_Right_0.16	other				915610	1			0
Sound	L_tarson_Right_0.14	other				925787	1			0
Sound	L_tarson-Right-0.12	other				935933	1			0
Sound	L_tarson_Right_0.12	other				946110	1			0
Sound	L_tarson_Right_0.14	other				956287	1			0
Sound	L_tarson_Right_0.16	other				966434	1			0
Sound	L_tarson-Right-0.18	other				976610	2			0
Sound	L_tarson_Right_0.18	other				986757	1			0
Sound	L_tarson_Right_0.16	other				996934	1			0
Sound	L_tarson_Right_0.14	other				1007111	1			0
Sound	L_tarson-Right-0.12	other				1017258	1			0
Sound	L_tarson_Right_0.12	other				1027435	1			0
Sound	L_tarson_Right_0.14	other				1037611	1			0
Sound	L_tarson_Right_0.16	other				1047758	1			0
Sound	L_tarson_Right_0.18	other				1057935	1			0
Sound	H_tarson_Right_0.7	other				1078258	2			0
Sound	H_tarson_Right_0.65	other				1088435	1			0
Sound	H_tarson_Right_0.6	other				1098582	1			0
Sound	H_tarson_Right_0.55	other				1108759	1			0
Sound	H_tarson_Right_0.5	other				1118936	1			0
Sound	H_tarson_Right_0.45	other				1129082	2			0
Sound	H_tarson_Right_0.4	other				1139259	1			0
Sound	H_tarson_Right_0.35	other				1149406	1			0
Sound	H_tarson_Right_0.3	other				1159583	1			0
Sound	H_tarson_Right_0.25	other				1169760	1			0
Sound	H_tarson_Right_0.2	other				1179907	1			0
Sound	H_tarson_Right_0.15	other				1190083	1			0
Sound	H_tarson_Right_9.99999999999999e-002	other				1200260	1			0
Sound	H_tarson-Right-4.99999999999999e-002	other				1210407	1			0
Sound	H_tarson_Right_4.99999999999999e-002	other				1220584	1			0
Sound	H_tarson_Right_9.99999999999999e-002	other				1230731	1			0
Sound	H_tarson_Right_0.15	other				1240907	1			0
Sound	H_tarson-Right-0.2	other				1251084	1			0
Sound	H_tarson_Right_0.2	other				1261231	1			0
Sound	H_tarson_Right_0.18	other				1271408	1			0
Sound	H_tarson_Right_0.16	other				1281584	2			0
Sound	H_tarson_Right_0.14	other				1291731	1			0
Sound	H_tarson-Right-0.12	other				1301908	1			0
Sound	H_tarson_Right_0.12	other				1312055	1			0
Sound	H_tarson_Right_0.14	other				1322232	1			0
Sound	H_tarson_Right_0.16	other				1332408	2			0
Sound	H_tarson-Right-0.18	other				1342555	1			0
Sound	H_tarson_Right_0.18	other				1352732	1			0
Sound	H_tarson_Right_0.16	other				1362909	1			0
Sound	H_tarson_Right_0.14	other				1373056	1			0
Sound	H_tarson_Right_0.12	other				1383232	2			0
Sound	H_tarson-Right-9.99999999999999e-002	other				1393379	1			0
Sound	H_tarson_Right_9.99999999999999e-002	other				1403556	1			0
Sound	H_tarson_Right_0.12	other				1413733	1			0
Sound	H_tarson_Right_0.14	other				1423880	1			0
Sound	H_tarson_Right_0.16	other				1434056	2			0
