Scenario - 17_March_2015
Logfile written - 07/04/2017 11:23:07

Subject	Trial	Event Type	Code	Time	TTime	Uncertainty	Duration	Uncertainty	ReqTime	ReqDur	Stim Type	Pair Index

bonwi	1	Response	253	1194	11027	2
bonwi	2	Picture	10	1331	0	2	20165	3	0	20000	other	0
bonwi	3	Picture	10	21662	0	2	40163	3	0	40000	other	0
bonwi	3	Response	251	35890	14228	2
bonwi	4	Picture	10	61991	0	2	40163	3	0	40000	other	0
bonwi	4	Response	252	74783	12792	1
bonwi	5	Nothing	91	102155	0	1			0		other	0
bonwi	6	Picture	2	132317	0	2	2000	3	0	1920	other	0
bonwi	7	Sound	62	144299	0	2			0		hit	10
bonwi	7	Response	251	148071	3772	2
bonwi	8	Picture	101	179312	0	2	2000	3	0	1920	other	0
bonwi	9	Sound	61	191292	0	1			0		hit	13
bonwi	9	Response	251	195826	4534	1
bonwi	10	Picture	123	225807	0	1	2000	2	0	1920	other	0
bonwi	10	Sound	52	232866	7059	2			7060		other	0
bonwi	11	Sound	63	237806	0	1			0		hit	17
bonwi	11	Response	252	243275	5469	1
bonwi	12	Picture	101	271969	0	1	1999	3	0	1920	other	0
bonwi	13	Sound	61	283961	0	1			0		hit	20
bonwi	13	Response	251	287433	3472	1
bonwi	14	Picture	103	319297	0	2	2000	3	0	1920	other	0
bonwi	15	Sound	63	331283	0	1			0		hit	23
bonwi	15	Response	252	334740	3457	1
bonwi	16	Picture	4	366958	0	2	2000	3	0	1920	other	0
bonwi	17	Sound	64	378934	0	1			0		hit	26
bonwi	17	Response	252	383117	4183	1
bonwi	18	Picture	11	414120	0	1	2000	2	0	1920	other	0
bonwi	18	Sound	51	416829	2709	2			2710		other	0
bonwi	19	Sound	61	426106	0	1			0		hit	30
bonwi	19	Response	251	429788	3682	2
bonwi	20	Picture	22	460448	0	2	2000	4	0	1920	other	0
bonwi	20	Sound	52	468008	7560	1			7560		other	0
bonwi	21	Sound	62	472441	0	1			0		hit	34
bonwi	21	Response	251	476984	4543	1
bonwi	22	Picture	1	508276	0	2	2000	4	0	1920	other	0
bonwi	23	Sound	61	520271	0	2			0		hit	37
bonwi	23	Response	251	525072	4801	1
bonwi	24	Picture	2	554938	0	2	2000	3	0	1920	other	0
bonwi	25	Sound	62	566935	0	1			0		hit	40
bonwi	25	Response	251	570912	3977	1
bonwi	26	Picture	204	601266	0	2	2000	4	0	1920	other	0
bonwi	27	Sound	64	613239	0	1			0		hit	43
bonwi	27	Response	252	616718	3479	1
bonwi	28	Picture	4	648428	0	2	2000	3	0	1920	other	0
bonwi	29	Sound	64	660412	0	1			0		hit	46
bonwi	29	Response	252	663918	3506	1
bonwi	30	Picture	111	696423	0	1	2000	2	0	1920	other	0
bonwi	30	Sound	51	699943	3520	1			3520		other	0
bonwi	31	Sound	61	708422	0	1			0		hit	50
bonwi	31	Response	251	712143	3721	2
bonwi	32	Picture	3	743418	0	1	2000	2	0	1920	other	0
bonwi	33	Sound	63	755415	0	1			0		hit	53
bonwi	33	Response	252	760275	4860	1
bonwi	34	Picture	24	789913	0	1	2000	2	0	1920	other	0
bonwi	34	Sound	52	797212	7299	2			7300		other	0
bonwi	35	Sound	64	801899	0	1			0		hit	57
bonwi	35	Response	252	806763	4864	1
bonwi	36	Picture	1	836408	0	1	1999	3	0	1920	other	0
bonwi	37	Sound	61	848383	0	1			0		hit	60
bonwi	37	Response	251	852452	4069	1
bonwi	38	Picture	3	883903	0	1	2000	2	0	1920	other	0
bonwi	39	Sound	63	895884	0	1			0		hit	63
bonwi	39	Response	252	900194	4310	1
bonwi	40	Picture	202	930898	0	1	2000	2	0	1920	other	0
bonwi	41	Sound	62	942877	0	1			0		hit	66
bonwi	41	Response	251	947974	5097	2
bonwi	42	Picture	2	978059	0	2	2000	3	0	1920	other	0
bonwi	43	Sound	62	990049	0	2			0		hit	69
bonwi	43	Response	251	994568	4519	1
bonwi	44	Picture	4	1025720	0	2	2000	4	0	1920	other	0
bonwi	45	Sound	64	1037700	0	2			0		hit	72
bonwi	45	Response	252	1041342	3642	1
bonwi	46	Picture	3	1072549	0	2	2000	3	0	1920	other	0
bonwi	47	Sound	63	1084544	0	1			0		hit	75
bonwi	47	Response	252	1090487	5943	2
bonwi	48	Picture	204	1120377	0	2	2000	3	0	1920	other	0
bonwi	49	Sound	64	1132375	0	1			0		hit	78
bonwi	49	Response	252	1136797	4422	2
bonwi	50	Picture	13	1168539	0	1	1999	3	0	1920	other	0
bonwi	50	Sound	51	1171538	2999	2			3000		other	0
bonwi	51	Sound	63	1180535	0	1			0		hit	82
bonwi	51	Response	252	1184473	3938	1
bonwi	52	Picture	3	1214700	0	2	2000	4	0	1920	other	0
bonwi	53	Sound	63	1226689	0	1			0		hit	85
bonwi	53	Response	252	1230988	4299	1
bonwi	54	Picture	204	1262362	0	2	2000	3	0	1920	other	0
bonwi	55	Sound	64	1274341	0	1			0		hit	88
bonwi	55	Response	252	1278002	3661	1
bonwi	56	Picture	1	1309523	0	2	2000	4	0	1920	other	0
bonwi	57	Sound	61	1321513	0	1			0		hit	91
bonwi	57	Response	251	1324982	3469	2
bonwi	58	Picture	1	1356519	0	1	1999	3	0	1920	other	0
bonwi	59	Sound	61	1368506	0	1			0		hit	94
bonwi	59	Response	251	1372500	3994	2
bonwi	60	Picture	103	1403347	0	2	1999	4	0	1920	other	0
bonwi	61	Sound	63	1415319	0	1			0		hit	97
bonwi	61	Response	252	1420548	5229	1
bonwi	62	Picture	2	1450175	0	2	2000	3	0	1920	other	0
bonwi	63	Sound	62	1462162	0	1			0		hit	100
bonwi	63	Response	251	1466943	4781	2
bonwi	64	Picture	103	1497670	0	1	2000	2	0	1920	other	0
bonwi	65	Sound	63	1509664	0	1			0		hit	103
bonwi	65	Response	252	1513975	4311	1
bonwi	66	Picture	4	1543998	0	2	2000	3	0	1920	other	0
bonwi	67	Sound	64	1555998	0	1			0		hit	106
bonwi	67	Response	252	1560522	4524	1
bonwi	68	Picture	113	1591159	0	3	2000	5	0	1920	other	0
bonwi	68	Sound	51	1596278	5119	2			5120		other	0
bonwi	69	Sound	63	1603140	0	1			0		hit	110
bonwi	69	Response	252	1608592	5452	1
bonwi	70	Picture	103	1637321	0	2	2000	4	0	1920	other	0
bonwi	71	Sound	63	1649295	0	1			0		hit	113
bonwi	71	Response	252	1653744	4449	1
bonwi	72	Picture	204	1684150	0	1	1999	3	0	1920	other	0
bonwi	73	Sound	64	1696138	0	1			0		hit	116
bonwi	73	Response	252	1699957	3819	1
bonwi	74	Picture	202	1731311	0	2	2000	4	0	1920	other	0
bonwi	75	Sound	62	1743310	0	2			0		hit	119
bonwi	75	Response	251	1748540	5230	1
bonwi	76	Picture	224	1778806	0	2	2000	3	0	1920	other	0
bonwi	76	Sound	52	1785095	6289	2			6290		other	0
bonwi	77	Sound	64	1790782	0	1			0		hit	123
bonwi	77	Response	252	1795210	4428	1
bonwi	78	Picture	1	1825634	0	2	2000	4	0	1920	other	0
bonwi	79	Sound	61	1837625	0	1			0		hit	126
bonwi	79	Response	251	1841706	4081	1
bonwi	80	Picture	23	1872296	0	2	2000	3	0	1920	other	0
bonwi	80	Sound	52	1880245	7949	1			7950		other	0
bonwi	81	Sound	63	1884289	0	1			0		hit	130
bonwi	81	Response	252	1890335	6046	1
bonwi	82	Picture	103	1919124	0	2	2000	4	0	1920	other	0
bonwi	83	Sound	63	1931102	0	1			0		hit	133
bonwi	83	Response	252	1935456	4354	1
bonwi	84	Picture	212	1966119	0	2	2000	4	0	1920	other	0
bonwi	84	Sound	51	1971098	4979	2			4980		other	0
bonwi	85	Sound	62	1978095	0	1			0		hit	137
bonwi	85	Response	251	1981428	3333	1
bonwi	86	Picture	204	2013947	0	2	2000	4	0	1920	other	0
bonwi	87	Sound	64	2025925	0	2			0		hit	140
bonwi	87	Response	252	2030079	4154	1
bonwi	88	Picture	101	2061609	0	1	2000	2	0	1920	other	0
bonwi	89	Sound	61	2073607	0	1			0		hit	143
bonwi	89	Response	251	2077626	4019	1
bonwi	90	Picture	101	2109437	0	2	2000	3	0	1920	other	0
bonwi	91	Sound	61	2121407	0	2			0		hit	146
bonwi	91	Response	251	2125473	4066	1
bonwi	92	Picture	4	2157266	0	1	1999	3	0	1920	other	0
bonwi	93	Sound	64	2169238	0	2			0		hit	149
bonwi	93	Response	252	2173657	4419	1
bonwi	94	Picture	202	2205094	0	1	1999	3	0	1920	other	0
bonwi	95	Sound	62	2217069	0	1			0		hit	152
bonwi	95	Response	251	2221820	4751	2
bonwi	95	Response	251	2223443	6374	1
bonwi	96	Picture	222	2251922	0	1	2000	2	0	1920	other	0
bonwi	96	Sound	52	2260051	8129	2			8130		other	0
bonwi	97	Sound	62	2263912	0	1			0		hit	157
bonwi	97	Response	251	2268336	4424	1
bonwi	98	Picture	121	2299083	0	2	2000	4	0	1920	other	0
bonwi	98	Sound	52	2306822	7739	2			7740		other	0
bonwi	99	Sound	61	2311055	0	1			0		hit	161
bonwi	99	Response	251	2315515	4460	1
bonwi	100	Picture	1	2346245	0	1	2000	2	0	1920	other	0
bonwi	101	Sound	61	2358227	0	1			0		hit	164
bonwi	101	Response	251	2362091	3864	1
bonwi	102	Picture	101	2392407	0	1	1999	3	0	1920	other	0
bonwi	103	Sound	61	2404382	0	1			0		hit	167
bonwi	103	Response	251	2408164	3782	2
bonwi	104	Picture	2	2440402	0	1	1999	3	0	1920	other	0
bonwi	105	Sound	62	2452392	0	1			0		hit	170
bonwi	105	Response	251	2457934	5542	2
bonwi	106	Picture	202	2487397	0	1	1999	3	0	1920	other	0
bonwi	107	Sound	62	2499385	0	1			0		hit	173
bonwi	107	Response	251	2505448	6063	1
bonwi	108	Picture	14	2534058	0	2	2000	3	0	1920	other	0
bonwi	108	Sound	51	2537777	3719	1			3720		other	0
bonwi	109	Sound	64	2546048	0	2			0		hit	177
bonwi	109	Response	252	2551648	5600	1
bonwi	110	Picture	202	2580220	0	1	2000	2	0	1920	other	0
bonwi	111	Sound	62	2592203	0	1			0		hit	180
bonwi	111	Response	251	2597921	5718	2
bonwi	112	Picture	3	2626882	0	1	1999	3	0	1920	other	0
bonwi	113	Sound	63	2638867	0	1			0		hit	183
bonwi	113	Response	252	2642700	3833	1
bonwi	114	Picture	2	2673876	0	2	2000	4	0	1920	other	0
bonwi	115	Sound	62	2685859	0	1			0		hit	186
bonwi	115	Response	251	2689231	3372	1
bonwi	116	Picture	103	2720371	0	2	2000	4	0	1920	other	0
bonwi	117	Sound	63	2732343	0	1			0		hit	189
bonwi	117	Response	252	2735647	3304	2
bonwi	118	Picture	214	2768366	0	2	2000	4	0	1920	other	0
bonwi	118	Sound	51	2771766	3400	1			3400		other	0
bonwi	119	Sound	64	2780354	0	1			0		hit	193
bonwi	119	Response	252	2785150	4796	2
bonwi	120	Picture	101	2814694	0	2	2000	4	0	1920	other	0
bonwi	121	Sound	61	2826688	0	1			0		hit	196
bonwi	121	Response	251	2830168	3480	1
bonwi	122	Picture	12	2862523	0	1	1999	3	0	1920	other	0
bonwi	122	Sound	51	2865802	3279	2			3280		other	0
bonwi	123	Sound	62	2874519	0	1			0		hit	200
bonwi	123	Response	251	2878397	3878	1
bonwi	124	Picture	21	2908851	0	2	2000	3	0	1920	other	0
bonwi	124	Sound	52	2917030	8179	1			8180		other	0
bonwi	125	Sound	61	2920823	0	1			0		hit	204
bonwi	125	Response	251	2925307	4484	1
bonwi	126	Picture	4	2955679	0	2	2000	4	0	1920	other	0
bonwi	127	Sound	64	2967666	0	1			0		hit	207
bonwi	127	Response	252	2971027	3361	1
bonwi	128	Picture	204	3003508	0	1	1999	3	0	1920	other	0
bonwi	129	Sound	64	3015497	0	1			0		hit	210
bonwi	129	Response	252	3019489	3992	1
bonwi	130	Picture	3	3050169	0	2	2000	3	0	1920	other	0
bonwi	131	Sound	63	3062161	0	1			0		hit	213
bonwi	131	Response	252	3066329	4168	1
bonwi	132	Picture	202	3096831	0	1	2000	2	0	1920	other	0
bonwi	133	Sound	62	3108824	0	1			0		hit	216
bonwi	133	Response	251	3112659	3835	1
bonwi	134	Response	253	3329068	185242	1


Event Type	Code	Type	Response	RT	RT Uncertainty	Time	Uncertainty	Duration	Uncertainty	ReqTime	ReqDur

Picture	10	other				1331	2	20165	3	0	20000
Picture	10	other				21662	2	40163	3	0	40000
Picture	10	other				61991	2	40163	3	0	40000
Nothing	91	other				102155	1			0
Picture	2	other				132317	2	2000	3	0	1920
Sound	62	hit	1	3772	4	144299	2			0
Picture	101	other				179312	2	2000	3	0	1920
Sound	61	hit	1	4534	2	191292	1			0
Picture	123	other				225807	1	2000	2	0	1920
Sound	52	other				232866	2			7060
Sound	63	hit	2	5469	2	237806	1			0
Picture	101	other				271969	1	1999	3	0	1920
Sound	61	hit	1	3472	2	283961	1			0
Picture	103	other				319297	2	2000	3	0	1920
Sound	63	hit	2	3457	2	331283	1			0
Picture	4	other				366958	2	2000	3	0	1920
Sound	64	hit	2	4183	2	378934	1			0
Picture	11	other				414120	1	2000	2	0	1920
Sound	51	other				416829	2			2710
Sound	61	hit	1	3682	3	426106	1			0
Picture	22	other				460448	2	2000	4	0	1920
Sound	52	other				468008	1			7560
Sound	62	hit	1	4543	2	472441	1			0
Picture	1	other				508276	2	2000	4	0	1920
Sound	61	hit	1	4801	3	520271	2			0
Picture	2	other				554938	2	2000	3	0	1920
Sound	62	hit	1	3977	2	566935	1			0
Picture	204	other				601266	2	2000	4	0	1920
Sound	64	hit	2	3479	2	613239	1			0
Picture	4	other				648428	2	2000	3	0	1920
Sound	64	hit	2	3506	2	660412	1			0
Picture	111	other				696423	1	2000	2	0	1920
Sound	51	other				699943	1			3520
Sound	61	hit	1	3721	3	708422	1			0
Picture	3	other				743418	1	2000	2	0	1920
Sound	63	hit	2	4860	2	755415	1			0
Picture	24	other				789913	1	2000	2	0	1920
Sound	52	other				797212	2			7300
Sound	64	hit	2	4864	2	801899	1			0
Picture	1	other				836408	1	1999	3	0	1920
Sound	61	hit	1	4069	2	848383	1			0
Picture	3	other				883903	1	2000	2	0	1920
Sound	63	hit	2	4310	2	895884	1			0
Picture	202	other				930898	1	2000	2	0	1920
Sound	62	hit	1	5097	3	942877	1			0
Picture	2	other				978059	2	2000	3	0	1920
Sound	62	hit	1	4519	3	990049	2			0
Picture	4	other				1025720	2	2000	4	0	1920
Sound	64	hit	2	3642	3	1037700	2			0
Picture	3	other				1072549	2	2000	3	0	1920
Sound	63	hit	2	5943	3	1084544	1			0
Picture	204	other				1120377	2	2000	3	0	1920
Sound	64	hit	2	4422	3	1132375	1			0
Picture	13	other				1168539	1	1999	3	0	1920
Sound	51	other				1171538	2			3000
Sound	63	hit	2	3938	2	1180535	1			0
Picture	3	other				1214700	2	2000	4	0	1920
Sound	63	hit	2	4299	2	1226689	1			0
Picture	204	other				1262362	2	2000	3	0	1920
Sound	64	hit	2	3661	2	1274341	1			0
Picture	1	other				1309523	2	2000	4	0	1920
Sound	61	hit	1	3469	3	1321513	1			0
Picture	1	other				1356519	1	1999	3	0	1920
Sound	61	hit	1	3994	3	1368506	1			0
Picture	103	other				1403347	2	1999	4	0	1920
Sound	63	hit	2	5229	2	1415319	1			0
Picture	2	other				1450175	2	2000	3	0	1920
Sound	62	hit	1	4781	3	1462162	1			0
Picture	103	other				1497670	1	2000	2	0	1920
Sound	63	hit	2	4311	2	1509664	1			0
Picture	4	other				1543998	2	2000	3	0	1920
Sound	64	hit	2	4524	2	1555998	1			0
Picture	113	other				1591159	3	2000	5	0	1920
Sound	51	other				1596278	2			5120
Sound	63	hit	2	5452	2	1603140	1			0
Picture	103	other				1637321	2	2000	4	0	1920
Sound	63	hit	2	4449	2	1649295	1			0
Picture	204	other				1684150	1	1999	3	0	1920
Sound	64	hit	2	3819	2	1696138	1			0
Picture	202	other				1731311	2	2000	4	0	1920
Sound	62	hit	1	5230	3	1743310	2			0
Picture	224	other				1778806	2	2000	3	0	1920
Sound	52	other				1785095	2			6290
Sound	64	hit	2	4428	2	1790782	1			0
Picture	1	other				1825634	2	2000	4	0	1920
Sound	61	hit	1	4081	2	1837625	1			0
Picture	23	other				1872296	2	2000	3	0	1920
Sound	52	other				1880245	1			7950
Sound	63	hit	2	6046	2	1884289	1			0
Picture	103	other				1919124	2	2000	4	0	1920
Sound	63	hit	2	4354	2	1931102	1			0
Picture	212	other				1966119	2	2000	4	0	1920
Sound	51	other				1971098	2			4980
Sound	62	hit	1	3333	2	1978095	1			0
Picture	204	other				2013947	2	2000	4	0	1920
Sound	64	hit	2	4154	3	2025925	2			0
Picture	101	other				2061609	1	2000	2	0	1920
Sound	61	hit	1	4019	2	2073607	1			0
Picture	101	other				2109437	2	2000	3	0	1920
Sound	61	hit	1	4066	3	2121407	2			0
Picture	4	other				2157266	1	1999	3	0	1920
Sound	64	hit	2	4419	3	2169238	2			0
Picture	202	other				2205094	1	1999	3	0	1920
Sound	62	hit	1	4751	3	2217069	1			0
Picture	222	other				2251922	1	2000	2	0	1920
Sound	52	other				2260051	2			8130
Sound	62	hit	1	4424	2	2263912	1			0
Picture	121	other				2299083	2	2000	4	0	1920
Sound	52	other				2306822	2			7740
Sound	61	hit	1	4460	2	2311055	1			0
Picture	1	other				2346245	1	2000	2	0	1920
Sound	61	hit	1	3864	2	2358227	1			0
Picture	101	other				2392407	1	1999	3	0	1920
Sound	61	hit	1	3782	3	2404382	1			0
Picture	2	other				2440402	1	1999	3	0	1920
Sound	62	hit	1	5542	3	2452392	1			0
Picture	202	other				2487397	1	1999	3	0	1920
Sound	62	hit	1	6063	2	2499385	1			0
Picture	14	other				2534058	2	2000	3	0	1920
Sound	51	other				2537777	1			3720
Sound	64	hit	2	5600	3	2546048	2			0
Picture	202	other				2580220	1	2000	2	0	1920
Sound	62	hit	1	5718	3	2592203	1			0
Picture	3	other				2626882	1	1999	3	0	1920
Sound	63	hit	2	3833	2	2638867	1			0
Picture	2	other				2673876	2	2000	4	0	1920
Sound	62	hit	1	3372	2	2685859	1			0
Picture	103	other				2720371	2	2000	4	0	1920
Sound	63	hit	2	3304	3	2732343	1			0
Picture	214	other				2768366	2	2000	4	0	1920
Sound	51	other				2771766	1			3400
Sound	64	hit	2	4796	3	2780354	1			0
Picture	101	other				2814694	2	2000	4	0	1920
Sound	61	hit	1	3480	2	2826688	1			0
Picture	12	other				2862523	1	1999	3	0	1920
Sound	51	other				2865802	2			3280
Sound	62	hit	1	3878	2	2874519	1			0
Picture	21	other				2908851	2	2000	3	0	1920
Sound	52	other				2917030	1			8180
Sound	61	hit	1	4484	2	2920823	1			0
Picture	4	other				2955679	2	2000	4	0	1920
Sound	64	hit	2	3361	2	2967666	1			0
Picture	204	other				3003508	1	1999	3	0	1920
Sound	64	hit	2	3992	2	3015497	1			0
Picture	3	other				3050169	2	2000	3	0	1920
Sound	63	hit	2	4168	2	3062161	1			0
Picture	202	other				3096831	1	2000	2	0	1920
Sound	62	hit	1	3835	2	3108824	1			0
