Scenario - 17_March_2015
Logfile written - 07/04/2017 10:39:35

Subject	Trial	Event Type	Code	Time	TTime	Uncertainty	Duration	Uncertainty	ReqTime	ReqDur	Stim Type	Pair Index

bonwi	1	Response	253	-3595	6239	2
bonwi	2	Picture	10	-3501	0	2	20164	3	0	20000	other	0
bonwi	3	Picture	10	16829	0	2	40162	4	0	40000	other	0
bonwi	3	Response	251	32343	15514	2
bonwi	4	Picture	10	57158	0	2	40163	3	0	40000	other	0
bonwi	4	Response	252	74393	17235	1
bonwi	5	Nothing	91	97322	0	2			0		other	0
bonwi	6	Picture	202	127484	0	2	2000	3	0	1920	other	0
bonwi	7	Sound	62	139481	0	1			0		hit	10
bonwi	7	Response	251	143992	4511	1
bonwi	8	Picture	2	174146	0	1	1999	3	0	1920	other	0
bonwi	9	Sound	62	186144	0	1			0		hit	13
bonwi	9	Response	251	190619	4475	1
bonwi	10	Picture	113	220641	0	1	1999	3	0	1920	other	0
bonwi	10	Sound	51	223960	3319	2			3320		other	0
bonwi	11	Sound	63	232628	0	1			0		hit	17
bonwi	11	Response	252	236875	4247	1
bonwi	12	Picture	1	268302	0	2	2000	3	0	1920	other	0
bonwi	13	Sound	61	280279	0	2			0		hit	20
bonwi	13	Response	251	286590	6311	1
bonwi	14	Picture	101	314964	0	1	1999	3	0	1920	other	0
bonwi	15	Sound	61	326943	0	1			0		hit	23
bonwi	15	Response	251	331305	4362	1
bonwi	15	Response	251	333234	6291	1
bonwi	16	Picture	212	362625	0	2	2000	3	0	1920	other	0
bonwi	16	Sound	51	367484	4859	2			4860		other	0
bonwi	17	Sound	62	374624	0	1			0		hit	28
bonwi	17	Response	251	379758	5134	1
bonwi	18	Picture	2	409954	0	1	1999	3	0	1920	other	0
bonwi	19	Sound	62	421946	0	1			0		hit	31
bonwi	19	Response	251	426793	4847	2
bonwi	20	Picture	24	456782	0	1	2000	2	0	1920	other	0
bonwi	20	Sound	52	464111	7329	2			7330		other	0
bonwi	21	Sound	64	468759	0	1			0		hit	35
bonwi	21	Response	252	474095	5336	2
bonwi	22	Picture	12	503110	0	2	2000	3	0	1920	other	0
bonwi	22	Sound	51	508009	4899	2			4900		other	0
bonwi	23	Sound	62	515093	0	2			0		hit	39
bonwi	23	Response	251	519771	4678	2
bonwi	24	Picture	1	550272	0	1	2000	2	0	1920	other	0
bonwi	25	Sound	61	562266	0	1			0		hit	42
bonwi	25	Response	251	567134	4868	2
bonwi	26	Picture	2	597767	0	1	2000	2	0	1920	other	0
bonwi	27	Sound	62	609767	0	2			0		hit	45
bonwi	27	Response	251	613983	4216	1
bonwi	28	Picture	4	643928	0	2	2000	4	0	1920	other	0
bonwi	29	Sound	64	655922	0	1			0		hit	48
bonwi	29	Response	252	660206	4284	1
bonwi	30	Picture	111	691090	0	1	2000	2	0	1920	other	0
bonwi	30	Sound	51	696020	4930	1			4930		other	0
bonwi	31	Sound	61	703064	0	2			0		hit	52
bonwi	31	Response	251	707298	4234	1
bonwi	32	Picture	204	737418	0	2	2000	3	0	1920	other	0
bonwi	33	Sound	64	749399	0	1			0		hit	55
bonwi	33	Response	252	753404	4005	1
bonwi	34	Picture	202	785246	0	2	2000	4	0	1920	other	0
bonwi	35	Sound	62	797229	0	2			0		hit	58
bonwi	35	Response	251	800866	3637	2
bonwi	35	Response	251	802693	5464	1
bonwi	36	Picture	3	831908	0	2	2000	3	0	1920	other	0
bonwi	37	Sound	63	843893	0	1			0		hit	62
bonwi	37	Response	252	848958	5065	1
bonwi	38	Picture	202	878736	0	2	2000	4	0	1920	other	0
bonwi	39	Sound	62	890736	0	1			0		hit	65
bonwi	39	Response	251	895353	4617	1
bonwi	40	Picture	2	926564	0	2	2000	4	0	1920	other	0
bonwi	41	Sound	62	938537	0	1			0		hit	68
bonwi	41	Response	251	944177	5640	1
bonwi	42	Picture	3	973060	0	1	1999	3	0	1920	other	0
bonwi	43	Sound	63	985051	0	1			0		hit	71
bonwi	43	Response	252	990801	5750	1
bonwi	44	Picture	101	1020721	0	1	2000	2	0	1920	other	0
bonwi	45	Sound	61	1032702	0	1			0		hit	74
bonwi	45	Response	251	1037566	4864	1
bonwi	46	Picture	21	1068716	0	1	2000	2	0	1920	other	0
bonwi	46	Sound	52	1075175	6459	1			6460		other	0
bonwi	47	Sound	61	1080713	0	1			0		hit	78
bonwi	47	Response	251	1085398	4685	2
bonwi	48	Picture	204	1116378	0	1	1999	3	0	1920	other	0
bonwi	49	Sound	64	1128364	0	1			0		hit	81
bonwi	49	Response	252	1134624	6260	2
bonwi	50	Picture	23	1162706	0	1	2000	2	0	1920	other	0
bonwi	50	Sound	52	1168825	6119	1			6120		other	0
bonwi	51	Sound	63	1174698	0	1			0		hit	85
bonwi	51	Response	252	1180029	5331	1
bonwi	52	Picture	3	1210367	0	2	2000	4	0	1920	other	0
bonwi	53	Sound	63	1222349	0	2			0		hit	88
bonwi	53	Response	252	1227358	5009	1
bonwi	54	Picture	103	1256529	0	1	2000	2	0	1920	other	0
bonwi	55	Sound	63	1268504	0	1			0		hit	91
bonwi	55	Response	252	1272895	4391	1
bonwi	56	Picture	103	1303524	0	1	2000	2	0	1920	other	0
bonwi	57	Sound	63	1315497	0	1			0		hit	94
bonwi	57	Response	252	1319483	3986	2
bonwi	58	Picture	1	1350185	0	2	2000	4	0	1920	other	0
bonwi	59	Sound	61	1362160	0	1			0		hit	97
bonwi	59	Response	251	1367285	5125	1
bonwi	60	Picture	4	1397681	0	1	1999	3	0	1920	other	0
bonwi	61	Sound	64	1409662	0	1			0		hit	100
bonwi	61	Response	252	1414175	4513	2
bonwi	62	Picture	214	1444175	0	2	2000	4	0	1920	other	0
bonwi	62	Sound	51	1448884	4709	2			4710		other	0
bonwi	63	Sound	64	1456146	0	1			0		hit	104
bonwi	63	Response	252	1461962	5816	2
bonwi	64	Picture	204	1491337	0	2	2000	3	0	1920	other	0
bonwi	65	Sound	64	1503318	0	1			0		hit	107
bonwi	65	Response	252	1507475	4157	2
bonwi	66	Picture	202	1538998	0	2	2000	4	0	1920	other	0
bonwi	67	Sound	62	1550969	0	2			0		hit	110
bonwi	67	Response	251	1555995	5026	1
bonwi	68	Picture	101	1585327	0	1	2000	2	0	1920	other	0
bonwi	69	Sound	61	1597304	0	1			0		hit	113
bonwi	69	Response	251	1604955	7651	2
bonwi	70	Picture	11	1631822	0	1	1999	3	0	1920	other	0
bonwi	70	Sound	51	1635251	3429	2			3430		other	0
bonwi	71	Sound	61	1643818	0	1			0		hit	117
bonwi	71	Response	251	1648208	4390	1
bonwi	72	Picture	222	1678817	0	1	2000	2	0	1920	other	0
bonwi	72	Sound	52	1685916	7099	2			7100		other	0
bonwi	73	Sound	62	1690810	0	1			0		hit	121
bonwi	73	Response	251	1696591	5781	1
bonwi	74	Picture	4	1726145	0	1	2000	2	0	1920	other	0
bonwi	75	Sound	64	1738132	0	1			0		hit	124
bonwi	75	Response	252	1746015	7883	2
bonwi	76	Picture	3	1772640	0	2	2000	3	0	1920	other	0
bonwi	77	Sound	63	1784616	0	1			0		hit	127
bonwi	77	Response	252	1791004	6388	1
bonwi	78	Picture	22	1818968	0	2	2000	4	0	1920	other	0
bonwi	78	Sound	52	1825667	6699	2			6700		other	0
bonwi	79	Sound	62	1830950	0	2			0		hit	131
bonwi	79	Response	251	1836351	5401	1
bonwi	80	Picture	202	1866130	0	2	2000	3	0	1920	other	0
bonwi	81	Sound	62	1878123	0	1			0		hit	134
bonwi	81	Response	251	1884701	6578	2
bonwi	82	Picture	1	1914291	0	2	2000	4	0	1920	other	0
bonwi	83	Sound	61	1926283	0	1			0		hit	137
bonwi	83	Response	251	1932594	6311	2
bonwi	84	Picture	204	1962120	0	1	1999	3	0	1920	other	0
bonwi	85	Sound	64	1974114	0	1			0		hit	140
bonwi	85	Response	252	1978335	4221	2
bonwi	86	Picture	101	2008281	0	2	2000	4	0	1920	other	0
bonwi	87	Sound	61	2020268	0	2			0		hit	143
bonwi	87	Response	251	2025554	5286	1
bonwi	88	Picture	101	2054943	0	2	2000	4	0	1920	other	0
bonwi	89	Sound	61	2066932	0	1			0		hit	146
bonwi	89	Response	251	2071450	4518	1
bonwi	90	Picture	1	2102771	0	1	2000	2	0	1920	other	0
bonwi	91	Sound	61	2114763	0	1			0		hit	149
bonwi	91	Response	251	2120429	5666	1
bonwi	92	Picture	4	2150266	0	1	2000	2	0	1920	other	0
bonwi	93	Sound	64	2162264	0	2			0		hit	152
bonwi	93	Response	252	2166929	4665	1
bonwi	94	Picture	101	2197094	0	2	2000	3	0	1920	other	0
bonwi	95	Sound	61	2209077	0	2			0		hit	155
bonwi	95	Response	251	2214125	5048	1
bonwi	96	Picture	3	2244089	0	2	2000	3	0	1920	other	0
bonwi	97	Sound	63	2256070	0	1			0		hit	158
bonwi	97	Response	252	2261405	5335	1
bonwi	98	Picture	14	2291917	0	2	2000	4	0	1920	other	0
bonwi	98	Sound	51	2297116	5199	1			5200		other	0
bonwi	99	Sound	64	2303901	0	1			0		hit	162
bonwi	99	Response	252	2310874	6973	2
bonwi	100	Picture	103	2339246	0	1	1999	3	0	1920	other	0
bonwi	101	Sound	63	2351223	0	1			0		hit	165
bonwi	101	Response	252	2356000	4777	2
bonwi	102	Picture	2	2386407	0	2	2000	4	0	1920	other	0
bonwi	103	Sound	62	2398395	0	2			0		hit	168
bonwi	103	Response	251	2402701	4306	1
bonwi	104	Picture	4	2434069	0	1	2000	2	0	1920	other	0
bonwi	105	Sound	64	2446047	0	1			0		hit	171
bonwi	105	Response	252	2450615	4568	1
bonwi	106	Picture	103	2481397	0	2	2000	3	0	1920	other	0
bonwi	107	Sound	63	2493369	0	1			0		hit	174
bonwi	107	Response	252	2497821	4452	1
bonwi	108	Picture	121	2529059	0	1	1999	3	0	1920	other	0
bonwi	108	Sound	52	2535968	6909	1			6910		other	0
bonwi	109	Sound	61	2541050	0	1			0		hit	178
bonwi	109	Response	251	2546578	5528	2
bonwi	110	Picture	3	2575720	0	2	2000	3	0	1920	other	0
bonwi	111	Sound	63	2587714	0	1			0		hit	181
bonwi	111	Response	252	2592304	4590	1
bonwi	112	Picture	202	2623382	0	1	1999	3	0	1920	other	0
bonwi	113	Sound	62	2635365	0	1			0		hit	184
bonwi	113	Response	251	2642466	7101	2
bonwi	114	Picture	13	2669543	0	2	2000	3	0	1920	other	0
bonwi	114	Sound	51	2672112	2569	2			2570		other	0
bonwi	115	Sound	63	2681519	0	2			0		hit	188
bonwi	115	Response	252	2686559	5040	1
bonwi	116	Picture	123	2715872	0	1	1999	3	0	1920	other	0
bonwi	116	Sound	52	2721451	5579	2			5580		other	0
bonwi	117	Sound	63	2727854	0	1			0		hit	192
bonwi	117	Response	252	2734040	6186	1
bonwi	118	Picture	2	2763700	0	1	2000	2	0	1920	other	0
bonwi	119	Sound	62	2775684	0	2			0		hit	195
bonwi	119	Response	251	2781937	6253	1
bonwi	120	Picture	204	2810028	0	2	2000	3	0	1920	other	0
bonwi	121	Sound	64	2822019	0	1			0		hit	198
bonwi	121	Response	252	2827663	5644	1
bonwi	122	Picture	4	2856690	0	1	2000	2	0	1920	other	0
bonwi	123	Sound	64	2868682	0	1			0		hit	201
bonwi	123	Response	252	2873456	4774	1
bonwi	124	Picture	224	2903351	0	2	2000	4	0	1920	other	0
bonwi	124	Sound	52	2909680	6329	2			6330		other	0
bonwi	125	Sound	64	2915346	0	1			0		hit	205
bonwi	125	Response	252	2919881	4535	1
bonwi	126	Picture	103	2950680	0	1	1999	3	0	1920	other	0
bonwi	127	Sound	63	2962668	0	1			0		hit	208
bonwi	127	Response	252	2967561	4893	2
bonwi	128	Picture	1	2998841	0	2	2000	3	0	1920	other	0
bonwi	129	Sound	61	3010828	0	1			0		hit	211
bonwi	129	Response	251	3016431	5603	2
bonwi	130	Picture	103	3046503	0	1	2000	2	0	1920	other	0
bonwi	131	Sound	63	3058479	0	1			0		hit	214
bonwi	131	Response	252	3063723	5244	1
bonwi	132	Picture	204	3093331	0	1	2000	2	0	1920	other	0
bonwi	133	Sound	64	3105322	0	1			0		hit	217
bonwi	133	Response	252	3110194	4872	2
bonwi	134	Response	253	3248281	106955	1


Event Type	Code	Type	Response	RT	RT Uncertainty	Time	Uncertainty	Duration	Uncertainty	ReqTime	ReqDur

Picture	10	other				-3501	2	20164	3	0	20000
Picture	10	other				16829	2	40162	4	0	40000
Picture	10	other				57158	2	40163	3	0	40000
Nothing	91	other				97322	2			0
Picture	202	other				127484	2	2000	3	0	1920
Sound	62	hit	1	4511	2	139481	1			0
Picture	2	other				174146	1	1999	3	0	1920
Sound	62	hit	1	4475	2	186144	1			0
Picture	113	other				220641	1	1999	3	0	1920
Sound	51	other				223960	2			3320
Sound	63	hit	2	4247	2	232628	1			0
Picture	1	other				268302	2	2000	3	0	1920
Sound	61	hit	1	6311	3	280279	2			0
Picture	101	other				314964	1	1999	3	0	1920
Sound	61	hit	1	4362	2	326943	1			0
Picture	212	other				362625	2	2000	3	0	1920
Sound	51	other				367484	2			4860
Sound	62	hit	1	5134	2	374624	1			0
Picture	2	other				409954	1	1999	3	0	1920
Sound	62	hit	1	4847	3	421946	1			0
Picture	24	other				456782	1	2000	2	0	1920
Sound	52	other				464111	2			7330
Sound	64	hit	2	5336	3	468759	1			0
Picture	12	other				503110	2	2000	3	0	1920
Sound	51	other				508009	2			4900
Sound	62	hit	1	4678	4	515093	2			0
Picture	1	other				550272	1	2000	2	0	1920
Sound	61	hit	1	4868	3	562266	1			0
Picture	2	other				597767	1	2000	2	0	1920
Sound	62	hit	1	4216	3	609767	2			0
Picture	4	other				643928	2	2000	4	0	1920
Sound	64	hit	2	4284	2	655922	1			0
Picture	111	other				691090	1	2000	2	0	1920
Sound	51	other				696020	1			4930
Sound	61	hit	1	4234	3	703064	2			0
Picture	204	other				737418	2	2000	3	0	1920
Sound	64	hit	2	4005	2	749399	1			0
Picture	202	other				785246	2	2000	4	0	1920
Sound	62	hit	1	3637	4	797229	2			0
Picture	3	other				831908	2	2000	3	0	1920
Sound	63	hit	2	5065	2	843893	1			0
Picture	202	other				878736	2	2000	4	0	1920
Sound	62	hit	1	4617	2	890736	1			0
Picture	2	other				926564	2	2000	4	0	1920
Sound	62	hit	1	5640	2	938537	1			0
Picture	3	other				973060	1	1999	3	0	1920
Sound	63	hit	2	5750	2	985051	1			0
Picture	101	other				1020721	1	2000	2	0	1920
Sound	61	hit	1	4864	2	1032702	1			0
Picture	21	other				1068716	1	2000	2	0	1920
Sound	52	other				1075175	1			6460
Sound	61	hit	1	4685	3	1080713	1			0
Picture	204	other				1116378	1	1999	3	0	1920
Sound	64	hit	2	6260	3	1128364	1			0
Picture	23	other				1162706	1	2000	2	0	1920
Sound	52	other				1168825	1			6120
Sound	63	hit	2	5331	2	1174698	1			0
Picture	3	other				1210367	2	2000	4	0	1920
Sound	63	hit	2	5009	3	1222349	2			0
Picture	103	other				1256529	1	2000	2	0	1920
Sound	63	hit	2	4391	2	1268504	1			0
Picture	103	other				1303524	1	2000	2	0	1920
Sound	63	hit	2	3986	3	1315497	1			0
Picture	1	other				1350185	2	2000	4	0	1920
Sound	61	hit	1	5125	2	1362160	1			0
Picture	4	other				1397681	1	1999	3	0	1920
Sound	64	hit	2	4513	3	1409662	1			0
Picture	214	other				1444175	2	2000	4	0	1920
Sound	51	other				1448884	2			4710
Sound	64	hit	2	5816	3	1456146	1			0
Picture	204	other				1491337	2	2000	3	0	1920
Sound	64	hit	2	4157	3	1503318	1			0
Picture	202	other				1538998	2	2000	4	0	1920
Sound	62	hit	1	5026	3	1550969	2			0
Picture	101	other				1585327	1	2000	2	0	1920
Sound	61	hit	1	7651	3	1597304	1			0
Picture	11	other				1631822	1	1999	3	0	1920
Sound	51	other				1635251	2			3430
Sound	61	hit	1	4390	2	1643818	1			0
Picture	222	other				1678817	1	2000	2	0	1920
Sound	52	other				1685916	2			7100
Sound	62	hit	1	5781	2	1690810	1			0
Picture	4	other				1726145	1	2000	2	0	1920
Sound	64	hit	2	7883	3	1738132	1			0
Picture	3	other				1772640	2	2000	3	0	1920
Sound	63	hit	2	6388	2	1784616	1			0
Picture	22	other				1818968	2	2000	4	0	1920
Sound	52	other				1825667	2			6700
Sound	62	hit	1	5401	3	1830950	2			0
Picture	202	other				1866130	2	2000	3	0	1920
Sound	62	hit	1	6578	3	1878123	1			0
Picture	1	other				1914291	2	2000	4	0	1920
Sound	61	hit	1	6311	3	1926283	1			0
Picture	204	other				1962120	1	1999	3	0	1920
Sound	64	hit	2	4221	3	1974114	1			0
Picture	101	other				2008281	2	2000	4	0	1920
Sound	61	hit	1	5286	3	2020268	2			0
Picture	101	other				2054943	2	2000	4	0	1920
Sound	61	hit	1	4518	2	2066932	1			0
Picture	1	other				2102771	1	2000	2	0	1920
Sound	61	hit	1	5666	2	2114763	1			0
Picture	4	other				2150266	1	2000	2	0	1920
Sound	64	hit	2	4665	3	2162264	2			0
Picture	101	other				2197094	2	2000	3	0	1920
Sound	61	hit	1	5048	3	2209077	2			0
Picture	3	other				2244089	2	2000	3	0	1920
Sound	63	hit	2	5335	2	2256070	1			0
Picture	14	other				2291917	2	2000	4	0	1920
Sound	51	other				2297116	1			5200
Sound	64	hit	2	6973	3	2303901	1			0
Picture	103	other				2339246	1	1999	3	0	1920
Sound	63	hit	2	4777	3	2351223	1			0
Picture	2	other				2386407	2	2000	4	0	1920
Sound	62	hit	1	4306	3	2398395	2			0
Picture	4	other				2434069	1	2000	2	0	1920
Sound	64	hit	2	4568	2	2446047	1			0
Picture	103	other				2481397	2	2000	3	0	1920
Sound	63	hit	2	4452	2	2493369	1			0
Picture	121	other				2529059	1	1999	3	0	1920
Sound	52	other				2535968	1			6910
Sound	61	hit	1	5528	3	2541050	1			0
Picture	3	other				2575720	2	2000	3	0	1920
Sound	63	hit	2	4590	2	2587714	1			0
Picture	202	other				2623382	1	1999	3	0	1920
Sound	62	hit	1	7101	3	2635365	1			0
Picture	13	other				2669543	2	2000	3	0	1920
Sound	51	other				2672112	2			2570
Sound	63	hit	2	5040	3	2681519	2			0
Picture	123	other				2715872	1	1999	3	0	1920
Sound	52	other				2721451	2			5580
Sound	63	hit	2	6186	2	2727854	1			0
Picture	2	other				2763700	1	2000	2	0	1920
Sound	62	hit	1	6253	3	2775684	2			0
Picture	204	other				2810028	2	2000	3	0	1920
Sound	64	hit	2	5644	2	2822019	1			0
Picture	4	other				2856690	1	2000	2	0	1920
Sound	64	hit	2	4774	2	2868682	1			0
Picture	224	other				2903351	2	2000	4	0	1920
Sound	52	other				2909680	2			6330
Sound	64	hit	2	4535	2	2915346	1			0
Picture	103	other				2950680	1	1999	3	0	1920
Sound	63	hit	2	4893	3	2962668	1			0
Picture	1	other				2998841	2	2000	3	0	1920
Sound	61	hit	1	5603	3	3010828	1			0
Picture	103	other				3046503	1	2000	2	0	1920
Sound	63	hit	2	5244	2	3058479	1			0
Picture	204	other				3093331	1	2000	2	0	1920
Sound	64	hit	2	4872	3	3105322	1			0
