Scenario - 17_March_2015
Logfile written - 05/31/2016 11:01:01

Subject	Trial	Event Type	Code	Time	TTime	Uncertainty	Duration	Uncertainty	ReqTime	ReqDur	Stim Type	Pair Index

fc4	1	Response	253	10234	20067	2
fc4	2	Picture	10	10330	0	2	20165	3	0	20000	other	0
fc4	3	Picture	10	30662	0	2	40162	4	0	40000	other	0
fc4	3	Response	251	38947	8285	2
fc4	3	Response	251	43470	12808	1
fc4	4	Picture	10	70991	0	2	40163	3	0	40000	other	0
fc4	4	Response	252	84314	13323	2
fc4	5	Nothing	91	111156	0	1			0		other	0
fc4	6	Picture	103	141317	0	2	2000	4	0	1920	other	0
fc4	7	Sound	63	153311	0	1			0		hit	11
fc4	7	Response	252	157855	4544	1
fc4	8	Picture	202	187646	0	2	2000	3	0	1920	other	0
fc4	9	Sound	62	199646	0	1			0		hit	14
fc4	9	Response	251	204993	5347	2
fc4	10	Picture	204	233808	0	2	2000	3	0	1920	other	0
fc4	11	Sound	64	245801	0	1			0		hit	17
fc4	11	Response	252	249564	3763	1
fc4	12	Picture	111	281637	0	2	1999	4	0	1920	other	0
fc4	12	Sound	51	285976	4339	2			4340		other	0
fc4	13	Sound	61	293633	0	1			0		hit	21
fc4	13	Response	251	298815	5182	1
fc4	14	Picture	222	329465	0	2	2000	4	0	1920	other	0
fc4	14	Sound	52	336264	6799	2			6800		other	0
fc4	15	Sound	62	341464	0	1			0		hit	25
fc4	15	Response	251	347706	6242	2
fc4	16	Picture	3	375794	0	2	2000	3	0	1920	other	0
fc4	17	Sound	63	387769	0	1			0		hit	28
fc4	17	Response	252	395100	7331	2
fc4	18	Picture	103	422956	0	2	2000	3	0	1920	other	0
fc4	19	Sound	63	434942	0	1			0		hit	31
fc4	19	Response	252	443359	8417	1
fc4	20	Picture	202	470118	0	2	2000	3	0	1920	other	0
fc4	21	Sound	62	482115	0	1			0		hit	34
fc4	21	Response	251	489308	7193	1
fc4	21	Response	252	493855	11740	1
fc4	22	Picture	3	517947	0	1	2000	2	0	1920	other	0
fc4	23	Sound	63	529947	0	1			0		hit	38
fc4	23	Response	252	538386	8439	1
fc4	24	Picture	1	564442	0	2	2000	3	0	1920	other	0
fc4	25	Sound	61	576431	0	1			0		hit	41
fc4	25	Response	251	586431	10000	1
fc4	26	Picture	23	612104	0	2	2000	3	0	1920	other	0
fc4	26	Sound	52	620143	8039	2			8040		other	0
fc4	27	Sound	63	624083	0	1			0		hit	45
fc4	27	Response	252	630824	6741	2
fc4	28	Picture	12	659266	0	2	2000	3	0	1920	other	0
fc4	28	Sound	51	663875	4609	1			4610		other	0
fc4	29	Sound	62	671256	0	1			0		hit	49
fc4	29	Response	251	676497	5241	2
fc4	30	Picture	4	706428	0	2	2000	3	0	1920	other	0
fc4	31	Sound	64	718399	0	1			0		hit	52
fc4	31	Response	252	724699	6300	1
fc4	32	Picture	1	753257	0	1	2000	2	0	1920	other	0
fc4	33	Sound	61	765243	0	1			0		hit	55
fc4	33	Response	251	769900	4657	1
fc4	34	Picture	2	800752	0	2	2000	3	0	1920	other	0
fc4	35	Sound	62	812745	0	1			0		hit	58
fc4	35	Response	251	818626	5881	1
fc4	36	Picture	202	847748	0	1	1999	3	0	1920	other	0
fc4	37	Sound	62	859739	0	1			0		hit	61
fc4	37	Response	251	865808	6069	1
fc4	38	Picture	11	895576	0	2	2000	3	0	1920	other	0
fc4	38	Sound	51	899725	4149	2			4150		other	0
fc4	39	Sound	61	907570	0	1			0		hit	65
fc4	39	Response	251	916019	8449	2
fc4	40	Picture	1	943405	0	1	2000	2	0	1920	other	0
fc4	41	Sound	61	955401	0	2			0		hit	68
fc4	41	Response	251	963267	7866	1
fc4	42	Picture	2	990567	0	1	1999	3	0	1920	other	0
fc4	43	Sound	62	1002545	0	1			0		hit	71
fc4	43	Response	251	1011156	8611	1
fc4	44	Picture	24	1036729	0	1	2000	2	0	1920	other	0
fc4	44	Sound	52	1042968	6239	1			6240		other	0
fc4	45	Sound	64	1048700	0	1			0		hit	75
fc4	45	Response	252	1053121	4421	1
fc4	46	Picture	14	1083057	0	2	2000	4	0	1920	other	0
fc4	46	Sound	51	1085826	2769	2			2770		other	0
fc4	47	Sound	64	1095035	0	1			0		hit	79
fc4	47	Response	252	1105471	10436	1
fc4	48	Picture	4	1131053	0	1	2000	2	0	1920	other	0
fc4	49	Sound	64	1143046	0	1			0		hit	82
fc4	49	Response	252	1150437	7391	1
fc4	50	Picture	101	1177882	0	1	1999	3	0	1920	other	0
fc4	51	Sound	61	1189860	0	1			0		hit	85
fc4	51	Response	251	1199982	10122	2
fc4	52	Picture	204	1225710	0	2	2000	3	0	1920	other	0
fc4	53	Sound	64	1237691	0	1			0		hit	88
fc4	53	Response	252	1244465	6774	1
fc4	54	Picture	101	1273705	0	2	2000	4	0	1920	other	0
fc4	55	Sound	61	1285702	0	1			0		hit	91
fc4	55	Response	251	1292106	6404	1
fc4	56	Picture	1	1321034	0	2	2000	3	0	1920	other	0
fc4	57	Sound	61	1333025	0	1			0		hit	94
fc4	57	Response	251	1342111	9086	1
fc4	58	Picture	21	1367863	0	1	2000	2	0	1920	other	0
fc4	58	Sound	52	1375562	7699	1			7700		other	0
fc4	59	Sound	61	1379839	0	1			0		incorrect	98
fc4	59	Response	252	1386030	6191	2
fc4	60	Picture	113	1415691	0	2	2000	4	0	1920	other	0
fc4	60	Sound	51	1418280	2589	1			2590		other	0
fc4	61	Sound	63	1427670	0	2			0		hit	102
fc4	61	Response	252	1431820	4150	2
fc4	62	Picture	103	1462353	0	2	2000	4	0	1920	other	0
fc4	63	Sound	63	1474334	0	2			0		hit	105
fc4	63	Response	252	1479222	4888	1
fc4	64	Picture	204	1509349	0	1	2000	2	0	1920	other	0
fc4	65	Sound	64	1521328	0	1			0		hit	108
fc4	65	Response	252	1526926	5598	1
fc4	66	Picture	202	1556177	0	2	2000	4	0	1920	other	0
fc4	67	Sound	62	1568172	0	1			0		hit	111
fc4	67	Response	251	1578488	10316	1
fc4	68	Picture	4	1604006	0	2	2000	3	0	1920	other	0
fc4	69	Sound	64	1616003	0	1			0		hit	114
fc4	69	Response	252	1622737	6734	2
fc4	70	Picture	103	1652001	0	2	2000	4	0	1920	other	0
fc4	71	Sound	63	1663984	0	1			0		hit	117
fc4	71	Response	252	1670154	6170	2
fc4	72	Picture	4	1699997	0	1	1999	3	0	1920	other	0
fc4	73	Sound	64	1711995	0	2			0		hit	120
fc4	73	Response	252	1719377	7382	1
fc4	74	Picture	13	1747159	0	1	1999	3	0	1920	other	0
fc4	74	Sound	51	1752498	5339	1			5340		other	0
fc4	75	Sound	63	1759138	0	1			0		hit	124
fc4	75	Response	252	1763853	4715	1
fc4	76	Picture	123	1794987	0	2	2000	3	0	1920	other	0
fc4	76	Sound	52	1802466	7479	2			7480		other	0
fc4	77	Sound	63	1806970	0	1			0		hit	128
fc4	77	Response	252	1810838	3868	1
fc4	78	Picture	204	1841316	0	2	2000	3	0	1920	other	0
fc4	79	Sound	64	1853305	0	1			0		hit	131
fc4	79	Response	252	1858138	4833	1
fc4	80	Picture	22	1887978	0	1	2000	2	0	1920	other	0
fc4	80	Sound	52	1894987	7009	2			7010		other	0
fc4	81	Sound	62	1899969	0	1			0		hit	135
fc4	81	Response	251	1909961	9992	1
fc4	82	Picture	3	1935140	0	2	2000	3	0	1920	other	0
fc4	83	Sound	63	1947112	0	1			0		hit	138
fc4	83	Response	252	1951570	4458	2
fc4	84	Picture	3	1983135	0	2	2000	3	0	1920	other	0
fc4	85	Sound	63	1995123	0	1			0		hit	141
fc4	85	Response	252	2001715	6592	2
fc4	86	Picture	103	2030797	0	2	2000	3	0	1920	other	0
fc4	87	Sound	63	2042775	0	1			0		hit	144
fc4	87	Response	252	2050698	7923	1
fc4	88	Picture	4	2077792	0	2	2000	4	0	1920	other	0
fc4	89	Sound	64	2089768	0	2			0		hit	147
fc4	89	Response	252	2096913	7145	1
fc4	90	Picture	2	2124121	0	2	2000	4	0	1920	other	0
fc4	91	Sound	62	2136103	0	2			0		hit	150
fc4	91	Response	251	2146456	10353	2
fc4	92	Picture	202	2171283	0	2	2000	3	0	1920	other	0
fc4	93	Sound	62	2183276	0	1			0		hit	153
fc4	93	Response	251	2188370	5094	1
fc4	93	Response	252	2192909	9633	1
fc4	94	Picture	121	2217779	0	1	1999	3	0	1920	other	0
fc4	94	Sound	52	2223508	5729	2			5730		other	0
fc4	95	Sound	61	2229761	0	1			0		hit	158
fc4	95	Response	251	2234799	5038	2
fc4	96	Picture	101	2265441	0	1	1999	3	0	1920	other	0
fc4	97	Sound	61	2277413	0	1			0		hit	161
fc4	97	Response	251	2283441	6028	2
fc4	98	Picture	2	2312436	0	1	2000	2	0	1920	other	0
fc4	99	Sound	62	2324436	0	1			0		hit	164
fc4	99	Response	251	2330114	5678	1
fc4	100	Picture	212	2360598	0	1	2000	2	0	1920	other	0
fc4	100	Sound	51	2365627	5029	2			5030		other	0
fc4	101	Sound	62	2372597	0	1			0		hit	168
fc4	101	Response	251	2378024	5427	1
fc4	102	Picture	2	2406927	0	1	1999	3	0	1920	other	0
fc4	103	Sound	62	2418902	0	1			0		hit	171
fc4	103	Response	251	2423826	4924	1
fc4	104	Picture	4	2453922	0	1	2000	2	0	1920	other	0
fc4	105	Sound	64	2465895	0	1			0		hit	174
fc4	105	Response	252	2470842	4947	1
fc4	106	Picture	224	2501917	0	2	2000	3	0	1920	other	0
fc4	106	Sound	52	2508346	6429	1			6430		other	0
fc4	107	Sound	64	2513906	0	2			0		hit	178
fc4	107	Response	252	2520032	6126	1
fc4	108	Picture	2	2548412	0	2	2000	4	0	1920	other	0
fc4	109	Sound	62	2560391	0	1			0		hit	181
fc4	109	Response	251	2566766	6375	1
fc4	110	Picture	204	2595741	0	2	2000	3	0	1920	other	0
fc4	111	Sound	64	2607713	0	2			0		hit	184
fc4	111	Response	252	2615429	7716	2
fc4	112	Picture	101	2643237	0	1	1999	3	0	1920	other	0
fc4	113	Sound	61	2655216	0	1			0		hit	187
fc4	113	Response	251	2662003	6787	1
fc4	114	Picture	214	2691065	0	1	2000	2	0	1920	other	0
fc4	114	Sound	51	2693854	2789	2			2790		other	0
fc4	115	Sound	64	2703047	0	1			0		hit	191
fc4	115	Response	252	2708127	5080	1
fc4	116	Picture	202	2737727	0	2	2000	3	0	1920	other	0
fc4	117	Sound	62	2749711	0	2			0		hit	194
fc4	117	Response	251	2754896	5185	2
fc4	118	Picture	3	2784556	0	1	2000	2	0	1920	other	0
fc4	119	Sound	63	2796555	0	1			0		hit	197
fc4	119	Response	252	2805036	8481	1
fc4	120	Picture	1	2831884	0	2	2000	4	0	1920	other	0
fc4	121	Sound	61	2843878	0	1			0		hit	200
fc4	121	Response	251	2852973	9095	1
fc4	122	Picture	1	2879213	0	2	2000	3	0	1920	other	0
fc4	123	Sound	61	2891200	0	2			0		hit	203
fc4	123	Response	251	2897668	6468	2
fc4	124	Picture	3	2926542	0	1	2000	2	0	1920	other	0
fc4	125	Sound	63	2938523	0	1			0		hit	206
fc4	125	Response	252	2944303	5780	1
fc4	126	Picture	204	2973037	0	2	2000	3	0	1920	other	0
fc4	127	Sound	64	2985007	0	2			0		hit	209
fc4	127	Response	252	2993988	8981	2
fc4	128	Picture	101	3019199	0	2	2000	3	0	1920	other	0
fc4	129	Sound	61	3031193	0	1			0		hit	212
fc4	129	Response	251	3046878	15685	2
fc4	130	Picture	103	3065361	0	2	2000	4	0	1920	other	0
fc4	131	Sound	63	3077348	0	1			0		hit	215
fc4	131	Response	252	3084468	7120	1
fc4	132	Picture	101	3113356	0	2	2000	4	0	1920	other	0
fc4	133	Sound	61	3125329	0	1			0		hit	218
fc4	133	Response	251	3132232	6903	1
fc4	134	Response	253	3296538	136686	1


Event Type	Code	Type	Response	RT	RT Uncertainty	Time	Uncertainty	Duration	Uncertainty	ReqTime	ReqDur

Picture	10	other				10330	2	20165	3	0	20000
Picture	10	other				30662	2	40162	4	0	40000
Picture	10	other				70991	2	40163	3	0	40000
Nothing	91	other				111156	1			0
Picture	103	other				141317	2	2000	4	0	1920
Sound	63	hit	2	4544	2	153311	1			0
Picture	202	other				187646	2	2000	3	0	1920
Sound	62	hit	1	5347	3	199646	1			0
Picture	204	other				233808	2	2000	3	0	1920
Sound	64	hit	2	3763	2	245801	1			0
Picture	111	other				281637	2	1999	4	0	1920
Sound	51	other				285976	2			4340
Sound	61	hit	1	5182	2	293633	1			0
Picture	222	other				329465	2	2000	4	0	1920
Sound	52	other				336264	2			6800
Sound	62	hit	1	6242	3	341464	1			0
Picture	3	other				375794	2	2000	3	0	1920
Sound	63	hit	2	7331	3	387769	1			0
Picture	103	other				422956	2	2000	3	0	1920
Sound	63	hit	2	8417	2	434942	1			0
Picture	202	other				470118	2	2000	3	0	1920
Sound	62	hit	1	7193	2	482115	1			0
Picture	3	other				517947	1	2000	2	0	1920
Sound	63	hit	2	8439	2	529947	1			0
Picture	1	other				564442	2	2000	3	0	1920
Sound	61	hit	1	10000	2	576431	1			0
Picture	23	other				612104	2	2000	3	0	1920
Sound	52	other				620143	2			8040
Sound	63	hit	2	6741	3	624083	1			0
Picture	12	other				659266	2	2000	3	0	1920
Sound	51	other				663875	1			4610
Sound	62	hit	1	5241	3	671256	1			0
Picture	4	other				706428	2	2000	3	0	1920
Sound	64	hit	2	6300	2	718399	1			0
Picture	1	other				753257	1	2000	2	0	1920
Sound	61	hit	1	4657	2	765243	1			0
Picture	2	other				800752	2	2000	3	0	1920
Sound	62	hit	1	5881	2	812745	1			0
Picture	202	other				847748	1	1999	3	0	1920
Sound	62	hit	1	6069	2	859739	1			0
Picture	11	other				895576	2	2000	3	0	1920
Sound	51	other				899725	2			4150
Sound	61	hit	1	8449	3	907570	1			0
Picture	1	other				943405	1	2000	2	0	1920
Sound	61	hit	1	7866	3	955401	2			0
Picture	2	other				990567	1	1999	3	0	1920
Sound	62	hit	1	8611	2	1002545	1			0
Picture	24	other				1036729	1	2000	2	0	1920
Sound	52	other				1042968	1			6240
Sound	64	hit	2	4421	2	1048700	1			0
Picture	14	other				1083057	2	2000	4	0	1920
Sound	51	other				1085826	2			2770
Sound	64	hit	2	10436	2	1095035	1			0
Picture	4	other				1131053	1	2000	2	0	1920
Sound	64	hit	2	7391	2	1143046	1			0
Picture	101	other				1177882	1	1999	3	0	1920
Sound	61	hit	1	10122	3	1189860	1			0
Picture	204	other				1225710	2	2000	3	0	1920
Sound	64	hit	2	6774	2	1237691	1			0
Picture	101	other				1273705	2	2000	4	0	1920
Sound	61	hit	1	6404	2	1285702	1			0
Picture	1	other				1321034	2	2000	3	0	1920
Sound	61	hit	1	9086	2	1333025	1			0
Picture	21	other				1367863	1	2000	2	0	1920
Sound	52	other				1375562	1			7700
Sound	61	incorrect	2	6191	3	1379839	1			0
Picture	113	other				1415691	2	2000	4	0	1920
Sound	51	other				1418280	1			2590
Sound	63	hit	2	4150	4	1427670	2			0
Picture	103	other				1462353	2	2000	4	0	1920
Sound	63	hit	2	4888	3	1474334	2			0
Picture	204	other				1509349	1	2000	2	0	1920
Sound	64	hit	2	5598	2	1521328	1			0
Picture	202	other				1556177	2	2000	4	0	1920
Sound	62	hit	1	10316	2	1568172	1			0
Picture	4	other				1604006	2	2000	3	0	1920
Sound	64	hit	2	6734	3	1616003	1			0
Picture	103	other				1652001	2	2000	4	0	1920
Sound	63	hit	2	6170	3	1663984	1			0
Picture	4	other				1699997	1	1999	3	0	1920
Sound	64	hit	2	7382	3	1711995	2			0
Picture	13	other				1747159	1	1999	3	0	1920
Sound	51	other				1752498	1			5340
Sound	63	hit	2	4715	2	1759138	1			0
Picture	123	other				1794987	2	2000	3	0	1920
Sound	52	other				1802466	2			7480
Sound	63	hit	2	3868	2	1806970	1			0
Picture	204	other				1841316	2	2000	3	0	1920
Sound	64	hit	2	4833	2	1853305	1			0
Picture	22	other				1887978	1	2000	2	0	1920
Sound	52	other				1894987	2			7010
Sound	62	hit	1	9992	2	1899969	1			0
Picture	3	other				1935140	2	2000	3	0	1920
Sound	63	hit	2	4458	3	1947112	1			0
Picture	3	other				1983135	2	2000	3	0	1920
Sound	63	hit	2	6592	3	1995123	1			0
Picture	103	other				2030797	2	2000	3	0	1920
Sound	63	hit	2	7923	2	2042775	1			0
Picture	4	other				2077792	2	2000	4	0	1920
Sound	64	hit	2	7145	3	2089768	2			0
Picture	2	other				2124121	2	2000	4	0	1920
Sound	62	hit	1	10353	4	2136103	2			0
Picture	202	other				2171283	2	2000	3	0	1920
Sound	62	hit	1	5094	2	2183276	1			0
Picture	121	other				2217779	1	1999	3	0	1920
Sound	52	other				2223508	2			5730
Sound	61	hit	1	5038	3	2229761	1			0
Picture	101	other				2265441	1	1999	3	0	1920
Sound	61	hit	1	6028	3	2277413	1			0
Picture	2	other				2312436	1	2000	2	0	1920
Sound	62	hit	1	5678	2	2324436	1			0
Picture	212	other				2360598	1	2000	2	0	1920
Sound	51	other				2365627	2			5030
Sound	62	hit	1	5427	2	2372597	1			0
Picture	2	other				2406927	1	1999	3	0	1920
Sound	62	hit	1	4924	2	2418902	1			0
Picture	4	other				2453922	1	2000	2	0	1920
Sound	64	hit	2	4947	2	2465895	1			0
Picture	224	other				2501917	2	2000	3	0	1920
Sound	52	other				2508346	1			6430
Sound	64	hit	2	6126	3	2513906	2			0
Picture	2	other				2548412	2	2000	4	0	1920
Sound	62	hit	1	6375	2	2560391	1			0
Picture	204	other				2595741	2	2000	3	0	1920
Sound	64	hit	2	7716	4	2607713	2			0
Picture	101	other				2643237	1	1999	3	0	1920
Sound	61	hit	1	6787	2	2655216	1			0
Picture	214	other				2691065	1	2000	2	0	1920
Sound	51	other				2693854	2			2790
Sound	64	hit	2	5080	2	2703047	1			0
Picture	202	other				2737727	2	2000	3	0	1920
Sound	62	hit	1	5185	4	2749711	2			0
Picture	3	other				2784556	1	2000	2	0	1920
Sound	63	hit	2	8481	2	2796555	1			0
Picture	1	other				2831884	2	2000	4	0	1920
Sound	61	hit	1	9095	2	2843878	1			0
Picture	1	other				2879213	2	2000	3	0	1920
Sound	61	hit	1	6468	4	2891200	2			0
Picture	3	other				2926542	1	2000	2	0	1920
Sound	63	hit	2	5780	2	2938523	1			0
Picture	204	other				2973037	2	2000	3	0	1920
Sound	64	hit	2	8981	4	2985007	2			0
Picture	101	other				3019199	2	2000	3	0	1920
Sound	61	hit	1	15685	3	3031193	1			0
Picture	103	other				3065361	2	2000	4	0	1920
Sound	63	hit	2	7120	2	3077348	1			0
Picture	101	other				3113356	2	2000	4	0	1920
Sound	61	hit	1	6903	2	3125329	1			0
