Scenario - SeuilAuditif
Logfile written - 05/31/2016 09:52:31

Subject	Trial	Event Type	Code	Time	TTime	Uncertainty	Duration	Uncertainty	ReqTime	ReqDur	Stim Type	Pair Index

fc4	2	Sound	L_tarson_Left_0.7	388	57	1			0		other	0
fc4	2	Response	1	6010	5679	2
fc4	3	Sound	L_tarson-Left-0.65	10535	38	1			0		other	0
fc4	4	Sound	L_tarson_Left_0.65	20712	49	1			0		other	0
fc4	5	Sound	L_tarson_Left_0.7	30859	31	1			0		other	0
fc4	6	Sound	L_tarson_Left_0.75	41036	42	1			0		other	0
fc4	7	Sound	L_tarson_Left_0.8	51213	53	1			0		other	0
fc4	7	Response	1	58442	7282	1
fc4	8	Sound	L_tarson-Left-0.85	61360	35	1			0		other	0
fc4	9	Sound	L_tarson_Left_0.85	71537	46	1			0		other	0
fc4	10	Sound	L_tarson_Left_0.83	81714	58	1			0		other	0
fc4	11	Sound	L_tarson_Left_0.81	91860	38	2			0		other	0
fc4	12	Sound	L_tarson_Left_0.79	102038	50	1			0		other	0
fc4	13	Sound	L_tarson_Left_0.77	112184	30	2			0		other	0
fc4	14	Sound	L_tarson_Left_0.75	122361	42	1			0		other	0
fc4	15	Sound	L_tarson_Left_0.73	132538	53	2			0		other	0
fc4	16	Sound	L_tarson_Left_0.71	142685	34	1			0		other	0
fc4	17	Sound	L_tarson_Left_0.69	152862	46	1			0		other	0
fc4	18	Sound	L_tarson_Left_0.67	163039	57	1			0		other	0
fc4	19	Sound	L_tarson_Left_0.65	173186	38	1			0		other	0
fc4	20	Sound	L_tarson_Left_0.63	183363	50	1			0		other	0
fc4	21	Sound	L_tarson_Left_0.61	193510	31	1			0		other	0
fc4	22	Sound	L_tarson_Left_0.59	203687	42	1			0		other	0
fc4	23	Sound	L_tarson_Left_0.57	213864	54	1			0		other	0
fc4	24	Sound	L_tarson_Left_0.55	224011	35	1			0		other	0
fc4	25	Sound	L_tarson_Left_0.53	234188	46	1			0		other	0
fc4	26	Sound	L_tarson_Left_0.51	244365	59	1			0		other	0
fc4	27	Sound	L_tarson_Left_0.49	254512	39	1			0		other	0
fc4	28	Sound	L_tarson_Left_0.47	264688	49	2			0		other	0
fc4	29	Sound	L_tarson_Left_0.45	274836	32	1			0		other	0
fc4	30	Sound	L_tarson_Left_0.43	285012	42	1			0		other	0
fc4	30	Response	1	289674	4704	1
fc4	31	Sound	L_tarson-Left-0.41	295189	53	2			0		other	0
fc4	32	Sound	L_tarson_Left_0.41	305336	35	2			0		other	0
fc4	33	Sound	L_tarson_Left_0.43	315513	46	1			0		other	0
fc4	34	Sound	L_tarson_Left_0.45	325690	57	1			0		other	0
fc4	34	Response	1	328288	2655	1
fc4	35	Sound	L_tarson-Left-0.47	335837	39	1			0		other	0
fc4	36	Sound	L_tarson_Left_0.47	346014	50	1			0		other	0
fc4	37	Sound	L_tarson_Left_0.45	356161	32	1			0		other	0
fc4	38	Sound	L_tarson_Left_0.43	366338	43	1			0		other	0
fc4	39	Sound	L_tarson_Left_0.41	376515	54	1			0		other	0
fc4	39	Response	1	378261	1800	1
fc4	40	Sound	L_tarson-Left-0.39	386662	35	1			0		other	0
fc4	41	Sound	L_tarson_Left_0.39	396839	47	1			0		other	0
fc4	42	Sound	L_tarson_Left_0.41	407016	58	1			0		other	0
fc4	43	Sound	L_tarson_Left_0.43	417163	39	1			0		other	0
fc4	44	Sound	L_tarson_Left_0.45	427340	51	1			0		other	0
fc4	44	Response	1	433863	6574	1
fc4	46	Sound	H_tarson_Left_0.7	447664	44	1			0		other	0
fc4	47	Sound	H_tarson_Left_0.65	457840	54	1			0		other	0
fc4	48	Sound	H_tarson_Left_0.6	467987	35	1			0		other	0
fc4	49	Sound	H_tarson_Left_0.55	478164	46	1			0		other	0
fc4	50	Sound	H_tarson_Left_0.5	488341	58	1			0		other	0
fc4	51	Sound	H_tarson_Left_0.45	498488	39	1			0		other	0
fc4	51	Response	1	499484	1035	1
fc4	52	Sound	H_tarson-Left-0.4	508665	50	1			0		other	0
fc4	53	Sound	H_tarson_Left_0.4	518812	32	1			0		other	0
fc4	54	Sound	H_tarson_Left_0.45	528989	43	1			0		other	0
fc4	55	Sound	H_tarson_Left_0.5	539166	55	1			0		other	0
fc4	55	Response	1	541396	2285	2
fc4	56	Sound	H_tarson-Left-0.55	549313	36	1			0		other	0
fc4	57	Sound	H_tarson_Left_0.55	559490	47	1			0		other	0
fc4	58	Sound	H_tarson_Left_0.53	569667	58	1			0		other	0
fc4	59	Sound	H_tarson_Left_0.51	579814	40	1			0		other	0
fc4	60	Sound	H_tarson_Left_0.49	589991	51	1			0		other	0
fc4	61	Sound	H_tarson_Left_0.47	600137	32	2			0		other	0
fc4	62	Sound	H_tarson_Left_0.45	610314	43	2			0		other	0
fc4	63	Sound	H_tarson_Left_0.43	620491	54	1			0		other	0
fc4	64	Sound	H_tarson_Left_0.41	630638	35	2			0		other	0
fc4	65	Sound	H_tarson_Left_0.39	640815	47	1			0		other	0
fc4	65	Response	1	643662	2894	1
fc4	66	Sound	H_tarson-Left-0.37	650992	59	1			0		other	0
fc4	67	Sound	H_tarson_Left_0.37	661139	40	1			0		other	0
fc4	68	Sound	H_tarson_Left_0.39	671316	51	1			0		other	0
fc4	69	Sound	H_tarson_Left_0.41	681463	32	1			0		other	0
fc4	70	Sound	H_tarson_Left_0.43	691640	44	1			0		other	0
fc4	70	Response	1	694305	2709	1
fc4	71	Sound	H_tarson-Left-0.45	701817	55	1			0		other	0
fc4	72	Sound	H_tarson_Left_0.45	711964	36	1			0		other	0
fc4	73	Sound	H_tarson_Left_0.43	722141	48	1			0		other	0
fc4	74	Sound	H_tarson_Left_0.41	732318	59	1			0		other	0
fc4	75	Sound	H_tarson_Left_0.39	742465	40	1			0		other	0
fc4	76	Sound	H_tarson_Left_0.37	752642	52	1			0		other	0
fc4	76	Response	1	754667	2077	1
fc4	77	Sound	H_tarson-Left-0.35	762789	33	1			0		other	0
fc4	78	Sound	H_tarson_Left_0.35	772966	44	1			0		other	0
fc4	79	Sound	H_tarson_Left_0.37	783142	55	2			0		other	0
fc4	80	Sound	H_tarson_Left_0.39	793289	36	2			0		other	0
fc4	81	Sound	H_tarson_Left_0.41	803466	47	1			0		other	0
fc4	81	Response	1	810270	6851	2
fc4	83	Sound	L_tarson_Right_0.7	823790	40	1			0		other	0
fc4	84	Sound	L_tarson_Right_0.65	833967	51	1			0		other	0
fc4	85	Sound	L_tarson_Right_0.6	844114	33	1			0		other	0
fc4	86	Sound	L_tarson_Right_0.55	854291	44	1			0		other	0
fc4	87	Sound	L_tarson_Right_0.5	864468	55	1			0		other	0
fc4	88	Sound	L_tarson_Right_0.45	874615	37	1			0		other	0
fc4	89	Sound	L_tarson_Right_0.4	884792	48	1			0		other	0
fc4	90	Sound	L_tarson_Right_0.35	894969	59	1			0		other	0
fc4	90	Response	1	898576	3666	1
fc4	91	Sound	L_tarson-Right-0.3	905116	41	1			0		other	0
fc4	92	Sound	L_tarson_Right_0.3	915293	52	1			0		other	0
fc4	93	Sound	L_tarson_Right_0.35	925440	33	1			0		other	0
fc4	94	Sound	L_tarson_Right_0.4	935617	45	1			0		other	0
fc4	95	Sound	L_tarson_Right_0.45	945793	55	2			0		other	0
fc4	95	Response	1	946235	497	1
fc4	96	Sound	L_tarson-Right-0.5	955941	37	1			0		other	0
fc4	97	Sound	L_tarson_Right_0.5	966117	48	2			0		other	0
fc4	98	Sound	L_tarson_Right_0.48	976264	29	1			0		other	0
fc4	99	Sound	L_tarson_Right_0.46	986441	40	2			0		other	0
fc4	100	Sound	L_tarson_Right_0.44	996618	52	1			0		other	0
fc4	101	Sound	L_tarson_Right_0.42	1006765	33	1			0		other	0
fc4	102	Sound	L_tarson_Right_0.4	1016942	44	1			0		other	0
fc4	102	Response	1	1019015	2117	1
fc4	103	Sound	L_tarson-Right-0.38	1027119	56	1			0		other	0
fc4	104	Sound	L_tarson_Right_0.38	1037266	37	1			0		other	0
fc4	105	Sound	L_tarson_Right_0.4	1047443	48	1			0		other	0
fc4	106	Sound	L_tarson_Right_0.42	1057590	30	1			0		other	0
fc4	107	Sound	L_tarson_Right_0.44	1067767	41	1			0		other	0
fc4	107	Response	1	1067789	63	1
fc4	108	Sound	L_tarson-Right-0.46	1077944	52	1			0		other	0
fc4	109	Sound	L_tarson_Right_0.46	1088091	34	1			0		other	0
fc4	110	Sound	L_tarson_Right_0.44	1098268	45	1			0		other	0
fc4	111	Sound	L_tarson_Right_0.42	1108445	56	1			0		other	0
fc4	112	Sound	L_tarson_Right_0.4	1118591	37	2			0		other	0
fc4	113	Sound	L_tarson_Right_0.38	1128768	48	2			0		other	0
fc4	114	Sound	L_tarson_Right_0.36	1138915	29	2			0		other	0
fc4	114	Response	1	1142938	4052	1
fc4	115	Sound	L_tarson-Right-0.34	1149092	41	2			0		other	0
fc4	116	Sound	L_tarson_Right_0.34	1159269	52	1			0		other	0
fc4	117	Sound	L_tarson_Right_0.36	1169416	34	1			0		other	0
fc4	118	Sound	L_tarson_Right_0.38	1179593	45	1			0		other	0
fc4	119	Sound	L_tarson_Right_0.4	1189770	56	1			0		other	0
fc4	119	Response	1	1192466	2752	2
fc4	121	Sound	H_tarson_Right_0.7	1210094	49	1			0		other	0
fc4	122	Sound	H_tarson_Right_0.65	1220241	30	1			0		other	0
fc4	123	Sound	H_tarson_Right_0.6	1230418	42	1			0		other	0
fc4	124	Sound	H_tarson_Right_0.55	1240595	53	1			0		other	0
fc4	125	Sound	H_tarson_Right_0.5	1250742	34	1			0		other	0
fc4	126	Sound	H_tarson_Right_0.45	1260919	46	1			0		other	0
fc4	127	Sound	H_tarson_Right_0.4	1271096	57	1			0		other	0
fc4	128	Sound	H_tarson_Right_0.35	1281243	38	1			0		other	0
fc4	128	Response	1	1288440	7235	1
fc4	129	Sound	H_tarson-Right-0.3	1291419	48	2			0		other	0
fc4	130	Sound	H_tarson_Right_0.3	1301566	30	2			0		other	0
fc4	131	Sound	H_tarson_Right_0.35	1311743	41	2			0		other	0
fc4	132	Sound	H_tarson_Right_0.4	1321920	52	2			0		other	0
fc4	132	Response	1	1331866	9998	1
fc4	133	Sound	H_tarson-Right-0.45	1332067	34	2			0		other	0
fc4	134	Sound	H_tarson_Right_0.45	1342244	45	1			0		other	0
fc4	135	Sound	H_tarson_Right_0.43	1352421	56	1			0		other	0
fc4	136	Sound	H_tarson_Right_0.41	1362568	38	1			0		other	0
fc4	137	Sound	H_tarson_Right_0.39	1372745	49	1			0		other	0
fc4	138	Sound	H_tarson_Right_0.37	1382892	30	1			0		other	0
fc4	139	Sound	H_tarson_Right_0.35	1393069	42	1			0		other	0
fc4	139	Response	1	1396387	3360	1
fc4	140	Sound	H_tarson-Right-0.33	1403246	53	1			0		other	0
fc4	141	Sound	H_tarson_Right_0.33	1413393	34	1			0		other	0
fc4	142	Sound	H_tarson_Right_0.35	1423570	46	1			0		other	0
fc4	143	Sound	H_tarson_Right_0.37	1433747	57	1			0		other	0
fc4	144	Sound	H_tarson_Right_0.39	1443894	38	1			0		other	0
fc4	144	Response	1	1447015	3159	1
fc4	145	Sound	H_tarson-Right-0.41	1454071	50	1			0		other	0
fc4	146	Sound	H_tarson_Right_0.41	1464218	31	1			0		other	0
fc4	147	Sound	H_tarson_Right_0.39	1474394	41	2			0		other	0
fc4	148	Sound	H_tarson_Right_0.37	1484571	53	1			0		other	0
fc4	149	Sound	H_tarson_Right_0.35	1494718	34	1			0		other	0
fc4	150	Sound	H_tarson_Right_0.33	1504895	45	1			0		other	0
fc4	150	Response	1	1508752	3902	1
fc4	151	Sound	H_tarson-Right-0.31	1515072	57	1			0		other	0
fc4	152	Sound	H_tarson_Right_0.31	1525219	38	1			0		other	0
fc4	153	Sound	H_tarson_Right_0.33	1535396	50	1			0		other	0
fc4	154	Sound	H_tarson_Right_0.35	1545543	31	1			0		other	0
fc4	155	Sound	H_tarson_Right_0.37	1555720	42	1			0		other	0
fc4	156	Sound	H_tarson_Right_0.39	1565897	54	1			0		other	0
fc4	156	Response	1	1571116	5273	1


Event Type	Code	Type	Response	RT	RT Uncertainty	Time	Uncertainty	Duration	Uncertainty	ReqTime	ReqDur

Sound	L_tarson_Left_0.7	other				388	1			0
Sound	L_tarson-Left-0.65	other				10535	1			0
Sound	L_tarson_Left_0.65	other				20712	1			0
Sound	L_tarson_Left_0.7	other				30859	1			0
Sound	L_tarson_Left_0.75	other				41036	1			0
Sound	L_tarson_Left_0.8	other				51213	1			0
Sound	L_tarson-Left-0.85	other				61360	1			0
Sound	L_tarson_Left_0.85	other				71537	1			0
Sound	L_tarson_Left_0.83	other				81714	1			0
Sound	L_tarson_Left_0.81	other				91860	2			0
Sound	L_tarson_Left_0.79	other				102038	1			0
Sound	L_tarson_Left_0.77	other				112184	2			0
Sound	L_tarson_Left_0.75	other				122361	1			0
Sound	L_tarson_Left_0.73	other				132538	2			0
Sound	L_tarson_Left_0.71	other				142685	1			0
Sound	L_tarson_Left_0.69	other				152862	1			0
Sound	L_tarson_Left_0.67	other				163039	1			0
Sound	L_tarson_Left_0.65	other				173186	1			0
Sound	L_tarson_Left_0.63	other				183363	1			0
Sound	L_tarson_Left_0.61	other				193510	1			0
Sound	L_tarson_Left_0.59	other				203687	1			0
Sound	L_tarson_Left_0.57	other				213864	1			0
Sound	L_tarson_Left_0.55	other				224011	1			0
Sound	L_tarson_Left_0.53	other				234188	1			0
Sound	L_tarson_Left_0.51	other				244365	1			0
Sound	L_tarson_Left_0.49	other				254512	1			0
Sound	L_tarson_Left_0.47	other				264688	2			0
Sound	L_tarson_Left_0.45	other				274836	1			0
Sound	L_tarson_Left_0.43	other				285012	1			0
Sound	L_tarson-Left-0.41	other				295189	2			0
Sound	L_tarson_Left_0.41	other				305336	2			0
Sound	L_tarson_Left_0.43	other				315513	1			0
Sound	L_tarson_Left_0.45	other				325690	1			0
Sound	L_tarson-Left-0.47	other				335837	1			0
Sound	L_tarson_Left_0.47	other				346014	1			0
Sound	L_tarson_Left_0.45	other				356161	1			0
Sound	L_tarson_Left_0.43	other				366338	1			0
Sound	L_tarson_Left_0.41	other				376515	1			0
Sound	L_tarson-Left-0.39	other				386662	1			0
Sound	L_tarson_Left_0.39	other				396839	1			0
Sound	L_tarson_Left_0.41	other				407016	1			0
Sound	L_tarson_Left_0.43	other				417163	1			0
Sound	L_tarson_Left_0.45	other				427340	1			0
Sound	H_tarson_Left_0.7	other				447664	1			0
Sound	H_tarson_Left_0.65	other				457840	1			0
Sound	H_tarson_Left_0.6	other				467987	1			0
Sound	H_tarson_Left_0.55	other				478164	1			0
Sound	H_tarson_Left_0.5	other				488341	1			0
Sound	H_tarson_Left_0.45	other				498488	1			0
Sound	H_tarson-Left-0.4	other				508665	1			0
Sound	H_tarson_Left_0.4	other				518812	1			0
Sound	H_tarson_Left_0.45	other				528989	1			0
Sound	H_tarson_Left_0.5	other				539166	1			0
Sound	H_tarson-Left-0.55	other				549313	1			0
Sound	H_tarson_Left_0.55	other				559490	1			0
Sound	H_tarson_Left_0.53	other				569667	1			0
Sound	H_tarson_Left_0.51	other				579814	1			0
Sound	H_tarson_Left_0.49	other				589991	1			0
Sound	H_tarson_Left_0.47	other				600137	2			0
Sound	H_tarson_Left_0.45	other				610314	2			0
Sound	H_tarson_Left_0.43	other				620491	1			0
Sound	H_tarson_Left_0.41	other				630638	2			0
Sound	H_tarson_Left_0.39	other				640815	1			0
Sound	H_tarson-Left-0.37	other				650992	1			0
Sound	H_tarson_Left_0.37	other				661139	1			0
Sound	H_tarson_Left_0.39	other				671316	1			0
Sound	H_tarson_Left_0.41	other				681463	1			0
Sound	H_tarson_Left_0.43	other				691640	1			0
Sound	H_tarson-Left-0.45	other				701817	1			0
Sound	H_tarson_Left_0.45	other				711964	1			0
Sound	H_tarson_Left_0.43	other				722141	1			0
Sound	H_tarson_Left_0.41	other				732318	1			0
Sound	H_tarson_Left_0.39	other				742465	1			0
Sound	H_tarson_Left_0.37	other				752642	1			0
Sound	H_tarson-Left-0.35	other				762789	1			0
Sound	H_tarson_Left_0.35	other				772966	1			0
Sound	H_tarson_Left_0.37	other				783142	2			0
Sound	H_tarson_Left_0.39	other				793289	2			0
Sound	H_tarson_Left_0.41	other				803466	1			0
Sound	L_tarson_Right_0.7	other				823790	1			0
Sound	L_tarson_Right_0.65	other				833967	1			0
Sound	L_tarson_Right_0.6	other				844114	1			0
Sound	L_tarson_Right_0.55	other				854291	1			0
Sound	L_tarson_Right_0.5	other				864468	1			0
Sound	L_tarson_Right_0.45	other				874615	1			0
Sound	L_tarson_Right_0.4	other				884792	1			0
Sound	L_tarson_Right_0.35	other				894969	1			0
Sound	L_tarson-Right-0.3	other				905116	1			0
Sound	L_tarson_Right_0.3	other				915293	1			0
Sound	L_tarson_Right_0.35	other				925440	1			0
Sound	L_tarson_Right_0.4	other				935617	1			0
Sound	L_tarson_Right_0.45	other				945793	2			0
Sound	L_tarson-Right-0.5	other				955941	1			0
Sound	L_tarson_Right_0.5	other				966117	2			0
Sound	L_tarson_Right_0.48	other				976264	1			0
Sound	L_tarson_Right_0.46	other				986441	2			0
Sound	L_tarson_Right_0.44	other				996618	1			0
Sound	L_tarson_Right_0.42	other				1006765	1			0
Sound	L_tarson_Right_0.4	other				1016942	1			0
Sound	L_tarson-Right-0.38	other				1027119	1			0
Sound	L_tarson_Right_0.38	other				1037266	1			0
Sound	L_tarson_Right_0.4	other				1047443	1			0
Sound	L_tarson_Right_0.42	other				1057590	1			0
Sound	L_tarson_Right_0.44	other				1067767	1			0
Sound	L_tarson-Right-0.46	other				1077944	1			0
Sound	L_tarson_Right_0.46	other				1088091	1			0
Sound	L_tarson_Right_0.44	other				1098268	1			0
Sound	L_tarson_Right_0.42	other				1108445	1			0
Sound	L_tarson_Right_0.4	other				1118591	2			0
Sound	L_tarson_Right_0.38	other				1128768	2			0
Sound	L_tarson_Right_0.36	other				1138915	2			0
Sound	L_tarson-Right-0.34	other				1149092	2			0
Sound	L_tarson_Right_0.34	other				1159269	1			0
Sound	L_tarson_Right_0.36	other				1169416	1			0
Sound	L_tarson_Right_0.38	other				1179593	1			0
Sound	L_tarson_Right_0.4	other				1189770	1			0
Sound	H_tarson_Right_0.7	other				1210094	1			0
Sound	H_tarson_Right_0.65	other				1220241	1			0
Sound	H_tarson_Right_0.6	other				1230418	1			0
Sound	H_tarson_Right_0.55	other				1240595	1			0
Sound	H_tarson_Right_0.5	other				1250742	1			0
Sound	H_tarson_Right_0.45	other				1260919	1			0
Sound	H_tarson_Right_0.4	other				1271096	1			0
Sound	H_tarson_Right_0.35	other				1281243	1			0
Sound	H_tarson-Right-0.3	other				1291419	2			0
Sound	H_tarson_Right_0.3	other				1301566	2			0
Sound	H_tarson_Right_0.35	other				1311743	2			0
Sound	H_tarson_Right_0.4	other				1321920	2			0
Sound	H_tarson-Right-0.45	other				1332067	2			0
Sound	H_tarson_Right_0.45	other				1342244	1			0
Sound	H_tarson_Right_0.43	other				1352421	1			0
Sound	H_tarson_Right_0.41	other				1362568	1			0
Sound	H_tarson_Right_0.39	other				1372745	1			0
Sound	H_tarson_Right_0.37	other				1382892	1			0
Sound	H_tarson_Right_0.35	other				1393069	1			0
Sound	H_tarson-Right-0.33	other				1403246	1			0
Sound	H_tarson_Right_0.33	other				1413393	1			0
Sound	H_tarson_Right_0.35	other				1423570	1			0
Sound	H_tarson_Right_0.37	other				1433747	1			0
Sound	H_tarson_Right_0.39	other				1443894	1			0
Sound	H_tarson-Right-0.41	other				1454071	1			0
Sound	H_tarson_Right_0.41	other				1464218	1			0
Sound	H_tarson_Right_0.39	other				1474394	2			0
Sound	H_tarson_Right_0.37	other				1484571	1			0
Sound	H_tarson_Right_0.35	other				1494718	1			0
Sound	H_tarson_Right_0.33	other				1504895	1			0
Sound	H_tarson-Right-0.31	other				1515072	1			0
Sound	H_tarson_Right_0.31	other				1525219	1			0
Sound	H_tarson_Right_0.33	other				1535396	1			0
Sound	H_tarson_Right_0.35	other				1545543	1			0
Sound	H_tarson_Right_0.37	other				1555720	1			0
Sound	H_tarson_Right_0.39	other				1565897	1			0
