Scenario - 17_March_2015
Logfile written - 05/31/2016 10:10:56

Subject	Trial	Event Type	Code	Time	TTime	Uncertainty	Duration	Uncertainty	ReqTime	ReqDur	Stim Type	Pair Index

fc4	1	Response	253	13366	23199	1
fc4	2	Picture	10	13497	0	1	20165	2	0	20000	other	0
fc4	3	Picture	10	33828	0	2	40163	3	0	40000	other	0
fc4	3	Response	251	53873	20045	1
fc4	4	Picture	10	74157	0	2	40163	4	0	40000	other	0
fc4	4	Response	252	86980	12823	1
fc4	5	Nothing	91	114322	0	1			0		other	0
fc4	6	Picture	2	144484	0	2	1999	4	0	1920	other	0
fc4	7	Sound	62	156484	0	1			0		hit	10
fc4	7	Response	251	163111	6627	2
fc4	8	Picture	101	191479	0	2	2000	3	0	1920	other	0
fc4	9	Sound	61	203477	0	1			0		hit	13
fc4	9	Response	251	207108	3631	2
fc4	10	Picture	123	237975	0	1	1999	3	0	1920	other	0
fc4	10	Sound	52	245034	7059	2			7060		other	0
fc4	11	Sound	63	249962	0	1			0		hit	17
fc4	11	Response	252	256458	6496	2
fc4	12	Picture	101	284137	0	1	1999	3	0	1920	other	0
fc4	13	Sound	61	296117	0	2			0		incorrect	20
fc4	13	Response	252	301213	5096	1
fc4	14	Picture	103	331465	0	2	2000	4	0	1920	other	0
fc4	15	Sound	63	343440	0	1			0		hit	23
fc4	15	Response	252	348554	5114	1
fc4	16	Picture	4	379127	0	2	2000	3	0	1920	other	0
fc4	17	Sound	64	391122	0	1			0		hit	26
fc4	17	Response	252	395446	4324	2
fc4	18	Picture	11	426289	0	2	2000	4	0	1920	other	0
fc4	18	Sound	51	428998	2709	1			2710		other	0
fc4	19	Sound	61	438265	0	1			0		hit	30
fc4	19	Response	251	442097	3832	2
fc4	20	Picture	22	472618	0	2	2000	3	0	1920	other	0
fc4	20	Sound	52	480177	7559	2			7560		other	0
fc4	21	Sound	62	484600	0	1			0		hit	34
fc4	21	Response	251	490851	6251	1
fc4	22	Picture	1	520447	0	1	1999	3	0	1920	other	0
fc4	23	Sound	61	532431	0	1			0		hit	37
fc4	23	Response	251	539483	7052	2
fc4	24	Picture	2	567109	0	1	1999	3	0	1920	other	0
fc4	25	Sound	62	579095	0	1			0		hit	40
fc4	25	Response	251	587336	8241	2
fc4	26	Picture	204	613438	0	1	1999	3	0	1920	other	0
fc4	27	Sound	64	625430	0	1			0		hit	43
fc4	27	Response	252	628954	3524	1
fc4	28	Picture	4	660599	0	2	2000	4	0	1920	other	0
fc4	29	Sound	64	672573	0	2			0		hit	46
fc4	29	Response	252	676195	3622	1
fc4	30	Picture	111	708595	0	1	1999	3	0	1920	other	0
fc4	30	Sound	51	712114	3519	1			3520		other	0
fc4	31	Sound	61	720584	0	2			0		hit	50
fc4	31	Response	251	724398	3814	1
fc4	32	Picture	3	755423	0	2	2000	4	0	1920	other	0
fc4	33	Sound	63	767398	0	1			0		hit	53
fc4	33	Response	252	772408	5010	1
fc4	34	Picture	24	801919	0	1	2000	2	0	1920	other	0
fc4	34	Sound	52	809218	7299	2			7300		other	0
fc4	35	Sound	64	813913	0	1			0		hit	57
fc4	35	Response	252	818547	4634	1
fc4	36	Picture	1	848581	0	1	1999	3	0	1920	other	0
fc4	37	Sound	61	860577	0	1			0		hit	60
fc4	37	Response	251	866464	5887	1
fc4	38	Picture	3	896076	0	2	2000	3	0	1920	other	0
fc4	39	Sound	63	908049	0	1			0		hit	63
fc4	39	Response	252	921021	12972	1
fc4	40	Picture	202	943071	0	2	2000	4	0	1920	other	0
fc4	41	Sound	62	955043	0	1			0		hit	66
fc4	41	Response	251	960898	5855	1
fc4	42	Picture	2	990233	0	2	2000	4	0	1920	other	0
fc4	43	Sound	62	1002216	0	1			0		hit	69
fc4	43	Response	251	1008093	5877	1
fc4	44	Picture	4	1037895	0	2	2000	4	0	1920	other	0
fc4	45	Sound	64	1049867	0	2			0		hit	72
fc4	45	Response	252	1054703	4836	1
fc4	46	Picture	3	1084724	0	2	2000	3	0	1920	other	0
fc4	47	Sound	63	1096711	0	1			0		hit	75
fc4	47	Response	252	1102607	5896	1
fc4	48	Picture	204	1132553	0	1	2000	2	0	1920	other	0
fc4	49	Sound	64	1144543	0	1			0		hit	78
fc4	49	Response	252	1149241	4698	1
fc4	50	Picture	13	1180715	0	1	1999	3	0	1920	other	0
fc4	50	Sound	51	1183714	2999	1			3000		other	0
fc4	51	Sound	63	1192703	0	2			0		hit	82
fc4	51	Response	252	1196644	3941	2
fc4	52	Picture	3	1226877	0	1	2000	2	0	1920	other	0
fc4	53	Sound	63	1238859	0	1			0		hit	85
fc4	53	Response	252	1243810	4951	1
fc4	54	Picture	204	1274538	0	2	2001	3	0	1920	other	0
fc4	55	Sound	64	1286511	0	1			0		hit	88
fc4	55	Response	252	1290242	3731	2
fc4	56	Picture	1	1321700	0	2	2000	4	0	1920	other	0
fc4	57	Sound	61	1333684	0	1			0		hit	91
fc4	57	Response	251	1337147	3463	1
fc4	58	Picture	1	1368696	0	2	2000	3	0	1920	other	0
fc4	59	Sound	61	1380677	0	1			0		hit	94
fc4	59	Response	251	1387099	6422	1
fc4	60	Picture	103	1415525	0	1	1999	3	0	1920	other	0
fc4	61	Sound	63	1427521	0	1			0		incorrect	97
fc4	61	Response	251	1431748	4227	1
fc4	61	Response	252	1434881	7360	1
fc4	62	Picture	2	1462520	0	2	2000	3	0	1920	other	0
fc4	63	Sound	62	1474514	0	1			0		hit	101
fc4	63	Response	251	1479016	4502	1
fc4	64	Picture	103	1510015	0	2	2000	3	0	1920	other	0
fc4	65	Sound	63	1521986	0	2			0		hit	104
fc4	65	Response	252	1526503	4517	1
fc4	66	Picture	4	1556344	0	2	2000	3	0	1920	other	0
fc4	67	Sound	64	1568321	0	2			0		hit	107
fc4	67	Response	252	1572452	4131	1
fc4	68	Picture	113	1603506	0	2	2000	3	0	1920	other	0
fc4	68	Sound	51	1608625	5119	2			5120		other	0
fc4	69	Sound	63	1615494	0	2			0		hit	111
fc4	69	Response	252	1619965	4471	1
fc4	70	Picture	103	1649668	0	2	2000	4	0	1920	other	0
fc4	71	Sound	63	1661650	0	1			0		hit	114
fc4	71	Response	252	1667605	5955	2
fc4	72	Picture	204	1696497	0	1	2000	3	0	1920	other	0
fc4	73	Sound	64	1708493	0	2			0		hit	117
fc4	73	Response	252	1712220	3727	1
fc4	74	Picture	202	1743659	0	1	2000	2	0	1920	other	0
fc4	75	Sound	62	1755636	0	2			0		hit	120
fc4	75	Response	251	1759853	4217	1
fc4	76	Picture	224	1791154	0	2	2000	4	0	1920	other	0
fc4	76	Sound	52	1797443	6289	2			6290		other	0
fc4	77	Sound	64	1803139	0	1			0		hit	124
fc4	77	Response	252	1807955	4816	1
fc4	78	Picture	1	1837983	0	1	2000	2	0	1920	other	0
fc4	79	Sound	61	1849982	0	2			0		hit	127
fc4	79	Response	251	1854467	4485	1
fc4	80	Picture	23	1884645	0	1	2000	2	0	1920	other	0
fc4	80	Sound	52	1892594	7949	2			7950		other	0
fc4	81	Sound	63	1896617	0	1			0		hit	131
fc4	81	Response	252	1902921	6304	1
fc4	82	Picture	103	1931474	0	1	2000	2	0	1920	other	0
fc4	83	Sound	63	1943460	0	1			0		hit	134
fc4	83	Response	252	1948428	4968	1
fc4	84	Picture	212	1978469	0	1	2000	2	0	1920	other	0
fc4	84	Sound	51	1983448	4979	1			4980		other	0
fc4	85	Sound	62	1990454	0	1			0		hit	138
fc4	85	Response	251	1994793	4339	1
fc4	86	Picture	204	2026298	0	1	1999	3	0	1920	other	0
fc4	87	Sound	64	2038285	0	1			0		hit	141
fc4	87	Response	252	2043880	5595	1
fc4	88	Picture	101	2073960	0	1	1999	3	0	1920	other	0
fc4	89	Sound	61	2085937	0	1			0		hit	144
fc4	89	Response	251	2090395	4458	1
fc4	90	Picture	101	2121788	0	2	2000	4	0	1920	other	0
fc4	91	Sound	61	2133769	0	1			0		hit	147
fc4	91	Response	251	2138525	4756	1
fc4	92	Picture	4	2169784	0	1	1999	3	0	1920	other	0
fc4	93	Sound	64	2181780	0	1			0		hit	150
fc4	93	Response	252	2185785	4005	2
fc4	94	Picture	202	2217612	0	2	2000	3	0	1920	other	0
fc4	95	Sound	62	2229611	0	1			0		hit	153
fc4	95	Response	251	2235839	6228	1
fc4	96	Picture	222	2264441	0	1	2000	2	0	1920	other	0
fc4	96	Sound	52	2272570	8129	1			8130		other	0
fc4	97	Sound	62	2276425	0	1			0		hit	157
fc4	97	Response	251	2282115	5690	2
fc4	98	Picture	121	2311603	0	1	1999	3	0	1920	other	0
fc4	98	Sound	52	2319342	7739	2			7740		other	0
fc4	99	Sound	61	2323598	0	1			0		hit	161
fc4	99	Response	251	2328617	5019	1
fc4	100	Picture	1	2358764	0	2	2001	3	0	1920	other	0
fc4	101	Sound	61	2370741	0	1			0		hit	164
fc4	101	Response	251	2375044	4303	1
fc4	102	Picture	101	2404927	0	1	2000	2	0	1920	other	0
fc4	103	Sound	61	2416926	0	1			0		hit	167
fc4	103	Response	251	2421953	5027	1
fc4	104	Picture	2	2452922	0	2	2000	3	0	1920	other	0
fc4	105	Sound	62	2464907	0	2			0		incorrect	170
fc4	105	Response	252	2468867	3960	2
fc4	106	Picture	202	2499918	0	1	1999	3	0	1920	other	0
fc4	107	Sound	62	2511901	0	1			0		hit	173
fc4	107	Response	251	2517484	5583	2
fc4	108	Picture	14	2546579	0	2	2000	4	0	1920	other	0
fc4	108	Sound	51	2550298	3719	2			3720		other	0
fc4	109	Sound	64	2558565	0	1			0		hit	177
fc4	109	Response	252	2563229	4664	2
fc4	110	Picture	202	2592742	0	1	1999	3	0	1920	other	0
fc4	111	Sound	62	2604720	0	1			0		hit	180
fc4	111	Response	251	2611141	6421	2
fc4	112	Picture	3	2639404	0	1	2000	2	0	1920	other	0
fc4	113	Sound	63	2651385	0	1			0		hit	183
fc4	113	Response	252	2657311	5926	1
fc4	114	Picture	2	2686399	0	1	2000	2	0	1920	other	0
fc4	115	Sound	62	2698378	0	1			0		hit	186
fc4	115	Response	251	2704929	6551	1
fc4	116	Picture	103	2732894	0	2	2000	4	0	1920	other	0
fc4	117	Sound	63	2744892	0	2			0		hit	189
fc4	117	Response	252	2754695	9803	1
fc4	118	Picture	214	2780889	0	2	2000	4	0	1920	other	0
fc4	118	Sound	51	2784288	3399	1			3400		other	0
fc4	119	Sound	64	2792873	0	2			0		hit	193
fc4	119	Response	252	2797098	4225	1
fc4	120	Picture	101	2827218	0	2	2000	4	0	1920	other	0
fc4	121	Sound	61	2839208	0	2			0		hit	196
fc4	121	Response	251	2844460	5252	2
fc4	122	Picture	12	2875047	0	1	2000	2	0	1920	other	0
fc4	122	Sound	51	2878326	3279	2			3280		other	0
fc4	123	Sound	62	2887040	0	1			0		hit	200
fc4	123	Response	251	2892418	5378	2
fc4	124	Picture	21	2921542	0	2	2000	3	0	1920	other	0
fc4	124	Sound	52	2929721	8179	2			8180		other	0
fc4	125	Sound	61	2933524	0	2			0		hit	204
fc4	125	Response	251	2938204	4680	1
fc4	126	Picture	4	2968371	0	1	2000	2	0	1920	other	0
fc4	127	Sound	64	2980368	0	1			0		hit	207
fc4	127	Response	252	2988630	8262	2
fc4	128	Picture	204	3016200	0	1	1999	3	0	1920	other	0
fc4	129	Sound	64	3028200	0	1			0		hit	210
fc4	129	Response	252	3036293	8093	1
fc4	130	Picture	3	3062862	0	2	2000	3	0	1920	other	0
fc4	131	Sound	63	3074834	0	1			0		hit	213
fc4	131	Response	252	3080145	5311	1
fc4	132	Picture	202	3109524	0	1	2000	2	0	1920	other	0
fc4	133	Sound	62	3121498	0	1			0		hit	216
fc4	133	Response	251	3126642	5144	2
fc4	134	Response	253	3355508	198989	2


Event Type	Code	Type	Response	RT	RT Uncertainty	Time	Uncertainty	Duration	Uncertainty	ReqTime	ReqDur

Picture	10	other				13497	1	20165	2	0	20000
Picture	10	other				33828	2	40163	3	0	40000
Picture	10	other				74157	2	40163	4	0	40000
Nothing	91	other				114322	1			0
Picture	2	other				144484	2	1999	4	0	1920
Sound	62	hit	1	6627	3	156484	1			0
Picture	101	other				191479	2	2000	3	0	1920
Sound	61	hit	1	3631	3	203477	1			0
Picture	123	other				237975	1	1999	3	0	1920
Sound	52	other				245034	2			7060
Sound	63	hit	2	6496	3	249962	1			0
Picture	101	other				284137	1	1999	3	0	1920
Sound	61	incorrect	2	5096	3	296117	2			0
Picture	103	other				331465	2	2000	4	0	1920
Sound	63	hit	2	5114	2	343440	1			0
Picture	4	other				379127	2	2000	3	0	1920
Sound	64	hit	2	4324	3	391122	1			0
Picture	11	other				426289	2	2000	4	0	1920
Sound	51	other				428998	1			2710
Sound	61	hit	1	3832	3	438265	1			0
Picture	22	other				472618	2	2000	3	0	1920
Sound	52	other				480177	2			7560
Sound	62	hit	1	6251	2	484600	1			0
Picture	1	other				520447	1	1999	3	0	1920
Sound	61	hit	1	7052	3	532431	1			0
Picture	2	other				567109	1	1999	3	0	1920
Sound	62	hit	1	8241	3	579095	1			0
Picture	204	other				613438	1	1999	3	0	1920
Sound	64	hit	2	3524	2	625430	1			0
Picture	4	other				660599	2	2000	4	0	1920
Sound	64	hit	2	3622	3	672573	2			0
Picture	111	other				708595	1	1999	3	0	1920
Sound	51	other				712114	1			3520
Sound	61	hit	1	3814	3	720584	2			0
Picture	3	other				755423	2	2000	4	0	1920
Sound	63	hit	2	5010	2	767398	1			0
Picture	24	other				801919	1	2000	2	0	1920
Sound	52	other				809218	2			7300
Sound	64	hit	2	4634	2	813913	1			0
Picture	1	other				848581	1	1999	3	0	1920
Sound	61	hit	1	5887	2	860577	1			0
Picture	3	other				896076	2	2000	3	0	1920
Sound	63	hit	2	12972	2	908049	1			0
Picture	202	other				943071	2	2000	4	0	1920
Sound	62	hit	1	5855	2	955043	1			0
Picture	2	other				990233	2	2000	4	0	1920
Sound	62	hit	1	5877	2	1002216	1			0
Picture	4	other				1037895	2	2000	4	0	1920
Sound	64	hit	2	4836	3	1049867	2			0
Picture	3	other				1084724	2	2000	3	0	1920
Sound	63	hit	2	5896	2	1096711	1			0
Picture	204	other				1132553	1	2000	2	0	1920
Sound	64	hit	2	4698	2	1144543	1			0
Picture	13	other				1180715	1	1999	3	0	1920
Sound	51	other				1183714	1			3000
Sound	63	hit	2	3941	4	1192703	2			0
Picture	3	other				1226877	1	2000	2	0	1920
Sound	63	hit	2	4951	2	1238859	1			0
Picture	204	other				1274538	2	2001	3	0	1920
Sound	64	hit	2	3731	3	1286511	1			0
Picture	1	other				1321700	2	2000	4	0	1920
Sound	61	hit	1	3463	2	1333684	1			0
Picture	1	other				1368696	2	2000	3	0	1920
Sound	61	hit	1	6422	2	1380677	1			0
Picture	103	other				1415525	1	1999	3	0	1920
Sound	63	incorrect	1	4227	2	1427521	1			0
Picture	2	other				1462520	2	2000	3	0	1920
Sound	62	hit	1	4502	2	1474514	1			0
Picture	103	other				1510015	2	2000	3	0	1920
Sound	63	hit	2	4517	3	1521986	2			0
Picture	4	other				1556344	2	2000	3	0	1920
Sound	64	hit	2	4131	3	1568321	2			0
Picture	113	other				1603506	2	2000	3	0	1920
Sound	51	other				1608625	2			5120
Sound	63	hit	2	4471	3	1615494	2			0
Picture	103	other				1649668	2	2000	4	0	1920
Sound	63	hit	2	5955	3	1661650	1			0
Picture	204	other				1696497	1	2000	3	0	1920
Sound	64	hit	2	3727	3	1708493	2			0
Picture	202	other				1743659	1	2000	2	0	1920
Sound	62	hit	1	4217	3	1755636	2			0
Picture	224	other				1791154	2	2000	4	0	1920
Sound	52	other				1797443	2			6290
Sound	64	hit	2	4816	2	1803139	1			0
Picture	1	other				1837983	1	2000	2	0	1920
Sound	61	hit	1	4485	3	1849982	2			0
Picture	23	other				1884645	1	2000	2	0	1920
Sound	52	other				1892594	2			7950
Sound	63	hit	2	6304	2	1896617	1			0
Picture	103	other				1931474	1	2000	2	0	1920
Sound	63	hit	2	4968	2	1943460	1			0
Picture	212	other				1978469	1	2000	2	0	1920
Sound	51	other				1983448	1			4980
Sound	62	hit	1	4339	2	1990454	1			0
Picture	204	other				2026298	1	1999	3	0	1920
Sound	64	hit	2	5595	2	2038285	1			0
Picture	101	other				2073960	1	1999	3	0	1920
Sound	61	hit	1	4458	2	2085937	1			0
Picture	101	other				2121788	2	2000	4	0	1920
Sound	61	hit	1	4756	2	2133769	1			0
Picture	4	other				2169784	1	1999	3	0	1920
Sound	64	hit	2	4005	3	2181780	1			0
Picture	202	other				2217612	2	2000	3	0	1920
Sound	62	hit	1	6228	2	2229611	1			0
Picture	222	other				2264441	1	2000	2	0	1920
Sound	52	other				2272570	1			8130
Sound	62	hit	1	5690	3	2276425	1			0
Picture	121	other				2311603	1	1999	3	0	1920
Sound	52	other				2319342	2			7740
Sound	61	hit	1	5019	2	2323598	1			0
Picture	1	other				2358764	2	2001	3	0	1920
Sound	61	hit	1	4303	2	2370741	1			0
Picture	101	other				2404927	1	2000	2	0	1920
Sound	61	hit	1	5027	2	2416926	1			0
Picture	2	other				2452922	2	2000	3	0	1920
Sound	62	incorrect	2	3960	4	2464907	2			0
Picture	202	other				2499918	1	1999	3	0	1920
Sound	62	hit	1	5583	3	2511901	1			0
Picture	14	other				2546579	2	2000	4	0	1920
Sound	51	other				2550298	2			3720
Sound	64	hit	2	4664	3	2558565	1			0
Picture	202	other				2592742	1	1999	3	0	1920
Sound	62	hit	1	6421	3	2604720	1			0
Picture	3	other				2639404	1	2000	2	0	1920
Sound	63	hit	2	5926	2	2651385	1			0
Picture	2	other				2686399	1	2000	2	0	1920
Sound	62	hit	1	6551	2	2698378	1			0
Picture	103	other				2732894	2	2000	4	0	1920
Sound	63	hit	2	9803	3	2744892	2			0
Picture	214	other				2780889	2	2000	4	0	1920
Sound	51	other				2784288	1			3400
Sound	64	hit	2	4225	3	2792873	2			0
Picture	101	other				2827218	2	2000	4	0	1920
Sound	61	hit	1	5252	4	2839208	2			0
Picture	12	other				2875047	1	2000	2	0	1920
Sound	51	other				2878326	2			3280
Sound	62	hit	1	5378	3	2887040	1			0
Picture	21	other				2921542	2	2000	3	0	1920
Sound	52	other				2929721	2			8180
Sound	61	hit	1	4680	3	2933524	2			0
Picture	4	other				2968371	1	2000	2	0	1920
Sound	64	hit	2	8262	3	2980368	1			0
Picture	204	other				3016200	1	1999	3	0	1920
Sound	64	hit	2	8093	2	3028200	1			0
Picture	3	other				3062862	2	2000	3	0	1920
Sound	63	hit	2	5311	2	3074834	1			0
Picture	202	other				3109524	1	2000	2	0	1920
Sound	62	hit	1	5144	3	3121498	1			0
