Scenario - 17_March_2015
Logfile written - 07/21/2016 15:30:57

Subject	Trial	Event Type	Code	Time	TTime	Uncertainty	Duration	Uncertainty	ReqTime	ReqDur	Stim Type	Pair Index

oc3	1	Response	253	14228	24061	1
oc3	2	Picture	10	14330	0	1	20164	3	0	20000	other	0
oc3	3	Picture	10	34661	0	2	40163	3	0	40000	other	0
oc3	3	Response	251	48580	13919	1
oc3	4	Picture	10	74990	0	2	40163	3	0	40000	other	0
oc3	4	Response	252	89904	14914	1
oc3	5	Nothing	91	115155	0	1			0		other	0
oc3	6	Picture	2	145316	0	2	2000	4	0	1920	other	0
oc3	7	Sound	62	157292	0	1			0		hit	10
oc3	7	Response	251	162266	4974	2
oc3	8	Picture	101	192312	0	1	1999	3	0	1920	other	0
oc3	9	Sound	61	204285	0	1			0		hit	13
oc3	9	Response	251	208507	4222	2
oc3	10	Picture	123	238807	0	2	2000	3	0	1920	other	0
oc3	10	Sound	52	245866	7059	1			7060		other	0
oc3	11	Sound	63	250800	0	1			0		hit	17
oc3	11	Response	252	254500	3700	1
oc3	12	Picture	101	284969	0	2	2000	3	0	1920	other	0
oc3	13	Sound	61	296955	0	1			0		hit	20
oc3	13	Response	251	302665	5710	1
oc3	14	Picture	103	332297	0	2	2000	4	0	1920	other	0
oc3	15	Sound	63	344277	0	1			0		hit	23
oc3	15	Response	252	348963	4686	2
oc3	16	Picture	4	379959	0	2	2000	3	0	1920	other	0
oc3	17	Sound	64	391959	0	1			0		hit	26
oc3	17	Response	252	395956	3997	1
oc3	18	Picture	11	427121	0	1	2000	2	0	1920	other	0
oc3	18	Sound	51	429830	2709	2			2710		other	0
oc3	19	Sound	61	439102	0	1			0		hit	30
oc3	19	Response	251	442623	3521	1
oc3	20	Picture	22	473450	0	1	1999	3	0	1920	other	0
oc3	20	Sound	52	481009	7559	1			7560		other	0
oc3	21	Sound	62	485437	0	1			0		hit	34
oc3	21	Response	251	489873	4436	1
oc3	22	Picture	1	521278	0	2	2000	3	0	1920	other	0
oc3	23	Sound	61	533268	0	1			0		hit	37
oc3	23	Response	251	538050	4782	1
oc3	24	Picture	2	567940	0	1	2000	2	0	1920	other	0
oc3	25	Sound	62	579932	0	1			0		hit	40
oc3	25	Response	251	583655	3723	1
oc3	26	Picture	204	614269	0	1	1999	3	0	1920	other	0
oc3	27	Sound	64	626267	0	1			0		hit	43
oc3	27	Response	252	631122	4855	2
oc3	28	Picture	4	661430	0	2	2000	4	0	1920	other	0
oc3	29	Sound	64	673410	0	1			0		hit	46
oc3	29	Response	252	679682	6272	2
oc3	30	Picture	111	709426	0	1	1999	3	0	1920	other	0
oc3	30	Sound	51	712945	3519	1			3520		other	0
oc3	31	Sound	61	721421	0	1			0		hit	50
oc3	31	Response	251	726221	4800	2
oc3	32	Picture	3	756421	0	1	1999	3	0	1920	other	0
oc3	33	Sound	63	768414	0	1			0		hit	53
oc3	33	Response	252	774560	6146	1
oc3	34	Picture	24	802916	0	2	2000	3	0	1920	other	0
oc3	34	Sound	52	810215	7299	1			7300		other	0
oc3	35	Sound	64	814898	0	2			0		hit	57
oc3	35	Response	252	819853	4955	1
oc3	36	Picture	1	849411	0	2	2000	3	0	1920	other	0
oc3	37	Sound	61	861383	0	1			0		hit	60
oc3	37	Response	251	865553	4170	1
oc3	38	Picture	3	896906	0	2	2000	4	0	1920	other	0
oc3	39	Sound	63	908885	0	1			0		hit	63
oc3	39	Response	252	916154	7269	1
oc3	40	Picture	202	943902	0	1	1999	3	0	1920	other	0
oc3	41	Sound	62	955878	0	1			0		hit	66
oc3	41	Response	251	959470	3592	1
oc3	42	Picture	2	991063	0	2	2000	4	0	1920	other	0
oc3	43	Sound	62	1003051	0	1			0		hit	69
oc3	43	Response	251	1008546	5495	1
oc3	44	Picture	4	1038725	0	2	2000	3	0	1920	other	0
oc3	45	Sound	64	1050703	0	1			0		hit	72
oc3	45	Response	252	1055157	4454	1
oc3	46	Picture	3	1085554	0	1	2000	2	0	1920	other	0
oc3	47	Sound	63	1097546	0	1			0		hit	75
oc3	47	Response	252	1102505	4959	1
oc3	48	Picture	204	1133382	0	2	2000	4	0	1920	other	0
oc3	49	Sound	64	1145378	0	1			0		hit	78
oc3	49	Response	252	1149902	4524	1
oc3	50	Picture	13	1181544	0	2	2000	3	0	1920	other	0
oc3	50	Sound	51	1184543	2999	2			3000		other	0
oc3	51	Sound	63	1193538	0	1			0		hit	82
oc3	51	Response	252	1197857	4319	1
oc3	52	Picture	3	1227706	0	1	2000	2	0	1920	other	0
oc3	53	Sound	63	1239693	0	2			0		hit	85
oc3	53	Response	252	1244011	4318	2
oc3	54	Picture	204	1275368	0	1	2000	2	0	1920	other	0
oc3	55	Sound	64	1287345	0	1			0		hit	88
oc3	55	Response	252	1292486	5141	1
oc3	56	Picture	1	1322530	0	1	1999	3	0	1920	other	0
oc3	57	Sound	61	1334518	0	1			0		hit	91
oc3	57	Response	251	1338454	3936	1
oc3	58	Picture	1	1369525	0	1	2000	2	0	1920	other	0
oc3	59	Sound	61	1381511	0	1			0		hit	94
oc3	59	Response	251	1387266	5755	1
oc3	60	Picture	103	1416353	0	2	2000	4	0	1920	other	0
oc3	61	Sound	63	1428325	0	1			0		hit	97
oc3	61	Response	252	1432618	4293	1
oc3	62	Picture	2	1463182	0	2	2000	3	0	1920	other	0
oc3	63	Sound	62	1475168	0	2			0		hit	100
oc3	63	Response	251	1479337	4169	1
oc3	64	Picture	103	1510677	0	1	2000	2	0	1920	other	0
oc3	65	Sound	63	1522671	0	1			0		hit	103
oc3	65	Response	252	1528278	5607	2
oc3	66	Picture	4	1557005	0	2	2001	3	0	1920	other	0
oc3	67	Sound	64	1569005	0	2			0		hit	106
oc3	67	Response	252	1575479	6474	2
oc3	68	Picture	113	1604167	0	2	2000	4	0	1920	other	0
oc3	68	Sound	51	1609286	5119	1			5120		other	0
oc3	69	Sound	63	1616148	0	1			0		hit	110
oc3	69	Response	252	1621325	5177	1
oc3	70	Picture	103	1650329	0	2	2000	4	0	1920	other	0
oc3	71	Sound	63	1662303	0	1			0		hit	113
oc3	71	Response	252	1666622	4319	2
oc3	72	Picture	204	1697158	0	1	2000	2	0	1920	other	0
oc3	73	Sound	64	1709147	0	1			0		hit	116
oc3	73	Response	252	1714569	5422	2
oc3	74	Picture	202	1744320	0	1	2000	2	0	1920	other	0
oc3	75	Sound	62	1756320	0	1			0		hit	119
oc3	75	Response	251	1760141	3821	1
oc3	76	Picture	224	1791815	0	2	2000	3	0	1920	other	0
oc3	76	Sound	52	1798104	6289	2			6290		other	0
oc3	77	Sound	64	1803792	0	1			0		hit	123
oc3	77	Response	252	1808208	4416	1
oc3	78	Picture	1	1838644	0	1	1999	3	0	1920	other	0
oc3	79	Sound	61	1850635	0	2			0		hit	126
oc3	79	Response	251	1855164	4529	1
oc3	80	Picture	23	1885305	0	2	2000	4	0	1920	other	0
oc3	80	Sound	52	1893254	7949	2			7950		other	0
oc3	81	Sound	63	1897299	0	2			0		hit	130
oc3	81	Response	252	1905450	8151	1
oc3	82	Picture	103	1932134	0	1	2000	2	0	1920	other	0
oc3	83	Sound	63	1944113	0	1			0		hit	133
oc3	83	Response	252	1949899	5786	1
oc3	84	Picture	212	1979129	0	1	2000	2	0	1920	other	0
oc3	84	Sound	51	1984108	4979	1			4980		other	0
oc3	85	Sound	62	1991106	0	2			0		hit	137
oc3	85	Response	251	1995282	4176	2
oc3	86	Picture	204	2026958	0	1	1999	3	0	1920	other	0
oc3	87	Sound	64	2038938	0	1			0		hit	140
oc3	87	Response	252	2045283	6345	1
oc3	88	Picture	101	2074619	0	2	2000	4	0	1920	other	0
oc3	89	Sound	61	2086589	0	2			0		hit	143
oc3	89	Response	251	2094123	7534	2
oc3	90	Picture	101	2122448	0	1	2000	2	0	1920	other	0
oc3	91	Sound	61	2134421	0	1			0		hit	146
oc3	91	Response	251	2139348	4927	1
oc3	92	Picture	4	2170276	0	2	2000	3	0	1920	other	0
oc3	93	Sound	64	2182252	0	2			0		hit	149
oc3	93	Response	252	2186644	4392	1
oc3	94	Picture	202	2218105	0	1	2000	2	0	1920	other	0
oc3	95	Sound	62	2230083	0	2			0		hit	152
oc3	95	Response	251	2234593	4510	2
oc3	96	Picture	222	2264933	0	2	2000	4	0	1920	other	0
oc3	96	Sound	52	2273062	8129	1			8130		other	0
oc3	97	Sound	62	2276927	0	1			0		hit	156
oc3	97	Response	251	2281393	4466	2
oc3	98	Picture	121	2312095	0	1	2000	2	0	1920	other	0
oc3	98	Sound	52	2319834	7739	2			7740		other	0
oc3	99	Sound	61	2324070	0	1			0		hit	160
oc3	99	Response	251	2328520	4450	1
oc3	100	Picture	1	2359257	0	1	2000	2	0	1920	other	0
oc3	101	Sound	61	2371243	0	1			0		hit	163
oc3	101	Response	251	2375478	4235	1
oc3	102	Picture	101	2405419	0	1	2000	2	0	1920	other	0
oc3	103	Sound	61	2417398	0	1			0		hit	166
oc3	103	Response	251	2421489	4091	1
oc3	104	Picture	2	2453414	0	2	2000	3	0	1920	other	0
oc3	105	Sound	62	2465409	0	1			0		hit	169
oc3	105	Response	251	2469687	4278	1
oc3	106	Picture	202	2500576	0	1	2000	2	0	1920	other	0
oc3	107	Sound	62	2512552	0	1			0		hit	172
oc3	107	Response	251	2516697	4145	2
oc3	108	Picture	14	2547071	0	1	2000	2	0	1920	other	0
oc3	108	Sound	51	2550790	3719	2			3720		other	0
oc3	109	Sound	64	2559066	0	2			0		hit	176
oc3	109	Response	252	2563357	4291	1
oc3	110	Picture	202	2593233	0	2	2000	3	0	1920	other	0
oc3	111	Sound	62	2605221	0	2			0		hit	179
oc3	111	Response	251	2610648	5427	2
oc3	112	Picture	3	2639895	0	1	2000	2	0	1920	other	0
oc3	113	Sound	63	2651885	0	2			0		hit	182
oc3	113	Response	252	2656473	4588	2
oc3	114	Picture	2	2686890	0	2	2000	3	0	1920	other	0
oc3	115	Sound	62	2698879	0	1			0		hit	185
oc3	115	Response	251	2703994	5115	1
oc3	116	Picture	103	2733385	0	2	2000	4	0	1920	other	0
oc3	117	Sound	63	2745363	0	1			0		incorrect	188
oc3	117	Response	251	2749527	4164	1
oc3	118	Picture	214	2781380	0	2	2000	4	0	1920	other	0
oc3	118	Sound	51	2784779	3399	1			3400		other	0
oc3	119	Sound	64	2793374	0	1			0		hit	192
oc3	119	Response	252	2799897	6523	1
oc3	120	Picture	101	2827709	0	2	2000	3	0	1920	other	0
oc3	121	Sound	61	2839709	0	1			0		hit	195
oc3	121	Response	251	2845076	5367	1
oc3	122	Picture	12	2875537	0	2	2000	4	0	1920	other	0
oc3	122	Sound	51	2878816	3279	2			3280		other	0
oc3	123	Sound	62	2887510	0	1			0		hit	199
oc3	123	Response	251	2891836	4326	2
oc3	124	Picture	21	2921866	0	2	2000	3	0	1920	other	0
oc3	124	Sound	52	2930045	8179	2			8180		other	0
oc3	125	Sound	61	2933845	0	1			0		hit	203
oc3	125	Response	251	2938461	4616	1
oc3	126	Picture	4	2968695	0	1	2000	2	0	1920	other	0
oc3	127	Sound	64	2980688	0	2			0		hit	206
oc3	127	Response	252	2984999	4311	2
oc3	128	Picture	204	3016523	0	2	2000	3	0	1920	other	0
oc3	129	Sound	64	3028520	0	1			0		hit	209
oc3	129	Response	252	3034719	6199	2
oc3	130	Picture	3	3063185	0	1	2000	2	0	1920	other	0
oc3	131	Sound	63	3075184	0	1			0		hit	212
oc3	131	Response	252	3080344	5160	1
oc3	132	Picture	202	3109847	0	2	2000	3	0	1920	other	0
oc3	133	Sound	62	3121818	0	1			0		hit	215
oc3	133	Response	251	3126484	4666	1
oc3	134	Response	253	3380359	223517	2


Event Type	Code	Type	Response	RT	RT Uncertainty	Time	Uncertainty	Duration	Uncertainty	ReqTime	ReqDur

Picture	10	other				14330	1	20164	3	0	20000
Picture	10	other				34661	2	40163	3	0	40000
Picture	10	other				74990	2	40163	3	0	40000
Nothing	91	other				115155	1			0
Picture	2	other				145316	2	2000	4	0	1920
Sound	62	hit	1	4974	3	157292	1			0
Picture	101	other				192312	1	1999	3	0	1920
Sound	61	hit	1	4222	3	204285	1			0
Picture	123	other				238807	2	2000	3	0	1920
Sound	52	other				245866	1			7060
Sound	63	hit	2	3700	2	250800	1			0
Picture	101	other				284969	2	2000	3	0	1920
Sound	61	hit	1	5710	2	296955	1			0
Picture	103	other				332297	2	2000	4	0	1920
Sound	63	hit	2	4686	3	344277	1			0
Picture	4	other				379959	2	2000	3	0	1920
Sound	64	hit	2	3997	2	391959	1			0
Picture	11	other				427121	1	2000	2	0	1920
Sound	51	other				429830	2			2710
Sound	61	hit	1	3521	2	439102	1			0
Picture	22	other				473450	1	1999	3	0	1920
Sound	52	other				481009	1			7560
Sound	62	hit	1	4436	2	485437	1			0
Picture	1	other				521278	2	2000	3	0	1920
Sound	61	hit	1	4782	2	533268	1			0
Picture	2	other				567940	1	2000	2	0	1920
Sound	62	hit	1	3723	2	579932	1			0
Picture	204	other				614269	1	1999	3	0	1920
Sound	64	hit	2	4855	3	626267	1			0
Picture	4	other				661430	2	2000	4	0	1920
Sound	64	hit	2	6272	3	673410	1			0
Picture	111	other				709426	1	1999	3	0	1920
Sound	51	other				712945	1			3520
Sound	61	hit	1	4800	3	721421	1			0
Picture	3	other				756421	1	1999	3	0	1920
Sound	63	hit	2	6146	2	768414	1			0
Picture	24	other				802916	2	2000	3	0	1920
Sound	52	other				810215	1			7300
Sound	64	hit	2	4955	3	814898	2			0
Picture	1	other				849411	2	2000	3	0	1920
Sound	61	hit	1	4170	2	861383	1			0
Picture	3	other				896906	2	2000	4	0	1920
Sound	63	hit	2	7269	2	908885	1			0
Picture	202	other				943902	1	1999	3	0	1920
Sound	62	hit	1	3592	2	955878	1			0
Picture	2	other				991063	2	2000	4	0	1920
Sound	62	hit	1	5495	2	1003051	1			0
Picture	4	other				1038725	2	2000	3	0	1920
Sound	64	hit	2	4454	2	1050703	1			0
Picture	3	other				1085554	1	2000	2	0	1920
Sound	63	hit	2	4959	2	1097546	1			0
Picture	204	other				1133382	2	2000	4	0	1920
Sound	64	hit	2	4524	2	1145378	1			0
Picture	13	other				1181544	2	2000	3	0	1920
Sound	51	other				1184543	2			3000
Sound	63	hit	2	4319	2	1193538	1			0
Picture	3	other				1227706	1	2000	2	0	1920
Sound	63	hit	2	4318	4	1239693	2			0
Picture	204	other				1275368	1	2000	2	0	1920
Sound	64	hit	2	5141	2	1287345	1			0
Picture	1	other				1322530	1	1999	3	0	1920
Sound	61	hit	1	3936	2	1334518	1			0
Picture	1	other				1369525	1	2000	2	0	1920
Sound	61	hit	1	5755	2	1381511	1			0
Picture	103	other				1416353	2	2000	4	0	1920
Sound	63	hit	2	4293	2	1428325	1			0
Picture	2	other				1463182	2	2000	3	0	1920
Sound	62	hit	1	4169	3	1475168	2			0
Picture	103	other				1510677	1	2000	2	0	1920
Sound	63	hit	2	5607	3	1522671	1			0
Picture	4	other				1557005	2	2001	3	0	1920
Sound	64	hit	2	6474	4	1569005	2			0
Picture	113	other				1604167	2	2000	4	0	1920
Sound	51	other				1609286	1			5120
Sound	63	hit	2	5177	2	1616148	1			0
Picture	103	other				1650329	2	2000	4	0	1920
Sound	63	hit	2	4319	3	1662303	1			0
Picture	204	other				1697158	1	2000	2	0	1920
Sound	64	hit	2	5422	3	1709147	1			0
Picture	202	other				1744320	1	2000	2	0	1920
Sound	62	hit	1	3821	2	1756320	1			0
Picture	224	other				1791815	2	2000	3	0	1920
Sound	52	other				1798104	2			6290
Sound	64	hit	2	4416	2	1803792	1			0
Picture	1	other				1838644	1	1999	3	0	1920
Sound	61	hit	1	4529	3	1850635	2			0
Picture	23	other				1885305	2	2000	4	0	1920
Sound	52	other				1893254	2			7950
Sound	63	hit	2	8151	3	1897299	2			0
Picture	103	other				1932134	1	2000	2	0	1920
Sound	63	hit	2	5786	2	1944113	1			0
Picture	212	other				1979129	1	2000	2	0	1920
Sound	51	other				1984108	1			4980
Sound	62	hit	1	4176	4	1991106	2			0
Picture	204	other				2026958	1	1999	3	0	1920
Sound	64	hit	2	6345	2	2038938	1			0
Picture	101	other				2074619	2	2000	4	0	1920
Sound	61	hit	1	7534	4	2086589	2			0
Picture	101	other				2122448	1	2000	2	0	1920
Sound	61	hit	1	4927	2	2134421	1			0
Picture	4	other				2170276	2	2000	3	0	1920
Sound	64	hit	2	4392	3	2182252	2			0
Picture	202	other				2218105	1	2000	2	0	1920
Sound	62	hit	1	4510	4	2230083	2			0
Picture	222	other				2264933	2	2000	4	0	1920
Sound	52	other				2273062	1			8130
Sound	62	hit	1	4466	3	2276927	1			0
Picture	121	other				2312095	1	2000	2	0	1920
Sound	52	other				2319834	2			7740
Sound	61	hit	1	4450	2	2324070	1			0
Picture	1	other				2359257	1	2000	2	0	1920
Sound	61	hit	1	4235	2	2371243	1			0
Picture	101	other				2405419	1	2000	2	0	1920
Sound	61	hit	1	4091	2	2417398	1			0
Picture	2	other				2453414	2	2000	3	0	1920
Sound	62	hit	1	4278	2	2465409	1			0
Picture	202	other				2500576	1	2000	2	0	1920
Sound	62	hit	1	4145	3	2512552	1			0
Picture	14	other				2547071	1	2000	2	0	1920
Sound	51	other				2550790	2			3720
Sound	64	hit	2	4291	3	2559066	2			0
Picture	202	other				2593233	2	2000	3	0	1920
Sound	62	hit	1	5427	4	2605221	2			0
Picture	3	other				2639895	1	2000	2	0	1920
Sound	63	hit	2	4588	4	2651885	2			0
Picture	2	other				2686890	2	2000	3	0	1920
Sound	62	hit	1	5115	2	2698879	1			0
Picture	103	other				2733385	2	2000	4	0	1920
Sound	63	incorrect	1	4164	2	2745363	1			0
Picture	214	other				2781380	2	2000	4	0	1920
Sound	51	other				2784779	1			3400
Sound	64	hit	2	6523	2	2793374	1			0
Picture	101	other				2827709	2	2000	3	0	1920
Sound	61	hit	1	5367	2	2839709	1			0
Picture	12	other				2875537	2	2000	4	0	1920
Sound	51	other				2878816	2			3280
Sound	62	hit	1	4326	3	2887510	1			0
Picture	21	other				2921866	2	2000	3	0	1920
Sound	52	other				2930045	2			8180
Sound	61	hit	1	4616	2	2933845	1			0
Picture	4	other				2968695	1	2000	2	0	1920
Sound	64	hit	2	4311	4	2980688	2			0
Picture	204	other				3016523	2	2000	3	0	1920
Sound	64	hit	2	6199	3	3028520	1			0
Picture	3	other				3063185	1	2000	2	0	1920
Sound	63	hit	2	5160	2	3075184	1			0
Picture	202	other				3109847	2	2000	3	0	1920
Sound	62	hit	1	4666	2	3121818	1			0
