Scenario - 17_March_2015
Logfile written - 06/07/2016 16:27:25

Subject	Trial	Event Type	Code	Time	TTime	Uncertainty	Duration	Uncertainty	ReqTime	ReqDur	Stim Type	Pair Index

fp3	1	Response	253	38739	48572	2
fp3	2	Picture	10	38828	0	2	20165	4	0	20000	other	0
fp3	3	Picture	10	59160	0	1	40163	2	0	40000	other	0
fp3	3	Response	251	73038	13878	1
fp3	4	Picture	10	99489	0	2	40164	3	0	40000	other	0
fp3	4	Response	252	113906	14417	1
fp3	5	Nothing	91	139655	0	1			0		other	0
fp3	6	Picture	2	169817	0	2	2000	3	0	1920	other	0
fp3	7	Sound	62	181809	0	2			0		hit	10
fp3	7	Response	251	196342	14533	2
fp3	8	Picture	101	216813	0	2	2000	3	0	1920	other	0
fp3	9	Sound	61	228804	0	1			0		hit	13
fp3	9	Response	251	237341	8537	1
fp3	10	Picture	123	263309	0	2	2000	3	0	1920	other	0
fp3	10	Sound	52	270368	7059	1			7060		other	0
fp3	11	Sound	63	275289	0	1			0		hit	17
fp3	11	Response	252	279761	4472	1
fp3	11	Response	252	291257	15968	1
fp3	12	Picture	101	309472	0	1	2000	2	0	1920	other	0
fp3	13	Sound	61	321445	0	1			0		hit	21
fp3	13	Response	251	331556	10111	1
fp3	14	Picture	103	356635	0	1	1999	3	0	1920	other	0
fp3	15	Sound	63	368618	0	2			0		hit	24
fp3	15	Response	252	374483	5865	1
fp3	16	Picture	4	404297	0	2	2000	4	0	1920	other	0
fp3	17	Sound	64	416271	0	1			0		hit	27
fp3	17	Response	252	428499	12228	1
fp3	18	Picture	11	451460	0	2	2000	3	0	1920	other	0
fp3	18	Sound	51	454169	2709	2			2710		other	0
fp3	19	Sound	61	463445	0	1			0		hit	31
fp3	19	Response	251	472202	8757	2
fp3	20	Picture	22	497790	0	1	1999	3	0	1920	other	0
fp3	20	Sound	52	505349	7559	2			7560		other	0
fp3	21	Sound	62	509780	0	2			0		hit	35
fp3	21	Response	251	518627	8847	1
fp3	22	Picture	1	545619	0	1	1999	3	0	1920	other	0
fp3	23	Sound	61	557613	0	1			0		hit	38
fp3	23	Response	251	567381	9768	1
fp3	24	Picture	2	592281	0	2	2000	4	0	1920	other	0
fp3	25	Sound	62	604277	0	2			0		hit	41
fp3	25	Response	251	629507	25230	1
fp3	26	Picture	204	638611	0	2	2000	3	0	1920	other	0
fp3	27	Sound	64	650583	0	1			0		hit	44
fp3	27	Response	252	656729	6146	1
fp3	28	Picture	4	685774	0	1	2000	2	0	1920	other	0
fp3	29	Sound	64	697757	0	1			0		hit	47
fp3	29	Response	252	705733	7976	1
fp3	30	Picture	111	733770	0	1	2000	2	0	1920	other	0
fp3	30	Sound	51	737289	3519	1			3520		other	0
fp3	31	Sound	61	745769	0	1			0		hit	51
fp3	31	Response	251	754534	8765	1
fp3	32	Picture	3	780766	0	1	1999	3	0	1920	other	0
fp3	33	Sound	63	792763	0	1			0		miss	0
fp3	34	Picture	24	827262	0	1	1999	3	0	1920	false_alarm	55
fp3	34	Response	251	830631	3369	1
fp3	34	Sound	52	834561	7299	2			7300		other	0
fp3	35	Sound	64	839248	0	1			0		hit	58
fp3	35	Response	252	854348	15100	1
fp3	36	Picture	1	873758	0	1	2000	2	0	1920	other	0
fp3	37	Sound	61	885733	0	1			0		hit	61
fp3	37	Response	251	893915	8182	2
fp3	38	Picture	3	921254	0	1	2000	2	0	1920	other	0
fp3	39	Sound	63	933236	0	1			0		hit	64
fp3	39	Response	252	940790	7554	1
fp3	40	Picture	202	968250	0	1	2000	2	0	1920	other	0
fp3	41	Sound	62	980230	0	1			0		hit	67
fp3	41	Response	251	988457	8227	2
fp3	42	Picture	2	1015413	0	1	1999	3	0	1920	other	0
fp3	43	Sound	62	1027404	0	1			0		hit	70
fp3	43	Response	251	1037420	10016	2
fp3	44	Picture	4	1063075	0	2	2000	4	0	1920	other	0
fp3	45	Sound	64	1075056	0	2			0		hit	73
fp3	45	Response	252	1081824	6768	1
fp3	46	Picture	3	1109905	0	1	1999	3	0	1920	other	0
fp3	47	Sound	63	1121901	0	1			0		hit	76
fp3	47	Response	252	1127269	5368	1
fp3	48	Picture	204	1157734	0	1	2000	2	0	1920	other	0
fp3	49	Sound	64	1169733	0	1			0		hit	79
fp3	49	Response	252	1177930	8197	1
fp3	50	Picture	13	1205896	0	2	2000	4	0	1920	other	0
fp3	50	Sound	51	1208895	2999	1			3000		other	0
fp3	51	Sound	63	1217894	0	2			0		hit	83
fp3	51	Response	252	1239594	21700	2
fp3	52	Picture	3	1252059	0	2	2000	3	0	1920	other	0
fp3	53	Sound	63	1264050	0	2			0		hit	86
fp3	53	Response	252	1270466	6416	1
fp3	54	Picture	204	1299722	0	1	2000	2	0	1920	other	0
fp3	55	Sound	64	1311703	0	1			0		miss	0
fp3	56	Picture	1	1346884	0	2	2001	3	0	1920	other	0
fp3	57	Sound	61	1358877	0	1			0		miss	0
fp3	58	Picture	1	1393881	0	1	2000	2	0	1920	other	0
fp3	59	Sound	61	1405871	0	1			0		miss	0
fp3	60	Picture	103	1440710	0	1	2000	2	0	1920	other	0
fp3	61	Sound	63	1452685	0	2			0		hit	95
fp3	61	Response	252	1462163	9478	1
fp3	62	Picture	2	1487539	0	2	2000	4	0	1920	other	0
fp3	63	Sound	62	1499530	0	1			0		hit	98
fp3	63	Response	251	1507511	7981	1
fp3	64	Picture	103	1535035	0	2	2000	4	0	1920	other	0
fp3	65	Sound	63	1547033	0	1			0		hit	101
fp3	65	Response	252	1557111	10078	1
fp3	66	Picture	4	1581365	0	1	2000	2	0	1920	other	0
fp3	67	Sound	64	1593338	0	2			0		incorrect	104
fp3	67	Response	251	1599574	6236	1
fp3	68	Picture	113	1628527	0	2	2000	4	0	1920	other	0
fp3	68	Sound	51	1633646	5119	2			5120		other	0
fp3	69	Sound	63	1640512	0	1			0		hit	108
fp3	69	Response	252	1650337	9825	1
fp3	70	Picture	103	1674690	0	2	2000	4	0	1920	other	0
fp3	71	Sound	63	1686668	0	1			0		hit	111
fp3	71	Response	252	1697364	10696	1
fp3	72	Picture	204	1721520	0	1	2000	2	0	1920	other	0
fp3	73	Sound	64	1733513	0	1			0		hit	114
fp3	73	Response	252	1749197	15684	2
fp3	74	Picture	202	1768682	0	2	2000	4	0	1920	other	0
fp3	75	Sound	62	1780656	0	2			0		hit	117
fp3	75	Response	251	1786142	5486	1
fp3	76	Picture	224	1816178	0	2	2000	4	0	1920	other	0
fp3	76	Sound	52	1822467	6289	1			6290		other	0
fp3	77	Sound	64	1828159	0	2			0		hit	121
fp3	77	Response	252	1840478	12319	1
fp3	78	Picture	1	1863008	0	1	1999	3	0	1920	other	0
fp3	79	Sound	61	1875004	0	1			0		hit	124
fp3	79	Response	251	1884599	9595	2
fp3	80	Picture	23	1909671	0	1	1999	3	0	1920	other	0
fp3	80	Sound	52	1917620	7949	2			7950		other	0
fp3	81	Sound	63	1921669	0	1			0		hit	128
fp3	81	Response	252	1933216	11547	1
fp3	82	Picture	103	1956500	0	1	2000	2	0	1920	other	0
fp3	83	Sound	63	1968483	0	1			0		incorrect	131
fp3	83	Response	251	1980230	11747	2
fp3	84	Picture	212	2003496	0	1	2000	2	0	1920	other	0
fp3	84	Sound	51	2008475	4979	2			4980		other	0
fp3	85	Sound	62	2015477	0	1			0		hit	135
fp3	85	Response	251	2022970	7493	2
fp3	86	Picture	204	2051325	0	2	2000	3	0	1920	other	0
fp3	87	Sound	64	2063309	0	2			0		hit	138
fp3	87	Response	252	2072543	9234	2
fp3	88	Picture	101	2098988	0	1	2000	2	0	1920	other	0
fp3	89	Sound	61	2110962	0	1			0		hit	141
fp3	89	Response	251	2123497	12535	1
fp3	90	Picture	101	2146817	0	2	2000	3	0	1920	other	0
fp3	91	Sound	61	2158794	0	1			0		hit	144
fp3	91	Response	251	2165155	6361	1
fp3	92	Picture	4	2194813	0	1	2000	2	0	1920	other	0
fp3	93	Sound	64	2206806	0	1			0		hit	147
fp3	93	Response	252	2214638	7832	2
fp3	94	Picture	202	2242642	0	2	2000	4	0	1920	other	0
fp3	95	Sound	62	2254638	0	1			0		hit	150
fp3	95	Response	251	2265952	11314	2
fp3	96	Picture	222	2289472	0	1	2000	2	0	1920	other	0
fp3	96	Sound	52	2297601	8129	2			8130		other	0
fp3	97	Sound	62	2301453	0	1			0		miss	0
fp3	97	Response	251	2333636	32183	1
fp3	98	Picture	121	2336635	0	1	1999	3	0	1920	other	0
fp3	98	Sound	52	2344374	7739	1			7740		other	0
fp3	99	Sound	61	2348626	0	2			0		incorrect	158
fp3	99	Response	252	2361461	12835	2
fp3	100	Picture	1	2383797	0	2	2000	4	0	1920	other	0
fp3	101	Sound	61	2395770	0	1			0		incorrect	161
fp3	101	Response	252	2406138	10368	1
fp3	102	Picture	101	2429960	0	1	2000	2	0	1920	other	0
fp3	103	Sound	61	2441956	0	1			0		incorrect	164
fp3	103	Response	252	2455897	13941	1
fp3	104	Picture	2	2477956	0	1	2000	2	0	1920	other	0
fp3	105	Sound	62	2489938	0	1			0		hit	167
fp3	105	Response	251	2497197	7259	1
fp3	106	Picture	202	2524952	0	2	2000	3	0	1920	other	0
fp3	107	Sound	62	2536932	0	1			0		hit	170
fp3	107	Response	251	2544798	7866	1
fp3	108	Picture	14	2571615	0	1	2000	2	0	1920	other	0
fp3	108	Sound	51	2575334	3719	1			3720		other	0
fp3	109	Sound	64	2583597	0	1			0		hit	174
fp3	109	Response	252	2593004	9407	1
fp3	110	Picture	202	2617778	0	1	1999	3	0	1920	other	0
fp3	111	Sound	62	2629753	0	1			0		hit	177
fp3	111	Response	251	2639788	10035	2
fp3	112	Picture	3	2664440	0	2	2000	3	0	1920	other	0
fp3	113	Sound	63	2676418	0	1			0		hit	180
fp3	113	Response	252	2681263	4845	1
fp3	114	Picture	2	2711436	0	2	2000	3	0	1920	other	0
fp3	115	Sound	62	2723412	0	1			0		hit	183
fp3	115	Response	251	2733049	9637	2
fp3	116	Picture	103	2757932	0	2	2000	4	0	1920	other	0
fp3	117	Sound	63	2769927	0	1			0		incorrect	186
fp3	117	Response	251	2786250	16323	1
fp3	118	Picture	214	2805928	0	2	2000	4	0	1920	other	0
fp3	118	Sound	51	2809327	3399	2			3400		other	0
fp3	119	Sound	64	2817909	0	1			0		hit	190
fp3	119	Response	252	2833044	15135	1
fp3	120	Picture	101	2852258	0	1	1999	3	0	1920	other	0
fp3	121	Sound	61	2864244	0	2			0		hit	193
fp3	121	Response	251	2873045	8801	1
fp3	122	Picture	12	2900087	0	2	2000	3	0	1920	other	0
fp3	122	Sound	51	2903366	3279	2			3280		other	0
fp3	123	Sound	62	2912076	0	2			0		miss	0
fp3	124	Picture	21	2946417	0	1	1999	3	0	1920	other	0
fp3	124	Sound	52	2954596	8179	1			8180		other	0
fp3	125	Sound	61	2958412	0	1			0		hit	200
fp3	125	Response	251	2976112	17700	2
fp3	126	Picture	4	2993246	0	1	2000	2	0	1920	other	0
fp3	127	Sound	64	3005226	0	2			0		hit	203
fp3	127	Response	252	3010266	5040	2
fp3	128	Picture	204	3041075	0	2	2000	3	0	1920	other	0
fp3	129	Sound	64	3053059	0	1			0		hit	206
fp3	129	Response	252	3065586	12527	1
fp3	130	Picture	3	3087738	0	1	2000	2	0	1920	other	0
fp3	131	Sound	63	3099724	0	1			0		hit	209
fp3	131	Response	252	3108378	8654	1
fp3	132	Picture	202	3134401	0	1	1999	3	0	1920	other	0
fp3	133	Sound	62	3146389	0	1			0		hit	212
fp3	133	Response	251	3154826	8437	1
fp3	134	Response	252	3215144	33747	2
fp3	134	Response	253	3332852	151455	1


Event Type	Code	Type	Response	RT	RT Uncertainty	Time	Uncertainty	Duration	Uncertainty	ReqTime	ReqDur

Picture	10	other				38828	2	20165	4	0	20000
Picture	10	other				59160	1	40163	2	0	40000
Picture	10	other				99489	2	40164	3	0	40000
Nothing	91	other				139655	1			0
Picture	2	other				169817	2	2000	3	0	1920
Sound	62	hit	1	14533	4	181809	2			0
Picture	101	other				216813	2	2000	3	0	1920
Sound	61	hit	1	8537	2	228804	1			0
Picture	123	other				263309	2	2000	3	0	1920
Sound	52	other				270368	1			7060
Sound	63	hit	2	4472	2	275289	1			0
Picture	101	other				309472	1	2000	2	0	1920
Sound	61	hit	1	10111	2	321445	1			0
Picture	103	other				356635	1	1999	3	0	1920
Sound	63	hit	2	5865	3	368618	2			0
Picture	4	other				404297	2	2000	4	0	1920
Sound	64	hit	2	12228	2	416271	1			0
Picture	11	other				451460	2	2000	3	0	1920
Sound	51	other				454169	2			2710
Sound	61	hit	1	8757	3	463445	1			0
Picture	22	other				497790	1	1999	3	0	1920
Sound	52	other				505349	2			7560
Sound	62	hit	1	8847	3	509780	2			0
Picture	1	other				545619	1	1999	3	0	1920
Sound	61	hit	1	9768	2	557613	1			0
Picture	2	other				592281	2	2000	4	0	1920
Sound	62	hit	1	25230	3	604277	2			0
Picture	204	other				638611	2	2000	3	0	1920
Sound	64	hit	2	6146	2	650583	1			0
Picture	4	other				685774	1	2000	2	0	1920
Sound	64	hit	2	7976	2	697757	1			0
Picture	111	other				733770	1	2000	2	0	1920
Sound	51	other				737289	1			3520
Sound	61	hit	1	8765	2	745769	1			0
Picture	3	other				780766	1	1999	3	0	1920
Sound	63	miss				792763	1			0
Picture	24	false_alarm	1	3369	2	827262	1	1999	3	0	1920
Sound	52	other				834561	2			7300
Sound	64	hit	2	15100	2	839248	1			0
Picture	1	other				873758	1	2000	2	0	1920
Sound	61	hit	1	8182	3	885733	1			0
Picture	3	other				921254	1	2000	2	0	1920
Sound	63	hit	2	7554	2	933236	1			0
Picture	202	other				968250	1	2000	2	0	1920
Sound	62	hit	1	8227	3	980230	1			0
Picture	2	other				1015413	1	1999	3	0	1920
Sound	62	hit	1	10016	3	1027404	1			0
Picture	4	other				1063075	2	2000	4	0	1920
Sound	64	hit	2	6768	3	1075056	2			0
Picture	3	other				1109905	1	1999	3	0	1920
Sound	63	hit	2	5368	2	1121901	1			0
Picture	204	other				1157734	1	2000	2	0	1920
Sound	64	hit	2	8197	2	1169733	1			0
Picture	13	other				1205896	2	2000	4	0	1920
Sound	51	other				1208895	1			3000
Sound	63	hit	2	21700	4	1217894	2			0
Picture	3	other				1252059	2	2000	3	0	1920
Sound	63	hit	2	6416	3	1264050	2			0
Picture	204	other				1299722	1	2000	2	0	1920
Sound	64	miss				1311703	1			0
Picture	1	other				1346884	2	2001	3	0	1920
Sound	61	miss				1358877	1			0
Picture	1	other				1393881	1	2000	2	0	1920
Sound	61	miss				1405871	1			0
Picture	103	other				1440710	1	2000	2	0	1920
Sound	63	hit	2	9478	3	1452685	2			0
Picture	2	other				1487539	2	2000	4	0	1920
Sound	62	hit	1	7981	2	1499530	1			0
Picture	103	other				1535035	2	2000	4	0	1920
Sound	63	hit	2	10078	2	1547033	1			0
Picture	4	other				1581365	1	2000	2	0	1920
Sound	64	incorrect	1	6236	3	1593338	2			0
Picture	113	other				1628527	2	2000	4	0	1920
Sound	51	other				1633646	2			5120
Sound	63	hit	2	9825	2	1640512	1			0
Picture	103	other				1674690	2	2000	4	0	1920
Sound	63	hit	2	10696	2	1686668	1			0
Picture	204	other				1721520	1	2000	2	0	1920
Sound	64	hit	2	15684	3	1733513	1			0
Picture	202	other				1768682	2	2000	4	0	1920
Sound	62	hit	1	5486	3	1780656	2			0
Picture	224	other				1816178	2	2000	4	0	1920
Sound	52	other				1822467	1			6290
Sound	64	hit	2	12319	3	1828159	2			0
Picture	1	other				1863008	1	1999	3	0	1920
Sound	61	hit	1	9595	3	1875004	1			0
Picture	23	other				1909671	1	1999	3	0	1920
Sound	52	other				1917620	2			7950
Sound	63	hit	2	11547	2	1921669	1			0
Picture	103	other				1956500	1	2000	2	0	1920
Sound	63	incorrect	1	11747	3	1968483	1			0
Picture	212	other				2003496	1	2000	2	0	1920
Sound	51	other				2008475	2			4980
Sound	62	hit	1	7493	3	2015477	1			0
Picture	204	other				2051325	2	2000	3	0	1920
Sound	64	hit	2	9234	4	2063309	2			0
Picture	101	other				2098988	1	2000	2	0	1920
Sound	61	hit	1	12535	2	2110962	1			0
Picture	101	other				2146817	2	2000	3	0	1920
Sound	61	hit	1	6361	2	2158794	1			0
Picture	4	other				2194813	1	2000	2	0	1920
Sound	64	hit	2	7832	3	2206806	1			0
Picture	202	other				2242642	2	2000	4	0	1920
Sound	62	hit	1	11314	3	2254638	1			0
Picture	222	other				2289472	1	2000	2	0	1920
Sound	52	other				2297601	2			8130
Sound	62	miss				2301453	1			0
Picture	121	other				2336635	1	1999	3	0	1920
Sound	52	other				2344374	1			7740
Sound	61	incorrect	2	12835	4	2348626	2			0
Picture	1	other				2383797	2	2000	4	0	1920
Sound	61	incorrect	2	10368	2	2395770	1			0
Picture	101	other				2429960	1	2000	2	0	1920
Sound	61	incorrect	2	13941	2	2441956	1			0
Picture	2	other				2477956	1	2000	2	0	1920
Sound	62	hit	1	7259	2	2489938	1			0
Picture	202	other				2524952	2	2000	3	0	1920
Sound	62	hit	1	7866	2	2536932	1			0
Picture	14	other				2571615	1	2000	2	0	1920
Sound	51	other				2575334	1			3720
Sound	64	hit	2	9407	2	2583597	1			0
Picture	202	other				2617778	1	1999	3	0	1920
Sound	62	hit	1	10035	3	2629753	1			0
Picture	3	other				2664440	2	2000	3	0	1920
Sound	63	hit	2	4845	2	2676418	1			0
Picture	2	other				2711436	2	2000	3	0	1920
Sound	62	hit	1	9637	3	2723412	1			0
Picture	103	other				2757932	2	2000	4	0	1920
Sound	63	incorrect	1	16323	2	2769927	1			0
Picture	214	other				2805928	2	2000	4	0	1920
Sound	51	other				2809327	2			3400
Sound	64	hit	2	15135	2	2817909	1			0
Picture	101	other				2852258	1	1999	3	0	1920
Sound	61	hit	1	8801	3	2864244	2			0
Picture	12	other				2900087	2	2000	3	0	1920
Sound	51	other				2903366	2			3280
Sound	62	miss				2912076	2			0
Picture	21	other				2946417	1	1999	3	0	1920
Sound	52	other				2954596	1			8180
Sound	61	hit	1	17700	3	2958412	1			0
Picture	4	other				2993246	1	2000	2	0	1920
Sound	64	hit	2	5040	4	3005226	2			0
Picture	204	other				3041075	2	2000	3	0	1920
Sound	64	hit	2	12527	2	3053059	1			0
Picture	3	other				3087738	1	2000	2	0	1920
Sound	63	hit	2	8654	2	3099724	1			0
Picture	202	other				3134401	1	1999	3	0	1920
Sound	62	hit	1	8437	2	3146389	1			0
