Scenario - 17_March_2015
Logfile written - 06/07/2016 16:20:34

Subject	Trial	Event Type	Code	Time	TTime	Uncertainty	Duration	Uncertainty	ReqTime	ReqDur	Stim Type	Pair Index

fp3	1	Response	253	10846	20679	1
fp3	2	Picture	10	10997	0	2	20165	4	0	20000	other	0
fp3	3	Picture	10	31329	0	1	40163	3	0	40000	other	0
fp3	3	Response	251	43328	11999	1
fp3	4	Picture	10	71658	0	2	40164	3	0	40000	other	0
fp3	4	Response	252	81679	10021	1
fp3	5	Nothing	91	111824	0	1			0		other	0
fp3	6	Picture	202	141986	0	2	2000	3	0	1920	other	0
fp3	7	Sound	62	153972	0	1			0		incorrect	10
fp3	7	Response	252	172466	18494	1
fp3	8	Picture	123	188149	0	1	2000	2	0	1920	other	0
fp3	8	Sound	52	193738	5589	1			5590		other	0
fp3	9	Sound	63	200128	0	1			0		hit	14
fp3	9	Response	252	207276	7148	2
fp3	10	Picture	12	235645	0	1	2000	2	0	1920	other	0
fp3	10	Sound	51	238404	2759	1			2760		other	0
fp3	11	Sound	62	247631	0	1			0		hit	18
fp3	11	Response	251	255667	8036	1
fp3	12	Picture	1	283141	0	2	2000	3	0	1920	other	0
fp3	13	Sound	61	295134	0	1			0		hit	21
fp3	13	Response	251	303336	8202	2
fp3	14	Picture	214	329304	0	1	2000	2	0	1920	other	0
fp3	14	Sound	51	334063	4759	2			4760		other	0
fp3	15	Sound	64	341290	0	1			0		hit	25
fp3	15	Response	252	351256	9966	1
fp3	16	Picture	224	377299	0	2	2001	3	0	1920	other	0
fp3	16	Sound	52	383338	6039	2			6040		other	0
fp3	17	Sound	64	389272	0	1			0		hit	29
fp3	17	Response	252	398603	9331	1
fp3	18	Picture	3	423796	0	1	2000	2	0	1920	other	0
fp3	19	Sound	63	435787	0	1			0		hit	32
fp3	19	Response	252	442351	6564	1
fp3	20	Picture	21	470792	0	1	2000	2	0	1920	other	0
fp3	20	Sound	52	478551	7759	2			7760		other	0
fp3	21	Sound	61	482781	0	1			0		hit	36
fp3	21	Response	251	492075	9294	1
fp3	22	Picture	2	518621	0	2	2000	3	0	1920	other	0
fp3	23	Sound	62	530613	0	1			0		hit	39
fp3	23	Response	251	539984	9371	2
fp3	24	Picture	1	566284	0	1	2000	2	0	1920	other	0
fp3	25	Sound	61	578266	0	1			0		hit	42
fp3	25	Response	251	585630	7364	2
fp3	26	Picture	204	612780	0	2	2000	3	0	1920	other	0
fp3	27	Sound	64	624751	0	1			0		hit	45
fp3	27	Response	252	633950	9199	1
fp3	28	Picture	101	659776	0	1	2000	2	0	1920	other	0
fp3	29	Sound	61	671775	0	1			0		hit	48
fp3	29	Response	251	678006	6231	1
fp3	30	Picture	101	707772	0	1	2000	2	0	1920	other	0
fp3	31	Sound	61	719757	0	1			0		hit	51
fp3	31	Response	251	729977	10220	1
fp3	32	Picture	113	754101	0	2	2000	3	0	1920	other	0
fp3	32	Sound	51	759241	5140	1			5140		other	0
fp3	33	Sound	63	766092	0	2			0		hit	55
fp3	33	Response	252	773349	7257	1
fp3	34	Picture	4	802097	0	2	2000	4	0	1920	other	0
fp3	35	Sound	64	814074	0	1			0		incorrect	58
fp3	35	Response	251	831437	17363	1
fp3	36	Picture	23	848427	0	1	1999	3	0	1920	other	0
fp3	36	Sound	52	855066	6639	1			6640		other	0
fp3	37	Sound	63	860410	0	1			0		hit	62
fp3	37	Response	252	869332	8922	1
fp3	38	Picture	3	896423	0	1	2000	2	0	1920	other	0
fp3	39	Sound	63	908422	0	1			0		incorrect	65
fp3	39	Response	251	920787	12365	1
fp3	40	Picture	22	943919	0	1	1999	3	0	1920	other	0
fp3	40	Sound	52	949828	5909	1			5910		other	0
fp3	41	Sound	62	955895	0	1			0		hit	69
fp3	41	Response	251	965229	9334	2
fp3	42	Picture	14	991915	0	1	1999	3	0	1920	other	0
fp3	42	Sound	51	995964	4049	2			4050		other	0
fp3	43	Sound	64	1003906	0	2			0		hit	73
fp3	43	Response	252	1016416	12510	2
fp3	44	Picture	4	1038411	0	1	1999	3	0	1920	other	0
fp3	45	Sound	64	1050392	0	1			0		incorrect	76
fp3	45	Response	251	1066934	16542	2
fp3	46	Picture	101	1084573	0	2	2000	4	0	1920	other	0
fp3	47	Sound	61	1096548	0	1			0		hit	79
fp3	47	Response	251	1104983	8435	2
fp3	48	Picture	202	1131903	0	1	2000	2	0	1920	other	0
fp3	49	Sound	62	1143901	0	1			0		hit	82
fp3	49	Response	251	1151889	7988	1
fp3	50	Picture	204	1179899	0	1	2000	2	0	1920	other	0
fp3	51	Sound	64	1191883	0	1			0		hit	85
fp3	51	Response	252	1205769	13886	1
fp3	52	Picture	2	1226061	0	2	2000	4	0	1920	other	0
fp3	53	Sound	62	1238039	0	1			0		hit	88
fp3	53	Response	251	1246056	8017	1
fp3	54	Picture	103	1272224	0	2	2000	3	0	1920	other	0
fp3	55	Sound	63	1284195	0	1			0		miss	0
fp3	55	Response	251	1315819	31624	1
fp3	56	Picture	204	1319387	0	1	2000	2	0	1920	other	0
fp3	57	Sound	64	1331368	0	2			0		incorrect	94
fp3	57	Response	251	1338049	6681	1
fp3	58	Picture	2	1367050	0	1	1999	3	0	1920	other	0
fp3	59	Sound	62	1379021	0	1			0		hit	97
fp3	59	Response	251	1386027	7006	1
fp3	60	Picture	1	1414545	0	2	2000	4	0	1920	other	0
fp3	61	Sound	61	1426524	0	1			0		hit	100
fp3	61	Response	251	1434637	8113	1
fp3	62	Picture	24	1462375	0	1	2000	2	0	1920	other	0
fp3	62	Sound	52	1468704	6329	1			6330		other	0
fp3	63	Sound	64	1474356	0	1			0		hit	104
fp3	63	Response	252	1488216	13860	2
fp3	64	Picture	222	1509371	0	2	2000	3	0	1920	other	0
fp3	64	Sound	52	1515030	5659	1			5660		other	0
fp3	65	Sound	62	1521350	0	2			0		hit	108
fp3	65	Response	251	1532345	10995	2
fp3	66	Picture	1	1555700	0	2	2000	4	0	1920	other	0
fp3	67	Sound	61	1567686	0	1			0		hit	111
fp3	67	Response	251	1576248	8562	1
fp3	68	Picture	204	1603363	0	1	2000	2	0	1920	other	0
fp3	69	Sound	64	1615339	0	1			0		hit	114
fp3	69	Response	252	1623236	7897	1
fp3	70	Picture	101	1651359	0	1	2000	2	0	1920	other	0
fp3	71	Sound	61	1663350	0	1			0		hit	117
fp3	71	Response	251	1670951	7601	1
fp3	72	Picture	3	1697522	0	1	2000	2	0	1920	other	0
fp3	73	Sound	63	1709506	0	2			0		hit	120
fp3	73	Response	252	1728718	19212	1
fp3	74	Picture	1	1744518	0	1	2000	2	0	1920	other	0
fp3	75	Sound	61	1756500	0	2			0		hit	123
fp3	75	Response	251	1764287	7787	1
fp3	76	Picture	204	1792180	0	2	2000	4	0	1920	other	0
fp3	77	Sound	64	1804153	0	1			0		hit	126
fp3	77	Response	252	1834063	29910	1
fp3	78	Picture	121	1838676	0	2	2000	4	0	1920	other	0
fp3	78	Sound	52	1846715	8039	1			8040		other	0
fp3	79	Sound	61	1850668	0	1			0		incorrect	130
fp3	79	Response	252	1877549	26881	1
fp3	80	Picture	4	1885339	0	2	2000	3	0	1920	other	0
fp3	81	Sound	64	1897333	0	1			0		hit	133
fp3	81	Response	252	1905502	8169	1
fp3	82	Picture	2	1933002	0	1	2000	2	0	1920	other	0
fp3	83	Sound	62	1944986	0	1			0		hit	136
fp3	83	Response	251	1955005	10019	1
fp3	83	Response	251	1963443	18457	1
fp3	84	Picture	2	1979165	0	1	1999	3	0	1920	other	0
fp3	85	Sound	62	1991142	0	1			0		hit	140
fp3	85	Response	251	1997257	6115	2
fp3	86	Picture	202	2026827	0	2	2000	4	0	1920	other	0
fp3	87	Sound	62	2038824	0	1			0		incorrect	143
fp3	87	Response	252	2068147	29323	1
fp3	88	Picture	212	2074157	0	1	2000	2	0	1920	other	0
fp3	88	Sound	51	2079036	4879	2			4880		other	0
fp3	89	Sound	62	2086147	0	2			0		incorrect	147
fp3	89	Response	252	2099107	12960	2
fp3	89	Response	252	2104786	18639	1
fp3	90	Picture	3	2120653	0	1	2000	2	0	1920	other	0
fp3	91	Sound	63	2132633	0	1			0		hit	151
fp3	91	Response	252	2140490	7857	1
fp3	92	Picture	3	2167982	0	2	2000	3	0	1920	other	0
fp3	93	Sound	63	2179956	0	1			0		hit	154
fp3	93	Response	252	2189467	9511	1
fp3	94	Picture	101	2215145	0	1	2000	2	0	1920	other	0
fp3	95	Sound	61	2227130	0	1			0		hit	157
fp3	95	Response	251	2234263	7133	2
fp3	96	Picture	103	2263307	0	2	2000	4	0	1920	other	0
fp3	97	Sound	63	2275291	0	1			0		hit	160
fp3	97	Response	252	2282604	7313	1
fp3	98	Picture	1	2310803	0	2	2000	4	0	1920	other	0
fp3	99	Sound	61	2322794	0	1			0		hit	163
fp3	99	Response	251	2339130	16336	1
fp3	100	Picture	103	2358799	0	2	2000	3	0	1920	other	0
fp3	101	Sound	63	2370776	0	1			0		incorrect	166
fp3	101	Response	251	2393312	22536	1
fp3	102	Picture	4	2405295	0	2	2000	4	0	1920	other	0
fp3	103	Sound	64	2417291	0	1			0		hit	169
fp3	103	Response	252	2430029	12738	1
fp3	104	Picture	202	2453458	0	1	2000	2	0	1920	other	0
fp3	105	Sound	62	2465453	0	1			0		hit	172
fp3	105	Response	251	2473051	7598	2
fp3	106	Picture	4	2499787	0	2	2000	4	0	1920	other	0
fp3	107	Sound	64	2511758	0	2			0		hit	175
fp3	107	Response	252	2519457	7699	1
fp3	107	Response	252	2523971	12213	1
fp3	108	Picture	202	2547783	0	2	2000	4	0	1920	other	0
fp3	109	Sound	62	2559770	0	1			0		hit	179
fp3	109	Response	251	2582575	22805	1
fp3	110	Picture	11	2595613	0	1	2000	2	0	1920	other	0
fp3	110	Sound	51	2600782	5169	2			5170		other	0
fp3	111	Sound	61	2607602	0	2			0		hit	183
fp3	111	Response	251	2615289	7687	1
fp3	112	Picture	2	2643109	0	1	2000	2	0	1920	other	0
fp3	113	Sound	62	2655105	0	2			0		hit	186
fp3	113	Response	251	2671403	16298	1
fp3	114	Picture	103	2689271	0	2	2000	4	0	1920	other	0
fp3	115	Sound	63	2701261	0	1			0		incorrect	189
fp3	115	Response	251	2717192	15931	1
fp3	116	Picture	103	2736101	0	1	2000	2	0	1920	other	0
fp3	117	Sound	63	2748076	0	1			0		hit	192
fp3	117	Response	252	2753405	5329	1
fp3	118	Picture	3	2782764	0	1	1999	3	0	1920	other	0
fp3	119	Sound	63	2794741	0	1			0		incorrect	195
fp3	119	Response	251	2801638	6897	1
fp3	119	Response	252	2803383	8642	2
fp3	119	Response	252	2809634	14893	1
fp3	119	Response	252	2811966	17225	1
fp3	119	Response	252	2814806	20065	1
fp3	120	Picture	4	2829926	0	2	2000	4	0	1920	other	0
fp3	121	Sound	64	2841914	0	2			0		miss	0
fp3	122	Picture	202	2876422	0	2	2000	3	0	1920	other	0
fp3	123	Sound	62	2888399	0	2			0		hit	204
fp3	123	Response	251	2896276	7877	1
fp3	124	Picture	103	2923085	0	2	2000	3	0	1920	other	0
fp3	125	Sound	63	2935064	0	2			0		hit	207
fp3	125	Response	252	2940099	5035	1
fp3	126	Picture	111	2971248	0	1	2000	2	0	1920	other	0
fp3	126	Sound	51	2973777	2529	2			2530		other	0
fp3	127	Sound	61	2983226	0	1			0		hit	211
fp3	127	Response	251	2996495	13269	1
fp3	128	Picture	13	3018077	0	2	2000	3	0	1920	other	0
fp3	128	Sound	51	3022366	4289	2			4290		other	0
fp3	129	Sound	63	3030070	0	2			0		hit	215
fp3	129	Response	252	3040788	10718	1
fp3	130	Picture	204	3064407	0	1	1999	3	0	1920	other	0
fp3	131	Sound	64	3076406	0	1			0		hit	218
fp3	131	Response	252	3083398	6992	1
fp3	132	Picture	101	3110903	0	1	2000	2	0	1920	other	0
fp3	133	Sound	61	3122891	0	1			0		hit	221
fp3	133	Response	251	3131656	8765	1
fp3	134	Response	253	3391357	232792	2


Event Type	Code	Type	Response	RT	RT Uncertainty	Time	Uncertainty	Duration	Uncertainty	ReqTime	ReqDur

Picture	10	other				10997	2	20165	4	0	20000
Picture	10	other				31329	1	40163	3	0	40000
Picture	10	other				71658	2	40164	3	0	40000
Nothing	91	other				111824	1			0
Picture	202	other				141986	2	2000	3	0	1920
Sound	62	incorrect	2	18494	2	153972	1			0
Picture	123	other				188149	1	2000	2	0	1920
Sound	52	other				193738	1			5590
Sound	63	hit	2	7148	3	200128	1			0
Picture	12	other				235645	1	2000	2	0	1920
Sound	51	other				238404	1			2760
Sound	62	hit	1	8036	2	247631	1			0
Picture	1	other				283141	2	2000	3	0	1920
Sound	61	hit	1	8202	3	295134	1			0
Picture	214	other				329304	1	2000	2	0	1920
Sound	51	other				334063	2			4760
Sound	64	hit	2	9966	2	341290	1			0
Picture	224	other				377299	2	2001	3	0	1920
Sound	52	other				383338	2			6040
Sound	64	hit	2	9331	2	389272	1			0
Picture	3	other				423796	1	2000	2	0	1920
Sound	63	hit	2	6564	2	435787	1			0
Picture	21	other				470792	1	2000	2	0	1920
Sound	52	other				478551	2			7760
Sound	61	hit	1	9294	2	482781	1			0
Picture	2	other				518621	2	2000	3	0	1920
Sound	62	hit	1	9371	3	530613	1			0
Picture	1	other				566284	1	2000	2	0	1920
Sound	61	hit	1	7364	3	578266	1			0
Picture	204	other				612780	2	2000	3	0	1920
Sound	64	hit	2	9199	2	624751	1			0
Picture	101	other				659776	1	2000	2	0	1920
Sound	61	hit	1	6231	2	671775	1			0
Picture	101	other				707772	1	2000	2	0	1920
Sound	61	hit	1	10220	2	719757	1			0
Picture	113	other				754101	2	2000	3	0	1920
Sound	51	other				759241	1			5140
Sound	63	hit	2	7257	3	766092	2			0
Picture	4	other				802097	2	2000	4	0	1920
Sound	64	incorrect	1	17363	2	814074	1			0
Picture	23	other				848427	1	1999	3	0	1920
Sound	52	other				855066	1			6640
Sound	63	hit	2	8922	2	860410	1			0
Picture	3	other				896423	1	2000	2	0	1920
Sound	63	incorrect	1	12365	2	908422	1			0
Picture	22	other				943919	1	1999	3	0	1920
Sound	52	other				949828	1			5910
Sound	62	hit	1	9334	3	955895	1			0
Picture	14	other				991915	1	1999	3	0	1920
Sound	51	other				995964	2			4050
Sound	64	hit	2	12510	4	1003906	2			0
Picture	4	other				1038411	1	1999	3	0	1920
Sound	64	incorrect	1	16542	3	1050392	1			0
Picture	101	other				1084573	2	2000	4	0	1920
Sound	61	hit	1	8435	3	1096548	1			0
Picture	202	other				1131903	1	2000	2	0	1920
Sound	62	hit	1	7988	2	1143901	1			0
Picture	204	other				1179899	1	2000	2	0	1920
Sound	64	hit	2	13886	2	1191883	1			0
Picture	2	other				1226061	2	2000	4	0	1920
Sound	62	hit	1	8017	2	1238039	1			0
Picture	103	other				1272224	2	2000	3	0	1920
Sound	63	miss				1284195	1			0
Picture	204	other				1319387	1	2000	2	0	1920
Sound	64	incorrect	1	6681	3	1331368	2			0
Picture	2	other				1367050	1	1999	3	0	1920
Sound	62	hit	1	7006	2	1379021	1			0
Picture	1	other				1414545	2	2000	4	0	1920
Sound	61	hit	1	8113	2	1426524	1			0
Picture	24	other				1462375	1	2000	2	0	1920
Sound	52	other				1468704	1			6330
Sound	64	hit	2	13860	3	1474356	1			0
Picture	222	other				1509371	2	2000	3	0	1920
Sound	52	other				1515030	1			5660
Sound	62	hit	1	10995	4	1521350	2			0
Picture	1	other				1555700	2	2000	4	0	1920
Sound	61	hit	1	8562	2	1567686	1			0
Picture	204	other				1603363	1	2000	2	0	1920
Sound	64	hit	2	7897	2	1615339	1			0
Picture	101	other				1651359	1	2000	2	0	1920
Sound	61	hit	1	7601	2	1663350	1			0
Picture	3	other				1697522	1	2000	2	0	1920
Sound	63	hit	2	19212	3	1709506	2			0
Picture	1	other				1744518	1	2000	2	0	1920
Sound	61	hit	1	7787	3	1756500	2			0
Picture	204	other				1792180	2	2000	4	0	1920
Sound	64	hit	2	29910	2	1804153	1			0
Picture	121	other				1838676	2	2000	4	0	1920
Sound	52	other				1846715	1			8040
Sound	61	incorrect	2	26881	2	1850668	1			0
Picture	4	other				1885339	2	2000	3	0	1920
Sound	64	hit	2	8169	2	1897333	1			0
Picture	2	other				1933002	1	2000	2	0	1920
Sound	62	hit	1	10019	2	1944986	1			0
Picture	2	other				1979165	1	1999	3	0	1920
Sound	62	hit	1	6115	3	1991142	1			0
Picture	202	other				2026827	2	2000	4	0	1920
Sound	62	incorrect	2	29323	2	2038824	1			0
Picture	212	other				2074157	1	2000	2	0	1920
Sound	51	other				2079036	2			4880
Sound	62	incorrect	2	12960	4	2086147	2			0
Picture	3	other				2120653	1	2000	2	0	1920
Sound	63	hit	2	7857	2	2132633	1			0
Picture	3	other				2167982	2	2000	3	0	1920
Sound	63	hit	2	9511	2	2179956	1			0
Picture	101	other				2215145	1	2000	2	0	1920
Sound	61	hit	1	7133	3	2227130	1			0
Picture	103	other				2263307	2	2000	4	0	1920
Sound	63	hit	2	7313	2	2275291	1			0
Picture	1	other				2310803	2	2000	4	0	1920
Sound	61	hit	1	16336	2	2322794	1			0
Picture	103	other				2358799	2	2000	3	0	1920
Sound	63	incorrect	1	22536	2	2370776	1			0
Picture	4	other				2405295	2	2000	4	0	1920
Sound	64	hit	2	12738	2	2417291	1			0
Picture	202	other				2453458	1	2000	2	0	1920
Sound	62	hit	1	7598	3	2465453	1			0
Picture	4	other				2499787	2	2000	4	0	1920
Sound	64	hit	2	7699	3	2511758	2			0
Picture	202	other				2547783	2	2000	4	0	1920
Sound	62	hit	1	22805	2	2559770	1			0
Picture	11	other				2595613	1	2000	2	0	1920
Sound	51	other				2600782	2			5170
Sound	61	hit	1	7687	3	2607602	2			0
Picture	2	other				2643109	1	2000	2	0	1920
Sound	62	hit	1	16298	3	2655105	2			0
Picture	103	other				2689271	2	2000	4	0	1920
Sound	63	incorrect	1	15931	2	2701261	1			0
Picture	103	other				2736101	1	2000	2	0	1920
Sound	63	hit	2	5329	2	2748076	1			0
Picture	3	other				2782764	1	1999	3	0	1920
Sound	63	incorrect	1	6897	2	2794741	1			0
Picture	4	other				2829926	2	2000	4	0	1920
Sound	64	miss				2841914	2			0
Picture	202	other				2876422	2	2000	3	0	1920
Sound	62	hit	1	7877	3	2888399	2			0
Picture	103	other				2923085	2	2000	3	0	1920
Sound	63	hit	2	5035	3	2935064	2			0
Picture	111	other				2971248	1	2000	2	0	1920
Sound	51	other				2973777	2			2530
Sound	61	hit	1	13269	2	2983226	1			0
Picture	13	other				3018077	2	2000	3	0	1920
Sound	51	other				3022366	2			4290
Sound	63	hit	2	10718	3	3030070	2			0
Picture	204	other				3064407	1	1999	3	0	1920
Sound	64	hit	2	6992	2	3076406	1			0
Picture	101	other				3110903	1	2000	2	0	1920
Sound	61	hit	1	8765	2	3122891	1			0
