Scenario - 17_March_2015
Logfile written - 07/18/2017 11:41:04

Subject	Trial	Event Type	Code	Time	TTime	Uncertainty	Duration	Uncertainty	ReqTime	ReqDur	Stim Type	Pair Index

bouma	1	Response	253	16105	25938	2
bouma	2	Picture	10	16163	0	2	20165	4	0	20000	other	0
bouma	3	Picture	10	36495	0	1	40163	2	0	40000	other	0
bouma	3	Response	251	52090	15595	1
bouma	4	Picture	10	76824	0	2	40163	4	0	40000	other	0
bouma	4	Response	252	91605	14781	2
bouma	5	Nothing	91	116989	0	1			0		other	0
bouma	6	Picture	12	147151	0	1	2000	2	0	1920	other	0
bouma	6	Sound	51	152261	5110	1			5110		other	0
bouma	7	Sound	62	159148	0	1			0		hit	11
bouma	7	Response	251	164429	5281	1
bouma	8	Picture	3	193814	0	1	1999	3	0	1920	other	0
bouma	9	Sound	63	205813	0	1			0		hit	14
bouma	9	Response	252	210130	4317	2
bouma	10	Picture	22	241142	0	2	2000	4	0	1920	other	0
bouma	10	Sound	52	249381	8239	1			8240		other	0
bouma	11	Sound	62	253135	0	1			0		hit	18
bouma	11	Response	251	258100	4965	1
bouma	12	Picture	204	287304	0	2	2000	4	0	1920	other	0
bouma	13	Sound	64	299291	0	1			0		hit	21
bouma	13	Response	252	304186	4895	2
bouma	14	Picture	204	333967	0	1	2000	2	0	1920	other	0
bouma	15	Sound	64	345955	0	1			0		hit	24
bouma	15	Response	252	350408	4453	1
bouma	16	Picture	2	381463	0	1	1999	3	0	1920	other	0
bouma	17	Sound	62	393457	0	1			0		hit	27
bouma	17	Response	251	397545	4088	1
bouma	18	Picture	2	428125	0	1	2000	2	0	1920	other	0
bouma	19	Sound	62	440121	0	2			0		hit	30
bouma	19	Response	251	443802	3681	2
bouma	20	Picture	204	474454	0	1	2000	2	0	1920	other	0
bouma	21	Sound	64	486426	0	2			0		hit	33
bouma	21	Response	252	490490	4064	1
bouma	22	Picture	1	520783	0	1	2000	2	0	1920	other	0
bouma	23	Sound	61	532761	0	1			0		hit	36
bouma	23	Response	251	540363	7602	1
bouma	24	Picture	123	567945	0	2	2000	3	0	1920	other	0
bouma	24	Sound	52	575014	7069	2			7070		other	0
bouma	25	Sound	63	579934	0	2			0		hit	40
bouma	25	Response	252	586466	6532	1
bouma	26	Picture	103	614441	0	1	2000	2	0	1920	other	0
bouma	27	Sound	63	626419	0	1			0		hit	43
bouma	27	Response	252	629913	3494	2
bouma	28	Picture	11	661770	0	2	2000	3	0	1920	other	0
bouma	28	Sound	51	666409	4639	2			4640		other	0
bouma	29	Sound	61	673742	0	1			0		hit	47
bouma	29	Response	251	678259	4517	1
bouma	30	Picture	202	708932	0	2	2000	3	0	1920	other	0
bouma	31	Sound	62	720915	0	2			0		hit	50
bouma	31	Response	251	726723	5808	1
bouma	32	Picture	204	755928	0	1	1999	3	0	1920	other	0
bouma	33	Sound	64	767908	0	2			0		hit	53
bouma	33	Response	252	773536	5628	2
bouma	34	Picture	101	802090	0	1	2000	2	0	1920	other	0
bouma	35	Sound	61	814064	0	1			0		hit	56
bouma	35	Response	251	821431	7367	1
bouma	36	Picture	4	848752	0	2	2000	3	0	1920	other	0
bouma	37	Sound	64	860728	0	1			0		hit	59
bouma	37	Response	252	865943	5215	1
bouma	38	Picture	1	895081	0	2	2000	3	0	1920	other	0
bouma	39	Sound	61	907063	0	1			0		hit	62
bouma	39	Response	251	911501	4438	1
bouma	40	Picture	1	942410	0	2	2000	3	0	1920	other	0
bouma	41	Sound	61	954386	0	1			0		hit	65
bouma	41	Response	251	960459	6073	1
bouma	42	Picture	103	989906	0	1	2000	2	0	1920	other	0
bouma	43	Sound	63	1001888	0	1			0		hit	68
bouma	43	Response	252	1006378	4490	2
bouma	44	Picture	202	1037235	0	1	2000	2	0	1920	other	0
bouma	45	Sound	62	1049211	0	1			0		hit	71
bouma	45	Response	251	1053667	4456	2
bouma	46	Picture	103	1083564	0	1	2000	2	0	1920	other	0
bouma	47	Sound	63	1095546	0	1			0		hit	74
bouma	47	Response	252	1099476	3930	1
bouma	48	Picture	2	1129893	0	1	2000	2	0	1920	other	0
bouma	49	Sound	62	1141880	0	2			0		hit	77
bouma	49	Response	251	1150560	8680	1
bouma	50	Picture	204	1177888	0	2	2000	4	0	1920	other	0
bouma	51	Sound	64	1189862	0	1			0		hit	80
bouma	51	Response	252	1194494	4632	2
bouma	52	Picture	103	1224551	0	1	1999	3	0	1920	other	0
bouma	53	Sound	63	1236526	0	1			0		hit	83
bouma	53	Response	252	1240687	4161	1
bouma	53	Response	252	1243424	6898	1
bouma	54	Picture	101	1271713	0	1	2000	2	0	1920	other	0
bouma	55	Sound	61	1283699	0	1			0		hit	87
bouma	55	Response	251	1288572	4873	2
bouma	56	Picture	3	1318708	0	2	2000	4	0	1920	other	0
bouma	57	Sound	63	1330693	0	1			0		hit	90
bouma	57	Response	252	1334652	3959	1
bouma	58	Picture	103	1365704	0	2	2000	3	0	1920	other	0
bouma	59	Sound	63	1377686	0	1			0		hit	93
bouma	59	Response	252	1381689	4003	1
bouma	60	Picture	23	1412366	0	2	2000	4	0	1920	other	0
bouma	60	Sound	52	1418785	6419	2			6420		other	0
bouma	61	Sound	63	1424350	0	1			0		hit	97
bouma	61	Response	252	1428918	4568	2
bouma	61	Response	252	1431250	6900	1
bouma	62	Picture	24	1460195	0	2	2000	4	0	1920	other	0
bouma	62	Sound	52	1466485	6290	1			6290		other	0
bouma	63	Sound	64	1472182	0	1			0		hit	102
bouma	63	Response	252	1478344	6162	1
bouma	64	Picture	3	1507857	0	2	2000	4	0	1920	other	0
bouma	65	Sound	63	1519834	0	1			0		hit	105
bouma	65	Response	252	1523624	3790	1
bouma	66	Picture	4	1554520	0	1	1999	3	0	1920	other	0
bouma	67	Sound	64	1566498	0	1			0		hit	108
bouma	67	Response	252	1570371	3873	1
bouma	67	Response	252	1573312	6814	1
bouma	68	Picture	2	1602015	0	2	2000	3	0	1920	other	0
bouma	69	Sound	62	1614000	0	2			0		hit	112
bouma	69	Response	251	1618991	4991	1
bouma	70	Picture	202	1648844	0	2	2000	3	0	1920	other	0
bouma	71	Sound	62	1660844	0	1			0		hit	115
bouma	71	Response	251	1667340	6496	1
bouma	72	Picture	101	1695673	0	2	2000	3	0	1920	other	0
bouma	73	Sound	61	1707658	0	1			0		hit	118
bouma	73	Response	251	1713792	6134	1
bouma	74	Picture	4	1743335	0	2	2000	4	0	1920	other	0
bouma	75	Sound	64	1755310	0	1			0		hit	121
bouma	75	Response	252	1759807	4497	1
bouma	76	Picture	212	1789664	0	2	2000	4	0	1920	other	0
bouma	76	Sound	51	1794293	4629	2			4630		other	0
bouma	77	Sound	62	1801645	0	1			0		hit	125
bouma	77	Response	251	1807514	5869	1
bouma	78	Picture	101	1836493	0	2	2000	4	0	1920	other	0
bouma	79	Sound	61	1848489	0	1			0		hit	128
bouma	79	Response	251	1852868	4379	2
bouma	80	Picture	1	1884489	0	2	2000	3	0	1920	other	0
bouma	81	Sound	61	1896470	0	1			0		hit	131
bouma	81	Response	251	1901841	5371	1
bouma	82	Picture	224	1931485	0	1	1999	3	0	1920	other	0
bouma	82	Sound	52	1937594	6109	2			6110		other	0
bouma	83	Sound	64	1943464	0	1			0		hit	135
bouma	83	Response	252	1948262	4798	1
bouma	84	Picture	13	1978647	0	1	2000	2	0	1920	other	0
bouma	84	Sound	51	1982056	3409	2			3410		other	0
bouma	85	Sound	63	1990637	0	1			0		hit	139
bouma	85	Response	252	1994249	3612	1
bouma	86	Picture	101	2026309	0	2	2000	3	0	1920	other	0
bouma	87	Sound	61	2038289	0	1			0		hit	142
bouma	87	Response	251	2045237	6948	2
bouma	88	Picture	2	2073805	0	1	2000	2	0	1920	other	0
bouma	89	Sound	62	2085791	0	1			0		hit	145
bouma	89	Response	251	2091008	5217	1
bouma	90	Picture	121	2121800	0	2	2000	4	0	1920	other	0
bouma	90	Sound	52	2127459	5659	2			5660		other	0
bouma	91	Sound	61	2133772	0	1			0		hit	149
bouma	91	Response	251	2138658	4886	1
bouma	92	Picture	202	2169462	0	2	2000	4	0	1920	other	0
bouma	93	Sound	62	2181454	0	1			0		hit	152
bouma	93	Response	251	2186435	4981	1
bouma	94	Picture	4	2216625	0	1	2000	2	0	1920	other	0
bouma	95	Sound	64	2228597	0	1			0		hit	155
bouma	95	Response	252	2233396	4799	2
bouma	96	Picture	3	2264454	0	1	1999	3	0	1920	other	0
bouma	97	Sound	63	2276429	0	1			0		hit	158
bouma	97	Response	252	2280219	3790	1
bouma	98	Picture	2	2310616	0	1	2000	2	0	1920	other	0
bouma	99	Sound	62	2322614	0	1			0		hit	161
bouma	99	Response	251	2327051	4437	2
bouma	100	Picture	222	2357112	0	1	1999	3	0	1920	other	0
bouma	100	Sound	52	2365381	8269	1			8270		other	0
bouma	101	Sound	62	2369099	0	1			0		hit	165
bouma	101	Response	251	2373564	4465	1
bouma	102	Picture	101	2403274	0	2	2000	3	0	1920	other	0
bouma	103	Sound	61	2415254	0	1			0		hit	168
bouma	103	Response	251	2420247	4993	1
bouma	104	Picture	103	2450103	0	1	2000	2	0	1920	other	0
bouma	105	Sound	63	2462098	0	1			0		hit	171
bouma	105	Response	252	2466257	4159	2
bouma	106	Picture	111	2497765	0	2	2000	3	0	1920	other	0
bouma	106	Sound	51	2500604	2839	2			2840		other	0
bouma	107	Sound	61	2509750	0	1			0		hit	175
bouma	107	Response	251	2513967	4217	2
bouma	108	Picture	204	2545594	0	2	2000	3	0	1920	other	0
bouma	109	Sound	64	2557581	0	2			0		hit	178
bouma	109	Response	252	2563895	6314	1
bouma	110	Picture	14	2592423	0	2	2000	3	0	1920	other	0
bouma	110	Sound	51	2596922	4499	1			4500		other	0
bouma	111	Sound	64	2604395	0	2			0		hit	182
bouma	111	Response	252	2607970	3575	1
bouma	112	Picture	3	2639252	0	1	2000	2	0	1920	other	0
bouma	113	Sound	63	2651239	0	1			0		hit	185
bouma	113	Response	252	2656683	5444	1
bouma	114	Picture	202	2686914	0	2	2000	3	0	1920	other	0
bouma	115	Sound	62	2698891	0	1			0		hit	188
bouma	115	Response	251	2704923	6032	2
bouma	116	Picture	3	2734410	0	1	2000	2	0	1920	other	0
bouma	117	Sound	63	2746393	0	2			0		hit	191
bouma	117	Response	252	2750729	4336	2
bouma	118	Picture	4	2780739	0	1	1999	3	0	1920	other	0
bouma	119	Sound	64	2792728	0	2			0		hit	194
bouma	119	Response	252	2797301	4573	2
bouma	120	Picture	113	2827234	0	2	2000	4	0	1920	other	0
bouma	120	Sound	51	2832143	4909	2			4910		other	0
bouma	121	Sound	63	2839213	0	1			0		hit	198
bouma	121	Response	252	2842604	3391	1
bouma	122	Picture	1	2875397	0	1	1999	3	0	1920	other	0
bouma	123	Sound	61	2887374	0	1			0		hit	201
bouma	123	Response	251	2892522	5148	2
bouma	124	Picture	21	2923059	0	1	1999	3	0	1920	other	0
bouma	124	Sound	52	2930778	7719	2			7720		other	0
bouma	125	Sound	61	2935056	0	1			0		hit	205
bouma	125	Response	251	2941219	6163	2
bouma	126	Picture	1	2970554	0	2	2000	3	0	1920	other	0
bouma	127	Sound	61	2982528	0	1			0		hit	208
bouma	127	Response	251	2988223	5695	2
bouma	128	Picture	214	3018216	0	2	2000	4	0	1920	other	0
bouma	128	Sound	51	3020755	2539	1			2540		other	0
bouma	129	Sound	64	3030210	0	1			0		hit	212
bouma	129	Response	252	3038399	8189	2
bouma	130	Picture	4	3065379	0	1	2000	2	0	1920	other	0
bouma	131	Sound	64	3077353	0	1			0		hit	215
bouma	131	Response	252	3084638	7285	2
bouma	132	Picture	202	3113541	0	1	2000	2	0	1920	other	0
bouma	133	Sound	62	3125514	0	1			0		hit	218
bouma	133	Response	251	3132534	7020	1
bouma	134	Response	253	3299549	139679	1


Event Type	Code	Type	Response	RT	RT Uncertainty	Time	Uncertainty	Duration	Uncertainty	ReqTime	ReqDur

Picture	10	other				16163	2	20165	4	0	20000
Picture	10	other				36495	1	40163	2	0	40000
Picture	10	other				76824	2	40163	4	0	40000
Nothing	91	other				116989	1			0
Picture	12	other				147151	1	2000	2	0	1920
Sound	51	other				152261	1			5110
Sound	62	hit	1	5281	2	159148	1			0
Picture	3	other				193814	1	1999	3	0	1920
Sound	63	hit	2	4317	3	205813	1			0
Picture	22	other				241142	2	2000	4	0	1920
Sound	52	other				249381	1			8240
Sound	62	hit	1	4965	2	253135	1			0
Picture	204	other				287304	2	2000	4	0	1920
Sound	64	hit	2	4895	3	299291	1			0
Picture	204	other				333967	1	2000	2	0	1920
Sound	64	hit	2	4453	2	345955	1			0
Picture	2	other				381463	1	1999	3	0	1920
Sound	62	hit	1	4088	2	393457	1			0
Picture	2	other				428125	1	2000	2	0	1920
Sound	62	hit	1	3681	4	440121	2			0
Picture	204	other				474454	1	2000	2	0	1920
Sound	64	hit	2	4064	3	486426	2			0
Picture	1	other				520783	1	2000	2	0	1920
Sound	61	hit	1	7602	2	532761	1			0
Picture	123	other				567945	2	2000	3	0	1920
Sound	52	other				575014	2			7070
Sound	63	hit	2	6532	3	579934	2			0
Picture	103	other				614441	1	2000	2	0	1920
Sound	63	hit	2	3494	3	626419	1			0
Picture	11	other				661770	2	2000	3	0	1920
Sound	51	other				666409	2			4640
Sound	61	hit	1	4517	2	673742	1			0
Picture	202	other				708932	2	2000	3	0	1920
Sound	62	hit	1	5808	3	720915	2			0
Picture	204	other				755928	1	1999	3	0	1920
Sound	64	hit	2	5628	4	767908	2			0
Picture	101	other				802090	1	2000	2	0	1920
Sound	61	hit	1	7367	2	814064	1			0
Picture	4	other				848752	2	2000	3	0	1920
Sound	64	hit	2	5215	2	860728	1			0
Picture	1	other				895081	2	2000	3	0	1920
Sound	61	hit	1	4438	2	907063	1			0
Picture	1	other				942410	2	2000	3	0	1920
Sound	61	hit	1	6073	2	954386	1			0
Picture	103	other				989906	1	2000	2	0	1920
Sound	63	hit	2	4490	3	1001888	1			0
Picture	202	other				1037235	1	2000	2	0	1920
Sound	62	hit	1	4456	3	1049211	1			0
Picture	103	other				1083564	1	2000	2	0	1920
Sound	63	hit	2	3930	2	1095546	1			0
Picture	2	other				1129893	1	2000	2	0	1920
Sound	62	hit	1	8680	3	1141880	2			0
Picture	204	other				1177888	2	2000	4	0	1920
Sound	64	hit	2	4632	3	1189862	1			0
Picture	103	other				1224551	1	1999	3	0	1920
Sound	63	hit	2	4161	2	1236526	1			0
Picture	101	other				1271713	1	2000	2	0	1920
Sound	61	hit	1	4873	3	1283699	1			0
Picture	3	other				1318708	2	2000	4	0	1920
Sound	63	hit	2	3959	2	1330693	1			0
Picture	103	other				1365704	2	2000	3	0	1920
Sound	63	hit	2	4003	2	1377686	1			0
Picture	23	other				1412366	2	2000	4	0	1920
Sound	52	other				1418785	2			6420
Sound	63	hit	2	4568	3	1424350	1			0
Picture	24	other				1460195	2	2000	4	0	1920
Sound	52	other				1466485	1			6290
Sound	64	hit	2	6162	2	1472182	1			0
Picture	3	other				1507857	2	2000	4	0	1920
Sound	63	hit	2	3790	2	1519834	1			0
Picture	4	other				1554520	1	1999	3	0	1920
Sound	64	hit	2	3873	2	1566498	1			0
Picture	2	other				1602015	2	2000	3	0	1920
Sound	62	hit	1	4991	3	1614000	2			0
Picture	202	other				1648844	2	2000	3	0	1920
Sound	62	hit	1	6496	2	1660844	1			0
Picture	101	other				1695673	2	2000	3	0	1920
Sound	61	hit	1	6134	2	1707658	1			0
Picture	4	other				1743335	2	2000	4	0	1920
Sound	64	hit	2	4497	2	1755310	1			0
Picture	212	other				1789664	2	2000	4	0	1920
Sound	51	other				1794293	2			4630
Sound	62	hit	1	5869	2	1801645	1			0
Picture	101	other				1836493	2	2000	4	0	1920
Sound	61	hit	1	4379	3	1848489	1			0
Picture	1	other				1884489	2	2000	3	0	1920
Sound	61	hit	1	5371	2	1896470	1			0
Picture	224	other				1931485	1	1999	3	0	1920
Sound	52	other				1937594	2			6110
Sound	64	hit	2	4798	2	1943464	1			0
Picture	13	other				1978647	1	2000	2	0	1920
Sound	51	other				1982056	2			3410
Sound	63	hit	2	3612	2	1990637	1			0
Picture	101	other				2026309	2	2000	3	0	1920
Sound	61	hit	1	6948	3	2038289	1			0
Picture	2	other				2073805	1	2000	2	0	1920
Sound	62	hit	1	5217	2	2085791	1			0
Picture	121	other				2121800	2	2000	4	0	1920
Sound	52	other				2127459	2			5660
Sound	61	hit	1	4886	2	2133772	1			0
Picture	202	other				2169462	2	2000	4	0	1920
Sound	62	hit	1	4981	2	2181454	1			0
Picture	4	other				2216625	1	2000	2	0	1920
Sound	64	hit	2	4799	3	2228597	1			0
Picture	3	other				2264454	1	1999	3	0	1920
Sound	63	hit	2	3790	2	2276429	1			0
Picture	2	other				2310616	1	2000	2	0	1920
Sound	62	hit	1	4437	3	2322614	1			0
Picture	222	other				2357112	1	1999	3	0	1920
Sound	52	other				2365381	1			8270
Sound	62	hit	1	4465	2	2369099	1			0
Picture	101	other				2403274	2	2000	3	0	1920
Sound	61	hit	1	4993	2	2415254	1			0
Picture	103	other				2450103	1	2000	2	0	1920
Sound	63	hit	2	4159	3	2462098	1			0
Picture	111	other				2497765	2	2000	3	0	1920
Sound	51	other				2500604	2			2840
Sound	61	hit	1	4217	3	2509750	1			0
Picture	204	other				2545594	2	2000	3	0	1920
Sound	64	hit	2	6314	3	2557581	2			0
Picture	14	other				2592423	2	2000	3	0	1920
Sound	51	other				2596922	1			4500
Sound	64	hit	2	3575	3	2604395	2			0
Picture	3	other				2639252	1	2000	2	0	1920
Sound	63	hit	2	5444	2	2651239	1			0
Picture	202	other				2686914	2	2000	3	0	1920
Sound	62	hit	1	6032	3	2698891	1			0
Picture	3	other				2734410	1	2000	2	0	1920
Sound	63	hit	2	4336	4	2746393	2			0
Picture	4	other				2780739	1	1999	3	0	1920
Sound	64	hit	2	4573	4	2792728	2			0
Picture	113	other				2827234	2	2000	4	0	1920
Sound	51	other				2832143	2			4910
Sound	63	hit	2	3391	2	2839213	1			0
Picture	1	other				2875397	1	1999	3	0	1920
Sound	61	hit	1	5148	3	2887374	1			0
Picture	21	other				2923059	1	1999	3	0	1920
Sound	52	other				2930778	2			7720
Sound	61	hit	1	6163	3	2935056	1			0
Picture	1	other				2970554	2	2000	3	0	1920
Sound	61	hit	1	5695	3	2982528	1			0
Picture	214	other				3018216	2	2000	4	0	1920
Sound	51	other				3020755	1			2540
Sound	64	hit	2	8189	3	3030210	1			0
Picture	4	other				3065379	1	2000	2	0	1920
Sound	64	hit	2	7285	3	3077353	1			0
Picture	202	other				3113541	1	2000	2	0	1920
Sound	62	hit	1	7020	2	3125514	1			0
