Scenario - 17_March_2015
Logfile written - 07/18/2017 10:09:24

Subject	Trial	Event Type	Code	Time	TTime	Uncertainty	Duration	Uncertainty	ReqTime	ReqDur	Stim Type	Pair Index

bouma	1	Response	253	25561	35395	1
bouma	2	Picture	10	25662	0	2	20165	4	0	20000	other	0
bouma	3	Picture	10	45994	0	1	40163	2	0	40000	other	0
bouma	3	Response	251	70308	24314	1
bouma	4	Picture	10	86323	0	2	40163	4	0	40000	other	0
bouma	4	Response	252	107220	20897	1
bouma	5	Nothing	91	126488	0	1			0		other	0
bouma	6	Picture	202	156650	0	2	2000	3	0	1920	other	0
bouma	7	Sound	62	168637	0	1			0		hit	10
bouma	7	Response	251	179160	10523	1
bouma	8	Picture	1	203813	0	1	1999	3	0	1920	other	0
bouma	9	Sound	61	215810	0	1			0		hit	13
bouma	9	Response	251	221295	5485	1
bouma	10	Picture	103	250308	0	2	2000	3	0	1920	other	0
bouma	11	Sound	63	262294	0	2			0		hit	16
bouma	11	Response	252	270898	8604	2
bouma	12	Picture	204	297971	0	1	1999	3	0	1920	other	0
bouma	13	Sound	64	309946	0	1			0		hit	19
bouma	13	Response	252	317462	7516	2
bouma	13	Response	252	322733	12787	1
bouma	14	Picture	2	344966	0	2	2000	3	0	1920	other	0
bouma	15	Sound	62	356940	0	1			0		hit	23
bouma	15	Response	251	364122	7182	1
bouma	16	Picture	103	391961	0	2	2000	4	0	1920	other	0
bouma	17	Sound	63	403933	0	1			0		hit	26
bouma	17	Response	252	411813	7880	1
bouma	17	Response	252	420836	16903	1
bouma	17	Response	252	421553	17620	1
bouma	17	Response	252	421656	17723	1
bouma	18	Picture	123	439624	0	1	2000	2	0	1920	other	0
bouma	18	Sound	52	445713	6089	2			6090		other	0
bouma	19	Sound	63	451615	0	1			0		incorrect	33
bouma	19	Response	251	468736	17121	1
bouma	20	Picture	3	486953	0	1	2000	2	0	1920	other	0
bouma	21	Sound	63	498938	0	1			0		incorrect	36
bouma	21	Response	251	506448	7510	2
bouma	22	Picture	14	533782	0	1	2000	2	0	1920	other	0
bouma	22	Sound	51	537131	3349	2			3350		other	0
bouma	23	Sound	64	545782	0	1			0		incorrect	40
bouma	23	Response	251	555040	9258	1
bouma	24	Picture	3	581611	0	1	2000	2	0	1920	other	0
bouma	25	Sound	63	593583	0	1			0		incorrect	43
bouma	25	Response	251	601216	7633	2
bouma	26	Picture	101	629273	0	1	2000	2	0	1920	other	0
bouma	27	Sound	61	641265	0	1			0		hit	46
bouma	27	Response	251	663265	22000	1
bouma	28	Picture	234	677268	0	2	2000	4	0	1920	false_alarm	49
bouma	28	Sound	52	684247	6979	2			6980		false_alarm	50
bouma	28	Response	251	684626	7358	1
bouma	28	Response	251	685944	8676	1
bouma	28	Response	251	686087	8819	1
bouma	28	Response	251	687127	9859	1
bouma	28	Response	251	687331	10063	1
bouma	29	Sound	64	689276	0	2			0		incorrect	55
bouma	29	Response	251	690817	1541	1
bouma	29	Response	251	690972	1696	1
bouma	29	Response	251	691081	1805	1
bouma	29	Response	251	691183	1907	2
bouma	29	Response	251	691291	2015	1
bouma	29	Response	251	691397	2121	2
bouma	29	Response	251	691503	2227	1
bouma	29	Response	251	695925	6649	1
bouma	29	Response	251	716721	27445	1
bouma	29	Response	251	720374	31098	1
bouma	29	Response	251	720684	31408	1
bouma	30	Picture	4	724931	0	1	1999	3	0	1920	false_alarm	67
bouma	30	Response	251	728091	3160	1
bouma	30	Response	251	728735	3804	1
bouma	30	Response	251	734975	10044	2
bouma	30	Response	251	735595	10664	1
bouma	30	Response	251	735698	10767	1
bouma	30	Response	251	736402	11471	1
bouma	31	Sound	61	736928	0	2			0		hit	74
bouma	31	Response	251	739420	2492	2
bouma	31	Response	251	741181	4253	1
bouma	31	Response	251	741285	4357	1
bouma	31	Response	251	741728	4800	2
bouma	32	Picture	214	771426	0	2	2000	4	0	1920	other	0
bouma	32	Sound	51	776135	4709	1			4710		other	0
bouma	33	Sound	64	783413	0	1			0		incorrect	81
bouma	33	Response	251	789797	6384	1
bouma	34	Picture	204	818589	0	1	2000	2	0	1920	other	0
bouma	35	Sound	62	830586	0	1			0		hit	84
bouma	35	Response	251	836592	6006	2
bouma	36	Response	251	973395	107144	1
bouma	36	Response	251	973512	107261	1
bouma	36	Response	251	1059804	193553	2
bouma	36	Response	251	1060819	194568	1
bouma	36	Response	251	1065819	199568	2
bouma	36	Response	251	1066034	199783	1
bouma	36	Response	251	1066152	199901	1
bouma	36	Response	251	1066498	200247	1
bouma	36	Response	251	1133593	267342	1
bouma	36	Response	251	1150437	284186	2
bouma	36	Response	251	1159258	293007	1
bouma	36	Response	251	1159360	293109	2
bouma	36	Response	251	1193838	327587	1
bouma	36	Response	253	1263852	397601	1


Event Type	Code	Type	Response	RT	RT Uncertainty	Time	Uncertainty	Duration	Uncertainty	ReqTime	ReqDur

Picture	10	other				25662	2	20165	4	0	20000
Picture	10	other				45994	1	40163	2	0	40000
Picture	10	other				86323	2	40163	4	0	40000
Nothing	91	other				126488	1			0
Picture	202	other				156650	2	2000	3	0	1920
Sound	62	hit	1	10523	2	168637	1			0
Picture	1	other				203813	1	1999	3	0	1920
Sound	61	hit	1	5485	2	215810	1			0
Picture	103	other				250308	2	2000	3	0	1920
Sound	63	hit	2	8604	4	262294	2			0
Picture	204	other				297971	1	1999	3	0	1920
Sound	64	hit	2	7516	3	309946	1			0
Picture	2	other				344966	2	2000	3	0	1920
Sound	62	hit	1	7182	2	356940	1			0
Picture	103	other				391961	2	2000	4	0	1920
Sound	63	hit	2	7880	2	403933	1			0
Picture	123	other				439624	1	2000	2	0	1920
Sound	52	other				445713	2			6090
Sound	63	incorrect	1	17121	2	451615	1			0
Picture	3	other				486953	1	2000	2	0	1920
Sound	63	incorrect	1	7510	3	498938	1			0
Picture	14	other				533782	1	2000	2	0	1920
Sound	51	other				537131	2			3350
Sound	64	incorrect	1	9258	2	545782	1			0
Picture	3	other				581611	1	2000	2	0	1920
Sound	63	incorrect	1	7633	3	593583	1			0
Picture	101	other				629273	1	2000	2	0	1920
Sound	61	hit	1	22000	2	641265	1			0
Picture	234	false_alarm	1	7358	3	677268	2	2000	4	0	1920
Sound	52	false_alarm	1	1697	3	684247	2			6980
Sound	64	incorrect	1	1541	3	689276	2			0
Picture	4	false_alarm	1	3160	2	724931	1	1999	3	0	1920
Sound	61	hit	1	2492	4	736928	2			0
Picture	214	other				771426	2	2000	4	0	1920
Sound	51	other				776135	1			4710
Sound	64	incorrect	1	6384	2	783413	1			0
Picture	204	other				818589	1	2000	2	0	1920
Sound	62	hit	1	6006	3	830586	1			0
