Scenario - 17_March_2015
Logfile written - 04/13/2017 16:25:52

Subject	Trial	Event Type	Code	Time	TTime	Uncertainty	Duration	Uncertainty	ReqTime	ReqDur	Stim Type	Pair Index

bpralus	1	Response	253	7042	16876	1
bpralus	2	Picture	10	7164	0	1	20164	3	0	20000	other	0
bpralus	3	Picture	10	27495	0	2	40163	3	0	40000	other	0
bpralus	3	Response	251	42764	15269	2
bpralus	3	Response	252	67052	39557	1
bpralus	4	Picture	10	67824	0	2	40163	4	0	40000	other	0
bpralus	4	Response	252	80010	12186	2
bpralus	5	Nothing	91	107989	0	1			0		other	0
bpralus	6	Picture	103	138151	0	1	2000	2	0	1920	other	0
bpralus	7	Sound	63	150138	0	1			0		hit	11
bpralus	7	Response	252	154672	4534	1
bpralus	8	Picture	101	184979	0	2	2000	4	0	1920	other	0
bpralus	9	Sound	61	196952	0	1			0		hit	14
bpralus	9	Response	251	203163	6211	1
bpralus	10	Picture	1	232142	0	1	1999	3	0	1920	other	0
bpralus	11	Sound	61	244124	0	2			0		hit	17
bpralus	11	Response	251	249875	5751	2
bpralus	12	Picture	24	279637	0	1	2000	2	0	1920	other	0
bpralus	12	Sound	52	285866	6229	2			6230		other	0
bpralus	13	Sound	64	291626	0	2			0		hit	21
bpralus	13	Response	252	297638	6012	1
bpralus	14	Picture	4	326299	0	1	2000	2	0	1920	other	0
bpralus	15	Sound	64	338290	0	2			0		hit	24
bpralus	15	Response	252	341414	3124	1
bpralus	16	Picture	21	372794	0	2	2000	3	0	1920	other	0
bpralus	16	Sound	52	380203	7409	1			7410		other	0
bpralus	17	Sound	61	384775	0	1			0		hit	28
bpralus	17	Response	251	393383	8608	1
bpralus	17	Response	251	396021	11246	1
bpralus	18	Picture	204	420456	0	2	2000	3	0	1920	other	0
bpralus	19	Sound	64	432456	0	2			0		hit	32
bpralus	19	Response	252	437290	4834	1
bpralus	20	Picture	11	466952	0	1	1999	3	0	1920	other	0
bpralus	20	Sound	51	471221	4269	2			4270		other	0
bpralus	21	Sound	61	478941	0	1			0		incorrect	36
bpralus	21	Response	252	483561	4620	2
bpralus	21	Response	251	488147	9206	1
bpralus	22	Picture	1	514280	0	2	2000	3	0	1920	other	0
bpralus	23	Sound	61	526263	0	1			0		hit	40
bpralus	23	Response	251	533331	7068	2
bpralus	24	Picture	3	560609	0	1	2000	2	0	1920	other	0
bpralus	25	Sound	63	572598	0	1			0		hit	43
bpralus	25	Response	252	579405	6807	2
bpralus	26	Picture	123	607104	0	2	2000	4	0	1920	other	0
bpralus	26	Sound	52	613413	6309	2			6310		other	0
bpralus	27	Sound	63	619082	0	1			0		hit	47
bpralus	27	Response	252	623696	4614	2
bpralus	28	Picture	214	654100	0	1	2000	2	0	1920	other	0
bpralus	28	Sound	51	658949	4849	1			4850		other	0
bpralus	29	Sound	64	666075	0	1			0		incorrect	51
bpralus	29	Response	251	672727	6652	2
bpralus	30	Picture	202	701095	0	2	2000	3	0	1920	other	0
bpralus	31	Sound	62	713068	0	2			0		incorrect	54
bpralus	31	Response	252	718293	5225	1
bpralus	32	Picture	4	747924	0	1	2000	2	0	1920	other	0
bpralus	33	Sound	64	759912	0	1			0		miss	0
bpralus	34	Picture	3	795919	0	2	2000	3	0	1920	other	0
bpralus	35	Sound	63	807893	0	1			0		hit	59
bpralus	35	Response	252	812635	4742	2
bpralus	36	Picture	101	842081	0	2	2000	3	0	1920	other	0
bpralus	37	Sound	61	854078	0	1			0		hit	62
bpralus	37	Response	251	860230	6152	1
bpralus	38	Picture	22	889410	0	1	2000	2	0	1920	other	0
bpralus	38	Sound	52	897669	8259	1			8260		other	0
bpralus	39	Sound	62	901400	0	1			0		hit	66
bpralus	39	Response	251	909813	8413	1
bpralus	40	Picture	212	937239	0	1	1999	3	0	1920	other	0
bpralus	40	Sound	51	940278	3039	1			3040		other	0
bpralus	41	Sound	62	949232	0	1			0		hit	70
bpralus	41	Response	251	954451	5219	1
bpralus	42	Picture	103	985067	0	2	2000	4	0	1920	other	0
bpralus	43	Sound	63	997063	0	1			0		hit	73
bpralus	43	Response	252	1009538	12475	2
bpralus	43	Response	252	1018816	21753	1
bpralus	44	Picture	103	1032229	0	2	2000	3	0	1920	other	0
bpralus	45	Sound	63	1044206	0	1			0		hit	77
bpralus	45	Response	252	1055764	11558	1
bpralus	46	Picture	3	1079891	0	2	2000	4	0	1920	other	0
bpralus	47	Sound	63	1091887	0	1			0		hit	80
bpralus	47	Response	252	1098969	7082	1
bpralus	48	Picture	2	1127553	0	1	2000	2	0	1920	other	0
bpralus	49	Sound	62	1139539	0	1			0		hit	83
bpralus	49	Response	251	1146047	6508	2
bpralus	50	Picture	202	1174215	0	2	2000	3	0	1920	other	0
bpralus	51	Sound	62	1186203	0	1			0		hit	86
bpralus	51	Response	251	1191344	5141	1
bpralus	52	Picture	12	1220710	0	2	2000	4	0	1920	other	0
bpralus	52	Sound	51	1223839	3129	2			3130		other	0
bpralus	53	Sound	62	1232687	0	1			0		hit	90
bpralus	53	Response	251	1240666	7979	2
bpralus	54	Picture	3	1267039	0	2	2000	3	0	1920	other	0
bpralus	55	Sound	63	1279022	0	1			0		hit	93
bpralus	55	Response	252	1286563	7541	1
bpralus	56	Picture	1	1314201	0	2	2000	3	0	1920	other	0
bpralus	57	Sound	61	1326195	0	1			0		incorrect	96
bpralus	57	Response	252	1330944	4749	2
bpralus	57	Response	251	1334712	8517	1
bpralus	58	Picture	204	1360530	0	1	2000	2	0	1920	other	0
bpralus	59	Sound	64	1372529	0	1			0		hit	100
bpralus	59	Response	252	1378832	6303	1
bpralus	60	Picture	4	1408525	0	2	2000	3	0	1920	other	0
bpralus	61	Sound	64	1420510	0	1			0		hit	103
bpralus	61	Response	252	1425024	4514	1
bpralus	62	Picture	204	1454854	0	1	2000	2	0	1920	other	0
bpralus	63	Sound	64	1466845	0	1			0		hit	106
bpralus	63	Response	252	1472395	5550	2
bpralus	64	Picture	4	1502183	0	1	1999	3	0	1920	other	0
bpralus	65	Sound	64	1514167	0	2			0		hit	109
bpralus	65	Response	252	1521120	6953	1
bpralus	66	Picture	204	1548345	0	1	1999	3	0	1920	other	0
bpralus	67	Sound	64	1560322	0	2			0		hit	112
bpralus	67	Response	252	1564987	4665	1
bpralus	68	Picture	113	1595840	0	2	2000	3	0	1920	other	0
bpralus	68	Sound	51	1598389	2549	2			2550		other	0
bpralus	69	Sound	63	1607824	0	2			0		hit	116
bpralus	69	Response	252	1613838	6014	1
bpralus	70	Picture	103	1643835	0	2	2000	3	0	1920	other	0
bpralus	71	Sound	63	1655805	0	2			0		hit	119
bpralus	71	Response	252	1663142	7337	2
bpralus	71	Response	251	1679508	23703	1
bpralus	71	Response	251	1679813	24008	1
bpralus	72	Picture	14	1690331	0	1	1999	3	0	1920	other	0
bpralus	72	Sound	51	1694160	3829	2			3830		other	0
bpralus	73	Sound	64	1702320	0	1			0		hit	125
bpralus	73	Response	252	1708313	5993	1
bpralus	73	Response	251	1714855	12535	1
bpralus	73	Response	251	1714959	12639	1
bpralus	74	Picture	202	1736826	0	2	2000	3	0	1920	other	0
bpralus	75	Sound	62	1748804	0	1			0		hit	130
bpralus	75	Response	251	1759846	11042	1
bpralus	75	Response	251	1762081	13277	1
bpralus	75	Response	251	1779875	31071	2
bpralus	75	Response	251	1780081	31277	1
bpralus	75	Response	251	1780183	31379	2
bpralus	75	Response	251	1780286	31482	1
bpralus	75	Response	251	1780692	31888	2
bpralus	76	Picture	204	1782988	0	2	2000	3	0	1920	false_alarm	138
bpralus	76	Response	251	1793359	10371	1
bpralus	76	Response	251	1793464	10476	1
bpralus	76	Response	251	1793773	10785	2
bpralus	76	Response	251	1793876	10888	1
bpralus	77	Sound	64	1794989	0	1			0		hit	143
bpralus	77	Response	252	1800375	5386	1
bpralus	78	Picture	4	1829317	0	1	2000	2	0	1920	other	0
bpralus	79	Sound	64	1841294	0	1			0		hit	146
bpralus	79	Response	252	1846636	5342	1
bpralus	80	Picture	101	1875646	0	1	1999	3	0	1920	other	0
bpralus	81	Sound	61	1887628	0	2			0		hit	149
bpralus	81	Response	251	1894676	7048	1
bpralus	82	Picture	103	1923641	0	1	2000	2	0	1920	other	0
bpralus	83	Sound	63	1935639	0	1			0		hit	152
bpralus	83	Response	252	1940495	4856	1
bpralus	84	Picture	202	1971636	0	2	2000	4	0	1920	other	0
bpralus	85	Sound	62	1983620	0	1			0		hit	155
bpralus	85	Response	251	1990148	6528	1
bpralus	85	Response	251	1990251	6631	1
bpralus	85	Response	251	1990353	6733	1
bpralus	85	Response	251	1998415	14795	1
bpralus	86	Picture	3	2019632	0	1	1999	2	0	1920	other	0
bpralus	87	Sound	63	2031631	0	1			0		hit	161
bpralus	87	Response	252	2037282	5651	2
bpralus	88	Picture	101	2066460	0	1	2000	2	0	1920	other	0
bpralus	89	Sound	61	2078445	0	1			0		hit	164
bpralus	89	Response	251	2086868	8423	1
bpralus	90	Picture	202	2112956	0	1	1999	3	0	1920	other	0
bpralus	91	Sound	62	2124929	0	1			0		hit	167
bpralus	91	Response	251	2131230	6301	1
bpralus	92	Picture	2	2159951	0	1	2000	2	0	1920	other	0
bpralus	93	Sound	62	2171922	0	1			0		hit	170
bpralus	93	Response	251	2177315	5393	2
bpralus	93	Response	251	2194610	22688	2
bpralus	93	Response	251	2194814	22892	2
bpralus	93	Response	251	2194918	22996	2
bpralus	93	Response	251	2195022	23100	1
bpralus	93	Response	251	2195125	23203	1
bpralus	93	Response	251	2195430	23508	1
bpralus	93	Response	251	2195533	23611	1
bpralus	94	Picture	4	2206613	0	1	2000	2	0	1920	other	0
bpralus	95	Sound	64	2218586	0	1			0		incorrect	180
bpralus	95	Response	251	2223702	5116	1
bpralus	95	Response	252	2226944	8358	2
bpralus	96	Picture	23	2253275	0	1	2000	2	0	1920	other	0
bpralus	96	Sound	52	2261664	8389	2			8390		other	0
bpralus	97	Sound	63	2265250	0	1			0		incorrect	185
bpralus	97	Response	251	2278114	12864	1
bpralus	98	Picture	103	2301104	0	1	1999	3	0	1920	other	0
bpralus	99	Sound	63	2313081	0	1			0		miss	0
bpralus	99	Quit		2318655	5574


Event Type	Code	Type	Response	RT	RT Uncertainty	Time	Uncertainty	Duration	Uncertainty	ReqTime	ReqDur

Picture	10	other				7164	1	20164	3	0	20000
Picture	10	other				27495	2	40163	3	0	40000
Picture	10	other				67824	2	40163	4	0	40000
Nothing	91	other				107989	1			0
Picture	103	other				138151	1	2000	2	0	1920
Sound	63	hit	2	4534	2	150138	1			0
Picture	101	other				184979	2	2000	4	0	1920
Sound	61	hit	1	6211	2	196952	1			0
Picture	1	other				232142	1	1999	3	0	1920
Sound	61	hit	1	5751	4	244124	2			0
Picture	24	other				279637	1	2000	2	0	1920
Sound	52	other				285866	2			6230
Sound	64	hit	2	6012	3	291626	2			0
Picture	4	other				326299	1	2000	2	0	1920
Sound	64	hit	2	3124	3	338290	2			0
Picture	21	other				372794	2	2000	3	0	1920
Sound	52	other				380203	1			7410
Sound	61	hit	1	8608	2	384775	1			0
Picture	204	other				420456	2	2000	3	0	1920
Sound	64	hit	2	4834	3	432456	2			0
Picture	11	other				466952	1	1999	3	0	1920
Sound	51	other				471221	2			4270
Sound	61	incorrect	2	4620	3	478941	1			0
Picture	1	other				514280	2	2000	3	0	1920
Sound	61	hit	1	7068	3	526263	1			0
Picture	3	other				560609	1	2000	2	0	1920
Sound	63	hit	2	6807	3	572598	1			0
Picture	123	other				607104	2	2000	4	0	1920
Sound	52	other				613413	2			6310
Sound	63	hit	2	4614	3	619082	1			0
Picture	214	other				654100	1	2000	2	0	1920
Sound	51	other				658949	1			4850
Sound	64	incorrect	1	6652	3	666075	1			0
Picture	202	other				701095	2	2000	3	0	1920
Sound	62	incorrect	2	5225	3	713068	2			0
Picture	4	other				747924	1	2000	2	0	1920
Sound	64	miss				759912	1			0
Picture	3	other				795919	2	2000	3	0	1920
Sound	63	hit	2	4742	3	807893	1			0
Picture	101	other				842081	2	2000	3	0	1920
Sound	61	hit	1	6152	2	854078	1			0
Picture	22	other				889410	1	2000	2	0	1920
Sound	52	other				897669	1			8260
Sound	62	hit	1	8413	2	901400	1			0
Picture	212	other				937239	1	1999	3	0	1920
Sound	51	other				940278	1			3040
Sound	62	hit	1	5219	2	949232	1			0
Picture	103	other				985067	2	2000	4	0	1920
Sound	63	hit	2	12475	3	997063	1			0
Picture	103	other				1032229	2	2000	3	0	1920
Sound	63	hit	2	11558	2	1044206	1			0
Picture	3	other				1079891	2	2000	4	0	1920
Sound	63	hit	2	7082	2	1091887	1			0
Picture	2	other				1127553	1	2000	2	0	1920
Sound	62	hit	1	6508	3	1139539	1			0
Picture	202	other				1174215	2	2000	3	0	1920
Sound	62	hit	1	5141	2	1186203	1			0
Picture	12	other				1220710	2	2000	4	0	1920
Sound	51	other				1223839	2			3130
Sound	62	hit	1	7979	3	1232687	1			0
Picture	3	other				1267039	2	2000	3	0	1920
Sound	63	hit	2	7541	2	1279022	1			0
Picture	1	other				1314201	2	2000	3	0	1920
Sound	61	incorrect	2	4749	3	1326195	1			0
Picture	204	other				1360530	1	2000	2	0	1920
Sound	64	hit	2	6303	2	1372529	1			0
Picture	4	other				1408525	2	2000	3	0	1920
Sound	64	hit	2	4514	2	1420510	1			0
Picture	204	other				1454854	1	2000	2	0	1920
Sound	64	hit	2	5550	3	1466845	1			0
Picture	4	other				1502183	1	1999	3	0	1920
Sound	64	hit	2	6953	3	1514167	2			0
Picture	204	other				1548345	1	1999	3	0	1920
Sound	64	hit	2	4665	3	1560322	2			0
Picture	113	other				1595840	2	2000	3	0	1920
Sound	51	other				1598389	2			2550
Sound	63	hit	2	6014	3	1607824	2			0
Picture	103	other				1643835	2	2000	3	0	1920
Sound	63	hit	2	7337	4	1655805	2			0
Picture	14	other				1690331	1	1999	3	0	1920
Sound	51	other				1694160	2			3830
Sound	64	hit	2	5993	2	1702320	1			0
Picture	202	other				1736826	2	2000	3	0	1920
Sound	62	hit	1	11042	2	1748804	1			0
Picture	204	false_alarm	1	10371	3	1782988	2	2000	3	0	1920
Sound	64	hit	2	5386	2	1794989	1			0
Picture	4	other				1829317	1	2000	2	0	1920
Sound	64	hit	2	5342	2	1841294	1			0
Picture	101	other				1875646	1	1999	3	0	1920
Sound	61	hit	1	7048	3	1887628	2			0
Picture	103	other				1923641	1	2000	2	0	1920
Sound	63	hit	2	4856	2	1935639	1			0
Picture	202	other				1971636	2	2000	4	0	1920
Sound	62	hit	1	6528	2	1983620	1			0
Picture	3	other				2019632	1	1999	2	0	1920
Sound	63	hit	2	5651	3	2031631	1			0
Picture	101	other				2066460	1	2000	2	0	1920
Sound	61	hit	1	8423	2	2078445	1			0
Picture	202	other				2112956	1	1999	3	0	1920
Sound	62	hit	1	6301	2	2124929	1			0
Picture	2	other				2159951	1	2000	2	0	1920
Sound	62	hit	1	5393	3	2171922	1			0
Picture	4	other				2206613	1	2000	2	0	1920
Sound	64	incorrect	1	5116	2	2218586	1			0
Picture	23	other				2253275	1	2000	2	0	1920
Sound	52	other				2261664	2			8390
Sound	63	incorrect	1	12864	2	2265250	1			0
Picture	103	other				2301104	1	1999	3	0	1920
Sound	63	miss				2313081	1			0
