Scenario - 17_March_2015
Logfile written - 04/13/2017 15:31:09

Subject	Trial	Event Type	Code	Time	TTime	Uncertainty	Duration	Uncertainty	ReqTime	ReqDur	Stim Type	Pair Index

bpralus	1	Response	253	17836	27669	1
bpralus	2	Picture	10	17996	0	2	20165	3	0	20000	other	0
bpralus	3	Picture	10	38327	0	2	40163	4	0	40000	other	0
bpralus	3	Response	251	51705	13378	1
bpralus	4	Picture	10	78657	0	1	40163	2	0	40000	other	0
bpralus	4	Response	252	92223	13566	2
bpralus	5	Nothing	91	118821	0	2			0		other	0
bpralus	6	Picture	204	148983	0	2	2000	3	0	1920	other	0
bpralus	7	Sound	64	160973	0	1			0		hit	10
bpralus	7	Response	252	167176	6203	1
bpralus	8	Picture	202	195645	0	2	2000	3	0	1920	other	0
bpralus	9	Sound	62	207637	0	1			0		hit	13
bpralus	9	Response	251	212171	4534	1
bpralus	10	Picture	111	243474	0	1	1999	3	0	1920	other	0
bpralus	10	Sound	51	247573	4099	2			4100		other	0
bpralus	11	Sound	61	255468	0	2			0		hit	17
bpralus	11	Response	251	262691	7223	2
bpralus	12	Picture	204	289636	0	2	2000	3	0	1920	other	0
bpralus	13	Sound	64	301623	0	2			0		hit	20
bpralus	13	Response	252	305910	4287	2
bpralus	14	Picture	113	337631	0	2	2000	3	0	1920	other	0
bpralus	14	Sound	51	342470	4839	2			4840		other	0
bpralus	15	Sound	63	349604	0	2			0		hit	24
bpralus	15	Response	252	356347	6743	1
bpralus	15	Response	252	359663	10059	1
bpralus	15	Response	251	369610	20006	1
bpralus	15	Response	251	369915	20311	1
bpralus	16	Picture	202	384460	0	2	2000	3	0	1920	other	0
bpralus	17	Sound	62	396448	0	1			0		hit	30
bpralus	17	Response	251	404467	8019	1
bpralus	17	Response	251	411824	15376	1
bpralus	18	Picture	12	431789	0	1	2000	2	0	1920	other	0
bpralus	18	Sound	51	435528	3739	2			3740		other	0
bpralus	19	Sound	62	443770	0	2			0		hit	35
bpralus	19	Response	251	462792	19022	1
bpralus	19	Response	251	462894	19124	2
bpralus	19	Response	251	463199	19429	2
bpralus	20	Picture	4	478284	0	1	2000	2	0	1920	other	0
bpralus	21	Sound	64	490255	0	1			0		hit	40
bpralus	21	Response	252	495273	5018	2
bpralus	22	Picture	4	525946	0	2	2000	3	0	1920	other	0
bpralus	23	Sound	64	537936	0	2			0		hit	43
bpralus	23	Response	252	543938	6002	1
bpralus	24	Picture	23	573275	0	1	2000	2	0	1920	other	0
bpralus	24	Sound	52	579424	6149	2			6150		other	0
bpralus	25	Sound	63	585259	0	1			0		hit	47
bpralus	25	Response	252	591413	6154	1
bpralus	25	Response	252	596874	11615	1
bpralus	26	Picture	3	620770	0	1	2000	2	0	1920	other	0
bpralus	27	Sound	63	632761	0	1			0		hit	51
bpralus	27	Response	252	641804	9043	1
bpralus	28	Picture	1	667266	0	1	1999	3	0	1920	other	0
bpralus	29	Sound	61	679245	0	1			0		hit	54
bpralus	29	Response	251	684878	5633	2
bpralus	30	Picture	2	713594	0	2	2000	3	0	1920	other	0
bpralus	31	Sound	62	725580	0	1			0		hit	57
bpralus	31	Response	251	729902	4322	1
bpralus	32	Picture	101	760590	0	1	1999	3	0	1920	other	0
bpralus	33	Sound	61	772573	0	1			0		hit	60
bpralus	33	Response	251	778513	5940	1
bpralus	34	Picture	4	806752	0	1	2000	2	0	1920	other	0
bpralus	35	Sound	64	818728	0	1			0		hit	63
bpralus	35	Response	252	825883	7155	2
bpralus	36	Picture	4	854080	0	2	2000	3	0	1920	other	0
bpralus	37	Sound	64	866050	0	2			0		hit	66
bpralus	37	Response	252	871837	5787	1
bpralus	38	Picture	1	901076	0	1	2000	2	0	1920	other	0
bpralus	39	Sound	61	913073	0	2			0		hit	69
bpralus	39	Response	251	919832	6759	1
bpralus	40	Picture	1	947571	0	2	2000	3	0	1920	other	0
bpralus	41	Sound	61	959558	0	1			0		hit	72
bpralus	41	Response	251	965098	5540	2
bpralus	42	Picture	101	994900	0	1	1999	3	0	1920	other	0
bpralus	43	Sound	61	1006880	0	2			0		hit	75
bpralus	43	Response	251	1010899	4019	1
bpralus	44	Picture	101	1041728	0	2	2000	4	0	1920	other	0
bpralus	45	Sound	61	1053724	0	1			0		hit	78
bpralus	45	Response	251	1059571	5847	2
bpralus	46	Picture	2	1088057	0	2	2000	3	0	1920	other	0
bpralus	47	Sound	62	1100028	0	2			0		hit	81
bpralus	47	Response	251	1106134	6106	2
bpralus	47	Response	251	1107758	7730	1
bpralus	48	Picture	204	1134386	0	1	2000	2	0	1920	other	0
bpralus	49	Sound	64	1146363	0	2			0		hit	85
bpralus	49	Response	252	1151422	5059	2
bpralus	50	Picture	24	1181048	0	2	2000	3	0	1920	other	0
bpralus	50	Sound	52	1188067	7019	2			7020		other	0
bpralus	51	Sound	64	1193027	0	1			0		hit	89
bpralus	51	Response	252	1201727	8700	2
bpralus	52	Picture	4	1227543	0	2	2000	3	0	1920	other	0
bpralus	53	Sound	64	1239541	0	2			0		hit	92
bpralus	53	Response	252	1245553	6012	2
bpralus	54	Picture	224	1275372	0	2	2000	3	0	1920	other	0
bpralus	54	Sound	52	1281101	5729	1			5730		other	0
bpralus	55	Sound	64	1287343	0	1			0		hit	96
bpralus	55	Response	252	1291572	4229	2
bpralus	56	Picture	1	1322534	0	2	2000	3	0	1920	other	0
bpralus	57	Sound	61	1334516	0	1			0		hit	99
bpralus	57	Response	251	1340281	5765	1
bpralus	57	Response	251	1342106	7590	1
bpralus	58	Picture	212	1369696	0	2	2000	3	0	1920	other	0
bpralus	58	Sound	51	1372805	3109	2			3110		other	0
bpralus	59	Sound	62	1381688	0	1			0		hit	104
bpralus	59	Response	251	1387290	5602	2
bpralus	60	Picture	13	1417358	0	2	2000	3	0	1920	other	0
bpralus	60	Sound	51	1421057	3699	1			3700		other	0
bpralus	61	Sound	63	1429340	0	1			0		hit	108
bpralus	61	Response	252	1439268	9928	2
bpralus	62	Picture	202	1463853	0	2	2000	4	0	1920	other	0
bpralus	63	Sound	62	1475824	0	1			0		hit	111
bpralus	63	Response	251	1481030	5206	1
bpralus	64	Picture	204	1511182	0	2	2000	3	0	1920	other	0
bpralus	65	Sound	64	1523177	0	1			0		hit	114
bpralus	65	Response	252	1528702	5525	1
bpralus	66	Picture	1	1557677	0	2	2000	4	0	1920	other	0
bpralus	67	Sound	61	1569661	0	1			0		hit	117
bpralus	67	Response	251	1576894	7233	1
bpralus	68	Picture	22	1604006	0	2	2000	3	0	1920	other	0
bpralus	68	Sound	52	1610095	6089	2			6090		other	0
bpralus	69	Sound	62	1615996	0	1			0		hit	121
bpralus	69	Response	251	1621645	5649	1
bpralus	70	Picture	123	1651335	0	1	2000	2	0	1920	other	0
bpralus	70	Sound	52	1659004	7669	2			7670		other	0
bpralus	71	Sound	63	1663318	0	1			0		hit	125
bpralus	71	Response	252	1670236	6918	1
bpralus	72	Picture	2	1698664	0	1	1999	3	0	1920	other	0
bpralus	73	Sound	62	1710640	0	2			0		hit	128
bpralus	73	Response	251	1716859	6219	1
bpralus	74	Picture	103	1745159	0	1	1999	3	0	1920	other	0
bpralus	75	Sound	63	1757155	0	1			0		incorrect	131
bpralus	75	Response	251	1764502	7347	1
bpralus	76	Picture	204	1791654	0	2	2000	4	0	1920	other	0
bpralus	77	Sound	64	1803639	0	1			0		incorrect	134
bpralus	77	Response	251	1809404	5765	1
bpralus	78	Picture	214	1839483	0	1	2000	2	0	1920	other	0
bpralus	78	Sound	51	1843752	4269	2			4270		other	0
bpralus	79	Sound	64	1851470	0	2			0		incorrect	138
bpralus	79	Response	251	1856548	5078	2
bpralus	80	Picture	202	1886978	0	2	2000	3	0	1920	other	0
bpralus	81	Sound	62	1898972	0	1			0		incorrect	141
bpralus	81	Response	252	1904158	5186	1
bpralus	82	Picture	101	1934807	0	1	1999	3	0	1920	other	0
bpralus	83	Sound	61	1946804	0	1			0		incorrect	144
bpralus	83	Response	252	1952666	5862	1
bpralus	84	Picture	2	1981802	0	2	2000	3	0	1920	other	0
bpralus	85	Sound	62	1993797	0	1			0		incorrect	147
bpralus	85	Response	252	2001962	8165	1
bpralus	86	Picture	202	2029464	0	2	2000	3	0	1920	other	0
bpralus	87	Sound	62	2041448	0	2			0		incorrect	150
bpralus	87	Response	252	2045266	3818	2
bpralus	88	Picture	1	2077293	0	1	2000	2	0	1920	other	0
bpralus	89	Sound	61	2089280	0	1			0		incorrect	153
bpralus	89	Response	252	2094983	5703	1
bpralus	90	Picture	2	2123788	0	2	2000	3	0	1920	other	0
bpralus	91	Sound	62	2135764	0	1			0		incorrect	156
bpralus	91	Response	252	2144946	9182	1
bpralus	92	Picture	204	2170450	0	2	2000	3	0	1920	other	0
bpralus	93	Sound	64	2182428	0	1			0		incorrect	159
bpralus	93	Response	251	2187327	4899	1
bpralus	94	Picture	14	2217112	0	2	2000	3	0	1920	other	0
bpralus	94	Sound	51	2221621	4509	2			4510		other	0
bpralus	95	Sound	64	2229092	0	1			0		hit	163
bpralus	95	Response	252	2238536	9444	1
bpralus	96	Picture	222	2264774	0	1	2000	3	0	1920	other	0
bpralus	96	Sound	52	2272743	7969	2			7970		other	0
bpralus	97	Sound	62	2276773	0	2			0		hit	167
bpralus	97	Response	251	2286907	10134	2
bpralus	98	Picture	103	2311769	0	2	2000	4	0	1920	other	0
bpralus	99	Sound	63	2323767	0	1			0		hit	170
bpralus	99	Response	252	2332398	8631	1
bpralus	100	Picture	2	2359598	0	2	2000	3	0	1920	other	0
bpralus	101	Sound	62	2371598	0	1			0		hit	173
bpralus	101	Response	251	2379000	7402	1
bpralus	102	Picture	103	2407260	0	2	2000	3	0	1920	other	0
bpralus	103	Sound	63	2419250	0	1			0		hit	176
bpralus	103	Response	252	2425514	6264	1
bpralus	104	Picture	11	2455255	0	2	2000	4	0	1920	other	0
bpralus	104	Sound	51	2459044	3789	1			3790		other	0
bpralus	105	Sound	61	2467231	0	1			0		hit	180
bpralus	105	Response	251	2477569	10338	1
bpralus	106	Picture	103	2502417	0	2	2000	4	0	1920	other	0
bpralus	107	Sound	63	2514403	0	2			0		hit	183
bpralus	107	Response	252	2519277	4874	1
bpralus	108	Picture	3	2550079	0	2	2000	3	0	1920	other	0
bpralus	109	Sound	63	2562055	0	1			0		hit	186
bpralus	109	Response	252	2566847	4792	2
bpralus	110	Picture	103	2597908	0	1	2000	2	0	1920	other	0
bpralus	111	Sound	63	2609886	0	2			0		hit	189
bpralus	111	Response	252	2613976	4090	1
bpralus	112	Picture	121	2644069	0	3	2000	5	0	1920	other	0
bpralus	112	Sound	52	2649708	5639	2			5640		other	0
bpralus	113	Sound	61	2656041	0	2			0		hit	193
bpralus	113	Response	251	2661510	5469	1
bpralus	114	Picture	103	2692065	0	2	2000	3	0	1920	other	0
bpralus	115	Sound	63	2704052	0	1			0		hit	196
bpralus	115	Response	252	2710014	5962	1
bpralus	116	Picture	3	2739394	0	1	2000	2	0	1920	other	0
bpralus	117	Sound	63	2751375	0	1			0		hit	199
bpralus	117	Response	252	2757552	6177	1
bpralus	118	Picture	101	2787389	0	2	2000	4	0	1920	other	0
bpralus	119	Sound	61	2799386	0	1			0		hit	202
bpralus	119	Response	251	2804914	5528	1
bpralus	119	Response	251	2806743	7357	1
bpralus	120	Picture	21	2833718	0	1	2000	2	0	1920	other	0
bpralus	120	Sound	52	2842137	8419	1			8420		other	0
bpralus	121	Sound	61	2845690	0	2			0		hit	207
bpralus	121	Response	251	2856687	10997	2
bpralus	122	Picture	202	2881213	0	2	2000	3	0	1920	other	0
bpralus	123	Sound	62	2893192	0	2			0		miss	0
bpralus	124	Picture	3	2928875	0	2	2000	3	0	1920	other	0
bpralus	125	Sound	63	2940874	0	1			0		incorrect	212
bpralus	125	Response	251	2944911	4037	1
bpralus	125	Response	251	2945115	4241	1
bpralus	125	Response	251	2945931	5057	1
bpralus	125	Response	252	2947818	6944	2
bpralus	126	Picture	4	2975704	0	1	2000	2	0	1920	other	0
bpralus	127	Sound	64	2987688	0	1			0		hit	218
bpralus	127	Response	252	2993992	6304	1
bpralus	128	Picture	3	3023033	0	1	1999	3	0	1920	other	0
bpralus	129	Sound	63	3035010	0	1			0		hit	221
bpralus	129	Response	252	3040334	5324	1
bpralus	130	Picture	3	3070028	0	1	2000	2	0	1920	other	0
bpralus	131	Sound	63	3082003	0	1			0		hit	224
bpralus	131	Response	252	3087091	5088	2
bpralus	132	Picture	101	3116523	0	2	2000	4	0	1920	other	0
bpralus	133	Sound	61	3128517	0	2			0		hit	227
bpralus	133	Response	251	3133896	5379	1
bpralus	133	Response	251	3155256	26739	2
bpralus	133	Response	251	3155373	26856	1
bpralus	133	Response	251	3155478	26961	2
bpralus	133	Response	251	3155617	27100	1
bpralus	133	Response	251	3156123	27606	1
bpralus	133	Response	251	3156233	27716	1
bpralus	133	Response	251	3156340	27823	1
bpralus	133	Response	251	3156545	28028	1
bpralus	133	Response	251	3156647	28130	2
bpralus	133	Response	251	3156761	28244	2
bpralus	133	Response	251	3156972	28455	1
bpralus	133	Response	251	3157079	28562	2
bpralus	133	Response	251	3157183	28666	2
bpralus	133	Response	251	3157299	28782	1
bpralus	133	Response	251	3157628	29111	2
bpralus	133	Response	251	3157832	29315	2
bpralus	133	Response	251	3158138	29621	1
bpralus	133	Response	251	3158952	30435	1
bpralus	134	Response	251	3202218	37700	1
bpralus	134	Response	251	3202323	37805	1
bpralus	134	Response	251	3202431	37913	1
bpralus	134	Response	251	3218525	54007	1
bpralus	134	Response	251	3218637	54119	2
bpralus	134	Response	251	3218844	54326	1
bpralus	134	Response	251	3226343	61825	1
bpralus	134	Response	251	3239881	75363	1
bpralus	134	Response	251	3240085	75567	1
bpralus	134	Response	251	3240393	75875	1
bpralus	134	Response	251	3240495	75977	2
bpralus	134	Response	251	3240598	76080	1
bpralus	134	Response	251	3240802	76284	1
bpralus	134	Response	251	3241108	76590	2
bpralus	134	Response	251	3241414	76896	1
bpralus	134	Response	253	3491814	327296	1


Event Type	Code	Type	Response	RT	RT Uncertainty	Time	Uncertainty	Duration	Uncertainty	ReqTime	ReqDur

Picture	10	other				17996	2	20165	3	0	20000
Picture	10	other				38327	2	40163	4	0	40000
Picture	10	other				78657	1	40163	2	0	40000
Nothing	91	other				118821	2			0
Picture	204	other				148983	2	2000	3	0	1920
Sound	64	hit	2	6203	2	160973	1			0
Picture	202	other				195645	2	2000	3	0	1920
Sound	62	hit	1	4534	2	207637	1			0
Picture	111	other				243474	1	1999	3	0	1920
Sound	51	other				247573	2			4100
Sound	61	hit	1	7223	4	255468	2			0
Picture	204	other				289636	2	2000	3	0	1920
Sound	64	hit	2	4287	4	301623	2			0
Picture	113	other				337631	2	2000	3	0	1920
Sound	51	other				342470	2			4840
Sound	63	hit	2	6743	3	349604	2			0
Picture	202	other				384460	2	2000	3	0	1920
Sound	62	hit	1	8019	2	396448	1			0
Picture	12	other				431789	1	2000	2	0	1920
Sound	51	other				435528	2			3740
Sound	62	hit	1	19022	3	443770	2			0
Picture	4	other				478284	1	2000	2	0	1920
Sound	64	hit	2	5018	3	490255	1			0
Picture	4	other				525946	2	2000	3	0	1920
Sound	64	hit	2	6002	3	537936	2			0
Picture	23	other				573275	1	2000	2	0	1920
Sound	52	other				579424	2			6150
Sound	63	hit	2	6154	2	585259	1			0
Picture	3	other				620770	1	2000	2	0	1920
Sound	63	hit	2	9043	2	632761	1			0
Picture	1	other				667266	1	1999	3	0	1920
Sound	61	hit	1	5633	3	679245	1			0
Picture	2	other				713594	2	2000	3	0	1920
Sound	62	hit	1	4322	2	725580	1			0
Picture	101	other				760590	1	1999	3	0	1920
Sound	61	hit	1	5940	2	772573	1			0
Picture	4	other				806752	1	2000	2	0	1920
Sound	64	hit	2	7155	3	818728	1			0
Picture	4	other				854080	2	2000	3	0	1920
Sound	64	hit	2	5787	3	866050	2			0
Picture	1	other				901076	1	2000	2	0	1920
Sound	61	hit	1	6759	3	913073	2			0
Picture	1	other				947571	2	2000	3	0	1920
Sound	61	hit	1	5540	3	959558	1			0
Picture	101	other				994900	1	1999	3	0	1920
Sound	61	hit	1	4019	3	1006880	2			0
Picture	101	other				1041728	2	2000	4	0	1920
Sound	61	hit	1	5847	3	1053724	1			0
Picture	2	other				1088057	2	2000	3	0	1920
Sound	62	hit	1	6106	4	1100028	2			0
Picture	204	other				1134386	1	2000	2	0	1920
Sound	64	hit	2	5059	4	1146363	2			0
Picture	24	other				1181048	2	2000	3	0	1920
Sound	52	other				1188067	2			7020
Sound	64	hit	2	8700	3	1193027	1			0
Picture	4	other				1227543	2	2000	3	0	1920
Sound	64	hit	2	6012	4	1239541	2			0
Picture	224	other				1275372	2	2000	3	0	1920
Sound	52	other				1281101	1			5730
Sound	64	hit	2	4229	3	1287343	1			0
Picture	1	other				1322534	2	2000	3	0	1920
Sound	61	hit	1	5765	2	1334516	1			0
Picture	212	other				1369696	2	2000	3	0	1920
Sound	51	other				1372805	2			3110
Sound	62	hit	1	5602	3	1381688	1			0
Picture	13	other				1417358	2	2000	3	0	1920
Sound	51	other				1421057	1			3700
Sound	63	hit	2	9928	3	1429340	1			0
Picture	202	other				1463853	2	2000	4	0	1920
Sound	62	hit	1	5206	2	1475824	1			0
Picture	204	other				1511182	2	2000	3	0	1920
Sound	64	hit	2	5525	2	1523177	1			0
Picture	1	other				1557677	2	2000	4	0	1920
Sound	61	hit	1	7233	2	1569661	1			0
Picture	22	other				1604006	2	2000	3	0	1920
Sound	52	other				1610095	2			6090
Sound	62	hit	1	5649	2	1615996	1			0
Picture	123	other				1651335	1	2000	2	0	1920
Sound	52	other				1659004	2			7670
Sound	63	hit	2	6918	2	1663318	1			0
Picture	2	other				1698664	1	1999	3	0	1920
Sound	62	hit	1	6219	3	1710640	2			0
Picture	103	other				1745159	1	1999	3	0	1920
Sound	63	incorrect	1	7347	2	1757155	1			0
Picture	204	other				1791654	2	2000	4	0	1920
Sound	64	incorrect	1	5765	2	1803639	1			0
Picture	214	other				1839483	1	2000	2	0	1920
Sound	51	other				1843752	2			4270
Sound	64	incorrect	1	5078	4	1851470	2			0
Picture	202	other				1886978	2	2000	3	0	1920
Sound	62	incorrect	2	5186	2	1898972	1			0
Picture	101	other				1934807	1	1999	3	0	1920
Sound	61	incorrect	2	5862	2	1946804	1			0
Picture	2	other				1981802	2	2000	3	0	1920
Sound	62	incorrect	2	8165	2	1993797	1			0
Picture	202	other				2029464	2	2000	3	0	1920
Sound	62	incorrect	2	3818	4	2041448	2			0
Picture	1	other				2077293	1	2000	2	0	1920
Sound	61	incorrect	2	5703	2	2089280	1			0
Picture	2	other				2123788	2	2000	3	0	1920
Sound	62	incorrect	2	9182	2	2135764	1			0
Picture	204	other				2170450	2	2000	3	0	1920
Sound	64	incorrect	1	4899	2	2182428	1			0
Picture	14	other				2217112	2	2000	3	0	1920
Sound	51	other				2221621	2			4510
Sound	64	hit	2	9444	2	2229092	1			0
Picture	222	other				2264774	1	2000	3	0	1920
Sound	52	other				2272743	2			7970
Sound	62	hit	1	10134	4	2276773	2			0
Picture	103	other				2311769	2	2000	4	0	1920
Sound	63	hit	2	8631	2	2323767	1			0
Picture	2	other				2359598	2	2000	3	0	1920
Sound	62	hit	1	7402	2	2371598	1			0
Picture	103	other				2407260	2	2000	3	0	1920
Sound	63	hit	2	6264	2	2419250	1			0
Picture	11	other				2455255	2	2000	4	0	1920
Sound	51	other				2459044	1			3790
Sound	61	hit	1	10338	2	2467231	1			0
Picture	103	other				2502417	2	2000	4	0	1920
Sound	63	hit	2	4874	3	2514403	2			0
Picture	3	other				2550079	2	2000	3	0	1920
Sound	63	hit	2	4792	3	2562055	1			0
Picture	103	other				2597908	1	2000	2	0	1920
Sound	63	hit	2	4090	3	2609886	2			0
Picture	121	other				2644069	3	2000	5	0	1920
Sound	52	other				2649708	2			5640
Sound	61	hit	1	5469	3	2656041	2			0
Picture	103	other				2692065	2	2000	3	0	1920
Sound	63	hit	2	5962	2	2704052	1			0
Picture	3	other				2739394	1	2000	2	0	1920
Sound	63	hit	2	6177	2	2751375	1			0
Picture	101	other				2787389	2	2000	4	0	1920
Sound	61	hit	1	5528	2	2799386	1			0
Picture	21	other				2833718	1	2000	2	0	1920
Sound	52	other				2842137	1			8420
Sound	61	hit	1	10997	4	2845690	2			0
Picture	202	other				2881213	2	2000	3	0	1920
Sound	62	miss				2893192	2			0
Picture	3	other				2928875	2	2000	3	0	1920
Sound	63	incorrect	1	4037	2	2940874	1			0
Picture	4	other				2975704	1	2000	2	0	1920
Sound	64	hit	2	6304	2	2987688	1			0
Picture	3	other				3023033	1	1999	3	0	1920
Sound	63	hit	2	5324	2	3035010	1			0
Picture	3	other				3070028	1	2000	2	0	1920
Sound	63	hit	2	5088	3	3082003	1			0
Picture	101	other				3116523	2	2000	4	0	1920
Sound	61	hit	1	5379	3	3128517	2			0
