Scenario - SeuilAuditif
Logfile written - 04/13/2017 14:59:19

Subject	Trial	Event Type	Code	Time	TTime	Uncertainty	Duration	Uncertainty	ReqTime	ReqDur	Stim Type	Pair Index

bpralus	2	Sound	L_tarson_Left_0.7	388	57	1			0		other	0
bpralus	2	Response	1	5543	5212	1
bpralus	3	Sound	L_tarson-Left-0.65	10535	38	1			0		other	0
bpralus	4	Sound	L_tarson_Left_0.65	20712	49	1			0		other	0
bpralus	5	Sound	L_tarson_Left_0.7	30859	31	1			0		other	0
bpralus	5	Response	1	34135	3307	1
bpralus	6	Sound	L_tarson-Left-0.75	41035	41	2			0		other	0
bpralus	7	Sound	L_tarson_Left_0.75	51212	52	1			0		other	0
bpralus	8	Sound	L_tarson_Left_0.73	61359	34	1			0		other	0
bpralus	9	Sound	L_tarson_Left_0.71	71536	45	1			0		other	0
bpralus	10	Sound	L_tarson_Left_0.69	81713	56	1			0		other	0
bpralus	11	Sound	L_tarson_Left_0.67	91860	38	1			0		other	0
bpralus	12	Sound	L_tarson_Left_0.65	102037	49	1			0		other	0
bpralus	13	Sound	L_tarson_Left_0.63	112184	30	1			0		other	0
bpralus	14	Sound	L_tarson_Left_0.61	122361	42	1			0		other	0
bpralus	15	Sound	L_tarson_Left_0.59	132537	52	2			0		other	0
bpralus	16	Sound	L_tarson_Left_0.57	142684	33	1			0		other	0
bpralus	17	Sound	L_tarson_Left_0.55	152861	45	1			0		other	0
bpralus	18	Sound	L_tarson_Left_0.53	163038	56	1			0		other	0
bpralus	19	Sound	L_tarson_Left_0.51	173185	37	1			0		other	0
bpralus	20	Sound	L_tarson_Left_0.49	183362	49	1			0		other	0
bpralus	21	Sound	L_tarson_Left_0.47	193509	30	1			0		other	0
bpralus	22	Sound	L_tarson_Left_0.45	203686	41	1			0		other	0
bpralus	23	Sound	L_tarson_Left_0.43	213863	53	1			0		other	0
bpralus	24	Sound	L_tarson_Left_0.41	224009	33	2			0		other	0
bpralus	25	Sound	L_tarson_Left_0.39	234186	44	2			0		other	0
bpralus	26	Sound	L_tarson_Left_0.37	244363	56	1			0		other	0
bpralus	26	Response	1	252868	8561	1
bpralus	27	Sound	L_tarson-Left-0.35	254510	37	1			0		other	0
bpralus	28	Sound	L_tarson_Left_0.35	264687	48	1			0		other	0
bpralus	29	Sound	L_tarson_Left_0.37	274864	60	1			0		other	0
bpralus	30	Sound	L_tarson_Left_0.39	285011	41	1			0		other	0
bpralus	31	Sound	L_tarson_Left_0.41	295188	52	1			0		other	0
bpralus	31	Response	1	299213	4077	1
bpralus	32	Sound	L_tarson-Left-0.43	305335	34	1			0		other	0
bpralus	33	Sound	L_tarson_Left_0.43	315512	45	1			0		other	0
bpralus	34	Sound	L_tarson_Left_0.41	325688	55	2			0		other	0
bpralus	35	Sound	L_tarson_Left_0.39	335835	37	2			0		other	0
bpralus	36	Sound	L_tarson_Left_0.37	346012	48	1			0		other	0
bpralus	37	Sound	L_tarson_Left_0.35	356159	30	1			0		other	0
bpralus	38	Sound	L_tarson_Left_0.33	366336	41	1			0		other	0
bpralus	39	Sound	L_tarson_Left_0.31	376513	52	1			0		other	0
bpralus	40	Sound	L_tarson_Left_0.29	386660	33	1			0		other	0
bpralus	40	Response	1	390712	4085	1
bpralus	41	Sound	L_tarson-Left-0.27	396837	45	1			0		other	0
bpralus	42	Sound	L_tarson_Left_0.27	407014	56	1			0		other	0
bpralus	43	Sound	L_tarson_Left_0.29	417160	36	2			0		other	0
bpralus	44	Sound	L_tarson_Left_0.31	427337	48	1			0		other	0
bpralus	44	Response	1	434857	7568	1
bpralus	46	Sound	H_tarson_Left_0.7	447841	54	1			0		other	0
bpralus	47	Sound	H_tarson_Left_0.65	457988	35	1			0		other	0
bpralus	48	Sound	H_tarson_Left_0.6	468165	47	1			0		other	0
bpralus	49	Sound	H_tarson_Left_0.55	478341	57	2			0		other	0
bpralus	50	Sound	H_tarson_Left_0.5	488488	38	1			0		other	0
bpralus	51	Sound	H_tarson_Left_0.45	498665	49	1			0		other	0
bpralus	52	Sound	H_tarson_Left_0.4	508812	31	1			0		other	0
bpralus	53	Sound	H_tarson_Left_0.35	518989	42	1			0		other	0
bpralus	54	Sound	H_tarson_Left_0.3	529166	54	1			0		other	0
bpralus	55	Sound	H_tarson_Left_0.25	539307	29	16			0		other	0
bpralus	55	Response	1	541807	2529	4
bpralus	56	Sound	H_tarson-Left-0.2	549490	46	1			0		other	0
bpralus	57	Sound	H_tarson_Left_0.2	559667	57	1			0		other	0
bpralus	58	Sound	H_tarson_Left_0.25	569813	38	2			0		other	0
bpralus	59	Sound	H_tarson_Left_0.3	579990	49	1			0		other	0
bpralus	60	Sound	H_tarson_Left_0.35	590137	31	1			0		other	0
bpralus	60	Response	1	595011	4905	1
bpralus	61	Sound	H_tarson-Left-0.4	600314	42	1			0		other	0
bpralus	62	Sound	H_tarson_Left_0.4	610491	53	1			0		other	0
bpralus	63	Sound	H_tarson_Left_0.38	620638	34	1			0		other	0
bpralus	64	Sound	H_tarson_Left_0.36	630815	46	1			0		other	0
bpralus	65	Sound	H_tarson_Left_0.34	640992	57	1			0		other	0
bpralus	66	Sound	H_tarson_Left_0.32	651139	38	1			0		other	0
bpralus	67	Sound	H_tarson_Left_0.3	661315	49	2			0		other	0
bpralus	68	Sound	H_tarson_Left_0.28	671462	30	2			0		other	0
bpralus	69	Sound	H_tarson_Left_0.26	681639	42	1			0		other	0
bpralus	69	Response	1	684674	3077	2
bpralus	70	Sound	H_tarson-Left-0.24	691816	53	1			0		other	0
bpralus	71	Sound	H_tarson_Left_0.24	701963	34	1			0		other	0
bpralus	72	Sound	H_tarson_Left_0.26	712140	46	1			0		other	0
bpralus	73	Sound	H_tarson_Left_0.28	722317	57	1			0		other	0
bpralus	74	Sound	H_tarson_Left_0.3	732464	38	1			0		other	0
bpralus	74	Response	1	735342	2916	1
bpralus	75	Sound	H_tarson-Left-0.32	742641	50	1			0		other	0
bpralus	76	Sound	H_tarson_Left_0.32	752788	31	1			0		other	0
bpralus	77	Sound	H_tarson_Left_0.3	762964	41	2			0		other	0
bpralus	78	Sound	H_tarson_Left_0.28	773141	53	1			0		other	0
bpralus	79	Sound	H_tarson_Left_0.26	783288	34	1			0		other	0
bpralus	80	Sound	H_tarson_Left_0.24	793465	45	1			0		other	0
bpralus	80	Response	1	798024	4604	1
bpralus	81	Sound	H_tarson-Left-0.22	803642	56	1			0		other	0
bpralus	82	Sound	H_tarson_Left_0.22	813789	38	1			0		other	0
bpralus	83	Sound	H_tarson_Left_0.24	823966	49	1			0		other	0
bpralus	84	Sound	H_tarson_Left_0.26	834113	30	1			0		other	0
bpralus	85	Sound	H_tarson_Left_0.28	844290	42	1			0		other	0
bpralus	85	Response	1	852080	7832	1
bpralus	87	Sound	L_tarson_Right_0.7	864613	34	1			0		other	0
bpralus	88	Sound	L_tarson_Right_0.65	874790	45	1			0		other	0
bpralus	89	Sound	L_tarson_Right_0.6	884967	56	1			0		other	0
bpralus	90	Sound	L_tarson_Right_0.55	895114	38	1			0		other	0
bpralus	91	Sound	L_tarson_Right_0.5	905291	49	1			0		other	0
bpralus	92	Sound	L_tarson_Right_0.45	915438	30	1			0		other	0
bpralus	93	Sound	L_tarson_Right_0.4	925615	42	1			0		other	0
bpralus	94	Sound	L_tarson_Right_0.35	935791	52	2			0		other	0
bpralus	95	Sound	L_tarson_Right_0.3	945938	33	2			0		other	0
bpralus	95	Response	1	950351	4446	1
bpralus	96	Sound	L_tarson-Right-0.25	956115	45	1			0		other	0
bpralus	97	Sound	L_tarson_Right_0.25	966292	56	1			0		other	0
bpralus	98	Sound	L_tarson_Right_0.3	976439	37	1			0		other	0
bpralus	99	Sound	L_tarson_Right_0.35	986616	49	1			0		other	0
bpralus	100	Sound	L_tarson_Right_0.4	996763	30	1			0		other	0
bpralus	100	Response	1	1001100	4367	1
bpralus	101	Sound	L_tarson-Right-0.45	1006940	42	1			0		other	0
bpralus	102	Sound	L_tarson_Right_0.45	1017116	52	2			0		other	0
bpralus	103	Sound	L_tarson_Right_0.43	1027264	34	1			0		other	0
bpralus	104	Sound	L_tarson_Right_0.41	1037440	44	2			0		other	0
bpralus	105	Sound	L_tarson_Right_0.39	1047617	56	1			0		other	0
bpralus	106	Sound	L_tarson_Right_0.37	1057764	37	1			0		other	0
bpralus	107	Sound	L_tarson_Right_0.35	1067941	48	1			0		other	0
bpralus	108	Sound	L_tarson_Right_0.33	1078088	30	1			0		other	0
bpralus	108	Response	1	1081009	2951	1
bpralus	109	Sound	L_tarson-Right-0.31	1088265	41	1			0		other	0
bpralus	110	Sound	L_tarson_Right_0.31	1098442	52	1			0		other	0
bpralus	111	Sound	L_tarson_Right_0.33	1108589	34	1			0		other	0
bpralus	112	Sound	L_tarson_Right_0.35	1118766	45	1			0		other	0
bpralus	113	Sound	L_tarson_Right_0.37	1128943	56	1			0		other	0
bpralus	114	Sound	L_tarson_Right_0.39	1139089	37	2			0		other	0
bpralus	114	Response	1	1142599	3547	1
bpralus	115	Sound	L_tarson-Right-0.41	1149266	48	1			0		other	0
bpralus	116	Sound	L_tarson_Right_0.41	1159413	29	1			0		other	0
bpralus	117	Sound	L_tarson_Right_0.39	1169590	41	1			0		other	0
bpralus	118	Sound	L_tarson_Right_0.37	1179767	52	1			0		other	0
bpralus	119	Sound	L_tarson_Right_0.35	1189914	33	1			0		other	0
bpralus	120	Sound	L_tarson_Right_0.33	1200091	45	1			0		other	0
bpralus	121	Sound	L_tarson_Right_0.31	1210268	56	1			0		other	0
bpralus	122	Sound	L_tarson_Right_0.29	1220414	37	2			0		other	0
bpralus	122	Response	1	1223992	3615	1
bpralus	123	Sound	L_tarson-Right-0.27	1230591	48	2			0		other	0
bpralus	124	Sound	L_tarson_Right_0.27	1240768	59	1			0		other	0
bpralus	125	Sound	L_tarson_Right_0.29	1250915	40	1			0		other	0
bpralus	126	Sound	L_tarson_Right_0.31	1261092	52	1			0		other	0
bpralus	127	Sound	L_tarson_Right_0.33	1271239	33	1			0		other	0
bpralus	128	Sound	L_tarson_Right_0.35	1281416	45	1			0		other	0
bpralus	129	Sound	L_tarson_Right_0.37	1291593	56	1			0		other	0
bpralus	129	Response	1	1292658	1121	1
bpralus	131	Sound	H_tarson_Right_0.7	1311916	47	2			0		other	0
bpralus	132	Sound	H_tarson_Right_0.65	1322063	29	2			0		other	0
bpralus	133	Sound	H_tarson_Right_0.6	1332240	40	2			0		other	0
bpralus	134	Sound	H_tarson_Right_0.55	1342417	51	1			0		other	0
bpralus	135	Sound	H_tarson_Right_0.5	1352564	33	1			0		other	0
bpralus	136	Sound	H_tarson_Right_0.45	1362741	44	1			0		other	0
bpralus	137	Sound	H_tarson_Right_0.4	1372918	55	1			0		other	0
bpralus	138	Sound	H_tarson_Right_0.35	1383065	37	1			0		other	0
bpralus	139	Sound	H_tarson_Right_0.3	1393242	48	1			0		other	0
bpralus	139	Response	1	1400142	6948	1
bpralus	140	Sound	H_tarson-Right-0.25	1403418	59	2			0		other	0
bpralus	141	Sound	H_tarson_Right_0.25	1413566	41	1			0		other	0
bpralus	142	Sound	H_tarson_Right_0.3	1423742	51	1			0		other	0
bpralus	143	Sound	H_tarson_Right_0.35	1433890	33	1			0		other	0
bpralus	144	Sound	H_tarson_Right_0.4	1444066	44	1			0		other	0
bpralus	145	Sound	H_tarson_Right_0.45	1454243	55	1			0		other	0
bpralus	145	Response	1	1456054	1866	2
bpralus	146	Sound	H_tarson-Right-0.5	1464390	36	1			0		other	0
bpralus	147	Sound	H_tarson_Right_0.5	1474567	48	1			0		other	0
bpralus	148	Sound	H_tarson_Right_0.48	1484744	59	1			0		other	0
bpralus	149	Sound	H_tarson_Right_0.46	1494890	40	2			0		other	0
bpralus	150	Sound	H_tarson_Right_0.44	1505067	51	2			0		other	0
bpralus	151	Sound	H_tarson_Right_0.42	1515214	32	2			0		other	0
bpralus	152	Sound	H_tarson_Right_0.4	1525391	44	1			0		other	0
bpralus	153	Sound	H_tarson_Right_0.38	1535568	55	1			0		other	0
bpralus	154	Sound	H_tarson_Right_0.36	1545715	36	1			0		other	0
bpralus	155	Sound	H_tarson_Right_0.34	1555892	47	1			0		other	0
bpralus	156	Sound	H_tarson_Right_0.32	1566069	59	1			0		other	0
bpralus	156	Response	1	1569614	3604	2
bpralus	157	Sound	H_tarson-Right-0.3	1576216	40	1			0		other	0
bpralus	158	Sound	H_tarson_Right_0.3	1586392	51	2			0		other	0
bpralus	159	Sound	H_tarson_Right_0.32	1596540	33	1			0		other	0
bpralus	160	Sound	H_tarson_Right_0.34	1606716	43	1			0		other	0
bpralus	161	Sound	H_tarson_Right_0.36	1616893	54	1			0		other	0
bpralus	161	Response	1	1622972	6133	1
bpralus	162	Sound	H_tarson-Right-0.38	1627040	36	1			0		other	0
bpralus	163	Sound	H_tarson_Right_0.38	1637217	47	1			0		other	0
bpralus	164	Sound	H_tarson_Right_0.36	1647394	59	1			0		other	0
bpralus	165	Sound	H_tarson_Right_0.34	1657541	40	1			0		other	0
bpralus	166	Sound	H_tarson_Right_0.32	1667718	51	1			0		other	0
bpralus	167	Sound	H_tarson_Right_0.3	1677864	32	2			0		other	0
bpralus	167	Response	1	1687206	9374	1
bpralus	168	Sound	H_tarson-Right-0.28	1688041	43	2			0		other	0
bpralus	168	Response	1	1689439	1441	1
bpralus	169	Sound	H_tarson_Right_0.28	1698218	54	1			0		other	0
bpralus	170	Sound	H_tarson_Right_0.3	1708365	36	1			0		other	0
bpralus	171	Sound	H_tarson_Right_0.32	1718542	47	1			0		other	0
bpralus	172	Sound	H_tarson_Right_0.34	1728719	59	1			0		other	0
bpralus	173	Sound	H_tarson_Right_0.36	1738866	40	1			0		other	0
bpralus	173	Response	1	1742836	4010	1


Event Type	Code	Type	Response	RT	RT Uncertainty	Time	Uncertainty	Duration	Uncertainty	ReqTime	ReqDur

Sound	L_tarson_Left_0.7	other				388	1			0
Sound	L_tarson-Left-0.65	other				10535	1			0
Sound	L_tarson_Left_0.65	other				20712	1			0
Sound	L_tarson_Left_0.7	other				30859	1			0
Sound	L_tarson-Left-0.75	other				41035	2			0
Sound	L_tarson_Left_0.75	other				51212	1			0
Sound	L_tarson_Left_0.73	other				61359	1			0
Sound	L_tarson_Left_0.71	other				71536	1			0
Sound	L_tarson_Left_0.69	other				81713	1			0
Sound	L_tarson_Left_0.67	other				91860	1			0
Sound	L_tarson_Left_0.65	other				102037	1			0
Sound	L_tarson_Left_0.63	other				112184	1			0
Sound	L_tarson_Left_0.61	other				122361	1			0
Sound	L_tarson_Left_0.59	other				132537	2			0
Sound	L_tarson_Left_0.57	other				142684	1			0
Sound	L_tarson_Left_0.55	other				152861	1			0
Sound	L_tarson_Left_0.53	other				163038	1			0
Sound	L_tarson_Left_0.51	other				173185	1			0
Sound	L_tarson_Left_0.49	other				183362	1			0
Sound	L_tarson_Left_0.47	other				193509	1			0
Sound	L_tarson_Left_0.45	other				203686	1			0
Sound	L_tarson_Left_0.43	other				213863	1			0
Sound	L_tarson_Left_0.41	other				224009	2			0
Sound	L_tarson_Left_0.39	other				234186	2			0
Sound	L_tarson_Left_0.37	other				244363	1			0
Sound	L_tarson-Left-0.35	other				254510	1			0
Sound	L_tarson_Left_0.35	other				264687	1			0
Sound	L_tarson_Left_0.37	other				274864	1			0
Sound	L_tarson_Left_0.39	other				285011	1			0
Sound	L_tarson_Left_0.41	other				295188	1			0
Sound	L_tarson-Left-0.43	other				305335	1			0
Sound	L_tarson_Left_0.43	other				315512	1			0
Sound	L_tarson_Left_0.41	other				325688	2			0
Sound	L_tarson_Left_0.39	other				335835	2			0
Sound	L_tarson_Left_0.37	other				346012	1			0
Sound	L_tarson_Left_0.35	other				356159	1			0
Sound	L_tarson_Left_0.33	other				366336	1			0
Sound	L_tarson_Left_0.31	other				376513	1			0
Sound	L_tarson_Left_0.29	other				386660	1			0
Sound	L_tarson-Left-0.27	other				396837	1			0
Sound	L_tarson_Left_0.27	other				407014	1			0
Sound	L_tarson_Left_0.29	other				417160	2			0
Sound	L_tarson_Left_0.31	other				427337	1			0
Sound	H_tarson_Left_0.7	other				447841	1			0
Sound	H_tarson_Left_0.65	other				457988	1			0
Sound	H_tarson_Left_0.6	other				468165	1			0
Sound	H_tarson_Left_0.55	other				478341	2			0
Sound	H_tarson_Left_0.5	other				488488	1			0
Sound	H_tarson_Left_0.45	other				498665	1			0
Sound	H_tarson_Left_0.4	other				508812	1			0
Sound	H_tarson_Left_0.35	other				518989	1			0
Sound	H_tarson_Left_0.3	other				529166	1			0
Sound	H_tarson_Left_0.25	other				539307	16			0
Sound	H_tarson-Left-0.2	other				549490	1			0
Sound	H_tarson_Left_0.2	other				559667	1			0
Sound	H_tarson_Left_0.25	other				569813	2			0
Sound	H_tarson_Left_0.3	other				579990	1			0
Sound	H_tarson_Left_0.35	other				590137	1			0
Sound	H_tarson-Left-0.4	other				600314	1			0
Sound	H_tarson_Left_0.4	other				610491	1			0
Sound	H_tarson_Left_0.38	other				620638	1			0
Sound	H_tarson_Left_0.36	other				630815	1			0
Sound	H_tarson_Left_0.34	other				640992	1			0
Sound	H_tarson_Left_0.32	other				651139	1			0
Sound	H_tarson_Left_0.3	other				661315	2			0
Sound	H_tarson_Left_0.28	other				671462	2			0
Sound	H_tarson_Left_0.26	other				681639	1			0
Sound	H_tarson-Left-0.24	other				691816	1			0
Sound	H_tarson_Left_0.24	other				701963	1			0
Sound	H_tarson_Left_0.26	other				712140	1			0
Sound	H_tarson_Left_0.28	other				722317	1			0
Sound	H_tarson_Left_0.3	other				732464	1			0
Sound	H_tarson-Left-0.32	other				742641	1			0
Sound	H_tarson_Left_0.32	other				752788	1			0
Sound	H_tarson_Left_0.3	other				762964	2			0
Sound	H_tarson_Left_0.28	other				773141	1			0
Sound	H_tarson_Left_0.26	other				783288	1			0
Sound	H_tarson_Left_0.24	other				793465	1			0
Sound	H_tarson-Left-0.22	other				803642	1			0
Sound	H_tarson_Left_0.22	other				813789	1			0
Sound	H_tarson_Left_0.24	other				823966	1			0
Sound	H_tarson_Left_0.26	other				834113	1			0
Sound	H_tarson_Left_0.28	other				844290	1			0
Sound	L_tarson_Right_0.7	other				864613	1			0
Sound	L_tarson_Right_0.65	other				874790	1			0
Sound	L_tarson_Right_0.6	other				884967	1			0
Sound	L_tarson_Right_0.55	other				895114	1			0
Sound	L_tarson_Right_0.5	other				905291	1			0
Sound	L_tarson_Right_0.45	other				915438	1			0
Sound	L_tarson_Right_0.4	other				925615	1			0
Sound	L_tarson_Right_0.35	other				935791	2			0
Sound	L_tarson_Right_0.3	other				945938	2			0
Sound	L_tarson-Right-0.25	other				956115	1			0
Sound	L_tarson_Right_0.25	other				966292	1			0
Sound	L_tarson_Right_0.3	other				976439	1			0
Sound	L_tarson_Right_0.35	other				986616	1			0
Sound	L_tarson_Right_0.4	other				996763	1			0
Sound	L_tarson-Right-0.45	other				1006940	1			0
Sound	L_tarson_Right_0.45	other				1017116	2			0
Sound	L_tarson_Right_0.43	other				1027264	1			0
Sound	L_tarson_Right_0.41	other				1037440	2			0
Sound	L_tarson_Right_0.39	other				1047617	1			0
Sound	L_tarson_Right_0.37	other				1057764	1			0
Sound	L_tarson_Right_0.35	other				1067941	1			0
Sound	L_tarson_Right_0.33	other				1078088	1			0
Sound	L_tarson-Right-0.31	other				1088265	1			0
Sound	L_tarson_Right_0.31	other				1098442	1			0
Sound	L_tarson_Right_0.33	other				1108589	1			0
Sound	L_tarson_Right_0.35	other				1118766	1			0
Sound	L_tarson_Right_0.37	other				1128943	1			0
Sound	L_tarson_Right_0.39	other				1139089	2			0
Sound	L_tarson-Right-0.41	other				1149266	1			0
Sound	L_tarson_Right_0.41	other				1159413	1			0
Sound	L_tarson_Right_0.39	other				1169590	1			0
Sound	L_tarson_Right_0.37	other				1179767	1			0
Sound	L_tarson_Right_0.35	other				1189914	1			0
Sound	L_tarson_Right_0.33	other				1200091	1			0
Sound	L_tarson_Right_0.31	other				1210268	1			0
Sound	L_tarson_Right_0.29	other				1220414	2			0
Sound	L_tarson-Right-0.27	other				1230591	2			0
Sound	L_tarson_Right_0.27	other				1240768	1			0
Sound	L_tarson_Right_0.29	other				1250915	1			0
Sound	L_tarson_Right_0.31	other				1261092	1			0
Sound	L_tarson_Right_0.33	other				1271239	1			0
Sound	L_tarson_Right_0.35	other				1281416	1			0
Sound	L_tarson_Right_0.37	other				1291593	1			0
Sound	H_tarson_Right_0.7	other				1311916	2			0
Sound	H_tarson_Right_0.65	other				1322063	2			0
Sound	H_tarson_Right_0.6	other				1332240	2			0
Sound	H_tarson_Right_0.55	other				1342417	1			0
Sound	H_tarson_Right_0.5	other				1352564	1			0
Sound	H_tarson_Right_0.45	other				1362741	1			0
Sound	H_tarson_Right_0.4	other				1372918	1			0
Sound	H_tarson_Right_0.35	other				1383065	1			0
Sound	H_tarson_Right_0.3	other				1393242	1			0
Sound	H_tarson-Right-0.25	other				1403418	2			0
Sound	H_tarson_Right_0.25	other				1413566	1			0
Sound	H_tarson_Right_0.3	other				1423742	1			0
Sound	H_tarson_Right_0.35	other				1433890	1			0
Sound	H_tarson_Right_0.4	other				1444066	1			0
Sound	H_tarson_Right_0.45	other				1454243	1			0
Sound	H_tarson-Right-0.5	other				1464390	1			0
Sound	H_tarson_Right_0.5	other				1474567	1			0
Sound	H_tarson_Right_0.48	other				1484744	1			0
Sound	H_tarson_Right_0.46	other				1494890	2			0
Sound	H_tarson_Right_0.44	other				1505067	2			0
Sound	H_tarson_Right_0.42	other				1515214	2			0
Sound	H_tarson_Right_0.4	other				1525391	1			0
Sound	H_tarson_Right_0.38	other				1535568	1			0
Sound	H_tarson_Right_0.36	other				1545715	1			0
Sound	H_tarson_Right_0.34	other				1555892	1			0
Sound	H_tarson_Right_0.32	other				1566069	1			0
Sound	H_tarson-Right-0.3	other				1576216	1			0
Sound	H_tarson_Right_0.3	other				1586392	2			0
Sound	H_tarson_Right_0.32	other				1596540	1			0
Sound	H_tarson_Right_0.34	other				1606716	1			0
Sound	H_tarson_Right_0.36	other				1616893	1			0
Sound	H_tarson-Right-0.38	other				1627040	1			0
Sound	H_tarson_Right_0.38	other				1637217	1			0
Sound	H_tarson_Right_0.36	other				1647394	1			0
Sound	H_tarson_Right_0.34	other				1657541	1			0
Sound	H_tarson_Right_0.32	other				1667718	1			0
Sound	H_tarson_Right_0.3	other				1677864	2			0
Sound	H_tarson-Right-0.28	other				1688041	2			0
Sound	H_tarson_Right_0.28	other				1698218	1			0
Sound	H_tarson_Right_0.3	other				1708365	1			0
Sound	H_tarson_Right_0.32	other				1718542	1			0
Sound	H_tarson_Right_0.34	other				1728719	1			0
Sound	H_tarson_Right_0.36	other				1738866	1			0
