Scenario - 17_March_2015
Logfile written - 07/03/2017 10:34:08

Subject	Trial	Event Type	Code	Time	TTime	Uncertainty	Duration	Uncertainty	ReqTime	ReqDur	Stim Type	Pair Index

causa	1	Response	253	52921	62754	1
causa	2	Picture	10	52992	0	2	20165	3	0	20000	other	0
causa	3	Picture	10	73323	0	2	40163	3	0	40000	other	0
causa	3	Response	251	86614	13291	1
causa	4	Picture	10	113652	0	2	40163	3	0	40000	other	0
causa	4	Response	252	129849	16197	1
causa	5	Nothing	91	153817	0	1			0		other	0
causa	6	Picture	204	183978	0	2	2000	3	0	1920	other	0
causa	7	Sound	64	195962	0	1			0		hit	10
causa	7	Response	252	202642	6680	2
causa	8	Picture	222	230806	0	2	2000	3	0	1920	other	0
causa	8	Sound	52	238205	7399	1			7400		other	0
causa	9	Sound	62	242805	0	1			0		hit	14
causa	9	Response	251	251374	8569	2
causa	10	Picture	12	278134	0	2	2000	4	0	1920	other	0
causa	10	Sound	51	282943	4809	2			4810		other	0
causa	11	Sound	62	290127	0	1			0		hit	18
causa	11	Response	251	299418	9291	2
causa	12	Picture	204	326129	0	2	2000	4	0	1920	other	0
causa	13	Sound	64	338107	0	1			0		hit	21
causa	13	Response	252	344955	6848	1
causa	13	Response	252	362598	24491	1
causa	13	Response	252	365537	27430	2
causa	14	Picture	22	372458	0	1	1999	3	0	1920	other	0
causa	14	Sound	52	380567	8109	2			8110		other	0
causa	15	Sound	62	384441	0	2			0		hit	27
causa	15	Response	251	394001	9560	1
causa	16	Picture	4	418953	0	1	2000	2	0	1920	other	0
causa	17	Sound	64	430925	0	2			0		hit	30
causa	17	Response	252	436160	5235	1
causa	18	Picture	13	466948	0	1	1999	3	0	1920	other	0
causa	18	Sound	51	472067	5119	2			5120		other	0
causa	19	Sound	63	478936	0	1			0		hit	34
causa	19	Response	252	484189	5253	1
causa	20	Picture	103	513442	0	2	2000	4	0	1920	other	0
causa	21	Sound	63	525420	0	1			0		hit	37
causa	21	Response	252	529558	4138	1
causa	22	Picture	3	560437	0	2	2000	4	0	1920	other	0
causa	23	Sound	63	572413	0	1			0		hit	40
causa	23	Response	252	576321	3908	1
causa	24	Picture	2	608266	0	1	1999	3	0	1920	other	0
causa	25	Sound	62	620243	0	2			0		hit	43
causa	25	Response	251	625319	5076	2
causa	26	Picture	101	654594	0	1	2000	2	0	1920	other	0
causa	27	Sound	61	666578	0	1			0		hit	46
causa	27	Response	251	672017	5439	1
causa	28	Picture	1	701922	0	2	2000	3	0	1920	other	0
causa	29	Sound	61	713900	0	1			0		hit	49
causa	29	Response	251	720322	6422	1
causa	30	Picture	3	749917	0	1	2000	2	0	1920	other	0
causa	31	Sound	63	761910	0	1			0		hit	52
causa	31	Response	252	768618	6708	2
causa	32	Picture	1	796912	0	1	2000	2	0	1920	other	0
causa	33	Sound	61	808903	0	1			0		hit	55
causa	33	Response	251	814557	5654	1
causa	34	Picture	3	843573	0	2	2000	4	0	1920	other	0
causa	35	Sound	63	855566	0	2			0		hit	58
causa	35	Response	252	861208	5642	1
causa	36	Picture	214	891069	0	1	1999	3	0	1920	other	0
causa	36	Sound	51	895618	4549	2			4550		other	0
causa	37	Sound	64	903068	0	1			0		incorrect	62
causa	37	Response	251	911143	8075	1
causa	38	Picture	14	937230	0	2	2000	3	0	1920	other	0
causa	38	Sound	51	942619	5389	1			5390		other	0
causa	39	Sound	64	949223	0	1			0		incorrect	66
causa	39	Response	251	956387	7164	1
causa	40	Picture	202	984059	0	1	1999	3	0	1920	other	0
causa	41	Sound	62	996036	0	1			0		hit	69
causa	41	Response	251	1006909	10873	1
causa	42	Picture	4	1031220	0	2	2000	3	0	1920	other	0
causa	43	Sound	64	1043208	0	1			0		hit	72
causa	43	Response	252	1050133	6925	2
causa	44	Picture	101	1078382	0	1	1999	3	0	1920	other	0
causa	45	Sound	61	1090380	0	2			0		hit	75
causa	45	Response	251	1099037	8657	1
causa	46	Picture	24	1124877	0	1	1999	3	0	1920	other	0
causa	46	Sound	52	1130716	5839	2			5840		other	0
causa	47	Sound	64	1136864	0	2			0		incorrect	79
causa	47	Response	251	1148706	11842	2
causa	48	Picture	103	1172372	0	1	1999	3	0	1920	other	0
causa	49	Sound	63	1184366	0	1			0		hit	82
causa	49	Response	252	1194816	10450	1
causa	50	Picture	121	1219700	0	1	1999	3	0	1920	other	0
causa	50	Sound	52	1228009	8309	1			8310		other	0
causa	51	Sound	61	1231688	0	1			0		hit	86
causa	51	Response	251	1238816	7128	1
causa	52	Picture	103	1266028	0	2	2000	3	0	1920	other	0
causa	53	Sound	63	1278022	0	1			0		hit	89
causa	53	Response	252	1284817	6795	1
causa	54	Picture	2	1312523	0	2	2000	3	0	1920	other	0
causa	55	Sound	62	1324506	0	1			0		hit	92
causa	55	Response	251	1333621	9115	1
causa	56	Picture	111	1359018	0	2	2000	3	0	1920	other	0
causa	56	Sound	51	1362057	3039	1			3040		other	0
causa	57	Sound	61	1370990	0	1			0		hit	96
causa	57	Response	251	1376410	5420	1
causa	58	Picture	101	1405346	0	2	2000	4	0	1920	other	0
causa	59	Sound	61	1417324	0	2			0		hit	99
causa	59	Response	251	1426744	9420	1
causa	59	Response	251	1441634	24310	2
causa	60	Picture	103	1452175	0	1	2000	2	0	1920	other	0
causa	61	Sound	63	1464167	0	2			0		hit	103
causa	61	Response	252	1473866	9699	2
causa	62	Picture	204	1500003	0	1	2000	2	0	1920	other	0
causa	63	Sound	64	1511998	0	2			0		incorrect	106
causa	63	Response	251	1529089	17091	1
causa	64	Picture	4	1547165	0	1	1999	3	0	1920	other	0
causa	65	Sound	64	1559141	0	1			0		hit	109
causa	65	Response	252	1564722	5581	2
causa	65	Response	252	1566750	7609	1
causa	66	Picture	101	1593493	0	1	2000	2	0	1920	other	0
causa	67	Sound	61	1605475	0	1			0		hit	113
causa	67	Response	251	1614251	8776	1
causa	68	Picture	202	1640654	0	2	2000	4	0	1920	other	0
causa	69	Sound	62	1652647	0	1			0		hit	116
causa	69	Response	251	1662545	9898	1
causa	70	Picture	2	1687149	0	2	2000	4	0	1920	other	0
causa	71	Sound	62	1699131	0	1			0		incorrect	119
causa	71	Response	252	1705193	6062	2
causa	72	Picture	113	1734811	0	2	2000	3	0	1920	other	0
causa	72	Sound	51	1737680	2869	1			2870		other	0
causa	73	Sound	63	1746782	0	2			0		hit	123
causa	73	Response	252	1754620	7838	1
causa	74	Picture	101	1782139	0	1	2000	3	0	1920	other	0
causa	75	Sound	61	1794134	0	2			0		hit	126
causa	75	Response	251	1803087	8953	1
causa	76	Picture	204	1830301	0	1	1999	3	0	1920	other	0
causa	77	Sound	64	1842294	0	2			0		incorrect	129
causa	77	Response	251	1855618	13324	2
causa	78	Picture	4	1876629	0	1	2000	2	0	1920	other	0
causa	79	Sound	64	1888629	0	1			0		incorrect	132
causa	79	Response	251	1897301	8672	1
causa	80	Picture	103	1922957	0	2	2000	3	0	1920	other	0
causa	81	Sound	63	1934933	0	1			0		incorrect	135
causa	81	Response	251	1942536	7603	1
causa	82	Picture	204	1969786	0	1	1999	3	0	1920	other	0
causa	83	Sound	64	1981776	0	1			0		incorrect	138
causa	83	Response	251	1990313	8537	1
causa	84	Picture	202	2017614	0	1	1999	3	0	1920	other	0
causa	85	Sound	62	2029607	0	1			0		incorrect	141
causa	85	Response	252	2038794	9187	1
causa	85	Response	252	2039605	9998	2
causa	85	Response	251	2040264	10657	1
causa	86	Picture	1	2064442	0	1	2000	2	0	1920	other	0
causa	87	Sound	61	2076420	0	1			0		hit	146
causa	87	Response	251	2086803	10383	1
causa	88	Picture	2	2111770	0	2	2000	3	0	1920	other	0
causa	89	Sound	62	2123742	0	1			0		hit	149
causa	89	Response	251	2130407	6665	1
causa	90	Picture	3	2159265	0	2	2000	3	0	1920	other	0
causa	91	Sound	63	2171244	0	1			0		hit	152
causa	91	Response	252	2177112	5868	1
causa	91	Response	252	2180768	9524	1
causa	92	Picture	1	2207093	0	2	2000	4	0	1920	other	0
causa	93	Sound	61	2219075	0	1			0		hit	156
causa	93	Response	251	2225702	6627	1
causa	94	Picture	4	2254421	0	2	2000	4	0	1920	other	0
causa	95	Sound	64	2266397	0	1			0		hit	159
causa	95	Response	252	2273570	7173	1
causa	96	Picture	3	2302250	0	1	2000	2	0	1920	other	0
causa	97	Sound	63	2314227	0	2			0		hit	162
causa	97	Response	252	2320007	5780	2
causa	98	Picture	23	2349411	0	2	2000	3	0	1920	other	0
causa	98	Sound	52	2355950	6539	2			6540		other	0
causa	99	Sound	63	2361400	0	1			0		hit	166
causa	99	Response	252	2381323	19923	2
causa	100	Picture	3	2395739	0	2	2000	4	0	1920	other	0
causa	101	Sound	63	2407734	0	1			0		hit	169
causa	101	Response	252	2415667	7933	2
causa	102	Picture	1	2442068	0	2	2000	3	0	1920	other	0
causa	103	Sound	61	2454038	0	2			0		hit	172
causa	103	Response	251	2459636	5598	1
causa	104	Picture	103	2489729	0	2	2000	4	0	1920	other	0
causa	105	Sound	63	2501720	0	1			0		hit	175
causa	105	Response	252	2508057	6337	2
causa	106	Picture	204	2536391	0	2	2000	3	0	1920	other	0
causa	107	Sound	64	2548383	0	1			0		hit	178
causa	107	Response	252	2561929	13546	1
causa	108	Picture	202	2583553	0	1	1999	3	0	1920	other	0
causa	109	Sound	62	2595526	0	1			0		hit	181
causa	109	Response	251	2604684	9158	1
causa	110	Picture	202	2630881	0	1	2000	2	0	1920	other	0
causa	111	Sound	62	2642878	0	1			0		incorrect	184
causa	111	Response	252	2648939	6061	1
causa	112	Picture	2	2678376	0	1	1999	3	0	1920	other	0
causa	113	Sound	62	2690349	0	1			0		hit	187
causa	113	Response	251	2700189	9840	2
causa	114	Picture	1	2725537	0	2	2000	4	0	1920	other	0
causa	115	Sound	61	2737522	0	1			0		hit	190
causa	115	Response	251	2744980	7458	1
causa	116	Picture	224	2773199	0	1	2000	2	0	1920	other	0
causa	116	Sound	52	2778818	5619	2			5620		other	0
causa	117	Sound	64	2785173	0	1			0		hit	194
causa	117	Response	252	2791887	6714	1
causa	118	Picture	11	2819860	0	2	2000	4	0	1920	other	0
causa	118	Sound	51	2824699	4839	2			4840		other	0
causa	119	Sound	61	2831836	0	1			0		incorrect	198
causa	119	Response	252	2841087	9251	2
causa	120	Picture	202	2866856	0	1	1999	3	0	1920	other	0
causa	121	Sound	62	2878829	0	1			0		incorrect	201
causa	121	Response	252	2892609	13780	1
causa	122	Picture	123	2914017	0	2	2000	3	0	1920	other	0
causa	122	Sound	52	2922416	8399	2			8400		other	0
causa	123	Sound	63	2926001	0	2			0		hit	205
causa	123	Response	252	2943209	17208	1
causa	124	Picture	21	2961012	0	2	2000	3	0	1920	other	0
causa	124	Sound	52	2967011	5999	1			6000		other	0
causa	125	Sound	61	2972994	0	1			0		hit	209
causa	125	Response	251	2983508	10514	1
causa	126	Picture	2	3007506	0	2	2001	3	0	1920	other	0
causa	127	Sound	62	3019478	0	1			0		hit	212
causa	127	Response	251	3026162	6684	1
causa	127	Response	251	3027504	8026	1
causa	128	Picture	101	3054169	0	1	1999	3	0	1920	other	0
causa	129	Sound	61	3066142	0	1			0		hit	216
causa	129	Response	251	3073909	7767	1
causa	130	Picture	4	3102163	0	2	2000	4	0	1920	other	0
causa	131	Sound	64	3114152	0	1			0		hit	219
causa	131	Response	252	3122795	8643	1
causa	132	Picture	212	3149992	0	1	1999	3	0	1920	other	0
causa	132	Sound	51	3154841	4849	2			4850		other	0
causa	133	Sound	62	3161983	0	1			0		hit	223
causa	133	Response	251	3170915	8932	1
causa	134	Response	251	3250629	52809	1
causa	134	Response	252	3273925	76105	1
causa	134	Response	253	3285118	87298	1


Event Type	Code	Type	Response	RT	RT Uncertainty	Time	Uncertainty	Duration	Uncertainty	ReqTime	ReqDur

Picture	10	other				52992	2	20165	3	0	20000
Picture	10	other				73323	2	40163	3	0	40000
Picture	10	other				113652	2	40163	3	0	40000
Nothing	91	other				153817	1			0
Picture	204	other				183978	2	2000	3	0	1920
Sound	64	hit	2	6680	3	195962	1			0
Picture	222	other				230806	2	2000	3	0	1920
Sound	52	other				238205	1			7400
Sound	62	hit	1	8569	3	242805	1			0
Picture	12	other				278134	2	2000	4	0	1920
Sound	51	other				282943	2			4810
Sound	62	hit	1	9291	3	290127	1			0
Picture	204	other				326129	2	2000	4	0	1920
Sound	64	hit	2	6848	2	338107	1			0
Picture	22	other				372458	1	1999	3	0	1920
Sound	52	other				380567	2			8110
Sound	62	hit	1	9560	3	384441	2			0
Picture	4	other				418953	1	2000	2	0	1920
Sound	64	hit	2	5235	3	430925	2			0
Picture	13	other				466948	1	1999	3	0	1920
Sound	51	other				472067	2			5120
Sound	63	hit	2	5253	2	478936	1			0
Picture	103	other				513442	2	2000	4	0	1920
Sound	63	hit	2	4138	2	525420	1			0
Picture	3	other				560437	2	2000	4	0	1920
Sound	63	hit	2	3908	2	572413	1			0
Picture	2	other				608266	1	1999	3	0	1920
Sound	62	hit	1	5076	4	620243	2			0
Picture	101	other				654594	1	2000	2	0	1920
Sound	61	hit	1	5439	2	666578	1			0
Picture	1	other				701922	2	2000	3	0	1920
Sound	61	hit	1	6422	2	713900	1			0
Picture	3	other				749917	1	2000	2	0	1920
Sound	63	hit	2	6708	3	761910	1			0
Picture	1	other				796912	1	2000	2	0	1920
Sound	61	hit	1	5654	2	808903	1			0
Picture	3	other				843573	2	2000	4	0	1920
Sound	63	hit	2	5642	3	855566	2			0
Picture	214	other				891069	1	1999	3	0	1920
Sound	51	other				895618	2			4550
Sound	64	incorrect	1	8075	2	903068	1			0
Picture	14	other				937230	2	2000	3	0	1920
Sound	51	other				942619	1			5390
Sound	64	incorrect	1	7164	2	949223	1			0
Picture	202	other				984059	1	1999	3	0	1920
Sound	62	hit	1	10873	2	996036	1			0
Picture	4	other				1031220	2	2000	3	0	1920
Sound	64	hit	2	6925	3	1043208	1			0
Picture	101	other				1078382	1	1999	3	0	1920
Sound	61	hit	1	8657	3	1090380	2			0
Picture	24	other				1124877	1	1999	3	0	1920
Sound	52	other				1130716	2			5840
Sound	64	incorrect	1	11842	4	1136864	2			0
Picture	103	other				1172372	1	1999	3	0	1920
Sound	63	hit	2	10450	2	1184366	1			0
Picture	121	other				1219700	1	1999	3	0	1920
Sound	52	other				1228009	1			8310
Sound	61	hit	1	7128	2	1231688	1			0
Picture	103	other				1266028	2	2000	3	0	1920
Sound	63	hit	2	6795	2	1278022	1			0
Picture	2	other				1312523	2	2000	3	0	1920
Sound	62	hit	1	9115	2	1324506	1			0
Picture	111	other				1359018	2	2000	3	0	1920
Sound	51	other				1362057	1			3040
Sound	61	hit	1	5420	2	1370990	1			0
Picture	101	other				1405346	2	2000	4	0	1920
Sound	61	hit	1	9420	3	1417324	2			0
Picture	103	other				1452175	1	2000	2	0	1920
Sound	63	hit	2	9699	4	1464167	2			0
Picture	204	other				1500003	1	2000	2	0	1920
Sound	64	incorrect	1	17091	3	1511998	2			0
Picture	4	other				1547165	1	1999	3	0	1920
Sound	64	hit	2	5581	3	1559141	1			0
Picture	101	other				1593493	1	2000	2	0	1920
Sound	61	hit	1	8776	2	1605475	1			0
Picture	202	other				1640654	2	2000	4	0	1920
Sound	62	hit	1	9898	2	1652647	1			0
Picture	2	other				1687149	2	2000	4	0	1920
Sound	62	incorrect	2	6062	3	1699131	1			0
Picture	113	other				1734811	2	2000	3	0	1920
Sound	51	other				1737680	1			2870
Sound	63	hit	2	7838	3	1746782	2			0
Picture	101	other				1782139	1	2000	3	0	1920
Sound	61	hit	1	8953	3	1794134	2			0
Picture	204	other				1830301	1	1999	3	0	1920
Sound	64	incorrect	1	13324	4	1842294	2			0
Picture	4	other				1876629	1	2000	2	0	1920
Sound	64	incorrect	1	8672	2	1888629	1			0
Picture	103	other				1922957	2	2000	3	0	1920
Sound	63	incorrect	1	7603	2	1934933	1			0
Picture	204	other				1969786	1	1999	3	0	1920
Sound	64	incorrect	1	8537	2	1981776	1			0
Picture	202	other				2017614	1	1999	3	0	1920
Sound	62	incorrect	2	9187	2	2029607	1			0
Picture	1	other				2064442	1	2000	2	0	1920
Sound	61	hit	1	10383	2	2076420	1			0
Picture	2	other				2111770	2	2000	3	0	1920
Sound	62	hit	1	6665	2	2123742	1			0
Picture	3	other				2159265	2	2000	3	0	1920
Sound	63	hit	2	5868	2	2171244	1			0
Picture	1	other				2207093	2	2000	4	0	1920
Sound	61	hit	1	6627	2	2219075	1			0
Picture	4	other				2254421	2	2000	4	0	1920
Sound	64	hit	2	7173	2	2266397	1			0
Picture	3	other				2302250	1	2000	2	0	1920
Sound	63	hit	2	5780	4	2314227	2			0
Picture	23	other				2349411	2	2000	3	0	1920
Sound	52	other				2355950	2			6540
Sound	63	hit	2	19923	3	2361400	1			0
Picture	3	other				2395739	2	2000	4	0	1920
Sound	63	hit	2	7933	3	2407734	1			0
Picture	1	other				2442068	2	2000	3	0	1920
Sound	61	hit	1	5598	3	2454038	2			0
Picture	103	other				2489729	2	2000	4	0	1920
Sound	63	hit	2	6337	3	2501720	1			0
Picture	204	other				2536391	2	2000	3	0	1920
Sound	64	hit	2	13546	2	2548383	1			0
Picture	202	other				2583553	1	1999	3	0	1920
Sound	62	hit	1	9158	2	2595526	1			0
Picture	202	other				2630881	1	2000	2	0	1920
Sound	62	incorrect	2	6061	2	2642878	1			0
Picture	2	other				2678376	1	1999	3	0	1920
Sound	62	hit	1	9840	3	2690349	1			0
Picture	1	other				2725537	2	2000	4	0	1920
Sound	61	hit	1	7458	2	2737522	1			0
Picture	224	other				2773199	1	2000	2	0	1920
Sound	52	other				2778818	2			5620
Sound	64	hit	2	6714	2	2785173	1			0
Picture	11	other				2819860	2	2000	4	0	1920
Sound	51	other				2824699	2			4840
Sound	61	incorrect	2	9251	3	2831836	1			0
Picture	202	other				2866856	1	1999	3	0	1920
Sound	62	incorrect	2	13780	2	2878829	1			0
Picture	123	other				2914017	2	2000	3	0	1920
Sound	52	other				2922416	2			8400
Sound	63	hit	2	17208	3	2926001	2			0
Picture	21	other				2961012	2	2000	3	0	1920
Sound	52	other				2967011	1			6000
Sound	61	hit	1	10514	2	2972994	1			0
Picture	2	other				3007506	2	2001	3	0	1920
Sound	62	hit	1	6684	2	3019478	1			0
Picture	101	other				3054169	1	1999	3	0	1920
Sound	61	hit	1	7767	2	3066142	1			0
Picture	4	other				3102163	2	2000	4	0	1920
Sound	64	hit	2	8643	2	3114152	1			0
Picture	212	other				3149992	1	1999	3	0	1920
Sound	51	other				3154841	2			4850
Sound	62	hit	1	8932	2	3161983	1			0
