Scenario - 17_March_2015
Logfile written - 07/03/2017 10:56:33

Subject	Trial	Event Type	Code	Time	TTime	Uncertainty	Duration	Uncertainty	ReqTime	ReqDur	Stim Type	Pair Index

causa	1	Response	253	13722	23555	1
causa	2	Picture	10	13830	0	1	20164	3	0	20000	other	0
causa	3	Picture	10	34161	0	1	40162	3	0	40000	other	0
causa	3	Response	251	44954	10793	1
causa	4	Picture	10	74490	0	1	40162	3	0	40000	other	0
causa	4	Response	252	89750	15260	1
causa	5	Nothing	91	114654	0	1			0		other	0
causa	6	Picture	204	144815	0	2	1999	5	0	1920	other	0
causa	7	Sound	64	156811	0	1			0		hit	10
causa	7	Response	252	163668	6857	1
causa	8	Picture	202	191477	0	2	2000	4	0	1920	other	0
causa	9	Sound	62	203475	0	1			0		hit	13
causa	9	Response	251	210486	7011	1
causa	10	Picture	111	239305	0	2	2000	4	0	1920	other	0
causa	10	Sound	51	243404	4099	1			4100		other	0
causa	11	Sound	61	251275	0	2			0		hit	17
causa	11	Response	251	260564	9289	1
causa	12	Picture	204	285467	0	2	2000	3	0	1920	other	0
causa	13	Sound	64	297460	0	1			0		hit	20
causa	13	Response	252	304143	6683	1
causa	14	Picture	113	333462	0	1	2000	2	0	1920	other	0
causa	14	Sound	51	338301	4839	1			4840		other	0
causa	15	Sound	63	345441	0	1			0		hit	24
causa	15	Response	252	351396	5955	2
causa	16	Picture	202	380290	0	2	2000	4	0	1920	other	0
causa	17	Sound	62	392284	0	1			0		hit	27
causa	17	Response	251	397191	4907	2
causa	18	Picture	12	427619	0	1	1999	3	0	1920	other	0
causa	18	Sound	51	431358	3739	1			3740		other	0
causa	19	Sound	62	439606	0	1			0		hit	31
causa	19	Response	251	450389	10783	1
causa	20	Picture	4	474114	0	1	1999	3	0	1920	other	0
causa	21	Sound	64	486090	0	1			0		incorrect	34
causa	21	Response	251	495424	9334	1
causa	21	Response	252	499922	13832	2
causa	22	Picture	4	521775	0	1	1999	3	0	1920	other	0
causa	23	Sound	64	533771	0	1			0		hit	38
causa	23	Response	252	544453	10682	2
causa	24	Picture	23	569103	0	2	2000	3	0	1920	other	0
causa	24	Sound	52	575252	6149	2			6150		other	0
causa	25	Sound	63	581093	0	1			0		hit	42
causa	25	Response	252	587479	6386	2
causa	26	Picture	3	616598	0	2	2000	4	0	1920	other	0
causa	27	Sound	63	628594	0	2			0		hit	45
causa	27	Response	252	633740	5146	1
causa	28	Picture	1	663093	0	2	2000	3	0	1920	other	0
causa	29	Sound	61	675078	0	2			0		hit	48
causa	29	Response	251	680122	5044	1
causa	30	Picture	2	709422	0	1	1999	3	0	1920	other	0
causa	31	Sound	62	721413	0	1			0		hit	51
causa	31	Response	251	727291	5878	2
causa	32	Picture	101	756416	0	2	2000	4	0	1920	other	0
causa	33	Sound	61	768405	0	2			0		incorrect	54
causa	33	Response	252	784570	16165	2
causa	34	Picture	4	802578	0	2	2000	3	0	1920	other	0
causa	35	Sound	64	814560	0	1			0		hit	57
causa	35	Response	252	822447	7887	2
causa	36	Picture	4	849906	0	2	2000	4	0	1920	other	0
causa	37	Sound	64	861882	0	1			0		hit	60
causa	37	Response	252	869743	7861	1
causa	38	Picture	1	896901	0	2	2000	4	0	1920	other	0
causa	39	Sound	61	908875	0	1			0		hit	63
causa	39	Response	251	916202	7327	2
causa	40	Picture	1	943230	0	1	1999	3	0	1920	other	0
causa	41	Sound	61	955209	0	1			0		hit	66
causa	41	Response	251	962949	7740	1
causa	41	Response	252	968468	13259	2
causa	41	Response	252	976373	21164	1
causa	41	Response	252	976475	21266	2
causa	42	Picture	101	990558	0	1	2000	2	0	1920	other	0
causa	43	Sound	61	1002531	0	1			0		hit	72
causa	43	Response	251	1009236	6705	2
causa	44	Picture	101	1037386	0	2	2000	3	0	1920	other	0
causa	45	Sound	61	1049374	0	1			0		hit	75
causa	45	Response	251	1055661	6287	1
causa	46	Picture	2	1083548	0	1	2000	2	0	1920	other	0
causa	47	Sound	62	1095529	0	1			0		hit	78
causa	47	Response	251	1100856	5327	1
causa	48	Picture	204	1129876	0	2	2000	3	0	1920	other	0
causa	49	Sound	64	1141863	0	1			0		hit	81
causa	49	Response	252	1149859	7996	2
causa	50	Picture	24	1176538	0	1	2000	2	0	1920	other	0
causa	50	Sound	52	1183557	7019	1			7020		other	0
causa	51	Sound	64	1188527	0	1			0		incorrect	85
causa	51	Response	251	1194168	5641	2
causa	51	Response	252	1194685	6158	1
causa	52	Picture	4	1223033	0	1	2000	2	0	1920	other	0
causa	53	Sound	64	1235011	0	1			0		hit	89
causa	53	Response	252	1241336	6325	1
causa	54	Picture	224	1270861	0	1	2000	2	0	1920	other	0
causa	54	Sound	52	1276590	5729	1			5730		other	0
causa	55	Sound	64	1282841	0	2			0		hit	93
causa	55	Response	252	1288709	5868	1
causa	56	Picture	1	1318023	0	1	1999	3	0	1920	other	0
causa	57	Sound	61	1330014	0	1			0		hit	96
causa	57	Response	251	1337010	6996	1
causa	58	Picture	212	1365184	0	2	2000	3	0	1920	other	0
causa	58	Sound	51	1368293	3109	1			3110		other	0
causa	59	Sound	62	1377156	0	1			0		hit	100
causa	59	Response	251	1382866	5710	2
causa	60	Picture	13	1412846	0	1	2000	2	0	1920	other	0
causa	60	Sound	51	1416545	3699	1			3700		other	0
causa	61	Sound	63	1424837	0	1			0		hit	104
causa	61	Response	252	1431044	6207	1
causa	62	Picture	202	1459341	0	1	1999	3	0	1920	other	0
causa	63	Sound	62	1471321	0	1			0		hit	107
causa	63	Response	251	1478554	7233	1
causa	64	Picture	204	1506669	0	1	2000	2	0	1920	other	0
causa	65	Sound	64	1518643	0	1			0		hit	110
causa	65	Response	252	1525802	7159	1
causa	66	Picture	1	1553164	0	1	2000	2	0	1920	other	0
causa	67	Sound	61	1565157	0	1			0		hit	113
causa	67	Response	251	1571106	5949	1
causa	68	Picture	22	1599492	0	2	2000	4	0	1920	other	0
causa	68	Sound	52	1605581	6089	2			6090		other	0
causa	69	Sound	62	1611491	0	2			0		hit	117
causa	69	Response	251	1617706	6215	1
causa	70	Picture	123	1646820	0	2	2000	4	0	1920	other	0
causa	70	Sound	52	1654489	7669	1			7670		other	0
causa	71	Sound	63	1658813	0	1			0		incorrect	121
causa	71	Response	251	1668008	9195	2
causa	72	Picture	2	1694149	0	1	2000	2	0	1920	other	0
causa	73	Sound	62	1706135	0	2			0		hit	124
causa	73	Response	251	1712371	6236	1
causa	74	Picture	103	1740644	0	1	2000	2	0	1920	other	0
causa	75	Sound	63	1752619	0	2			0		hit	127
causa	75	Response	252	1759778	7159	2
causa	76	Picture	204	1787139	0	1	1999	3	0	1920	other	0
causa	77	Sound	64	1799133	0	1			0		hit	130
causa	77	Response	252	1806179	7046	1
causa	78	Picture	214	1834967	0	1	2000	2	0	1920	other	0
causa	78	Sound	51	1839236	4269	2			4270		other	0
causa	79	Sound	64	1846964	0	1			0		hit	134
causa	79	Response	252	1851595	4631	2
causa	80	Picture	202	1882628	0	2	2000	3	0	1920	other	0
causa	81	Sound	62	1894615	0	1			0		hit	137
causa	81	Response	251	1900288	5673	1
causa	82	Picture	101	1930456	0	2	2000	4	0	1920	other	0
causa	83	Sound	61	1942446	0	1			0		hit	140
causa	83	Response	251	1949245	6799	2
causa	84	Picture	2	1977451	0	2	2000	4	0	1920	other	0
causa	85	Sound	62	1989439	0	1			0		hit	143
causa	85	Response	251	1998838	9399	1
causa	86	Picture	202	2024946	0	2	2000	4	0	1920	other	0
causa	87	Sound	62	2036940	0	2			0		hit	146
causa	87	Response	251	2044808	7868	1
causa	88	Picture	1	2072774	0	2	2000	4	0	1920	other	0
causa	89	Sound	61	2084771	0	1			0		hit	149
causa	89	Response	251	2094746	9975	2
causa	90	Picture	2	2119269	0	2	2000	4	0	1920	other	0
causa	91	Sound	62	2131255	0	1			0		hit	152
causa	91	Response	251	2137106	5851	1
causa	92	Picture	204	2165931	0	2	2000	3	0	1920	other	0
causa	93	Sound	64	2177919	0	1			0		hit	155
causa	93	Response	252	2184176	6257	2
causa	93	Response	252	2187186	9267	1
causa	94	Picture	14	2212593	0	1	2000	2	0	1920	other	0
causa	94	Sound	51	2217102	4509	2			4510		other	0
causa	95	Sound	64	2224582	0	1			0		hit	160
causa	95	Response	252	2230145	5563	1
causa	96	Picture	222	2260254	0	2	2000	3	0	1920	other	0
causa	96	Sound	52	2268223	7969	2			7970		other	0
causa	97	Sound	62	2272233	0	2			0		hit	164
causa	97	Response	251	2279120	6887	1
causa	98	Picture	103	2307083	0	1	1999	3	0	1920	other	0
causa	99	Sound	63	2319076	0	2			0		hit	167
causa	99	Response	252	2324290	5214	1
causa	100	Picture	2	2354911	0	1	2000	2	0	1920	other	0
causa	101	Sound	62	2366907	0	1			0		hit	170
causa	101	Response	251	2375406	8499	2
causa	102	Picture	103	2402572	0	2	2000	4	0	1920	other	0
causa	103	Sound	63	2414558	0	2			0		incorrect	173
causa	103	Response	251	2423751	9193	1
causa	104	Picture	11	2450567	0	2	2000	3	0	1920	other	0
causa	104	Sound	51	2454356	3789	1			3790		other	0
causa	105	Sound	61	2462539	0	1			0		hit	177
causa	105	Response	251	2468875	6336	1
causa	106	Picture	103	2497729	0	1	2000	2	0	1920	other	0
causa	107	Sound	63	2509711	0	2			0		hit	180
causa	107	Response	252	2514927	5216	1
causa	108	Picture	3	2545390	0	2	2000	3	0	1920	other	0
causa	109	Sound	63	2557363	0	1			0		hit	183
causa	109	Response	252	2562834	5471	1
causa	110	Picture	103	2593218	0	2	2000	4	0	1920	other	0
causa	111	Sound	63	2605193	0	2			0		hit	186
causa	111	Response	252	2609799	4606	1
causa	112	Picture	121	2639380	0	1	2000	2	0	1920	other	0
causa	112	Sound	52	2645019	5639	1			5640		other	0
causa	113	Sound	61	2651378	0	2			0		hit	190
causa	113	Response	251	2660926	9548	1
causa	114	Picture	103	2687542	0	1	1999	3	0	1920	other	0
causa	115	Sound	63	2699538	0	2			0		hit	193
causa	115	Response	252	2705950	6412	2
causa	116	Picture	3	2734870	0	1	1999	3	0	1920	other	0
causa	117	Sound	63	2746860	0	1			0		hit	196
causa	117	Response	252	2751513	4653	1
causa	118	Picture	101	2782864	0	2	2000	4	0	1920	other	0
causa	119	Sound	61	2794841	0	1			0		hit	199
causa	119	Response	251	2800596	5755	1
causa	120	Picture	21	2829193	0	3	2000	4	0	1920	other	0
causa	120	Sound	52	2837612	8419	2			8420		other	0
causa	121	Sound	61	2841175	0	1			0		hit	203
causa	121	Response	251	2847720	6545	1
causa	122	Picture	202	2876688	0	1	1999	3	0	1920	other	0
causa	123	Sound	62	2888677	0	1			0		hit	206
causa	123	Response	251	2896788	8111	2
causa	124	Picture	3	2924349	0	2	2000	3	0	1920	other	0
causa	125	Sound	63	2936328	0	1			0		hit	209
causa	125	Response	252	2942413	6085	1
causa	126	Picture	4	2971178	0	1	1999	3	0	1920	other	0
causa	127	Sound	64	2983171	0	1			0		hit	212
causa	127	Response	252	2994985	11814	2
causa	128	Picture	3	3018506	0	1	2000	2	0	1920	other	0
causa	129	Sound	63	3030493	0	1			0		hit	215
causa	129	Response	252	3035136	4643	1
causa	130	Picture	3	3065501	0	1	2000	2	0	1920	other	0
causa	131	Sound	63	3077486	0	1			0		hit	218
causa	131	Response	252	3082890	5404	2
causa	132	Picture	101	3111996	0	1	1999	3	0	1920	other	0
causa	133	Sound	61	3123970	0	1			0		hit	221
causa	133	Response	251	3129743	5773	2
causa	134	Response	253	4222762	1062771	1


Event Type	Code	Type	Response	RT	RT Uncertainty	Time	Uncertainty	Duration	Uncertainty	ReqTime	ReqDur

Picture	10	other				13830	1	20164	3	0	20000
Picture	10	other				34161	1	40162	3	0	40000
Picture	10	other				74490	1	40162	3	0	40000
Nothing	91	other				114654	1			0
Picture	204	other				144815	2	1999	5	0	1920
Sound	64	hit	2	6857	2	156811	1			0
Picture	202	other				191477	2	2000	4	0	1920
Sound	62	hit	1	7011	2	203475	1			0
Picture	111	other				239305	2	2000	4	0	1920
Sound	51	other				243404	1			4100
Sound	61	hit	1	9289	3	251275	2			0
Picture	204	other				285467	2	2000	3	0	1920
Sound	64	hit	2	6683	2	297460	1			0
Picture	113	other				333462	1	2000	2	0	1920
Sound	51	other				338301	1			4840
Sound	63	hit	2	5955	3	345441	1			0
Picture	202	other				380290	2	2000	4	0	1920
Sound	62	hit	1	4907	3	392284	1			0
Picture	12	other				427619	1	1999	3	0	1920
Sound	51	other				431358	1			3740
Sound	62	hit	1	10783	2	439606	1			0
Picture	4	other				474114	1	1999	3	0	1920
Sound	64	incorrect	1	9334	2	486090	1			0
Picture	4	other				521775	1	1999	3	0	1920
Sound	64	hit	2	10682	3	533771	1			0
Picture	23	other				569103	2	2000	3	0	1920
Sound	52	other				575252	2			6150
Sound	63	hit	2	6386	3	581093	1			0
Picture	3	other				616598	2	2000	4	0	1920
Sound	63	hit	2	5146	3	628594	2			0
Picture	1	other				663093	2	2000	3	0	1920
Sound	61	hit	1	5044	3	675078	2			0
Picture	2	other				709422	1	1999	3	0	1920
Sound	62	hit	1	5878	3	721413	1			0
Picture	101	other				756416	2	2000	4	0	1920
Sound	61	incorrect	2	16165	4	768405	2			0
Picture	4	other				802578	2	2000	3	0	1920
Sound	64	hit	2	7887	3	814560	1			0
Picture	4	other				849906	2	2000	4	0	1920
Sound	64	hit	2	7861	2	861882	1			0
Picture	1	other				896901	2	2000	4	0	1920
Sound	61	hit	1	7327	3	908875	1			0
Picture	1	other				943230	1	1999	3	0	1920
Sound	61	hit	1	7740	2	955209	1			0
Picture	101	other				990558	1	2000	2	0	1920
Sound	61	hit	1	6705	3	1002531	1			0
Picture	101	other				1037386	2	2000	3	0	1920
Sound	61	hit	1	6287	2	1049374	1			0
Picture	2	other				1083548	1	2000	2	0	1920
Sound	62	hit	1	5327	2	1095529	1			0
Picture	204	other				1129876	2	2000	3	0	1920
Sound	64	hit	2	7996	3	1141863	1			0
Picture	24	other				1176538	1	2000	2	0	1920
Sound	52	other				1183557	1			7020
Sound	64	incorrect	1	5641	3	1188527	1			0
Picture	4	other				1223033	1	2000	2	0	1920
Sound	64	hit	2	6325	2	1235011	1			0
Picture	224	other				1270861	1	2000	2	0	1920
Sound	52	other				1276590	1			5730
Sound	64	hit	2	5868	3	1282841	2			0
Picture	1	other				1318023	1	1999	3	0	1920
Sound	61	hit	1	6996	2	1330014	1			0
Picture	212	other				1365184	2	2000	3	0	1920
Sound	51	other				1368293	1			3110
Sound	62	hit	1	5710	3	1377156	1			0
Picture	13	other				1412846	1	2000	2	0	1920
Sound	51	other				1416545	1			3700
Sound	63	hit	2	6207	2	1424837	1			0
Picture	202	other				1459341	1	1999	3	0	1920
Sound	62	hit	1	7233	2	1471321	1			0
Picture	204	other				1506669	1	2000	2	0	1920
Sound	64	hit	2	7159	2	1518643	1			0
Picture	1	other				1553164	1	2000	2	0	1920
Sound	61	hit	1	5949	2	1565157	1			0
Picture	22	other				1599492	2	2000	4	0	1920
Sound	52	other				1605581	2			6090
Sound	62	hit	1	6215	3	1611491	2			0
Picture	123	other				1646820	2	2000	4	0	1920
Sound	52	other				1654489	1			7670
Sound	63	incorrect	1	9195	3	1658813	1			0
Picture	2	other				1694149	1	2000	2	0	1920
Sound	62	hit	1	6236	3	1706135	2			0
Picture	103	other				1740644	1	2000	2	0	1920
Sound	63	hit	2	7159	4	1752619	2			0
Picture	204	other				1787139	1	1999	3	0	1920
Sound	64	hit	2	7046	2	1799133	1			0
Picture	214	other				1834967	1	2000	2	0	1920
Sound	51	other				1839236	2			4270
Sound	64	hit	2	4631	3	1846964	1			0
Picture	202	other				1882628	2	2000	3	0	1920
Sound	62	hit	1	5673	2	1894615	1			0
Picture	101	other				1930456	2	2000	4	0	1920
Sound	61	hit	1	6799	3	1942446	1			0
Picture	2	other				1977451	2	2000	4	0	1920
Sound	62	hit	1	9399	2	1989439	1			0
Picture	202	other				2024946	2	2000	4	0	1920
Sound	62	hit	1	7868	3	2036940	2			0
Picture	1	other				2072774	2	2000	4	0	1920
Sound	61	hit	1	9975	3	2084771	1			0
Picture	2	other				2119269	2	2000	4	0	1920
Sound	62	hit	1	5851	2	2131255	1			0
Picture	204	other				2165931	2	2000	3	0	1920
Sound	64	hit	2	6257	3	2177919	1			0
Picture	14	other				2212593	1	2000	2	0	1920
Sound	51	other				2217102	2			4510
Sound	64	hit	2	5563	2	2224582	1			0
Picture	222	other				2260254	2	2000	3	0	1920
Sound	52	other				2268223	2			7970
Sound	62	hit	1	6887	3	2272233	2			0
Picture	103	other				2307083	1	1999	3	0	1920
Sound	63	hit	2	5214	3	2319076	2			0
Picture	2	other				2354911	1	2000	2	0	1920
Sound	62	hit	1	8499	3	2366907	1			0
Picture	103	other				2402572	2	2000	4	0	1920
Sound	63	incorrect	1	9193	3	2414558	2			0
Picture	11	other				2450567	2	2000	3	0	1920
Sound	51	other				2454356	1			3790
Sound	61	hit	1	6336	2	2462539	1			0
Picture	103	other				2497729	1	2000	2	0	1920
Sound	63	hit	2	5216	3	2509711	2			0
Picture	3	other				2545390	2	2000	3	0	1920
Sound	63	hit	2	5471	2	2557363	1			0
Picture	103	other				2593218	2	2000	4	0	1920
Sound	63	hit	2	4606	3	2605193	2			0
Picture	121	other				2639380	1	2000	2	0	1920
Sound	52	other				2645019	1			5640
Sound	61	hit	1	9548	3	2651378	2			0
Picture	103	other				2687542	1	1999	3	0	1920
Sound	63	hit	2	6412	4	2699538	2			0
Picture	3	other				2734870	1	1999	3	0	1920
Sound	63	hit	2	4653	2	2746860	1			0
Picture	101	other				2782864	2	2000	4	0	1920
Sound	61	hit	1	5755	2	2794841	1			0
Picture	21	other				2829193	3	2000	4	0	1920
Sound	52	other				2837612	2			8420
Sound	61	hit	1	6545	2	2841175	1			0
Picture	202	other				2876688	1	1999	3	0	1920
Sound	62	hit	1	8111	3	2888677	1			0
Picture	3	other				2924349	2	2000	3	0	1920
Sound	63	hit	2	6085	2	2936328	1			0
Picture	4	other				2971178	1	1999	3	0	1920
Sound	64	hit	2	11814	3	2983171	1			0
Picture	3	other				3018506	1	2000	2	0	1920
Sound	63	hit	2	4643	2	3030493	1			0
Picture	3	other				3065501	1	2000	2	0	1920
Sound	63	hit	2	5404	3	3077486	1			0
Picture	101	other				3111996	1	1999	3	0	1920
Sound	61	hit	1	5773	3	3123970	1			0
