Scenario - SeuilAuditif
Logfile written - 07/03/2017 10:02:44

Subject	Trial	Event Type	Code	Time	TTime	Uncertainty	Duration	Uncertainty	ReqTime	ReqDur	Stim Type	Pair Index

causa	2	Sound	L_tarson_Left_0.7	538	40	1			0		other	0
causa	3	Sound	L_tarson_Left_0.65	10715	52	1			0		other	0
causa	3	Response	1	14927	4264	1
causa	4	Sound	L_tarson-Left-0.6	20862	33	1			0		other	0
causa	5	Sound	L_tarson_Left_0.6	31039	44	1			0		other	0
causa	6	Sound	L_tarson_Left_0.65	41215	55	1			0		other	0
causa	7	Sound	L_tarson_Left_0.7	51362	36	1			0		other	0
causa	8	Sound	L_tarson_Left_0.75	61539	48	1			0		other	0
causa	9	Sound	L_tarson_Left_0.8	71716	59	1			0		other	0
causa	10	Sound	L_tarson_Left_0.85	81863	41	1			0		other	0
causa	11	Sound	L_tarson_Left_0.9	92039	51	2			0		other	0
causa	11	Response	1	95783	3795	1
causa	12	Sound	L_tarson-Left-0.95	102186	32	1			0		other	0
causa	13	Sound	L_tarson_Left_0.95	112363	44	1			0		other	0
causa	14	Sound	L_tarson_Left_0.93	122540	55	1			0		other	0
causa	15	Sound	L_tarson_Left_0.91	132687	37	1			0		other	0
causa	16	Sound	L_tarson_Left_0.89	142864	48	1			0		other	0
causa	17	Sound	L_tarson_Left_0.87	153040	59	1			0		other	0
causa	18	Sound	L_tarson_Left_0.85	163187	40	1			0		other	0
causa	19	Sound	L_tarson_Left_0.83	173364	52	1			0		other	0
causa	20	Sound	L_tarson_Left_0.81	183511	33	1			0		other	0
causa	21	Sound	L_tarson_Left_0.79	193687	43	2			0		other	0
causa	22	Sound	L_tarson_Left_0.77	203864	55	1			0		other	0
causa	23	Sound	L_tarson_Left_0.75	214011	36	1			0		other	0
causa	24	Sound	L_tarson_Left_0.73	224188	47	1			0		other	0
causa	25	Sound	L_tarson_Left_0.71	234365	59	1			0		other	0
causa	26	Sound	L_tarson_Left_0.69	244512	40	1			0		other	0
causa	27	Sound	L_tarson_Left_0.67	254688	51	1			0		other	0
causa	28	Sound	L_tarson_Left_0.65	264835	32	1			0		other	0
causa	29	Sound	L_tarson_Left_0.63	275012	44	1			0		other	0
causa	30	Sound	L_tarson_Left_0.61	285189	55	1			0		other	0
causa	31	Sound	L_tarson_Left_0.59	295335	35	2			0		other	0
causa	32	Sound	L_tarson_Left_0.57	305513	48	1			0		other	0
causa	33	Sound	L_tarson_Left_0.55	315689	59	1			0		other	0
causa	34	Sound	L_tarson_Left_0.53	325836	40	1			0		other	0
causa	35	Sound	L_tarson_Left_0.51	336013	51	1			0		other	0
causa	36	Sound	L_tarson_Left_0.49	346160	33	1			0		other	0
causa	37	Sound	L_tarson_Left_0.47	356336	43	1			0		other	0
causa	38	Sound	L_tarson_Left_0.45	366513	55	1			0		other	0
causa	39	Sound	L_tarson_Left_0.43	376660	36	1			0		other	0
causa	40	Sound	L_tarson_Left_0.41	386837	47	1			0		other	0
causa	41	Sound	L_tarson_Left_0.39	397013	58	2			0		other	0
causa	42	Sound	L_tarson_Left_0.37	407160	39	2			0		other	0
causa	43	Sound	L_tarson_Left_0.35	417337	51	1			0		other	0
causa	44	Sound	L_tarson_Left_0.33	427484	32	1			0		other	0
causa	45	Sound	L_tarson_Left_0.31	437661	44	1			0		other	0
causa	46	Sound	L_tarson_Left_0.29	447837	54	2			0		other	0
causa	47	Sound	L_tarson_Left_0.27	457984	35	2			0		other	0
causa	48	Sound	L_tarson_Left_0.25	468161	47	1			0		other	0
causa	48	Response	1	473021	4907	1
causa	49	Sound	L_tarson-Left-0.23	478338	58	2			0		other	0
causa	50	Sound	L_tarson_Left_0.23	488485	40	1			0		other	0
causa	51	Sound	L_tarson_Left_0.25	498661	50	2			0		other	0
causa	52	Sound	L_tarson_Left_0.27	508808	31	2			0		other	0
causa	53	Sound	L_tarson_Left_0.29	518985	43	1			0		other	0
causa	54	Sound	L_tarson_Left_0.31	529162	54	1			0		other	0
causa	55	Sound	L_tarson_Left_0.33	539309	36	1			0		other	0
causa	55	Response	1	541860	2587	1
causa	56	Sound	L_tarson-Left-0.35	549485	46	2			0		other	0
causa	57	Sound	L_tarson_Left_0.35	559662	58	2			0		other	0
causa	58	Sound	L_tarson_Left_0.33	569809	39	1			0		other	0
causa	59	Sound	L_tarson_Left_0.31	579986	51	1			0		other	0
causa	60	Sound	L_tarson_Left_0.29	590133	32	1			0		other	0
causa	61	Sound	L_tarson_Left_0.27	600310	43	1			0		other	0
causa	62	Sound	L_tarson_Left_0.25	610486	54	2			0		other	0
causa	62	Response	1	616902	6470	1
causa	63	Sound	L_tarson-Left-0.23	620633	35	1			0		other	0
causa	64	Sound	L_tarson_Left_0.23	630810	47	1			0		other	0
causa	65	Sound	L_tarson_Left_0.25	640987	58	1			0		other	0
causa	66	Sound	L_tarson_Left_0.27	651134	40	1			0		other	0
causa	67	Sound	L_tarson_Left_0.29	661310	50	2			0		other	0
causa	68	Sound	L_tarson_Left_0.31	671457	31	1			0		other	0
causa	69	Sound	L_tarson_Left_0.33	681634	43	1			0		other	0
causa	70	Sound	L_tarson_Left_0.35	691811	54	1			0		other	0
causa	70	Response	1	694514	2757	1
causa	72	Sound	H_tarson_Left_0.7	712284	30	1			0		other	0
causa	73	Sound	H_tarson_Left_0.65	722461	41	1			0		other	0
causa	74	Sound	H_tarson_Left_0.6	732638	52	1			0		other	0
causa	75	Sound	H_tarson_Left_0.55	742784	33	2			0		other	0
causa	76	Sound	H_tarson_Left_0.5	752961	44	1			0		other	0
causa	77	Sound	H_tarson_Left_0.45	763138	56	1			0		other	0
causa	78	Sound	H_tarson_Left_0.4	773285	37	1			0		other	0
causa	79	Sound	H_tarson_Left_0.35	783462	48	1			0		other	0
causa	80	Sound	H_tarson_Left_0.3	793609	30	1			0		other	0
causa	81	Sound	H_tarson_Left_0.25	803785	40	1			0		other	0
causa	82	Sound	H_tarson_Left_0.2	813962	52	1			0		other	0
causa	82	Response	1	814331	421	1
causa	83	Sound	H_tarson-Left-0.15	824109	33	1			0		other	0
causa	84	Sound	H_tarson_Left_0.15	834286	44	1			0		other	0
causa	85	Sound	H_tarson_Left_0.2	844462	55	2			0		other	0
causa	86	Sound	H_tarson_Left_0.25	854609	36	1			0		other	0
causa	87	Sound	H_tarson_Left_0.3	864786	48	1			0		other	0
causa	88	Sound	H_tarson_Left_0.35	874963	59	1			0		other	0
causa	89	Sound	H_tarson_Left_0.4	885110	41	1			0		other	0
causa	89	Response	1	892390	7321	1
causa	90	Sound	H_tarson-Left-0.45	895286	51	2			0		other	0
causa	91	Sound	H_tarson_Left_0.45	905433	33	1			0		other	0
causa	92	Sound	H_tarson_Left_0.43	915610	44	1			0		other	0
causa	93	Sound	H_tarson_Left_0.41	925787	55	1			0		other	0
causa	94	Sound	H_tarson_Left_0.39	935934	37	1			0		other	0
causa	95	Sound	H_tarson_Left_0.37	946110	47	2			0		other	0
causa	96	Sound	H_tarson_Left_0.35	956287	59	1			0		other	0
causa	97	Sound	H_tarson_Left_0.33	966434	40	1			0		other	0
causa	97	Response	1	969091	2697	1
causa	97	Response	1	971018	4624	1
causa	98	Sound	H_tarson-Left-0.31	976611	52	1			0		other	0
causa	99	Sound	H_tarson_Left_0.31	986758	33	1			0		other	0
causa	100	Sound	H_tarson_Left_0.33	996935	44	1			0		other	0
causa	101	Sound	H_tarson_Left_0.35	1007111	55	1			0		other	0
causa	101	Response	1	1012669	5613	1
causa	102	Sound	H_tarson-Left-0.37	1017258	36	1			0		other	0
causa	103	Sound	H_tarson_Left_0.37	1027435	48	1			0		other	0
causa	104	Sound	H_tarson_Left_0.35	1037612	60	1			0		other	0
causa	105	Sound	H_tarson_Left_0.33	1047758	40	2			0		other	0
causa	106	Sound	H_tarson_Left_0.31	1057935	51	1			0		other	0
causa	107	Sound	H_tarson_Left_0.29	1068082	32	1			0		other	0
causa	108	Sound	H_tarson_Left_0.27	1078259	44	1			0		other	0
causa	109	Sound	H_tarson_Left_0.25	1088436	55	1			0		other	0
causa	110	Sound	H_tarson_Left_0.23	1098582	36	2			0		other	0
causa	111	Sound	H_tarson_Left_0.21	1108759	47	1			0		other	0
causa	111	Response	1	1110421	1709	1
causa	112	Sound	H_tarson-Left-0.19	1118936	59	1			0		other	0
causa	113	Sound	H_tarson_Left_0.19	1129083	40	1			0		other	0
causa	114	Sound	H_tarson_Left_0.21	1139260	51	1			0		other	0
causa	115	Sound	H_tarson_Left_0.23	1149406	32	2			0		other	0
causa	116	Sound	H_tarson_Left_0.25	1159583	43	1			0		other	0
causa	117	Sound	H_tarson_Left_0.27	1169760	55	1			0		other	0
causa	117	Response	1	1171922	2217	1
causa	119	Sound	L_tarson_Right_0.7	1190084	47	1			0		other	0
causa	120	Sound	L_tarson_Right_0.65	1200260	58	2			0		other	0
causa	121	Sound	L_tarson_Right_0.6	1210407	39	1			0		other	0
causa	122	Sound	L_tarson_Right_0.55	1220584	51	1			0		other	0
causa	123	Sound	L_tarson_Right_0.5	1230731	33	1			0		other	0
causa	124	Sound	L_tarson_Right_0.45	1240908	44	1			0		other	0
causa	125	Sound	L_tarson_Right_0.4	1251084	54	2			0		other	0
causa	126	Sound	L_tarson_Right_0.35	1261231	36	1			0		other	0
causa	127	Sound	L_tarson_Right_0.3	1271408	47	1			0		other	0
causa	128	Sound	L_tarson_Right_0.25	1281585	58	1			0		other	0
causa	128	Response	1	1288466	6939	2
causa	129	Sound	L_tarson-Right-0.2	1291732	40	1			0		other	0
causa	130	Sound	L_tarson_Right_0.2	1301908	50	2			0		other	0
causa	131	Sound	L_tarson_Right_0.25	1312055	32	1			0		other	0
causa	132	Sound	L_tarson_Right_0.3	1322232	43	1			0		other	0
causa	133	Sound	L_tarson_Right_0.35	1332409	54	1			0		other	0
causa	133	Response	1	1332682	327	1
causa	134	Sound	L_tarson-Right-0.4	1342556	36	1			0		other	0
causa	135	Sound	L_tarson_Right_0.4	1352732	47	2			0		other	0
causa	136	Sound	L_tarson_Right_0.38	1362909	58	1			0		other	0
causa	137	Sound	L_tarson_Right_0.36	1373056	39	1			0		other	0
causa	138	Sound	L_tarson_Right_0.34	1383233	51	1			0		other	0
causa	139	Sound	L_tarson_Right_0.32	1393380	32	1			0		other	0
causa	140	Sound	L_tarson_Right_0.3	1403557	44	1			0		other	0
causa	141	Sound	L_tarson_Right_0.28	1413733	54	1			0		other	0
causa	142	Sound	L_tarson_Right_0.26	1423880	35	1			0		other	0
causa	143	Sound	L_tarson_Right_0.24	1434057	47	1			0		other	0
causa	143	Response	1	1437110	3100	1
causa	144	Sound	L_tarson-Right-0.22	1444234	59	1			0		other	0
causa	145	Sound	L_tarson_Right_0.22	1454380	39	2			0		other	0
causa	146	Sound	L_tarson_Right_0.24	1464557	50	1			0		other	0
causa	147	Sound	L_tarson_Right_0.26	1474704	32	1			0		other	0
causa	148	Sound	L_tarson_Right_0.28	1484881	43	1			0		other	0
causa	149	Sound	L_tarson_Right_0.3	1495058	54	1			0		other	0
causa	149	Response	1	1497753	2749	1
causa	150	Sound	L_tarson-Right-0.32	1505204	35	2			0		other	0
causa	151	Sound	L_tarson_Right_0.32	1515381	46	1			0		other	0
causa	152	Sound	L_tarson_Right_0.3	1525558	58	1			0		other	0
causa	153	Sound	L_tarson_Right_0.28	1535705	39	1			0		other	0
causa	154	Sound	L_tarson_Right_0.26	1545882	51	1			0		other	0
causa	154	Response	1	1551246	5415	1
causa	155	Sound	L_tarson-Right-0.24	1556029	32	1			0		other	0
causa	156	Sound	L_tarson_Right_0.24	1566205	42	2			0		other	0
causa	157	Sound	L_tarson_Right_0.26	1576382	54	1			0		other	0
causa	158	Sound	L_tarson_Right_0.28	1586529	35	1			0		other	0
causa	159	Sound	L_tarson_Right_0.3	1596706	47	1			0		other	0
causa	160	Sound	L_tarson_Right_0.32	1606882	57	2			0		other	0
causa	160	Response	1	1609018	2193	2
causa	162	Sound	H_tarson_Right_0.7	1627206	50	1			0		other	0
causa	163	Sound	H_tarson_Right_0.65	1637353	32	1			0		other	0
causa	164	Sound	H_tarson_Right_0.6	1647530	43	1			0		other	0
causa	165	Sound	H_tarson_Right_0.55	1657706	53	2			0		other	0
causa	166	Sound	H_tarson_Right_0.5	1667853	35	1			0		other	0
causa	167	Sound	H_tarson_Right_0.45	1678030	46	1			0		other	0
causa	168	Sound	H_tarson_Right_0.4	1688207	58	1			0		other	0
causa	169	Sound	H_tarson_Right_0.35	1698354	39	1			0		other	0
causa	170	Sound	H_tarson_Right_0.3	1708531	50	1			0		other	0
causa	171	Sound	H_tarson_Right_0.25	1718677	31	2			0		other	0
causa	172	Sound	H_tarson_Right_0.2	1728854	42	1			0		other	0
causa	173	Sound	H_tarson_Right_0.15	1739031	54	1			0		other	0
causa	173	Response	1	1739987	1010	1
causa	174	Sound	H_tarson-Right-9.99999999999999e-002	1749178	35	1			0		other	0
causa	175	Sound	H_tarson_Right_9.99999999999999e-002	1759355	47	1			0		other	0
causa	176	Sound	H_tarson_Right_0.15	1769531	57	1			0		other	0
causa	177	Sound	H_tarson_Right_0.2	1779678	38	1			0		other	0
causa	178	Sound	H_tarson_Right_0.25	1789855	50	1			0		other	0
causa	179	Sound	H_tarson_Right_0.3	1800002	31	1			0		other	0
causa	179	Response	1	1802704	2733	1
causa	180	Sound	H_tarson-Right-0.35	1810178	42	2			0		other	0
causa	181	Sound	H_tarson_Right_0.35	1820355	53	2			0		other	0
causa	182	Sound	H_tarson_Right_0.33	1830502	35	1			0		other	0
causa	183	Sound	H_tarson_Right_0.31	1840679	46	1			0		other	0
causa	184	Sound	H_tarson_Right_0.29	1850856	58	1			0		other	0
causa	185	Sound	H_tarson_Right_0.27	1861003	39	1			0		other	0
causa	186	Sound	H_tarson_Right_0.25	1871179	49	2			0		other	0
causa	187	Sound	H_tarson_Right_0.23	1881326	31	1			0		other	0
causa	187	Response	1	1882488	1193	1
causa	188	Sound	H_tarson-Right-0.21	1891503	42	1			0		other	0
causa	188	Response	1	1891897	436	1
causa	189	Sound	H_tarson_Right_0.21	1901680	54	1			0		other	0
causa	190	Sound	H_tarson_Right_0.23	1911827	35	1			0		other	0
causa	191	Sound	H_tarson_Right_0.25	1922003	45	1			0		other	0
causa	192	Sound	H_tarson_Right_0.27	1932180	57	1			0		other	0
causa	193	Sound	H_tarson_Right_0.29	1942327	38	1			0		other	0
causa	193	Response	1	1952205	9916	2
causa	194	Sound	H_tarson-Right-0.31	1952504	50	1			0		other	0
causa	195	Sound	H_tarson_Right_0.31	1962651	31	1			0		other	0
causa	196	Sound	H_tarson_Right_0.29	1972827	42	1			0		other	0
causa	197	Sound	H_tarson_Right_0.27	1983004	53	1			0		other	0
causa	198	Sound	H_tarson_Right_0.25	1993151	34	1			0		other	0
causa	199	Sound	H_tarson_Right_0.23	2003328	46	1			0		other	0
causa	199	Response	1	2009750	6468	2
causa	200	Sound	H_tarson-Right-0.21	2013505	57	1			0		other	0
causa	201	Sound	H_tarson_Right_0.21	2023651	38	2			0		other	0
causa	202	Sound	H_tarson_Right_0.23	2033828	49	1			0		other	0
causa	203	Sound	H_tarson_Right_0.25	2043975	30	1			0		other	0
causa	204	Sound	H_tarson_Right_0.27	2054152	42	1			0		other	0
causa	205	Sound	H_tarson_Right_0.29	2064329	53	1			0		other	0
causa	205	Response	1	2066795	2519	1


Event Type	Code	Type	Response	RT	RT Uncertainty	Time	Uncertainty	Duration	Uncertainty	ReqTime	ReqDur

Sound	L_tarson_Left_0.7	other				538	1			0
Sound	L_tarson_Left_0.65	other				10715	1			0
Sound	L_tarson-Left-0.6	other				20862	1			0
Sound	L_tarson_Left_0.6	other				31039	1			0
Sound	L_tarson_Left_0.65	other				41215	1			0
Sound	L_tarson_Left_0.7	other				51362	1			0
Sound	L_tarson_Left_0.75	other				61539	1			0
Sound	L_tarson_Left_0.8	other				71716	1			0
Sound	L_tarson_Left_0.85	other				81863	1			0
Sound	L_tarson_Left_0.9	other				92039	2			0
Sound	L_tarson-Left-0.95	other				102186	1			0
Sound	L_tarson_Left_0.95	other				112363	1			0
Sound	L_tarson_Left_0.93	other				122540	1			0
Sound	L_tarson_Left_0.91	other				132687	1			0
Sound	L_tarson_Left_0.89	other				142864	1			0
Sound	L_tarson_Left_0.87	other				153040	1			0
Sound	L_tarson_Left_0.85	other				163187	1			0
Sound	L_tarson_Left_0.83	other				173364	1			0
Sound	L_tarson_Left_0.81	other				183511	1			0
Sound	L_tarson_Left_0.79	other				193687	2			0
Sound	L_tarson_Left_0.77	other				203864	1			0
Sound	L_tarson_Left_0.75	other				214011	1			0
Sound	L_tarson_Left_0.73	other				224188	1			0
Sound	L_tarson_Left_0.71	other				234365	1			0
Sound	L_tarson_Left_0.69	other				244512	1			0
Sound	L_tarson_Left_0.67	other				254688	1			0
Sound	L_tarson_Left_0.65	other				264835	1			0
Sound	L_tarson_Left_0.63	other				275012	1			0
Sound	L_tarson_Left_0.61	other				285189	1			0
Sound	L_tarson_Left_0.59	other				295335	2			0
Sound	L_tarson_Left_0.57	other				305513	1			0
Sound	L_tarson_Left_0.55	other				315689	1			0
Sound	L_tarson_Left_0.53	other				325836	1			0
Sound	L_tarson_Left_0.51	other				336013	1			0
Sound	L_tarson_Left_0.49	other				346160	1			0
Sound	L_tarson_Left_0.47	other				356336	1			0
Sound	L_tarson_Left_0.45	other				366513	1			0
Sound	L_tarson_Left_0.43	other				376660	1			0
Sound	L_tarson_Left_0.41	other				386837	1			0
Sound	L_tarson_Left_0.39	other				397013	2			0
Sound	L_tarson_Left_0.37	other				407160	2			0
Sound	L_tarson_Left_0.35	other				417337	1			0
Sound	L_tarson_Left_0.33	other				427484	1			0
Sound	L_tarson_Left_0.31	other				437661	1			0
Sound	L_tarson_Left_0.29	other				447837	2			0
Sound	L_tarson_Left_0.27	other				457984	2			0
Sound	L_tarson_Left_0.25	other				468161	1			0
Sound	L_tarson-Left-0.23	other				478338	2			0
Sound	L_tarson_Left_0.23	other				488485	1			0
Sound	L_tarson_Left_0.25	other				498661	2			0
Sound	L_tarson_Left_0.27	other				508808	2			0
Sound	L_tarson_Left_0.29	other				518985	1			0
Sound	L_tarson_Left_0.31	other				529162	1			0
Sound	L_tarson_Left_0.33	other				539309	1			0
Sound	L_tarson-Left-0.35	other				549485	2			0
Sound	L_tarson_Left_0.35	other				559662	2			0
Sound	L_tarson_Left_0.33	other				569809	1			0
Sound	L_tarson_Left_0.31	other				579986	1			0
Sound	L_tarson_Left_0.29	other				590133	1			0
Sound	L_tarson_Left_0.27	other				600310	1			0
Sound	L_tarson_Left_0.25	other				610486	2			0
Sound	L_tarson-Left-0.23	other				620633	1			0
Sound	L_tarson_Left_0.23	other				630810	1			0
Sound	L_tarson_Left_0.25	other				640987	1			0
Sound	L_tarson_Left_0.27	other				651134	1			0
Sound	L_tarson_Left_0.29	other				661310	2			0
Sound	L_tarson_Left_0.31	other				671457	1			0
Sound	L_tarson_Left_0.33	other				681634	1			0
Sound	L_tarson_Left_0.35	other				691811	1			0
Sound	H_tarson_Left_0.7	other				712284	1			0
Sound	H_tarson_Left_0.65	other				722461	1			0
Sound	H_tarson_Left_0.6	other				732638	1			0
Sound	H_tarson_Left_0.55	other				742784	2			0
Sound	H_tarson_Left_0.5	other				752961	1			0
Sound	H_tarson_Left_0.45	other				763138	1			0
Sound	H_tarson_Left_0.4	other				773285	1			0
Sound	H_tarson_Left_0.35	other				783462	1			0
Sound	H_tarson_Left_0.3	other				793609	1			0
Sound	H_tarson_Left_0.25	other				803785	1			0
Sound	H_tarson_Left_0.2	other				813962	1			0
Sound	H_tarson-Left-0.15	other				824109	1			0
Sound	H_tarson_Left_0.15	other				834286	1			0
Sound	H_tarson_Left_0.2	other				844462	2			0
Sound	H_tarson_Left_0.25	other				854609	1			0
Sound	H_tarson_Left_0.3	other				864786	1			0
Sound	H_tarson_Left_0.35	other				874963	1			0
Sound	H_tarson_Left_0.4	other				885110	1			0
Sound	H_tarson-Left-0.45	other				895286	2			0
Sound	H_tarson_Left_0.45	other				905433	1			0
Sound	H_tarson_Left_0.43	other				915610	1			0
Sound	H_tarson_Left_0.41	other				925787	1			0
Sound	H_tarson_Left_0.39	other				935934	1			0
Sound	H_tarson_Left_0.37	other				946110	2			0
Sound	H_tarson_Left_0.35	other				956287	1			0
Sound	H_tarson_Left_0.33	other				966434	1			0
Sound	H_tarson-Left-0.31	other				976611	1			0
Sound	H_tarson_Left_0.31	other				986758	1			0
Sound	H_tarson_Left_0.33	other				996935	1			0
Sound	H_tarson_Left_0.35	other				1007111	1			0
Sound	H_tarson-Left-0.37	other				1017258	1			0
Sound	H_tarson_Left_0.37	other				1027435	1			0
Sound	H_tarson_Left_0.35	other				1037612	1			0
Sound	H_tarson_Left_0.33	other				1047758	2			0
Sound	H_tarson_Left_0.31	other				1057935	1			0
Sound	H_tarson_Left_0.29	other				1068082	1			0
Sound	H_tarson_Left_0.27	other				1078259	1			0
Sound	H_tarson_Left_0.25	other				1088436	1			0
Sound	H_tarson_Left_0.23	other				1098582	2			0
Sound	H_tarson_Left_0.21	other				1108759	1			0
Sound	H_tarson-Left-0.19	other				1118936	1			0
Sound	H_tarson_Left_0.19	other				1129083	1			0
Sound	H_tarson_Left_0.21	other				1139260	1			0
Sound	H_tarson_Left_0.23	other				1149406	2			0
Sound	H_tarson_Left_0.25	other				1159583	1			0
Sound	H_tarson_Left_0.27	other				1169760	1			0
Sound	L_tarson_Right_0.7	other				1190084	1			0
Sound	L_tarson_Right_0.65	other				1200260	2			0
Sound	L_tarson_Right_0.6	other				1210407	1			0
Sound	L_tarson_Right_0.55	other				1220584	1			0
Sound	L_tarson_Right_0.5	other				1230731	1			0
Sound	L_tarson_Right_0.45	other				1240908	1			0
Sound	L_tarson_Right_0.4	other				1251084	2			0
Sound	L_tarson_Right_0.35	other				1261231	1			0
Sound	L_tarson_Right_0.3	other				1271408	1			0
Sound	L_tarson_Right_0.25	other				1281585	1			0
Sound	L_tarson-Right-0.2	other				1291732	1			0
Sound	L_tarson_Right_0.2	other				1301908	2			0
Sound	L_tarson_Right_0.25	other				1312055	1			0
Sound	L_tarson_Right_0.3	other				1322232	1			0
Sound	L_tarson_Right_0.35	other				1332409	1			0
Sound	L_tarson-Right-0.4	other				1342556	1			0
Sound	L_tarson_Right_0.4	other				1352732	2			0
Sound	L_tarson_Right_0.38	other				1362909	1			0
Sound	L_tarson_Right_0.36	other				1373056	1			0
Sound	L_tarson_Right_0.34	other				1383233	1			0
Sound	L_tarson_Right_0.32	other				1393380	1			0
Sound	L_tarson_Right_0.3	other				1403557	1			0
Sound	L_tarson_Right_0.28	other				1413733	1			0
Sound	L_tarson_Right_0.26	other				1423880	1			0
Sound	L_tarson_Right_0.24	other				1434057	1			0
Sound	L_tarson-Right-0.22	other				1444234	1			0
Sound	L_tarson_Right_0.22	other				1454380	2			0
Sound	L_tarson_Right_0.24	other				1464557	1			0
Sound	L_tarson_Right_0.26	other				1474704	1			0
Sound	L_tarson_Right_0.28	other				1484881	1			0
Sound	L_tarson_Right_0.3	other				1495058	1			0
Sound	L_tarson-Right-0.32	other				1505204	2			0
Sound	L_tarson_Right_0.32	other				1515381	1			0
Sound	L_tarson_Right_0.3	other				1525558	1			0
Sound	L_tarson_Right_0.28	other				1535705	1			0
Sound	L_tarson_Right_0.26	other				1545882	1			0
Sound	L_tarson-Right-0.24	other				1556029	1			0
Sound	L_tarson_Right_0.24	other				1566205	2			0
Sound	L_tarson_Right_0.26	other				1576382	1			0
Sound	L_tarson_Right_0.28	other				1586529	1			0
Sound	L_tarson_Right_0.3	other				1596706	1			0
Sound	L_tarson_Right_0.32	other				1606882	2			0
Sound	H_tarson_Right_0.7	other				1627206	1			0
Sound	H_tarson_Right_0.65	other				1637353	1			0
Sound	H_tarson_Right_0.6	other				1647530	1			0
Sound	H_tarson_Right_0.55	other				1657706	2			0
Sound	H_tarson_Right_0.5	other				1667853	1			0
Sound	H_tarson_Right_0.45	other				1678030	1			0
Sound	H_tarson_Right_0.4	other				1688207	1			0
Sound	H_tarson_Right_0.35	other				1698354	1			0
Sound	H_tarson_Right_0.3	other				1708531	1			0
Sound	H_tarson_Right_0.25	other				1718677	2			0
Sound	H_tarson_Right_0.2	other				1728854	1			0
Sound	H_tarson_Right_0.15	other				1739031	1			0
Sound	H_tarson-Right-9.99999999999999e-002	other				1749178	1			0
Sound	H_tarson_Right_9.99999999999999e-002	other				1759355	1			0
Sound	H_tarson_Right_0.15	other				1769531	1			0
Sound	H_tarson_Right_0.2	other				1779678	1			0
Sound	H_tarson_Right_0.25	other				1789855	1			0
Sound	H_tarson_Right_0.3	other				1800002	1			0
Sound	H_tarson-Right-0.35	other				1810178	2			0
Sound	H_tarson_Right_0.35	other				1820355	2			0
Sound	H_tarson_Right_0.33	other				1830502	1			0
Sound	H_tarson_Right_0.31	other				1840679	1			0
Sound	H_tarson_Right_0.29	other				1850856	1			0
Sound	H_tarson_Right_0.27	other				1861003	1			0
Sound	H_tarson_Right_0.25	other				1871179	2			0
Sound	H_tarson_Right_0.23	other				1881326	1			0
Sound	H_tarson-Right-0.21	other				1891503	1			0
Sound	H_tarson_Right_0.21	other				1901680	1			0
Sound	H_tarson_Right_0.23	other				1911827	1			0
Sound	H_tarson_Right_0.25	other				1922003	1			0
Sound	H_tarson_Right_0.27	other				1932180	1			0
Sound	H_tarson_Right_0.29	other				1942327	1			0
Sound	H_tarson-Right-0.31	other				1952504	1			0
Sound	H_tarson_Right_0.31	other				1962651	1			0
Sound	H_tarson_Right_0.29	other				1972827	1			0
Sound	H_tarson_Right_0.27	other				1983004	1			0
Sound	H_tarson_Right_0.25	other				1993151	1			0
Sound	H_tarson_Right_0.23	other				2003328	1			0
Sound	H_tarson-Right-0.21	other				2013505	1			0
Sound	H_tarson_Right_0.21	other				2023651	2			0
Sound	H_tarson_Right_0.23	other				2033828	1			0
Sound	H_tarson_Right_0.25	other				2043975	1			0
Sound	H_tarson_Right_0.27	other				2054152	1			0
Sound	H_tarson_Right_0.29	other				2064329	1			0
