Scenario - 17_March_2015
Logfile written - 07/03/2017 11:11:46

Subject	Trial	Event Type	Code	Time	TTime	Uncertainty	Duration	Uncertainty	ReqTime	ReqDur	Stim Type	Pair Index

causa	1	Response	253	69362	79196	1
causa	2	Picture	10	69491	0	1	20164	3	0	20000	other	0
causa	3	Picture	10	89822	0	1	40162	3	0	40000	other	0
causa	3	Response	251	99356	9534	2
causa	3	Response	251	102140	12318	1
causa	4	Picture	10	130151	0	1	40162	2	0	40000	other	0
causa	4	Response	252	135802	5651	1
causa	4	Response	251	138070	7919	2
causa	5	Nothing	91	170315	0	1			0		other	0
causa	6	Picture	2	200476	0	2	2000	4	0	1920	other	0
causa	7	Sound	62	212454	0	1			0		hit	12
causa	7	Response	251	219086	6632	2
causa	8	Picture	101	247471	0	2	2000	3	0	1920	other	0
causa	9	Sound	61	259447	0	1			0		hit	15
causa	9	Response	251	267012	7565	1
causa	10	Picture	123	293966	0	2	2000	4	0	1920	other	0
causa	10	Sound	52	301025	7059	1			7060		other	0
causa	11	Sound	63	305961	0	1			0		hit	19
causa	11	Response	252	312987	7026	2
causa	12	Picture	101	340128	0	2	2000	3	0	1920	other	0
causa	13	Sound	61	352115	0	1			0		hit	22
causa	13	Response	251	358059	5944	1
causa	14	Picture	103	387456	0	2	2000	3	0	1920	other	0
causa	15	Sound	63	399437	0	2			0		hit	25
causa	15	Response	252	405353	5916	2
causa	16	Picture	4	435117	0	2	2001	3	0	1920	other	0
causa	17	Sound	64	447089	0	1			0		hit	28
causa	17	Response	252	452798	5709	1
causa	18	Picture	11	482279	0	2	2000	3	0	1920	other	0
causa	18	Sound	51	484988	2709	2			2710		other	0
causa	19	Sound	61	494261	0	1			0		hit	32
causa	19	Response	251	500030	5769	2
causa	20	Picture	22	528608	0	1	1999	3	0	1920	other	0
causa	20	Sound	52	536167	7559	2			7560		other	0
causa	21	Sound	62	540595	0	1			0		hit	36
causa	21	Response	251	546100	5505	1
causa	22	Picture	1	576436	0	1	1999	3	0	1920	other	0
causa	23	Sound	61	588426	0	1			0		hit	39
causa	23	Response	251	595348	6922	1
causa	24	Picture	2	623098	0	1	1999	3	0	1920	other	0
causa	25	Sound	62	635089	0	2			0		hit	42
causa	25	Response	251	643714	8625	1
causa	26	Picture	204	669426	0	2	2000	3	0	1920	other	0
causa	27	Sound	64	681424	0	1			0		hit	45
causa	27	Response	252	687179	5755	2
causa	28	Picture	4	716587	0	2	2000	4	0	1920	other	0
causa	29	Sound	64	728566	0	1			0		hit	48
causa	29	Response	252	737706	9140	1
causa	29	Response	252	740139	11573	1
causa	30	Picture	111	764582	0	2	2000	4	0	1920	other	0
causa	30	Sound	51	768101	3519	2			3520		other	0
causa	31	Sound	61	776577	0	1			0		incorrect	53
causa	31	Response	252	783353	6776	1
causa	32	Picture	3	811577	0	2	2000	3	0	1920	other	0
causa	33	Sound	63	823569	0	1			0		hit	56
causa	33	Response	252	829969	6400	1
causa	34	Picture	24	858072	0	2	2000	3	0	1920	other	0
causa	34	Sound	52	865371	7299	2			7300		other	0
causa	35	Sound	64	870053	0	1			0		hit	60
causa	35	Response	252	881061	11008	1
causa	36	Picture	1	904567	0	2	2000	3	0	1920	other	0
causa	37	Sound	61	916567	0	1			0		incorrect	63
causa	37	Response	252	923103	6536	1
causa	38	Picture	3	952062	0	2	2000	3	0	1920	other	0
causa	39	Sound	63	964039	0	1			0		hit	66
causa	39	Response	252	975335	11296	1
causa	40	Picture	202	999057	0	2	2000	3	0	1920	other	0
causa	41	Sound	62	1011031	0	2			0		hit	69
causa	41	Response	251	1017024	5993	2
causa	41	Response	251	1018196	7165	1
causa	42	Picture	2	1046219	0	1	1999	3	0	1920	other	0
causa	43	Sound	62	1058204	0	1			0		hit	73
causa	43	Response	251	1064504	6300	1
causa	44	Picture	4	1093880	0	2	2000	3	0	1920	other	0
causa	45	Sound	64	1105855	0	1			0		hit	76
causa	45	Response	252	1112143	6288	1
causa	46	Picture	3	1140708	0	2	2000	4	0	1920	other	0
causa	47	Sound	63	1152698	0	1			0		hit	79
causa	47	Response	252	1161316	8618	1
causa	48	Picture	204	1188537	0	1	1999	3	0	1920	other	0
causa	49	Sound	64	1200529	0	1			0		hit	82
causa	49	Response	252	1206921	6392	1
causa	49	Response	252	1212467	11938	1
causa	50	Picture	13	1236698	0	1	2000	2	0	1920	other	0
causa	50	Sound	51	1239697	2999	1			3000		other	0
causa	51	Sound	63	1248689	0	1			0		hit	87
causa	51	Response	252	1255546	6857	1
causa	52	Picture	3	1282860	0	1	1999	3	0	1920	other	0
causa	53	Sound	63	1294844	0	1			0		hit	90
causa	53	Response	252	1301305	6461	2
causa	53	Response	252	1304144	9300	1
causa	54	Picture	204	1330521	0	2	2000	3	0	1920	other	0
causa	55	Sound	64	1342495	0	1			0		hit	94
causa	55	Response	252	1347977	5482	2
causa	56	Picture	1	1377683	0	1	2000	2	0	1920	other	0
causa	57	Sound	61	1389667	0	2			0		hit	97
causa	57	Response	251	1396033	6366	2
causa	58	Picture	1	1424678	0	1	1999	3	0	1920	other	0
causa	59	Sound	61	1436660	0	1			0		hit	100
causa	59	Response	251	1451224	14564	1
causa	60	Picture	103	1471506	0	2	2000	3	0	1920	other	0
causa	61	Sound	63	1483503	0	1			0		hit	103
causa	61	Response	252	1489787	6284	1
causa	62	Picture	2	1518501	0	1	2000	2	0	1920	other	0
causa	63	Sound	62	1530496	0	1			0		hit	106
causa	63	Response	251	1541571	11075	2
causa	63	Response	251	1545710	15214	2
causa	64	Picture	103	1565996	0	2	2000	3	0	1920	other	0
causa	65	Sound	63	1577968	0	1			0		hit	110
causa	65	Response	252	1584445	6477	2
causa	66	Picture	4	1612324	0	2	2000	3	0	1920	other	0
causa	67	Sound	64	1624302	0	1			0		hit	113
causa	67	Response	252	1630269	5967	2
causa	68	Picture	113	1659486	0	1	1999	3	0	1920	other	0
causa	68	Sound	51	1664605	5119	2			5120		other	0
causa	69	Sound	63	1671474	0	1			0		hit	117
causa	69	Response	252	1678371	6897	1
causa	70	Picture	103	1705647	0	2	2000	4	0	1920	other	0
causa	71	Sound	63	1717629	0	1			0		hit	120
causa	71	Response	252	1725097	7468	2
causa	72	Picture	204	1752476	0	1	2000	3	0	1920	other	0
causa	73	Sound	64	1764472	0	1			0		hit	123
causa	73	Response	252	1770314	5842	1
causa	74	Picture	202	1799637	0	2	2000	3	0	1920	other	0
causa	75	Sound	62	1811614	0	2			0		hit	126
causa	75	Response	251	1818784	7170	2
causa	76	Picture	224	1847132	0	2	2000	3	0	1920	other	0
causa	76	Sound	52	1853421	6289	2			6290		other	0
causa	77	Sound	64	1859116	0	1			0		hit	130
causa	77	Response	252	1866863	7747	1
causa	78	Picture	1	1893961	0	1	1999	3	0	1920	other	0
causa	79	Sound	61	1905959	0	1			0		hit	133
causa	79	Response	251	1912063	6104	1
causa	80	Picture	23	1940622	0	2	2000	3	0	1920	other	0
causa	80	Sound	52	1948571	7949	1			7950		other	0
causa	81	Sound	63	1952593	0	1			0		hit	137
causa	81	Response	252	1959297	6704	1
causa	82	Picture	103	1987451	0	1	1999	3	0	1920	other	0
causa	83	Sound	63	1999436	0	1			0		hit	140
causa	83	Response	252	2003680	4244	2
causa	84	Picture	212	2034445	0	2	2000	4	0	1920	other	0
causa	84	Sound	51	2039425	4980	1			4980		other	0
causa	85	Sound	62	2046428	0	2			0		hit	144
causa	85	Response	251	2055777	9349	1
causa	86	Picture	204	2082274	0	1	1999	3	0	1920	other	0
causa	87	Sound	64	2094259	0	2			0		hit	147
causa	87	Response	252	2101186	6927	2
causa	88	Picture	101	2129935	0	1	2000	2	0	1920	other	0
causa	89	Sound	61	2141911	0	1			0		hit	150
causa	89	Response	251	2150577	8666	1
causa	90	Picture	101	2177763	0	2	2000	3	0	1920	other	0
causa	91	Sound	61	2189741	0	2			0		incorrect	153
causa	91	Response	252	2192890	3149	1
causa	91	Response	251	2196677	6936	1
causa	92	Picture	4	2225758	0	1	2000	2	0	1920	other	0
causa	93	Sound	64	2237752	0	1			0		incorrect	157
causa	93	Response	251	2243782	6030	1
causa	94	Picture	202	2273586	0	2	2000	3	0	1920	other	0
causa	95	Sound	62	2285583	0	1			0		hit	160
causa	95	Response	251	2297253	11670	1
causa	96	Picture	222	2320414	0	2	2000	4	0	1920	other	0
causa	96	Sound	52	2328543	8129	1			8130		other	0
causa	97	Sound	62	2332396	0	1			0		hit	164
causa	97	Response	251	2339392	6996	1
causa	97	Response	251	2340240	7844	2
causa	97	Response	251	2344251	11855	1
causa	98	Picture	121	2367576	0	2	2000	3	0	1920	other	0
causa	98	Sound	52	2375315	7739	2			7740		other	0
causa	99	Sound	61	2379568	0	1			0		hit	170
causa	99	Response	251	2388512	8944	1
causa	100	Picture	1	2414738	0	1	1999	3	0	1920	other	0
causa	101	Sound	61	2426711	0	1			0		hit	173
causa	101	Response	251	2434442	7731	2
causa	102	Picture	101	2460899	0	2	2000	4	0	1920	other	0
causa	103	Sound	61	2472895	0	1			0		hit	176
causa	103	Response	251	2481074	8179	1
causa	104	Picture	2	2508894	0	2	2000	3	0	1920	other	0
causa	105	Sound	62	2520876	0	1			0		hit	179
causa	105	Response	251	2528659	7783	1
causa	106	Picture	202	2555889	0	1	2000	2	0	1920	other	0
causa	107	Sound	62	2567869	0	1			0		hit	182
causa	107	Response	251	2576902	9033	1
causa	107	Response	251	2581240	13371	2
causa	108	Picture	14	2602551	0	1	1999	3	0	1920	other	0
causa	108	Sound	51	2606270	3719	2			3720		other	0
causa	109	Sound	64	2614532	0	1			0		hit	187
causa	109	Response	252	2622451	7919	1
causa	110	Picture	202	2648712	0	2	2000	3	0	1920	other	0
causa	111	Sound	62	2660687	0	1			0		hit	190
causa	111	Response	251	2667846	7159	1
causa	112	Picture	3	2695374	0	1	2000	2	0	1920	other	0
causa	113	Sound	63	2707350	0	1			0		hit	193
causa	113	Response	252	2718264	10914	1
causa	114	Picture	2	2742369	0	1	2000	2	0	1920	other	0
causa	115	Sound	62	2754343	0	1			0		hit	196
causa	115	Response	251	2759863	5520	1
causa	116	Picture	103	2788864	0	1	2000	2	0	1920	other	0
causa	117	Sound	63	2800857	0	1			0		hit	199
causa	117	Response	252	2806784	5927	2
causa	118	Picture	214	2836859	0	1	1999	3	0	1920	other	0
causa	118	Sound	51	2840258	3399	2			3400		other	0
causa	119	Sound	64	2848837	0	2			0		hit	203
causa	119	Response	252	2854602	5765	1
causa	120	Picture	101	2883187	0	1	2000	3	0	1920	other	0
causa	121	Sound	61	2895171	0	2			0		hit	206
causa	121	Response	251	2905168	9997	2
causa	122	Picture	12	2931015	0	2	2000	3	0	1920	other	0
causa	122	Sound	51	2934294	3279	2			3280		other	0
causa	123	Sound	62	2943002	0	2			0		hit	210
causa	123	Response	251	2952122	9120	1
causa	124	Picture	21	2977343	0	2	2000	4	0	1920	other	0
causa	124	Sound	52	2985522	8179	1			8180		other	0
causa	125	Sound	61	2989337	0	1			0		hit	214
causa	125	Response	251	2998244	8907	1
causa	126	Picture	4	3024172	0	1	2000	2	0	1920	other	0
causa	127	Sound	64	3036150	0	1			0		hit	217
causa	127	Response	252	3043614	7464	1
causa	127	Response	252	3048603	12453	2
causa	127	Response	252	3050835	14685	1
causa	128	Picture	204	3072000	0	1	2000	2	0	1920	other	0
causa	129	Sound	64	3083981	0	1			0		hit	222
causa	129	Response	252	3089694	5713	1
causa	130	Picture	3	3118662	0	1	1999	3	0	1920	other	0
causa	131	Sound	63	3130644	0	1			0		hit	225
causa	131	Response	252	3136244	5600	2
causa	132	Picture	202	3165323	0	2	2000	3	0	1920	other	0
causa	133	Sound	62	3177308	0	1			0		hit	228
causa	133	Response	251	3186432	9124	2
causa	134	Response	253	3394915	182597	2


Event Type	Code	Type	Response	RT	RT Uncertainty	Time	Uncertainty	Duration	Uncertainty	ReqTime	ReqDur

Picture	10	other				69491	1	20164	3	0	20000
Picture	10	other				89822	1	40162	3	0	40000
Picture	10	other				130151	1	40162	2	0	40000
Nothing	91	other				170315	1			0
Picture	2	other				200476	2	2000	4	0	1920
Sound	62	hit	1	6632	3	212454	1			0
Picture	101	other				247471	2	2000	3	0	1920
Sound	61	hit	1	7565	2	259447	1			0
Picture	123	other				293966	2	2000	4	0	1920
Sound	52	other				301025	1			7060
Sound	63	hit	2	7026	3	305961	1			0
Picture	101	other				340128	2	2000	3	0	1920
Sound	61	hit	1	5944	2	352115	1			0
Picture	103	other				387456	2	2000	3	0	1920
Sound	63	hit	2	5916	4	399437	2			0
Picture	4	other				435117	2	2001	3	0	1920
Sound	64	hit	2	5709	2	447089	1			0
Picture	11	other				482279	2	2000	3	0	1920
Sound	51	other				484988	2			2710
Sound	61	hit	1	5769	3	494261	1			0
Picture	22	other				528608	1	1999	3	0	1920
Sound	52	other				536167	2			7560
Sound	62	hit	1	5505	2	540595	1			0
Picture	1	other				576436	1	1999	3	0	1920
Sound	61	hit	1	6922	2	588426	1			0
Picture	2	other				623098	1	1999	3	0	1920
Sound	62	hit	1	8625	3	635089	2			0
Picture	204	other				669426	2	2000	3	0	1920
Sound	64	hit	2	5755	3	681424	1			0
Picture	4	other				716587	2	2000	4	0	1920
Sound	64	hit	2	9140	2	728566	1			0
Picture	111	other				764582	2	2000	4	0	1920
Sound	51	other				768101	2			3520
Sound	61	incorrect	2	6776	2	776577	1			0
Picture	3	other				811577	2	2000	3	0	1920
Sound	63	hit	2	6400	2	823569	1			0
Picture	24	other				858072	2	2000	3	0	1920
Sound	52	other				865371	2			7300
Sound	64	hit	2	11008	2	870053	1			0
Picture	1	other				904567	2	2000	3	0	1920
Sound	61	incorrect	2	6536	2	916567	1			0
Picture	3	other				952062	2	2000	3	0	1920
Sound	63	hit	2	11296	2	964039	1			0
Picture	202	other				999057	2	2000	3	0	1920
Sound	62	hit	1	5993	4	1011031	2			0
Picture	2	other				1046219	1	1999	3	0	1920
Sound	62	hit	1	6300	2	1058204	1			0
Picture	4	other				1093880	2	2000	3	0	1920
Sound	64	hit	2	6288	2	1105855	1			0
Picture	3	other				1140708	2	2000	4	0	1920
Sound	63	hit	2	8618	2	1152698	1			0
Picture	204	other				1188537	1	1999	3	0	1920
Sound	64	hit	2	6392	2	1200529	1			0
Picture	13	other				1236698	1	2000	2	0	1920
Sound	51	other				1239697	1			3000
Sound	63	hit	2	6857	2	1248689	1			0
Picture	3	other				1282860	1	1999	3	0	1920
Sound	63	hit	2	6461	3	1294844	1			0
Picture	204	other				1330521	2	2000	3	0	1920
Sound	64	hit	2	5482	3	1342495	1			0
Picture	1	other				1377683	1	2000	2	0	1920
Sound	61	hit	1	6366	4	1389667	2			0
Picture	1	other				1424678	1	1999	3	0	1920
Sound	61	hit	1	14564	2	1436660	1			0
Picture	103	other				1471506	2	2000	3	0	1920
Sound	63	hit	2	6284	2	1483503	1			0
Picture	2	other				1518501	1	2000	2	0	1920
Sound	62	hit	1	11075	3	1530496	1			0
Picture	103	other				1565996	2	2000	3	0	1920
Sound	63	hit	2	6477	3	1577968	1			0
Picture	4	other				1612324	2	2000	3	0	1920
Sound	64	hit	2	5967	3	1624302	1			0
Picture	113	other				1659486	1	1999	3	0	1920
Sound	51	other				1664605	2			5120
Sound	63	hit	2	6897	2	1671474	1			0
Picture	103	other				1705647	2	2000	4	0	1920
Sound	63	hit	2	7468	3	1717629	1			0
Picture	204	other				1752476	1	2000	3	0	1920
Sound	64	hit	2	5842	2	1764472	1			0
Picture	202	other				1799637	2	2000	3	0	1920
Sound	62	hit	1	7170	4	1811614	2			0
Picture	224	other				1847132	2	2000	3	0	1920
Sound	52	other				1853421	2			6290
Sound	64	hit	2	7747	2	1859116	1			0
Picture	1	other				1893961	1	1999	3	0	1920
Sound	61	hit	1	6104	2	1905959	1			0
Picture	23	other				1940622	2	2000	3	0	1920
Sound	52	other				1948571	1			7950
Sound	63	hit	2	6704	2	1952593	1			0
Picture	103	other				1987451	1	1999	3	0	1920
Sound	63	hit	2	4244	3	1999436	1			0
Picture	212	other				2034445	2	2000	4	0	1920
Sound	51	other				2039425	1			4980
Sound	62	hit	1	9349	3	2046428	2			0
Picture	204	other				2082274	1	1999	3	0	1920
Sound	64	hit	2	6927	4	2094259	2			0
Picture	101	other				2129935	1	2000	2	0	1920
Sound	61	hit	1	8666	2	2141911	1			0
Picture	101	other				2177763	2	2000	3	0	1920
Sound	61	incorrect	2	3149	3	2189741	2			0
Picture	4	other				2225758	1	2000	2	0	1920
Sound	64	incorrect	1	6030	2	2237752	1			0
Picture	202	other				2273586	2	2000	3	0	1920
Sound	62	hit	1	11670	2	2285583	1			0
Picture	222	other				2320414	2	2000	4	0	1920
Sound	52	other				2328543	1			8130
Sound	62	hit	1	6996	2	2332396	1			0
Picture	121	other				2367576	2	2000	3	0	1920
Sound	52	other				2375315	2			7740
Sound	61	hit	1	8944	2	2379568	1			0
Picture	1	other				2414738	1	1999	3	0	1920
Sound	61	hit	1	7731	3	2426711	1			0
Picture	101	other				2460899	2	2000	4	0	1920
Sound	61	hit	1	8179	2	2472895	1			0
Picture	2	other				2508894	2	2000	3	0	1920
Sound	62	hit	1	7783	2	2520876	1			0
Picture	202	other				2555889	1	2000	2	0	1920
Sound	62	hit	1	9033	2	2567869	1			0
Picture	14	other				2602551	1	1999	3	0	1920
Sound	51	other				2606270	2			3720
Sound	64	hit	2	7919	2	2614532	1			0
Picture	202	other				2648712	2	2000	3	0	1920
Sound	62	hit	1	7159	2	2660687	1			0
Picture	3	other				2695374	1	2000	2	0	1920
Sound	63	hit	2	10914	2	2707350	1			0
Picture	2	other				2742369	1	2000	2	0	1920
Sound	62	hit	1	5520	2	2754343	1			0
Picture	103	other				2788864	1	2000	2	0	1920
Sound	63	hit	2	5927	3	2800857	1			0
Picture	214	other				2836859	1	1999	3	0	1920
Sound	51	other				2840258	2			3400
Sound	64	hit	2	5765	3	2848837	2			0
Picture	101	other				2883187	1	2000	3	0	1920
Sound	61	hit	1	9997	4	2895171	2			0
Picture	12	other				2931015	2	2000	3	0	1920
Sound	51	other				2934294	2			3280
Sound	62	hit	1	9120	3	2943002	2			0
Picture	21	other				2977343	2	2000	4	0	1920
Sound	52	other				2985522	1			8180
Sound	61	hit	1	8907	2	2989337	1			0
Picture	4	other				3024172	1	2000	2	0	1920
Sound	64	hit	2	7464	2	3036150	1			0
Picture	204	other				3072000	1	2000	2	0	1920
Sound	64	hit	2	5713	2	3083981	1			0
Picture	3	other				3118662	1	1999	3	0	1920
Sound	63	hit	2	5600	3	3130644	1			0
Picture	202	other				3165323	2	2000	3	0	1920
Sound	62	hit	1	9124	3	3177308	1			0
