Scenario - SeuilAuditif
Logfile written - 07/10/2017 14:22:40

Subject	Trial	Event Type	Code	Time	TTime	Uncertainty	Duration	Uncertainty	ReqTime	ReqDur	Stim Type	Pair Index

chach	2	Sound	L_tarson_Left_0.7	538	40	1			0		other	0
chach	3	Sound	L_tarson_Left_0.65	10715	51	1			0		other	0
chach	4	Sound	L_tarson_Left_0.6	20862	33	1			0		other	0
chach	5	Sound	L_tarson_Left_0.55	31038	43	2			0		other	0
chach	6	Sound	L_tarson_Left_0.5	41215	54	1			0		other	0
chach	7	Sound	L_tarson_Left_0.45	51362	36	1			0		other	0
chach	8	Sound	L_tarson_Left_0.4	61539	47	1			0		other	0
chach	9	Sound	L_tarson_Left_0.35	71716	59	1			0		other	0
chach	10	Sound	L_tarson_Left_0.3	81863	40	1			0		other	0
chach	11	Sound	L_tarson_Left_0.25	92040	51	1			0		other	0
chach	12	Sound	L_tarson_Left_0.2	102186	32	2			0		other	0
chach	12	Response	1	106217	4063	1
chach	13	Sound	L_tarson-Left-0.15	112363	43	1			0		other	0
chach	14	Sound	L_tarson_Left_0.15	122540	54	1			0		other	0
chach	15	Sound	L_tarson_Left_0.2	132687	36	1			0		other	0
chach	16	Sound	L_tarson_Left_0.25	142864	47	1			0		other	0
chach	17	Sound	L_tarson_Left_0.3	153041	59	1			0		other	0
chach	17	Response	1	162000	9018	1
chach	18	Sound	L_tarson-Left-0.35	163188	40	1			0		other	0
chach	19	Sound	L_tarson_Left_0.35	173364	51	2			0		other	0
chach	20	Sound	L_tarson_Left_0.33	183511	32	1			0		other	0
chach	21	Sound	L_tarson_Left_0.31	193688	43	1			0		other	0
chach	22	Sound	L_tarson_Left_0.29	203865	55	1			0		other	0
chach	23	Sound	L_tarson_Left_0.27	214012	36	1			0		other	0
chach	24	Sound	L_tarson_Left_0.25	224189	47	1			0		other	0
chach	25	Sound	L_tarson_Left_0.23	234366	59	1			0		other	0
chach	26	Sound	L_tarson_Left_0.21	244512	39	2			0		other	0
chach	27	Sound	L_tarson_Left_0.19	254689	50	2			0		other	0
chach	27	Response	1	254734	95	1
chach	28	Sound	L_tarson-Left-0.17	264836	32	1			0		other	0
chach	29	Sound	L_tarson_Left_0.17	275013	43	1			0		other	0
chach	30	Sound	L_tarson_Left_0.19	285190	54	1			0		other	0
chach	31	Sound	L_tarson_Left_0.21	295337	36	1			0		other	0
chach	32	Sound	L_tarson_Left_0.23	305514	47	1			0		other	0
chach	33	Sound	L_tarson_Left_0.25	315691	59	1			0		other	0
chach	33	Response	1	325466	9834	1
chach	34	Sound	L_tarson-Left-0.27	325837	39	2			0		other	0
chach	35	Sound	L_tarson_Left_0.27	336014	50	1			0		other	0
chach	36	Sound	L_tarson_Left_0.25	346161	32	1			0		other	0
chach	37	Sound	L_tarson_Left_0.23	356338	43	1			0		other	0
chach	38	Sound	L_tarson_Left_0.21	366515	54	1			0		other	0
chach	39	Sound	L_tarson_Left_0.19	376662	36	1			0		other	0
chach	40	Sound	L_tarson_Left_0.17	386839	47	1			0		other	0
chach	41	Sound	L_tarson_Left_0.15	397015	58	2			0		other	0
chach	42	Sound	L_tarson_Left_0.13	407162	39	1			0		other	0
chach	42	Response	1	409906	2783	2
chach	43	Sound	L_tarson-Left-0.11	417339	50	1			0		other	0
chach	44	Sound	L_tarson_Left_0.11	427486	32	1			0		other	0
chach	45	Sound	L_tarson_Left_0.13	437663	43	1			0		other	0
chach	46	Sound	L_tarson_Left_0.15	447840	55	1			0		other	0
chach	47	Sound	L_tarson_Left_0.17	457987	36	1			0		other	0
chach	48	Sound	L_tarson_Left_0.19	468164	47	1			0		other	0
chach	49	Sound	L_tarson_Left_0.21	478340	58	1			0		other	0
chach	50	Sound	L_tarson_Left_0.23	488487	39	1			0		other	0
chach	51	Sound	L_tarson_Left_0.25	498664	50	1			0		other	0
chach	52	Sound	L_tarson_Left_0.27	508811	32	1			0		other	0
chach	52	Response	1	509025	246	2
chach	54	Sound	H_tarson_Left_0.7	529314	37	2			0		other	0
chach	55	Sound	H_tarson_Left_0.65	539491	48	1			0		other	0
chach	56	Sound	H_tarson_Left_0.6	549638	30	1			0		other	0
chach	57	Sound	H_tarson_Left_0.55	559815	41	1			0		other	0
chach	58	Sound	H_tarson_Left_0.5	569992	52	1			0		other	0
chach	59	Sound	H_tarson_Left_0.45	580139	34	1			0		other	0
chach	60	Sound	H_tarson_Left_0.4	590315	44	2			0		other	0
chach	61	Sound	H_tarson_Left_0.35	600492	55	1			0		other	0
chach	62	Sound	H_tarson_Left_0.3	610639	37	1			0		other	0
chach	63	Sound	H_tarson_Left_0.25	620816	48	1			0		other	0
chach	64	Sound	H_tarson_Left_0.2	630963	30	1			0		other	0
chach	64	Response	1	639490	8557	1
chach	65	Sound	H_tarson-Left-0.15	641140	41	1			0		other	0
chach	66	Sound	H_tarson_Left_0.15	651317	52	1			0		other	0
chach	67	Sound	H_tarson_Left_0.2	661463	33	2			0		other	0
chach	68	Sound	H_tarson_Left_0.25	671640	44	1			0		other	0
chach	68	Response	1	677788	6192	1
chach	69	Sound	H_tarson-Left-0.3	681817	55	1			0		other	0
chach	70	Sound	H_tarson_Left_0.3	691964	37	1			0		other	0
chach	71	Sound	H_tarson_Left_0.28	702141	48	1			0		other	0
chach	72	Sound	H_tarson_Left_0.26	712288	30	1			0		other	0
chach	73	Sound	H_tarson_Left_0.24	722465	41	1			0		other	0
chach	74	Sound	H_tarson_Left_0.22	732642	52	1			0		other	0
chach	75	Sound	H_tarson_Left_0.2	742788	33	2			0		other	0
chach	76	Sound	H_tarson_Left_0.18	752965	44	1			0		other	0
chach	77	Sound	H_tarson_Left_0.16	763142	56	1			0		other	0
chach	78	Sound	H_tarson_Left_0.14	773289	37	1			0		other	0
chach	78	Response	1	776332	3080	1
chach	79	Sound	H_tarson-Left-0.12	783466	48	1			0		other	0
chach	80	Sound	H_tarson_Left_0.12	793643	60	1			0		other	0
chach	81	Sound	H_tarson_Left_0.14	803790	41	1			0		other	0
chach	82	Sound	H_tarson_Left_0.16	813966	51	2			0		other	0
chach	83	Sound	H_tarson_Left_0.18	824113	33	1			0		other	0
chach	84	Sound	H_tarson_Left_0.2	834290	44	1			0		other	0
chach	84	Response	1	843118	8872	1
chach	85	Sound	H_tarson-Left-0.22	844467	55	1			0		other	0
chach	86	Sound	H_tarson_Left_0.22	854614	37	1			0		other	0
chach	87	Sound	H_tarson_Left_0.2	864791	48	1			0		other	0
chach	88	Sound	H_tarson_Left_0.18	874968	59	1			0		other	0
chach	89	Sound	H_tarson_Left_0.16	885114	40	2			0		other	0
chach	90	Sound	H_tarson_Left_0.14	895291	51	1			0		other	0
chach	90	Response	1	902279	7039	1
chach	91	Sound	H_tarson-Left-0.12	905438	33	1			0		other	0
chach	92	Sound	H_tarson_Left_0.12	915615	44	1			0		other	0
chach	93	Sound	H_tarson_Left_0.14	925792	55	1			0		other	0
chach	94	Sound	H_tarson_Left_0.16	935939	37	1			0		other	0
chach	95	Sound	H_tarson_Left_0.18	946116	48	1			0		other	0
chach	96	Sound	H_tarson_Left_0.2	956293	60	1			0		other	0
chach	97	Sound	H_tarson_Left_0.22	966439	40	2			0		other	0
chach	97	Response	1	968603	2204	1
chach	99	Sound	L_tarson_Right_0.7	986763	32	1			0		other	0
chach	100	Sound	L_tarson_Right_0.65	996940	44	1			0		other	0
chach	101	Sound	L_tarson_Right_0.6	1007117	55	1			0		other	0
chach	102	Sound	L_tarson_Right_0.55	1017264	37	1			0		other	0
chach	103	Sound	L_tarson_Right_0.5	1027440	47	2			0		other	0
chach	104	Sound	L_tarson_Right_0.45	1037617	59	2			0		other	0
chach	105	Sound	L_tarson_Right_0.4	1047764	40	1			0		other	0
chach	106	Sound	L_tarson_Right_0.35	1057941	51	1			0		other	0
chach	107	Sound	L_tarson_Right_0.3	1068088	33	1			0		other	0
chach	108	Sound	L_tarson_Right_0.25	1078265	44	1			0		other	0
chach	109	Sound	L_tarson_Right_0.2	1088442	55	1			0		other	0
chach	110	Sound	L_tarson_Right_0.15	1098589	37	1			0		other	0
chach	111	Sound	L_tarson_Right_9.99999999999999e-002	1108766	48	1			0		other	0
chach	111	Response	1	1114822	6104	1
chach	112	Sound	L_tarson-Right-4.99999999999999e-002	1118942	59	1			0		other	0
chach	113	Sound	L_tarson_Right_4.99999999999999e-002	1129089	40	1			0		other	0
chach	114	Sound	L_tarson_Right_9.99999999999999e-002	1139266	51	1			0		other	0
chach	115	Sound	L_tarson_Right_0.15	1149413	33	1			0		other	0
chach	116	Sound	L_tarson_Right_0.2	1159590	44	1			0		other	0
chach	116	Response	1	1164124	4578	1
chach	117	Sound	L_tarson-Right-0.25	1169767	55	1			0		other	0
chach	118	Sound	L_tarson_Right_0.25	1179914	37	1			0		other	0
chach	119	Sound	L_tarson_Right_0.23	1190090	47	1			0		other	0
chach	120	Sound	L_tarson_Right_0.21	1200267	59	1			0		other	0
chach	121	Sound	L_tarson_Right_0.19	1210414	40	1			0		other	0
chach	122	Sound	L_tarson_Right_0.17	1220591	51	1			0		other	0
chach	123	Sound	L_tarson_Right_0.15	1230738	33	1			0		other	0
chach	124	Sound	L_tarson_Right_0.13	1240915	44	1			0		other	0
chach	124	Response	1	1249393	8522	1
chach	125	Sound	L_tarson-Right-0.11	1251092	55	1			0		other	0
chach	126	Sound	L_tarson_Right_0.11	1261238	35	2			0		other	0
chach	127	Sound	L_tarson_Right_0.13	1271415	47	1			0		other	0
chach	128	Sound	L_tarson_Right_0.15	1281592	59	1			0		other	0
chach	129	Sound	L_tarson_Right_0.17	1291739	40	1			0		other	0
chach	130	Sound	L_tarson_Right_0.19	1301916	51	1			0		other	0
chach	131	Sound	L_tarson_Right_0.21	1312063	33	1			0		other	0
chach	131	Response	1	1312744	714	1
chach	132	Sound	L_tarson-Right-0.23	1322240	44	1			0		other	0
chach	133	Sound	L_tarson_Right_0.23	1332416	54	2			0		other	0
chach	134	Sound	L_tarson_Right_0.21	1342563	36	1			0		other	0
chach	135	Sound	L_tarson_Right_0.19	1352740	47	1			0		other	0
chach	136	Sound	L_tarson_Right_0.17	1362917	58	1			0		other	0
chach	137	Sound	L_tarson_Right_0.15	1373064	40	1			0		other	0
chach	138	Sound	L_tarson_Right_0.13	1383241	51	1			0		other	0
chach	138	Response	1	1393216	10026	134
chach	139	Sound	L_tarson_Right_0.11	1393388	33	1			0		other	0
chach	140	Sound	L_tarson-Right-8.99999999999999e-002	1403565	44	1			0		other	0
chach	141	Sound	L_tarson_Right_8.99999999999999e-002	1413741	54	1			0		other	0
chach	142	Sound	L_tarson_Right_0.11	1423888	36	1			0		other	0
chach	143	Sound	L_tarson_Right_0.13	1434065	47	1			0		other	0
chach	144	Sound	L_tarson_Right_0.15	1444242	59	1			0		other	0
chach	145	Sound	L_tarson_Right_0.17	1454389	40	1			0		other	0
chach	146	Sound	L_tarson_Right_0.19	1464566	51	1			0		other	0
chach	146	Response	1	1467920	3405	2
chach	148	Sound	H_tarson_Right_0.7	1484889	43	2			0		other	0
chach	149	Sound	H_tarson_Right_0.65	1495066	54	1			0		other	0
chach	150	Sound	H_tarson_Right_0.6	1505213	36	1			0		other	0
chach	151	Sound	H_tarson_Right_0.55	1515390	47	1			0		other	0
chach	152	Sound	H_tarson_Right_0.5	1525567	58	1			0		other	0
chach	153	Sound	H_tarson_Right_0.45	1535714	40	1			0		other	0
chach	154	Sound	H_tarson_Right_0.4	1545891	51	1			0		other	0
chach	155	Sound	H_tarson_Right_0.35	1556037	32	2			0		other	0
chach	156	Sound	H_tarson_Right_0.3	1566214	43	1			0		other	0
chach	157	Sound	H_tarson_Right_0.25	1576391	54	1			0		other	0
chach	158	Sound	H_tarson_Right_0.2	1586538	36	1			0		other	0
chach	159	Sound	H_tarson_Right_0.15	1596715	47	1			0		other	0
chach	160	Sound	H_tarson_Right_9.99999999999999e-002	1606892	58	1			0		other	0
chach	160	Response	1	1612790	5956	1
chach	161	Sound	H_tarson-Right-4.99999999999999e-002	1617039	40	1			0		other	0
chach	162	Sound	H_tarson_Right_4.99999999999999e-002	1627215	50	2			0		other	0
chach	163	Sound	H_tarson_Right_9.99999999999999e-002	1637362	32	2			0		other	0
chach	164	Sound	H_tarson_Right_0.15	1647539	43	1			0		other	0
chach	165	Sound	H_tarson_Right_0.2	1657716	54	1			0		other	0
chach	165	Response	1	1662957	5295	1
chach	166	Sound	H_tarson-Right-0.25	1667863	36	1			0		other	0
chach	167	Sound	H_tarson_Right_0.25	1678040	47	1			0		other	0
chach	168	Sound	H_tarson_Right_0.23	1688217	58	1			0		other	0
chach	169	Sound	H_tarson_Right_0.21	1698364	40	1			0		other	0
chach	170	Sound	H_tarson_Right_0.19	1708540	50	2			0		other	0
chach	171	Sound	H_tarson_Right_0.17	1718687	31	1			0		other	0
chach	172	Sound	H_tarson_Right_0.15	1728864	43	1			0		other	0
chach	173	Sound	H_tarson_Right_0.13	1739041	54	1			0		other	0
chach	174	Sound	H_tarson_Right_0.11	1749188	36	1			0		other	0
chach	174	Response	1	1754292	5140	1
chach	175	Sound	H_tarson-Right-8.99999999999999e-002	1759365	47	1			0		other	0
chach	176	Sound	H_tarson_Right_8.99999999999999e-002	1769541	57	2			0		other	0
chach	177	Sound	H_tarson_Right_0.11	1779688	39	2			0		other	0
chach	178	Sound	H_tarson_Right_0.13	1789865	53	1			0		other	0
chach	179	Sound	H_tarson_Right_0.15	1800012	31	2			0		other	0
chach	180	Sound	H_tarson_Right_0.17	1810189	43	1			0		other	0
chach	181	Sound	H_tarson_Right_0.19	1820366	54	1			0		other	0
chach	181	Response	1	1824839	4527	1
chach	181	Response	1	1827272	6960	1
chach	182	Sound	H_tarson-Right-0.21	1830513	35	1			0		other	0
chach	183	Sound	H_tarson_Right_0.21	1840690	47	1			0		other	0
chach	184	Sound	H_tarson_Right_0.19	1850866	57	2			0		other	0
chach	185	Sound	H_tarson_Right_0.17	1861013	39	1			0		other	0
chach	186	Sound	H_tarson_Right_0.15	1871190	50	1			0		other	0
chach	187	Sound	H_tarson_Right_0.13	1881337	31	1			0		other	0
chach	188	Sound	H_tarson_Right_0.11	1891514	43	1			0		other	0
chach	189	Sound	H_tarson_Right_8.99999999999999e-002	1901691	54	1			0		other	0
chach	190	Sound	H_tarson_Right_6.99999999999999e-002	1911838	36	1			0		other	0
chach	190	Response	1	1915935	4133	1
chach	191	Sound	H_tarson-Right-4.99999999999999e-002	1922015	47	1			0		other	0
chach	192	Sound	H_tarson_Right_4.99999999999999e-002	1932191	57	2			0		other	0
chach	193	Sound	H_tarson_Right_6.99999999999999e-002	1942338	38	1			0		other	0
chach	194	Sound	H_tarson_Right_8.99999999999999e-002	1952515	50	1			0		other	0
chach	195	Sound	H_tarson_Right_0.11	1962662	31	1			0		other	0
chach	196	Sound	H_tarson_Right_0.13	1972839	43	1			0		other	0
chach	197	Sound	H_tarson_Right_0.15	1983016	54	1			0		other	0
chach	197	Response	1	1986835	3873	1


Event Type	Code	Type	Response	RT	RT Uncertainty	Time	Uncertainty	Duration	Uncertainty	ReqTime	ReqDur

Sound	L_tarson_Left_0.7	other				538	1			0
Sound	L_tarson_Left_0.65	other				10715	1			0
Sound	L_tarson_Left_0.6	other				20862	1			0
Sound	L_tarson_Left_0.55	other				31038	2			0
Sound	L_tarson_Left_0.5	other				41215	1			0
Sound	L_tarson_Left_0.45	other				51362	1			0
Sound	L_tarson_Left_0.4	other				61539	1			0
Sound	L_tarson_Left_0.35	other				71716	1			0
Sound	L_tarson_Left_0.3	other				81863	1			0
Sound	L_tarson_Left_0.25	other				92040	1			0
Sound	L_tarson_Left_0.2	other				102186	2			0
Sound	L_tarson-Left-0.15	other				112363	1			0
Sound	L_tarson_Left_0.15	other				122540	1			0
Sound	L_tarson_Left_0.2	other				132687	1			0
Sound	L_tarson_Left_0.25	other				142864	1			0
Sound	L_tarson_Left_0.3	other				153041	1			0
Sound	L_tarson-Left-0.35	other				163188	1			0
Sound	L_tarson_Left_0.35	other				173364	2			0
Sound	L_tarson_Left_0.33	other				183511	1			0
Sound	L_tarson_Left_0.31	other				193688	1			0
Sound	L_tarson_Left_0.29	other				203865	1			0
Sound	L_tarson_Left_0.27	other				214012	1			0
Sound	L_tarson_Left_0.25	other				224189	1			0
Sound	L_tarson_Left_0.23	other				234366	1			0
Sound	L_tarson_Left_0.21	other				244512	2			0
Sound	L_tarson_Left_0.19	other				254689	2			0
Sound	L_tarson-Left-0.17	other				264836	1			0
Sound	L_tarson_Left_0.17	other				275013	1			0
Sound	L_tarson_Left_0.19	other				285190	1			0
Sound	L_tarson_Left_0.21	other				295337	1			0
Sound	L_tarson_Left_0.23	other				305514	1			0
Sound	L_tarson_Left_0.25	other				315691	1			0
Sound	L_tarson-Left-0.27	other				325837	2			0
Sound	L_tarson_Left_0.27	other				336014	1			0
Sound	L_tarson_Left_0.25	other				346161	1			0
Sound	L_tarson_Left_0.23	other				356338	1			0
Sound	L_tarson_Left_0.21	other				366515	1			0
Sound	L_tarson_Left_0.19	other				376662	1			0
Sound	L_tarson_Left_0.17	other				386839	1			0
Sound	L_tarson_Left_0.15	other				397015	2			0
Sound	L_tarson_Left_0.13	other				407162	1			0
Sound	L_tarson-Left-0.11	other				417339	1			0
Sound	L_tarson_Left_0.11	other				427486	1			0
Sound	L_tarson_Left_0.13	other				437663	1			0
Sound	L_tarson_Left_0.15	other				447840	1			0
Sound	L_tarson_Left_0.17	other				457987	1			0
Sound	L_tarson_Left_0.19	other				468164	1			0
Sound	L_tarson_Left_0.21	other				478340	1			0
Sound	L_tarson_Left_0.23	other				488487	1			0
Sound	L_tarson_Left_0.25	other				498664	1			0
Sound	L_tarson_Left_0.27	other				508811	1			0
Sound	H_tarson_Left_0.7	other				529314	2			0
Sound	H_tarson_Left_0.65	other				539491	1			0
Sound	H_tarson_Left_0.6	other				549638	1			0
Sound	H_tarson_Left_0.55	other				559815	1			0
Sound	H_tarson_Left_0.5	other				569992	1			0
Sound	H_tarson_Left_0.45	other				580139	1			0
Sound	H_tarson_Left_0.4	other				590315	2			0
Sound	H_tarson_Left_0.35	other				600492	1			0
Sound	H_tarson_Left_0.3	other				610639	1			0
Sound	H_tarson_Left_0.25	other				620816	1			0
Sound	H_tarson_Left_0.2	other				630963	1			0
Sound	H_tarson-Left-0.15	other				641140	1			0
Sound	H_tarson_Left_0.15	other				651317	1			0
Sound	H_tarson_Left_0.2	other				661463	2			0
Sound	H_tarson_Left_0.25	other				671640	1			0
Sound	H_tarson-Left-0.3	other				681817	1			0
Sound	H_tarson_Left_0.3	other				691964	1			0
Sound	H_tarson_Left_0.28	other				702141	1			0
Sound	H_tarson_Left_0.26	other				712288	1			0
Sound	H_tarson_Left_0.24	other				722465	1			0
Sound	H_tarson_Left_0.22	other				732642	1			0
Sound	H_tarson_Left_0.2	other				742788	2			0
Sound	H_tarson_Left_0.18	other				752965	1			0
Sound	H_tarson_Left_0.16	other				763142	1			0
Sound	H_tarson_Left_0.14	other				773289	1			0
Sound	H_tarson-Left-0.12	other				783466	1			0
Sound	H_tarson_Left_0.12	other				793643	1			0
Sound	H_tarson_Left_0.14	other				803790	1			0
Sound	H_tarson_Left_0.16	other				813966	2			0
Sound	H_tarson_Left_0.18	other				824113	1			0
Sound	H_tarson_Left_0.2	other				834290	1			0
Sound	H_tarson-Left-0.22	other				844467	1			0
Sound	H_tarson_Left_0.22	other				854614	1			0
Sound	H_tarson_Left_0.2	other				864791	1			0
Sound	H_tarson_Left_0.18	other				874968	1			0
Sound	H_tarson_Left_0.16	other				885114	2			0
Sound	H_tarson_Left_0.14	other				895291	1			0
Sound	H_tarson-Left-0.12	other				905438	1			0
Sound	H_tarson_Left_0.12	other				915615	1			0
Sound	H_tarson_Left_0.14	other				925792	1			0
Sound	H_tarson_Left_0.16	other				935939	1			0
Sound	H_tarson_Left_0.18	other				946116	1			0
Sound	H_tarson_Left_0.2	other				956293	1			0
Sound	H_tarson_Left_0.22	other				966439	2			0
Sound	L_tarson_Right_0.7	other				986763	1			0
Sound	L_tarson_Right_0.65	other				996940	1			0
Sound	L_tarson_Right_0.6	other				1007117	1			0
Sound	L_tarson_Right_0.55	other				1017264	1			0
Sound	L_tarson_Right_0.5	other				1027440	2			0
Sound	L_tarson_Right_0.45	other				1037617	2			0
Sound	L_tarson_Right_0.4	other				1047764	1			0
Sound	L_tarson_Right_0.35	other				1057941	1			0
Sound	L_tarson_Right_0.3	other				1068088	1			0
Sound	L_tarson_Right_0.25	other				1078265	1			0
Sound	L_tarson_Right_0.2	other				1088442	1			0
Sound	L_tarson_Right_0.15	other				1098589	1			0
Sound	L_tarson_Right_9.99999999999999e-002	other				1108766	1			0
Sound	L_tarson-Right-4.99999999999999e-002	other				1118942	1			0
Sound	L_tarson_Right_4.99999999999999e-002	other				1129089	1			0
Sound	L_tarson_Right_9.99999999999999e-002	other				1139266	1			0
Sound	L_tarson_Right_0.15	other				1149413	1			0
Sound	L_tarson_Right_0.2	other				1159590	1			0
Sound	L_tarson-Right-0.25	other				1169767	1			0
Sound	L_tarson_Right_0.25	other				1179914	1			0
Sound	L_tarson_Right_0.23	other				1190090	1			0
Sound	L_tarson_Right_0.21	other				1200267	1			0
Sound	L_tarson_Right_0.19	other				1210414	1			0
Sound	L_tarson_Right_0.17	other				1220591	1			0
Sound	L_tarson_Right_0.15	other				1230738	1			0
Sound	L_tarson_Right_0.13	other				1240915	1			0
Sound	L_tarson-Right-0.11	other				1251092	1			0
Sound	L_tarson_Right_0.11	other				1261238	2			0
Sound	L_tarson_Right_0.13	other				1271415	1			0
Sound	L_tarson_Right_0.15	other				1281592	1			0
Sound	L_tarson_Right_0.17	other				1291739	1			0
Sound	L_tarson_Right_0.19	other				1301916	1			0
Sound	L_tarson_Right_0.21	other				1312063	1			0
Sound	L_tarson-Right-0.23	other				1322240	1			0
Sound	L_tarson_Right_0.23	other				1332416	2			0
Sound	L_tarson_Right_0.21	other				1342563	1			0
Sound	L_tarson_Right_0.19	other				1352740	1			0
Sound	L_tarson_Right_0.17	other				1362917	1			0
Sound	L_tarson_Right_0.15	other				1373064	1			0
Sound	L_tarson_Right_0.13	other				1383241	1			0
Sound	L_tarson_Right_0.11	other				1393388	1			0
Sound	L_tarson-Right-8.99999999999999e-002	other				1403565	1			0
Sound	L_tarson_Right_8.99999999999999e-002	other				1413741	1			0
Sound	L_tarson_Right_0.11	other				1423888	1			0
Sound	L_tarson_Right_0.13	other				1434065	1			0
Sound	L_tarson_Right_0.15	other				1444242	1			0
Sound	L_tarson_Right_0.17	other				1454389	1			0
Sound	L_tarson_Right_0.19	other				1464566	1			0
Sound	H_tarson_Right_0.7	other				1484889	2			0
Sound	H_tarson_Right_0.65	other				1495066	1			0
Sound	H_tarson_Right_0.6	other				1505213	1			0
Sound	H_tarson_Right_0.55	other				1515390	1			0
Sound	H_tarson_Right_0.5	other				1525567	1			0
Sound	H_tarson_Right_0.45	other				1535714	1			0
Sound	H_tarson_Right_0.4	other				1545891	1			0
Sound	H_tarson_Right_0.35	other				1556037	2			0
Sound	H_tarson_Right_0.3	other				1566214	1			0
Sound	H_tarson_Right_0.25	other				1576391	1			0
Sound	H_tarson_Right_0.2	other				1586538	1			0
Sound	H_tarson_Right_0.15	other				1596715	1			0
Sound	H_tarson_Right_9.99999999999999e-002	other				1606892	1			0
Sound	H_tarson-Right-4.99999999999999e-002	other				1617039	1			0
Sound	H_tarson_Right_4.99999999999999e-002	other				1627215	2			0
Sound	H_tarson_Right_9.99999999999999e-002	other				1637362	2			0
Sound	H_tarson_Right_0.15	other				1647539	1			0
Sound	H_tarson_Right_0.2	other				1657716	1			0
Sound	H_tarson-Right-0.25	other				1667863	1			0
Sound	H_tarson_Right_0.25	other				1678040	1			0
Sound	H_tarson_Right_0.23	other				1688217	1			0
Sound	H_tarson_Right_0.21	other				1698364	1			0
Sound	H_tarson_Right_0.19	other				1708540	2			0
Sound	H_tarson_Right_0.17	other				1718687	1			0
Sound	H_tarson_Right_0.15	other				1728864	1			0
Sound	H_tarson_Right_0.13	other				1739041	1			0
Sound	H_tarson_Right_0.11	other				1749188	1			0
Sound	H_tarson-Right-8.99999999999999e-002	other				1759365	1			0
Sound	H_tarson_Right_8.99999999999999e-002	other				1769541	2			0
Sound	H_tarson_Right_0.11	other				1779688	2			0
Sound	H_tarson_Right_0.13	other				1789865	1			0
Sound	H_tarson_Right_0.15	other				1800012	2			0
Sound	H_tarson_Right_0.17	other				1810189	1			0
Sound	H_tarson_Right_0.19	other				1820366	1			0
Sound	H_tarson-Right-0.21	other				1830513	1			0
Sound	H_tarson_Right_0.21	other				1840690	1			0
Sound	H_tarson_Right_0.19	other				1850866	2			0
Sound	H_tarson_Right_0.17	other				1861013	1			0
Sound	H_tarson_Right_0.15	other				1871190	1			0
Sound	H_tarson_Right_0.13	other				1881337	1			0
Sound	H_tarson_Right_0.11	other				1891514	1			0
Sound	H_tarson_Right_8.99999999999999e-002	other				1901691	1			0
Sound	H_tarson_Right_6.99999999999999e-002	other				1911838	1			0
Sound	H_tarson-Right-4.99999999999999e-002	other				1922015	1			0
Sound	H_tarson_Right_4.99999999999999e-002	other				1932191	2			0
Sound	H_tarson_Right_6.99999999999999e-002	other				1942338	1			0
Sound	H_tarson_Right_8.99999999999999e-002	other				1952515	1			0
Sound	H_tarson_Right_0.11	other				1962662	1			0
Sound	H_tarson_Right_0.13	other				1972839	1			0
Sound	H_tarson_Right_0.15	other				1983016	1			0
