Scenario - 17_March_2015
Logfile written - 07/10/2017 15:31:14

Subject	Trial	Event Type	Code	Time	TTime	Uncertainty	Duration	Uncertainty	ReqTime	ReqDur	Stim Type	Pair Index

chach	1	Response	253	12375	22208	1
chach	2	Picture	10	12497	0	1	20164	3	0	20000	other	0
chach	3	Picture	10	32828	0	1	40163	2	0	40000	other	0
chach	4	Picture	10	73157	0	2	40163	3	0	40000	other	0
chach	5	Nothing	91	113322	0	1			0		other	0
chach	6	Picture	103	143483	0	2	2000	3	0	1920	other	0
chach	7	Sound	63	155465	0	1			0		hit	8
chach	7	Response	252	161039	5574	1
chach	8	Picture	202	189812	0	1	2000	2	0	1920	other	0
chach	9	Sound	62	201800	0	1			0		hit	11
chach	9	Response	251	205426	3626	1
chach	10	Picture	204	235974	0	1	2000	2	0	1920	other	0
chach	11	Sound	64	247955	0	1			0		hit	14
chach	11	Response	252	254986	7031	2
chach	12	Picture	111	283802	0	2	2000	3	0	1920	other	0
chach	12	Sound	51	288141	4339	1			4340		other	0
chach	13	Sound	61	295786	0	1			0		hit	18
chach	13	Response	251	300563	4777	2
chach	14	Picture	222	331631	0	1	2000	2	0	1920	other	0
chach	14	Sound	52	338430	6799	2			6800		other	0
chach	15	Sound	62	343617	0	1			0		hit	22
chach	15	Response	251	347405	3788	1
chach	16	Picture	3	377959	0	2	2000	4	0	1920	other	0
chach	17	Sound	63	389951	0	2			0		hit	25
chach	17	Response	252	396067	6116	1
chach	18	Picture	103	425121	0	2	2000	3	0	1920	other	0
chach	19	Sound	63	437094	0	1			0		hit	28
chach	19	Response	252	441292	4198	2
chach	20	Picture	202	472116	0	2	2000	4	0	1920	other	0
chach	21	Sound	62	484087	0	1			0		hit	31
chach	21	Response	251	495333	11246	1
chach	22	Picture	3	519945	0	2	2000	3	0	1920	other	0
chach	23	Sound	63	531918	0	2			0		hit	34
chach	23	Response	252	539450	7532	2
chach	24	Picture	1	566274	0	1	1999	3	0	1920	other	0
chach	25	Sound	61	578253	0	1			0		hit	37
chach	25	Response	251	583034	4781	1
chach	26	Picture	23	613935	0	2	2000	3	0	1920	other	0
chach	26	Sound	52	621974	8039	1			8040		other	0
chach	27	Sound	63	625934	0	1			0		hit	41
chach	27	Response	252	633156	7222	1
chach	28	Picture	12	661097	0	2	2000	3	0	1920	other	0
chach	28	Sound	51	665706	4609	1			4610		other	0
chach	29	Sound	62	673077	0	1			0		hit	45
chach	29	Response	251	680320	7243	1
chach	30	Picture	4	708259	0	2	2000	3	0	1920	other	0
chach	31	Sound	64	720250	0	1			0		hit	48
chach	31	Response	252	728000	7750	1
chach	32	Picture	1	755088	0	1	1999	3	0	1920	other	0
chach	33	Sound	61	767063	0	1			0		hit	51
chach	33	Response	251	772212	5149	2
chach	34	Picture	2	802583	0	1	1999	3	0	1920	other	0
chach	35	Sound	62	814565	0	1			0		hit	54
chach	35	Response	251	820224	5659	1
chach	36	Picture	202	849577	0	2	2000	4	0	1920	other	0
chach	37	Sound	62	861558	0	1			0		hit	57
chach	37	Response	251	866423	4865	1
chach	38	Picture	11	897406	0	2	2000	3	0	1920	other	0
chach	38	Sound	51	901555	4149	2			4150		other	0
chach	39	Sound	61	909389	0	1			0		hit	61
chach	39	Response	251	918746	9357	1
chach	40	Picture	1	945235	0	1	2000	2	0	1920	other	0
chach	41	Sound	61	957220	0	1			0		hit	64
chach	41	Response	251	962177	4957	1
chach	42	Picture	2	992397	0	1	1999	3	0	1920	other	0
chach	43	Sound	62	1004393	0	1			0		hit	67
chach	43	Response	251	1008372	3979	1
chach	44	Picture	24	1038558	0	2	2000	4	0	1920	other	0
chach	44	Sound	52	1044797	6239	2			6240		other	0
chach	45	Sound	64	1050548	0	1			0		hit	71
chach	45	Response	252	1055854	5306	1
chach	46	Picture	14	1084887	0	2	2000	3	0	1920	other	0
chach	46	Sound	51	1087656	2769	2			2770		other	0
chach	47	Sound	64	1096882	0	2			0		hit	75
chach	47	Response	252	1104437	7555	2
chach	48	Picture	4	1132882	0	2	2000	3	0	1920	other	0
chach	49	Sound	64	1144863	0	2			0		hit	78
chach	49	Response	252	1151542	6679	1
chach	50	Picture	101	1179711	0	1	1999	3	0	1920	other	0
chach	51	Sound	61	1191707	0	1			0		hit	81
chach	51	Response	251	1196546	4839	1
chach	52	Picture	204	1227539	0	2	2000	3	0	1920	other	0
chach	53	Sound	64	1239538	0	1			0		hit	84
chach	53	Response	252	1246058	6520	1
chach	54	Picture	101	1275534	0	2	2000	3	0	1920	other	0
chach	55	Sound	61	1287519	0	1			0		hit	87
chach	55	Response	251	1292120	4601	1
chach	56	Picture	1	1322863	0	1	2000	2	0	1920	other	0
chach	57	Sound	61	1334841	0	1			0		hit	90
chach	57	Response	251	1341644	6803	2
chach	58	Picture	21	1369691	0	2	2000	4	0	1920	other	0
chach	58	Sound	52	1377390	7699	2			7700		other	0
chach	59	Sound	61	1381684	0	1			0		hit	94
chach	59	Response	251	1386527	4843	1
chach	60	Picture	113	1417520	0	1	1999	3	0	1920	other	0
chach	60	Sound	51	1420109	2589	1			2590		other	0
chach	61	Sound	63	1429515	0	2			0		hit	98
chach	61	Response	252	1438971	9456	1
chach	62	Picture	103	1464182	0	1	1999	3	0	1920	other	0
chach	63	Sound	63	1476179	0	2			0		hit	101
chach	63	Response	252	1482724	6545	2
chach	64	Picture	204	1511177	0	1	2000	2	0	1920	other	0
chach	65	Sound	64	1523172	0	1			0		hit	104
chach	65	Response	252	1528442	5270	1
chach	66	Picture	202	1558005	0	2	2000	4	0	1920	other	0
chach	67	Sound	62	1569986	0	1			0		hit	107
chach	67	Response	251	1575270	5284	1
chach	68	Picture	4	1605834	0	1	2000	2	0	1920	other	0
chach	69	Sound	64	1617817	0	1			0		hit	110
chach	69	Response	252	1626355	8538	1
chach	70	Picture	103	1653829	0	1	2000	2	0	1920	other	0
chach	71	Sound	63	1665827	0	2			0		hit	113
chach	71	Response	252	1673941	8114	1
chach	72	Picture	4	1701991	0	1	1999	3	0	1920	other	0
chach	73	Sound	64	1713988	0	1			0		hit	116
chach	73	Response	252	1727924	13936	1
chach	74	Picture	13	1749153	0	1	1999	3	0	1920	other	0
chach	74	Sound	51	1754492	5339	2			5340		other	0
chach	75	Sound	63	1761130	0	2			0		hit	120
chach	75	Response	252	1768796	7666	2
chach	76	Picture	123	1796981	0	1	2000	2	0	1920	other	0
chach	76	Sound	52	1804460	7479	1			7480		other	0
chach	77	Sound	63	1808962	0	1			0		hit	124
chach	77	Response	252	1816797	7835	1
chach	78	Picture	204	1843309	0	2	2000	4	0	1920	other	0
chach	79	Sound	64	1855296	0	2			0		hit	127
chach	79	Response	252	1862906	7610	2
chach	80	Picture	22	1889972	0	1	1999	3	0	1920	other	0
chach	80	Sound	52	1896981	7009	2			7010		other	0
chach	81	Sound	62	1901960	0	1			0		hit	131
chach	81	Response	251	1907044	5084	2
chach	82	Picture	3	1937133	0	2	2000	3	0	1920	other	0
chach	83	Sound	63	1949133	0	1			0		hit	134
chach	83	Response	252	1955219	6086	2
chach	84	Picture	3	1985128	0	2	2000	4	0	1920	other	0
chach	85	Sound	63	1997113	0	2			0		incorrect	137
chach	85	Response	251	2004872	7759	2
chach	86	Picture	103	2032790	0	2	2000	3	0	1920	other	0
chach	87	Sound	63	2044765	0	1			0		hit	140
chach	87	Response	252	2055313	10548	2
chach	88	Picture	4	2079785	0	2	2000	4	0	1920	other	0
chach	89	Sound	64	2091758	0	1			0		hit	143
chach	89	Response	252	2098605	6847	1
chach	90	Picture	2	2126114	0	1	2000	2	0	1920	other	0
chach	91	Sound	62	2138093	0	1			0		hit	146
chach	91	Response	251	2143223	5130	2
chach	92	Picture	202	2173276	0	1	2000	2	0	1920	other	0
chach	93	Sound	62	2185265	0	1			0		hit	149
chach	93	Response	251	2189344	4079	2
chach	94	Picture	121	2219771	0	1	2000	2	0	1920	other	0
chach	94	Sound	52	2225500	5729	1			5730		other	0
chach	95	Sound	61	2231749	0	2			0		hit	153
chach	95	Response	251	2236823	5074	1
chach	96	Picture	101	2267433	0	1	2000	2	0	1920	other	0
chach	97	Sound	61	2279431	0	1			0		hit	156
chach	97	Response	251	2282969	3538	1
chach	98	Picture	2	2314428	0	2	2000	3	0	1920	other	0
chach	99	Sound	62	2326424	0	1			0		hit	159
chach	99	Response	251	2330615	4191	2
chach	100	Picture	212	2362590	0	1	2000	2	0	1920	other	0
chach	100	Sound	51	2367619	5029	1			5030		other	0
chach	101	Sound	62	2374584	0	1			0		hit	163
chach	101	Response	251	2380640	6056	1
chach	102	Picture	2	2408918	0	2	2000	4	0	1920	other	0
chach	103	Sound	62	2420889	0	1			0		hit	166
chach	103	Response	251	2425187	4298	1
chach	104	Picture	4	2455914	0	1	1999	3	0	1920	other	0
chach	105	Sound	64	2467912	0	1			0		hit	169
chach	105	Response	252	2474723	6811	1
chach	106	Picture	224	2504075	0	2	2000	3	0	1920	other	0
chach	106	Sound	52	2510504	6429	2			6430		other	0
chach	107	Sound	64	2516072	0	2			0		hit	173
chach	107	Response	252	2520365	4293	1
chach	108	Picture	2	2550570	0	2	2000	4	0	1920	other	0
chach	109	Sound	62	2562557	0	1			0		hit	176
chach	109	Response	251	2567955	5398	2
chach	110	Picture	204	2597899	0	1	2000	2	0	1920	other	0
chach	111	Sound	64	2609879	0	1			0		hit	179
chach	111	Response	252	2617443	7564	2
chach	112	Picture	101	2645394	0	2	2000	3	0	1920	other	0
chach	113	Sound	61	2657381	0	1			0		incorrect	182
chach	113	Response	252	2669279	11898	1
chach	114	Picture	214	2693223	0	1	1999	3	0	1920	other	0
chach	114	Sound	51	2696012	2789	1			2790		other	0
chach	115	Sound	64	2705212	0	1			0		hit	186
chach	115	Response	252	2711109	5897	1
chach	116	Picture	202	2739884	0	2	2000	4	0	1920	other	0
chach	117	Sound	62	2751876	0	1			0		hit	189
chach	117	Response	251	2756664	4788	1
chach	118	Picture	3	2786880	0	1	2000	2	0	1920	other	0
chach	119	Sound	63	2798869	0	1			0		hit	192
chach	119	Response	252	2804615	5746	1
chach	120	Picture	1	2834208	0	1	2000	2	0	1920	other	0
chach	121	Sound	61	2846191	0	1			0		hit	195
chach	121	Response	251	2849976	3785	1
chach	122	Picture	1	2881537	0	1	1999	3	0	1920	other	0
chach	123	Sound	61	2893513	0	1			0		hit	198
chach	123	Response	251	2901803	8290	1
chach	124	Picture	3	2928865	0	2	2000	3	0	1920	other	0
chach	125	Sound	63	2940836	0	1			0		hit	201
chach	125	Response	252	2947668	6832	1
chach	126	Picture	204	2975360	0	2	2000	4	0	1920	other	0
chach	127	Sound	64	2987350	0	1			0		hit	204
chach	127	Response	252	2997816	10466	1
chach	128	Picture	101	3021522	0	2	2000	3	0	1920	other	0
chach	129	Sound	61	3033505	0	1			0		hit	207
chach	129	Response	251	3037834	4329	1
chach	130	Picture	103	3067684	0	2	2000	3	0	1920	other	0
chach	131	Sound	63	3079660	0	1			0		hit	210
chach	131	Response	252	3086364	6704	1
chach	132	Picture	101	3115679	0	2	2000	3	0	1920	other	0
chach	133	Sound	61	3127670	0	2			0		hit	213
chach	133	Response	251	3133881	6211	2
chach	134	Response	253	3303869	141694	1


Event Type	Code	Type	Response	RT	RT Uncertainty	Time	Uncertainty	Duration	Uncertainty	ReqTime	ReqDur

Picture	10	other				12497	1	20164	3	0	20000
Picture	10	other				32828	1	40163	2	0	40000
Picture	10	other				73157	2	40163	3	0	40000
Nothing	91	other				113322	1			0
Picture	103	other				143483	2	2000	3	0	1920
Sound	63	hit	2	5574	2	155465	1			0
Picture	202	other				189812	1	2000	2	0	1920
Sound	62	hit	1	3626	2	201800	1			0
Picture	204	other				235974	1	2000	2	0	1920
Sound	64	hit	2	7031	3	247955	1			0
Picture	111	other				283802	2	2000	3	0	1920
Sound	51	other				288141	1			4340
Sound	61	hit	1	4777	3	295786	1			0
Picture	222	other				331631	1	2000	2	0	1920
Sound	52	other				338430	2			6800
Sound	62	hit	1	3788	2	343617	1			0
Picture	3	other				377959	2	2000	4	0	1920
Sound	63	hit	2	6116	3	389951	2			0
Picture	103	other				425121	2	2000	3	0	1920
Sound	63	hit	2	4198	3	437094	1			0
Picture	202	other				472116	2	2000	4	0	1920
Sound	62	hit	1	11246	2	484087	1			0
Picture	3	other				519945	2	2000	3	0	1920
Sound	63	hit	2	7532	4	531918	2			0
Picture	1	other				566274	1	1999	3	0	1920
Sound	61	hit	1	4781	2	578253	1			0
Picture	23	other				613935	2	2000	3	0	1920
Sound	52	other				621974	1			8040
Sound	63	hit	2	7222	2	625934	1			0
Picture	12	other				661097	2	2000	3	0	1920
Sound	51	other				665706	1			4610
Sound	62	hit	1	7243	2	673077	1			0
Picture	4	other				708259	2	2000	3	0	1920
Sound	64	hit	2	7750	2	720250	1			0
Picture	1	other				755088	1	1999	3	0	1920
Sound	61	hit	1	5149	3	767063	1			0
Picture	2	other				802583	1	1999	3	0	1920
Sound	62	hit	1	5659	2	814565	1			0
Picture	202	other				849577	2	2000	4	0	1920
Sound	62	hit	1	4865	2	861558	1			0
Picture	11	other				897406	2	2000	3	0	1920
Sound	51	other				901555	2			4150
Sound	61	hit	1	9357	2	909389	1			0
Picture	1	other				945235	1	2000	2	0	1920
Sound	61	hit	1	4957	2	957220	1			0
Picture	2	other				992397	1	1999	3	0	1920
Sound	62	hit	1	3979	2	1004393	1			0
Picture	24	other				1038558	2	2000	4	0	1920
Sound	52	other				1044797	2			6240
Sound	64	hit	2	5306	2	1050548	1			0
Picture	14	other				1084887	2	2000	3	0	1920
Sound	51	other				1087656	2			2770
Sound	64	hit	2	7555	4	1096882	2			0
Picture	4	other				1132882	2	2000	3	0	1920
Sound	64	hit	2	6679	3	1144863	2			0
Picture	101	other				1179711	1	1999	3	0	1920
Sound	61	hit	1	4839	2	1191707	1			0
Picture	204	other				1227539	2	2000	3	0	1920
Sound	64	hit	2	6520	2	1239538	1			0
Picture	101	other				1275534	2	2000	3	0	1920
Sound	61	hit	1	4601	2	1287519	1			0
Picture	1	other				1322863	1	2000	2	0	1920
Sound	61	hit	1	6803	3	1334841	1			0
Picture	21	other				1369691	2	2000	4	0	1920
Sound	52	other				1377390	2			7700
Sound	61	hit	1	4843	2	1381684	1			0
Picture	113	other				1417520	1	1999	3	0	1920
Sound	51	other				1420109	1			2590
Sound	63	hit	2	9456	3	1429515	2			0
Picture	103	other				1464182	1	1999	3	0	1920
Sound	63	hit	2	6545	4	1476179	2			0
Picture	204	other				1511177	1	2000	2	0	1920
Sound	64	hit	2	5270	2	1523172	1			0
Picture	202	other				1558005	2	2000	4	0	1920
Sound	62	hit	1	5284	2	1569986	1			0
Picture	4	other				1605834	1	2000	2	0	1920
Sound	64	hit	2	8538	2	1617817	1			0
Picture	103	other				1653829	1	2000	2	0	1920
Sound	63	hit	2	8114	3	1665827	2			0
Picture	4	other				1701991	1	1999	3	0	1920
Sound	64	hit	2	13936	2	1713988	1			0
Picture	13	other				1749153	1	1999	3	0	1920
Sound	51	other				1754492	2			5340
Sound	63	hit	2	7666	4	1761130	2			0
Picture	123	other				1796981	1	2000	2	0	1920
Sound	52	other				1804460	1			7480
Sound	63	hit	2	7835	2	1808962	1			0
Picture	204	other				1843309	2	2000	4	0	1920
Sound	64	hit	2	7610	4	1855296	2			0
Picture	22	other				1889972	1	1999	3	0	1920
Sound	52	other				1896981	2			7010
Sound	62	hit	1	5084	3	1901960	1			0
Picture	3	other				1937133	2	2000	3	0	1920
Sound	63	hit	2	6086	3	1949133	1			0
Picture	3	other				1985128	2	2000	4	0	1920
Sound	63	incorrect	1	7759	4	1997113	2			0
Picture	103	other				2032790	2	2000	3	0	1920
Sound	63	hit	2	10548	3	2044765	1			0
Picture	4	other				2079785	2	2000	4	0	1920
Sound	64	hit	2	6847	2	2091758	1			0
Picture	2	other				2126114	1	2000	2	0	1920
Sound	62	hit	1	5130	3	2138093	1			0
Picture	202	other				2173276	1	2000	2	0	1920
Sound	62	hit	1	4079	3	2185265	1			0
Picture	121	other				2219771	1	2000	2	0	1920
Sound	52	other				2225500	1			5730
Sound	61	hit	1	5074	3	2231749	2			0
Picture	101	other				2267433	1	2000	2	0	1920
Sound	61	hit	1	3538	2	2279431	1			0
Picture	2	other				2314428	2	2000	3	0	1920
Sound	62	hit	1	4191	3	2326424	1			0
Picture	212	other				2362590	1	2000	2	0	1920
Sound	51	other				2367619	1			5030
Sound	62	hit	1	6056	2	2374584	1			0
Picture	2	other				2408918	2	2000	4	0	1920
Sound	62	hit	1	4298	2	2420889	1			0
Picture	4	other				2455914	1	1999	3	0	1920
Sound	64	hit	2	6811	2	2467912	1			0
Picture	224	other				2504075	2	2000	3	0	1920
Sound	52	other				2510504	2			6430
Sound	64	hit	2	4293	3	2516072	2			0
Picture	2	other				2550570	2	2000	4	0	1920
Sound	62	hit	1	5398	3	2562557	1			0
Picture	204	other				2597899	1	2000	2	0	1920
Sound	64	hit	2	7564	3	2609879	1			0
Picture	101	other				2645394	2	2000	3	0	1920
Sound	61	incorrect	2	11898	2	2657381	1			0
Picture	214	other				2693223	1	1999	3	0	1920
Sound	51	other				2696012	1			2790
Sound	64	hit	2	5897	2	2705212	1			0
Picture	202	other				2739884	2	2000	4	0	1920
Sound	62	hit	1	4788	2	2751876	1			0
Picture	3	other				2786880	1	2000	2	0	1920
Sound	63	hit	2	5746	2	2798869	1			0
Picture	1	other				2834208	1	2000	2	0	1920
Sound	61	hit	1	3785	2	2846191	1			0
Picture	1	other				2881537	1	1999	3	0	1920
Sound	61	hit	1	8290	2	2893513	1			0
Picture	3	other				2928865	2	2000	3	0	1920
Sound	63	hit	2	6832	2	2940836	1			0
Picture	204	other				2975360	2	2000	4	0	1920
Sound	64	hit	2	10466	2	2987350	1			0
Picture	101	other				3021522	2	2000	3	0	1920
Sound	61	hit	1	4329	2	3033505	1			0
Picture	103	other				3067684	2	2000	3	0	1920
Sound	63	hit	2	6704	2	3079660	1			0
Picture	101	other				3115679	2	2000	3	0	1920
Sound	61	hit	1	6211	4	3127670	2			0
