Scenario - 17_March_2015
Logfile written - 07/10/2017 14:50:52

Subject	Trial	Event Type	Code	Time	TTime	Uncertainty	Duration	Uncertainty	ReqTime	ReqDur	Stim Type	Pair Index

chach	1	Response	253	77064	86897	1
chach	2	Picture	10	77157	0	1	20164	3	0	20000	other	0
chach	3	Picture	10	97488	0	2	40163	3	0	40000	other	0
chach	4	Picture	10	137817	0	2	40163	3	0	40000	other	0
chach	5	Nothing	91	177982	0	1			0		other	0
chach	6	Picture	12	208143	0	2	2000	4	0	1920	other	0
chach	6	Sound	51	213252	5109	1			5110		other	0
chach	7	Sound	62	220118	0	1			0		hit	9
chach	7	Response	251	226922	6804	1
chach	8	Picture	3	254805	0	2	2000	4	0	1920	other	0
chach	9	Sound	63	266782	0	1			0		hit	12
chach	9	Response	252	275540	8758	1
chach	10	Picture	22	302134	0	1	1999	3	0	1920	other	0
chach	10	Sound	52	310373	8239	1			8240		other	0
chach	11	Sound	62	314134	0	1			0		hit	16
chach	11	Response	251	321191	7057	2
chach	12	Picture	204	348296	0	1	1999	3	0	1920	other	0
chach	13	Sound	64	360289	0	1			0		hit	19
chach	13	Response	252	366404	6115	1
chach	14	Picture	204	394958	0	1	1999	3	0	1920	other	0
chach	15	Sound	64	406953	0	1			0		hit	22
chach	15	Response	252	412788	5835	1
chach	16	Picture	2	442453	0	2	1999	4	0	1920	other	0
chach	17	Sound	62	454425	0	1			0		hit	25
chach	17	Response	251	461824	7399	1
chach	18	Picture	2	489115	0	1	2000	2	0	1920	other	0
chach	19	Sound	62	501088	0	2			0		hit	28
chach	19	Response	251	508474	7386	1
chach	20	Picture	204	535443	0	2	2000	3	0	1920	other	0
chach	21	Sound	64	547423	0	1			0		hit	31
chach	21	Response	252	556378	8955	1
chach	22	Picture	1	581772	0	1	2000	2	0	1920	other	0
chach	23	Sound	61	593757	0	2			0		hit	34
chach	23	Response	251	604477	10720	1
chach	24	Picture	123	628934	0	1	2000	2	0	1920	other	0
chach	24	Sound	52	636003	7069	2			7070		other	0
chach	25	Sound	63	640930	0	1			0		hit	38
chach	25	Response	252	656570	15640	1
chach	26	Picture	103	675429	0	1	2000	2	0	1920	other	0
chach	27	Sound	63	687414	0	2			0		hit	41
chach	27	Response	252	696339	8925	2
chach	28	Picture	11	722758	0	1	1999	3	0	1920	other	0
chach	28	Sound	51	727397	4639	2			4640		other	0
chach	29	Sound	61	734737	0	1			0		hit	45
chach	29	Response	251	739531	4794	2
chach	30	Picture	202	769919	0	2	2000	3	0	1920	other	0
chach	31	Sound	62	781909	0	1			0		incorrect	48
chach	31	Response	252	791865	9956	1
chach	32	Picture	204	816914	0	2	2000	4	0	1920	other	0
chach	33	Sound	64	828902	0	2			0		hit	51
chach	33	Response	252	838149	9247	1
chach	34	Picture	101	863076	0	2	2000	3	0	1920	other	0
chach	35	Sound	61	875057	0	1			0		hit	54
chach	35	Response	251	885406	10349	1
chach	36	Picture	4	909738	0	2	2000	4	0	1920	other	0
chach	37	Sound	64	921721	0	1			0		hit	57
chach	37	Response	252	929513	7792	2
chach	38	Picture	1	956067	0	1	2000	2	0	1920	other	0
chach	39	Sound	61	968056	0	1			0		hit	60
chach	39	Response	251	972354	4298	1
chach	40	Picture	1	1003395	0	2	2000	4	0	1920	other	0
chach	41	Sound	61	1015378	0	1			0		hit	63
chach	41	Response	251	1020961	5583	1
chach	42	Picture	103	1050891	0	1	1999	3	0	1920	other	0
chach	43	Sound	63	1062880	0	1			0		hit	66
chach	43	Response	252	1071111	8231	1
chach	44	Picture	202	1098219	0	2	2000	3	0	1920	other	0
chach	45	Sound	62	1110202	0	1			0		incorrect	69
chach	45	Response	252	1124865	14663	1
chach	46	Picture	103	1144548	0	1	1999	3	0	1920	other	0
chach	47	Sound	63	1156536	0	2			0		hit	72
chach	47	Response	252	1166730	10194	2
chach	48	Picture	2	1190876	0	2	2000	3	0	1920	other	0
chach	49	Sound	62	1202871	0	1			0		hit	75
chach	49	Response	251	1208504	5633	2
chach	50	Picture	204	1238871	0	2	2000	3	0	1920	other	0
chach	51	Sound	64	1250852	0	1			0		hit	78
chach	51	Response	252	1260473	9621	2
chach	52	Picture	103	1285533	0	2	2000	3	0	1920	other	0
chach	53	Sound	63	1297516	0	1			0		hit	81
chach	53	Response	252	1304363	6847	1
chach	54	Picture	101	1332695	0	1	2000	2	0	1920	other	0
chach	55	Sound	61	1344688	0	2			0		hit	84
chach	55	Response	251	1350872	6184	1
chach	56	Picture	3	1379690	0	2	2000	4	0	1920	other	0
chach	57	Sound	63	1391681	0	2			0		hit	87
chach	57	Response	252	1398775	7094	1
chach	58	Picture	103	1426685	0	2	2000	4	0	1920	other	0
chach	59	Sound	63	1438674	0	2			0		hit	90
chach	59	Response	252	1445298	6624	1
chach	60	Picture	23	1473347	0	2	2000	3	0	1920	other	0
chach	60	Sound	52	1479766	6419	2			6420		other	0
chach	61	Sound	63	1485338	0	1			0		hit	94
chach	61	Response	252	1500176	14838	1
chach	62	Picture	24	1521176	0	1	2000	2	0	1920	other	0
chach	62	Sound	52	1527465	6289	2			6290		other	0
chach	63	Sound	64	1533169	0	2			0		hit	98
chach	63	Response	252	1540033	6864	1
chach	64	Picture	3	1568838	0	1	1999	3	0	1920	other	0
chach	65	Sound	63	1580821	0	1			0		hit	101
chach	65	Response	252	1586381	5560	1
chach	66	Picture	4	1615499	0	2	2000	4	0	1920	other	0
chach	67	Sound	64	1627485	0	1			0		hit	104
chach	67	Response	252	1632758	5273	1
chach	68	Picture	2	1662995	0	1	1999	3	0	1920	other	0
chach	69	Sound	62	1674987	0	1			0		hit	107
chach	69	Response	251	1680083	5096	2
chach	70	Picture	202	1709823	0	2	2000	3	0	1920	other	0
chach	71	Sound	62	1721800	0	1			0		hit	110
chach	71	Response	251	1730835	9035	2
chach	72	Picture	101	1756652	0	1	2000	2	0	1920	other	0
chach	73	Sound	61	1768643	0	2			0		hit	113
chach	73	Response	251	1773174	4531	2
chach	74	Picture	4	1804314	0	1	1999	3	0	1920	other	0
chach	75	Sound	64	1816295	0	1			0		incorrect	116
chach	75	Response	251	1824011	7716	1
chach	76	Picture	212	1850642	0	2	2000	3	0	1920	other	0
chach	76	Sound	51	1855271	4629	1			4630		other	0
chach	77	Sound	62	1862629	0	2			0		hit	120
chach	77	Response	251	1873576	10947	1
chach	78	Picture	101	1897471	0	2	1999	4	0	1920	other	0
chach	79	Sound	61	1909443	0	1			0		incorrect	123
chach	79	Response	252	1929670	20227	1
chach	80	Picture	1	1945466	0	1	2000	2	0	1920	other	0
chach	81	Sound	61	1957454	0	1			0		incorrect	126
chach	81	Response	252	1987442	29988	1
chach	82	Picture	224	1992461	0	2	2000	3	0	1920	other	0
chach	82	Sound	52	1998570	6109	1			6110		other	0
chach	83	Sound	64	2004447	0	1			0		hit	130
chach	83	Response	252	2021000	16553	2
chach	84	Picture	13	2039623	0	1	1999	3	0	1920	other	0
chach	84	Sound	51	2043033	3410	1			3410		other	0
chach	85	Sound	63	2051619	0	1			0		hit	134
chach	85	Response	252	2068871	17252	2
chach	86	Picture	101	2087284	0	2	2000	4	0	1920	other	0
chach	87	Sound	61	2099271	0	1			0		hit	137
chach	87	Response	251	2107507	8236	2
chach	88	Picture	2	2134780	0	1	2000	2	0	1920	other	0
chach	89	Sound	62	2146773	0	1			0		hit	140
chach	89	Response	251	2166154	19381	1
chach	90	Picture	121	2182775	0	1	2000	2	0	1920	other	0
chach	90	Sound	52	2188434	5659	1			5660		other	0
chach	91	Sound	61	2194754	0	1			0		hit	144
chach	91	Response	251	2217057	22303	1
chach	92	Picture	202	2230436	0	2	2000	4	0	1920	other	0
chach	93	Sound	62	2242435	0	1			0		hit	147
chach	93	Response	251	2250592	8157	1
chach	94	Picture	4	2277598	0	2	2000	4	0	1920	other	0
chach	95	Sound	64	2289578	0	1			0		hit	150
chach	95	Response	252	2298026	8448	1
chach	96	Picture	3	2325427	0	1	2000	2	0	1920	other	0
chach	97	Sound	63	2337409	0	1			0		hit	153
chach	97	Response	252	2352890	15481	1
chach	98	Picture	2	2371589	0	1	2000	2	0	1920	other	0
chach	99	Sound	62	2383564	0	1			0		hit	156
chach	99	Response	251	2393811	10247	1
chach	100	Picture	222	2418084	0	2	2000	3	0	1920	other	0
chach	100	Sound	52	2426353	8269	2			8270		other	0
chach	101	Sound	62	2430078	0	1			0		hit	160
chach	101	Response	251	2436993	6915	2
chach	102	Picture	101	2464246	0	1	2000	2	0	1920	other	0
chach	103	Sound	61	2476233	0	1			0		hit	163
chach	103	Response	251	2484709	8476	1
chach	104	Picture	103	2511074	0	2	2000	4	0	1920	other	0
chach	105	Sound	63	2523046	0	1			0		hit	166
chach	105	Response	252	2531586	8540	1
chach	106	Picture	111	2558736	0	2	2000	4	0	1920	other	0
chach	106	Sound	51	2561575	2839	1			2840		other	0
chach	107	Sound	61	2570728	0	1			0		hit	170
chach	107	Response	251	2582613	11885	1
chach	108	Picture	204	2606565	0	1	2000	2	0	1920	other	0
chach	109	Sound	64	2618559	0	1			0		hit	173
chach	109	Response	252	2625685	7126	2
chach	110	Picture	14	2653560	0	1	2000	2	0	1920	other	0
chach	110	Sound	51	2658059	4499	2			4500		other	0
chach	111	Sound	64	2665552	0	1			0		hit	177
chach	111	Response	252	2671668	6116	1
chach	112	Picture	3	2700555	0	2	2000	3	0	1920	other	0
chach	113	Sound	63	2712545	0	1			0		hit	180
chach	113	Response	252	2719812	7267	2
chach	114	Picture	202	2748217	0	2	1999	4	0	1920	other	0
chach	115	Sound	62	2760197	0	1			0		hit	183
chach	115	Response	251	2767594	7397	1
chach	116	Picture	3	2795712	0	1	2000	2	0	1920	other	0
chach	117	Sound	63	2807698	0	2			0		hit	186
chach	117	Response	252	2816391	8693	1
chach	118	Picture	4	2842041	0	1	2000	2	0	1920	other	0
chach	119	Sound	64	2854033	0	1			0		hit	189
chach	119	Response	252	2861020	6987	2
chach	120	Picture	113	2888536	0	1	2000	2	0	1920	other	0
chach	120	Sound	51	2893445	4909	1			4910		other	0
chach	121	Sound	63	2900517	0	1			0		hit	193
chach	121	Response	252	2910278	9761	1
chach	122	Picture	1	2936698	0	1	1999	3	0	1920	other	0
chach	123	Sound	61	2948678	0	1			0		hit	196
chach	123	Response	251	2955211	6533	2
chach	124	Picture	21	2984359	0	2	2000	3	0	1920	other	0
chach	124	Sound	52	2992078	7719	1			7720		other	0
chach	125	Sound	61	2996359	0	1			0		hit	200
chach	125	Response	251	3002850	6491	2
chach	126	Picture	1	3031855	0	1	1999	3	0	1920	other	0
chach	127	Sound	61	3043831	0	1			0		hit	203
chach	127	Response	251	3059644	15813	1
chach	128	Picture	214	3079516	0	2	2000	4	0	1920	other	0
chach	128	Sound	51	3082055	2539	1			2540		other	0
chach	129	Sound	64	3091512	0	2			0		hit	207
chach	129	Response	252	3098614	7102	1
chach	130	Picture	4	3126678	0	2	2000	3	0	1920	other	0
chach	131	Sound	64	3138655	0	1			0		hit	210
chach	131	Response	252	3145199	6544	1
chach	132	Picture	202	3174840	0	1	2000	2	0	1920	other	0
chach	133	Sound	62	3186816	0	1			0		hit	213
chach	133	Response	251	3193773	6957	1
chach	134	Response	253	3316079	94911	2


Event Type	Code	Type	Response	RT	RT Uncertainty	Time	Uncertainty	Duration	Uncertainty	ReqTime	ReqDur

Picture	10	other				77157	1	20164	3	0	20000
Picture	10	other				97488	2	40163	3	0	40000
Picture	10	other				137817	2	40163	3	0	40000
Nothing	91	other				177982	1			0
Picture	12	other				208143	2	2000	4	0	1920
Sound	51	other				213252	1			5110
Sound	62	hit	1	6804	2	220118	1			0
Picture	3	other				254805	2	2000	4	0	1920
Sound	63	hit	2	8758	2	266782	1			0
Picture	22	other				302134	1	1999	3	0	1920
Sound	52	other				310373	1			8240
Sound	62	hit	1	7057	3	314134	1			0
Picture	204	other				348296	1	1999	3	0	1920
Sound	64	hit	2	6115	2	360289	1			0
Picture	204	other				394958	1	1999	3	0	1920
Sound	64	hit	2	5835	2	406953	1			0
Picture	2	other				442453	2	1999	4	0	1920
Sound	62	hit	1	7399	2	454425	1			0
Picture	2	other				489115	1	2000	2	0	1920
Sound	62	hit	1	7386	3	501088	2			0
Picture	204	other				535443	2	2000	3	0	1920
Sound	64	hit	2	8955	2	547423	1			0
Picture	1	other				581772	1	2000	2	0	1920
Sound	61	hit	1	10720	3	593757	2			0
Picture	123	other				628934	1	2000	2	0	1920
Sound	52	other				636003	2			7070
Sound	63	hit	2	15640	2	640930	1			0
Picture	103	other				675429	1	2000	2	0	1920
Sound	63	hit	2	8925	4	687414	2			0
Picture	11	other				722758	1	1999	3	0	1920
Sound	51	other				727397	2			4640
Sound	61	hit	1	4794	3	734737	1			0
Picture	202	other				769919	2	2000	3	0	1920
Sound	62	incorrect	2	9956	2	781909	1			0
Picture	204	other				816914	2	2000	4	0	1920
Sound	64	hit	2	9247	3	828902	2			0
Picture	101	other				863076	2	2000	3	0	1920
Sound	61	hit	1	10349	2	875057	1			0
Picture	4	other				909738	2	2000	4	0	1920
Sound	64	hit	2	7792	3	921721	1			0
Picture	1	other				956067	1	2000	2	0	1920
Sound	61	hit	1	4298	2	968056	1			0
Picture	1	other				1003395	2	2000	4	0	1920
Sound	61	hit	1	5583	2	1015378	1			0
Picture	103	other				1050891	1	1999	3	0	1920
Sound	63	hit	2	8231	2	1062880	1			0
Picture	202	other				1098219	2	2000	3	0	1920
Sound	62	incorrect	2	14663	2	1110202	1			0
Picture	103	other				1144548	1	1999	3	0	1920
Sound	63	hit	2	10194	4	1156536	2			0
Picture	2	other				1190876	2	2000	3	0	1920
Sound	62	hit	1	5633	3	1202871	1			0
Picture	204	other				1238871	2	2000	3	0	1920
Sound	64	hit	2	9621	3	1250852	1			0
Picture	103	other				1285533	2	2000	3	0	1920
Sound	63	hit	2	6847	2	1297516	1			0
Picture	101	other				1332695	1	2000	2	0	1920
Sound	61	hit	1	6184	3	1344688	2			0
Picture	3	other				1379690	2	2000	4	0	1920
Sound	63	hit	2	7094	3	1391681	2			0
Picture	103	other				1426685	2	2000	4	0	1920
Sound	63	hit	2	6624	3	1438674	2			0
Picture	23	other				1473347	2	2000	3	0	1920
Sound	52	other				1479766	2			6420
Sound	63	hit	2	14838	2	1485338	1			0
Picture	24	other				1521176	1	2000	2	0	1920
Sound	52	other				1527465	2			6290
Sound	64	hit	2	6864	3	1533169	2			0
Picture	3	other				1568838	1	1999	3	0	1920
Sound	63	hit	2	5560	2	1580821	1			0
Picture	4	other				1615499	2	2000	4	0	1920
Sound	64	hit	2	5273	2	1627485	1			0
Picture	2	other				1662995	1	1999	3	0	1920
Sound	62	hit	1	5096	3	1674987	1			0
Picture	202	other				1709823	2	2000	3	0	1920
Sound	62	hit	1	9035	3	1721800	1			0
Picture	101	other				1756652	1	2000	2	0	1920
Sound	61	hit	1	4531	4	1768643	2			0
Picture	4	other				1804314	1	1999	3	0	1920
Sound	64	incorrect	1	7716	2	1816295	1			0
Picture	212	other				1850642	2	2000	3	0	1920
Sound	51	other				1855271	1			4630
Sound	62	hit	1	10947	3	1862629	2			0
Picture	101	other				1897471	2	1999	4	0	1920
Sound	61	incorrect	2	20227	2	1909443	1			0
Picture	1	other				1945466	1	2000	2	0	1920
Sound	61	incorrect	2	29988	2	1957454	1			0
Picture	224	other				1992461	2	2000	3	0	1920
Sound	52	other				1998570	1			6110
Sound	64	hit	2	16553	3	2004447	1			0
Picture	13	other				2039623	1	1999	3	0	1920
Sound	51	other				2043033	1			3410
Sound	63	hit	2	17252	3	2051619	1			0
Picture	101	other				2087284	2	2000	4	0	1920
Sound	61	hit	1	8236	3	2099271	1			0
Picture	2	other				2134780	1	2000	2	0	1920
Sound	62	hit	1	19381	2	2146773	1			0
Picture	121	other				2182775	1	2000	2	0	1920
Sound	52	other				2188434	1			5660
Sound	61	hit	1	22303	2	2194754	1			0
Picture	202	other				2230436	2	2000	4	0	1920
Sound	62	hit	1	8157	2	2242435	1			0
Picture	4	other				2277598	2	2000	4	0	1920
Sound	64	hit	2	8448	2	2289578	1			0
Picture	3	other				2325427	1	2000	2	0	1920
Sound	63	hit	2	15481	2	2337409	1			0
Picture	2	other				2371589	1	2000	2	0	1920
Sound	62	hit	1	10247	2	2383564	1			0
Picture	222	other				2418084	2	2000	3	0	1920
Sound	52	other				2426353	2			8270
Sound	62	hit	1	6915	3	2430078	1			0
Picture	101	other				2464246	1	2000	2	0	1920
Sound	61	hit	1	8476	2	2476233	1			0
Picture	103	other				2511074	2	2000	4	0	1920
Sound	63	hit	2	8540	2	2523046	1			0
Picture	111	other				2558736	2	2000	4	0	1920
Sound	51	other				2561575	1			2840
Sound	61	hit	1	11885	2	2570728	1			0
Picture	204	other				2606565	1	2000	2	0	1920
Sound	64	hit	2	7126	3	2618559	1			0
Picture	14	other				2653560	1	2000	2	0	1920
Sound	51	other				2658059	2			4500
Sound	64	hit	2	6116	2	2665552	1			0
Picture	3	other				2700555	2	2000	3	0	1920
Sound	63	hit	2	7267	3	2712545	1			0
Picture	202	other				2748217	2	1999	4	0	1920
Sound	62	hit	1	7397	2	2760197	1			0
Picture	3	other				2795712	1	2000	2	0	1920
Sound	63	hit	2	8693	3	2807698	2			0
Picture	4	other				2842041	1	2000	2	0	1920
Sound	64	hit	2	6987	3	2854033	1			0
Picture	113	other				2888536	1	2000	2	0	1920
Sound	51	other				2893445	1			4910
Sound	63	hit	2	9761	2	2900517	1			0
Picture	1	other				2936698	1	1999	3	0	1920
Sound	61	hit	1	6533	3	2948678	1			0
Picture	21	other				2984359	2	2000	3	0	1920
Sound	52	other				2992078	1			7720
Sound	61	hit	1	6491	3	2996359	1			0
Picture	1	other				3031855	1	1999	3	0	1920
Sound	61	hit	1	15813	2	3043831	1			0
Picture	214	other				3079516	2	2000	4	0	1920
Sound	51	other				3082055	1			2540
Sound	64	hit	2	7102	3	3091512	2			0
Picture	4	other				3126678	2	2000	3	0	1920
Sound	64	hit	2	6544	2	3138655	1			0
Picture	202	other				3174840	1	2000	2	0	1920
Sound	62	hit	1	6957	2	3186816	1			0
