Scenario - 17_March_2015
Logfile written - 05/05/2017 16:13:31

Subject	Trial	Event Type	Code	Time	TTime	Uncertainty	Duration	Uncertainty	ReqTime	ReqDur	Stim Type	Pair Index

leychr	1	Response	253	27174	36841	4
leychr	2	Picture	10	27327	0	3	20166	6	0	20000	other	0
leychr	3	Picture	10	47658	0	4	40163	7	0	40000	other	0
leychr	3	Response	251	64002	16344	2
leychr	4	Picture	10	87988	0	4	40164	7	0	40000	other	0
leychr	4	Response	252	101255	13267	2
leychr	5	Nothing	91	128159	0	2			0		other	0
leychr	6	Picture	204	158649	0	3	2000	7	0	1920	other	0
leychr	7	Sound	64	170646	0	2			0		hit	10
leychr	7	Response	252	176142	5496	3
leychr	8	Picture	202	205309	0	6	2003	9	0	1920	other	0
leychr	9	Sound	62	217311	0	2			0		hit	13
leychr	9	Response	251	222169	4858	2
leychr	10	Picture	111	253139	0	6	2002	10	0	1920	other	0
leychr	10	Sound	51	257239	4100	1			4100		other	0
leychr	11	Sound	61	265142	0	2			0		hit	17
leychr	11	Response	251	275752	10610	2
leychr	12	Picture	204	299469	0	3	2001	6	0	1920	other	0
leychr	13	Sound	64	311448	0	1			0		hit	20
leychr	13	Response	252	316213	4765	2
leychr	14	Picture	113	347632	0	3	2000	6	0	1920	other	0
leychr	14	Sound	51	352471	4839	2			4840		other	0
leychr	15	Sound	63	359639	0	3			0		hit	24
leychr	15	Response	252	365095	5456	2
leychr	16	Picture	202	394462	0	3	1999	6	0	1920	other	0
leychr	17	Sound	62	406453	0	1			0		hit	27
leychr	17	Response	251	410669	4216	2
leychr	18	Picture	12	441957	0	3	2000	6	0	1920	other	0
leychr	18	Sound	51	445697	3740	2			3740		other	0
leychr	19	Sound	62	453955	0	2			0		hit	31
leychr	19	Response	251	458293	4338	2
leychr	20	Picture	4	488619	0	4	2001	6	0	1920	other	0
leychr	21	Sound	64	500619	0	2			0		hit	34
leychr	21	Response	252	503908	3289	2
leychr	22	Picture	4	536448	0	5	2000	8	0	1920	other	0
leychr	23	Sound	64	548451	0	2			0		hit	37
leychr	23	Response	252	551959	3508	2
leychr	24	Picture	23	583756	0	24	2020	28	0	1920	other	0
leychr	24	Sound	52	589906	6150	2			6150		other	0
leychr	25	Sound	63	595744	0	2			0		hit	41
leychr	25	Response	252	601853	6109	3
leychr	26	Picture	3	631440	0	3	2000	6	0	1920	other	0
leychr	27	Sound	63	643426	0	2			0		hit	44
leychr	27	Response	252	647263	3837	2
leychr	28	Picture	1	678103	0	3	1999	5	0	1920	other	0
leychr	29	Sound	61	690091	0	3			0		hit	47
leychr	29	Response	251	693574	3483	2
leychr	30	Picture	2	724598	0	3	2000	6	0	1920	other	0
leychr	31	Sound	62	736605	0	2			0		hit	50
leychr	31	Response	251	741377	4772	2
leychr	32	Picture	101	771593	0	4	2000	7	0	1920	other	0
leychr	33	Sound	61	783599	0	1			0		hit	53
leychr	33	Response	251	787961	4362	2
leychr	34	Picture	4	817922	0	3	2001	6	0	1920	other	0
leychr	35	Sound	64	829904	0	1			0		hit	56
leychr	35	Response	252	833769	3865	2
leychr	36	Picture	4	865418	0	3	2000	6	0	1920	other	0
leychr	37	Sound	64	877406	0	2			0		hit	59
leychr	37	Response	252	880843	3437	2
leychr	38	Picture	1	912415	0	3	1999	6	0	1920	other	0
leychr	39	Sound	61	924399	0	2			0		hit	62
leychr	39	Response	251	927294	2895	2
leychr	40	Picture	1	958910	0	3	2000	6	0	1920	other	0
leychr	41	Sound	61	970915	0	3			0		hit	65
leychr	41	Response	251	977465	6550	2
leychr	42	Picture	101	1006239	0	3	2000	5	0	1920	other	0
leychr	43	Sound	61	1018237	0	2			0		hit	68
leychr	43	Response	251	1022153	3916	3
leychr	44	Picture	101	1053068	0	4	2000	7	0	1920	other	0
leychr	45	Sound	61	1065051	0	2			0		hit	71
leychr	45	Response	251	1068340	3289	2
leychr	46	Picture	2	1099397	0	4	2001	6	0	1920	other	0
leychr	47	Sound	62	1111386	0	2			0		hit	74
leychr	47	Response	251	1117379	5993	3
leychr	48	Picture	204	1145727	0	3	2000	6	0	1920	other	0
leychr	49	Sound	64	1157722	0	1			0		hit	77
leychr	49	Response	252	1162297	4575	3
leychr	50	Picture	24	1192556	0	3	2000	5	0	1920	other	0
leychr	50	Sound	52	1199575	7019	2			7020		other	0
leychr	51	Sound	64	1204536	0	1			0		hit	81
leychr	51	Response	252	1209044	4508	2
leychr	52	Picture	4	1239219	0	3	1998	6	0	1920	other	0
leychr	53	Sound	64	1251200	0	2			0		hit	84
leychr	53	Response	252	1255014	3814	2
leychr	54	Picture	224	1287214	0	3	2000	7	0	1920	other	0
leychr	54	Sound	52	1292943	5729	2			5730		other	0
leychr	55	Sound	64	1299211	0	2			0		hit	88
leychr	55	Response	252	1302462	3251	2
leychr	56	Picture	1	1334376	0	3	2000	6	0	1920	other	0
leychr	57	Sound	61	1346384	0	2			0		hit	91
leychr	57	Response	251	1349497	3113	2
leychr	58	Picture	212	1381705	0	5	2000	8	0	1920	other	0
leychr	58	Sound	51	1384814	3109	2			3110		other	0
leychr	59	Sound	62	1393707	0	2			0		hit	95
leychr	59	Response	251	1398796	5089	4
leychr	60	Picture	13	1429534	0	3	2000	6	0	1920	other	0
leychr	60	Sound	51	1433234	3700	1			3700		other	0
leychr	61	Sound	63	1441539	0	2			0		hit	99
leychr	61	Response	252	1445618	4079	2
leychr	62	Picture	202	1476197	0	3	2000	5	0	1920	other	0
leychr	63	Sound	62	1488203	0	2			0		hit	102
leychr	63	Response	251	1494554	6351	2
leychr	64	Picture	204	1523693	0	3	1999	6	0	1920	other	0
leychr	65	Sound	64	1535676	0	2			0		hit	105
leychr	65	Response	252	1540082	4406	2
leychr	66	Picture	1	1570188	0	5	2000	8	0	1920	other	0
leychr	67	Sound	61	1582190	0	2			0		hit	108
leychr	67	Response	251	1585543	3353	4
leychr	68	Picture	22	1616684	0	3	2000	5	0	1920	other	0
leychr	68	Sound	52	1622774	6090	1			6090		other	0
leychr	69	Sound	62	1628675	0	2			0		hit	112
leychr	69	Response	251	1634220	5545	3
leychr	70	Picture	123	1664013	0	3	2000	6	0	1920	other	0
leychr	70	Sound	52	1671683	7670	2			7670		other	0
leychr	71	Sound	63	1675998	0	1			0		hit	116
leychr	71	Response	252	1682182	6184	2
leychr	72	Picture	2	1711510	0	2	1999	5	0	1920	other	0
leychr	73	Sound	62	1723500	0	2			0		hit	119
leychr	73	Response	251	1728149	4649	2
leychr	74	Picture	103	1758005	0	3	2000	6	0	1920	other	0
leychr	75	Sound	63	1769985	0	2			0		hit	122
leychr	75	Response	252	1775964	5979	2
leychr	76	Picture	204	1804667	0	3	2000	6	0	1920	other	0
leychr	77	Sound	64	1816650	0	3			0		hit	125
leychr	77	Response	252	1820601	3951	4
leychr	78	Picture	214	1852477	0	23	2019	26	0	1920	other	0
leychr	78	Sound	51	1856747	4270	2			4270		other	0
leychr	79	Sound	64	1864481	0	2			0		hit	129
leychr	79	Response	252	1868160	3679	2
leychr	80	Picture	202	1900159	0	3	2000	5	0	1920	other	0
leychr	81	Sound	62	1912163	0	2			0		hit	132
leychr	81	Response	251	1915724	3561	3
leychr	82	Picture	101	1948155	0	2	1999	5	0	1920	other	0
leychr	83	Sound	61	1960145	0	3			0		hit	135
leychr	83	Response	251	1963812	3667	2
leychr	84	Picture	2	1995150	0	3	2000	5	0	1920	other	0
leychr	85	Sound	62	2007138	0	2			0		hit	138
leychr	85	Response	251	2010943	3805	2
leychr	86	Picture	202	2042812	0	3	2001	5	0	1920	other	0
leychr	87	Sound	62	2054790	0	2			0		hit	141
leychr	87	Response	251	2058438	3648	2
leychr	88	Picture	1	2090641	0	3	2001	6	0	1920	other	0
leychr	89	Sound	61	2102622	0	3			0		hit	144
leychr	89	Response	251	2105897	3275	2
leychr	90	Picture	2	2137137	0	3	2000	6	0	1920	other	0
leychr	91	Sound	62	2149137	0	2			0		hit	147
leychr	91	Response	251	2152915	3778	2
leychr	92	Picture	204	2183966	0	3	2000	6	0	1920	other	0
leychr	93	Sound	64	2195951	0	1			0		hit	150
leychr	93	Response	252	2200192	4241	2
leychr	94	Picture	14	2230795	0	4	2001	6	0	1920	other	0
leychr	94	Sound	51	2235305	4510	2			4510		other	0
leychr	95	Sound	64	2242795	0	1			0		hit	154
leychr	95	Response	252	2246138	3343	2
leychr	96	Picture	222	2278458	0	3	2000	6	0	1920	other	0
leychr	96	Sound	52	2286428	7970	1			7970		other	0
leychr	97	Sound	62	2290446	0	2			0		incorrect	158
leychr	97	Response	252	2295566	5120	3
leychr	97	Response	251	2300496	10050	5
leychr	98	Picture	103	2325454	0	3	1999	6	0	1920	other	0
leychr	99	Sound	63	2337440	0	2			0		hit	162
leychr	99	Response	252	2344086	6646	4
leychr	100	Picture	2	2373282	0	3	2001	6	0	1920	other	0
leychr	101	Sound	62	2385272	0	2			0		hit	165
leychr	101	Response	251	2389721	4449	3
leychr	102	Picture	103	2421111	0	3	2001	6	0	1920	other	0
leychr	103	Sound	63	2433103	0	2			0		hit	168
leychr	103	Response	252	2439302	6199	2
leychr	104	Picture	11	2469107	0	3	2000	6	0	1920	other	0
leychr	104	Sound	51	2472896	3789	2			3790		other	0
leychr	105	Sound	61	2481085	0	2			0		hit	172
leychr	105	Response	251	2484280	3195	2
leychr	106	Picture	103	2516434	0	5	2002	8	0	1920	other	0
leychr	107	Sound	63	2528438	0	2			0		hit	175
leychr	107	Response	252	2532628	4190	2
leychr	108	Picture	3	2564099	0	3	2000	5	0	1920	other	0
leychr	109	Sound	63	2576090	0	2			0		hit	178
leychr	109	Response	252	2579553	3463	2
leychr	110	Picture	103	2611928	0	3	1997	8	0	1920	other	0
leychr	111	Sound	63	2623922	0	3			0		hit	181
leychr	111	Response	252	2628081	4159	2
leychr	112	Picture	121	2658256	0	4	2001	7	0	1920	other	0
leychr	112	Sound	52	2663896	5640	1			5640		other	0
leychr	113	Sound	61	2670257	0	1			0		hit	185
leychr	113	Response	251	2673773	3516	3
leychr	114	Picture	103	2706420	0	2	1999	5	0	1920	other	0
leychr	115	Sound	63	2718417	0	2			0		hit	188
leychr	115	Response	252	2722360	3943	3
leychr	116	Picture	3	2753915	0	3	2000	5	0	1920	other	0
leychr	117	Sound	63	2765920	0	2			0		hit	191
leychr	117	Response	252	2769700	3780	2
leychr	118	Picture	101	2801909	0	5	2001	9	0	1920	other	0
leychr	119	Sound	61	2813901	0	2			0		hit	194
leychr	119	Response	251	2818366	4465	2
leychr	119	Response	251	2820900	6999	2
leychr	120	Picture	21	2848406	0	3	2000	5	0	1920	other	0
leychr	120	Sound	52	2856825	8419	4			8420		other	0
leychr	121	Sound	61	2860386	0	2			0		hit	199
leychr	121	Response	251	2865352	4966	2
leychr	122	Picture	202	2895902	0	3	2000	6	0	1920	other	0
leychr	123	Sound	62	2907888	0	2			0		hit	202
leychr	123	Response	251	2913247	5359	4
leychr	124	Picture	3	2943564	0	3	2001	5	0	1920	other	0
leychr	125	Sound	63	2955570	0	2			0		hit	205
leychr	125	Response	252	2959765	4195	2
leychr	126	Picture	4	2990560	0	3	2000	6	0	1920	other	0
leychr	127	Sound	64	3002564	0	2			0		hit	208
leychr	127	Response	252	3006724	4160	2
leychr	128	Picture	3	3038055	0	3	2001	5	0	1920	other	0
leychr	129	Sound	63	3050036	0	2			0		hit	211
leychr	129	Response	252	3054022	3986	2
leychr	130	Picture	3	3085051	0	3	2001	5	0	1920	other	0
leychr	131	Sound	63	3097030	0	2			0		hit	214
leychr	131	Response	252	3100831	3801	16
leychr	132	Picture	101	3131714	0	3	2000	6	0	1920	other	0
leychr	133	Sound	61	3143695	0	3			0		hit	217
leychr	133	Response	251	3147417	3722	2
leychr	134	Response	253	4020290	840580	7


Event Type	Code	Type	Response	RT	RT Uncertainty	Time	Uncertainty	Duration	Uncertainty	ReqTime	ReqDur

Picture	10	other				27327	3	20166	6	0	20000
Picture	10	other				47658	4	40163	7	0	40000
Picture	10	other				87988	4	40164	7	0	40000
Nothing	91	other				128159	2			0
Picture	204	other				158649	3	2000	7	0	1920
Sound	64	hit	2	5496	5	170646	2			0
Picture	202	other				205309	6	2003	9	0	1920
Sound	62	hit	1	4858	4	217311	2			0
Picture	111	other				253139	6	2002	10	0	1920
Sound	51	other				257239	1			4100
Sound	61	hit	1	10610	4	265142	2			0
Picture	204	other				299469	3	2001	6	0	1920
Sound	64	hit	2	4765	3	311448	1			0
Picture	113	other				347632	3	2000	6	0	1920
Sound	51	other				352471	2			4840
Sound	63	hit	2	5456	5	359639	3			0
Picture	202	other				394462	3	1999	6	0	1920
Sound	62	hit	1	4216	3	406453	1			0
Picture	12	other				441957	3	2000	6	0	1920
Sound	51	other				445697	2			3740
Sound	62	hit	1	4338	4	453955	2			0
Picture	4	other				488619	4	2001	6	0	1920
Sound	64	hit	2	3289	4	500619	2			0
Picture	4	other				536448	5	2000	8	0	1920
Sound	64	hit	2	3508	4	548451	2			0
Picture	23	other				583756	24	2020	28	0	1920
Sound	52	other				589906	2			6150
Sound	63	hit	2	6109	5	595744	2			0
Picture	3	other				631440	3	2000	6	0	1920
Sound	63	hit	2	3837	4	643426	2			0
Picture	1	other				678103	3	1999	5	0	1920
Sound	61	hit	1	3483	5	690091	3			0
Picture	2	other				724598	3	2000	6	0	1920
Sound	62	hit	1	4772	4	736605	2			0
Picture	101	other				771593	4	2000	7	0	1920
Sound	61	hit	1	4362	3	783599	1			0
Picture	4	other				817922	3	2001	6	0	1920
Sound	64	hit	2	3865	3	829904	1			0
Picture	4	other				865418	3	2000	6	0	1920
Sound	64	hit	2	3437	4	877406	2			0
Picture	1	other				912415	3	1999	6	0	1920
Sound	61	hit	1	2895	4	924399	2			0
Picture	1	other				958910	3	2000	6	0	1920
Sound	61	hit	1	6550	5	970915	3			0
Picture	101	other				1006239	3	2000	5	0	1920
Sound	61	hit	1	3916	5	1018237	2			0
Picture	101	other				1053068	4	2000	7	0	1920
Sound	61	hit	1	3289	4	1065051	2			0
Picture	2	other				1099397	4	2001	6	0	1920
Sound	62	hit	1	5993	5	1111386	2			0
Picture	204	other				1145727	3	2000	6	0	1920
Sound	64	hit	2	4575	4	1157722	1			0
Picture	24	other				1192556	3	2000	5	0	1920
Sound	52	other				1199575	2			7020
Sound	64	hit	2	4508	3	1204536	1			0
Picture	4	other				1239219	3	1998	6	0	1920
Sound	64	hit	2	3814	4	1251200	2			0
Picture	224	other				1287214	3	2000	7	0	1920
Sound	52	other				1292943	2			5730
Sound	64	hit	2	3251	4	1299211	2			0
Picture	1	other				1334376	3	2000	6	0	1920
Sound	61	hit	1	3113	4	1346384	2			0
Picture	212	other				1381705	5	2000	8	0	1920
Sound	51	other				1384814	2			3110
Sound	62	hit	1	5089	6	1393707	2			0
Picture	13	other				1429534	3	2000	6	0	1920
Sound	51	other				1433234	1			3700
Sound	63	hit	2	4079	4	1441539	2			0
Picture	202	other				1476197	3	2000	5	0	1920
Sound	62	hit	1	6351	4	1488203	2			0
Picture	204	other				1523693	3	1999	6	0	1920
Sound	64	hit	2	4406	4	1535676	2			0
Picture	1	other				1570188	5	2000	8	0	1920
Sound	61	hit	1	3353	6	1582190	2			0
Picture	22	other				1616684	3	2000	5	0	1920
Sound	52	other				1622774	1			6090
Sound	62	hit	1	5545	5	1628675	2			0
Picture	123	other				1664013	3	2000	6	0	1920
Sound	52	other				1671683	2			7670
Sound	63	hit	2	6184	3	1675998	1			0
Picture	2	other				1711510	2	1999	5	0	1920
Sound	62	hit	1	4649	4	1723500	2			0
Picture	103	other				1758005	3	2000	6	0	1920
Sound	63	hit	2	5979	4	1769985	2			0
Picture	204	other				1804667	3	2000	6	0	1920
Sound	64	hit	2	3951	7	1816650	3			0
Picture	214	other				1852477	23	2019	26	0	1920
Sound	51	other				1856747	2			4270
Sound	64	hit	2	3679	4	1864481	2			0
Picture	202	other				1900159	3	2000	5	0	1920
Sound	62	hit	1	3561	5	1912163	2			0
Picture	101	other				1948155	2	1999	5	0	1920
Sound	61	hit	1	3667	5	1960145	3			0
Picture	2	other				1995150	3	2000	5	0	1920
Sound	62	hit	1	3805	4	2007138	2			0
Picture	202	other				2042812	3	2001	5	0	1920
Sound	62	hit	1	3648	4	2054790	2			0
Picture	1	other				2090641	3	2001	6	0	1920
Sound	61	hit	1	3275	5	2102622	3			0
Picture	2	other				2137137	3	2000	6	0	1920
Sound	62	hit	1	3778	4	2149137	2			0
Picture	204	other				2183966	3	2000	6	0	1920
Sound	64	hit	2	4241	3	2195951	1			0
Picture	14	other				2230795	4	2001	6	0	1920
Sound	51	other				2235305	2			4510
Sound	64	hit	2	3343	3	2242795	1			0
Picture	222	other				2278458	3	2000	6	0	1920
Sound	52	other				2286428	1			7970
Sound	62	incorrect	2	5120	5	2290446	2			0
Picture	103	other				2325454	3	1999	6	0	1920
Sound	63	hit	2	6646	6	2337440	2			0
Picture	2	other				2373282	3	2001	6	0	1920
Sound	62	hit	1	4449	5	2385272	2			0
Picture	103	other				2421111	3	2001	6	0	1920
Sound	63	hit	2	6199	4	2433103	2			0
Picture	11	other				2469107	3	2000	6	0	1920
Sound	51	other				2472896	2			3790
Sound	61	hit	1	3195	4	2481085	2			0
Picture	103	other				2516434	5	2002	8	0	1920
Sound	63	hit	2	4190	4	2528438	2			0
Picture	3	other				2564099	3	2000	5	0	1920
Sound	63	hit	2	3463	4	2576090	2			0
Picture	103	other				2611928	3	1997	8	0	1920
Sound	63	hit	2	4159	5	2623922	3			0
Picture	121	other				2658256	4	2001	7	0	1920
Sound	52	other				2663896	1			5640
Sound	61	hit	1	3516	4	2670257	1			0
Picture	103	other				2706420	2	1999	5	0	1920
Sound	63	hit	2	3943	5	2718417	2			0
Picture	3	other				2753915	3	2000	5	0	1920
Sound	63	hit	2	3780	4	2765920	2			0
Picture	101	other				2801909	5	2001	9	0	1920
Sound	61	hit	1	4465	4	2813901	2			0
Picture	21	other				2848406	3	2000	5	0	1920
Sound	52	other				2856825	4			8420
Sound	61	hit	1	4966	4	2860386	2			0
Picture	202	other				2895902	3	2000	6	0	1920
Sound	62	hit	1	5359	6	2907888	2			0
Picture	3	other				2943564	3	2001	5	0	1920
Sound	63	hit	2	4195	4	2955570	2			0
Picture	4	other				2990560	3	2000	6	0	1920
Sound	64	hit	2	4160	4	3002564	2			0
Picture	3	other				3038055	3	2001	5	0	1920
Sound	63	hit	2	3986	4	3050036	2			0
Picture	3	other				3085051	3	2001	5	0	1920
Sound	63	hit	2	3801	18	3097030	2			0
Picture	101	other				3131714	3	2000	6	0	1920
Sound	61	hit	1	3722	5	3143695	3			0
