Scenario - 17_March_2015
Logfile written - 05/05/2017 15:01:42

Subject	Trial	Event Type	Code	Time	TTime	Uncertainty	Duration	Uncertainty	ReqTime	ReqDur	Stim Type	Pair Index

leychr	1	Response	253	8256	17924	3
leychr	2	Picture	10	8329	0	3	20165	6	0	20000	other	0
leychr	3	Picture	10	28661	0	2	40163	4	0	40000	other	0
leychr	3	Response	251	45638	16977	2
leychr	4	Picture	10	68991	0	3	40162	6	0	40000	other	0
leychr	4	Response	252	83143	14152	1
leychr	5	Nothing	91	109160	0	2			0		other	0
leychr	6	Picture	202	139485	0	3	1999	6	0	1920	other	0
leychr	7	Sound	62	151490	0	3			0		hit	10
leychr	7	Response	251	155387	3897	2
leychr	8	Picture	1	186647	0	3	1999	6	0	1920	other	0
leychr	9	Sound	61	198633	0	2			0		hit	13
leychr	9	Response	251	205048	6415	2
leychr	10	Picture	103	233141	0	4	2000	9	0	1920	other	0
leychr	11	Sound	63	245148	0	1			0		hit	16
leychr	11	Response	252	249202	4054	2
leychr	12	Picture	204	280805	0	3	1999	7	0	1920	other	0
leychr	13	Sound	64	292800	0	2			0		hit	19
leychr	13	Response	252	299764	6964	2
leychr	14	Picture	2	327801	0	3	1999	6	0	1920	other	0
leychr	15	Sound	62	339793	0	2			0		hit	22
leychr	15	Response	251	344523	4730	4
leychr	16	Picture	103	374963	0	2	2000	4	0	1920	other	0
leychr	17	Sound	63	386967	0	3			0		incorrect	25
leychr	17	Response	251	398491	11524	1
leychr	18	Picture	123	422626	0	3	1999	6	0	1920	other	0
leychr	18	Sound	52	428715	6089	2			6090		other	0
leychr	19	Sound	63	434619	0	2			0		incorrect	29
leychr	19	Response	251	440597	5978	2
leychr	19	Response	251	444550	9931	2
leychr	20	Picture	3	469954	0	3	2001	5	0	1920	other	0
leychr	21	Sound	63	481941	0	2			0		incorrect	33
leychr	21	Response	251	486157	4216	2
leychr	22	Picture	14	516950	0	3	2000	6	0	1920	other	0
leychr	22	Sound	51	520300	3350	1			3350		other	0
leychr	23	Sound	64	528935	0	2			0		incorrect	37
leychr	23	Response	251	535242	6307	2
leychr	24	Picture	3	564944	0	5	2002	8	0	1920	other	0
leychr	25	Sound	63	576946	0	2			0		incorrect	40
leychr	25	Response	251	581714	4768	2
leychr	26	Picture	101	612775	0	5	1999	8	0	1920	other	0
leychr	27	Sound	61	624778	0	2			0		incorrect	43
leychr	27	Response	252	628262	3484	2
leychr	28	Picture	234	660937	0	4	2000	7	0	1920	other	0
leychr	28	Sound	52	667917	6980	2			6980		other	0
leychr	29	Sound	64	672939	0	2			0		incorrect	47
leychr	29	Response	251	679806	6867	2
leychr	30	Picture	4	708766	0	3	2001	5	0	1920	other	0
leychr	31	Sound	61	720771	0	1			0		hit	50
leychr	31	Response	251	727945	7174	2
leychr	32	Picture	214	755262	0	3	1999	6	0	1920	other	0
leychr	32	Sound	51	759971	4709	2			4710		other	0
leychr	33	Sound	64	767255	0	2			0		hit	54
leychr	33	Response	252	774448	7193	2
leychr	34	Picture	204	802591	0	2	2000	4	0	1920	other	0
leychr	35	Sound	62	814578	0	2			0		hit	57
leychr	35	Response	251	824526	9948	1
leychr	36	Response	252	1077033	226613	2
leychr	36	Response	252	1077541	227121	2
leychr	36	Response	252	1077644	227224	1
leychr	36	Response	252	1077753	227333	2
leychr	36	Response	253	1197512	347092	3


Event Type	Code	Type	Response	RT	RT Uncertainty	Time	Uncertainty	Duration	Uncertainty	ReqTime	ReqDur

Picture	10	other				8329	3	20165	6	0	20000
Picture	10	other				28661	2	40163	4	0	40000
Picture	10	other				68991	3	40162	6	0	40000
Nothing	91	other				109160	2			0
Picture	202	other				139485	3	1999	6	0	1920
Sound	62	hit	1	3897	5	151490	3			0
Picture	1	other				186647	3	1999	6	0	1920
Sound	61	hit	1	6415	4	198633	2			0
Picture	103	other				233141	4	2000	9	0	1920
Sound	63	hit	2	4054	3	245148	1			0
Picture	204	other				280805	3	1999	7	0	1920
Sound	64	hit	2	6964	4	292800	2			0
Picture	2	other				327801	3	1999	6	0	1920
Sound	62	hit	1	4730	6	339793	2			0
Picture	103	other				374963	2	2000	4	0	1920
Sound	63	incorrect	1	11524	4	386967	3			0
Picture	123	other				422626	3	1999	6	0	1920
Sound	52	other				428715	2			6090
Sound	63	incorrect	1	5978	4	434619	2			0
Picture	3	other				469954	3	2001	5	0	1920
Sound	63	incorrect	1	4216	4	481941	2			0
Picture	14	other				516950	3	2000	6	0	1920
Sound	51	other				520300	1			3350
Sound	64	incorrect	1	6307	4	528935	2			0
Picture	3	other				564944	5	2002	8	0	1920
Sound	63	incorrect	1	4768	4	576946	2			0
Picture	101	other				612775	5	1999	8	0	1920
Sound	61	incorrect	2	3484	4	624778	2			0
Picture	234	other				660937	4	2000	7	0	1920
Sound	52	other				667917	2			6980
Sound	64	incorrect	1	6867	4	672939	2			0
Picture	4	other				708766	3	2001	5	0	1920
Sound	61	hit	1	7174	3	720771	1			0
Picture	214	other				755262	3	1999	6	0	1920
Sound	51	other				759971	2			4710
Sound	64	hit	2	7193	4	767255	2			0
Picture	204	other				802591	2	2000	4	0	1920
Sound	62	hit	1	9948	3	814578	2			0
