Scenario - 17_March_2015
Logfile written - 05/05/2017 16:19:11

Subject	Trial	Event Type	Code	Time	TTime	Uncertainty	Duration	Uncertainty	ReqTime	ReqDur	Stim Type	Pair Index

leychr	1	Response	253	5620	15288	5
leychr	2	Picture	10	5663	0	3	20164	6	0	20000	other	0
leychr	3	Picture	10	25995	0	3	40162	6	0	40000	other	0
leychr	3	Response	251	41014	15019	2
leychr	4	Picture	10	66324	0	3	40162	6	0	40000	other	0
leychr	4	Response	252	80477	14153	2
leychr	5	Nothing	91	106494	0	1			0		other	0
leychr	6	Picture	202	136984	0	3	2000	6	0	1920	other	0
leychr	7	Sound	62	148976	0	3			0		hit	10
leychr	7	Response	251	154234	5258	2
leychr	8	Picture	123	183158	0	159	1988	162	0	1920	other	0
leychr	8	Sound	52	188747	5589	2			5590		other	0
leychr	9	Sound	63	195161	0	1			0		hit	14
leychr	9	Response	252	199890	4729	3
leychr	10	Picture	12	230808	0	6	2000	11	0	1920	other	0
leychr	10	Sound	51	233567	2759	2			2760		other	0
leychr	11	Sound	62	242813	0	3			0		hit	18
leychr	11	Response	251	253513	10700	3
leychr	12	Picture	1	278472	0	5	1999	8	0	1920	other	0
leychr	13	Sound	61	290465	0	2			0		hit	21
leychr	13	Response	251	293902	3437	3
leychr	14	Picture	214	324801	0	3	1999	6	0	1920	other	0
leychr	14	Sound	51	329561	4760	1			4760		other	0
leychr	15	Sound	64	336800	0	2			0		hit	25
leychr	15	Response	252	340891	4091	2
leychr	16	Picture	224	372963	0	3	2000	8	0	1920	other	0
leychr	16	Sound	52	379003	6040	1			6040		other	0
leychr	17	Sound	64	384961	0	2			0		hit	29
leychr	17	Response	252	389157	4196	2
leychr	18	Picture	3	419458	0	3	2001	5	0	1920	other	0
leychr	19	Sound	63	431445	0	2			0		hit	32
leychr	19	Response	252	436861	5416	2
leychr	20	Picture	21	466622	0	3	1999	5	0	1920	other	0
leychr	20	Sound	52	474382	7760	1			7760		other	0
leychr	21	Sound	61	478620	0	4			0		hit	36
leychr	21	Response	251	483180	4560	2
leychr	22	Picture	2	514393	0	61	2056	64	0	1920	other	0
leychr	23	Sound	62	526391	0	2			0		hit	39
leychr	23	Response	251	533083	6692	3
leychr	24	Picture	1	562112	0	3	2000	6	0	1920	other	0
leychr	25	Sound	61	574102	0	2			0		hit	42
leychr	25	Response	251	577554	3452	2
leychr	26	Picture	204	608608	0	3	2001	5	0	1920	other	0
leychr	27	Sound	64	620588	0	3			0		hit	45
leychr	27	Response	252	624692	4104	2
leychr	28	Picture	101	655604	0	3	2000	6	0	1920	other	0
leychr	29	Sound	61	667611	0	2			0		hit	48
leychr	29	Response	251	671298	3687	2
leychr	30	Picture	101	703600	0	3	1999	6	0	1920	other	0
leychr	31	Sound	61	715592	0	2			0		hit	51
leychr	31	Response	251	723988	8396	2
leychr	32	Picture	113	749930	0	3	1999	8	0	1920	other	0
leychr	32	Sound	51	755069	5139	2			5140		other	0
leychr	33	Sound	63	761927	0	2			0		hit	55
leychr	33	Response	252	766986	5059	4
leychr	34	Picture	4	797924	0	3	2000	6	0	1920	other	0
leychr	35	Sound	64	809908	0	2			0		hit	58
leychr	35	Response	252	814121	4213	2
leychr	36	Picture	23	844421	0	5	2000	8	0	1920	other	0
leychr	36	Sound	52	851060	6639	2			6640		other	0
leychr	37	Sound	63	856423	0	2			0		hit	62
leychr	37	Response	252	861237	4814	2
leychr	38	Picture	3	892581	0	5	2002	8	0	1920	other	0
leychr	39	Sound	63	904585	0	3			0		hit	65
leychr	39	Response	252	908976	4391	2
leychr	40	Picture	22	940245	0	3	2000	5	0	1920	other	0
leychr	40	Sound	52	946155	5910	2			5910		other	0
leychr	41	Sound	62	952236	0	2			0		hit	69
leychr	41	Response	251	956005	3769	2
leychr	42	Picture	14	988408	0	2	1999	5	0	1920	other	0
leychr	42	Sound	51	992457	4049	2			4050		other	0
leychr	43	Sound	64	1000397	0	2			0		hit	73
leychr	43	Response	252	1004661	4264	2
leychr	44	Picture	4	1034903	0	3	2001	5	0	1920	other	0
leychr	45	Sound	64	1046882	0	2			0		hit	76
leychr	45	Response	252	1050714	3832	3
leychr	46	Picture	101	1081064	0	5	2002	8	0	1920	other	0
leychr	47	Sound	61	1093068	0	2			0		hit	79
leychr	47	Response	251	1096986	3918	2
leychr	48	Picture	202	1128561	0	3	2000	6	0	1920	other	0
leychr	49	Sound	62	1140540	0	3			0		hit	82
leychr	49	Response	251	1145136	4596	2
leychr	50	Picture	204	1176557	0	3	2000	6	0	1920	other	0
leychr	51	Sound	64	1188551	0	2			0		hit	85
leychr	51	Response	252	1193531	4980	2
leychr	52	Picture	2	1222884	0	5	2003	7	0	1920	other	0
leychr	53	Sound	62	1234886	0	2			0		hit	88
leychr	53	Response	251	1238544	3658	2
leychr	54	Picture	103	1269216	0	3	1999	6	0	1920	other	0
leychr	55	Sound	63	1281221	0	2			0		hit	91
leychr	55	Response	252	1285293	4072	3
leychr	56	Picture	204	1316544	0	4	2000	7	0	1920	other	0
leychr	57	Sound	64	1328544	0	2			0		hit	94
leychr	57	Response	252	1332525	3981	2
leychr	58	Picture	2	1364374	0	4	1999	7	0	1920	other	0
leychr	59	Sound	62	1376376	0	2			0		hit	97
leychr	59	Response	251	1380651	4275	2
leychr	60	Picture	1	1411869	0	3	2001	5	0	1920	other	0
leychr	61	Sound	61	1423848	0	2			0		hit	100
leychr	61	Response	251	1428543	4695	2
leychr	62	Picture	24	1459698	0	3	2000	6	0	1920	other	0
leychr	62	Sound	52	1466028	6330	1			6330		other	0
leychr	63	Sound	64	1471680	0	4			0		hit	104
leychr	63	Response	252	1476864	5184	2
leychr	64	Picture	222	1506861	0	3	1999	6	0	1920	other	0
leychr	64	Sound	52	1512520	5659	3			5660		other	0
leychr	65	Sound	62	1518854	0	3			0		hit	108
leychr	65	Response	251	1523888	5034	2
leychr	66	Picture	1	1553357	0	2	2000	4	0	1920	other	0
leychr	67	Sound	61	1565338	0	2			0		hit	111
leychr	67	Response	251	1569869	4531	2
leychr	68	Picture	204	1601017	0	8	2002	11	0	1920	other	0
leychr	69	Sound	64	1613020	0	4			0		hit	114
leychr	69	Response	252	1616538	3518	2
leychr	70	Picture	101	1649014	0	3	2000	5	0	1920	other	0
leychr	71	Sound	61	1661001	0	2			0		hit	117
leychr	71	Response	251	1664403	3402	2
leychr	72	Picture	3	1695177	0	3	2000	6	0	1920	other	0
leychr	73	Sound	63	1707157	0	2			0		hit	120
leychr	73	Response	252	1710700	3543	2
leychr	74	Picture	1	1742339	0	3	2000	6	0	1920	other	0
leychr	75	Sound	61	1754330	0	2			0		hit	123
leychr	75	Response	251	1758215	3885	2
leychr	76	Picture	204	1790168	0	3	2000	6	0	1920	other	0
leychr	77	Sound	64	1802162	0	2			0		hit	126
leychr	77	Response	252	1805641	3479	2
leychr	78	Picture	121	1836664	0	3	2000	6	0	1920	other	0
leychr	78	Sound	52	1844704	8040	2			8040		other	0
leychr	79	Sound	61	1848646	0	2			0		hit	130
leychr	79	Response	251	1852891	4245	2
leychr	80	Picture	4	1883493	0	3	2000	7	0	1920	other	0
leychr	81	Sound	64	1895490	0	4			0		hit	133
leychr	81	Response	252	1898411	2921	3
leychr	82	Picture	2	1931320	0	5	2002	8	0	1920	other	0
leychr	83	Sound	62	1943322	0	2			0		hit	136
leychr	83	Response	251	1945956	2634	4
leychr	84	Picture	2	1977651	0	3	2000	6	0	1920	other	0
leychr	85	Sound	62	1989657	0	2			0		incorrect	139
leychr	85	Response	252	1992172	2515	4
leychr	85	Response	251	1995882	6225	2
leychr	86	Picture	202	2025294	0	26	2018	33	0	1920	other	0
leychr	87	Sound	62	2037279	0	2			0		hit	143
leychr	87	Response	251	2042234	4955	2
leychr	88	Picture	212	2072809	0	5	2000	8	0	1920	other	0
leychr	88	Sound	51	2077690	4881	2			4880		other	0
leychr	89	Sound	62	2084811	0	2			0		hit	147
leychr	89	Response	251	2088164	3353	2
leychr	90	Picture	3	2119472	0	5	2000	8	0	1920	other	0
leychr	91	Sound	63	2131476	0	2			0		hit	150
leychr	91	Response	252	2147546	16070	2
leychr	92	Picture	3	2166968	0	5	2000	9	0	1920	other	0
leychr	93	Sound	63	2178949	0	1			0		hit	153
leychr	93	Response	252	2182990	4041	4
leychr	94	Picture	101	2214130	0	3	2000	5	0	1920	other	0
leychr	95	Sound	61	2226122	0	1			0		hit	156
leychr	95	Response	251	2228526	2404	2
leychr	96	Picture	103	2262293	0	3	2000	5	0	1920	other	0
leychr	97	Sound	63	2274282	0	2			0		hit	159
leychr	97	Response	252	2279457	5175	3
leychr	98	Picture	1	2309788	0	3	2000	8	0	1920	other	0
leychr	99	Sound	61	2321785	0	2			0		hit	162
leychr	99	Response	251	2324109	2324	2
leychr	100	Picture	103	2357950	0	3	1999	8	0	1920	other	0
leychr	101	Sound	63	2369946	0	2			0		hit	165
leychr	101	Response	252	2375613	5667	2
leychr	102	Picture	4	2404446	0	3	2000	6	0	1920	other	0
leychr	103	Sound	64	2416431	0	3			0		hit	168
leychr	103	Response	252	2420463	4032	2
leychr	104	Picture	202	2452608	0	4	2001	7	0	1920	other	0
leychr	105	Sound	62	2464591	0	2			0		hit	171
leychr	105	Response	251	2468987	4396	2
leychr	106	Picture	4	2498938	0	3	2000	5	0	1920	other	0
leychr	107	Sound	64	2510927	0	1			0		hit	174
leychr	107	Response	252	2515811	4884	2
leychr	108	Picture	202	2546933	0	3	2000	6	0	1920	other	0
leychr	109	Sound	62	2558938	0	2			0		hit	177
leychr	109	Response	251	2562619	3681	2
leychr	110	Picture	11	2594929	0	2	2000	5	0	1920	other	0
leychr	110	Sound	51	2600099	5170	2			5170		other	0
leychr	111	Sound	61	2606919	0	2			0		hit	181
leychr	111	Response	251	2611476	4557	1
leychr	112	Picture	2	2642592	0	3	1999	6	0	1920	other	0
leychr	113	Sound	62	2654571	0	2			0		hit	184
leychr	113	Response	251	2658899	4328	3
leychr	114	Picture	103	2688754	0	4	2000	7	0	1920	other	0
leychr	115	Sound	63	2700757	0	1			0		hit	187
leychr	115	Response	252	2705054	4297	2
leychr	116	Picture	103	2735750	0	4	1999	7	0	1920	other	0
leychr	117	Sound	63	2747751	0	3			0		hit	190
leychr	117	Response	252	2751384	3633	3
leychr	118	Picture	3	2782577	0	5	2000	9	0	1920	other	0
leychr	119	Sound	63	2794564	0	2			0		hit	193
leychr	119	Response	252	2799352	4788	2
leychr	120	Picture	4	2829741	0	5	1999	13	0	1920	other	0
leychr	121	Sound	64	2841738	0	1			0		hit	196
leychr	121	Response	252	2846872	5134	2
leychr	122	Picture	202	2876237	0	3	2000	6	0	1920	other	0
leychr	123	Sound	62	2888222	0	2			0		hit	199
leychr	123	Response	251	2891890	3668	2
leychr	124	Picture	103	2922900	0	2	1999	5	0	1920	other	0
leychr	125	Sound	63	2934887	0	3			0		hit	202
leychr	125	Response	252	2940804	5917	2
leychr	126	Picture	111	2971062	0	2	2000	4	0	1920	other	0
leychr	126	Sound	51	2973592	2530	2			2530		other	0
leychr	127	Sound	61	2983047	0	2			0		hit	206
leychr	127	Response	251	2987160	4113	2
leychr	128	Picture	13	3018057	0	3	2000	6	0	1920	other	0
leychr	128	Sound	51	3022347	4290	2			4290		other	0
leychr	129	Sound	63	3030041	0	2			0		hit	210
leychr	129	Response	252	3034179	4138	2
leychr	130	Picture	204	3064553	0	4	2000	7	0	1920	other	0
leychr	131	Sound	64	3076556	0	2			0		hit	213
leychr	131	Response	252	3081650	5094	2
leychr	132	Picture	101	3111216	0	3	2000	6	0	1920	other	0
leychr	133	Sound	61	3123220	0	2			0		hit	216
leychr	133	Response	251	3126686	3466	2
leychr	134	Response	253	3248273	89228	6


Event Type	Code	Type	Response	RT	RT Uncertainty	Time	Uncertainty	Duration	Uncertainty	ReqTime	ReqDur

Picture	10	other				5663	3	20164	6	0	20000
Picture	10	other				25995	3	40162	6	0	40000
Picture	10	other				66324	3	40162	6	0	40000
Nothing	91	other				106494	1			0
Picture	202	other				136984	3	2000	6	0	1920
Sound	62	hit	1	5258	5	148976	3			0
Picture	123	other				183158	159	1988	162	0	1920
Sound	52	other				188747	2			5590
Sound	63	hit	2	4729	4	195161	1			0
Picture	12	other				230808	6	2000	11	0	1920
Sound	51	other				233567	2			2760
Sound	62	hit	1	10700	6	242813	3			0
Picture	1	other				278472	5	1999	8	0	1920
Sound	61	hit	1	3437	5	290465	2			0
Picture	214	other				324801	3	1999	6	0	1920
Sound	51	other				329561	1			4760
Sound	64	hit	2	4091	4	336800	2			0
Picture	224	other				372963	3	2000	8	0	1920
Sound	52	other				379003	1			6040
Sound	64	hit	2	4196	4	384961	2			0
Picture	3	other				419458	3	2001	5	0	1920
Sound	63	hit	2	5416	4	431445	2			0
Picture	21	other				466622	3	1999	5	0	1920
Sound	52	other				474382	1			7760
Sound	61	hit	1	4560	6	478620	4			0
Picture	2	other				514393	61	2056	64	0	1920
Sound	62	hit	1	6692	5	526391	2			0
Picture	1	other				562112	3	2000	6	0	1920
Sound	61	hit	1	3452	4	574102	2			0
Picture	204	other				608608	3	2001	5	0	1920
Sound	64	hit	2	4104	5	620588	3			0
Picture	101	other				655604	3	2000	6	0	1920
Sound	61	hit	1	3687	4	667611	2			0
Picture	101	other				703600	3	1999	6	0	1920
Sound	61	hit	1	8396	4	715592	2			0
Picture	113	other				749930	3	1999	8	0	1920
Sound	51	other				755069	2			5140
Sound	63	hit	2	5059	6	761927	2			0
Picture	4	other				797924	3	2000	6	0	1920
Sound	64	hit	2	4213	4	809908	2			0
Picture	23	other				844421	5	2000	8	0	1920
Sound	52	other				851060	2			6640
Sound	63	hit	2	4814	4	856423	2			0
Picture	3	other				892581	5	2002	8	0	1920
Sound	63	hit	2	4391	5	904585	3			0
Picture	22	other				940245	3	2000	5	0	1920
Sound	52	other				946155	2			5910
Sound	62	hit	1	3769	4	952236	2			0
Picture	14	other				988408	2	1999	5	0	1920
Sound	51	other				992457	2			4050
Sound	64	hit	2	4264	4	1000397	2			0
Picture	4	other				1034903	3	2001	5	0	1920
Sound	64	hit	2	3832	5	1046882	2			0
Picture	101	other				1081064	5	2002	8	0	1920
Sound	61	hit	1	3918	4	1093068	2			0
Picture	202	other				1128561	3	2000	6	0	1920
Sound	62	hit	1	4596	5	1140540	3			0
Picture	204	other				1176557	3	2000	6	0	1920
Sound	64	hit	2	4980	4	1188551	2			0
Picture	2	other				1222884	5	2003	7	0	1920
Sound	62	hit	1	3658	4	1234886	2			0
Picture	103	other				1269216	3	1999	6	0	1920
Sound	63	hit	2	4072	5	1281221	2			0
Picture	204	other				1316544	4	2000	7	0	1920
Sound	64	hit	2	3981	4	1328544	2			0
Picture	2	other				1364374	4	1999	7	0	1920
Sound	62	hit	1	4275	4	1376376	2			0
Picture	1	other				1411869	3	2001	5	0	1920
Sound	61	hit	1	4695	4	1423848	2			0
Picture	24	other				1459698	3	2000	6	0	1920
Sound	52	other				1466028	1			6330
Sound	64	hit	2	5184	6	1471680	4			0
Picture	222	other				1506861	3	1999	6	0	1920
Sound	52	other				1512520	3			5660
Sound	62	hit	1	5034	5	1518854	3			0
Picture	1	other				1553357	2	2000	4	0	1920
Sound	61	hit	1	4531	4	1565338	2			0
Picture	204	other				1601017	8	2002	11	0	1920
Sound	64	hit	2	3518	6	1613020	4			0
Picture	101	other				1649014	3	2000	5	0	1920
Sound	61	hit	1	3402	4	1661001	2			0
Picture	3	other				1695177	3	2000	6	0	1920
Sound	63	hit	2	3543	4	1707157	2			0
Picture	1	other				1742339	3	2000	6	0	1920
Sound	61	hit	1	3885	4	1754330	2			0
Picture	204	other				1790168	3	2000	6	0	1920
Sound	64	hit	2	3479	4	1802162	2			0
Picture	121	other				1836664	3	2000	6	0	1920
Sound	52	other				1844704	2			8040
Sound	61	hit	1	4245	4	1848646	2			0
Picture	4	other				1883493	3	2000	7	0	1920
Sound	64	hit	2	2921	7	1895490	4			0
Picture	2	other				1931320	5	2002	8	0	1920
Sound	62	hit	1	2634	6	1943322	2			0
Picture	2	other				1977651	3	2000	6	0	1920
Sound	62	incorrect	2	2515	6	1989657	2			0
Picture	202	other				2025294	26	2018	33	0	1920
Sound	62	hit	1	4955	4	2037279	2			0
Picture	212	other				2072809	5	2000	8	0	1920
Sound	51	other				2077690	2			4880
Sound	62	hit	1	3353	4	2084811	2			0
Picture	3	other				2119472	5	2000	8	0	1920
Sound	63	hit	2	16070	4	2131476	2			0
Picture	3	other				2166968	5	2000	9	0	1920
Sound	63	hit	2	4041	5	2178949	1			0
Picture	101	other				2214130	3	2000	5	0	1920
Sound	61	hit	1	2404	3	2226122	1			0
Picture	103	other				2262293	3	2000	5	0	1920
Sound	63	hit	2	5175	5	2274282	2			0
Picture	1	other				2309788	3	2000	8	0	1920
Sound	61	hit	1	2324	4	2321785	2			0
Picture	103	other				2357950	3	1999	8	0	1920
Sound	63	hit	2	5667	4	2369946	2			0
Picture	4	other				2404446	3	2000	6	0	1920
Sound	64	hit	2	4032	5	2416431	3			0
Picture	202	other				2452608	4	2001	7	0	1920
Sound	62	hit	1	4396	4	2464591	2			0
Picture	4	other				2498938	3	2000	5	0	1920
Sound	64	hit	2	4884	3	2510927	1			0
Picture	202	other				2546933	3	2000	6	0	1920
Sound	62	hit	1	3681	4	2558938	2			0
Picture	11	other				2594929	2	2000	5	0	1920
Sound	51	other				2600099	2			5170
Sound	61	hit	1	4557	3	2606919	2			0
Picture	2	other				2642592	3	1999	6	0	1920
Sound	62	hit	1	4328	5	2654571	2			0
Picture	103	other				2688754	4	2000	7	0	1920
Sound	63	hit	2	4297	3	2700757	1			0
Picture	103	other				2735750	4	1999	7	0	1920
Sound	63	hit	2	3633	6	2747751	3			0
Picture	3	other				2782577	5	2000	9	0	1920
Sound	63	hit	2	4788	4	2794564	2			0
Picture	4	other				2829741	5	1999	13	0	1920
Sound	64	hit	2	5134	3	2841738	1			0
Picture	202	other				2876237	3	2000	6	0	1920
Sound	62	hit	1	3668	4	2888222	2			0
Picture	103	other				2922900	2	1999	5	0	1920
Sound	63	hit	2	5917	5	2934887	3			0
Picture	111	other				2971062	2	2000	4	0	1920
Sound	51	other				2973592	2			2530
Sound	61	hit	1	4113	4	2983047	2			0
Picture	13	other				3018057	3	2000	6	0	1920
Sound	51	other				3022347	2			4290
Sound	63	hit	2	4138	4	3030041	2			0
Picture	204	other				3064553	4	2000	7	0	1920
Sound	64	hit	2	5094	4	3076556	2			0
Picture	101	other				3111216	3	2000	6	0	1920
Sound	61	hit	1	3466	4	3123220	2			0

The following output port codes were not sent because of a conflict on the port.
Port	Code	Time(ms)
1	90	566.5
